[2025-04-11T08:18:25.186+0000] {taskinstance.py:1956} INFO - Dependencies all met for dep_context=non-requeueable deps ti=<TaskInstance: etl_pipeline_modo_prueba.transform_lastfm manual__2025-04-11T08:12:16.947734+00:00 [queued]>
[2025-04-11T08:18:25.195+0000] {taskinstance.py:1956} INFO - Dependencies all met for dep_context=requeueable deps ti=<TaskInstance: etl_pipeline_modo_prueba.transform_lastfm manual__2025-04-11T08:12:16.947734+00:00 [queued]>
[2025-04-11T08:18:25.196+0000] {taskinstance.py:2170} INFO - Starting attempt 1 of 2
[2025-04-11T08:18:25.234+0000] {taskinstance.py:2191} INFO - Executing <Task(BashOperator): transform_lastfm> on 2025-04-11 08:12:16.947734+00:00
[2025-04-11T08:18:25.240+0000] {standard_task_runner.py:60} INFO - Started process 155 to run task
[2025-04-11T08:18:25.243+0000] {standard_task_runner.py:87} INFO - Running: ['***', 'tasks', 'run', 'etl_pipeline_modo_prueba', 'transform_lastfm', 'manual__2025-04-11T08:12:16.947734+00:00', '--job-id', '482', '--raw', '--subdir', 'DAGS_FOLDER/etl_workflow.py', '--cfg-path', '/tmp/tmp3zmyn7_u']
[2025-04-11T08:18:25.244+0000] {standard_task_runner.py:88} INFO - Job 482: Subtask transform_lastfm
[2025-04-11T08:18:25.319+0000] {task_command.py:423} INFO - Running <TaskInstance: etl_pipeline_modo_prueba.transform_lastfm manual__2025-04-11T08:12:16.947734+00:00 [running]> on host b1a5844509db
[2025-04-11T08:18:25.497+0000] {taskinstance.py:2480} INFO - Exporting env vars: AIRFLOW_CTX_DAG_OWNER='simon' AIRFLOW_CTX_DAG_ID='etl_pipeline_modo_prueba' AIRFLOW_CTX_TASK_ID='transform_lastfm' AIRFLOW_CTX_EXECUTION_DATE='2025-04-11T08:12:16.947734+00:00' AIRFLOW_CTX_TRY_NUMBER='1' AIRFLOW_CTX_DAG_RUN_ID='manual__2025-04-11T08:12:16.947734+00:00'
[2025-04-11T08:18:25.499+0000] {subprocess.py:63} INFO - Tmp dir root location: /tmp
[2025-04-11T08:18:25.500+0000] {subprocess.py:75} INFO - Running command: ['/usr/bin/bash', '-c', 'python3 /opt/***/scripts/transform_lastfm.py']
[2025-04-11T08:18:25.512+0000] {subprocess.py:86} INFO - Output:
[2025-04-11T08:18:26.031+0000] {subprocess.py:93} INFO - ✅ Last.fm transformado guardado en /opt/***/data/processed/lastfm_transformed.parquet
[2025-04-11T08:18:26.032+0000] {subprocess.py:93} INFO -                             artist  ...                                               tags
[2025-04-11T08:18:26.032+0000] {subprocess.py:93} INFO - 0                       Little Mix  ...  pop, british, female vocalists, Girl Groups, d...
[2025-04-11T08:18:26.032+0000] {subprocess.py:93} INFO - 1                       Opium Moon  ...                contemporary classical, World Music
[2025-04-11T08:18:26.032+0000] {subprocess.py:93} INFO - 2    Elvis Costello  The Imposters  ...
[2025-04-11T08:18:26.032+0000] {subprocess.py:93} INFO - 3                              Mia  ...            german, electronic, deutsch, pop, indie
[2025-04-11T08:18:26.032+0000] {subprocess.py:93} INFO - 4            Terri Lyne Carrington  ...     jazz, Fusion, seen live, female drummer, drums
[2025-04-11T08:18:26.033+0000] {subprocess.py:93} INFO - ..                             ...  ...                                                ...
[2025-04-11T08:18:26.033+0000] {subprocess.py:93} INFO - 783               Brothers Osborne  ...    country, country rock, seen live, USA, american
[2025-04-11T08:18:26.033+0000] {subprocess.py:93} INFO - 784                        Beyonce  ...      rnb, pop, beyonce, female vocalists, american
[2025-04-11T08:18:26.033+0000] {subprocess.py:93} INFO - 785                      Sam Smith  ...          soul, pop, british, electronic, seen live
[2025-04-11T08:18:26.033+0000] {subprocess.py:93} INFO - 786                Lady Antebellum  ...  country, modern country, country pop, lady ant...
[2025-04-11T08:18:26.033+0000] {subprocess.py:93} INFO - 787                 William Murphy  ...  gospel, worship, praise & worship, William Mur...
[2025-04-11T08:18:26.033+0000] {subprocess.py:93} INFO - 
[2025-04-11T08:18:26.034+0000] {subprocess.py:93} INFO - [788 rows x 5 columns]
[2025-04-11T08:18:26.113+0000] {subprocess.py:97} INFO - Command exited with return code 0
[2025-04-11T08:18:26.172+0000] {taskinstance.py:1138} INFO - Marking task as SUCCESS. dag_id=etl_pipeline_modo_prueba, task_id=transform_lastfm, execution_date=20250411T081216, start_date=20250411T081825, end_date=20250411T081826
[2025-04-11T08:18:26.257+0000] {local_task_job_runner.py:234} INFO - Task exited with return code 0
[2025-04-11T08:18:26.286+0000] {taskinstance.py:3280} INFO - 1 downstream tasks scheduled from follow-on schedule check
