[2025-04-10T18:50:35.684+0000] {taskinstance.py:1956} INFO - Dependencies all met for dep_context=non-requeueable deps ti=<TaskInstance: etl_pipeline_modo_prueba.transform_lastfm manual__2025-04-10T18:44:20.185742+00:00 [queued]>
[2025-04-10T18:50:35.694+0000] {taskinstance.py:1956} INFO - Dependencies all met for dep_context=requeueable deps ti=<TaskInstance: etl_pipeline_modo_prueba.transform_lastfm manual__2025-04-10T18:44:20.185742+00:00 [queued]>
[2025-04-10T18:50:35.694+0000] {taskinstance.py:2170} INFO - Starting attempt 1 of 2
[2025-04-10T18:50:35.740+0000] {taskinstance.py:2191} INFO - Executing <Task(BashOperator): transform_lastfm> on 2025-04-10 18:44:20.185742+00:00
[2025-04-10T18:50:35.746+0000] {standard_task_runner.py:60} INFO - Started process 159 to run task
[2025-04-10T18:50:35.749+0000] {standard_task_runner.py:87} INFO - Running: ['***', 'tasks', 'run', 'etl_pipeline_modo_prueba', 'transform_lastfm', 'manual__2025-04-10T18:44:20.185742+00:00', '--job-id', '315', '--raw', '--subdir', 'DAGS_FOLDER/etl_workflow.py', '--cfg-path', '/tmp/tmpt6yca3ug']
[2025-04-10T18:50:35.750+0000] {standard_task_runner.py:88} INFO - Job 315: Subtask transform_lastfm
[2025-04-10T18:50:35.846+0000] {task_command.py:423} INFO - Running <TaskInstance: etl_pipeline_modo_prueba.transform_lastfm manual__2025-04-10T18:44:20.185742+00:00 [running]> on host e36a3d8afc16
[2025-04-10T18:50:35.996+0000] {taskinstance.py:2480} INFO - Exporting env vars: AIRFLOW_CTX_DAG_OWNER='simon' AIRFLOW_CTX_DAG_ID='etl_pipeline_modo_prueba' AIRFLOW_CTX_TASK_ID='transform_lastfm' AIRFLOW_CTX_EXECUTION_DATE='2025-04-10T18:44:20.185742+00:00' AIRFLOW_CTX_TRY_NUMBER='1' AIRFLOW_CTX_DAG_RUN_ID='manual__2025-04-10T18:44:20.185742+00:00'
[2025-04-10T18:50:35.998+0000] {subprocess.py:63} INFO - Tmp dir root location: /tmp
[2025-04-10T18:50:35.998+0000] {subprocess.py:75} INFO - Running command: ['/usr/bin/bash', '-c', 'python3 /opt/***/scripts/transform_lastfm.py']
[2025-04-10T18:50:36.010+0000] {subprocess.py:86} INFO - Output:
[2025-04-10T18:50:36.569+0000] {subprocess.py:93} INFO - ✅ Last.fm transformado guardado en /opt/***/data/processed/lastfm_transformed.parquet
[2025-04-10T18:50:36.570+0000] {subprocess.py:93} INFO -                                      artist  ...                                               tags
[2025-04-10T18:50:36.571+0000] {subprocess.py:93} INFO - 0    Nathalie Joachim with Spektral Quartet  ...
[2025-04-10T18:50:36.571+0000] {subprocess.py:93} INFO - 1                              Brad Mehldau  ...  jazz, piano, jazz piano, contemporary jazz, in...
[2025-04-10T18:50:36.571+0000] {subprocess.py:93} INFO - 2                           Vanessa Carlton  ...  pop, female vocalists, piano, singer-songwrite...
[2025-04-10T18:50:36.572+0000] {subprocess.py:93} INFO - 3                              Depeche Mode  ...     electronic, new wave, 80s, synthpop, synth pop
[2025-04-10T18:50:36.572+0000] {subprocess.py:93} INFO - 4                             Alec Benjamin  ...         pop, american, indie pop, seen live, indie
[2025-04-10T18:50:36.572+0000] {subprocess.py:93} INFO - ..                                      ...  ...                                                ...
[2025-04-10T18:50:36.572+0000] {subprocess.py:93} INFO - 784                                  Camilo  ...     pop, latin, latin pop, treble, Colombian Stuff
[2025-04-10T18:50:36.572+0000] {subprocess.py:93} INFO - 785                                  Ruth B  ...  pop, piano, Canadian, seen live, female vocalists
[2025-04-10T18:50:36.572+0000] {subprocess.py:93} INFO - 786                    Bring Me the Horizon  ...     deathcore, metalcore, hardcore, screamo, metal
[2025-04-10T18:50:36.573+0000] {subprocess.py:93} INFO - 787                                   Lorde  ...     pop, indie pop, electronic, indie, New Zealand
[2025-04-10T18:50:36.573+0000] {subprocess.py:93} INFO - 788                           Megan Moroney  ...          country, USA, georgia, modern country pop
[2025-04-10T18:50:36.573+0000] {subprocess.py:93} INFO - 
[2025-04-10T18:50:36.573+0000] {subprocess.py:93} INFO - [789 rows x 5 columns]
[2025-04-10T18:50:36.653+0000] {subprocess.py:97} INFO - Command exited with return code 0
[2025-04-10T18:50:36.846+0000] {taskinstance.py:1138} INFO - Marking task as SUCCESS. dag_id=etl_pipeline_modo_prueba, task_id=transform_lastfm, execution_date=20250410T184420, start_date=20250410T185035, end_date=20250410T185036
[2025-04-10T18:50:36.926+0000] {local_task_job_runner.py:234} INFO - Task exited with return code 0
[2025-04-10T18:50:36.957+0000] {taskinstance.py:3280} INFO - 1 downstream tasks scheduled from follow-on schedule check
