[2025-04-11T08:12:22.651+0000] {taskinstance.py:1956} INFO - Dependencies all met for dep_context=non-requeueable deps ti=<TaskInstance: etl_pipeline_modo_prueba.transform_grammy manual__2025-04-11T08:12:16.947734+00:00 [queued]>
[2025-04-11T08:12:22.662+0000] {taskinstance.py:1956} INFO - Dependencies all met for dep_context=requeueable deps ti=<TaskInstance: etl_pipeline_modo_prueba.transform_grammy manual__2025-04-11T08:12:16.947734+00:00 [queued]>
[2025-04-11T08:12:22.662+0000] {taskinstance.py:2170} INFO - Starting attempt 1 of 2
[2025-04-11T08:12:22.693+0000] {taskinstance.py:2191} INFO - Executing <Task(BashOperator): transform_grammy> on 2025-04-11 08:12:16.947734+00:00
[2025-04-11T08:12:22.699+0000] {standard_task_runner.py:60} INFO - Started process 104 to run task
[2025-04-11T08:12:22.703+0000] {standard_task_runner.py:87} INFO - Running: ['***', 'tasks', 'run', 'etl_pipeline_modo_prueba', 'transform_grammy', 'manual__2025-04-11T08:12:16.947734+00:00', '--job-id', '480', '--raw', '--subdir', 'DAGS_FOLDER/etl_workflow.py', '--cfg-path', '/tmp/tmpyg0zcvty']
[2025-04-11T08:12:22.704+0000] {standard_task_runner.py:88} INFO - Job 480: Subtask transform_grammy
[2025-04-11T08:12:22.785+0000] {task_command.py:423} INFO - Running <TaskInstance: etl_pipeline_modo_prueba.transform_grammy manual__2025-04-11T08:12:16.947734+00:00 [running]> on host b1a5844509db
[2025-04-11T08:12:22.992+0000] {taskinstance.py:2480} INFO - Exporting env vars: AIRFLOW_CTX_DAG_OWNER='simon' AIRFLOW_CTX_DAG_ID='etl_pipeline_modo_prueba' AIRFLOW_CTX_TASK_ID='transform_grammy' AIRFLOW_CTX_EXECUTION_DATE='2025-04-11T08:12:16.947734+00:00' AIRFLOW_CTX_TRY_NUMBER='1' AIRFLOW_CTX_DAG_RUN_ID='manual__2025-04-11T08:12:16.947734+00:00'
[2025-04-11T08:12:22.994+0000] {subprocess.py:63} INFO - Tmp dir root location: /tmp
[2025-04-11T08:12:22.995+0000] {subprocess.py:75} INFO - Running command: ['/usr/bin/bash', '-c', 'python3 /opt/***/scripts/transform_grammy.py']
[2025-04-11T08:12:23.007+0000] {subprocess.py:86} INFO - Output:
[2025-04-11T08:12:23.548+0000] {subprocess.py:93} INFO - ✅ Grammy transformado guardado en /opt/***/data/processed/grammy_transformed.parquet
[2025-04-11T08:12:23.549+0000] {subprocess.py:93} INFO -                                 artist_normalized  ... grammy_nominations
[2025-04-11T08:12:23.549+0000] {subprocess.py:93} INFO - 0                                       21 savage  ...                  1
[2025-04-11T08:12:23.549+0000] {subprocess.py:93} INFO - 1       a great big world with christina aguilera  ...                  1
[2025-04-11T08:12:23.549+0000] {subprocess.py:93} INFO - 2                                           adele  ...                  6
[2025-04-11T08:12:23.549+0000] {subprocess.py:93} INFO - 3    adele adkins  paul epworth songwriters adele  ...                  1
[2025-04-11T08:12:23.550+0000] {subprocess.py:93} INFO - 4                                     aida cuevas  ...                  1
[2025-04-11T08:12:23.550+0000] {subprocess.py:93} INFO - ..                                            ...  ...                ...
[2025-04-11T08:12:23.550+0000] {subprocess.py:93} INFO - 536                  zac brown band  alan jackson  ...                  1
[2025-04-11T08:12:23.550+0000] {subprocess.py:93} INFO - 537                                 zach williams  ...                  1
[2025-04-11T08:12:23.550+0000] {subprocess.py:93} INFO - 538                          zedd featuring foxes  ...                  1
[2025-04-11T08:12:23.550+0000] {subprocess.py:93} INFO - 539                                  ziggy marley  ...                  3
[2025-04-11T08:12:23.550+0000] {subprocess.py:93} INFO - 540                                           zoe  ...                  1
[2025-04-11T08:12:23.551+0000] {subprocess.py:93} INFO - 
[2025-04-11T08:12:23.551+0000] {subprocess.py:93} INFO - [541 rows x 6 columns]
[2025-04-11T08:12:23.645+0000] {subprocess.py:97} INFO - Command exited with return code 0
[2025-04-11T08:12:23.705+0000] {taskinstance.py:1138} INFO - Marking task as SUCCESS. dag_id=etl_pipeline_modo_prueba, task_id=transform_grammy, execution_date=20250411T081216, start_date=20250411T081222, end_date=20250411T081223
[2025-04-11T08:12:23.798+0000] {local_task_job_runner.py:234} INFO - Task exited with return code 0
[2025-04-11T08:12:23.828+0000] {taskinstance.py:3280} INFO - 0 downstream tasks scheduled from follow-on schedule check
