[2025-04-09T15:26:57.060+0000] {taskinstance.py:1956} INFO - Dependencies all met for dep_context=non-requeueable deps ti=<TaskInstance: etl_pipeline_modo_prueba.extract_spotify manual__2025-04-09T15:26:54.720180+00:00 [queued]>
[2025-04-09T15:26:57.073+0000] {taskinstance.py:1956} INFO - Dependencies all met for dep_context=requeueable deps ti=<TaskInstance: etl_pipeline_modo_prueba.extract_spotify manual__2025-04-09T15:26:54.720180+00:00 [queued]>
[2025-04-09T15:26:57.073+0000] {taskinstance.py:2170} INFO - Starting attempt 1 of 2
[2025-04-09T15:26:57.126+0000] {taskinstance.py:2191} INFO - Executing <Task(BashOperator): extract_spotify> on 2025-04-09 15:26:54.720180+00:00
[2025-04-09T15:26:57.132+0000] {standard_task_runner.py:60} INFO - Started process 54 to run task
[2025-04-09T15:26:57.135+0000] {standard_task_runner.py:87} INFO - Running: ['***', 'tasks', 'run', 'etl_pipeline_modo_prueba', 'extract_spotify', 'manual__2025-04-09T15:26:54.720180+00:00', '--job-id', '123', '--raw', '--subdir', 'DAGS_FOLDER/etl_workflow.py', '--cfg-path', '/tmp/tmprjjpyyjz']
[2025-04-09T15:26:57.136+0000] {standard_task_runner.py:88} INFO - Job 123: Subtask extract_spotify
[2025-04-09T15:26:57.227+0000] {task_command.py:423} INFO - Running <TaskInstance: etl_pipeline_modo_prueba.extract_spotify manual__2025-04-09T15:26:54.720180+00:00 [running]> on host f6eb19ebacef
[2025-04-09T15:26:57.455+0000] {taskinstance.py:2480} INFO - Exporting env vars: AIRFLOW_CTX_DAG_OWNER='simon' AIRFLOW_CTX_DAG_ID='etl_pipeline_modo_prueba' AIRFLOW_CTX_TASK_ID='extract_spotify' AIRFLOW_CTX_EXECUTION_DATE='2025-04-09T15:26:54.720180+00:00' AIRFLOW_CTX_TRY_NUMBER='1' AIRFLOW_CTX_DAG_RUN_ID='manual__2025-04-09T15:26:54.720180+00:00'
[2025-04-09T15:26:57.456+0000] {subprocess.py:63} INFO - Tmp dir root location: /tmp
[2025-04-09T15:26:57.457+0000] {subprocess.py:75} INFO - Running command: ['/usr/bin/bash', '-c', 'python3 /opt/***/scripts/extract_spotify.py']
[2025-04-09T15:26:57.477+0000] {subprocess.py:86} INFO - Output:
[2025-04-09T15:27:04.033+0000] {subprocess.py:93} INFO - ✅ Spotify guardado en /opt/***/data/processed/spotify.parquet
[2025-04-09T15:27:04.034+0000] {subprocess.py:93} INFO -         Unnamed: 0                track_id  ... time_signature  track_genre
[2025-04-09T15:27:04.034+0000] {subprocess.py:93} INFO - 0                0  5SuOikwiRyPMVoIQDJUgSV  ...              4     acoustic
[2025-04-09T15:27:04.035+0000] {subprocess.py:93} INFO - 1                1  4qPNDBW1i3p13qLCt0Ki3A  ...              4     acoustic
[2025-04-09T15:27:04.037+0000] {subprocess.py:93} INFO - 2                2  1iJBSr7s7jYXzM8EGcbK5b  ...              4     acoustic
[2025-04-09T15:27:04.037+0000] {subprocess.py:93} INFO - 3                3  6lfxq3CG4xtTiEg7opyCyx  ...              3     acoustic
[2025-04-09T15:27:04.038+0000] {subprocess.py:93} INFO - 4                4  5vjLSffimiIP26QG5WcN2K  ...              4     acoustic
[2025-04-09T15:27:04.038+0000] {subprocess.py:93} INFO - ...            ...                     ...  ...            ...          ...
[2025-04-09T15:27:04.039+0000] {subprocess.py:93} INFO - 113995      113995  2C3TZjDRiAzdyViavDJ217  ...              5  world-music
[2025-04-09T15:27:04.039+0000] {subprocess.py:93} INFO - 113996      113996  1hIz5L4IB9hN3WRYPOCGPw  ...              4  world-music
[2025-04-09T15:27:04.040+0000] {subprocess.py:93} INFO - 113997      113997  6x8ZfSoqDjuNa5SVP5QjvX  ...              4  world-music
[2025-04-09T15:27:04.040+0000] {subprocess.py:93} INFO - 113998      113998  2e6sXL2bYv4bSz6VTdnfLs  ...              4  world-music
[2025-04-09T15:27:04.041+0000] {subprocess.py:93} INFO - 113999      113999  2hETkH7cOfqmz3LqZDHZf5  ...              4  world-music
[2025-04-09T15:27:04.041+0000] {subprocess.py:93} INFO - 
[2025-04-09T15:27:04.042+0000] {subprocess.py:93} INFO - [114000 rows x 21 columns]
[2025-04-09T15:27:04.157+0000] {subprocess.py:97} INFO - Command exited with return code 0
[2025-04-09T15:27:04.247+0000] {taskinstance.py:1138} INFO - Marking task as SUCCESS. dag_id=etl_pipeline_modo_prueba, task_id=extract_spotify, execution_date=20250409T152654, start_date=20250409T152657, end_date=20250409T152704
[2025-04-09T15:27:04.340+0000] {local_task_job_runner.py:234} INFO - Task exited with return code 0
[2025-04-09T15:27:04.371+0000] {taskinstance.py:3280} INFO - 1 downstream tasks scheduled from follow-on schedule check
