[2025-04-10T16:59:47.463+0000] {taskinstance.py:1956} INFO - Dependencies all met for dep_context=non-requeueable deps ti=<TaskInstance: etl_pipeline_modo_prueba.extract_spotify manual__2025-04-10T16:59:45.596665+00:00 [queued]>
[2025-04-10T16:59:47.478+0000] {taskinstance.py:1956} INFO - Dependencies all met for dep_context=requeueable deps ti=<TaskInstance: etl_pipeline_modo_prueba.extract_spotify manual__2025-04-10T16:59:45.596665+00:00 [queued]>
[2025-04-10T16:59:47.478+0000] {taskinstance.py:2170} INFO - Starting attempt 1 of 2
[2025-04-10T16:59:47.585+0000] {taskinstance.py:2191} INFO - Executing <Task(BashOperator): extract_spotify> on 2025-04-10 16:59:45.596665+00:00
[2025-04-10T16:59:47.592+0000] {standard_task_runner.py:60} INFO - Started process 55 to run task
[2025-04-10T16:59:47.599+0000] {standard_task_runner.py:87} INFO - Running: ['***', 'tasks', 'run', 'etl_pipeline_modo_prueba', 'extract_spotify', 'manual__2025-04-10T16:59:45.596665+00:00', '--job-id', '266', '--raw', '--subdir', 'DAGS_FOLDER/etl_workflow.py', '--cfg-path', '/tmp/tmp1xd03zl0']
[2025-04-10T16:59:47.600+0000] {standard_task_runner.py:88} INFO - Job 266: Subtask extract_spotify
[2025-04-10T16:59:47.713+0000] {task_command.py:423} INFO - Running <TaskInstance: etl_pipeline_modo_prueba.extract_spotify manual__2025-04-10T16:59:45.596665+00:00 [running]> on host 7e81c16d07af
[2025-04-10T16:59:48.007+0000] {taskinstance.py:2480} INFO - Exporting env vars: AIRFLOW_CTX_DAG_OWNER='simon' AIRFLOW_CTX_DAG_ID='etl_pipeline_modo_prueba' AIRFLOW_CTX_TASK_ID='extract_spotify' AIRFLOW_CTX_EXECUTION_DATE='2025-04-10T16:59:45.596665+00:00' AIRFLOW_CTX_TRY_NUMBER='1' AIRFLOW_CTX_DAG_RUN_ID='manual__2025-04-10T16:59:45.596665+00:00'
[2025-04-10T16:59:48.009+0000] {subprocess.py:63} INFO - Tmp dir root location: /tmp
[2025-04-10T16:59:48.010+0000] {subprocess.py:75} INFO - Running command: ['/usr/bin/bash', '-c', 'python3 /opt/***/scripts/extract_spotify.py']
[2025-04-10T16:59:48.027+0000] {subprocess.py:86} INFO - Output:
[2025-04-10T16:59:50.664+0000] {subprocess.py:93} INFO - ✅ Spotify guardado en /opt/***/data/processed/spotify.parquet
[2025-04-10T16:59:50.665+0000] {subprocess.py:93} INFO -        Unnamed: 0  ...  artist_normalized
[2025-04-10T16:59:50.665+0000] {subprocess.py:93} INFO - 20001       20001  ...          sam smith
[2025-04-10T16:59:50.665+0000] {subprocess.py:93} INFO - 81051       81051  ...          sam smith
[2025-04-10T16:59:50.665+0000] {subprocess.py:93} INFO - 51664       51664  ...           bizarrap
[2025-04-10T16:59:50.665+0000] {subprocess.py:93} INFO - 81210       81210  ...       david guetta
[2025-04-10T16:59:50.666+0000] {subprocess.py:93} INFO - 89411       89411  ...      manuel turizo
[2025-04-10T16:59:50.666+0000] {subprocess.py:93} INFO - ...           ...  ...                ...
[2025-04-10T16:59:50.666+0000] {subprocess.py:93} INFO - 91766       91766  ...       guns n roses
[2025-04-10T16:59:50.666+0000] {subprocess.py:93} INFO - 8001         8001  ...  cage the elephant
[2025-04-10T16:59:50.666+0000] {subprocess.py:93} INFO - 91765       91765  ...       guns n roses
[2025-04-10T16:59:50.666+0000] {subprocess.py:93} INFO - 2259         2259  ...            nirvana
[2025-04-10T16:59:50.666+0000] {subprocess.py:93} INFO - 3001         3001  ...            amaarae
[2025-04-10T16:59:50.667+0000] {subprocess.py:93} INFO - 
[2025-04-10T16:59:50.667+0000] {subprocess.py:93} INFO - [1210 rows x 23 columns]
[2025-04-10T16:59:50.753+0000] {subprocess.py:97} INFO - Command exited with return code 0
[2025-04-10T16:59:50.942+0000] {taskinstance.py:1138} INFO - Marking task as SUCCESS. dag_id=etl_pipeline_modo_prueba, task_id=extract_spotify, execution_date=20250410T165945, start_date=20250410T165947, end_date=20250410T165950
[2025-04-10T16:59:51.106+0000] {local_task_job_runner.py:234} INFO - Task exited with return code 0
[2025-04-10T16:59:51.137+0000] {taskinstance.py:3280} INFO - 1 downstream tasks scheduled from follow-on schedule check
