[2025-04-11T03:19:55.622+0000] {taskinstance.py:1956} INFO - Dependencies all met for dep_context=non-requeueable deps ti=<TaskInstance: etl_pipeline_modo_prueba.extract_spotify manual__2025-04-11T03:19:52.328275+00:00 [queued]>
[2025-04-11T03:19:55.636+0000] {taskinstance.py:1956} INFO - Dependencies all met for dep_context=requeueable deps ti=<TaskInstance: etl_pipeline_modo_prueba.extract_spotify manual__2025-04-11T03:19:52.328275+00:00 [queued]>
[2025-04-11T03:19:55.636+0000] {taskinstance.py:2170} INFO - Starting attempt 1 of 2
[2025-04-11T03:19:55.713+0000] {taskinstance.py:2191} INFO - Executing <Task(BashOperator): extract_spotify> on 2025-04-11 03:19:52.328275+00:00
[2025-04-11T03:19:55.721+0000] {standard_task_runner.py:60} INFO - Started process 56 to run task
[2025-04-11T03:19:55.725+0000] {standard_task_runner.py:87} INFO - Running: ['***', 'tasks', 'run', 'etl_pipeline_modo_prueba', 'extract_spotify', 'manual__2025-04-11T03:19:52.328275+00:00', '--job-id', '358', '--raw', '--subdir', 'DAGS_FOLDER/etl_workflow.py', '--cfg-path', '/tmp/tmp4eps6gjf']
[2025-04-11T03:19:55.727+0000] {standard_task_runner.py:88} INFO - Job 358: Subtask extract_spotify
[2025-04-11T03:19:55.834+0000] {task_command.py:423} INFO - Running <TaskInstance: etl_pipeline_modo_prueba.extract_spotify manual__2025-04-11T03:19:52.328275+00:00 [running]> on host a42c4eec2493
[2025-04-11T03:19:56.026+0000] {taskinstance.py:2480} INFO - Exporting env vars: AIRFLOW_CTX_DAG_OWNER='simon' AIRFLOW_CTX_DAG_ID='etl_pipeline_modo_prueba' AIRFLOW_CTX_TASK_ID='extract_spotify' AIRFLOW_CTX_EXECUTION_DATE='2025-04-11T03:19:52.328275+00:00' AIRFLOW_CTX_TRY_NUMBER='1' AIRFLOW_CTX_DAG_RUN_ID='manual__2025-04-11T03:19:52.328275+00:00'
[2025-04-11T03:19:56.027+0000] {subprocess.py:63} INFO - Tmp dir root location: /tmp
[2025-04-11T03:19:56.029+0000] {subprocess.py:75} INFO - Running command: ['/usr/bin/bash', '-c', 'python3 /opt/***/scripts/extract_spotify.py']
[2025-04-11T03:19:56.047+0000] {subprocess.py:86} INFO - Output:
[2025-04-11T03:19:58.114+0000] {subprocess.py:93} INFO - ✅ Spotify guardado en /opt/***/data/processed/spotify.parquet
[2025-04-11T03:19:58.116+0000] {subprocess.py:93} INFO -              artists artist_normalized
[2025-04-11T03:19:58.116+0000] {subprocess.py:93} INFO - 89411  Manuel Turizo     manuel turizo
[2025-04-11T03:19:58.116+0000] {subprocess.py:93} INFO - 68303  Manuel Turizo     manuel turizo
[2025-04-11T03:19:58.117+0000] {subprocess.py:93} INFO - 88410  Manuel Turizo     manuel turizo
[2025-04-11T03:19:58.117+0000] {subprocess.py:93} INFO - 67356  Manuel Turizo     manuel turizo
[2025-04-11T03:19:58.118+0000] {subprocess.py:93} INFO - 68304      Bad Bunny         bad bunny
[2025-04-11T03:19:58.118+0000] {subprocess.py:93} INFO - ...              ...               ...
[2025-04-11T03:19:58.118+0000] {subprocess.py:93} INFO - 2304          Pixies            pixies
[2025-04-11T03:19:58.119+0000] {subprocess.py:93} INFO - 11055    The Beatles       the beatles
[2025-04-11T03:19:58.119+0000] {subprocess.py:93} INFO - 63021          Aimer             aimer
[2025-04-11T03:19:58.119+0000] {subprocess.py:93} INFO - 37908    Limp Bizkit       limp bizkit
[2025-04-11T03:19:58.119+0000] {subprocess.py:93} INFO - 39515      Rammstein         rammstein
[2025-04-11T03:19:58.119+0000] {subprocess.py:93} INFO - 
[2025-04-11T03:19:58.120+0000] {subprocess.py:93} INFO - [1210 rows x 2 columns]
[2025-04-11T03:19:58.204+0000] {subprocess.py:97} INFO - Command exited with return code 0
[2025-04-11T03:19:58.258+0000] {taskinstance.py:1138} INFO - Marking task as SUCCESS. dag_id=etl_pipeline_modo_prueba, task_id=extract_spotify, execution_date=20250411T031952, start_date=20250411T031955, end_date=20250411T031958
[2025-04-11T03:19:58.344+0000] {local_task_job_runner.py:234} INFO - Task exited with return code 0
[2025-04-11T03:19:58.373+0000] {taskinstance.py:3280} INFO - 1 downstream tasks scheduled from follow-on schedule check
