[2025-04-11T08:40:46.228+0000] {taskinstance.py:1956} INFO - Dependencies all met for dep_context=non-requeueable deps ti=<TaskInstance: etl_pipeline_modo_prueba.transform_lastfm manual__2025-04-11T08:34:36.860494+00:00 [queued]>
[2025-04-11T08:40:46.238+0000] {taskinstance.py:1956} INFO - Dependencies all met for dep_context=requeueable deps ti=<TaskInstance: etl_pipeline_modo_prueba.transform_lastfm manual__2025-04-11T08:34:36.860494+00:00 [queued]>
[2025-04-11T08:40:46.239+0000] {taskinstance.py:2170} INFO - Starting attempt 1 of 2
[2025-04-11T08:40:46.291+0000] {taskinstance.py:2191} INFO - Executing <Task(BashOperator): transform_lastfm> on 2025-04-11 08:34:36.860494+00:00
[2025-04-11T08:40:46.297+0000] {standard_task_runner.py:60} INFO - Started process 155 to run task
[2025-04-11T08:40:46.300+0000] {standard_task_runner.py:87} INFO - Running: ['***', 'tasks', 'run', 'etl_pipeline_modo_prueba', 'transform_lastfm', 'manual__2025-04-11T08:34:36.860494+00:00', '--job-id', '493', '--raw', '--subdir', 'DAGS_FOLDER/etl_workflow.py', '--cfg-path', '/tmp/tmphaehquf8']
[2025-04-11T08:40:46.301+0000] {standard_task_runner.py:88} INFO - Job 493: Subtask transform_lastfm
[2025-04-11T08:40:46.385+0000] {task_command.py:423} INFO - Running <TaskInstance: etl_pipeline_modo_prueba.transform_lastfm manual__2025-04-11T08:34:36.860494+00:00 [running]> on host 4cca4d824edf
[2025-04-11T08:40:46.592+0000] {taskinstance.py:2480} INFO - Exporting env vars: AIRFLOW_CTX_DAG_OWNER='simon' AIRFLOW_CTX_DAG_ID='etl_pipeline_modo_prueba' AIRFLOW_CTX_TASK_ID='transform_lastfm' AIRFLOW_CTX_EXECUTION_DATE='2025-04-11T08:34:36.860494+00:00' AIRFLOW_CTX_TRY_NUMBER='1' AIRFLOW_CTX_DAG_RUN_ID='manual__2025-04-11T08:34:36.860494+00:00'
[2025-04-11T08:40:46.593+0000] {subprocess.py:63} INFO - Tmp dir root location: /tmp
[2025-04-11T08:40:46.595+0000] {subprocess.py:75} INFO - Running command: ['/usr/bin/bash', '-c', 'python3 /opt/***/scripts/transform_lastfm.py']
[2025-04-11T08:40:46.607+0000] {subprocess.py:86} INFO - Output:
[2025-04-11T08:40:47.109+0000] {subprocess.py:93} INFO - ✅ Last.fm transformado guardado en /opt/***/data/processed/lastfm_transformed.parquet
[2025-04-11T08:40:47.109+0000] {subprocess.py:93} INFO -                                artist  ...                                               tags
[2025-04-11T08:40:47.110+0000] {subprocess.py:93} INFO - 0             Bob Marley  The Wailers  ...
[2025-04-11T08:40:47.110+0000] {subprocess.py:93} INFO - 1                 My Chemical Romance  ...            rock, emo, alternative, punk rock, punk
[2025-04-11T08:40:47.110+0000] {subprocess.py:93} INFO - 2             The Stanley Clarke Band  ...      jazz, Fusion, jazz fusion, instrumental, bass
[2025-04-11T08:40:47.110+0000] {subprocess.py:93} INFO - 3               Karen O  Danger Mouse  ...
[2025-04-11T08:40:47.110+0000] {subprocess.py:93} INFO - 4                   Vicente Fernandez  ...          mariachi, ranchera, spanish, All, spotify
[2025-04-11T08:40:47.110+0000] {subprocess.py:93} INFO - ..                                ...  ...                                                ...
[2025-04-11T08:40:47.110+0000] {subprocess.py:93} INFO - 784                             TWICE  ...               k-pop, Kpop, Korean, pop, girl group
[2025-04-11T08:40:47.110+0000] {subprocess.py:93} INFO - 785                      Joy Williams  ...  christian, female vocalists, pop, contemporary...
[2025-04-11T08:40:47.111+0000] {subprocess.py:93} INFO - 786  Kendrick Lamar featuring Rihanna  ...
[2025-04-11T08:40:47.111+0000] {subprocess.py:93} INFO - 787                    The Civil Wars  ...      folk, acoustic, singer-songwriter, indie, pop
[2025-04-11T08:40:47.111+0000] {subprocess.py:93} INFO - 788                             aespa  ...                 k-pop, Kpop, pop, Korean, hyperpop
[2025-04-11T08:40:47.111+0000] {subprocess.py:93} INFO - 
[2025-04-11T08:40:47.111+0000] {subprocess.py:93} INFO - [789 rows x 5 columns]
[2025-04-11T08:40:47.205+0000] {subprocess.py:97} INFO - Command exited with return code 0
[2025-04-11T08:40:47.273+0000] {taskinstance.py:1138} INFO - Marking task as SUCCESS. dag_id=etl_pipeline_modo_prueba, task_id=transform_lastfm, execution_date=20250411T083436, start_date=20250411T084046, end_date=20250411T084047
[2025-04-11T08:40:47.356+0000] {local_task_job_runner.py:234} INFO - Task exited with return code 0
[2025-04-11T08:40:47.385+0000] {taskinstance.py:3280} INFO - 1 downstream tasks scheduled from follow-on schedule check
