[2025-04-11T05:27:29.983+0000] {taskinstance.py:1956} INFO - Dependencies all met for dep_context=non-requeueable deps ti=<TaskInstance: etl_pipeline_modo_prueba.transform_lastfm manual__2025-04-11T05:21:26.276589+00:00 [queued]>
[2025-04-11T05:27:29.992+0000] {taskinstance.py:1956} INFO - Dependencies all met for dep_context=requeueable deps ti=<TaskInstance: etl_pipeline_modo_prueba.transform_lastfm manual__2025-04-11T05:21:26.276589+00:00 [queued]>
[2025-04-11T05:27:29.993+0000] {taskinstance.py:2170} INFO - Starting attempt 1 of 2
[2025-04-11T05:27:30.030+0000] {taskinstance.py:2191} INFO - Executing <Task(BashOperator): transform_lastfm> on 2025-04-11 05:21:26.276589+00:00
[2025-04-11T05:27:30.036+0000] {standard_task_runner.py:60} INFO - Started process 154 to run task
[2025-04-11T05:27:30.039+0000] {standard_task_runner.py:87} INFO - Running: ['***', 'tasks', 'run', 'etl_pipeline_modo_prueba', 'transform_lastfm', 'manual__2025-04-11T05:21:26.276589+00:00', '--job-id', '416', '--raw', '--subdir', 'DAGS_FOLDER/etl_workflow.py', '--cfg-path', '/tmp/tmpg3i6ajnu']
[2025-04-11T05:27:30.040+0000] {standard_task_runner.py:88} INFO - Job 416: Subtask transform_lastfm
[2025-04-11T05:27:30.102+0000] {task_command.py:423} INFO - Running <TaskInstance: etl_pipeline_modo_prueba.transform_lastfm manual__2025-04-11T05:21:26.276589+00:00 [running]> on host d3762c126d49
[2025-04-11T05:27:30.300+0000] {taskinstance.py:2480} INFO - Exporting env vars: AIRFLOW_CTX_DAG_OWNER='simon' AIRFLOW_CTX_DAG_ID='etl_pipeline_modo_prueba' AIRFLOW_CTX_TASK_ID='transform_lastfm' AIRFLOW_CTX_EXECUTION_DATE='2025-04-11T05:21:26.276589+00:00' AIRFLOW_CTX_TRY_NUMBER='1' AIRFLOW_CTX_DAG_RUN_ID='manual__2025-04-11T05:21:26.276589+00:00'
[2025-04-11T05:27:30.301+0000] {subprocess.py:63} INFO - Tmp dir root location: /tmp
[2025-04-11T05:27:30.302+0000] {subprocess.py:75} INFO - Running command: ['/usr/bin/bash', '-c', 'python3 /opt/***/scripts/transform_lastfm.py']
[2025-04-11T05:27:30.319+0000] {subprocess.py:86} INFO - Output:
[2025-04-11T05:27:30.852+0000] {subprocess.py:93} INFO - ✅ Last.fm transformado guardado en /opt/***/data/processed/lastfm_transformed.parquet
[2025-04-11T05:27:30.852+0000] {subprocess.py:93} INFO -                         artist  ...                                               tags
[2025-04-11T05:27:30.853+0000] {subprocess.py:93} INFO - 0             Carrie Underwood  ...  country, female vocalists, pop, American Idol,...
[2025-04-11T05:27:30.853+0000] {subprocess.py:93} INFO - 1                       Kansas  ...  classic rock, Progressive rock, rock, 70s, har...
[2025-04-11T05:27:30.853+0000] {subprocess.py:93} INFO - 2                 Jason Derulo  ...      rnb, pop, male vocalists, Jason Derulo, urban
[2025-04-11T05:27:30.854+0000] {subprocess.py:93} INFO - 3    The Wayne Shorter Quartet  ...
[2025-04-11T05:27:30.854+0000] {subprocess.py:93} INFO - 4                   Hoobastank  ...  rock, alternative rock, alternative, punk rock...
[2025-04-11T05:27:30.854+0000] {subprocess.py:93} INFO - ..                         ...  ...                                                ...
[2025-04-11T05:27:30.854+0000] {subprocess.py:93} INFO - 784             Dave Chappelle  ...   comedy, stand-up comedy, funny, seen live, humor
[2025-04-11T05:27:30.855+0000] {subprocess.py:93} INFO - 785               Sara Gazarek  ...  jazz, female vocalists, jazz vocal, female jaz...
[2025-04-11T05:27:30.855+0000] {subprocess.py:93} INFO - 786                 Kanye West  ...             Hip-Hop, rap, hip hop, rnb, Kanye West
[2025-04-11T05:27:30.855+0000] {subprocess.py:93} INFO - 787                Beach Bunny  ...  indie rock, indie pop, indie, seen live, power...
[2025-04-11T05:27:30.855+0000] {subprocess.py:93} INFO - 788           Sidhu Moose Wala  ...           Hip-Hop, hip hop, Indian, india, Punjabi
[2025-04-11T05:27:30.855+0000] {subprocess.py:93} INFO - 
[2025-04-11T05:27:30.856+0000] {subprocess.py:93} INFO - [789 rows x 5 columns]
[2025-04-11T05:27:30.951+0000] {subprocess.py:97} INFO - Command exited with return code 0
[2025-04-11T05:27:31.009+0000] {taskinstance.py:1138} INFO - Marking task as SUCCESS. dag_id=etl_pipeline_modo_prueba, task_id=transform_lastfm, execution_date=20250411T052126, start_date=20250411T052729, end_date=20250411T052731
[2025-04-11T05:27:31.093+0000] {local_task_job_runner.py:234} INFO - Task exited with return code 0
[2025-04-11T05:27:31.124+0000] {taskinstance.py:3280} INFO - 1 downstream tasks scheduled from follow-on schedule check
