[2025-04-10T18:13:40.026+0000] {taskinstance.py:1956} INFO - Dependencies all met for dep_context=non-requeueable deps ti=<TaskInstance: etl_pipeline_modo_prueba.transform_lastfm manual__2025-04-10T18:07:24.208736+00:00 [queued]>
[2025-04-10T18:13:40.035+0000] {taskinstance.py:1956} INFO - Dependencies all met for dep_context=requeueable deps ti=<TaskInstance: etl_pipeline_modo_prueba.transform_lastfm manual__2025-04-10T18:07:24.208736+00:00 [queued]>
[2025-04-10T18:13:40.035+0000] {taskinstance.py:2170} INFO - Starting attempt 1 of 2
[2025-04-10T18:13:40.075+0000] {taskinstance.py:2191} INFO - Executing <Task(BashOperator): transform_lastfm> on 2025-04-10 18:07:24.208736+00:00
[2025-04-10T18:13:40.081+0000] {standard_task_runner.py:60} INFO - Started process 158 to run task
[2025-04-10T18:13:40.084+0000] {standard_task_runner.py:87} INFO - Running: ['***', 'tasks', 'run', 'etl_pipeline_modo_prueba', 'transform_lastfm', 'manual__2025-04-10T18:07:24.208736+00:00', '--job-id', '304', '--raw', '--subdir', 'DAGS_FOLDER/etl_workflow.py', '--cfg-path', '/tmp/tmpvxhe7s1v']
[2025-04-10T18:13:40.086+0000] {standard_task_runner.py:88} INFO - Job 304: Subtask transform_lastfm
[2025-04-10T18:13:40.166+0000] {task_command.py:423} INFO - Running <TaskInstance: etl_pipeline_modo_prueba.transform_lastfm manual__2025-04-10T18:07:24.208736+00:00 [running]> on host af6fcbf12305
[2025-04-10T18:13:40.322+0000] {taskinstance.py:2480} INFO - Exporting env vars: AIRFLOW_CTX_DAG_OWNER='simon' AIRFLOW_CTX_DAG_ID='etl_pipeline_modo_prueba' AIRFLOW_CTX_TASK_ID='transform_lastfm' AIRFLOW_CTX_EXECUTION_DATE='2025-04-10T18:07:24.208736+00:00' AIRFLOW_CTX_TRY_NUMBER='1' AIRFLOW_CTX_DAG_RUN_ID='manual__2025-04-10T18:07:24.208736+00:00'
[2025-04-10T18:13:40.323+0000] {subprocess.py:63} INFO - Tmp dir root location: /tmp
[2025-04-10T18:13:40.325+0000] {subprocess.py:75} INFO - Running command: ['/usr/bin/bash', '-c', 'python3 /opt/***/scripts/transform_lastfm.py']
[2025-04-10T18:13:40.336+0000] {subprocess.py:86} INFO - Output:
[2025-04-10T18:13:40.825+0000] {subprocess.py:93} INFO - ✅ Last.fm transformado guardado en /opt/***/data/processed/lastfm_transformed.parquet
[2025-04-10T18:13:40.825+0000] {subprocess.py:93} INFO -                 artist  ...                                               tags
[2025-04-10T18:13:40.825+0000] {subprocess.py:93} INFO - 0        Kenshi Yonezu  ...           japanese, j-pop, japan, J-rock, vocaloid
[2025-04-10T18:13:40.826+0000] {subprocess.py:93} INFO - 1      Suki Waterhouse  ...  indie pop, electronic, female vocalists, downt...
[2025-04-10T18:13:40.826+0000] {subprocess.py:93} INFO - 2          Nicki Minaj  ...                    Hip-Hop, rap, rnb, pop, hip hop
[2025-04-10T18:13:40.826+0000] {subprocess.py:93} INFO - 3            The Clash  ...       punk, punk rock, british, rock, classic rock
[2025-04-10T18:13:40.826+0000] {subprocess.py:93} INFO - 4              50 Cent  ...        rap, Hip-Hop, Gangsta Rap, hip hop, 50 Cent
[2025-04-10T18:13:40.826+0000] {subprocess.py:93} INFO - ..                 ...  ...                                                ...
[2025-04-10T18:13:40.826+0000] {subprocess.py:93} INFO - 784               Muse  ...  alternative rock, rock, alternative, Progressi...
[2025-04-10T18:13:40.826+0000] {subprocess.py:93} INFO - 785           Vundabar  ...  indie rock, seen live, surf rock, Garage Rock,...
[2025-04-10T18:13:40.827+0000] {subprocess.py:93} INFO - 786  Jontavious Willis  ...                              blues, seen live, USA
[2025-04-10T18:13:40.827+0000] {subprocess.py:93} INFO - 787      Tracy Chapman  ...  female vocalists, singer-songwriter, folk, sou...
[2025-04-10T18:13:40.827+0000] {subprocess.py:93} INFO - 788     Alejandro Sanz  ...     spanish, latin, pop, latin pop, alejandro sanz
[2025-04-10T18:13:40.827+0000] {subprocess.py:93} INFO - 
[2025-04-10T18:13:40.827+0000] {subprocess.py:93} INFO - [789 rows x 5 columns]
[2025-04-10T18:13:40.907+0000] {subprocess.py:97} INFO - Command exited with return code 0
[2025-04-10T18:13:40.975+0000] {taskinstance.py:1138} INFO - Marking task as SUCCESS. dag_id=etl_pipeline_modo_prueba, task_id=transform_lastfm, execution_date=20250410T180724, start_date=20250410T181340, end_date=20250410T181340
[2025-04-10T18:13:41.058+0000] {local_task_job_runner.py:234} INFO - Task exited with return code 0
[2025-04-10T18:13:41.085+0000] {taskinstance.py:3280} INFO - 1 downstream tasks scheduled from follow-on schedule check
