[2025-04-09T19:53:43.561+0000] {taskinstance.py:1956} INFO - Dependencies all met for dep_context=non-requeueable deps ti=<TaskInstance: etl_pipeline_modo_prueba.transform_lastfm manual__2025-04-09T19:46:50.371176+00:00 [queued]>
[2025-04-09T19:53:43.573+0000] {taskinstance.py:1956} INFO - Dependencies all met for dep_context=requeueable deps ti=<TaskInstance: etl_pipeline_modo_prueba.transform_lastfm manual__2025-04-09T19:46:50.371176+00:00 [queued]>
[2025-04-09T19:53:43.573+0000] {taskinstance.py:2170} INFO - Starting attempt 1 of 2
[2025-04-09T19:53:43.610+0000] {taskinstance.py:2191} INFO - Executing <Task(BashOperator): transform_lastfm> on 2025-04-09 19:46:50.371176+00:00
[2025-04-09T19:53:43.617+0000] {standard_task_runner.py:60} INFO - Started process 157 to run task
[2025-04-09T19:53:43.621+0000] {standard_task_runner.py:87} INFO - Running: ['***', 'tasks', 'run', 'etl_pipeline_modo_prueba', 'transform_lastfm', 'manual__2025-04-09T19:46:50.371176+00:00', '--job-id', '162', '--raw', '--subdir', 'DAGS_FOLDER/etl_workflow.py', '--cfg-path', '/tmp/tmp_k1or_9y']
[2025-04-09T19:53:43.622+0000] {standard_task_runner.py:88} INFO - Job 162: Subtask transform_lastfm
[2025-04-09T19:53:43.709+0000] {task_command.py:423} INFO - Running <TaskInstance: etl_pipeline_modo_prueba.transform_lastfm manual__2025-04-09T19:46:50.371176+00:00 [running]> on host 10542c8e3f93
[2025-04-09T19:53:43.864+0000] {taskinstance.py:2480} INFO - Exporting env vars: AIRFLOW_CTX_DAG_OWNER='simon' AIRFLOW_CTX_DAG_ID='etl_pipeline_modo_prueba' AIRFLOW_CTX_TASK_ID='transform_lastfm' AIRFLOW_CTX_EXECUTION_DATE='2025-04-09T19:46:50.371176+00:00' AIRFLOW_CTX_TRY_NUMBER='1' AIRFLOW_CTX_DAG_RUN_ID='manual__2025-04-09T19:46:50.371176+00:00'
[2025-04-09T19:53:43.865+0000] {subprocess.py:63} INFO - Tmp dir root location: /tmp
[2025-04-09T19:53:43.866+0000] {subprocess.py:75} INFO - Running command: ['/usr/bin/bash', '-c', 'python3 /opt/***/scripts/transform_lastfm.py']
[2025-04-09T19:53:43.880+0000] {subprocess.py:86} INFO - Output:
[2025-04-09T19:53:44.466+0000] {subprocess.py:93} INFO - ✅ Last.fm transformado guardado en /opt/***/data/processed/lastfm_transformed.parquet
[2025-04-09T19:53:44.467+0000] {subprocess.py:93} INFO -                                       artist  ...                                               tags
[2025-04-09T19:53:44.468+0000] {subprocess.py:93} INFO - 0                              Reba McEntire  ...  country, female vocalists, reba, reba mcentire...
[2025-04-09T19:53:44.469+0000] {subprocess.py:93} INFO - 1                                Steel Pulse  ...          reggae, roots reggae, dub, roots, british
[2025-04-09T19:53:44.469+0000] {subprocess.py:93} INFO - 2                                       LUMX  ...
[2025-04-09T19:53:44.469+0000] {subprocess.py:93} INFO - 3                                  Jung Kook  ...             k-pop, pop, Korean, bot, worst of 2024
[2025-04-09T19:53:44.469+0000] {subprocess.py:93} INFO - 4                                        Ive  ...         k-pop, pop, Kpop, Korean, female vocalists
[2025-04-09T19:53:44.470+0000] {subprocess.py:93} INFO - ..                                       ...  ...                                                ...
[2025-04-09T19:53:44.470+0000] {subprocess.py:93} INFO - 894                              The Beatles  ...              classic rock, rock, british, 60s, pop
[2025-04-09T19:53:44.470+0000] {subprocess.py:93} INFO - 895  Rhiannon Giddens with Francesco Turrisi  ...                    vocal, jazz, folk, piano, cello
[2025-04-09T19:53:44.470+0000] {subprocess.py:93} INFO - 896                Meduza Featuring Goodboys  ...
[2025-04-09T19:53:44.470+0000] {subprocess.py:93} INFO - 897                   Dafnis Prieto Big Band  ...
[2025-04-09T19:53:44.470+0000] {subprocess.py:93} INFO - 898                              Keith Urban  ...  country, Keith Urban, singer-songwriter, rock,...
[2025-04-09T19:53:44.470+0000] {subprocess.py:93} INFO - 
[2025-04-09T19:53:44.470+0000] {subprocess.py:93} INFO - [899 rows x 5 columns]
[2025-04-09T19:53:44.576+0000] {subprocess.py:97} INFO - Command exited with return code 0
[2025-04-09T19:53:44.637+0000] {taskinstance.py:1138} INFO - Marking task as SUCCESS. dag_id=etl_pipeline_modo_prueba, task_id=transform_lastfm, execution_date=20250409T194650, start_date=20250409T195343, end_date=20250409T195344
[2025-04-09T19:53:44.723+0000] {local_task_job_runner.py:234} INFO - Task exited with return code 0
[2025-04-09T19:53:44.755+0000] {taskinstance.py:3280} INFO - 1 downstream tasks scheduled from follow-on schedule check
