[2025-04-11T09:08:28.452+0000] {taskinstance.py:1956} INFO - Dependencies all met for dep_context=non-requeueable deps ti=<TaskInstance: etl_pipeline_modo_prueba.extract_spotify manual__2025-04-11T09:08:25.942892+00:00 [queued]>
[2025-04-11T09:08:28.464+0000] {taskinstance.py:1956} INFO - Dependencies all met for dep_context=requeueable deps ti=<TaskInstance: etl_pipeline_modo_prueba.extract_spotify manual__2025-04-11T09:08:25.942892+00:00 [queued]>
[2025-04-11T09:08:28.465+0000] {taskinstance.py:2170} INFO - Starting attempt 1 of 2
[2025-04-11T09:08:28.523+0000] {taskinstance.py:2191} INFO - Executing <Task(BashOperator): extract_spotify> on 2025-04-11 09:08:25.942892+00:00
[2025-04-11T09:08:28.529+0000] {standard_task_runner.py:60} INFO - Started process 55 to run task
[2025-04-11T09:08:28.533+0000] {standard_task_runner.py:87} INFO - Running: ['***', 'tasks', 'run', 'etl_pipeline_modo_prueba', 'extract_spotify', 'manual__2025-04-11T09:08:25.942892+00:00', '--job-id', '501', '--raw', '--subdir', 'DAGS_FOLDER/etl_workflow.py', '--cfg-path', '/tmp/tmphptm80j1']
[2025-04-11T09:08:28.535+0000] {standard_task_runner.py:88} INFO - Job 501: Subtask extract_spotify
[2025-04-11T09:08:28.633+0000] {task_command.py:423} INFO - Running <TaskInstance: etl_pipeline_modo_prueba.extract_spotify manual__2025-04-11T09:08:25.942892+00:00 [running]> on host 0c9614b992bf
[2025-04-11T09:08:28.877+0000] {taskinstance.py:2480} INFO - Exporting env vars: AIRFLOW_CTX_DAG_OWNER='simon' AIRFLOW_CTX_DAG_ID='etl_pipeline_modo_prueba' AIRFLOW_CTX_TASK_ID='extract_spotify' AIRFLOW_CTX_EXECUTION_DATE='2025-04-11T09:08:25.942892+00:00' AIRFLOW_CTX_TRY_NUMBER='1' AIRFLOW_CTX_DAG_RUN_ID='manual__2025-04-11T09:08:25.942892+00:00'
[2025-04-11T09:08:28.878+0000] {subprocess.py:63} INFO - Tmp dir root location: /tmp
[2025-04-11T09:08:28.880+0000] {subprocess.py:75} INFO - Running command: ['/usr/bin/bash', '-c', 'python3 /opt/***/scripts/extract_spotify.py']
[2025-04-11T09:08:28.893+0000] {subprocess.py:86} INFO - Output:
[2025-04-11T09:08:30.950+0000] {subprocess.py:93} INFO - ✅ Spotify guardado en /opt/***/data/processed/spotify.parquet
[2025-04-11T09:08:30.951+0000] {subprocess.py:93} INFO -              artists artist_normalized
[2025-04-11T09:08:30.951+0000] {subprocess.py:93} INFO - 89411  Manuel Turizo     manuel turizo
[2025-04-11T09:08:30.951+0000] {subprocess.py:93} INFO - 68303  Manuel Turizo     manuel turizo
[2025-04-11T09:08:30.951+0000] {subprocess.py:93} INFO - 88410  Manuel Turizo     manuel turizo
[2025-04-11T09:08:30.951+0000] {subprocess.py:93} INFO - 67356  Manuel Turizo     manuel turizo
[2025-04-11T09:08:30.952+0000] {subprocess.py:93} INFO - 68304      Bad Bunny         bad bunny
[2025-04-11T09:08:30.952+0000] {subprocess.py:93} INFO - ...              ...               ...
[2025-04-11T09:08:30.952+0000] {subprocess.py:93} INFO - 2304          Pixies            pixies
[2025-04-11T09:08:30.952+0000] {subprocess.py:93} INFO - 11055    The Beatles       the beatles
[2025-04-11T09:08:30.952+0000] {subprocess.py:93} INFO - 63021          Aimer             aimer
[2025-04-11T09:08:30.952+0000] {subprocess.py:93} INFO - 37908    Limp Bizkit       limp bizkit
[2025-04-11T09:08:30.952+0000] {subprocess.py:93} INFO - 39515      Rammstein         rammstein
[2025-04-11T09:08:30.952+0000] {subprocess.py:93} INFO - 
[2025-04-11T09:08:30.953+0000] {subprocess.py:93} INFO - [1210 rows x 2 columns]
[2025-04-11T09:08:31.056+0000] {subprocess.py:97} INFO - Command exited with return code 0
[2025-04-11T09:08:31.124+0000] {taskinstance.py:1138} INFO - Marking task as SUCCESS. dag_id=etl_pipeline_modo_prueba, task_id=extract_spotify, execution_date=20250411T090825, start_date=20250411T090828, end_date=20250411T090831
[2025-04-11T09:08:31.192+0000] {local_task_job_runner.py:234} INFO - Task exited with return code 0
[2025-04-11T09:08:31.229+0000] {taskinstance.py:3280} INFO - 1 downstream tasks scheduled from follow-on schedule check
