[2025-04-09T06:43:11.437+0000] {processor.py:161} INFO - Started process (PID=793) to work on /home/airflow/.local/lib/python3.8/site-packages/airflow/example_dags/example_latest_only.py
[2025-04-09T06:43:11.438+0000] {processor.py:830} INFO - Processing file /home/airflow/.local/lib/python3.8/site-packages/airflow/example_dags/example_latest_only.py for tasks to queue
[2025-04-09T06:43:11.440+0000] {logging_mixin.py:188} INFO - [2025-04-09T06:43:11.440+0000] {dagbag.py:538} INFO - Filling up the DagBag from /home/airflow/.local/lib/python3.8/site-packages/airflow/example_dags/example_latest_only.py
[2025-04-09T06:43:11.447+0000] {processor.py:840} INFO - DAG(s) 'latest_only' retrieved from /home/airflow/.local/lib/python3.8/site-packages/airflow/example_dags/example_latest_only.py
[2025-04-09T06:43:11.568+0000] {logging_mixin.py:188} INFO - [2025-04-09T06:43:11.567+0000] {dag.py:3036} INFO - Sync 1 DAGs
[2025-04-09T06:43:11.592+0000] {logging_mixin.py:188} INFO - [2025-04-09T06:43:11.592+0000] {dag.py:3823} INFO - Setting next_dagrun for latest_only to 2025-04-09 00:00:00+00:00, run_after=2025-04-09 04:00:00+00:00
[2025-04-09T06:43:11.821+0000] {processor.py:183} INFO - Processing /home/airflow/.local/lib/python3.8/site-packages/airflow/example_dags/example_latest_only.py took 0.387 seconds
[2025-04-09T06:45:27.156+0000] {processor.py:161} INFO - Started process (PID=91) to work on /home/airflow/.local/lib/python3.8/site-packages/airflow/example_dags/example_latest_only.py
[2025-04-09T06:45:27.179+0000] {processor.py:830} INFO - Processing file /home/airflow/.local/lib/python3.8/site-packages/airflow/example_dags/example_latest_only.py for tasks to queue
[2025-04-09T06:45:27.181+0000] {logging_mixin.py:188} INFO - [2025-04-09T06:45:27.181+0000] {dagbag.py:538} INFO - Filling up the DagBag from /home/airflow/.local/lib/python3.8/site-packages/airflow/example_dags/example_latest_only.py
[2025-04-09T06:45:27.186+0000] {processor.py:840} INFO - DAG(s) 'latest_only' retrieved from /home/airflow/.local/lib/python3.8/site-packages/airflow/example_dags/example_latest_only.py
[2025-04-09T06:45:27.302+0000] {logging_mixin.py:188} INFO - [2025-04-09T06:45:27.302+0000] {dag.py:3036} INFO - Sync 1 DAGs
[2025-04-09T06:45:27.324+0000] {logging_mixin.py:188} INFO - [2025-04-09T06:45:27.324+0000] {dag.py:3823} INFO - Setting next_dagrun for latest_only to 2025-04-09 00:00:00+00:00, run_after=2025-04-09 04:00:00+00:00
[2025-04-09T06:45:27.375+0000] {processor.py:183} INFO - Processing /home/airflow/.local/lib/python3.8/site-packages/airflow/example_dags/example_latest_only.py took 0.222 seconds
[2025-04-09T06:45:57.912+0000] {processor.py:161} INFO - Started process (PID=149) to work on /home/airflow/.local/lib/python3.8/site-packages/airflow/example_dags/example_latest_only.py
[2025-04-09T06:45:57.913+0000] {processor.py:830} INFO - Processing file /home/airflow/.local/lib/python3.8/site-packages/airflow/example_dags/example_latest_only.py for tasks to queue
[2025-04-09T06:45:57.914+0000] {logging_mixin.py:188} INFO - [2025-04-09T06:45:57.914+0000] {dagbag.py:538} INFO - Filling up the DagBag from /home/airflow/.local/lib/python3.8/site-packages/airflow/example_dags/example_latest_only.py
[2025-04-09T06:45:57.919+0000] {processor.py:840} INFO - DAG(s) 'latest_only' retrieved from /home/airflow/.local/lib/python3.8/site-packages/airflow/example_dags/example_latest_only.py
[2025-04-09T06:45:57.943+0000] {logging_mixin.py:188} INFO - [2025-04-09T06:45:57.943+0000] {dag.py:3036} INFO - Sync 1 DAGs
[2025-04-09T06:45:57.966+0000] {logging_mixin.py:188} INFO - [2025-04-09T06:45:57.966+0000] {dag.py:3823} INFO - Setting next_dagrun for latest_only to 2025-04-09 00:00:00+00:00, run_after=2025-04-09 04:00:00+00:00
[2025-04-09T06:45:58.021+0000] {processor.py:183} INFO - Processing /home/airflow/.local/lib/python3.8/site-packages/airflow/example_dags/example_latest_only.py took 0.112 seconds
[2025-04-09T06:46:28.414+0000] {processor.py:161} INFO - Started process (PID=207) to work on /home/airflow/.local/lib/python3.8/site-packages/airflow/example_dags/example_latest_only.py
[2025-04-09T06:46:28.425+0000] {processor.py:830} INFO - Processing file /home/airflow/.local/lib/python3.8/site-packages/airflow/example_dags/example_latest_only.py for tasks to queue
[2025-04-09T06:46:28.427+0000] {logging_mixin.py:188} INFO - [2025-04-09T06:46:28.427+0000] {dagbag.py:538} INFO - Filling up the DagBag from /home/airflow/.local/lib/python3.8/site-packages/airflow/example_dags/example_latest_only.py
[2025-04-09T06:46:28.432+0000] {processor.py:840} INFO - DAG(s) 'latest_only' retrieved from /home/airflow/.local/lib/python3.8/site-packages/airflow/example_dags/example_latest_only.py
[2025-04-09T06:46:28.456+0000] {logging_mixin.py:188} INFO - [2025-04-09T06:46:28.456+0000] {dag.py:3036} INFO - Sync 1 DAGs
[2025-04-09T06:46:28.483+0000] {logging_mixin.py:188} INFO - [2025-04-09T06:46:28.483+0000] {dag.py:3823} INFO - Setting next_dagrun for latest_only to 2025-04-09 00:00:00+00:00, run_after=2025-04-09 04:00:00+00:00
[2025-04-09T06:46:28.546+0000] {processor.py:183} INFO - Processing /home/airflow/.local/lib/python3.8/site-packages/airflow/example_dags/example_latest_only.py took 0.135 seconds
[2025-04-09T06:46:59.105+0000] {processor.py:161} INFO - Started process (PID=265) to work on /home/airflow/.local/lib/python3.8/site-packages/airflow/example_dags/example_latest_only.py
[2025-04-09T06:46:59.117+0000] {processor.py:830} INFO - Processing file /home/airflow/.local/lib/python3.8/site-packages/airflow/example_dags/example_latest_only.py for tasks to queue
[2025-04-09T06:46:59.118+0000] {logging_mixin.py:188} INFO - [2025-04-09T06:46:59.118+0000] {dagbag.py:538} INFO - Filling up the DagBag from /home/airflow/.local/lib/python3.8/site-packages/airflow/example_dags/example_latest_only.py
[2025-04-09T06:46:59.123+0000] {processor.py:840} INFO - DAG(s) 'latest_only' retrieved from /home/airflow/.local/lib/python3.8/site-packages/airflow/example_dags/example_latest_only.py
[2025-04-09T06:46:59.147+0000] {logging_mixin.py:188} INFO - [2025-04-09T06:46:59.147+0000] {dag.py:3036} INFO - Sync 1 DAGs
[2025-04-09T06:46:59.173+0000] {logging_mixin.py:188} INFO - [2025-04-09T06:46:59.173+0000] {dag.py:3823} INFO - Setting next_dagrun for latest_only to 2025-04-09 00:00:00+00:00, run_after=2025-04-09 04:00:00+00:00
[2025-04-09T06:46:59.227+0000] {processor.py:183} INFO - Processing /home/airflow/.local/lib/python3.8/site-packages/airflow/example_dags/example_latest_only.py took 0.125 seconds
[2025-04-09T06:47:33.547+0000] {processor.py:161} INFO - Started process (PID=323) to work on /home/airflow/.local/lib/python3.8/site-packages/airflow/example_dags/example_latest_only.py
[2025-04-09T06:47:33.574+0000] {processor.py:830} INFO - Processing file /home/airflow/.local/lib/python3.8/site-packages/airflow/example_dags/example_latest_only.py for tasks to queue
[2025-04-09T06:47:33.576+0000] {logging_mixin.py:188} INFO - [2025-04-09T06:47:33.576+0000] {dagbag.py:538} INFO - Filling up the DagBag from /home/airflow/.local/lib/python3.8/site-packages/airflow/example_dags/example_latest_only.py
[2025-04-09T06:47:33.580+0000] {processor.py:840} INFO - DAG(s) 'latest_only' retrieved from /home/airflow/.local/lib/python3.8/site-packages/airflow/example_dags/example_latest_only.py
[2025-04-09T06:47:33.600+0000] {logging_mixin.py:188} INFO - [2025-04-09T06:47:33.600+0000] {dag.py:3036} INFO - Sync 1 DAGs
[2025-04-09T06:47:33.622+0000] {logging_mixin.py:188} INFO - [2025-04-09T06:47:33.622+0000] {dag.py:3823} INFO - Setting next_dagrun for latest_only to 2025-04-09 00:00:00+00:00, run_after=2025-04-09 04:00:00+00:00
[2025-04-09T06:47:33.676+0000] {processor.py:183} INFO - Processing /home/airflow/.local/lib/python3.8/site-packages/airflow/example_dags/example_latest_only.py took 0.133 seconds
[2025-04-09T06:48:08.392+0000] {processor.py:161} INFO - Started process (PID=381) to work on /home/airflow/.local/lib/python3.8/site-packages/airflow/example_dags/example_latest_only.py
[2025-04-09T06:48:08.393+0000] {processor.py:830} INFO - Processing file /home/airflow/.local/lib/python3.8/site-packages/airflow/example_dags/example_latest_only.py for tasks to queue
[2025-04-09T06:48:08.394+0000] {logging_mixin.py:188} INFO - [2025-04-09T06:48:08.394+0000] {dagbag.py:538} INFO - Filling up the DagBag from /home/airflow/.local/lib/python3.8/site-packages/airflow/example_dags/example_latest_only.py
[2025-04-09T06:48:08.401+0000] {processor.py:840} INFO - DAG(s) 'latest_only' retrieved from /home/airflow/.local/lib/python3.8/site-packages/airflow/example_dags/example_latest_only.py
[2025-04-09T06:48:08.426+0000] {logging_mixin.py:188} INFO - [2025-04-09T06:48:08.426+0000] {dag.py:3036} INFO - Sync 1 DAGs
[2025-04-09T06:48:08.452+0000] {logging_mixin.py:188} INFO - [2025-04-09T06:48:08.451+0000] {dag.py:3823} INFO - Setting next_dagrun for latest_only to 2025-04-09 00:00:00+00:00, run_after=2025-04-09 04:00:00+00:00
[2025-04-09T06:48:08.512+0000] {processor.py:183} INFO - Processing /home/airflow/.local/lib/python3.8/site-packages/airflow/example_dags/example_latest_only.py took 0.123 seconds
[2025-04-09T06:48:38.812+0000] {processor.py:161} INFO - Started process (PID=439) to work on /home/airflow/.local/lib/python3.8/site-packages/airflow/example_dags/example_latest_only.py
[2025-04-09T06:48:38.814+0000] {processor.py:830} INFO - Processing file /home/airflow/.local/lib/python3.8/site-packages/airflow/example_dags/example_latest_only.py for tasks to queue
[2025-04-09T06:48:38.815+0000] {logging_mixin.py:188} INFO - [2025-04-09T06:48:38.815+0000] {dagbag.py:538} INFO - Filling up the DagBag from /home/airflow/.local/lib/python3.8/site-packages/airflow/example_dags/example_latest_only.py
[2025-04-09T06:48:38.820+0000] {processor.py:840} INFO - DAG(s) 'latest_only' retrieved from /home/airflow/.local/lib/python3.8/site-packages/airflow/example_dags/example_latest_only.py
[2025-04-09T06:48:38.842+0000] {logging_mixin.py:188} INFO - [2025-04-09T06:48:38.841+0000] {dag.py:3036} INFO - Sync 1 DAGs
[2025-04-09T06:48:38.865+0000] {logging_mixin.py:188} INFO - [2025-04-09T06:48:38.864+0000] {dag.py:3823} INFO - Setting next_dagrun for latest_only to 2025-04-09 00:00:00+00:00, run_after=2025-04-09 04:00:00+00:00
[2025-04-09T06:48:38.922+0000] {processor.py:183} INFO - Processing /home/airflow/.local/lib/python3.8/site-packages/airflow/example_dags/example_latest_only.py took 0.112 seconds
[2025-04-09T06:49:09.591+0000] {processor.py:161} INFO - Started process (PID=497) to work on /home/airflow/.local/lib/python3.8/site-packages/airflow/example_dags/example_latest_only.py
[2025-04-09T06:49:09.593+0000] {processor.py:830} INFO - Processing file /home/airflow/.local/lib/python3.8/site-packages/airflow/example_dags/example_latest_only.py for tasks to queue
[2025-04-09T06:49:09.595+0000] {logging_mixin.py:188} INFO - [2025-04-09T06:49:09.594+0000] {dagbag.py:538} INFO - Filling up the DagBag from /home/airflow/.local/lib/python3.8/site-packages/airflow/example_dags/example_latest_only.py
[2025-04-09T06:49:09.600+0000] {processor.py:840} INFO - DAG(s) 'latest_only' retrieved from /home/airflow/.local/lib/python3.8/site-packages/airflow/example_dags/example_latest_only.py
[2025-04-09T06:49:09.624+0000] {logging_mixin.py:188} INFO - [2025-04-09T06:49:09.623+0000] {dag.py:3036} INFO - Sync 1 DAGs
[2025-04-09T06:49:09.651+0000] {logging_mixin.py:188} INFO - [2025-04-09T06:49:09.651+0000] {dag.py:3823} INFO - Setting next_dagrun for latest_only to 2025-04-09 00:00:00+00:00, run_after=2025-04-09 04:00:00+00:00
[2025-04-09T06:49:09.708+0000] {processor.py:183} INFO - Processing /home/airflow/.local/lib/python3.8/site-packages/airflow/example_dags/example_latest_only.py took 0.120 seconds
[2025-04-09T06:49:40.146+0000] {processor.py:161} INFO - Started process (PID=555) to work on /home/airflow/.local/lib/python3.8/site-packages/airflow/example_dags/example_latest_only.py
[2025-04-09T06:49:40.147+0000] {processor.py:830} INFO - Processing file /home/airflow/.local/lib/python3.8/site-packages/airflow/example_dags/example_latest_only.py for tasks to queue
[2025-04-09T06:49:40.148+0000] {logging_mixin.py:188} INFO - [2025-04-09T06:49:40.148+0000] {dagbag.py:538} INFO - Filling up the DagBag from /home/airflow/.local/lib/python3.8/site-packages/airflow/example_dags/example_latest_only.py
[2025-04-09T06:49:40.153+0000] {processor.py:840} INFO - DAG(s) 'latest_only' retrieved from /home/airflow/.local/lib/python3.8/site-packages/airflow/example_dags/example_latest_only.py
[2025-04-09T06:49:40.175+0000] {logging_mixin.py:188} INFO - [2025-04-09T06:49:40.175+0000] {dag.py:3036} INFO - Sync 1 DAGs
[2025-04-09T06:49:40.197+0000] {logging_mixin.py:188} INFO - [2025-04-09T06:49:40.197+0000] {dag.py:3823} INFO - Setting next_dagrun for latest_only to 2025-04-09 00:00:00+00:00, run_after=2025-04-09 04:00:00+00:00
[2025-04-09T06:49:40.254+0000] {processor.py:183} INFO - Processing /home/airflow/.local/lib/python3.8/site-packages/airflow/example_dags/example_latest_only.py took 0.111 seconds
[2025-04-09T06:50:10.561+0000] {processor.py:161} INFO - Started process (PID=613) to work on /home/airflow/.local/lib/python3.8/site-packages/airflow/example_dags/example_latest_only.py
[2025-04-09T06:50:10.569+0000] {processor.py:830} INFO - Processing file /home/airflow/.local/lib/python3.8/site-packages/airflow/example_dags/example_latest_only.py for tasks to queue
[2025-04-09T06:50:10.570+0000] {logging_mixin.py:188} INFO - [2025-04-09T06:50:10.570+0000] {dagbag.py:538} INFO - Filling up the DagBag from /home/airflow/.local/lib/python3.8/site-packages/airflow/example_dags/example_latest_only.py
[2025-04-09T06:50:10.574+0000] {processor.py:840} INFO - DAG(s) 'latest_only' retrieved from /home/airflow/.local/lib/python3.8/site-packages/airflow/example_dags/example_latest_only.py
[2025-04-09T06:50:10.595+0000] {logging_mixin.py:188} INFO - [2025-04-09T06:50:10.595+0000] {dag.py:3036} INFO - Sync 1 DAGs
[2025-04-09T06:50:10.618+0000] {logging_mixin.py:188} INFO - [2025-04-09T06:50:10.618+0000] {dag.py:3823} INFO - Setting next_dagrun for latest_only to 2025-04-09 00:00:00+00:00, run_after=2025-04-09 04:00:00+00:00
[2025-04-09T06:50:10.685+0000] {processor.py:183} INFO - Processing /home/airflow/.local/lib/python3.8/site-packages/airflow/example_dags/example_latest_only.py took 0.127 seconds
[2025-04-09T06:50:40.804+0000] {processor.py:161} INFO - Started process (PID=671) to work on /home/airflow/.local/lib/python3.8/site-packages/airflow/example_dags/example_latest_only.py
[2025-04-09T06:50:40.806+0000] {processor.py:830} INFO - Processing file /home/airflow/.local/lib/python3.8/site-packages/airflow/example_dags/example_latest_only.py for tasks to queue
[2025-04-09T06:50:40.807+0000] {logging_mixin.py:188} INFO - [2025-04-09T06:50:40.807+0000] {dagbag.py:538} INFO - Filling up the DagBag from /home/airflow/.local/lib/python3.8/site-packages/airflow/example_dags/example_latest_only.py
[2025-04-09T06:50:40.812+0000] {processor.py:840} INFO - DAG(s) 'latest_only' retrieved from /home/airflow/.local/lib/python3.8/site-packages/airflow/example_dags/example_latest_only.py
[2025-04-09T06:50:40.834+0000] {logging_mixin.py:188} INFO - [2025-04-09T06:50:40.834+0000] {dag.py:3036} INFO - Sync 1 DAGs
[2025-04-09T06:50:40.857+0000] {logging_mixin.py:188} INFO - [2025-04-09T06:50:40.857+0000] {dag.py:3823} INFO - Setting next_dagrun for latest_only to 2025-04-09 00:00:00+00:00, run_after=2025-04-09 04:00:00+00:00
[2025-04-09T06:50:40.905+0000] {processor.py:183} INFO - Processing /home/airflow/.local/lib/python3.8/site-packages/airflow/example_dags/example_latest_only.py took 0.105 seconds
[2025-04-09T06:51:11.526+0000] {processor.py:161} INFO - Started process (PID=730) to work on /home/airflow/.local/lib/python3.8/site-packages/airflow/example_dags/example_latest_only.py
[2025-04-09T06:51:11.527+0000] {processor.py:830} INFO - Processing file /home/airflow/.local/lib/python3.8/site-packages/airflow/example_dags/example_latest_only.py for tasks to queue
[2025-04-09T06:51:11.529+0000] {logging_mixin.py:188} INFO - [2025-04-09T06:51:11.529+0000] {dagbag.py:538} INFO - Filling up the DagBag from /home/airflow/.local/lib/python3.8/site-packages/airflow/example_dags/example_latest_only.py
[2025-04-09T06:51:11.535+0000] {processor.py:840} INFO - DAG(s) 'latest_only' retrieved from /home/airflow/.local/lib/python3.8/site-packages/airflow/example_dags/example_latest_only.py
[2025-04-09T06:51:11.563+0000] {logging_mixin.py:188} INFO - [2025-04-09T06:51:11.563+0000] {dag.py:3036} INFO - Sync 1 DAGs
[2025-04-09T06:51:11.589+0000] {logging_mixin.py:188} INFO - [2025-04-09T06:51:11.589+0000] {dag.py:3823} INFO - Setting next_dagrun for latest_only to 2025-04-09 00:00:00+00:00, run_after=2025-04-09 04:00:00+00:00
[2025-04-09T06:51:11.640+0000] {processor.py:183} INFO - Processing /home/airflow/.local/lib/python3.8/site-packages/airflow/example_dags/example_latest_only.py took 0.117 seconds
[2025-04-09T06:51:44.197+0000] {processor.py:161} INFO - Started process (PID=789) to work on /home/airflow/.local/lib/python3.8/site-packages/airflow/example_dags/example_latest_only.py
[2025-04-09T06:51:44.198+0000] {processor.py:830} INFO - Processing file /home/airflow/.local/lib/python3.8/site-packages/airflow/example_dags/example_latest_only.py for tasks to queue
[2025-04-09T06:51:44.200+0000] {logging_mixin.py:188} INFO - [2025-04-09T06:51:44.199+0000] {dagbag.py:538} INFO - Filling up the DagBag from /home/airflow/.local/lib/python3.8/site-packages/airflow/example_dags/example_latest_only.py
[2025-04-09T06:51:44.204+0000] {processor.py:840} INFO - DAG(s) 'latest_only' retrieved from /home/airflow/.local/lib/python3.8/site-packages/airflow/example_dags/example_latest_only.py
[2025-04-09T06:51:44.226+0000] {logging_mixin.py:188} INFO - [2025-04-09T06:51:44.226+0000] {dag.py:3036} INFO - Sync 1 DAGs
[2025-04-09T06:51:44.250+0000] {logging_mixin.py:188} INFO - [2025-04-09T06:51:44.249+0000] {dag.py:3823} INFO - Setting next_dagrun for latest_only to 2025-04-09 00:00:00+00:00, run_after=2025-04-09 04:00:00+00:00
[2025-04-09T06:51:44.306+0000] {processor.py:183} INFO - Processing /home/airflow/.local/lib/python3.8/site-packages/airflow/example_dags/example_latest_only.py took 0.112 seconds
[2025-04-09T06:52:34.516+0000] {processor.py:161} INFO - Started process (PID=99) to work on /home/airflow/.local/lib/python3.8/site-packages/airflow/example_dags/example_latest_only.py
[2025-04-09T06:52:34.519+0000] {processor.py:830} INFO - Processing file /home/airflow/.local/lib/python3.8/site-packages/airflow/example_dags/example_latest_only.py for tasks to queue
[2025-04-09T06:52:34.526+0000] {logging_mixin.py:188} INFO - [2025-04-09T06:52:34.526+0000] {dagbag.py:538} INFO - Filling up the DagBag from /home/airflow/.local/lib/python3.8/site-packages/airflow/example_dags/example_latest_only.py
[2025-04-09T06:52:34.531+0000] {processor.py:840} INFO - DAG(s) 'latest_only' retrieved from /home/airflow/.local/lib/python3.8/site-packages/airflow/example_dags/example_latest_only.py
[2025-04-09T06:52:34.547+0000] {logging_mixin.py:188} INFO - [2025-04-09T06:52:34.547+0000] {dag.py:3036} INFO - Sync 1 DAGs
[2025-04-09T06:52:34.582+0000] {logging_mixin.py:188} INFO - [2025-04-09T06:52:34.582+0000] {dag.py:3823} INFO - Setting next_dagrun for latest_only to 2025-04-09 00:00:00+00:00, run_after=2025-04-09 04:00:00+00:00
[2025-04-09T06:52:34.648+0000] {processor.py:183} INFO - Processing /home/airflow/.local/lib/python3.8/site-packages/airflow/example_dags/example_latest_only.py took 0.137 seconds
[2025-04-09T06:53:07.080+0000] {processor.py:161} INFO - Started process (PID=157) to work on /home/airflow/.local/lib/python3.8/site-packages/airflow/example_dags/example_latest_only.py
[2025-04-09T06:53:07.081+0000] {processor.py:830} INFO - Processing file /home/airflow/.local/lib/python3.8/site-packages/airflow/example_dags/example_latest_only.py for tasks to queue
[2025-04-09T06:53:07.083+0000] {logging_mixin.py:188} INFO - [2025-04-09T06:53:07.082+0000] {dagbag.py:538} INFO - Filling up the DagBag from /home/airflow/.local/lib/python3.8/site-packages/airflow/example_dags/example_latest_only.py
[2025-04-09T06:53:07.087+0000] {processor.py:840} INFO - DAG(s) 'latest_only' retrieved from /home/airflow/.local/lib/python3.8/site-packages/airflow/example_dags/example_latest_only.py
[2025-04-09T06:53:07.193+0000] {logging_mixin.py:188} INFO - [2025-04-09T06:53:07.192+0000] {dag.py:3036} INFO - Sync 1 DAGs
[2025-04-09T06:53:07.214+0000] {logging_mixin.py:188} INFO - [2025-04-09T06:53:07.214+0000] {dag.py:3823} INFO - Setting next_dagrun for latest_only to 2025-04-09 00:00:00+00:00, run_after=2025-04-09 04:00:00+00:00
[2025-04-09T06:53:07.283+0000] {processor.py:183} INFO - Processing /home/airflow/.local/lib/python3.8/site-packages/airflow/example_dags/example_latest_only.py took 0.206 seconds
[2025-04-09T06:53:37.594+0000] {processor.py:161} INFO - Started process (PID=215) to work on /home/airflow/.local/lib/python3.8/site-packages/airflow/example_dags/example_latest_only.py
[2025-04-09T06:53:37.595+0000] {processor.py:830} INFO - Processing file /home/airflow/.local/lib/python3.8/site-packages/airflow/example_dags/example_latest_only.py for tasks to queue
[2025-04-09T06:53:37.598+0000] {logging_mixin.py:188} INFO - [2025-04-09T06:53:37.597+0000] {dagbag.py:538} INFO - Filling up the DagBag from /home/airflow/.local/lib/python3.8/site-packages/airflow/example_dags/example_latest_only.py
[2025-04-09T06:53:37.603+0000] {processor.py:840} INFO - DAG(s) 'latest_only' retrieved from /home/airflow/.local/lib/python3.8/site-packages/airflow/example_dags/example_latest_only.py
[2025-04-09T06:53:37.623+0000] {logging_mixin.py:188} INFO - [2025-04-09T06:53:37.623+0000] {dag.py:3036} INFO - Sync 1 DAGs
[2025-04-09T06:53:37.646+0000] {logging_mixin.py:188} INFO - [2025-04-09T06:53:37.646+0000] {dag.py:3823} INFO - Setting next_dagrun for latest_only to 2025-04-09 00:00:00+00:00, run_after=2025-04-09 04:00:00+00:00
[2025-04-09T06:53:37.700+0000] {processor.py:183} INFO - Processing /home/airflow/.local/lib/python3.8/site-packages/airflow/example_dags/example_latest_only.py took 0.109 seconds
[2025-04-09T06:54:11.264+0000] {processor.py:161} INFO - Started process (PID=273) to work on /home/airflow/.local/lib/python3.8/site-packages/airflow/example_dags/example_latest_only.py
[2025-04-09T06:54:11.331+0000] {processor.py:830} INFO - Processing file /home/airflow/.local/lib/python3.8/site-packages/airflow/example_dags/example_latest_only.py for tasks to queue
[2025-04-09T06:54:11.333+0000] {logging_mixin.py:188} INFO - [2025-04-09T06:54:11.332+0000] {dagbag.py:538} INFO - Filling up the DagBag from /home/airflow/.local/lib/python3.8/site-packages/airflow/example_dags/example_latest_only.py
[2025-04-09T06:54:11.338+0000] {processor.py:840} INFO - DAG(s) 'latest_only' retrieved from /home/airflow/.local/lib/python3.8/site-packages/airflow/example_dags/example_latest_only.py
[2025-04-09T06:54:11.362+0000] {logging_mixin.py:188} INFO - [2025-04-09T06:54:11.362+0000] {dag.py:3036} INFO - Sync 1 DAGs
[2025-04-09T06:54:11.387+0000] {logging_mixin.py:188} INFO - [2025-04-09T06:54:11.387+0000] {dag.py:3823} INFO - Setting next_dagrun for latest_only to 2025-04-09 00:00:00+00:00, run_after=2025-04-09 04:00:00+00:00
[2025-04-09T06:54:11.577+0000] {processor.py:183} INFO - Processing /home/airflow/.local/lib/python3.8/site-packages/airflow/example_dags/example_latest_only.py took 0.315 seconds
[2025-04-09T06:54:44.048+0000] {processor.py:161} INFO - Started process (PID=331) to work on /home/airflow/.local/lib/python3.8/site-packages/airflow/example_dags/example_latest_only.py
[2025-04-09T06:54:44.049+0000] {processor.py:830} INFO - Processing file /home/airflow/.local/lib/python3.8/site-packages/airflow/example_dags/example_latest_only.py for tasks to queue
[2025-04-09T06:54:44.051+0000] {logging_mixin.py:188} INFO - [2025-04-09T06:54:44.051+0000] {dagbag.py:538} INFO - Filling up the DagBag from /home/airflow/.local/lib/python3.8/site-packages/airflow/example_dags/example_latest_only.py
[2025-04-09T06:54:44.056+0000] {processor.py:840} INFO - DAG(s) 'latest_only' retrieved from /home/airflow/.local/lib/python3.8/site-packages/airflow/example_dags/example_latest_only.py
[2025-04-09T06:54:44.078+0000] {logging_mixin.py:188} INFO - [2025-04-09T06:54:44.077+0000] {dag.py:3036} INFO - Sync 1 DAGs
[2025-04-09T06:54:44.111+0000] {logging_mixin.py:188} INFO - [2025-04-09T06:54:44.110+0000] {dag.py:3823} INFO - Setting next_dagrun for latest_only to 2025-04-09 00:00:00+00:00, run_after=2025-04-09 04:00:00+00:00
[2025-04-09T06:54:44.186+0000] {processor.py:183} INFO - Processing /home/airflow/.local/lib/python3.8/site-packages/airflow/example_dags/example_latest_only.py took 0.140 seconds
[2025-04-09T06:55:18.138+0000] {processor.py:161} INFO - Started process (PID=389) to work on /home/airflow/.local/lib/python3.8/site-packages/airflow/example_dags/example_latest_only.py
[2025-04-09T06:55:18.139+0000] {processor.py:830} INFO - Processing file /home/airflow/.local/lib/python3.8/site-packages/airflow/example_dags/example_latest_only.py for tasks to queue
[2025-04-09T06:55:18.141+0000] {logging_mixin.py:188} INFO - [2025-04-09T06:55:18.141+0000] {dagbag.py:538} INFO - Filling up the DagBag from /home/airflow/.local/lib/python3.8/site-packages/airflow/example_dags/example_latest_only.py
[2025-04-09T06:55:18.145+0000] {processor.py:840} INFO - DAG(s) 'latest_only' retrieved from /home/airflow/.local/lib/python3.8/site-packages/airflow/example_dags/example_latest_only.py
[2025-04-09T06:55:18.166+0000] {logging_mixin.py:188} INFO - [2025-04-09T06:55:18.166+0000] {dag.py:3036} INFO - Sync 1 DAGs
[2025-04-09T06:55:18.187+0000] {logging_mixin.py:188} INFO - [2025-04-09T06:55:18.187+0000] {dag.py:3823} INFO - Setting next_dagrun for latest_only to 2025-04-09 00:00:00+00:00, run_after=2025-04-09 04:00:00+00:00
[2025-04-09T06:55:18.243+0000] {processor.py:183} INFO - Processing /home/airflow/.local/lib/python3.8/site-packages/airflow/example_dags/example_latest_only.py took 0.109 seconds
[2025-04-09T06:55:48.816+0000] {processor.py:161} INFO - Started process (PID=447) to work on /home/airflow/.local/lib/python3.8/site-packages/airflow/example_dags/example_latest_only.py
[2025-04-09T06:55:48.835+0000] {processor.py:830} INFO - Processing file /home/airflow/.local/lib/python3.8/site-packages/airflow/example_dags/example_latest_only.py for tasks to queue
[2025-04-09T06:55:48.837+0000] {logging_mixin.py:188} INFO - [2025-04-09T06:55:48.837+0000] {dagbag.py:538} INFO - Filling up the DagBag from /home/airflow/.local/lib/python3.8/site-packages/airflow/example_dags/example_latest_only.py
[2025-04-09T06:55:48.842+0000] {processor.py:840} INFO - DAG(s) 'latest_only' retrieved from /home/airflow/.local/lib/python3.8/site-packages/airflow/example_dags/example_latest_only.py
[2025-04-09T06:55:48.866+0000] {logging_mixin.py:188} INFO - [2025-04-09T06:55:48.866+0000] {dag.py:3036} INFO - Sync 1 DAGs
[2025-04-09T06:55:48.892+0000] {logging_mixin.py:188} INFO - [2025-04-09T06:55:48.892+0000] {dag.py:3823} INFO - Setting next_dagrun for latest_only to 2025-04-09 00:00:00+00:00, run_after=2025-04-09 04:00:00+00:00
[2025-04-09T06:55:48.953+0000] {processor.py:183} INFO - Processing /home/airflow/.local/lib/python3.8/site-packages/airflow/example_dags/example_latest_only.py took 0.141 seconds
[2025-04-09T06:56:19.712+0000] {processor.py:161} INFO - Started process (PID=505) to work on /home/airflow/.local/lib/python3.8/site-packages/airflow/example_dags/example_latest_only.py
[2025-04-09T06:56:19.714+0000] {processor.py:830} INFO - Processing file /home/airflow/.local/lib/python3.8/site-packages/airflow/example_dags/example_latest_only.py for tasks to queue
[2025-04-09T06:56:19.715+0000] {logging_mixin.py:188} INFO - [2025-04-09T06:56:19.715+0000] {dagbag.py:538} INFO - Filling up the DagBag from /home/airflow/.local/lib/python3.8/site-packages/airflow/example_dags/example_latest_only.py
[2025-04-09T06:56:19.720+0000] {processor.py:840} INFO - DAG(s) 'latest_only' retrieved from /home/airflow/.local/lib/python3.8/site-packages/airflow/example_dags/example_latest_only.py
[2025-04-09T06:56:19.740+0000] {logging_mixin.py:188} INFO - [2025-04-09T06:56:19.740+0000] {dag.py:3036} INFO - Sync 1 DAGs
[2025-04-09T06:56:19.763+0000] {logging_mixin.py:188} INFO - [2025-04-09T06:56:19.762+0000] {dag.py:3823} INFO - Setting next_dagrun for latest_only to 2025-04-09 00:00:00+00:00, run_after=2025-04-09 04:00:00+00:00
[2025-04-09T06:56:19.817+0000] {processor.py:183} INFO - Processing /home/airflow/.local/lib/python3.8/site-packages/airflow/example_dags/example_latest_only.py took 0.108 seconds
[2025-04-09T06:56:52.524+0000] {processor.py:161} INFO - Started process (PID=563) to work on /home/airflow/.local/lib/python3.8/site-packages/airflow/example_dags/example_latest_only.py
[2025-04-09T06:56:52.603+0000] {processor.py:830} INFO - Processing file /home/airflow/.local/lib/python3.8/site-packages/airflow/example_dags/example_latest_only.py for tasks to queue
[2025-04-09T06:56:52.605+0000] {logging_mixin.py:188} INFO - [2025-04-09T06:56:52.604+0000] {dagbag.py:538} INFO - Filling up the DagBag from /home/airflow/.local/lib/python3.8/site-packages/airflow/example_dags/example_latest_only.py
[2025-04-09T06:56:52.610+0000] {processor.py:840} INFO - DAG(s) 'latest_only' retrieved from /home/airflow/.local/lib/python3.8/site-packages/airflow/example_dags/example_latest_only.py
[2025-04-09T06:56:52.631+0000] {logging_mixin.py:188} INFO - [2025-04-09T06:56:52.631+0000] {dag.py:3036} INFO - Sync 1 DAGs
[2025-04-09T06:56:52.658+0000] {logging_mixin.py:188} INFO - [2025-04-09T06:56:52.658+0000] {dag.py:3823} INFO - Setting next_dagrun for latest_only to 2025-04-09 00:00:00+00:00, run_after=2025-04-09 04:00:00+00:00
[2025-04-09T06:56:52.770+0000] {processor.py:183} INFO - Processing /home/airflow/.local/lib/python3.8/site-packages/airflow/example_dags/example_latest_only.py took 0.249 seconds
[2025-04-09T06:57:26.028+0000] {processor.py:161} INFO - Started process (PID=91) to work on /home/airflow/.local/lib/python3.8/site-packages/airflow/example_dags/example_latest_only.py
[2025-04-09T06:57:26.042+0000] {processor.py:830} INFO - Processing file /home/airflow/.local/lib/python3.8/site-packages/airflow/example_dags/example_latest_only.py for tasks to queue
[2025-04-09T06:57:26.044+0000] {logging_mixin.py:188} INFO - [2025-04-09T06:57:26.043+0000] {dagbag.py:538} INFO - Filling up the DagBag from /home/airflow/.local/lib/python3.8/site-packages/airflow/example_dags/example_latest_only.py
[2025-04-09T06:57:26.050+0000] {processor.py:840} INFO - DAG(s) 'latest_only' retrieved from /home/airflow/.local/lib/python3.8/site-packages/airflow/example_dags/example_latest_only.py
[2025-04-09T06:57:26.073+0000] {logging_mixin.py:188} INFO - [2025-04-09T06:57:26.073+0000] {dag.py:3036} INFO - Sync 1 DAGs
[2025-04-09T06:57:26.102+0000] {logging_mixin.py:188} INFO - [2025-04-09T06:57:26.101+0000] {dag.py:3823} INFO - Setting next_dagrun for latest_only to 2025-04-09 00:00:00+00:00, run_after=2025-04-09 04:00:00+00:00
[2025-04-09T06:57:26.154+0000] {processor.py:183} INFO - Processing /home/airflow/.local/lib/python3.8/site-packages/airflow/example_dags/example_latest_only.py took 0.129 seconds
[2025-04-09T06:57:56.297+0000] {processor.py:161} INFO - Started process (PID=149) to work on /home/airflow/.local/lib/python3.8/site-packages/airflow/example_dags/example_latest_only.py
[2025-04-09T06:57:56.326+0000] {processor.py:830} INFO - Processing file /home/airflow/.local/lib/python3.8/site-packages/airflow/example_dags/example_latest_only.py for tasks to queue
[2025-04-09T06:57:56.328+0000] {logging_mixin.py:188} INFO - [2025-04-09T06:57:56.328+0000] {dagbag.py:538} INFO - Filling up the DagBag from /home/airflow/.local/lib/python3.8/site-packages/airflow/example_dags/example_latest_only.py
[2025-04-09T06:57:56.333+0000] {processor.py:840} INFO - DAG(s) 'latest_only' retrieved from /home/airflow/.local/lib/python3.8/site-packages/airflow/example_dags/example_latest_only.py
[2025-04-09T06:57:56.353+0000] {logging_mixin.py:188} INFO - [2025-04-09T06:57:56.353+0000] {dag.py:3036} INFO - Sync 1 DAGs
[2025-04-09T06:57:56.377+0000] {logging_mixin.py:188} INFO - [2025-04-09T06:57:56.376+0000] {dag.py:3823} INFO - Setting next_dagrun for latest_only to 2025-04-09 00:00:00+00:00, run_after=2025-04-09 04:00:00+00:00
[2025-04-09T06:57:56.519+0000] {processor.py:183} INFO - Processing /home/airflow/.local/lib/python3.8/site-packages/airflow/example_dags/example_latest_only.py took 0.225 seconds
[2025-04-09T06:58:27.497+0000] {processor.py:161} INFO - Started process (PID=201) to work on /home/airflow/.local/lib/python3.8/site-packages/airflow/example_dags/example_latest_only.py
[2025-04-09T06:58:27.499+0000] {processor.py:830} INFO - Processing file /home/airflow/.local/lib/python3.8/site-packages/airflow/example_dags/example_latest_only.py for tasks to queue
[2025-04-09T06:58:27.503+0000] {logging_mixin.py:188} INFO - [2025-04-09T06:58:27.502+0000] {dagbag.py:538} INFO - Filling up the DagBag from /home/airflow/.local/lib/python3.8/site-packages/airflow/example_dags/example_latest_only.py
[2025-04-09T06:58:27.509+0000] {processor.py:840} INFO - DAG(s) 'latest_only' retrieved from /home/airflow/.local/lib/python3.8/site-packages/airflow/example_dags/example_latest_only.py
[2025-04-09T06:58:27.539+0000] {logging_mixin.py:188} INFO - [2025-04-09T06:58:27.539+0000] {dag.py:3036} INFO - Sync 1 DAGs
[2025-04-09T06:58:27.572+0000] {logging_mixin.py:188} INFO - [2025-04-09T06:58:27.572+0000] {dag.py:3823} INFO - Setting next_dagrun for latest_only to 2025-04-09 00:00:00+00:00, run_after=2025-04-09 04:00:00+00:00
[2025-04-09T06:58:27.623+0000] {processor.py:183} INFO - Processing /home/airflow/.local/lib/python3.8/site-packages/airflow/example_dags/example_latest_only.py took 0.130 seconds
[2025-04-09T06:58:57.688+0000] {processor.py:161} INFO - Started process (PID=268) to work on /home/airflow/.local/lib/python3.8/site-packages/airflow/example_dags/example_latest_only.py
[2025-04-09T06:58:57.689+0000] {processor.py:830} INFO - Processing file /home/airflow/.local/lib/python3.8/site-packages/airflow/example_dags/example_latest_only.py for tasks to queue
[2025-04-09T06:58:57.692+0000] {logging_mixin.py:188} INFO - [2025-04-09T06:58:57.692+0000] {dagbag.py:538} INFO - Filling up the DagBag from /home/airflow/.local/lib/python3.8/site-packages/airflow/example_dags/example_latest_only.py
[2025-04-09T06:58:57.700+0000] {processor.py:840} INFO - DAG(s) 'latest_only' retrieved from /home/airflow/.local/lib/python3.8/site-packages/airflow/example_dags/example_latest_only.py
[2025-04-09T06:58:57.729+0000] {logging_mixin.py:188} INFO - [2025-04-09T06:58:57.729+0000] {dag.py:3036} INFO - Sync 1 DAGs
[2025-04-09T06:58:57.759+0000] {logging_mixin.py:188} INFO - [2025-04-09T06:58:57.759+0000] {dag.py:3823} INFO - Setting next_dagrun for latest_only to 2025-04-09 00:00:00+00:00, run_after=2025-04-09 04:00:00+00:00
[2025-04-09T06:58:57.814+0000] {processor.py:183} INFO - Processing /home/airflow/.local/lib/python3.8/site-packages/airflow/example_dags/example_latest_only.py took 0.132 seconds
[2025-04-09T06:59:30.099+0000] {processor.py:161} INFO - Started process (PID=326) to work on /home/airflow/.local/lib/python3.8/site-packages/airflow/example_dags/example_latest_only.py
[2025-04-09T06:59:30.100+0000] {processor.py:830} INFO - Processing file /home/airflow/.local/lib/python3.8/site-packages/airflow/example_dags/example_latest_only.py for tasks to queue
[2025-04-09T06:59:30.102+0000] {logging_mixin.py:188} INFO - [2025-04-09T06:59:30.102+0000] {dagbag.py:538} INFO - Filling up the DagBag from /home/airflow/.local/lib/python3.8/site-packages/airflow/example_dags/example_latest_only.py
[2025-04-09T06:59:30.107+0000] {processor.py:840} INFO - DAG(s) 'latest_only' retrieved from /home/airflow/.local/lib/python3.8/site-packages/airflow/example_dags/example_latest_only.py
[2025-04-09T06:59:30.127+0000] {logging_mixin.py:188} INFO - [2025-04-09T06:59:30.126+0000] {dag.py:3036} INFO - Sync 1 DAGs
[2025-04-09T06:59:30.149+0000] {logging_mixin.py:188} INFO - [2025-04-09T06:59:30.149+0000] {dag.py:3823} INFO - Setting next_dagrun for latest_only to 2025-04-09 00:00:00+00:00, run_after=2025-04-09 04:00:00+00:00
[2025-04-09T06:59:30.207+0000] {processor.py:183} INFO - Processing /home/airflow/.local/lib/python3.8/site-packages/airflow/example_dags/example_latest_only.py took 0.111 seconds
[2025-04-09T07:00:04.368+0000] {processor.py:161} INFO - Started process (PID=384) to work on /home/airflow/.local/lib/python3.8/site-packages/airflow/example_dags/example_latest_only.py
[2025-04-09T07:00:04.372+0000] {processor.py:830} INFO - Processing file /home/airflow/.local/lib/python3.8/site-packages/airflow/example_dags/example_latest_only.py for tasks to queue
[2025-04-09T07:00:04.374+0000] {logging_mixin.py:188} INFO - [2025-04-09T07:00:04.373+0000] {dagbag.py:538} INFO - Filling up the DagBag from /home/airflow/.local/lib/python3.8/site-packages/airflow/example_dags/example_latest_only.py
[2025-04-09T07:00:04.378+0000] {processor.py:840} INFO - DAG(s) 'latest_only' retrieved from /home/airflow/.local/lib/python3.8/site-packages/airflow/example_dags/example_latest_only.py
[2025-04-09T07:00:04.397+0000] {logging_mixin.py:188} INFO - [2025-04-09T07:00:04.397+0000] {dag.py:3036} INFO - Sync 1 DAGs
[2025-04-09T07:00:04.419+0000] {logging_mixin.py:188} INFO - [2025-04-09T07:00:04.419+0000] {dag.py:3823} INFO - Setting next_dagrun for latest_only to 2025-04-09 00:00:00+00:00, run_after=2025-04-09 04:00:00+00:00
[2025-04-09T07:00:04.474+0000] {processor.py:183} INFO - Processing /home/airflow/.local/lib/python3.8/site-packages/airflow/example_dags/example_latest_only.py took 0.109 seconds
[2025-04-09T07:00:35.259+0000] {processor.py:161} INFO - Started process (PID=442) to work on /home/airflow/.local/lib/python3.8/site-packages/airflow/example_dags/example_latest_only.py
[2025-04-09T07:00:35.261+0000] {processor.py:830} INFO - Processing file /home/airflow/.local/lib/python3.8/site-packages/airflow/example_dags/example_latest_only.py for tasks to queue
[2025-04-09T07:00:35.263+0000] {logging_mixin.py:188} INFO - [2025-04-09T07:00:35.263+0000] {dagbag.py:538} INFO - Filling up the DagBag from /home/airflow/.local/lib/python3.8/site-packages/airflow/example_dags/example_latest_only.py
[2025-04-09T07:00:35.267+0000] {processor.py:840} INFO - DAG(s) 'latest_only' retrieved from /home/airflow/.local/lib/python3.8/site-packages/airflow/example_dags/example_latest_only.py
[2025-04-09T07:00:35.288+0000] {logging_mixin.py:188} INFO - [2025-04-09T07:00:35.287+0000] {dag.py:3036} INFO - Sync 1 DAGs
[2025-04-09T07:00:35.311+0000] {logging_mixin.py:188} INFO - [2025-04-09T07:00:35.310+0000] {dag.py:3823} INFO - Setting next_dagrun for latest_only to 2025-04-09 00:00:00+00:00, run_after=2025-04-09 04:00:00+00:00
[2025-04-09T07:00:35.353+0000] {processor.py:183} INFO - Processing /home/airflow/.local/lib/python3.8/site-packages/airflow/example_dags/example_latest_only.py took 0.097 seconds
[2025-04-09T07:01:05.828+0000] {processor.py:161} INFO - Started process (PID=500) to work on /home/airflow/.local/lib/python3.8/site-packages/airflow/example_dags/example_latest_only.py
[2025-04-09T07:01:05.829+0000] {processor.py:830} INFO - Processing file /home/airflow/.local/lib/python3.8/site-packages/airflow/example_dags/example_latest_only.py for tasks to queue
[2025-04-09T07:01:05.831+0000] {logging_mixin.py:188} INFO - [2025-04-09T07:01:05.831+0000] {dagbag.py:538} INFO - Filling up the DagBag from /home/airflow/.local/lib/python3.8/site-packages/airflow/example_dags/example_latest_only.py
[2025-04-09T07:01:05.836+0000] {processor.py:840} INFO - DAG(s) 'latest_only' retrieved from /home/airflow/.local/lib/python3.8/site-packages/airflow/example_dags/example_latest_only.py
[2025-04-09T07:01:05.860+0000] {logging_mixin.py:188} INFO - [2025-04-09T07:01:05.859+0000] {dag.py:3036} INFO - Sync 1 DAGs
[2025-04-09T07:01:05.885+0000] {logging_mixin.py:188} INFO - [2025-04-09T07:01:05.885+0000] {dag.py:3823} INFO - Setting next_dagrun for latest_only to 2025-04-09 00:00:00+00:00, run_after=2025-04-09 04:00:00+00:00
[2025-04-09T07:01:05.955+0000] {processor.py:183} INFO - Processing /home/airflow/.local/lib/python3.8/site-packages/airflow/example_dags/example_latest_only.py took 0.130 seconds
[2025-04-09T07:01:36.361+0000] {processor.py:161} INFO - Started process (PID=559) to work on /home/airflow/.local/lib/python3.8/site-packages/airflow/example_dags/example_latest_only.py
[2025-04-09T07:01:36.362+0000] {processor.py:830} INFO - Processing file /home/airflow/.local/lib/python3.8/site-packages/airflow/example_dags/example_latest_only.py for tasks to queue
[2025-04-09T07:01:36.364+0000] {logging_mixin.py:188} INFO - [2025-04-09T07:01:36.364+0000] {dagbag.py:538} INFO - Filling up the DagBag from /home/airflow/.local/lib/python3.8/site-packages/airflow/example_dags/example_latest_only.py
[2025-04-09T07:01:36.369+0000] {processor.py:840} INFO - DAG(s) 'latest_only' retrieved from /home/airflow/.local/lib/python3.8/site-packages/airflow/example_dags/example_latest_only.py
[2025-04-09T07:01:36.389+0000] {logging_mixin.py:188} INFO - [2025-04-09T07:01:36.389+0000] {dag.py:3036} INFO - Sync 1 DAGs
[2025-04-09T07:01:36.412+0000] {logging_mixin.py:188} INFO - [2025-04-09T07:01:36.411+0000] {dag.py:3823} INFO - Setting next_dagrun for latest_only to 2025-04-09 00:00:00+00:00, run_after=2025-04-09 04:00:00+00:00
[2025-04-09T07:01:36.471+0000] {processor.py:183} INFO - Processing /home/airflow/.local/lib/python3.8/site-packages/airflow/example_dags/example_latest_only.py took 0.113 seconds
[2025-04-09T07:02:06.677+0000] {processor.py:161} INFO - Started process (PID=617) to work on /home/airflow/.local/lib/python3.8/site-packages/airflow/example_dags/example_latest_only.py
[2025-04-09T07:02:06.678+0000] {processor.py:830} INFO - Processing file /home/airflow/.local/lib/python3.8/site-packages/airflow/example_dags/example_latest_only.py for tasks to queue
[2025-04-09T07:02:06.680+0000] {logging_mixin.py:188} INFO - [2025-04-09T07:02:06.680+0000] {dagbag.py:538} INFO - Filling up the DagBag from /home/airflow/.local/lib/python3.8/site-packages/airflow/example_dags/example_latest_only.py
[2025-04-09T07:02:06.684+0000] {processor.py:840} INFO - DAG(s) 'latest_only' retrieved from /home/airflow/.local/lib/python3.8/site-packages/airflow/example_dags/example_latest_only.py
[2025-04-09T07:02:06.703+0000] {logging_mixin.py:188} INFO - [2025-04-09T07:02:06.703+0000] {dag.py:3036} INFO - Sync 1 DAGs
[2025-04-09T07:02:06.726+0000] {logging_mixin.py:188} INFO - [2025-04-09T07:02:06.726+0000] {dag.py:3823} INFO - Setting next_dagrun for latest_only to 2025-04-09 00:00:00+00:00, run_after=2025-04-09 04:00:00+00:00
[2025-04-09T07:02:06.779+0000] {processor.py:183} INFO - Processing /home/airflow/.local/lib/python3.8/site-packages/airflow/example_dags/example_latest_only.py took 0.105 seconds
[2025-04-09T07:02:37.486+0000] {processor.py:161} INFO - Started process (PID=675) to work on /home/airflow/.local/lib/python3.8/site-packages/airflow/example_dags/example_latest_only.py
[2025-04-09T07:02:37.487+0000] {processor.py:830} INFO - Processing file /home/airflow/.local/lib/python3.8/site-packages/airflow/example_dags/example_latest_only.py for tasks to queue
[2025-04-09T07:02:37.489+0000] {logging_mixin.py:188} INFO - [2025-04-09T07:02:37.489+0000] {dagbag.py:538} INFO - Filling up the DagBag from /home/airflow/.local/lib/python3.8/site-packages/airflow/example_dags/example_latest_only.py
[2025-04-09T07:02:37.494+0000] {processor.py:840} INFO - DAG(s) 'latest_only' retrieved from /home/airflow/.local/lib/python3.8/site-packages/airflow/example_dags/example_latest_only.py
[2025-04-09T07:02:37.513+0000] {logging_mixin.py:188} INFO - [2025-04-09T07:02:37.513+0000] {dag.py:3036} INFO - Sync 1 DAGs
[2025-04-09T07:02:37.536+0000] {logging_mixin.py:188} INFO - [2025-04-09T07:02:37.535+0000] {dag.py:3823} INFO - Setting next_dagrun for latest_only to 2025-04-09 00:00:00+00:00, run_after=2025-04-09 04:00:00+00:00
[2025-04-09T07:02:37.586+0000] {processor.py:183} INFO - Processing /home/airflow/.local/lib/python3.8/site-packages/airflow/example_dags/example_latest_only.py took 0.103 seconds
[2025-04-09T07:03:08.199+0000] {processor.py:161} INFO - Started process (PID=733) to work on /home/airflow/.local/lib/python3.8/site-packages/airflow/example_dags/example_latest_only.py
[2025-04-09T07:03:08.200+0000] {processor.py:830} INFO - Processing file /home/airflow/.local/lib/python3.8/site-packages/airflow/example_dags/example_latest_only.py for tasks to queue
[2025-04-09T07:03:08.202+0000] {logging_mixin.py:188} INFO - [2025-04-09T07:03:08.202+0000] {dagbag.py:538} INFO - Filling up the DagBag from /home/airflow/.local/lib/python3.8/site-packages/airflow/example_dags/example_latest_only.py
[2025-04-09T07:03:08.208+0000] {processor.py:840} INFO - DAG(s) 'latest_only' retrieved from /home/airflow/.local/lib/python3.8/site-packages/airflow/example_dags/example_latest_only.py
[2025-04-09T07:03:08.235+0000] {logging_mixin.py:188} INFO - [2025-04-09T07:03:08.234+0000] {dag.py:3036} INFO - Sync 1 DAGs
[2025-04-09T07:03:08.262+0000] {logging_mixin.py:188} INFO - [2025-04-09T07:03:08.262+0000] {dag.py:3823} INFO - Setting next_dagrun for latest_only to 2025-04-09 00:00:00+00:00, run_after=2025-04-09 04:00:00+00:00
[2025-04-09T07:03:08.345+0000] {processor.py:183} INFO - Processing /home/airflow/.local/lib/python3.8/site-packages/airflow/example_dags/example_latest_only.py took 0.149 seconds
[2025-04-09T07:03:40.445+0000] {processor.py:161} INFO - Started process (PID=791) to work on /home/airflow/.local/lib/python3.8/site-packages/airflow/example_dags/example_latest_only.py
[2025-04-09T07:03:40.449+0000] {processor.py:830} INFO - Processing file /home/airflow/.local/lib/python3.8/site-packages/airflow/example_dags/example_latest_only.py for tasks to queue
[2025-04-09T07:03:40.452+0000] {logging_mixin.py:188} INFO - [2025-04-09T07:03:40.452+0000] {dagbag.py:538} INFO - Filling up the DagBag from /home/airflow/.local/lib/python3.8/site-packages/airflow/example_dags/example_latest_only.py
[2025-04-09T07:03:40.468+0000] {processor.py:840} INFO - DAG(s) 'latest_only' retrieved from /home/airflow/.local/lib/python3.8/site-packages/airflow/example_dags/example_latest_only.py
[2025-04-09T07:03:40.516+0000] {logging_mixin.py:188} INFO - [2025-04-09T07:03:40.515+0000] {dag.py:3036} INFO - Sync 1 DAGs
[2025-04-09T07:03:40.575+0000] {logging_mixin.py:188} INFO - [2025-04-09T07:03:40.573+0000] {dag.py:3823} INFO - Setting next_dagrun for latest_only to 2025-04-09 00:00:00+00:00, run_after=2025-04-09 04:00:00+00:00
[2025-04-09T07:03:40.664+0000] {processor.py:183} INFO - Processing /home/airflow/.local/lib/python3.8/site-packages/airflow/example_dags/example_latest_only.py took 0.232 seconds
[2025-04-09T07:04:15.079+0000] {processor.py:161} INFO - Started process (PID=850) to work on /home/airflow/.local/lib/python3.8/site-packages/airflow/example_dags/example_latest_only.py
[2025-04-09T07:04:15.080+0000] {processor.py:830} INFO - Processing file /home/airflow/.local/lib/python3.8/site-packages/airflow/example_dags/example_latest_only.py for tasks to queue
[2025-04-09T07:04:15.082+0000] {logging_mixin.py:188} INFO - [2025-04-09T07:04:15.081+0000] {dagbag.py:538} INFO - Filling up the DagBag from /home/airflow/.local/lib/python3.8/site-packages/airflow/example_dags/example_latest_only.py
[2025-04-09T07:04:15.087+0000] {processor.py:840} INFO - DAG(s) 'latest_only' retrieved from /home/airflow/.local/lib/python3.8/site-packages/airflow/example_dags/example_latest_only.py
[2025-04-09T07:04:15.106+0000] {logging_mixin.py:188} INFO - [2025-04-09T07:04:15.106+0000] {dag.py:3036} INFO - Sync 1 DAGs
[2025-04-09T07:04:15.131+0000] {logging_mixin.py:188} INFO - [2025-04-09T07:04:15.131+0000] {dag.py:3823} INFO - Setting next_dagrun for latest_only to 2025-04-09 00:00:00+00:00, run_after=2025-04-09 04:00:00+00:00
[2025-04-09T07:04:15.185+0000] {processor.py:183} INFO - Processing /home/airflow/.local/lib/python3.8/site-packages/airflow/example_dags/example_latest_only.py took 0.109 seconds
[2025-04-09T07:04:45.784+0000] {processor.py:161} INFO - Started process (PID=908) to work on /home/airflow/.local/lib/python3.8/site-packages/airflow/example_dags/example_latest_only.py
[2025-04-09T07:04:45.785+0000] {processor.py:830} INFO - Processing file /home/airflow/.local/lib/python3.8/site-packages/airflow/example_dags/example_latest_only.py for tasks to queue
[2025-04-09T07:04:45.788+0000] {logging_mixin.py:188} INFO - [2025-04-09T07:04:45.787+0000] {dagbag.py:538} INFO - Filling up the DagBag from /home/airflow/.local/lib/python3.8/site-packages/airflow/example_dags/example_latest_only.py
[2025-04-09T07:04:45.792+0000] {processor.py:840} INFO - DAG(s) 'latest_only' retrieved from /home/airflow/.local/lib/python3.8/site-packages/airflow/example_dags/example_latest_only.py
[2025-04-09T07:04:45.812+0000] {logging_mixin.py:188} INFO - [2025-04-09T07:04:45.812+0000] {dag.py:3036} INFO - Sync 1 DAGs
[2025-04-09T07:04:45.834+0000] {logging_mixin.py:188} INFO - [2025-04-09T07:04:45.834+0000] {dag.py:3823} INFO - Setting next_dagrun for latest_only to 2025-04-09 00:00:00+00:00, run_after=2025-04-09 04:00:00+00:00
[2025-04-09T07:04:45.916+0000] {processor.py:183} INFO - Processing /home/airflow/.local/lib/python3.8/site-packages/airflow/example_dags/example_latest_only.py took 0.135 seconds
[2025-04-09T07:05:16.556+0000] {processor.py:161} INFO - Started process (PID=966) to work on /home/airflow/.local/lib/python3.8/site-packages/airflow/example_dags/example_latest_only.py
[2025-04-09T07:05:16.565+0000] {processor.py:830} INFO - Processing file /home/airflow/.local/lib/python3.8/site-packages/airflow/example_dags/example_latest_only.py for tasks to queue
[2025-04-09T07:05:16.566+0000] {logging_mixin.py:188} INFO - [2025-04-09T07:05:16.566+0000] {dagbag.py:538} INFO - Filling up the DagBag from /home/airflow/.local/lib/python3.8/site-packages/airflow/example_dags/example_latest_only.py
[2025-04-09T07:05:16.571+0000] {processor.py:840} INFO - DAG(s) 'latest_only' retrieved from /home/airflow/.local/lib/python3.8/site-packages/airflow/example_dags/example_latest_only.py
[2025-04-09T07:05:16.595+0000] {logging_mixin.py:188} INFO - [2025-04-09T07:05:16.594+0000] {dag.py:3036} INFO - Sync 1 DAGs
[2025-04-09T07:05:16.617+0000] {logging_mixin.py:188} INFO - [2025-04-09T07:05:16.617+0000] {dag.py:3823} INFO - Setting next_dagrun for latest_only to 2025-04-09 00:00:00+00:00, run_after=2025-04-09 04:00:00+00:00
[2025-04-09T07:05:16.679+0000] {processor.py:183} INFO - Processing /home/airflow/.local/lib/python3.8/site-packages/airflow/example_dags/example_latest_only.py took 0.126 seconds
[2025-04-09T07:05:46.967+0000] {processor.py:161} INFO - Started process (PID=1024) to work on /home/airflow/.local/lib/python3.8/site-packages/airflow/example_dags/example_latest_only.py
[2025-04-09T07:05:46.968+0000] {processor.py:830} INFO - Processing file /home/airflow/.local/lib/python3.8/site-packages/airflow/example_dags/example_latest_only.py for tasks to queue
[2025-04-09T07:05:46.970+0000] {logging_mixin.py:188} INFO - [2025-04-09T07:05:46.970+0000] {dagbag.py:538} INFO - Filling up the DagBag from /home/airflow/.local/lib/python3.8/site-packages/airflow/example_dags/example_latest_only.py
[2025-04-09T07:05:46.977+0000] {processor.py:840} INFO - DAG(s) 'latest_only' retrieved from /home/airflow/.local/lib/python3.8/site-packages/airflow/example_dags/example_latest_only.py
[2025-04-09T07:05:47.001+0000] {logging_mixin.py:188} INFO - [2025-04-09T07:05:47.000+0000] {dag.py:3036} INFO - Sync 1 DAGs
[2025-04-09T07:05:47.027+0000] {logging_mixin.py:188} INFO - [2025-04-09T07:05:47.026+0000] {dag.py:3823} INFO - Setting next_dagrun for latest_only to 2025-04-09 00:00:00+00:00, run_after=2025-04-09 04:00:00+00:00
[2025-04-09T07:05:47.072+0000] {processor.py:183} INFO - Processing /home/airflow/.local/lib/python3.8/site-packages/airflow/example_dags/example_latest_only.py took 0.109 seconds
[2025-04-09T07:06:17.312+0000] {processor.py:161} INFO - Started process (PID=1082) to work on /home/airflow/.local/lib/python3.8/site-packages/airflow/example_dags/example_latest_only.py
[2025-04-09T07:06:17.313+0000] {processor.py:830} INFO - Processing file /home/airflow/.local/lib/python3.8/site-packages/airflow/example_dags/example_latest_only.py for tasks to queue
[2025-04-09T07:06:17.316+0000] {logging_mixin.py:188} INFO - [2025-04-09T07:06:17.315+0000] {dagbag.py:538} INFO - Filling up the DagBag from /home/airflow/.local/lib/python3.8/site-packages/airflow/example_dags/example_latest_only.py
[2025-04-09T07:06:17.323+0000] {processor.py:840} INFO - DAG(s) 'latest_only' retrieved from /home/airflow/.local/lib/python3.8/site-packages/airflow/example_dags/example_latest_only.py
[2025-04-09T07:06:17.346+0000] {logging_mixin.py:188} INFO - [2025-04-09T07:06:17.346+0000] {dag.py:3036} INFO - Sync 1 DAGs
[2025-04-09T07:06:17.367+0000] {logging_mixin.py:188} INFO - [2025-04-09T07:06:17.366+0000] {dag.py:3823} INFO - Setting next_dagrun for latest_only to 2025-04-09 00:00:00+00:00, run_after=2025-04-09 04:00:00+00:00
[2025-04-09T07:06:17.442+0000] {processor.py:183} INFO - Processing /home/airflow/.local/lib/python3.8/site-packages/airflow/example_dags/example_latest_only.py took 0.133 seconds
[2025-04-09T07:10:02.925+0000] {processor.py:161} INFO - Started process (PID=110) to work on /home/airflow/.local/lib/python3.8/site-packages/airflow/example_dags/example_latest_only.py
[2025-04-09T07:10:02.927+0000] {processor.py:830} INFO - Processing file /home/airflow/.local/lib/python3.8/site-packages/airflow/example_dags/example_latest_only.py for tasks to queue
[2025-04-09T07:10:02.930+0000] {logging_mixin.py:188} INFO - [2025-04-09T07:10:02.930+0000] {dagbag.py:538} INFO - Filling up the DagBag from /home/airflow/.local/lib/python3.8/site-packages/airflow/example_dags/example_latest_only.py
[2025-04-09T07:10:02.945+0000] {processor.py:840} INFO - DAG(s) 'latest_only' retrieved from /home/airflow/.local/lib/python3.8/site-packages/airflow/example_dags/example_latest_only.py
[2025-04-09T07:10:03.097+0000] {logging_mixin.py:188} INFO - [2025-04-09T07:10:03.096+0000] {dag.py:3036} INFO - Sync 1 DAGs
[2025-04-09T07:10:03.126+0000] {logging_mixin.py:188} INFO - [2025-04-09T07:10:03.126+0000] {dag.py:3823} INFO - Setting next_dagrun for latest_only to 2025-04-09 00:00:00+00:00, run_after=2025-04-09 04:00:00+00:00
[2025-04-09T07:10:03.189+0000] {processor.py:183} INFO - Processing /home/airflow/.local/lib/python3.8/site-packages/airflow/example_dags/example_latest_only.py took 0.275 seconds
[2025-04-09T07:10:33.657+0000] {processor.py:161} INFO - Started process (PID=168) to work on /home/airflow/.local/lib/python3.8/site-packages/airflow/example_dags/example_latest_only.py
[2025-04-09T07:10:33.658+0000] {processor.py:830} INFO - Processing file /home/airflow/.local/lib/python3.8/site-packages/airflow/example_dags/example_latest_only.py for tasks to queue
[2025-04-09T07:10:33.660+0000] {logging_mixin.py:188} INFO - [2025-04-09T07:10:33.659+0000] {dagbag.py:538} INFO - Filling up the DagBag from /home/airflow/.local/lib/python3.8/site-packages/airflow/example_dags/example_latest_only.py
[2025-04-09T07:10:33.669+0000] {processor.py:840} INFO - DAG(s) 'latest_only' retrieved from /home/airflow/.local/lib/python3.8/site-packages/airflow/example_dags/example_latest_only.py
[2025-04-09T07:10:33.701+0000] {logging_mixin.py:188} INFO - [2025-04-09T07:10:33.701+0000] {dag.py:3036} INFO - Sync 1 DAGs
[2025-04-09T07:10:33.759+0000] {logging_mixin.py:188} INFO - [2025-04-09T07:10:33.759+0000] {dag.py:3823} INFO - Setting next_dagrun for latest_only to 2025-04-09 00:00:00+00:00, run_after=2025-04-09 04:00:00+00:00
[2025-04-09T07:10:33.833+0000] {processor.py:183} INFO - Processing /home/airflow/.local/lib/python3.8/site-packages/airflow/example_dags/example_latest_only.py took 0.181 seconds
[2025-04-09T07:11:04.342+0000] {processor.py:161} INFO - Started process (PID=226) to work on /home/airflow/.local/lib/python3.8/site-packages/airflow/example_dags/example_latest_only.py
[2025-04-09T07:11:04.343+0000] {processor.py:830} INFO - Processing file /home/airflow/.local/lib/python3.8/site-packages/airflow/example_dags/example_latest_only.py for tasks to queue
[2025-04-09T07:11:04.345+0000] {logging_mixin.py:188} INFO - [2025-04-09T07:11:04.345+0000] {dagbag.py:538} INFO - Filling up the DagBag from /home/airflow/.local/lib/python3.8/site-packages/airflow/example_dags/example_latest_only.py
[2025-04-09T07:11:04.351+0000] {processor.py:840} INFO - DAG(s) 'latest_only' retrieved from /home/airflow/.local/lib/python3.8/site-packages/airflow/example_dags/example_latest_only.py
[2025-04-09T07:11:04.375+0000] {logging_mixin.py:188} INFO - [2025-04-09T07:11:04.374+0000] {dag.py:3036} INFO - Sync 1 DAGs
[2025-04-09T07:11:04.397+0000] {logging_mixin.py:188} INFO - [2025-04-09T07:11:04.397+0000] {dag.py:3823} INFO - Setting next_dagrun for latest_only to 2025-04-09 00:00:00+00:00, run_after=2025-04-09 04:00:00+00:00
[2025-04-09T07:11:04.485+0000] {processor.py:183} INFO - Processing /home/airflow/.local/lib/python3.8/site-packages/airflow/example_dags/example_latest_only.py took 0.148 seconds
[2025-04-09T07:11:34.938+0000] {processor.py:161} INFO - Started process (PID=287) to work on /home/airflow/.local/lib/python3.8/site-packages/airflow/example_dags/example_latest_only.py
[2025-04-09T07:11:34.939+0000] {processor.py:830} INFO - Processing file /home/airflow/.local/lib/python3.8/site-packages/airflow/example_dags/example_latest_only.py for tasks to queue
[2025-04-09T07:11:34.941+0000] {logging_mixin.py:188} INFO - [2025-04-09T07:11:34.941+0000] {dagbag.py:538} INFO - Filling up the DagBag from /home/airflow/.local/lib/python3.8/site-packages/airflow/example_dags/example_latest_only.py
[2025-04-09T07:11:34.946+0000] {processor.py:840} INFO - DAG(s) 'latest_only' retrieved from /home/airflow/.local/lib/python3.8/site-packages/airflow/example_dags/example_latest_only.py
[2025-04-09T07:11:34.974+0000] {logging_mixin.py:188} INFO - [2025-04-09T07:11:34.974+0000] {dag.py:3036} INFO - Sync 1 DAGs
[2025-04-09T07:11:35.003+0000] {logging_mixin.py:188} INFO - [2025-04-09T07:11:35.003+0000] {dag.py:3823} INFO - Setting next_dagrun for latest_only to 2025-04-09 00:00:00+00:00, run_after=2025-04-09 04:00:00+00:00
[2025-04-09T07:11:35.074+0000] {processor.py:183} INFO - Processing /home/airflow/.local/lib/python3.8/site-packages/airflow/example_dags/example_latest_only.py took 0.140 seconds
[2025-04-09T07:12:05.351+0000] {processor.py:161} INFO - Started process (PID=345) to work on /home/airflow/.local/lib/python3.8/site-packages/airflow/example_dags/example_latest_only.py
[2025-04-09T07:12:05.373+0000] {processor.py:830} INFO - Processing file /home/airflow/.local/lib/python3.8/site-packages/airflow/example_dags/example_latest_only.py for tasks to queue
[2025-04-09T07:12:05.375+0000] {logging_mixin.py:188} INFO - [2025-04-09T07:12:05.374+0000] {dagbag.py:538} INFO - Filling up the DagBag from /home/airflow/.local/lib/python3.8/site-packages/airflow/example_dags/example_latest_only.py
[2025-04-09T07:12:05.380+0000] {processor.py:840} INFO - DAG(s) 'latest_only' retrieved from /home/airflow/.local/lib/python3.8/site-packages/airflow/example_dags/example_latest_only.py
[2025-04-09T07:12:05.404+0000] {logging_mixin.py:188} INFO - [2025-04-09T07:12:05.404+0000] {dag.py:3036} INFO - Sync 1 DAGs
[2025-04-09T07:12:05.430+0000] {logging_mixin.py:188} INFO - [2025-04-09T07:12:05.429+0000] {dag.py:3823} INFO - Setting next_dagrun for latest_only to 2025-04-09 00:00:00+00:00, run_after=2025-04-09 04:00:00+00:00
[2025-04-09T07:12:05.502+0000] {processor.py:183} INFO - Processing /home/airflow/.local/lib/python3.8/site-packages/airflow/example_dags/example_latest_only.py took 0.154 seconds
[2025-04-09T07:12:38.119+0000] {processor.py:161} INFO - Started process (PID=403) to work on /home/airflow/.local/lib/python3.8/site-packages/airflow/example_dags/example_latest_only.py
[2025-04-09T07:12:38.120+0000] {processor.py:830} INFO - Processing file /home/airflow/.local/lib/python3.8/site-packages/airflow/example_dags/example_latest_only.py for tasks to queue
[2025-04-09T07:12:38.122+0000] {logging_mixin.py:188} INFO - [2025-04-09T07:12:38.122+0000] {dagbag.py:538} INFO - Filling up the DagBag from /home/airflow/.local/lib/python3.8/site-packages/airflow/example_dags/example_latest_only.py
[2025-04-09T07:12:38.127+0000] {processor.py:840} INFO - DAG(s) 'latest_only' retrieved from /home/airflow/.local/lib/python3.8/site-packages/airflow/example_dags/example_latest_only.py
[2025-04-09T07:12:38.148+0000] {logging_mixin.py:188} INFO - [2025-04-09T07:12:38.147+0000] {dag.py:3036} INFO - Sync 1 DAGs
[2025-04-09T07:12:38.169+0000] {logging_mixin.py:188} INFO - [2025-04-09T07:12:38.169+0000] {dag.py:3823} INFO - Setting next_dagrun for latest_only to 2025-04-09 00:00:00+00:00, run_after=2025-04-09 04:00:00+00:00
[2025-04-09T07:12:38.237+0000] {processor.py:183} INFO - Processing /home/airflow/.local/lib/python3.8/site-packages/airflow/example_dags/example_latest_only.py took 0.121 seconds
[2025-04-09T07:13:12.976+0000] {processor.py:161} INFO - Started process (PID=461) to work on /home/airflow/.local/lib/python3.8/site-packages/airflow/example_dags/example_latest_only.py
[2025-04-09T07:13:12.977+0000] {processor.py:830} INFO - Processing file /home/airflow/.local/lib/python3.8/site-packages/airflow/example_dags/example_latest_only.py for tasks to queue
[2025-04-09T07:13:12.978+0000] {logging_mixin.py:188} INFO - [2025-04-09T07:13:12.978+0000] {dagbag.py:538} INFO - Filling up the DagBag from /home/airflow/.local/lib/python3.8/site-packages/airflow/example_dags/example_latest_only.py
[2025-04-09T07:13:12.982+0000] {processor.py:840} INFO - DAG(s) 'latest_only' retrieved from /home/airflow/.local/lib/python3.8/site-packages/airflow/example_dags/example_latest_only.py
[2025-04-09T07:13:13.003+0000] {logging_mixin.py:188} INFO - [2025-04-09T07:13:13.003+0000] {dag.py:3036} INFO - Sync 1 DAGs
[2025-04-09T07:13:13.028+0000] {logging_mixin.py:188} INFO - [2025-04-09T07:13:13.027+0000] {dag.py:3823} INFO - Setting next_dagrun for latest_only to 2025-04-09 00:00:00+00:00, run_after=2025-04-09 04:00:00+00:00
[2025-04-09T07:13:13.118+0000] {processor.py:183} INFO - Processing /home/airflow/.local/lib/python3.8/site-packages/airflow/example_dags/example_latest_only.py took 0.146 seconds
[2025-04-09T07:13:43.765+0000] {processor.py:161} INFO - Started process (PID=519) to work on /home/airflow/.local/lib/python3.8/site-packages/airflow/example_dags/example_latest_only.py
[2025-04-09T07:13:43.785+0000] {processor.py:830} INFO - Processing file /home/airflow/.local/lib/python3.8/site-packages/airflow/example_dags/example_latest_only.py for tasks to queue
[2025-04-09T07:13:43.787+0000] {logging_mixin.py:188} INFO - [2025-04-09T07:13:43.787+0000] {dagbag.py:538} INFO - Filling up the DagBag from /home/airflow/.local/lib/python3.8/site-packages/airflow/example_dags/example_latest_only.py
[2025-04-09T07:13:43.794+0000] {processor.py:840} INFO - DAG(s) 'latest_only' retrieved from /home/airflow/.local/lib/python3.8/site-packages/airflow/example_dags/example_latest_only.py
[2025-04-09T07:13:43.826+0000] {logging_mixin.py:188} INFO - [2025-04-09T07:13:43.826+0000] {dag.py:3036} INFO - Sync 1 DAGs
[2025-04-09T07:13:43.852+0000] {logging_mixin.py:188} INFO - [2025-04-09T07:13:43.852+0000] {dag.py:3823} INFO - Setting next_dagrun for latest_only to 2025-04-09 00:00:00+00:00, run_after=2025-04-09 04:00:00+00:00
[2025-04-09T07:13:43.911+0000] {processor.py:183} INFO - Processing /home/airflow/.local/lib/python3.8/site-packages/airflow/example_dags/example_latest_only.py took 0.150 seconds
[2025-04-09T07:14:14.116+0000] {processor.py:161} INFO - Started process (PID=577) to work on /home/airflow/.local/lib/python3.8/site-packages/airflow/example_dags/example_latest_only.py
[2025-04-09T07:14:14.117+0000] {processor.py:830} INFO - Processing file /home/airflow/.local/lib/python3.8/site-packages/airflow/example_dags/example_latest_only.py for tasks to queue
[2025-04-09T07:14:14.119+0000] {logging_mixin.py:188} INFO - [2025-04-09T07:14:14.119+0000] {dagbag.py:538} INFO - Filling up the DagBag from /home/airflow/.local/lib/python3.8/site-packages/airflow/example_dags/example_latest_only.py
[2025-04-09T07:14:14.124+0000] {processor.py:840} INFO - DAG(s) 'latest_only' retrieved from /home/airflow/.local/lib/python3.8/site-packages/airflow/example_dags/example_latest_only.py
[2025-04-09T07:14:14.146+0000] {logging_mixin.py:188} INFO - [2025-04-09T07:14:14.146+0000] {dag.py:3036} INFO - Sync 1 DAGs
[2025-04-09T07:14:14.170+0000] {logging_mixin.py:188} INFO - [2025-04-09T07:14:14.170+0000] {dag.py:3823} INFO - Setting next_dagrun for latest_only to 2025-04-09 00:00:00+00:00, run_after=2025-04-09 04:00:00+00:00
[2025-04-09T07:14:14.247+0000] {processor.py:183} INFO - Processing /home/airflow/.local/lib/python3.8/site-packages/airflow/example_dags/example_latest_only.py took 0.133 seconds
[2025-04-09T07:14:44.504+0000] {processor.py:161} INFO - Started process (PID=635) to work on /home/airflow/.local/lib/python3.8/site-packages/airflow/example_dags/example_latest_only.py
[2025-04-09T07:14:44.505+0000] {processor.py:830} INFO - Processing file /home/airflow/.local/lib/python3.8/site-packages/airflow/example_dags/example_latest_only.py for tasks to queue
[2025-04-09T07:14:44.507+0000] {logging_mixin.py:188} INFO - [2025-04-09T07:14:44.506+0000] {dagbag.py:538} INFO - Filling up the DagBag from /home/airflow/.local/lib/python3.8/site-packages/airflow/example_dags/example_latest_only.py
[2025-04-09T07:14:44.511+0000] {processor.py:840} INFO - DAG(s) 'latest_only' retrieved from /home/airflow/.local/lib/python3.8/site-packages/airflow/example_dags/example_latest_only.py
[2025-04-09T07:14:44.534+0000] {logging_mixin.py:188} INFO - [2025-04-09T07:14:44.534+0000] {dag.py:3036} INFO - Sync 1 DAGs
[2025-04-09T07:14:44.561+0000] {logging_mixin.py:188} INFO - [2025-04-09T07:14:44.561+0000] {dag.py:3823} INFO - Setting next_dagrun for latest_only to 2025-04-09 00:00:00+00:00, run_after=2025-04-09 04:00:00+00:00
[2025-04-09T07:14:44.654+0000] {processor.py:183} INFO - Processing /home/airflow/.local/lib/python3.8/site-packages/airflow/example_dags/example_latest_only.py took 0.153 seconds
[2025-04-09T07:15:14.794+0000] {processor.py:161} INFO - Started process (PID=693) to work on /home/airflow/.local/lib/python3.8/site-packages/airflow/example_dags/example_latest_only.py
[2025-04-09T07:15:14.826+0000] {processor.py:830} INFO - Processing file /home/airflow/.local/lib/python3.8/site-packages/airflow/example_dags/example_latest_only.py for tasks to queue
[2025-04-09T07:15:14.827+0000] {logging_mixin.py:188} INFO - [2025-04-09T07:15:14.827+0000] {dagbag.py:538} INFO - Filling up the DagBag from /home/airflow/.local/lib/python3.8/site-packages/airflow/example_dags/example_latest_only.py
[2025-04-09T07:15:14.832+0000] {processor.py:840} INFO - DAG(s) 'latest_only' retrieved from /home/airflow/.local/lib/python3.8/site-packages/airflow/example_dags/example_latest_only.py
[2025-04-09T07:15:14.851+0000] {logging_mixin.py:188} INFO - [2025-04-09T07:15:14.850+0000] {dag.py:3036} INFO - Sync 1 DAGs
[2025-04-09T07:15:14.873+0000] {logging_mixin.py:188} INFO - [2025-04-09T07:15:14.872+0000] {dag.py:3823} INFO - Setting next_dagrun for latest_only to 2025-04-09 00:00:00+00:00, run_after=2025-04-09 04:00:00+00:00
[2025-04-09T07:15:14.930+0000] {processor.py:183} INFO - Processing /home/airflow/.local/lib/python3.8/site-packages/airflow/example_dags/example_latest_only.py took 0.139 seconds
[2025-04-09T07:15:44.996+0000] {processor.py:161} INFO - Started process (PID=751) to work on /home/airflow/.local/lib/python3.8/site-packages/airflow/example_dags/example_latest_only.py
[2025-04-09T07:15:44.997+0000] {processor.py:830} INFO - Processing file /home/airflow/.local/lib/python3.8/site-packages/airflow/example_dags/example_latest_only.py for tasks to queue
[2025-04-09T07:15:44.999+0000] {logging_mixin.py:188} INFO - [2025-04-09T07:15:44.999+0000] {dagbag.py:538} INFO - Filling up the DagBag from /home/airflow/.local/lib/python3.8/site-packages/airflow/example_dags/example_latest_only.py
[2025-04-09T07:15:45.006+0000] {processor.py:840} INFO - DAG(s) 'latest_only' retrieved from /home/airflow/.local/lib/python3.8/site-packages/airflow/example_dags/example_latest_only.py
[2025-04-09T07:15:45.032+0000] {logging_mixin.py:188} INFO - [2025-04-09T07:15:45.031+0000] {dag.py:3036} INFO - Sync 1 DAGs
[2025-04-09T07:15:45.057+0000] {logging_mixin.py:188} INFO - [2025-04-09T07:15:45.056+0000] {dag.py:3823} INFO - Setting next_dagrun for latest_only to 2025-04-09 00:00:00+00:00, run_after=2025-04-09 04:00:00+00:00
[2025-04-09T07:15:45.124+0000] {processor.py:183} INFO - Processing /home/airflow/.local/lib/python3.8/site-packages/airflow/example_dags/example_latest_only.py took 0.132 seconds
[2025-04-09T07:16:15.179+0000] {processor.py:161} INFO - Started process (PID=809) to work on /home/airflow/.local/lib/python3.8/site-packages/airflow/example_dags/example_latest_only.py
[2025-04-09T07:16:15.180+0000] {processor.py:830} INFO - Processing file /home/airflow/.local/lib/python3.8/site-packages/airflow/example_dags/example_latest_only.py for tasks to queue
[2025-04-09T07:16:15.182+0000] {logging_mixin.py:188} INFO - [2025-04-09T07:16:15.181+0000] {dagbag.py:538} INFO - Filling up the DagBag from /home/airflow/.local/lib/python3.8/site-packages/airflow/example_dags/example_latest_only.py
[2025-04-09T07:16:15.187+0000] {processor.py:840} INFO - DAG(s) 'latest_only' retrieved from /home/airflow/.local/lib/python3.8/site-packages/airflow/example_dags/example_latest_only.py
[2025-04-09T07:16:15.208+0000] {logging_mixin.py:188} INFO - [2025-04-09T07:16:15.207+0000] {dag.py:3036} INFO - Sync 1 DAGs
[2025-04-09T07:16:15.229+0000] {logging_mixin.py:188} INFO - [2025-04-09T07:16:15.229+0000] {dag.py:3823} INFO - Setting next_dagrun for latest_only to 2025-04-09 00:00:00+00:00, run_after=2025-04-09 04:00:00+00:00
[2025-04-09T07:16:15.324+0000] {processor.py:183} INFO - Processing /home/airflow/.local/lib/python3.8/site-packages/airflow/example_dags/example_latest_only.py took 0.148 seconds
[2025-04-09T07:16:48.870+0000] {processor.py:161} INFO - Started process (PID=867) to work on /home/airflow/.local/lib/python3.8/site-packages/airflow/example_dags/example_latest_only.py
[2025-04-09T07:16:48.872+0000] {processor.py:830} INFO - Processing file /home/airflow/.local/lib/python3.8/site-packages/airflow/example_dags/example_latest_only.py for tasks to queue
[2025-04-09T07:16:48.874+0000] {logging_mixin.py:188} INFO - [2025-04-09T07:16:48.873+0000] {dagbag.py:538} INFO - Filling up the DagBag from /home/airflow/.local/lib/python3.8/site-packages/airflow/example_dags/example_latest_only.py
[2025-04-09T07:16:48.879+0000] {processor.py:840} INFO - DAG(s) 'latest_only' retrieved from /home/airflow/.local/lib/python3.8/site-packages/airflow/example_dags/example_latest_only.py
[2025-04-09T07:16:48.899+0000] {logging_mixin.py:188} INFO - [2025-04-09T07:16:48.898+0000] {dag.py:3036} INFO - Sync 1 DAGs
[2025-04-09T07:16:48.921+0000] {logging_mixin.py:188} INFO - [2025-04-09T07:16:48.921+0000] {dag.py:3823} INFO - Setting next_dagrun for latest_only to 2025-04-09 00:00:00+00:00, run_after=2025-04-09 04:00:00+00:00
[2025-04-09T07:16:49.018+0000] {processor.py:183} INFO - Processing /home/airflow/.local/lib/python3.8/site-packages/airflow/example_dags/example_latest_only.py took 0.150 seconds
[2025-04-09T07:17:22.858+0000] {processor.py:161} INFO - Started process (PID=925) to work on /home/airflow/.local/lib/python3.8/site-packages/airflow/example_dags/example_latest_only.py
[2025-04-09T07:17:22.859+0000] {processor.py:830} INFO - Processing file /home/airflow/.local/lib/python3.8/site-packages/airflow/example_dags/example_latest_only.py for tasks to queue
[2025-04-09T07:17:22.861+0000] {logging_mixin.py:188} INFO - [2025-04-09T07:17:22.860+0000] {dagbag.py:538} INFO - Filling up the DagBag from /home/airflow/.local/lib/python3.8/site-packages/airflow/example_dags/example_latest_only.py
[2025-04-09T07:17:22.866+0000] {processor.py:840} INFO - DAG(s) 'latest_only' retrieved from /home/airflow/.local/lib/python3.8/site-packages/airflow/example_dags/example_latest_only.py
[2025-04-09T07:17:22.891+0000] {logging_mixin.py:188} INFO - [2025-04-09T07:17:22.890+0000] {dag.py:3036} INFO - Sync 1 DAGs
[2025-04-09T07:17:22.918+0000] {logging_mixin.py:188} INFO - [2025-04-09T07:17:22.917+0000] {dag.py:3823} INFO - Setting next_dagrun for latest_only to 2025-04-09 00:00:00+00:00, run_after=2025-04-09 04:00:00+00:00
[2025-04-09T07:17:22.981+0000] {processor.py:183} INFO - Processing /home/airflow/.local/lib/python3.8/site-packages/airflow/example_dags/example_latest_only.py took 0.127 seconds
[2025-04-09T07:17:53.626+0000] {processor.py:161} INFO - Started process (PID=983) to work on /home/airflow/.local/lib/python3.8/site-packages/airflow/example_dags/example_latest_only.py
[2025-04-09T07:17:53.627+0000] {processor.py:830} INFO - Processing file /home/airflow/.local/lib/python3.8/site-packages/airflow/example_dags/example_latest_only.py for tasks to queue
[2025-04-09T07:17:53.629+0000] {logging_mixin.py:188} INFO - [2025-04-09T07:17:53.629+0000] {dagbag.py:538} INFO - Filling up the DagBag from /home/airflow/.local/lib/python3.8/site-packages/airflow/example_dags/example_latest_only.py
[2025-04-09T07:17:53.633+0000] {processor.py:840} INFO - DAG(s) 'latest_only' retrieved from /home/airflow/.local/lib/python3.8/site-packages/airflow/example_dags/example_latest_only.py
[2025-04-09T07:17:53.658+0000] {logging_mixin.py:188} INFO - [2025-04-09T07:17:53.658+0000] {dag.py:3036} INFO - Sync 1 DAGs
[2025-04-09T07:17:53.682+0000] {logging_mixin.py:188} INFO - [2025-04-09T07:17:53.681+0000] {dag.py:3823} INFO - Setting next_dagrun for latest_only to 2025-04-09 00:00:00+00:00, run_after=2025-04-09 04:00:00+00:00
[2025-04-09T07:17:53.741+0000] {processor.py:183} INFO - Processing /home/airflow/.local/lib/python3.8/site-packages/airflow/example_dags/example_latest_only.py took 0.117 seconds
[2025-04-09T07:18:24.636+0000] {processor.py:161} INFO - Started process (PID=1041) to work on /home/airflow/.local/lib/python3.8/site-packages/airflow/example_dags/example_latest_only.py
[2025-04-09T07:18:24.637+0000] {processor.py:830} INFO - Processing file /home/airflow/.local/lib/python3.8/site-packages/airflow/example_dags/example_latest_only.py for tasks to queue
[2025-04-09T07:18:24.639+0000] {logging_mixin.py:188} INFO - [2025-04-09T07:18:24.638+0000] {dagbag.py:538} INFO - Filling up the DagBag from /home/airflow/.local/lib/python3.8/site-packages/airflow/example_dags/example_latest_only.py
[2025-04-09T07:18:24.644+0000] {processor.py:840} INFO - DAG(s) 'latest_only' retrieved from /home/airflow/.local/lib/python3.8/site-packages/airflow/example_dags/example_latest_only.py
[2025-04-09T07:18:24.668+0000] {logging_mixin.py:188} INFO - [2025-04-09T07:18:24.667+0000] {dag.py:3036} INFO - Sync 1 DAGs
[2025-04-09T07:18:24.694+0000] {logging_mixin.py:188} INFO - [2025-04-09T07:18:24.693+0000] {dag.py:3823} INFO - Setting next_dagrun for latest_only to 2025-04-09 00:00:00+00:00, run_after=2025-04-09 04:00:00+00:00
[2025-04-09T07:18:24.758+0000] {processor.py:183} INFO - Processing /home/airflow/.local/lib/python3.8/site-packages/airflow/example_dags/example_latest_only.py took 0.125 seconds
[2025-04-09T07:18:55.139+0000] {processor.py:161} INFO - Started process (PID=1099) to work on /home/airflow/.local/lib/python3.8/site-packages/airflow/example_dags/example_latest_only.py
[2025-04-09T07:18:55.143+0000] {processor.py:830} INFO - Processing file /home/airflow/.local/lib/python3.8/site-packages/airflow/example_dags/example_latest_only.py for tasks to queue
[2025-04-09T07:18:55.145+0000] {logging_mixin.py:188} INFO - [2025-04-09T07:18:55.145+0000] {dagbag.py:538} INFO - Filling up the DagBag from /home/airflow/.local/lib/python3.8/site-packages/airflow/example_dags/example_latest_only.py
[2025-04-09T07:18:55.150+0000] {processor.py:840} INFO - DAG(s) 'latest_only' retrieved from /home/airflow/.local/lib/python3.8/site-packages/airflow/example_dags/example_latest_only.py
[2025-04-09T07:18:55.175+0000] {logging_mixin.py:188} INFO - [2025-04-09T07:18:55.174+0000] {dag.py:3036} INFO - Sync 1 DAGs
[2025-04-09T07:18:55.198+0000] {logging_mixin.py:188} INFO - [2025-04-09T07:18:55.198+0000] {dag.py:3823} INFO - Setting next_dagrun for latest_only to 2025-04-09 00:00:00+00:00, run_after=2025-04-09 04:00:00+00:00
[2025-04-09T07:18:55.252+0000] {processor.py:183} INFO - Processing /home/airflow/.local/lib/python3.8/site-packages/airflow/example_dags/example_latest_only.py took 0.116 seconds
[2025-04-09T07:19:25.296+0000] {processor.py:161} INFO - Started process (PID=1156) to work on /home/airflow/.local/lib/python3.8/site-packages/airflow/example_dags/example_latest_only.py
[2025-04-09T07:19:25.296+0000] {processor.py:830} INFO - Processing file /home/airflow/.local/lib/python3.8/site-packages/airflow/example_dags/example_latest_only.py for tasks to queue
[2025-04-09T07:19:25.298+0000] {logging_mixin.py:188} INFO - [2025-04-09T07:19:25.298+0000] {dagbag.py:538} INFO - Filling up the DagBag from /home/airflow/.local/lib/python3.8/site-packages/airflow/example_dags/example_latest_only.py
[2025-04-09T07:19:25.302+0000] {processor.py:840} INFO - DAG(s) 'latest_only' retrieved from /home/airflow/.local/lib/python3.8/site-packages/airflow/example_dags/example_latest_only.py
[2025-04-09T07:19:25.323+0000] {logging_mixin.py:188} INFO - [2025-04-09T07:19:25.323+0000] {dag.py:3036} INFO - Sync 1 DAGs
[2025-04-09T07:19:25.347+0000] {logging_mixin.py:188} INFO - [2025-04-09T07:19:25.346+0000] {dag.py:3823} INFO - Setting next_dagrun for latest_only to 2025-04-09 00:00:00+00:00, run_after=2025-04-09 04:00:00+00:00
[2025-04-09T07:19:25.417+0000] {processor.py:183} INFO - Processing /home/airflow/.local/lib/python3.8/site-packages/airflow/example_dags/example_latest_only.py took 0.125 seconds
[2025-04-09T07:19:55.609+0000] {processor.py:161} INFO - Started process (PID=1209) to work on /home/airflow/.local/lib/python3.8/site-packages/airflow/example_dags/example_latest_only.py
[2025-04-09T07:19:55.627+0000] {processor.py:830} INFO - Processing file /home/airflow/.local/lib/python3.8/site-packages/airflow/example_dags/example_latest_only.py for tasks to queue
[2025-04-09T07:19:55.630+0000] {logging_mixin.py:188} INFO - [2025-04-09T07:19:55.629+0000] {dagbag.py:538} INFO - Filling up the DagBag from /home/airflow/.local/lib/python3.8/site-packages/airflow/example_dags/example_latest_only.py
[2025-04-09T07:19:55.634+0000] {processor.py:840} INFO - DAG(s) 'latest_only' retrieved from /home/airflow/.local/lib/python3.8/site-packages/airflow/example_dags/example_latest_only.py
[2025-04-09T07:19:55.655+0000] {logging_mixin.py:188} INFO - [2025-04-09T07:19:55.655+0000] {dag.py:3036} INFO - Sync 1 DAGs
[2025-04-09T07:19:55.677+0000] {logging_mixin.py:188} INFO - [2025-04-09T07:19:55.677+0000] {dag.py:3823} INFO - Setting next_dagrun for latest_only to 2025-04-09 00:00:00+00:00, run_after=2025-04-09 04:00:00+00:00
[2025-04-09T07:19:55.728+0000] {processor.py:183} INFO - Processing /home/airflow/.local/lib/python3.8/site-packages/airflow/example_dags/example_latest_only.py took 0.122 seconds
[2025-04-09T07:20:25.908+0000] {processor.py:161} INFO - Started process (PID=1267) to work on /home/airflow/.local/lib/python3.8/site-packages/airflow/example_dags/example_latest_only.py
[2025-04-09T07:20:25.909+0000] {processor.py:830} INFO - Processing file /home/airflow/.local/lib/python3.8/site-packages/airflow/example_dags/example_latest_only.py for tasks to queue
[2025-04-09T07:20:25.911+0000] {logging_mixin.py:188} INFO - [2025-04-09T07:20:25.911+0000] {dagbag.py:538} INFO - Filling up the DagBag from /home/airflow/.local/lib/python3.8/site-packages/airflow/example_dags/example_latest_only.py
[2025-04-09T07:20:25.916+0000] {processor.py:840} INFO - DAG(s) 'latest_only' retrieved from /home/airflow/.local/lib/python3.8/site-packages/airflow/example_dags/example_latest_only.py
[2025-04-09T07:20:25.939+0000] {logging_mixin.py:188} INFO - [2025-04-09T07:20:25.939+0000] {dag.py:3036} INFO - Sync 1 DAGs
[2025-04-09T07:20:25.964+0000] {logging_mixin.py:188} INFO - [2025-04-09T07:20:25.963+0000] {dag.py:3823} INFO - Setting next_dagrun for latest_only to 2025-04-09 00:00:00+00:00, run_after=2025-04-09 04:00:00+00:00
[2025-04-09T07:20:26.012+0000] {processor.py:183} INFO - Processing /home/airflow/.local/lib/python3.8/site-packages/airflow/example_dags/example_latest_only.py took 0.107 seconds
[2025-04-09T07:20:58.105+0000] {processor.py:161} INFO - Started process (PID=1325) to work on /home/airflow/.local/lib/python3.8/site-packages/airflow/example_dags/example_latest_only.py
[2025-04-09T07:20:58.107+0000] {processor.py:830} INFO - Processing file /home/airflow/.local/lib/python3.8/site-packages/airflow/example_dags/example_latest_only.py for tasks to queue
[2025-04-09T07:20:58.110+0000] {logging_mixin.py:188} INFO - [2025-04-09T07:20:58.109+0000] {dagbag.py:538} INFO - Filling up the DagBag from /home/airflow/.local/lib/python3.8/site-packages/airflow/example_dags/example_latest_only.py
[2025-04-09T07:20:58.116+0000] {processor.py:840} INFO - DAG(s) 'latest_only' retrieved from /home/airflow/.local/lib/python3.8/site-packages/airflow/example_dags/example_latest_only.py
[2025-04-09T07:20:58.137+0000] {logging_mixin.py:188} INFO - [2025-04-09T07:20:58.137+0000] {dag.py:3036} INFO - Sync 1 DAGs
[2025-04-09T07:20:58.160+0000] {logging_mixin.py:188} INFO - [2025-04-09T07:20:58.160+0000] {dag.py:3823} INFO - Setting next_dagrun for latest_only to 2025-04-09 00:00:00+00:00, run_after=2025-04-09 04:00:00+00:00
[2025-04-09T07:20:58.224+0000] {processor.py:183} INFO - Processing /home/airflow/.local/lib/python3.8/site-packages/airflow/example_dags/example_latest_only.py took 0.122 seconds
[2025-04-09T07:21:29.172+0000] {processor.py:161} INFO - Started process (PID=1383) to work on /home/airflow/.local/lib/python3.8/site-packages/airflow/example_dags/example_latest_only.py
[2025-04-09T07:21:29.174+0000] {processor.py:830} INFO - Processing file /home/airflow/.local/lib/python3.8/site-packages/airflow/example_dags/example_latest_only.py for tasks to queue
[2025-04-09T07:21:29.175+0000] {logging_mixin.py:188} INFO - [2025-04-09T07:21:29.175+0000] {dagbag.py:538} INFO - Filling up the DagBag from /home/airflow/.local/lib/python3.8/site-packages/airflow/example_dags/example_latest_only.py
[2025-04-09T07:21:29.180+0000] {processor.py:840} INFO - DAG(s) 'latest_only' retrieved from /home/airflow/.local/lib/python3.8/site-packages/airflow/example_dags/example_latest_only.py
[2025-04-09T07:21:29.206+0000] {logging_mixin.py:188} INFO - [2025-04-09T07:21:29.206+0000] {dag.py:3036} INFO - Sync 1 DAGs
[2025-04-09T07:21:29.236+0000] {logging_mixin.py:188} INFO - [2025-04-09T07:21:29.236+0000] {dag.py:3823} INFO - Setting next_dagrun for latest_only to 2025-04-09 00:00:00+00:00, run_after=2025-04-09 04:00:00+00:00
[2025-04-09T07:21:29.307+0000] {processor.py:183} INFO - Processing /home/airflow/.local/lib/python3.8/site-packages/airflow/example_dags/example_latest_only.py took 0.139 seconds
[2025-04-09T07:21:59.859+0000] {processor.py:161} INFO - Started process (PID=1441) to work on /home/airflow/.local/lib/python3.8/site-packages/airflow/example_dags/example_latest_only.py
[2025-04-09T07:21:59.884+0000] {processor.py:830} INFO - Processing file /home/airflow/.local/lib/python3.8/site-packages/airflow/example_dags/example_latest_only.py for tasks to queue
[2025-04-09T07:21:59.886+0000] {logging_mixin.py:188} INFO - [2025-04-09T07:21:59.885+0000] {dagbag.py:538} INFO - Filling up the DagBag from /home/airflow/.local/lib/python3.8/site-packages/airflow/example_dags/example_latest_only.py
[2025-04-09T07:21:59.891+0000] {processor.py:840} INFO - DAG(s) 'latest_only' retrieved from /home/airflow/.local/lib/python3.8/site-packages/airflow/example_dags/example_latest_only.py
[2025-04-09T07:21:59.915+0000] {logging_mixin.py:188} INFO - [2025-04-09T07:21:59.915+0000] {dag.py:3036} INFO - Sync 1 DAGs
[2025-04-09T07:21:59.939+0000] {logging_mixin.py:188} INFO - [2025-04-09T07:21:59.939+0000] {dag.py:3823} INFO - Setting next_dagrun for latest_only to 2025-04-09 00:00:00+00:00, run_after=2025-04-09 04:00:00+00:00
[2025-04-09T07:21:59.997+0000] {processor.py:183} INFO - Processing /home/airflow/.local/lib/python3.8/site-packages/airflow/example_dags/example_latest_only.py took 0.141 seconds
[2025-04-09T07:22:30.043+0000] {processor.py:161} INFO - Started process (PID=1499) to work on /home/airflow/.local/lib/python3.8/site-packages/airflow/example_dags/example_latest_only.py
[2025-04-09T07:22:30.045+0000] {processor.py:830} INFO - Processing file /home/airflow/.local/lib/python3.8/site-packages/airflow/example_dags/example_latest_only.py for tasks to queue
[2025-04-09T07:22:30.048+0000] {logging_mixin.py:188} INFO - [2025-04-09T07:22:30.048+0000] {dagbag.py:538} INFO - Filling up the DagBag from /home/airflow/.local/lib/python3.8/site-packages/airflow/example_dags/example_latest_only.py
[2025-04-09T07:22:30.056+0000] {processor.py:840} INFO - DAG(s) 'latest_only' retrieved from /home/airflow/.local/lib/python3.8/site-packages/airflow/example_dags/example_latest_only.py
[2025-04-09T07:22:30.084+0000] {logging_mixin.py:188} INFO - [2025-04-09T07:22:30.084+0000] {dag.py:3036} INFO - Sync 1 DAGs
[2025-04-09T07:22:30.107+0000] {logging_mixin.py:188} INFO - [2025-04-09T07:22:30.107+0000] {dag.py:3823} INFO - Setting next_dagrun for latest_only to 2025-04-09 00:00:00+00:00, run_after=2025-04-09 04:00:00+00:00
[2025-04-09T07:22:30.160+0000] {processor.py:183} INFO - Processing /home/airflow/.local/lib/python3.8/site-packages/airflow/example_dags/example_latest_only.py took 0.120 seconds
[2025-04-09T07:23:00.541+0000] {processor.py:161} INFO - Started process (PID=1557) to work on /home/airflow/.local/lib/python3.8/site-packages/airflow/example_dags/example_latest_only.py
[2025-04-09T07:23:00.542+0000] {processor.py:830} INFO - Processing file /home/airflow/.local/lib/python3.8/site-packages/airflow/example_dags/example_latest_only.py for tasks to queue
[2025-04-09T07:23:00.543+0000] {logging_mixin.py:188} INFO - [2025-04-09T07:23:00.543+0000] {dagbag.py:538} INFO - Filling up the DagBag from /home/airflow/.local/lib/python3.8/site-packages/airflow/example_dags/example_latest_only.py
[2025-04-09T07:23:00.549+0000] {processor.py:840} INFO - DAG(s) 'latest_only' retrieved from /home/airflow/.local/lib/python3.8/site-packages/airflow/example_dags/example_latest_only.py
[2025-04-09T07:23:00.572+0000] {logging_mixin.py:188} INFO - [2025-04-09T07:23:00.572+0000] {dag.py:3036} INFO - Sync 1 DAGs
[2025-04-09T07:23:00.598+0000] {logging_mixin.py:188} INFO - [2025-04-09T07:23:00.598+0000] {dag.py:3823} INFO - Setting next_dagrun for latest_only to 2025-04-09 00:00:00+00:00, run_after=2025-04-09 04:00:00+00:00
[2025-04-09T07:23:00.664+0000] {processor.py:183} INFO - Processing /home/airflow/.local/lib/python3.8/site-packages/airflow/example_dags/example_latest_only.py took 0.126 seconds
[2025-04-09T07:23:31.272+0000] {processor.py:161} INFO - Started process (PID=1615) to work on /home/airflow/.local/lib/python3.8/site-packages/airflow/example_dags/example_latest_only.py
[2025-04-09T07:23:31.273+0000] {processor.py:830} INFO - Processing file /home/airflow/.local/lib/python3.8/site-packages/airflow/example_dags/example_latest_only.py for tasks to queue
[2025-04-09T07:23:31.275+0000] {logging_mixin.py:188} INFO - [2025-04-09T07:23:31.274+0000] {dagbag.py:538} INFO - Filling up the DagBag from /home/airflow/.local/lib/python3.8/site-packages/airflow/example_dags/example_latest_only.py
[2025-04-09T07:23:31.280+0000] {processor.py:840} INFO - DAG(s) 'latest_only' retrieved from /home/airflow/.local/lib/python3.8/site-packages/airflow/example_dags/example_latest_only.py
[2025-04-09T07:23:31.305+0000] {logging_mixin.py:188} INFO - [2025-04-09T07:23:31.304+0000] {dag.py:3036} INFO - Sync 1 DAGs
[2025-04-09T07:23:31.328+0000] {logging_mixin.py:188} INFO - [2025-04-09T07:23:31.328+0000] {dag.py:3823} INFO - Setting next_dagrun for latest_only to 2025-04-09 00:00:00+00:00, run_after=2025-04-09 04:00:00+00:00
[2025-04-09T07:23:31.386+0000] {processor.py:183} INFO - Processing /home/airflow/.local/lib/python3.8/site-packages/airflow/example_dags/example_latest_only.py took 0.117 seconds
[2025-04-09T07:24:01.963+0000] {processor.py:161} INFO - Started process (PID=1673) to work on /home/airflow/.local/lib/python3.8/site-packages/airflow/example_dags/example_latest_only.py
[2025-04-09T07:24:01.975+0000] {processor.py:830} INFO - Processing file /home/airflow/.local/lib/python3.8/site-packages/airflow/example_dags/example_latest_only.py for tasks to queue
[2025-04-09T07:24:01.977+0000] {logging_mixin.py:188} INFO - [2025-04-09T07:24:01.977+0000] {dagbag.py:538} INFO - Filling up the DagBag from /home/airflow/.local/lib/python3.8/site-packages/airflow/example_dags/example_latest_only.py
[2025-04-09T07:24:01.982+0000] {processor.py:840} INFO - DAG(s) 'latest_only' retrieved from /home/airflow/.local/lib/python3.8/site-packages/airflow/example_dags/example_latest_only.py
[2025-04-09T07:24:02.003+0000] {logging_mixin.py:188} INFO - [2025-04-09T07:24:02.003+0000] {dag.py:3036} INFO - Sync 1 DAGs
[2025-04-09T07:24:02.026+0000] {logging_mixin.py:188} INFO - [2025-04-09T07:24:02.026+0000] {dag.py:3823} INFO - Setting next_dagrun for latest_only to 2025-04-09 00:00:00+00:00, run_after=2025-04-09 04:00:00+00:00
[2025-04-09T07:24:02.108+0000] {processor.py:183} INFO - Processing /home/airflow/.local/lib/python3.8/site-packages/airflow/example_dags/example_latest_only.py took 0.148 seconds
[2025-04-09T07:24:33.564+0000] {processor.py:161} INFO - Started process (PID=1731) to work on /home/airflow/.local/lib/python3.8/site-packages/airflow/example_dags/example_latest_only.py
[2025-04-09T07:24:33.565+0000] {processor.py:830} INFO - Processing file /home/airflow/.local/lib/python3.8/site-packages/airflow/example_dags/example_latest_only.py for tasks to queue
[2025-04-09T07:24:33.567+0000] {logging_mixin.py:188} INFO - [2025-04-09T07:24:33.566+0000] {dagbag.py:538} INFO - Filling up the DagBag from /home/airflow/.local/lib/python3.8/site-packages/airflow/example_dags/example_latest_only.py
[2025-04-09T07:24:33.571+0000] {processor.py:840} INFO - DAG(s) 'latest_only' retrieved from /home/airflow/.local/lib/python3.8/site-packages/airflow/example_dags/example_latest_only.py
[2025-04-09T07:24:33.593+0000] {logging_mixin.py:188} INFO - [2025-04-09T07:24:33.592+0000] {dag.py:3036} INFO - Sync 1 DAGs
[2025-04-09T07:24:33.616+0000] {logging_mixin.py:188} INFO - [2025-04-09T07:24:33.615+0000] {dag.py:3823} INFO - Setting next_dagrun for latest_only to 2025-04-09 00:00:00+00:00, run_after=2025-04-09 04:00:00+00:00
[2025-04-09T07:24:33.673+0000] {processor.py:183} INFO - Processing /home/airflow/.local/lib/python3.8/site-packages/airflow/example_dags/example_latest_only.py took 0.112 seconds
[2025-04-09T07:25:03.822+0000] {processor.py:161} INFO - Started process (PID=1789) to work on /home/airflow/.local/lib/python3.8/site-packages/airflow/example_dags/example_latest_only.py
[2025-04-09T07:25:03.822+0000] {processor.py:830} INFO - Processing file /home/airflow/.local/lib/python3.8/site-packages/airflow/example_dags/example_latest_only.py for tasks to queue
[2025-04-09T07:25:03.824+0000] {logging_mixin.py:188} INFO - [2025-04-09T07:25:03.824+0000] {dagbag.py:538} INFO - Filling up the DagBag from /home/airflow/.local/lib/python3.8/site-packages/airflow/example_dags/example_latest_only.py
[2025-04-09T07:25:03.829+0000] {processor.py:840} INFO - DAG(s) 'latest_only' retrieved from /home/airflow/.local/lib/python3.8/site-packages/airflow/example_dags/example_latest_only.py
[2025-04-09T07:25:03.851+0000] {logging_mixin.py:188} INFO - [2025-04-09T07:25:03.851+0000] {dag.py:3036} INFO - Sync 1 DAGs
[2025-04-09T07:25:03.876+0000] {logging_mixin.py:188} INFO - [2025-04-09T07:25:03.876+0000] {dag.py:3823} INFO - Setting next_dagrun for latest_only to 2025-04-09 00:00:00+00:00, run_after=2025-04-09 04:00:00+00:00
[2025-04-09T07:25:04.139+0000] {processor.py:183} INFO - Processing /home/airflow/.local/lib/python3.8/site-packages/airflow/example_dags/example_latest_only.py took 0.321 seconds
[2025-04-09T07:25:34.203+0000] {processor.py:161} INFO - Started process (PID=1847) to work on /home/airflow/.local/lib/python3.8/site-packages/airflow/example_dags/example_latest_only.py
[2025-04-09T07:25:34.203+0000] {processor.py:830} INFO - Processing file /home/airflow/.local/lib/python3.8/site-packages/airflow/example_dags/example_latest_only.py for tasks to queue
[2025-04-09T07:25:34.205+0000] {logging_mixin.py:188} INFO - [2025-04-09T07:25:34.205+0000] {dagbag.py:538} INFO - Filling up the DagBag from /home/airflow/.local/lib/python3.8/site-packages/airflow/example_dags/example_latest_only.py
[2025-04-09T07:25:34.210+0000] {processor.py:840} INFO - DAG(s) 'latest_only' retrieved from /home/airflow/.local/lib/python3.8/site-packages/airflow/example_dags/example_latest_only.py
[2025-04-09T07:25:34.235+0000] {logging_mixin.py:188} INFO - [2025-04-09T07:25:34.235+0000] {dag.py:3036} INFO - Sync 1 DAGs
[2025-04-09T07:25:34.267+0000] {logging_mixin.py:188} INFO - [2025-04-09T07:25:34.267+0000] {dag.py:3823} INFO - Setting next_dagrun for latest_only to 2025-04-09 00:00:00+00:00, run_after=2025-04-09 04:00:00+00:00
[2025-04-09T07:25:34.344+0000] {processor.py:183} INFO - Processing /home/airflow/.local/lib/python3.8/site-packages/airflow/example_dags/example_latest_only.py took 0.144 seconds
