[2025-04-09T06:43:10.981+0000] {processor.py:161} INFO - Started process (PID=791) to work on /home/airflow/.local/lib/python3.8/site-packages/airflow/example_dags/example_branch_operator.py
[2025-04-09T06:43:10.982+0000] {processor.py:830} INFO - Processing file /home/airflow/.local/lib/python3.8/site-packages/airflow/example_dags/example_branch_operator.py for tasks to queue
[2025-04-09T06:43:10.984+0000] {logging_mixin.py:188} INFO - [2025-04-09T06:43:10.984+0000] {dagbag.py:538} INFO - Filling up the DagBag from /home/airflow/.local/lib/python3.8/site-packages/airflow/example_dags/example_branch_operator.py
[2025-04-09T06:43:11.004+0000] {processor.py:840} INFO - DAG(s) 'example_branch_operator' retrieved from /home/airflow/.local/lib/python3.8/site-packages/airflow/example_dags/example_branch_operator.py
[2025-04-09T06:43:11.149+0000] {logging_mixin.py:188} INFO - [2025-04-09T06:43:11.148+0000] {dag.py:3036} INFO - Sync 1 DAGs
[2025-04-09T06:43:11.344+0000] {logging_mixin.py:188} INFO - [2025-04-09T06:43:11.343+0000] {dag.py:3823} INFO - Setting next_dagrun for example_branch_operator to 2025-04-08 00:00:00+00:00, run_after=2025-04-09 00:00:00+00:00
[2025-04-09T06:43:11.403+0000] {processor.py:183} INFO - Processing /home/airflow/.local/lib/python3.8/site-packages/airflow/example_dags/example_branch_operator.py took 0.426 seconds
[2025-04-09T06:45:26.895+0000] {processor.py:161} INFO - Started process (PID=89) to work on /home/airflow/.local/lib/python3.8/site-packages/airflow/example_dags/example_branch_operator.py
[2025-04-09T06:45:26.896+0000] {processor.py:830} INFO - Processing file /home/airflow/.local/lib/python3.8/site-packages/airflow/example_dags/example_branch_operator.py for tasks to queue
[2025-04-09T06:45:26.898+0000] {logging_mixin.py:188} INFO - [2025-04-09T06:45:26.898+0000] {dagbag.py:538} INFO - Filling up the DagBag from /home/airflow/.local/lib/python3.8/site-packages/airflow/example_dags/example_branch_operator.py
[2025-04-09T06:45:26.921+0000] {processor.py:840} INFO - DAG(s) 'example_branch_operator' retrieved from /home/airflow/.local/lib/python3.8/site-packages/airflow/example_dags/example_branch_operator.py
[2025-04-09T06:45:27.052+0000] {logging_mixin.py:188} INFO - [2025-04-09T06:45:27.052+0000] {dag.py:3036} INFO - Sync 1 DAGs
[2025-04-09T06:45:27.074+0000] {logging_mixin.py:188} INFO - [2025-04-09T06:45:27.074+0000] {dag.py:3823} INFO - Setting next_dagrun for example_branch_operator to 2025-04-08 00:00:00+00:00, run_after=2025-04-09 00:00:00+00:00
[2025-04-09T06:45:27.132+0000] {processor.py:183} INFO - Processing /home/airflow/.local/lib/python3.8/site-packages/airflow/example_dags/example_branch_operator.py took 0.241 seconds
[2025-04-09T06:45:57.642+0000] {processor.py:161} INFO - Started process (PID=147) to work on /home/airflow/.local/lib/python3.8/site-packages/airflow/example_dags/example_branch_operator.py
[2025-04-09T06:45:57.643+0000] {processor.py:830} INFO - Processing file /home/airflow/.local/lib/python3.8/site-packages/airflow/example_dags/example_branch_operator.py for tasks to queue
[2025-04-09T06:45:57.644+0000] {logging_mixin.py:188} INFO - [2025-04-09T06:45:57.644+0000] {dagbag.py:538} INFO - Filling up the DagBag from /home/airflow/.local/lib/python3.8/site-packages/airflow/example_dags/example_branch_operator.py
[2025-04-09T06:45:57.666+0000] {processor.py:840} INFO - DAG(s) 'example_branch_operator' retrieved from /home/airflow/.local/lib/python3.8/site-packages/airflow/example_dags/example_branch_operator.py
[2025-04-09T06:45:57.701+0000] {logging_mixin.py:188} INFO - [2025-04-09T06:45:57.700+0000] {dag.py:3036} INFO - Sync 1 DAGs
[2025-04-09T06:45:57.732+0000] {logging_mixin.py:188} INFO - [2025-04-09T06:45:57.731+0000] {dag.py:3823} INFO - Setting next_dagrun for example_branch_operator to 2025-04-08 00:00:00+00:00, run_after=2025-04-09 00:00:00+00:00
[2025-04-09T06:45:57.884+0000] {processor.py:183} INFO - Processing /home/airflow/.local/lib/python3.8/site-packages/airflow/example_dags/example_branch_operator.py took 0.246 seconds
[2025-04-09T06:46:28.246+0000] {processor.py:161} INFO - Started process (PID=205) to work on /home/airflow/.local/lib/python3.8/site-packages/airflow/example_dags/example_branch_operator.py
[2025-04-09T06:46:28.247+0000] {processor.py:830} INFO - Processing file /home/airflow/.local/lib/python3.8/site-packages/airflow/example_dags/example_branch_operator.py for tasks to queue
[2025-04-09T06:46:28.249+0000] {logging_mixin.py:188} INFO - [2025-04-09T06:46:28.248+0000] {dagbag.py:538} INFO - Filling up the DagBag from /home/airflow/.local/lib/python3.8/site-packages/airflow/example_dags/example_branch_operator.py
[2025-04-09T06:46:28.268+0000] {processor.py:840} INFO - DAG(s) 'example_branch_operator' retrieved from /home/airflow/.local/lib/python3.8/site-packages/airflow/example_dags/example_branch_operator.py
[2025-04-09T06:46:28.298+0000] {logging_mixin.py:188} INFO - [2025-04-09T06:46:28.298+0000] {dag.py:3036} INFO - Sync 1 DAGs
[2025-04-09T06:46:28.331+0000] {logging_mixin.py:188} INFO - [2025-04-09T06:46:28.330+0000] {dag.py:3823} INFO - Setting next_dagrun for example_branch_operator to 2025-04-08 00:00:00+00:00, run_after=2025-04-09 00:00:00+00:00
[2025-04-09T06:46:28.391+0000] {processor.py:183} INFO - Processing /home/airflow/.local/lib/python3.8/site-packages/airflow/example_dags/example_branch_operator.py took 0.149 seconds
[2025-04-09T06:46:58.909+0000] {processor.py:161} INFO - Started process (PID=263) to work on /home/airflow/.local/lib/python3.8/site-packages/airflow/example_dags/example_branch_operator.py
[2025-04-09T06:46:58.911+0000] {processor.py:830} INFO - Processing file /home/airflow/.local/lib/python3.8/site-packages/airflow/example_dags/example_branch_operator.py for tasks to queue
[2025-04-09T06:46:58.912+0000] {logging_mixin.py:188} INFO - [2025-04-09T06:46:58.912+0000] {dagbag.py:538} INFO - Filling up the DagBag from /home/airflow/.local/lib/python3.8/site-packages/airflow/example_dags/example_branch_operator.py
[2025-04-09T06:46:58.947+0000] {processor.py:840} INFO - DAG(s) 'example_branch_operator' retrieved from /home/airflow/.local/lib/python3.8/site-packages/airflow/example_dags/example_branch_operator.py
[2025-04-09T06:46:58.979+0000] {logging_mixin.py:188} INFO - [2025-04-09T06:46:58.979+0000] {dag.py:3036} INFO - Sync 1 DAGs
[2025-04-09T06:46:59.011+0000] {logging_mixin.py:188} INFO - [2025-04-09T06:46:59.010+0000] {dag.py:3823} INFO - Setting next_dagrun for example_branch_operator to 2025-04-08 00:00:00+00:00, run_after=2025-04-09 00:00:00+00:00
[2025-04-09T06:46:59.079+0000] {processor.py:183} INFO - Processing /home/airflow/.local/lib/python3.8/site-packages/airflow/example_dags/example_branch_operator.py took 0.173 seconds
[2025-04-09T06:47:33.394+0000] {processor.py:161} INFO - Started process (PID=321) to work on /home/airflow/.local/lib/python3.8/site-packages/airflow/example_dags/example_branch_operator.py
[2025-04-09T06:47:33.395+0000] {processor.py:830} INFO - Processing file /home/airflow/.local/lib/python3.8/site-packages/airflow/example_dags/example_branch_operator.py for tasks to queue
[2025-04-09T06:47:33.397+0000] {logging_mixin.py:188} INFO - [2025-04-09T06:47:33.397+0000] {dagbag.py:538} INFO - Filling up the DagBag from /home/airflow/.local/lib/python3.8/site-packages/airflow/example_dags/example_branch_operator.py
[2025-04-09T06:47:33.414+0000] {processor.py:840} INFO - DAG(s) 'example_branch_operator' retrieved from /home/airflow/.local/lib/python3.8/site-packages/airflow/example_dags/example_branch_operator.py
[2025-04-09T06:47:33.442+0000] {logging_mixin.py:188} INFO - [2025-04-09T06:47:33.441+0000] {dag.py:3036} INFO - Sync 1 DAGs
[2025-04-09T06:47:33.464+0000] {logging_mixin.py:188} INFO - [2025-04-09T06:47:33.464+0000] {dag.py:3823} INFO - Setting next_dagrun for example_branch_operator to 2025-04-08 00:00:00+00:00, run_after=2025-04-09 00:00:00+00:00
[2025-04-09T06:47:33.522+0000] {processor.py:183} INFO - Processing /home/airflow/.local/lib/python3.8/site-packages/airflow/example_dags/example_branch_operator.py took 0.131 seconds
[2025-04-09T06:48:08.219+0000] {processor.py:161} INFO - Started process (PID=379) to work on /home/airflow/.local/lib/python3.8/site-packages/airflow/example_dags/example_branch_operator.py
[2025-04-09T06:48:08.220+0000] {processor.py:830} INFO - Processing file /home/airflow/.local/lib/python3.8/site-packages/airflow/example_dags/example_branch_operator.py for tasks to queue
[2025-04-09T06:48:08.222+0000] {logging_mixin.py:188} INFO - [2025-04-09T06:48:08.222+0000] {dagbag.py:538} INFO - Filling up the DagBag from /home/airflow/.local/lib/python3.8/site-packages/airflow/example_dags/example_branch_operator.py
[2025-04-09T06:48:08.239+0000] {processor.py:840} INFO - DAG(s) 'example_branch_operator' retrieved from /home/airflow/.local/lib/python3.8/site-packages/airflow/example_dags/example_branch_operator.py
[2025-04-09T06:48:08.270+0000] {logging_mixin.py:188} INFO - [2025-04-09T06:48:08.269+0000] {dag.py:3036} INFO - Sync 1 DAGs
[2025-04-09T06:48:08.298+0000] {logging_mixin.py:188} INFO - [2025-04-09T06:48:08.298+0000] {dag.py:3823} INFO - Setting next_dagrun for example_branch_operator to 2025-04-08 00:00:00+00:00, run_after=2025-04-09 00:00:00+00:00
[2025-04-09T06:48:08.369+0000] {processor.py:183} INFO - Processing /home/airflow/.local/lib/python3.8/site-packages/airflow/example_dags/example_branch_operator.py took 0.153 seconds
[2025-04-09T06:48:38.665+0000] {processor.py:161} INFO - Started process (PID=437) to work on /home/airflow/.local/lib/python3.8/site-packages/airflow/example_dags/example_branch_operator.py
[2025-04-09T06:48:38.666+0000] {processor.py:830} INFO - Processing file /home/airflow/.local/lib/python3.8/site-packages/airflow/example_dags/example_branch_operator.py for tasks to queue
[2025-04-09T06:48:38.668+0000] {logging_mixin.py:188} INFO - [2025-04-09T06:48:38.667+0000] {dagbag.py:538} INFO - Filling up the DagBag from /home/airflow/.local/lib/python3.8/site-packages/airflow/example_dags/example_branch_operator.py
[2025-04-09T06:48:38.686+0000] {processor.py:840} INFO - DAG(s) 'example_branch_operator' retrieved from /home/airflow/.local/lib/python3.8/site-packages/airflow/example_dags/example_branch_operator.py
[2025-04-09T06:48:38.715+0000] {logging_mixin.py:188} INFO - [2025-04-09T06:48:38.715+0000] {dag.py:3036} INFO - Sync 1 DAGs
[2025-04-09T06:48:38.739+0000] {logging_mixin.py:188} INFO - [2025-04-09T06:48:38.739+0000] {dag.py:3823} INFO - Setting next_dagrun for example_branch_operator to 2025-04-08 00:00:00+00:00, run_after=2025-04-09 00:00:00+00:00
[2025-04-09T06:48:38.791+0000] {processor.py:183} INFO - Processing /home/airflow/.local/lib/python3.8/site-packages/airflow/example_dags/example_branch_operator.py took 0.129 seconds
[2025-04-09T06:49:09.428+0000] {processor.py:161} INFO - Started process (PID=495) to work on /home/airflow/.local/lib/python3.8/site-packages/airflow/example_dags/example_branch_operator.py
[2025-04-09T06:49:09.429+0000] {processor.py:830} INFO - Processing file /home/airflow/.local/lib/python3.8/site-packages/airflow/example_dags/example_branch_operator.py for tasks to queue
[2025-04-09T06:49:09.431+0000] {logging_mixin.py:188} INFO - [2025-04-09T06:49:09.430+0000] {dagbag.py:538} INFO - Filling up the DagBag from /home/airflow/.local/lib/python3.8/site-packages/airflow/example_dags/example_branch_operator.py
[2025-04-09T06:49:09.452+0000] {processor.py:840} INFO - DAG(s) 'example_branch_operator' retrieved from /home/airflow/.local/lib/python3.8/site-packages/airflow/example_dags/example_branch_operator.py
[2025-04-09T06:49:09.484+0000] {logging_mixin.py:188} INFO - [2025-04-09T06:49:09.484+0000] {dag.py:3036} INFO - Sync 1 DAGs
[2025-04-09T06:49:09.509+0000] {logging_mixin.py:188} INFO - [2025-04-09T06:49:09.509+0000] {dag.py:3823} INFO - Setting next_dagrun for example_branch_operator to 2025-04-08 00:00:00+00:00, run_after=2025-04-09 00:00:00+00:00
[2025-04-09T06:49:09.568+0000] {processor.py:183} INFO - Processing /home/airflow/.local/lib/python3.8/site-packages/airflow/example_dags/example_branch_operator.py took 0.143 seconds
[2025-04-09T06:49:39.948+0000] {processor.py:161} INFO - Started process (PID=553) to work on /home/airflow/.local/lib/python3.8/site-packages/airflow/example_dags/example_branch_operator.py
[2025-04-09T06:49:39.948+0000] {processor.py:830} INFO - Processing file /home/airflow/.local/lib/python3.8/site-packages/airflow/example_dags/example_branch_operator.py for tasks to queue
[2025-04-09T06:49:39.950+0000] {logging_mixin.py:188} INFO - [2025-04-09T06:49:39.950+0000] {dagbag.py:538} INFO - Filling up the DagBag from /home/airflow/.local/lib/python3.8/site-packages/airflow/example_dags/example_branch_operator.py
[2025-04-09T06:49:39.974+0000] {processor.py:840} INFO - DAG(s) 'example_branch_operator' retrieved from /home/airflow/.local/lib/python3.8/site-packages/airflow/example_dags/example_branch_operator.py
[2025-04-09T06:49:40.005+0000] {logging_mixin.py:188} INFO - [2025-04-09T06:49:40.004+0000] {dag.py:3036} INFO - Sync 1 DAGs
[2025-04-09T06:49:40.027+0000] {logging_mixin.py:188} INFO - [2025-04-09T06:49:40.027+0000] {dag.py:3823} INFO - Setting next_dagrun for example_branch_operator to 2025-04-08 00:00:00+00:00, run_after=2025-04-09 00:00:00+00:00
[2025-04-09T06:49:40.123+0000] {processor.py:183} INFO - Processing /home/airflow/.local/lib/python3.8/site-packages/airflow/example_dags/example_branch_operator.py took 0.179 seconds
[2025-04-09T06:50:10.290+0000] {processor.py:161} INFO - Started process (PID=611) to work on /home/airflow/.local/lib/python3.8/site-packages/airflow/example_dags/example_branch_operator.py
[2025-04-09T06:50:10.291+0000] {processor.py:830} INFO - Processing file /home/airflow/.local/lib/python3.8/site-packages/airflow/example_dags/example_branch_operator.py for tasks to queue
[2025-04-09T06:50:10.293+0000] {logging_mixin.py:188} INFO - [2025-04-09T06:50:10.293+0000] {dagbag.py:538} INFO - Filling up the DagBag from /home/airflow/.local/lib/python3.8/site-packages/airflow/example_dags/example_branch_operator.py
[2025-04-09T06:50:10.314+0000] {processor.py:840} INFO - DAG(s) 'example_branch_operator' retrieved from /home/airflow/.local/lib/python3.8/site-packages/airflow/example_dags/example_branch_operator.py
[2025-04-09T06:50:10.344+0000] {logging_mixin.py:188} INFO - [2025-04-09T06:50:10.343+0000] {dag.py:3036} INFO - Sync 1 DAGs
[2025-04-09T06:50:10.370+0000] {logging_mixin.py:188} INFO - [2025-04-09T06:50:10.369+0000] {dag.py:3823} INFO - Setting next_dagrun for example_branch_operator to 2025-04-08 00:00:00+00:00, run_after=2025-04-09 00:00:00+00:00
[2025-04-09T06:50:10.535+0000] {processor.py:183} INFO - Processing /home/airflow/.local/lib/python3.8/site-packages/airflow/example_dags/example_branch_operator.py took 0.248 seconds
[2025-04-09T06:50:40.651+0000] {processor.py:161} INFO - Started process (PID=669) to work on /home/airflow/.local/lib/python3.8/site-packages/airflow/example_dags/example_branch_operator.py
[2025-04-09T06:50:40.652+0000] {processor.py:830} INFO - Processing file /home/airflow/.local/lib/python3.8/site-packages/airflow/example_dags/example_branch_operator.py for tasks to queue
[2025-04-09T06:50:40.654+0000] {logging_mixin.py:188} INFO - [2025-04-09T06:50:40.654+0000] {dagbag.py:538} INFO - Filling up the DagBag from /home/airflow/.local/lib/python3.8/site-packages/airflow/example_dags/example_branch_operator.py
[2025-04-09T06:50:40.670+0000] {processor.py:840} INFO - DAG(s) 'example_branch_operator' retrieved from /home/airflow/.local/lib/python3.8/site-packages/airflow/example_dags/example_branch_operator.py
[2025-04-09T06:50:40.698+0000] {logging_mixin.py:188} INFO - [2025-04-09T06:50:40.698+0000] {dag.py:3036} INFO - Sync 1 DAGs
[2025-04-09T06:50:40.722+0000] {logging_mixin.py:188} INFO - [2025-04-09T06:50:40.722+0000] {dag.py:3823} INFO - Setting next_dagrun for example_branch_operator to 2025-04-08 00:00:00+00:00, run_after=2025-04-09 00:00:00+00:00
[2025-04-09T06:50:40.775+0000] {processor.py:183} INFO - Processing /home/airflow/.local/lib/python3.8/site-packages/airflow/example_dags/example_branch_operator.py took 0.126 seconds
[2025-04-09T06:51:11.332+0000] {processor.py:161} INFO - Started process (PID=728) to work on /home/airflow/.local/lib/python3.8/site-packages/airflow/example_dags/example_branch_operator.py
[2025-04-09T06:51:11.333+0000] {processor.py:830} INFO - Processing file /home/airflow/.local/lib/python3.8/site-packages/airflow/example_dags/example_branch_operator.py for tasks to queue
[2025-04-09T06:51:11.334+0000] {logging_mixin.py:188} INFO - [2025-04-09T06:51:11.334+0000] {dagbag.py:538} INFO - Filling up the DagBag from /home/airflow/.local/lib/python3.8/site-packages/airflow/example_dags/example_branch_operator.py
[2025-04-09T06:51:11.350+0000] {processor.py:840} INFO - DAG(s) 'example_branch_operator' retrieved from /home/airflow/.local/lib/python3.8/site-packages/airflow/example_dags/example_branch_operator.py
[2025-04-09T06:51:11.384+0000] {logging_mixin.py:188} INFO - [2025-04-09T06:51:11.383+0000] {dag.py:3036} INFO - Sync 1 DAGs
[2025-04-09T06:51:11.411+0000] {logging_mixin.py:188} INFO - [2025-04-09T06:51:11.411+0000] {dag.py:3823} INFO - Setting next_dagrun for example_branch_operator to 2025-04-08 00:00:00+00:00, run_after=2025-04-09 00:00:00+00:00
[2025-04-09T06:51:11.502+0000] {processor.py:183} INFO - Processing /home/airflow/.local/lib/python3.8/site-packages/airflow/example_dags/example_branch_operator.py took 0.172 seconds
[2025-04-09T06:51:43.918+0000] {processor.py:161} INFO - Started process (PID=787) to work on /home/airflow/.local/lib/python3.8/site-packages/airflow/example_dags/example_branch_operator.py
[2025-04-09T06:51:43.919+0000] {processor.py:830} INFO - Processing file /home/airflow/.local/lib/python3.8/site-packages/airflow/example_dags/example_branch_operator.py for tasks to queue
[2025-04-09T06:51:43.921+0000] {logging_mixin.py:188} INFO - [2025-04-09T06:51:43.920+0000] {dagbag.py:538} INFO - Filling up the DagBag from /home/airflow/.local/lib/python3.8/site-packages/airflow/example_dags/example_branch_operator.py
[2025-04-09T06:51:43.937+0000] {processor.py:840} INFO - DAG(s) 'example_branch_operator' retrieved from /home/airflow/.local/lib/python3.8/site-packages/airflow/example_dags/example_branch_operator.py
[2025-04-09T06:51:43.964+0000] {logging_mixin.py:188} INFO - [2025-04-09T06:51:43.964+0000] {dag.py:3036} INFO - Sync 1 DAGs
[2025-04-09T06:51:43.990+0000] {logging_mixin.py:188} INFO - [2025-04-09T06:51:43.990+0000] {dag.py:3823} INFO - Setting next_dagrun for example_branch_operator to 2025-04-08 00:00:00+00:00, run_after=2025-04-09 00:00:00+00:00
[2025-04-09T06:51:44.043+0000] {processor.py:183} INFO - Processing /home/airflow/.local/lib/python3.8/site-packages/airflow/example_dags/example_branch_operator.py took 0.129 seconds
[2025-04-09T06:52:34.222+0000] {processor.py:161} INFO - Started process (PID=97) to work on /home/airflow/.local/lib/python3.8/site-packages/airflow/example_dags/example_branch_operator.py
[2025-04-09T06:52:34.224+0000] {processor.py:830} INFO - Processing file /home/airflow/.local/lib/python3.8/site-packages/airflow/example_dags/example_branch_operator.py for tasks to queue
[2025-04-09T06:52:34.228+0000] {logging_mixin.py:188} INFO - [2025-04-09T06:52:34.227+0000] {dagbag.py:538} INFO - Filling up the DagBag from /home/airflow/.local/lib/python3.8/site-packages/airflow/example_dags/example_branch_operator.py
[2025-04-09T06:52:34.266+0000] {processor.py:840} INFO - DAG(s) 'example_branch_operator' retrieved from /home/airflow/.local/lib/python3.8/site-packages/airflow/example_dags/example_branch_operator.py
[2025-04-09T06:52:34.290+0000] {logging_mixin.py:188} INFO - [2025-04-09T06:52:34.289+0000] {dag.py:3036} INFO - Sync 1 DAGs
[2025-04-09T06:52:34.347+0000] {logging_mixin.py:188} INFO - [2025-04-09T06:52:34.347+0000] {dag.py:3823} INFO - Setting next_dagrun for example_branch_operator to 2025-04-08 00:00:00+00:00, run_after=2025-04-09 00:00:00+00:00
[2025-04-09T06:52:34.478+0000] {processor.py:183} INFO - Processing /home/airflow/.local/lib/python3.8/site-packages/airflow/example_dags/example_branch_operator.py took 0.261 seconds
[2025-04-09T06:53:06.840+0000] {processor.py:161} INFO - Started process (PID=155) to work on /home/airflow/.local/lib/python3.8/site-packages/airflow/example_dags/example_branch_operator.py
[2025-04-09T06:53:06.841+0000] {processor.py:830} INFO - Processing file /home/airflow/.local/lib/python3.8/site-packages/airflow/example_dags/example_branch_operator.py for tasks to queue
[2025-04-09T06:53:06.843+0000] {logging_mixin.py:188} INFO - [2025-04-09T06:53:06.842+0000] {dagbag.py:538} INFO - Filling up the DagBag from /home/airflow/.local/lib/python3.8/site-packages/airflow/example_dags/example_branch_operator.py
[2025-04-09T06:53:06.858+0000] {processor.py:840} INFO - DAG(s) 'example_branch_operator' retrieved from /home/airflow/.local/lib/python3.8/site-packages/airflow/example_dags/example_branch_operator.py
[2025-04-09T06:53:06.968+0000] {logging_mixin.py:188} INFO - [2025-04-09T06:53:06.968+0000] {dag.py:3036} INFO - Sync 1 DAGs
[2025-04-09T06:53:06.990+0000] {logging_mixin.py:188} INFO - [2025-04-09T06:53:06.990+0000] {dag.py:3823} INFO - Setting next_dagrun for example_branch_operator to 2025-04-08 00:00:00+00:00, run_after=2025-04-09 00:00:00+00:00
[2025-04-09T06:53:07.054+0000] {processor.py:183} INFO - Processing /home/airflow/.local/lib/python3.8/site-packages/airflow/example_dags/example_branch_operator.py took 0.217 seconds
[2025-04-09T06:53:37.431+0000] {processor.py:161} INFO - Started process (PID=213) to work on /home/airflow/.local/lib/python3.8/site-packages/airflow/example_dags/example_branch_operator.py
[2025-04-09T06:53:37.432+0000] {processor.py:830} INFO - Processing file /home/airflow/.local/lib/python3.8/site-packages/airflow/example_dags/example_branch_operator.py for tasks to queue
[2025-04-09T06:53:37.434+0000] {logging_mixin.py:188} INFO - [2025-04-09T06:53:37.434+0000] {dagbag.py:538} INFO - Filling up the DagBag from /home/airflow/.local/lib/python3.8/site-packages/airflow/example_dags/example_branch_operator.py
[2025-04-09T06:53:37.455+0000] {processor.py:840} INFO - DAG(s) 'example_branch_operator' retrieved from /home/airflow/.local/lib/python3.8/site-packages/airflow/example_dags/example_branch_operator.py
[2025-04-09T06:53:37.487+0000] {logging_mixin.py:188} INFO - [2025-04-09T06:53:37.487+0000] {dag.py:3036} INFO - Sync 1 DAGs
[2025-04-09T06:53:37.514+0000] {logging_mixin.py:188} INFO - [2025-04-09T06:53:37.513+0000] {dag.py:3823} INFO - Setting next_dagrun for example_branch_operator to 2025-04-08 00:00:00+00:00, run_after=2025-04-09 00:00:00+00:00
[2025-04-09T06:53:37.571+0000] {processor.py:183} INFO - Processing /home/airflow/.local/lib/python3.8/site-packages/airflow/example_dags/example_branch_operator.py took 0.143 seconds
[2025-04-09T06:54:11.037+0000] {processor.py:161} INFO - Started process (PID=271) to work on /home/airflow/.local/lib/python3.8/site-packages/airflow/example_dags/example_branch_operator.py
[2025-04-09T06:54:11.081+0000] {processor.py:830} INFO - Processing file /home/airflow/.local/lib/python3.8/site-packages/airflow/example_dags/example_branch_operator.py for tasks to queue
[2025-04-09T06:54:11.083+0000] {logging_mixin.py:188} INFO - [2025-04-09T06:54:11.083+0000] {dagbag.py:538} INFO - Filling up the DagBag from /home/airflow/.local/lib/python3.8/site-packages/airflow/example_dags/example_branch_operator.py
[2025-04-09T06:54:11.101+0000] {processor.py:840} INFO - DAG(s) 'example_branch_operator' retrieved from /home/airflow/.local/lib/python3.8/site-packages/airflow/example_dags/example_branch_operator.py
[2025-04-09T06:54:11.129+0000] {logging_mixin.py:188} INFO - [2025-04-09T06:54:11.129+0000] {dag.py:3036} INFO - Sync 1 DAGs
[2025-04-09T06:54:11.151+0000] {logging_mixin.py:188} INFO - [2025-04-09T06:54:11.151+0000] {dag.py:3823} INFO - Setting next_dagrun for example_branch_operator to 2025-04-08 00:00:00+00:00, run_after=2025-04-09 00:00:00+00:00
[2025-04-09T06:54:11.243+0000] {processor.py:183} INFO - Processing /home/airflow/.local/lib/python3.8/site-packages/airflow/example_dags/example_branch_operator.py took 0.208 seconds
[2025-04-09T06:54:43.897+0000] {processor.py:161} INFO - Started process (PID=329) to work on /home/airflow/.local/lib/python3.8/site-packages/airflow/example_dags/example_branch_operator.py
[2025-04-09T06:54:43.898+0000] {processor.py:830} INFO - Processing file /home/airflow/.local/lib/python3.8/site-packages/airflow/example_dags/example_branch_operator.py for tasks to queue
[2025-04-09T06:54:43.900+0000] {logging_mixin.py:188} INFO - [2025-04-09T06:54:43.899+0000] {dagbag.py:538} INFO - Filling up the DagBag from /home/airflow/.local/lib/python3.8/site-packages/airflow/example_dags/example_branch_operator.py
[2025-04-09T06:54:43.916+0000] {processor.py:840} INFO - DAG(s) 'example_branch_operator' retrieved from /home/airflow/.local/lib/python3.8/site-packages/airflow/example_dags/example_branch_operator.py
[2025-04-09T06:54:43.945+0000] {logging_mixin.py:188} INFO - [2025-04-09T06:54:43.945+0000] {dag.py:3036} INFO - Sync 1 DAGs
[2025-04-09T06:54:43.968+0000] {logging_mixin.py:188} INFO - [2025-04-09T06:54:43.968+0000] {dag.py:3823} INFO - Setting next_dagrun for example_branch_operator to 2025-04-08 00:00:00+00:00, run_after=2025-04-09 00:00:00+00:00
[2025-04-09T06:54:44.025+0000] {processor.py:183} INFO - Processing /home/airflow/.local/lib/python3.8/site-packages/airflow/example_dags/example_branch_operator.py took 0.131 seconds
[2025-04-09T06:55:17.970+0000] {processor.py:161} INFO - Started process (PID=387) to work on /home/airflow/.local/lib/python3.8/site-packages/airflow/example_dags/example_branch_operator.py
[2025-04-09T06:55:17.972+0000] {processor.py:830} INFO - Processing file /home/airflow/.local/lib/python3.8/site-packages/airflow/example_dags/example_branch_operator.py for tasks to queue
[2025-04-09T06:55:17.974+0000] {logging_mixin.py:188} INFO - [2025-04-09T06:55:17.973+0000] {dagbag.py:538} INFO - Filling up the DagBag from /home/airflow/.local/lib/python3.8/site-packages/airflow/example_dags/example_branch_operator.py
[2025-04-09T06:55:18.000+0000] {processor.py:840} INFO - DAG(s) 'example_branch_operator' retrieved from /home/airflow/.local/lib/python3.8/site-packages/airflow/example_dags/example_branch_operator.py
[2025-04-09T06:55:18.038+0000] {logging_mixin.py:188} INFO - [2025-04-09T06:55:18.038+0000] {dag.py:3036} INFO - Sync 1 DAGs
[2025-04-09T06:55:18.063+0000] {logging_mixin.py:188} INFO - [2025-04-09T06:55:18.063+0000] {dag.py:3823} INFO - Setting next_dagrun for example_branch_operator to 2025-04-08 00:00:00+00:00, run_after=2025-04-09 00:00:00+00:00
[2025-04-09T06:55:18.111+0000] {processor.py:183} INFO - Processing /home/airflow/.local/lib/python3.8/site-packages/airflow/example_dags/example_branch_operator.py took 0.145 seconds
[2025-04-09T06:55:48.628+0000] {processor.py:161} INFO - Started process (PID=445) to work on /home/airflow/.local/lib/python3.8/site-packages/airflow/example_dags/example_branch_operator.py
[2025-04-09T06:55:48.629+0000] {processor.py:830} INFO - Processing file /home/airflow/.local/lib/python3.8/site-packages/airflow/example_dags/example_branch_operator.py for tasks to queue
[2025-04-09T06:55:48.632+0000] {logging_mixin.py:188} INFO - [2025-04-09T06:55:48.631+0000] {dagbag.py:538} INFO - Filling up the DagBag from /home/airflow/.local/lib/python3.8/site-packages/airflow/example_dags/example_branch_operator.py
[2025-04-09T06:55:48.652+0000] {processor.py:840} INFO - DAG(s) 'example_branch_operator' retrieved from /home/airflow/.local/lib/python3.8/site-packages/airflow/example_dags/example_branch_operator.py
[2025-04-09T06:55:48.685+0000] {logging_mixin.py:188} INFO - [2025-04-09T06:55:48.684+0000] {dag.py:3036} INFO - Sync 1 DAGs
[2025-04-09T06:55:48.712+0000] {logging_mixin.py:188} INFO - [2025-04-09T06:55:48.712+0000] {dag.py:3823} INFO - Setting next_dagrun for example_branch_operator to 2025-04-08 00:00:00+00:00, run_after=2025-04-09 00:00:00+00:00
[2025-04-09T06:55:48.791+0000] {processor.py:183} INFO - Processing /home/airflow/.local/lib/python3.8/site-packages/airflow/example_dags/example_branch_operator.py took 0.167 seconds
[2025-04-09T06:56:19.552+0000] {processor.py:161} INFO - Started process (PID=503) to work on /home/airflow/.local/lib/python3.8/site-packages/airflow/example_dags/example_branch_operator.py
[2025-04-09T06:56:19.553+0000] {processor.py:830} INFO - Processing file /home/airflow/.local/lib/python3.8/site-packages/airflow/example_dags/example_branch_operator.py for tasks to queue
[2025-04-09T06:56:19.554+0000] {logging_mixin.py:188} INFO - [2025-04-09T06:56:19.554+0000] {dagbag.py:538} INFO - Filling up the DagBag from /home/airflow/.local/lib/python3.8/site-packages/airflow/example_dags/example_branch_operator.py
[2025-04-09T06:56:19.571+0000] {processor.py:840} INFO - DAG(s) 'example_branch_operator' retrieved from /home/airflow/.local/lib/python3.8/site-packages/airflow/example_dags/example_branch_operator.py
[2025-04-09T06:56:19.600+0000] {logging_mixin.py:188} INFO - [2025-04-09T06:56:19.599+0000] {dag.py:3036} INFO - Sync 1 DAGs
[2025-04-09T06:56:19.622+0000] {logging_mixin.py:188} INFO - [2025-04-09T06:56:19.621+0000] {dag.py:3823} INFO - Setting next_dagrun for example_branch_operator to 2025-04-08 00:00:00+00:00, run_after=2025-04-09 00:00:00+00:00
[2025-04-09T06:56:19.687+0000] {processor.py:183} INFO - Processing /home/airflow/.local/lib/python3.8/site-packages/airflow/example_dags/example_branch_operator.py took 0.138 seconds
[2025-04-09T06:56:51.982+0000] {processor.py:161} INFO - Started process (PID=561) to work on /home/airflow/.local/lib/python3.8/site-packages/airflow/example_dags/example_branch_operator.py
[2025-04-09T06:56:51.983+0000] {processor.py:830} INFO - Processing file /home/airflow/.local/lib/python3.8/site-packages/airflow/example_dags/example_branch_operator.py for tasks to queue
[2025-04-09T06:56:51.985+0000] {logging_mixin.py:188} INFO - [2025-04-09T06:56:51.984+0000] {dagbag.py:538} INFO - Filling up the DagBag from /home/airflow/.local/lib/python3.8/site-packages/airflow/example_dags/example_branch_operator.py
[2025-04-09T06:56:52.004+0000] {processor.py:840} INFO - DAG(s) 'example_branch_operator' retrieved from /home/airflow/.local/lib/python3.8/site-packages/airflow/example_dags/example_branch_operator.py
[2025-04-09T06:56:52.035+0000] {logging_mixin.py:188} INFO - [2025-04-09T06:56:52.035+0000] {dag.py:3036} INFO - Sync 1 DAGs
[2025-04-09T06:56:52.062+0000] {logging_mixin.py:188} INFO - [2025-04-09T06:56:52.062+0000] {dag.py:3823} INFO - Setting next_dagrun for example_branch_operator to 2025-04-08 00:00:00+00:00, run_after=2025-04-09 00:00:00+00:00
[2025-04-09T06:56:52.235+0000] {processor.py:183} INFO - Processing /home/airflow/.local/lib/python3.8/site-packages/airflow/example_dags/example_branch_operator.py took 0.256 seconds
[2025-04-09T06:57:25.771+0000] {processor.py:161} INFO - Started process (PID=89) to work on /home/airflow/.local/lib/python3.8/site-packages/airflow/example_dags/example_branch_operator.py
[2025-04-09T06:57:25.772+0000] {processor.py:830} INFO - Processing file /home/airflow/.local/lib/python3.8/site-packages/airflow/example_dags/example_branch_operator.py for tasks to queue
[2025-04-09T06:57:25.774+0000] {logging_mixin.py:188} INFO - [2025-04-09T06:57:25.774+0000] {dagbag.py:538} INFO - Filling up the DagBag from /home/airflow/.local/lib/python3.8/site-packages/airflow/example_dags/example_branch_operator.py
[2025-04-09T06:57:25.794+0000] {processor.py:840} INFO - DAG(s) 'example_branch_operator' retrieved from /home/airflow/.local/lib/python3.8/site-packages/airflow/example_dags/example_branch_operator.py
[2025-04-09T06:57:25.926+0000] {logging_mixin.py:188} INFO - [2025-04-09T06:57:25.926+0000] {dag.py:3036} INFO - Sync 1 DAGs
[2025-04-09T06:57:25.951+0000] {logging_mixin.py:188} INFO - [2025-04-09T06:57:25.951+0000] {dag.py:3823} INFO - Setting next_dagrun for example_branch_operator to 2025-04-08 00:00:00+00:00, run_after=2025-04-09 00:00:00+00:00
[2025-04-09T06:57:26.004+0000] {processor.py:183} INFO - Processing /home/airflow/.local/lib/python3.8/site-packages/airflow/example_dags/example_branch_operator.py took 0.236 seconds
[2025-04-09T06:57:56.163+0000] {processor.py:161} INFO - Started process (PID=141) to work on /home/airflow/.local/lib/python3.8/site-packages/airflow/example_dags/example_branch_operator.py
[2025-04-09T06:57:56.164+0000] {processor.py:830} INFO - Processing file /home/airflow/.local/lib/python3.8/site-packages/airflow/example_dags/example_branch_operator.py for tasks to queue
[2025-04-09T06:57:56.167+0000] {logging_mixin.py:188} INFO - [2025-04-09T06:57:56.166+0000] {dagbag.py:538} INFO - Filling up the DagBag from /home/airflow/.local/lib/python3.8/site-packages/airflow/example_dags/example_branch_operator.py
[2025-04-09T06:57:56.186+0000] {processor.py:840} INFO - DAG(s) 'example_branch_operator' retrieved from /home/airflow/.local/lib/python3.8/site-packages/airflow/example_dags/example_branch_operator.py
[2025-04-09T06:57:56.218+0000] {logging_mixin.py:188} INFO - [2025-04-09T06:57:56.218+0000] {dag.py:3036} INFO - Sync 1 DAGs
[2025-04-09T06:57:56.242+0000] {logging_mixin.py:188} INFO - [2025-04-09T06:57:56.241+0000] {dag.py:3823} INFO - Setting next_dagrun for example_branch_operator to 2025-04-08 00:00:00+00:00, run_after=2025-04-09 00:00:00+00:00
[2025-04-09T06:57:56.307+0000] {processor.py:183} INFO - Processing /home/airflow/.local/lib/python3.8/site-packages/airflow/example_dags/example_branch_operator.py took 0.147 seconds
[2025-04-09T06:58:26.356+0000] {processor.py:161} INFO - Started process (PID=199) to work on /home/airflow/.local/lib/python3.8/site-packages/airflow/example_dags/example_branch_operator.py
[2025-04-09T06:58:26.365+0000] {processor.py:830} INFO - Processing file /home/airflow/.local/lib/python3.8/site-packages/airflow/example_dags/example_branch_operator.py for tasks to queue
[2025-04-09T06:58:26.367+0000] {logging_mixin.py:188} INFO - [2025-04-09T06:58:26.367+0000] {dagbag.py:538} INFO - Filling up the DagBag from /home/airflow/.local/lib/python3.8/site-packages/airflow/example_dags/example_branch_operator.py
[2025-04-09T06:58:26.383+0000] {processor.py:840} INFO - DAG(s) 'example_branch_operator' retrieved from /home/airflow/.local/lib/python3.8/site-packages/airflow/example_dags/example_branch_operator.py
[2025-04-09T06:58:26.412+0000] {logging_mixin.py:188} INFO - [2025-04-09T06:58:26.412+0000] {dag.py:3036} INFO - Sync 1 DAGs
[2025-04-09T06:58:26.437+0000] {logging_mixin.py:188} INFO - [2025-04-09T06:58:26.437+0000] {dag.py:3823} INFO - Setting next_dagrun for example_branch_operator to 2025-04-08 00:00:00+00:00, run_after=2025-04-09 00:00:00+00:00
[2025-04-09T06:58:26.503+0000] {processor.py:183} INFO - Processing /home/airflow/.local/lib/python3.8/site-packages/airflow/example_dags/example_branch_operator.py took 0.149 seconds
[2025-04-09T06:58:56.533+0000] {processor.py:161} INFO - Started process (PID=266) to work on /home/airflow/.local/lib/python3.8/site-packages/airflow/example_dags/example_branch_operator.py
[2025-04-09T06:58:56.534+0000] {processor.py:830} INFO - Processing file /home/airflow/.local/lib/python3.8/site-packages/airflow/example_dags/example_branch_operator.py for tasks to queue
[2025-04-09T06:58:56.535+0000] {logging_mixin.py:188} INFO - [2025-04-09T06:58:56.535+0000] {dagbag.py:538} INFO - Filling up the DagBag from /home/airflow/.local/lib/python3.8/site-packages/airflow/example_dags/example_branch_operator.py
[2025-04-09T06:58:56.553+0000] {processor.py:840} INFO - DAG(s) 'example_branch_operator' retrieved from /home/airflow/.local/lib/python3.8/site-packages/airflow/example_dags/example_branch_operator.py
[2025-04-09T06:58:56.582+0000] {logging_mixin.py:188} INFO - [2025-04-09T06:58:56.581+0000] {dag.py:3036} INFO - Sync 1 DAGs
[2025-04-09T06:58:56.605+0000] {logging_mixin.py:188} INFO - [2025-04-09T06:58:56.605+0000] {dag.py:3823} INFO - Setting next_dagrun for example_branch_operator to 2025-04-08 00:00:00+00:00, run_after=2025-04-09 00:00:00+00:00
[2025-04-09T06:58:56.680+0000] {processor.py:183} INFO - Processing /home/airflow/.local/lib/python3.8/site-packages/airflow/example_dags/example_branch_operator.py took 0.150 seconds
[2025-04-09T06:59:29.948+0000] {processor.py:161} INFO - Started process (PID=324) to work on /home/airflow/.local/lib/python3.8/site-packages/airflow/example_dags/example_branch_operator.py
[2025-04-09T06:59:29.950+0000] {processor.py:830} INFO - Processing file /home/airflow/.local/lib/python3.8/site-packages/airflow/example_dags/example_branch_operator.py for tasks to queue
[2025-04-09T06:59:29.951+0000] {logging_mixin.py:188} INFO - [2025-04-09T06:59:29.951+0000] {dagbag.py:538} INFO - Filling up the DagBag from /home/airflow/.local/lib/python3.8/site-packages/airflow/example_dags/example_branch_operator.py
[2025-04-09T06:59:29.968+0000] {processor.py:840} INFO - DAG(s) 'example_branch_operator' retrieved from /home/airflow/.local/lib/python3.8/site-packages/airflow/example_dags/example_branch_operator.py
[2025-04-09T06:59:29.996+0000] {logging_mixin.py:188} INFO - [2025-04-09T06:59:29.996+0000] {dag.py:3036} INFO - Sync 1 DAGs
[2025-04-09T06:59:30.018+0000] {logging_mixin.py:188} INFO - [2025-04-09T06:59:30.018+0000] {dag.py:3823} INFO - Setting next_dagrun for example_branch_operator to 2025-04-08 00:00:00+00:00, run_after=2025-04-09 00:00:00+00:00
[2025-04-09T06:59:30.075+0000] {processor.py:183} INFO - Processing /home/airflow/.local/lib/python3.8/site-packages/airflow/example_dags/example_branch_operator.py took 0.130 seconds
[2025-04-09T07:00:04.211+0000] {processor.py:161} INFO - Started process (PID=382) to work on /home/airflow/.local/lib/python3.8/site-packages/airflow/example_dags/example_branch_operator.py
[2025-04-09T07:00:04.212+0000] {processor.py:830} INFO - Processing file /home/airflow/.local/lib/python3.8/site-packages/airflow/example_dags/example_branch_operator.py for tasks to queue
[2025-04-09T07:00:04.214+0000] {logging_mixin.py:188} INFO - [2025-04-09T07:00:04.214+0000] {dagbag.py:538} INFO - Filling up the DagBag from /home/airflow/.local/lib/python3.8/site-packages/airflow/example_dags/example_branch_operator.py
[2025-04-09T07:00:04.231+0000] {processor.py:840} INFO - DAG(s) 'example_branch_operator' retrieved from /home/airflow/.local/lib/python3.8/site-packages/airflow/example_dags/example_branch_operator.py
[2025-04-09T07:00:04.259+0000] {logging_mixin.py:188} INFO - [2025-04-09T07:00:04.259+0000] {dag.py:3036} INFO - Sync 1 DAGs
[2025-04-09T07:00:04.281+0000] {logging_mixin.py:188} INFO - [2025-04-09T07:00:04.281+0000] {dag.py:3823} INFO - Setting next_dagrun for example_branch_operator to 2025-04-08 00:00:00+00:00, run_after=2025-04-09 00:00:00+00:00
[2025-04-09T07:00:04.345+0000] {processor.py:183} INFO - Processing /home/airflow/.local/lib/python3.8/site-packages/airflow/example_dags/example_branch_operator.py took 0.137 seconds
[2025-04-09T07:00:35.109+0000] {processor.py:161} INFO - Started process (PID=440) to work on /home/airflow/.local/lib/python3.8/site-packages/airflow/example_dags/example_branch_operator.py
[2025-04-09T07:00:35.110+0000] {processor.py:830} INFO - Processing file /home/airflow/.local/lib/python3.8/site-packages/airflow/example_dags/example_branch_operator.py for tasks to queue
[2025-04-09T07:00:35.112+0000] {logging_mixin.py:188} INFO - [2025-04-09T07:00:35.111+0000] {dagbag.py:538} INFO - Filling up the DagBag from /home/airflow/.local/lib/python3.8/site-packages/airflow/example_dags/example_branch_operator.py
[2025-04-09T07:00:35.128+0000] {processor.py:840} INFO - DAG(s) 'example_branch_operator' retrieved from /home/airflow/.local/lib/python3.8/site-packages/airflow/example_dags/example_branch_operator.py
[2025-04-09T07:00:35.157+0000] {logging_mixin.py:188} INFO - [2025-04-09T07:00:35.157+0000] {dag.py:3036} INFO - Sync 1 DAGs
[2025-04-09T07:00:35.180+0000] {logging_mixin.py:188} INFO - [2025-04-09T07:00:35.180+0000] {dag.py:3823} INFO - Setting next_dagrun for example_branch_operator to 2025-04-08 00:00:00+00:00, run_after=2025-04-09 00:00:00+00:00
[2025-04-09T07:00:35.237+0000] {processor.py:183} INFO - Processing /home/airflow/.local/lib/python3.8/site-packages/airflow/example_dags/example_branch_operator.py took 0.131 seconds
[2025-04-09T07:01:05.664+0000] {processor.py:161} INFO - Started process (PID=498) to work on /home/airflow/.local/lib/python3.8/site-packages/airflow/example_dags/example_branch_operator.py
[2025-04-09T07:01:05.666+0000] {processor.py:830} INFO - Processing file /home/airflow/.local/lib/python3.8/site-packages/airflow/example_dags/example_branch_operator.py for tasks to queue
[2025-04-09T07:01:05.668+0000] {logging_mixin.py:188} INFO - [2025-04-09T07:01:05.668+0000] {dagbag.py:538} INFO - Filling up the DagBag from /home/airflow/.local/lib/python3.8/site-packages/airflow/example_dags/example_branch_operator.py
[2025-04-09T07:01:05.688+0000] {processor.py:840} INFO - DAG(s) 'example_branch_operator' retrieved from /home/airflow/.local/lib/python3.8/site-packages/airflow/example_dags/example_branch_operator.py
[2025-04-09T07:01:05.717+0000] {logging_mixin.py:188} INFO - [2025-04-09T07:01:05.717+0000] {dag.py:3036} INFO - Sync 1 DAGs
[2025-04-09T07:01:05.751+0000] {logging_mixin.py:188} INFO - [2025-04-09T07:01:05.750+0000] {dag.py:3823} INFO - Setting next_dagrun for example_branch_operator to 2025-04-08 00:00:00+00:00, run_after=2025-04-09 00:00:00+00:00
[2025-04-09T07:01:05.804+0000] {processor.py:183} INFO - Processing /home/airflow/.local/lib/python3.8/site-packages/airflow/example_dags/example_branch_operator.py took 0.143 seconds
[2025-04-09T07:01:36.188+0000] {processor.py:161} INFO - Started process (PID=557) to work on /home/airflow/.local/lib/python3.8/site-packages/airflow/example_dags/example_branch_operator.py
[2025-04-09T07:01:36.189+0000] {processor.py:830} INFO - Processing file /home/airflow/.local/lib/python3.8/site-packages/airflow/example_dags/example_branch_operator.py for tasks to queue
[2025-04-09T07:01:36.191+0000] {logging_mixin.py:188} INFO - [2025-04-09T07:01:36.190+0000] {dagbag.py:538} INFO - Filling up the DagBag from /home/airflow/.local/lib/python3.8/site-packages/airflow/example_dags/example_branch_operator.py
[2025-04-09T07:01:36.208+0000] {processor.py:840} INFO - DAG(s) 'example_branch_operator' retrieved from /home/airflow/.local/lib/python3.8/site-packages/airflow/example_dags/example_branch_operator.py
[2025-04-09T07:01:36.235+0000] {logging_mixin.py:188} INFO - [2025-04-09T07:01:36.235+0000] {dag.py:3036} INFO - Sync 1 DAGs
[2025-04-09T07:01:36.257+0000] {logging_mixin.py:188} INFO - [2025-04-09T07:01:36.257+0000] {dag.py:3823} INFO - Setting next_dagrun for example_branch_operator to 2025-04-08 00:00:00+00:00, run_after=2025-04-09 00:00:00+00:00
[2025-04-09T07:01:36.311+0000] {processor.py:183} INFO - Processing /home/airflow/.local/lib/python3.8/site-packages/airflow/example_dags/example_branch_operator.py took 0.126 seconds
[2025-04-09T07:02:06.480+0000] {processor.py:161} INFO - Started process (PID=615) to work on /home/airflow/.local/lib/python3.8/site-packages/airflow/example_dags/example_branch_operator.py
[2025-04-09T07:02:06.497+0000] {processor.py:830} INFO - Processing file /home/airflow/.local/lib/python3.8/site-packages/airflow/example_dags/example_branch_operator.py for tasks to queue
[2025-04-09T07:02:06.499+0000] {logging_mixin.py:188} INFO - [2025-04-09T07:02:06.499+0000] {dagbag.py:538} INFO - Filling up the DagBag from /home/airflow/.local/lib/python3.8/site-packages/airflow/example_dags/example_branch_operator.py
[2025-04-09T07:02:06.514+0000] {processor.py:840} INFO - DAG(s) 'example_branch_operator' retrieved from /home/airflow/.local/lib/python3.8/site-packages/airflow/example_dags/example_branch_operator.py
[2025-04-09T07:02:06.541+0000] {logging_mixin.py:188} INFO - [2025-04-09T07:02:06.541+0000] {dag.py:3036} INFO - Sync 1 DAGs
[2025-04-09T07:02:06.574+0000] {logging_mixin.py:188} INFO - [2025-04-09T07:02:06.573+0000] {dag.py:3823} INFO - Setting next_dagrun for example_branch_operator to 2025-04-08 00:00:00+00:00, run_after=2025-04-09 00:00:00+00:00
[2025-04-09T07:02:06.647+0000] {processor.py:183} INFO - Processing /home/airflow/.local/lib/python3.8/site-packages/airflow/example_dags/example_branch_operator.py took 0.170 seconds
[2025-04-09T07:02:37.339+0000] {processor.py:161} INFO - Started process (PID=673) to work on /home/airflow/.local/lib/python3.8/site-packages/airflow/example_dags/example_branch_operator.py
[2025-04-09T07:02:37.340+0000] {processor.py:830} INFO - Processing file /home/airflow/.local/lib/python3.8/site-packages/airflow/example_dags/example_branch_operator.py for tasks to queue
[2025-04-09T07:02:37.342+0000] {logging_mixin.py:188} INFO - [2025-04-09T07:02:37.342+0000] {dagbag.py:538} INFO - Filling up the DagBag from /home/airflow/.local/lib/python3.8/site-packages/airflow/example_dags/example_branch_operator.py
[2025-04-09T07:02:37.359+0000] {processor.py:840} INFO - DAG(s) 'example_branch_operator' retrieved from /home/airflow/.local/lib/python3.8/site-packages/airflow/example_dags/example_branch_operator.py
[2025-04-09T07:02:37.387+0000] {logging_mixin.py:188} INFO - [2025-04-09T07:02:37.387+0000] {dag.py:3036} INFO - Sync 1 DAGs
[2025-04-09T07:02:37.411+0000] {logging_mixin.py:188} INFO - [2025-04-09T07:02:37.411+0000] {dag.py:3823} INFO - Setting next_dagrun for example_branch_operator to 2025-04-08 00:00:00+00:00, run_after=2025-04-09 00:00:00+00:00
[2025-04-09T07:02:37.465+0000] {processor.py:183} INFO - Processing /home/airflow/.local/lib/python3.8/site-packages/airflow/example_dags/example_branch_operator.py took 0.128 seconds
[2025-04-09T07:03:08.030+0000] {processor.py:161} INFO - Started process (PID=731) to work on /home/airflow/.local/lib/python3.8/site-packages/airflow/example_dags/example_branch_operator.py
[2025-04-09T07:03:08.031+0000] {processor.py:830} INFO - Processing file /home/airflow/.local/lib/python3.8/site-packages/airflow/example_dags/example_branch_operator.py for tasks to queue
[2025-04-09T07:03:08.033+0000] {logging_mixin.py:188} INFO - [2025-04-09T07:03:08.033+0000] {dagbag.py:538} INFO - Filling up the DagBag from /home/airflow/.local/lib/python3.8/site-packages/airflow/example_dags/example_branch_operator.py
[2025-04-09T07:03:08.052+0000] {processor.py:840} INFO - DAG(s) 'example_branch_operator' retrieved from /home/airflow/.local/lib/python3.8/site-packages/airflow/example_dags/example_branch_operator.py
[2025-04-09T07:03:08.084+0000] {logging_mixin.py:188} INFO - [2025-04-09T07:03:08.084+0000] {dag.py:3036} INFO - Sync 1 DAGs
[2025-04-09T07:03:08.112+0000] {logging_mixin.py:188} INFO - [2025-04-09T07:03:08.111+0000] {dag.py:3823} INFO - Setting next_dagrun for example_branch_operator to 2025-04-08 00:00:00+00:00, run_after=2025-04-09 00:00:00+00:00
[2025-04-09T07:03:08.173+0000] {processor.py:183} INFO - Processing /home/airflow/.local/lib/python3.8/site-packages/airflow/example_dags/example_branch_operator.py took 0.146 seconds
[2025-04-09T07:03:40.247+0000] {processor.py:161} INFO - Started process (PID=789) to work on /home/airflow/.local/lib/python3.8/site-packages/airflow/example_dags/example_branch_operator.py
[2025-04-09T07:03:40.248+0000] {processor.py:830} INFO - Processing file /home/airflow/.local/lib/python3.8/site-packages/airflow/example_dags/example_branch_operator.py for tasks to queue
[2025-04-09T07:03:40.249+0000] {logging_mixin.py:188} INFO - [2025-04-09T07:03:40.249+0000] {dagbag.py:538} INFO - Filling up the DagBag from /home/airflow/.local/lib/python3.8/site-packages/airflow/example_dags/example_branch_operator.py
[2025-04-09T07:03:40.265+0000] {processor.py:840} INFO - DAG(s) 'example_branch_operator' retrieved from /home/airflow/.local/lib/python3.8/site-packages/airflow/example_dags/example_branch_operator.py
[2025-04-09T07:03:40.293+0000] {logging_mixin.py:188} INFO - [2025-04-09T07:03:40.292+0000] {dag.py:3036} INFO - Sync 1 DAGs
[2025-04-09T07:03:40.314+0000] {logging_mixin.py:188} INFO - [2025-04-09T07:03:40.314+0000] {dag.py:3823} INFO - Setting next_dagrun for example_branch_operator to 2025-04-08 00:00:00+00:00, run_after=2025-04-09 00:00:00+00:00
[2025-04-09T07:03:40.375+0000] {processor.py:183} INFO - Processing /home/airflow/.local/lib/python3.8/site-packages/airflow/example_dags/example_branch_operator.py took 0.132 seconds
[2025-04-09T07:04:14.927+0000] {processor.py:161} INFO - Started process (PID=848) to work on /home/airflow/.local/lib/python3.8/site-packages/airflow/example_dags/example_branch_operator.py
[2025-04-09T07:04:14.928+0000] {processor.py:830} INFO - Processing file /home/airflow/.local/lib/python3.8/site-packages/airflow/example_dags/example_branch_operator.py for tasks to queue
[2025-04-09T07:04:14.930+0000] {logging_mixin.py:188} INFO - [2025-04-09T07:04:14.930+0000] {dagbag.py:538} INFO - Filling up the DagBag from /home/airflow/.local/lib/python3.8/site-packages/airflow/example_dags/example_branch_operator.py
[2025-04-09T07:04:14.945+0000] {processor.py:840} INFO - DAG(s) 'example_branch_operator' retrieved from /home/airflow/.local/lib/python3.8/site-packages/airflow/example_dags/example_branch_operator.py
[2025-04-09T07:04:14.974+0000] {logging_mixin.py:188} INFO - [2025-04-09T07:04:14.973+0000] {dag.py:3036} INFO - Sync 1 DAGs
[2025-04-09T07:04:14.997+0000] {logging_mixin.py:188} INFO - [2025-04-09T07:04:14.997+0000] {dag.py:3823} INFO - Setting next_dagrun for example_branch_operator to 2025-04-08 00:00:00+00:00, run_after=2025-04-09 00:00:00+00:00
[2025-04-09T07:04:15.056+0000] {processor.py:183} INFO - Processing /home/airflow/.local/lib/python3.8/site-packages/airflow/example_dags/example_branch_operator.py took 0.131 seconds
[2025-04-09T07:04:45.599+0000] {processor.py:161} INFO - Started process (PID=906) to work on /home/airflow/.local/lib/python3.8/site-packages/airflow/example_dags/example_branch_operator.py
[2025-04-09T07:04:45.600+0000] {processor.py:830} INFO - Processing file /home/airflow/.local/lib/python3.8/site-packages/airflow/example_dags/example_branch_operator.py for tasks to queue
[2025-04-09T07:04:45.601+0000] {logging_mixin.py:188} INFO - [2025-04-09T07:04:45.601+0000] {dagbag.py:538} INFO - Filling up the DagBag from /home/airflow/.local/lib/python3.8/site-packages/airflow/example_dags/example_branch_operator.py
[2025-04-09T07:04:45.622+0000] {processor.py:840} INFO - DAG(s) 'example_branch_operator' retrieved from /home/airflow/.local/lib/python3.8/site-packages/airflow/example_dags/example_branch_operator.py
[2025-04-09T07:04:45.652+0000] {logging_mixin.py:188} INFO - [2025-04-09T07:04:45.651+0000] {dag.py:3036} INFO - Sync 1 DAGs
[2025-04-09T07:04:45.676+0000] {logging_mixin.py:188} INFO - [2025-04-09T07:04:45.676+0000] {dag.py:3823} INFO - Setting next_dagrun for example_branch_operator to 2025-04-08 00:00:00+00:00, run_after=2025-04-09 00:00:00+00:00
[2025-04-09T07:04:45.761+0000] {processor.py:183} INFO - Processing /home/airflow/.local/lib/python3.8/site-packages/airflow/example_dags/example_branch_operator.py took 0.165 seconds
[2025-04-09T07:05:16.396+0000] {processor.py:161} INFO - Started process (PID=964) to work on /home/airflow/.local/lib/python3.8/site-packages/airflow/example_dags/example_branch_operator.py
[2025-04-09T07:05:16.398+0000] {processor.py:830} INFO - Processing file /home/airflow/.local/lib/python3.8/site-packages/airflow/example_dags/example_branch_operator.py for tasks to queue
[2025-04-09T07:05:16.400+0000] {logging_mixin.py:188} INFO - [2025-04-09T07:05:16.400+0000] {dagbag.py:538} INFO - Filling up the DagBag from /home/airflow/.local/lib/python3.8/site-packages/airflow/example_dags/example_branch_operator.py
[2025-04-09T07:05:16.420+0000] {processor.py:840} INFO - DAG(s) 'example_branch_operator' retrieved from /home/airflow/.local/lib/python3.8/site-packages/airflow/example_dags/example_branch_operator.py
[2025-04-09T07:05:16.453+0000] {logging_mixin.py:188} INFO - [2025-04-09T07:05:16.452+0000] {dag.py:3036} INFO - Sync 1 DAGs
[2025-04-09T07:05:16.477+0000] {logging_mixin.py:188} INFO - [2025-04-09T07:05:16.477+0000] {dag.py:3823} INFO - Setting next_dagrun for example_branch_operator to 2025-04-08 00:00:00+00:00, run_after=2025-04-09 00:00:00+00:00
[2025-04-09T07:05:16.531+0000] {processor.py:183} INFO - Processing /home/airflow/.local/lib/python3.8/site-packages/airflow/example_dags/example_branch_operator.py took 0.138 seconds
[2025-04-09T07:05:46.823+0000] {processor.py:161} INFO - Started process (PID=1022) to work on /home/airflow/.local/lib/python3.8/site-packages/airflow/example_dags/example_branch_operator.py
[2025-04-09T07:05:46.831+0000] {processor.py:830} INFO - Processing file /home/airflow/.local/lib/python3.8/site-packages/airflow/example_dags/example_branch_operator.py for tasks to queue
[2025-04-09T07:05:46.833+0000] {logging_mixin.py:188} INFO - [2025-04-09T07:05:46.832+0000] {dagbag.py:538} INFO - Filling up the DagBag from /home/airflow/.local/lib/python3.8/site-packages/airflow/example_dags/example_branch_operator.py
[2025-04-09T07:05:46.851+0000] {processor.py:840} INFO - DAG(s) 'example_branch_operator' retrieved from /home/airflow/.local/lib/python3.8/site-packages/airflow/example_dags/example_branch_operator.py
[2025-04-09T07:05:46.886+0000] {logging_mixin.py:188} INFO - [2025-04-09T07:05:46.885+0000] {dag.py:3036} INFO - Sync 1 DAGs
[2025-04-09T07:05:46.915+0000] {logging_mixin.py:188} INFO - [2025-04-09T07:05:46.914+0000] {dag.py:3823} INFO - Setting next_dagrun for example_branch_operator to 2025-04-08 00:00:00+00:00, run_after=2025-04-09 00:00:00+00:00
[2025-04-09T07:05:46.976+0000] {processor.py:183} INFO - Processing /home/airflow/.local/lib/python3.8/site-packages/airflow/example_dags/example_branch_operator.py took 0.156 seconds
[2025-04-09T07:06:17.157+0000] {processor.py:161} INFO - Started process (PID=1074) to work on /home/airflow/.local/lib/python3.8/site-packages/airflow/example_dags/example_branch_operator.py
[2025-04-09T07:06:17.158+0000] {processor.py:830} INFO - Processing file /home/airflow/.local/lib/python3.8/site-packages/airflow/example_dags/example_branch_operator.py for tasks to queue
[2025-04-09T07:06:17.159+0000] {logging_mixin.py:188} INFO - [2025-04-09T07:06:17.159+0000] {dagbag.py:538} INFO - Filling up the DagBag from /home/airflow/.local/lib/python3.8/site-packages/airflow/example_dags/example_branch_operator.py
[2025-04-09T07:06:17.175+0000] {processor.py:840} INFO - DAG(s) 'example_branch_operator' retrieved from /home/airflow/.local/lib/python3.8/site-packages/airflow/example_dags/example_branch_operator.py
[2025-04-09T07:06:17.203+0000] {logging_mixin.py:188} INFO - [2025-04-09T07:06:17.203+0000] {dag.py:3036} INFO - Sync 1 DAGs
[2025-04-09T07:06:17.228+0000] {logging_mixin.py:188} INFO - [2025-04-09T07:06:17.228+0000] {dag.py:3823} INFO - Setting next_dagrun for example_branch_operator to 2025-04-08 00:00:00+00:00, run_after=2025-04-09 00:00:00+00:00
[2025-04-09T07:06:17.290+0000] {processor.py:183} INFO - Processing /home/airflow/.local/lib/python3.8/site-packages/airflow/example_dags/example_branch_operator.py took 0.137 seconds
[2025-04-09T07:10:02.451+0000] {processor.py:161} INFO - Started process (PID=108) to work on /home/airflow/.local/lib/python3.8/site-packages/airflow/example_dags/example_branch_operator.py
[2025-04-09T07:10:02.453+0000] {processor.py:830} INFO - Processing file /home/airflow/.local/lib/python3.8/site-packages/airflow/example_dags/example_branch_operator.py for tasks to queue
[2025-04-09T07:10:02.455+0000] {logging_mixin.py:188} INFO - [2025-04-09T07:10:02.455+0000] {dagbag.py:538} INFO - Filling up the DagBag from /home/airflow/.local/lib/python3.8/site-packages/airflow/example_dags/example_branch_operator.py
[2025-04-09T07:10:02.479+0000] {processor.py:840} INFO - DAG(s) 'example_branch_operator' retrieved from /home/airflow/.local/lib/python3.8/site-packages/airflow/example_dags/example_branch_operator.py
[2025-04-09T07:10:02.620+0000] {logging_mixin.py:188} INFO - [2025-04-09T07:10:02.620+0000] {dag.py:3036} INFO - Sync 1 DAGs
[2025-04-09T07:10:02.645+0000] {logging_mixin.py:188} INFO - [2025-04-09T07:10:02.645+0000] {dag.py:3823} INFO - Setting next_dagrun for example_branch_operator to 2025-04-08 00:00:00+00:00, run_after=2025-04-09 00:00:00+00:00
[2025-04-09T07:10:02.834+0000] {processor.py:183} INFO - Processing /home/airflow/.local/lib/python3.8/site-packages/airflow/example_dags/example_branch_operator.py took 0.387 seconds
[2025-04-09T07:10:33.406+0000] {processor.py:161} INFO - Started process (PID=166) to work on /home/airflow/.local/lib/python3.8/site-packages/airflow/example_dags/example_branch_operator.py
[2025-04-09T07:10:33.407+0000] {processor.py:830} INFO - Processing file /home/airflow/.local/lib/python3.8/site-packages/airflow/example_dags/example_branch_operator.py for tasks to queue
[2025-04-09T07:10:33.410+0000] {logging_mixin.py:188} INFO - [2025-04-09T07:10:33.409+0000] {dagbag.py:538} INFO - Filling up the DagBag from /home/airflow/.local/lib/python3.8/site-packages/airflow/example_dags/example_branch_operator.py
[2025-04-09T07:10:33.442+0000] {processor.py:840} INFO - DAG(s) 'example_branch_operator' retrieved from /home/airflow/.local/lib/python3.8/site-packages/airflow/example_dags/example_branch_operator.py
[2025-04-09T07:10:33.493+0000] {logging_mixin.py:188} INFO - [2025-04-09T07:10:33.492+0000] {dag.py:3036} INFO - Sync 1 DAGs
[2025-04-09T07:10:33.543+0000] {logging_mixin.py:188} INFO - [2025-04-09T07:10:33.543+0000] {dag.py:3823} INFO - Setting next_dagrun for example_branch_operator to 2025-04-08 00:00:00+00:00, run_after=2025-04-09 00:00:00+00:00
[2025-04-09T07:10:33.618+0000] {processor.py:183} INFO - Processing /home/airflow/.local/lib/python3.8/site-packages/airflow/example_dags/example_branch_operator.py took 0.215 seconds
[2025-04-09T07:11:04.151+0000] {processor.py:161} INFO - Started process (PID=224) to work on /home/airflow/.local/lib/python3.8/site-packages/airflow/example_dags/example_branch_operator.py
[2025-04-09T07:11:04.153+0000] {processor.py:830} INFO - Processing file /home/airflow/.local/lib/python3.8/site-packages/airflow/example_dags/example_branch_operator.py for tasks to queue
[2025-04-09T07:11:04.154+0000] {logging_mixin.py:188} INFO - [2025-04-09T07:11:04.154+0000] {dagbag.py:538} INFO - Filling up the DagBag from /home/airflow/.local/lib/python3.8/site-packages/airflow/example_dags/example_branch_operator.py
[2025-04-09T07:11:04.172+0000] {processor.py:840} INFO - DAG(s) 'example_branch_operator' retrieved from /home/airflow/.local/lib/python3.8/site-packages/airflow/example_dags/example_branch_operator.py
[2025-04-09T07:11:04.203+0000] {logging_mixin.py:188} INFO - [2025-04-09T07:11:04.203+0000] {dag.py:3036} INFO - Sync 1 DAGs
[2025-04-09T07:11:04.229+0000] {logging_mixin.py:188} INFO - [2025-04-09T07:11:04.229+0000] {dag.py:3823} INFO - Setting next_dagrun for example_branch_operator to 2025-04-08 00:00:00+00:00, run_after=2025-04-09 00:00:00+00:00
[2025-04-09T07:11:04.306+0000] {processor.py:183} INFO - Processing /home/airflow/.local/lib/python3.8/site-packages/airflow/example_dags/example_branch_operator.py took 0.157 seconds
[2025-04-09T07:11:34.578+0000] {processor.py:161} INFO - Started process (PID=285) to work on /home/airflow/.local/lib/python3.8/site-packages/airflow/example_dags/example_branch_operator.py
[2025-04-09T07:11:34.580+0000] {processor.py:830} INFO - Processing file /home/airflow/.local/lib/python3.8/site-packages/airflow/example_dags/example_branch_operator.py for tasks to queue
[2025-04-09T07:11:34.582+0000] {logging_mixin.py:188} INFO - [2025-04-09T07:11:34.581+0000] {dagbag.py:538} INFO - Filling up the DagBag from /home/airflow/.local/lib/python3.8/site-packages/airflow/example_dags/example_branch_operator.py
[2025-04-09T07:11:34.602+0000] {processor.py:840} INFO - DAG(s) 'example_branch_operator' retrieved from /home/airflow/.local/lib/python3.8/site-packages/airflow/example_dags/example_branch_operator.py
[2025-04-09T07:11:34.637+0000] {logging_mixin.py:188} INFO - [2025-04-09T07:11:34.636+0000] {dag.py:3036} INFO - Sync 1 DAGs
[2025-04-09T07:11:34.675+0000] {logging_mixin.py:188} INFO - [2025-04-09T07:11:34.675+0000] {dag.py:3823} INFO - Setting next_dagrun for example_branch_operator to 2025-04-08 00:00:00+00:00, run_after=2025-04-09 00:00:00+00:00
[2025-04-09T07:11:34.749+0000] {processor.py:183} INFO - Processing /home/airflow/.local/lib/python3.8/site-packages/airflow/example_dags/example_branch_operator.py took 0.174 seconds
[2025-04-09T07:12:05.080+0000] {processor.py:161} INFO - Started process (PID=343) to work on /home/airflow/.local/lib/python3.8/site-packages/airflow/example_dags/example_branch_operator.py
[2025-04-09T07:12:05.109+0000] {processor.py:830} INFO - Processing file /home/airflow/.local/lib/python3.8/site-packages/airflow/example_dags/example_branch_operator.py for tasks to queue
[2025-04-09T07:12:05.112+0000] {logging_mixin.py:188} INFO - [2025-04-09T07:12:05.111+0000] {dagbag.py:538} INFO - Filling up the DagBag from /home/airflow/.local/lib/python3.8/site-packages/airflow/example_dags/example_branch_operator.py
[2025-04-09T07:12:05.140+0000] {processor.py:840} INFO - DAG(s) 'example_branch_operator' retrieved from /home/airflow/.local/lib/python3.8/site-packages/airflow/example_dags/example_branch_operator.py
[2025-04-09T07:12:05.175+0000] {logging_mixin.py:188} INFO - [2025-04-09T07:12:05.175+0000] {dag.py:3036} INFO - Sync 1 DAGs
[2025-04-09T07:12:05.201+0000] {logging_mixin.py:188} INFO - [2025-04-09T07:12:05.200+0000] {dag.py:3823} INFO - Setting next_dagrun for example_branch_operator to 2025-04-08 00:00:00+00:00, run_after=2025-04-09 00:00:00+00:00
[2025-04-09T07:12:05.323+0000] {processor.py:183} INFO - Processing /home/airflow/.local/lib/python3.8/site-packages/airflow/example_dags/example_branch_operator.py took 0.246 seconds
[2025-04-09T07:12:37.966+0000] {processor.py:161} INFO - Started process (PID=401) to work on /home/airflow/.local/lib/python3.8/site-packages/airflow/example_dags/example_branch_operator.py
[2025-04-09T07:12:37.967+0000] {processor.py:830} INFO - Processing file /home/airflow/.local/lib/python3.8/site-packages/airflow/example_dags/example_branch_operator.py for tasks to queue
[2025-04-09T07:12:37.969+0000] {logging_mixin.py:188} INFO - [2025-04-09T07:12:37.969+0000] {dagbag.py:538} INFO - Filling up the DagBag from /home/airflow/.local/lib/python3.8/site-packages/airflow/example_dags/example_branch_operator.py
[2025-04-09T07:12:37.987+0000] {processor.py:840} INFO - DAG(s) 'example_branch_operator' retrieved from /home/airflow/.local/lib/python3.8/site-packages/airflow/example_dags/example_branch_operator.py
[2025-04-09T07:12:38.017+0000] {logging_mixin.py:188} INFO - [2025-04-09T07:12:38.016+0000] {dag.py:3036} INFO - Sync 1 DAGs
[2025-04-09T07:12:38.042+0000] {logging_mixin.py:188} INFO - [2025-04-09T07:12:38.042+0000] {dag.py:3823} INFO - Setting next_dagrun for example_branch_operator to 2025-04-08 00:00:00+00:00, run_after=2025-04-09 00:00:00+00:00
[2025-04-09T07:12:38.096+0000] {processor.py:183} INFO - Processing /home/airflow/.local/lib/python3.8/site-packages/airflow/example_dags/example_branch_operator.py took 0.133 seconds
[2025-04-09T07:13:12.810+0000] {processor.py:161} INFO - Started process (PID=459) to work on /home/airflow/.local/lib/python3.8/site-packages/airflow/example_dags/example_branch_operator.py
[2025-04-09T07:13:12.812+0000] {processor.py:830} INFO - Processing file /home/airflow/.local/lib/python3.8/site-packages/airflow/example_dags/example_branch_operator.py for tasks to queue
[2025-04-09T07:13:12.813+0000] {logging_mixin.py:188} INFO - [2025-04-09T07:13:12.813+0000] {dagbag.py:538} INFO - Filling up the DagBag from /home/airflow/.local/lib/python3.8/site-packages/airflow/example_dags/example_branch_operator.py
[2025-04-09T07:13:12.831+0000] {processor.py:840} INFO - DAG(s) 'example_branch_operator' retrieved from /home/airflow/.local/lib/python3.8/site-packages/airflow/example_dags/example_branch_operator.py
[2025-04-09T07:13:12.861+0000] {logging_mixin.py:188} INFO - [2025-04-09T07:13:12.861+0000] {dag.py:3036} INFO - Sync 1 DAGs
[2025-04-09T07:13:12.884+0000] {logging_mixin.py:188} INFO - [2025-04-09T07:13:12.883+0000] {dag.py:3823} INFO - Setting next_dagrun for example_branch_operator to 2025-04-08 00:00:00+00:00, run_after=2025-04-09 00:00:00+00:00
[2025-04-09T07:13:12.950+0000] {processor.py:183} INFO - Processing /home/airflow/.local/lib/python3.8/site-packages/airflow/example_dags/example_branch_operator.py took 0.142 seconds
[2025-04-09T07:13:43.557+0000] {processor.py:161} INFO - Started process (PID=517) to work on /home/airflow/.local/lib/python3.8/site-packages/airflow/example_dags/example_branch_operator.py
[2025-04-09T07:13:43.558+0000] {processor.py:830} INFO - Processing file /home/airflow/.local/lib/python3.8/site-packages/airflow/example_dags/example_branch_operator.py for tasks to queue
[2025-04-09T07:13:43.561+0000] {logging_mixin.py:188} INFO - [2025-04-09T07:13:43.560+0000] {dagbag.py:538} INFO - Filling up the DagBag from /home/airflow/.local/lib/python3.8/site-packages/airflow/example_dags/example_branch_operator.py
[2025-04-09T07:13:43.580+0000] {processor.py:840} INFO - DAG(s) 'example_branch_operator' retrieved from /home/airflow/.local/lib/python3.8/site-packages/airflow/example_dags/example_branch_operator.py
[2025-04-09T07:13:43.612+0000] {logging_mixin.py:188} INFO - [2025-04-09T07:13:43.612+0000] {dag.py:3036} INFO - Sync 1 DAGs
[2025-04-09T07:13:43.640+0000] {logging_mixin.py:188} INFO - [2025-04-09T07:13:43.640+0000] {dag.py:3823} INFO - Setting next_dagrun for example_branch_operator to 2025-04-08 00:00:00+00:00, run_after=2025-04-09 00:00:00+00:00
[2025-04-09T07:13:43.733+0000] {processor.py:183} INFO - Processing /home/airflow/.local/lib/python3.8/site-packages/airflow/example_dags/example_branch_operator.py took 0.181 seconds
[2025-04-09T07:14:13.941+0000] {processor.py:161} INFO - Started process (PID=575) to work on /home/airflow/.local/lib/python3.8/site-packages/airflow/example_dags/example_branch_operator.py
[2025-04-09T07:14:13.950+0000] {processor.py:830} INFO - Processing file /home/airflow/.local/lib/python3.8/site-packages/airflow/example_dags/example_branch_operator.py for tasks to queue
[2025-04-09T07:14:13.952+0000] {logging_mixin.py:188} INFO - [2025-04-09T07:14:13.951+0000] {dagbag.py:538} INFO - Filling up the DagBag from /home/airflow/.local/lib/python3.8/site-packages/airflow/example_dags/example_branch_operator.py
[2025-04-09T07:14:13.976+0000] {processor.py:840} INFO - DAG(s) 'example_branch_operator' retrieved from /home/airflow/.local/lib/python3.8/site-packages/airflow/example_dags/example_branch_operator.py
[2025-04-09T07:14:14.009+0000] {logging_mixin.py:188} INFO - [2025-04-09T07:14:14.009+0000] {dag.py:3036} INFO - Sync 1 DAGs
[2025-04-09T07:14:14.033+0000] {logging_mixin.py:188} INFO - [2025-04-09T07:14:14.033+0000] {dag.py:3823} INFO - Setting next_dagrun for example_branch_operator to 2025-04-08 00:00:00+00:00, run_after=2025-04-09 00:00:00+00:00
[2025-04-09T07:14:14.091+0000] {processor.py:183} INFO - Processing /home/airflow/.local/lib/python3.8/site-packages/airflow/example_dags/example_branch_operator.py took 0.153 seconds
[2025-04-09T07:14:44.203+0000] {processor.py:161} INFO - Started process (PID=633) to work on /home/airflow/.local/lib/python3.8/site-packages/airflow/example_dags/example_branch_operator.py
[2025-04-09T07:14:44.203+0000] {processor.py:830} INFO - Processing file /home/airflow/.local/lib/python3.8/site-packages/airflow/example_dags/example_branch_operator.py for tasks to queue
[2025-04-09T07:14:44.205+0000] {logging_mixin.py:188} INFO - [2025-04-09T07:14:44.205+0000] {dagbag.py:538} INFO - Filling up the DagBag from /home/airflow/.local/lib/python3.8/site-packages/airflow/example_dags/example_branch_operator.py
[2025-04-09T07:14:44.226+0000] {processor.py:840} INFO - DAG(s) 'example_branch_operator' retrieved from /home/airflow/.local/lib/python3.8/site-packages/airflow/example_dags/example_branch_operator.py
[2025-04-09T07:14:44.261+0000] {logging_mixin.py:188} INFO - [2025-04-09T07:14:44.260+0000] {dag.py:3036} INFO - Sync 1 DAGs
[2025-04-09T07:14:44.288+0000] {logging_mixin.py:188} INFO - [2025-04-09T07:14:44.288+0000] {dag.py:3823} INFO - Setting next_dagrun for example_branch_operator to 2025-04-08 00:00:00+00:00, run_after=2025-04-09 00:00:00+00:00
[2025-04-09T07:14:44.481+0000] {processor.py:183} INFO - Processing /home/airflow/.local/lib/python3.8/site-packages/airflow/example_dags/example_branch_operator.py took 0.282 seconds
[2025-04-09T07:15:14.596+0000] {processor.py:161} INFO - Started process (PID=691) to work on /home/airflow/.local/lib/python3.8/site-packages/airflow/example_dags/example_branch_operator.py
[2025-04-09T07:15:14.628+0000] {processor.py:830} INFO - Processing file /home/airflow/.local/lib/python3.8/site-packages/airflow/example_dags/example_branch_operator.py for tasks to queue
[2025-04-09T07:15:14.630+0000] {logging_mixin.py:188} INFO - [2025-04-09T07:15:14.629+0000] {dagbag.py:538} INFO - Filling up the DagBag from /home/airflow/.local/lib/python3.8/site-packages/airflow/example_dags/example_branch_operator.py
[2025-04-09T07:15:14.653+0000] {processor.py:840} INFO - DAG(s) 'example_branch_operator' retrieved from /home/airflow/.local/lib/python3.8/site-packages/airflow/example_dags/example_branch_operator.py
[2025-04-09T07:15:14.688+0000] {logging_mixin.py:188} INFO - [2025-04-09T07:15:14.687+0000] {dag.py:3036} INFO - Sync 1 DAGs
[2025-04-09T07:15:14.716+0000] {logging_mixin.py:188} INFO - [2025-04-09T07:15:14.716+0000] {dag.py:3823} INFO - Setting next_dagrun for example_branch_operator to 2025-04-08 00:00:00+00:00, run_after=2025-04-09 00:00:00+00:00
[2025-04-09T07:15:14.770+0000] {processor.py:183} INFO - Processing /home/airflow/.local/lib/python3.8/site-packages/airflow/example_dags/example_branch_operator.py took 0.178 seconds
[2025-04-09T07:15:44.820+0000] {processor.py:161} INFO - Started process (PID=749) to work on /home/airflow/.local/lib/python3.8/site-packages/airflow/example_dags/example_branch_operator.py
[2025-04-09T07:15:44.822+0000] {processor.py:830} INFO - Processing file /home/airflow/.local/lib/python3.8/site-packages/airflow/example_dags/example_branch_operator.py for tasks to queue
[2025-04-09T07:15:44.823+0000] {logging_mixin.py:188} INFO - [2025-04-09T07:15:44.823+0000] {dagbag.py:538} INFO - Filling up the DagBag from /home/airflow/.local/lib/python3.8/site-packages/airflow/example_dags/example_branch_operator.py
[2025-04-09T07:15:44.841+0000] {processor.py:840} INFO - DAG(s) 'example_branch_operator' retrieved from /home/airflow/.local/lib/python3.8/site-packages/airflow/example_dags/example_branch_operator.py
[2025-04-09T07:15:44.874+0000] {logging_mixin.py:188} INFO - [2025-04-09T07:15:44.874+0000] {dag.py:3036} INFO - Sync 1 DAGs
[2025-04-09T07:15:44.899+0000] {logging_mixin.py:188} INFO - [2025-04-09T07:15:44.899+0000] {dag.py:3823} INFO - Setting next_dagrun for example_branch_operator to 2025-04-08 00:00:00+00:00, run_after=2025-04-09 00:00:00+00:00
[2025-04-09T07:15:44.970+0000] {processor.py:183} INFO - Processing /home/airflow/.local/lib/python3.8/site-packages/airflow/example_dags/example_branch_operator.py took 0.155 seconds
[2025-04-09T07:16:15.010+0000] {processor.py:161} INFO - Started process (PID=807) to work on /home/airflow/.local/lib/python3.8/site-packages/airflow/example_dags/example_branch_operator.py
[2025-04-09T07:16:15.011+0000] {processor.py:830} INFO - Processing file /home/airflow/.local/lib/python3.8/site-packages/airflow/example_dags/example_branch_operator.py for tasks to queue
[2025-04-09T07:16:15.012+0000] {logging_mixin.py:188} INFO - [2025-04-09T07:16:15.012+0000] {dagbag.py:538} INFO - Filling up the DagBag from /home/airflow/.local/lib/python3.8/site-packages/airflow/example_dags/example_branch_operator.py
[2025-04-09T07:16:15.029+0000] {processor.py:840} INFO - DAG(s) 'example_branch_operator' retrieved from /home/airflow/.local/lib/python3.8/site-packages/airflow/example_dags/example_branch_operator.py
[2025-04-09T07:16:15.057+0000] {logging_mixin.py:188} INFO - [2025-04-09T07:16:15.057+0000] {dag.py:3036} INFO - Sync 1 DAGs
[2025-04-09T07:16:15.082+0000] {logging_mixin.py:188} INFO - [2025-04-09T07:16:15.082+0000] {dag.py:3823} INFO - Setting next_dagrun for example_branch_operator to 2025-04-08 00:00:00+00:00, run_after=2025-04-09 00:00:00+00:00
[2025-04-09T07:16:15.154+0000] {processor.py:183} INFO - Processing /home/airflow/.local/lib/python3.8/site-packages/airflow/example_dags/example_branch_operator.py took 0.147 seconds
[2025-04-09T07:16:48.701+0000] {processor.py:161} INFO - Started process (PID=865) to work on /home/airflow/.local/lib/python3.8/site-packages/airflow/example_dags/example_branch_operator.py
[2025-04-09T07:16:48.727+0000] {processor.py:830} INFO - Processing file /home/airflow/.local/lib/python3.8/site-packages/airflow/example_dags/example_branch_operator.py for tasks to queue
[2025-04-09T07:16:48.729+0000] {logging_mixin.py:188} INFO - [2025-04-09T07:16:48.728+0000] {dagbag.py:538} INFO - Filling up the DagBag from /home/airflow/.local/lib/python3.8/site-packages/airflow/example_dags/example_branch_operator.py
[2025-04-09T07:16:48.745+0000] {processor.py:840} INFO - DAG(s) 'example_branch_operator' retrieved from /home/airflow/.local/lib/python3.8/site-packages/airflow/example_dags/example_branch_operator.py
[2025-04-09T07:16:48.773+0000] {logging_mixin.py:188} INFO - [2025-04-09T07:16:48.773+0000] {dag.py:3036} INFO - Sync 1 DAGs
[2025-04-09T07:16:48.799+0000] {logging_mixin.py:188} INFO - [2025-04-09T07:16:48.799+0000] {dag.py:3823} INFO - Setting next_dagrun for example_branch_operator to 2025-04-08 00:00:00+00:00, run_after=2025-04-09 00:00:00+00:00
[2025-04-09T07:16:48.847+0000] {processor.py:183} INFO - Processing /home/airflow/.local/lib/python3.8/site-packages/airflow/example_dags/example_branch_operator.py took 0.149 seconds
[2025-04-09T07:17:22.669+0000] {processor.py:161} INFO - Started process (PID=923) to work on /home/airflow/.local/lib/python3.8/site-packages/airflow/example_dags/example_branch_operator.py
[2025-04-09T07:17:22.670+0000] {processor.py:830} INFO - Processing file /home/airflow/.local/lib/python3.8/site-packages/airflow/example_dags/example_branch_operator.py for tasks to queue
[2025-04-09T07:17:22.672+0000] {logging_mixin.py:188} INFO - [2025-04-09T07:17:22.672+0000] {dagbag.py:538} INFO - Filling up the DagBag from /home/airflow/.local/lib/python3.8/site-packages/airflow/example_dags/example_branch_operator.py
[2025-04-09T07:17:22.691+0000] {processor.py:840} INFO - DAG(s) 'example_branch_operator' retrieved from /home/airflow/.local/lib/python3.8/site-packages/airflow/example_dags/example_branch_operator.py
[2025-04-09T07:17:22.725+0000] {logging_mixin.py:188} INFO - [2025-04-09T07:17:22.725+0000] {dag.py:3036} INFO - Sync 1 DAGs
[2025-04-09T07:17:22.752+0000] {logging_mixin.py:188} INFO - [2025-04-09T07:17:22.751+0000] {dag.py:3823} INFO - Setting next_dagrun for example_branch_operator to 2025-04-08 00:00:00+00:00, run_after=2025-04-09 00:00:00+00:00
[2025-04-09T07:17:22.831+0000] {processor.py:183} INFO - Processing /home/airflow/.local/lib/python3.8/site-packages/airflow/example_dags/example_branch_operator.py took 0.166 seconds
[2025-04-09T07:17:53.465+0000] {processor.py:161} INFO - Started process (PID=981) to work on /home/airflow/.local/lib/python3.8/site-packages/airflow/example_dags/example_branch_operator.py
[2025-04-09T07:17:53.466+0000] {processor.py:830} INFO - Processing file /home/airflow/.local/lib/python3.8/site-packages/airflow/example_dags/example_branch_operator.py for tasks to queue
[2025-04-09T07:17:53.468+0000] {logging_mixin.py:188} INFO - [2025-04-09T07:17:53.467+0000] {dagbag.py:538} INFO - Filling up the DagBag from /home/airflow/.local/lib/python3.8/site-packages/airflow/example_dags/example_branch_operator.py
[2025-04-09T07:17:53.484+0000] {processor.py:840} INFO - DAG(s) 'example_branch_operator' retrieved from /home/airflow/.local/lib/python3.8/site-packages/airflow/example_dags/example_branch_operator.py
[2025-04-09T07:17:53.514+0000] {logging_mixin.py:188} INFO - [2025-04-09T07:17:53.513+0000] {dag.py:3036} INFO - Sync 1 DAGs
[2025-04-09T07:17:53.539+0000] {logging_mixin.py:188} INFO - [2025-04-09T07:17:53.539+0000] {dag.py:3823} INFO - Setting next_dagrun for example_branch_operator to 2025-04-08 00:00:00+00:00, run_after=2025-04-09 00:00:00+00:00
[2025-04-09T07:17:53.600+0000] {processor.py:183} INFO - Processing /home/airflow/.local/lib/python3.8/site-packages/airflow/example_dags/example_branch_operator.py took 0.137 seconds
[2025-04-09T07:18:24.457+0000] {processor.py:161} INFO - Started process (PID=1039) to work on /home/airflow/.local/lib/python3.8/site-packages/airflow/example_dags/example_branch_operator.py
[2025-04-09T07:18:24.457+0000] {processor.py:830} INFO - Processing file /home/airflow/.local/lib/python3.8/site-packages/airflow/example_dags/example_branch_operator.py for tasks to queue
[2025-04-09T07:18:24.459+0000] {logging_mixin.py:188} INFO - [2025-04-09T07:18:24.459+0000] {dagbag.py:538} INFO - Filling up the DagBag from /home/airflow/.local/lib/python3.8/site-packages/airflow/example_dags/example_branch_operator.py
[2025-04-09T07:18:24.481+0000] {processor.py:840} INFO - DAG(s) 'example_branch_operator' retrieved from /home/airflow/.local/lib/python3.8/site-packages/airflow/example_dags/example_branch_operator.py
[2025-04-09T07:18:24.513+0000] {logging_mixin.py:188} INFO - [2025-04-09T07:18:24.513+0000] {dag.py:3036} INFO - Sync 1 DAGs
[2025-04-09T07:18:24.541+0000] {logging_mixin.py:188} INFO - [2025-04-09T07:18:24.541+0000] {dag.py:3823} INFO - Setting next_dagrun for example_branch_operator to 2025-04-08 00:00:00+00:00, run_after=2025-04-09 00:00:00+00:00
[2025-04-09T07:18:24.609+0000] {processor.py:183} INFO - Processing /home/airflow/.local/lib/python3.8/site-packages/airflow/example_dags/example_branch_operator.py took 0.156 seconds
[2025-04-09T07:18:54.920+0000] {processor.py:161} INFO - Started process (PID=1097) to work on /home/airflow/.local/lib/python3.8/site-packages/airflow/example_dags/example_branch_operator.py
[2025-04-09T07:18:54.934+0000] {processor.py:830} INFO - Processing file /home/airflow/.local/lib/python3.8/site-packages/airflow/example_dags/example_branch_operator.py for tasks to queue
[2025-04-09T07:18:54.936+0000] {logging_mixin.py:188} INFO - [2025-04-09T07:18:54.936+0000] {dagbag.py:538} INFO - Filling up the DagBag from /home/airflow/.local/lib/python3.8/site-packages/airflow/example_dags/example_branch_operator.py
[2025-04-09T07:18:54.961+0000] {processor.py:840} INFO - DAG(s) 'example_branch_operator' retrieved from /home/airflow/.local/lib/python3.8/site-packages/airflow/example_dags/example_branch_operator.py
[2025-04-09T07:18:54.992+0000] {logging_mixin.py:188} INFO - [2025-04-09T07:18:54.992+0000] {dag.py:3036} INFO - Sync 1 DAGs
[2025-04-09T07:18:55.019+0000] {logging_mixin.py:188} INFO - [2025-04-09T07:18:55.019+0000] {dag.py:3823} INFO - Setting next_dagrun for example_branch_operator to 2025-04-08 00:00:00+00:00, run_after=2025-04-09 00:00:00+00:00
[2025-04-09T07:18:55.085+0000] {processor.py:183} INFO - Processing /home/airflow/.local/lib/python3.8/site-packages/airflow/example_dags/example_branch_operator.py took 0.170 seconds
[2025-04-09T07:19:25.119+0000] {processor.py:161} INFO - Started process (PID=1148) to work on /home/airflow/.local/lib/python3.8/site-packages/airflow/example_dags/example_branch_operator.py
[2025-04-09T07:19:25.120+0000] {processor.py:830} INFO - Processing file /home/airflow/.local/lib/python3.8/site-packages/airflow/example_dags/example_branch_operator.py for tasks to queue
[2025-04-09T07:19:25.122+0000] {logging_mixin.py:188} INFO - [2025-04-09T07:19:25.121+0000] {dagbag.py:538} INFO - Filling up the DagBag from /home/airflow/.local/lib/python3.8/site-packages/airflow/example_dags/example_branch_operator.py
[2025-04-09T07:19:25.146+0000] {processor.py:840} INFO - DAG(s) 'example_branch_operator' retrieved from /home/airflow/.local/lib/python3.8/site-packages/airflow/example_dags/example_branch_operator.py
[2025-04-09T07:19:25.185+0000] {logging_mixin.py:188} INFO - [2025-04-09T07:19:25.185+0000] {dag.py:3036} INFO - Sync 1 DAGs
[2025-04-09T07:19:25.213+0000] {logging_mixin.py:188} INFO - [2025-04-09T07:19:25.212+0000] {dag.py:3823} INFO - Setting next_dagrun for example_branch_operator to 2025-04-08 00:00:00+00:00, run_after=2025-04-09 00:00:00+00:00
[2025-04-09T07:19:25.270+0000] {processor.py:183} INFO - Processing /home/airflow/.local/lib/python3.8/site-packages/airflow/example_dags/example_branch_operator.py took 0.155 seconds
[2025-04-09T07:19:55.452+0000] {processor.py:161} INFO - Started process (PID=1207) to work on /home/airflow/.local/lib/python3.8/site-packages/airflow/example_dags/example_branch_operator.py
[2025-04-09T07:19:55.465+0000] {processor.py:830} INFO - Processing file /home/airflow/.local/lib/python3.8/site-packages/airflow/example_dags/example_branch_operator.py for tasks to queue
[2025-04-09T07:19:55.466+0000] {logging_mixin.py:188} INFO - [2025-04-09T07:19:55.466+0000] {dagbag.py:538} INFO - Filling up the DagBag from /home/airflow/.local/lib/python3.8/site-packages/airflow/example_dags/example_branch_operator.py
[2025-04-09T07:19:55.484+0000] {processor.py:840} INFO - DAG(s) 'example_branch_operator' retrieved from /home/airflow/.local/lib/python3.8/site-packages/airflow/example_dags/example_branch_operator.py
[2025-04-09T07:19:55.512+0000] {logging_mixin.py:188} INFO - [2025-04-09T07:19:55.512+0000] {dag.py:3036} INFO - Sync 1 DAGs
[2025-04-09T07:19:55.535+0000] {logging_mixin.py:188} INFO - [2025-04-09T07:19:55.535+0000] {dag.py:3823} INFO - Setting next_dagrun for example_branch_operator to 2025-04-08 00:00:00+00:00, run_after=2025-04-09 00:00:00+00:00
[2025-04-09T07:19:55.585+0000] {processor.py:183} INFO - Processing /home/airflow/.local/lib/python3.8/site-packages/airflow/example_dags/example_branch_operator.py took 0.136 seconds
[2025-04-09T07:20:25.717+0000] {processor.py:161} INFO - Started process (PID=1265) to work on /home/airflow/.local/lib/python3.8/site-packages/airflow/example_dags/example_branch_operator.py
[2025-04-09T07:20:25.718+0000] {processor.py:830} INFO - Processing file /home/airflow/.local/lib/python3.8/site-packages/airflow/example_dags/example_branch_operator.py for tasks to queue
[2025-04-09T07:20:25.720+0000] {logging_mixin.py:188} INFO - [2025-04-09T07:20:25.720+0000] {dagbag.py:538} INFO - Filling up the DagBag from /home/airflow/.local/lib/python3.8/site-packages/airflow/example_dags/example_branch_operator.py
[2025-04-09T07:20:25.742+0000] {processor.py:840} INFO - DAG(s) 'example_branch_operator' retrieved from /home/airflow/.local/lib/python3.8/site-packages/airflow/example_dags/example_branch_operator.py
[2025-04-09T07:20:25.776+0000] {logging_mixin.py:188} INFO - [2025-04-09T07:20:25.776+0000] {dag.py:3036} INFO - Sync 1 DAGs
[2025-04-09T07:20:25.803+0000] {logging_mixin.py:188} INFO - [2025-04-09T07:20:25.803+0000] {dag.py:3823} INFO - Setting next_dagrun for example_branch_operator to 2025-04-08 00:00:00+00:00, run_after=2025-04-09 00:00:00+00:00
[2025-04-09T07:20:25.882+0000] {processor.py:183} INFO - Processing /home/airflow/.local/lib/python3.8/site-packages/airflow/example_dags/example_branch_operator.py took 0.169 seconds
[2025-04-09T07:20:57.943+0000] {processor.py:161} INFO - Started process (PID=1323) to work on /home/airflow/.local/lib/python3.8/site-packages/airflow/example_dags/example_branch_operator.py
[2025-04-09T07:20:57.944+0000] {processor.py:830} INFO - Processing file /home/airflow/.local/lib/python3.8/site-packages/airflow/example_dags/example_branch_operator.py for tasks to queue
[2025-04-09T07:20:57.946+0000] {logging_mixin.py:188} INFO - [2025-04-09T07:20:57.946+0000] {dagbag.py:538} INFO - Filling up the DagBag from /home/airflow/.local/lib/python3.8/site-packages/airflow/example_dags/example_branch_operator.py
[2025-04-09T07:20:57.963+0000] {processor.py:840} INFO - DAG(s) 'example_branch_operator' retrieved from /home/airflow/.local/lib/python3.8/site-packages/airflow/example_dags/example_branch_operator.py
[2025-04-09T07:20:57.991+0000] {logging_mixin.py:188} INFO - [2025-04-09T07:20:57.991+0000] {dag.py:3036} INFO - Sync 1 DAGs
[2025-04-09T07:20:58.015+0000] {logging_mixin.py:188} INFO - [2025-04-09T07:20:58.015+0000] {dag.py:3823} INFO - Setting next_dagrun for example_branch_operator to 2025-04-08 00:00:00+00:00, run_after=2025-04-09 00:00:00+00:00
[2025-04-09T07:20:58.078+0000] {processor.py:183} INFO - Processing /home/airflow/.local/lib/python3.8/site-packages/airflow/example_dags/example_branch_operator.py took 0.138 seconds
[2025-04-09T07:21:29.003+0000] {processor.py:161} INFO - Started process (PID=1381) to work on /home/airflow/.local/lib/python3.8/site-packages/airflow/example_dags/example_branch_operator.py
[2025-04-09T07:21:29.005+0000] {processor.py:830} INFO - Processing file /home/airflow/.local/lib/python3.8/site-packages/airflow/example_dags/example_branch_operator.py for tasks to queue
[2025-04-09T07:21:29.006+0000] {logging_mixin.py:188} INFO - [2025-04-09T07:21:29.006+0000] {dagbag.py:538} INFO - Filling up the DagBag from /home/airflow/.local/lib/python3.8/site-packages/airflow/example_dags/example_branch_operator.py
[2025-04-09T07:21:29.025+0000] {processor.py:840} INFO - DAG(s) 'example_branch_operator' retrieved from /home/airflow/.local/lib/python3.8/site-packages/airflow/example_dags/example_branch_operator.py
[2025-04-09T07:21:29.055+0000] {logging_mixin.py:188} INFO - [2025-04-09T07:21:29.055+0000] {dag.py:3036} INFO - Sync 1 DAGs
[2025-04-09T07:21:29.080+0000] {logging_mixin.py:188} INFO - [2025-04-09T07:21:29.080+0000] {dag.py:3823} INFO - Setting next_dagrun for example_branch_operator to 2025-04-08 00:00:00+00:00, run_after=2025-04-09 00:00:00+00:00
[2025-04-09T07:21:29.146+0000] {processor.py:183} INFO - Processing /home/airflow/.local/lib/python3.8/site-packages/airflow/example_dags/example_branch_operator.py took 0.146 seconds
[2025-04-09T07:21:59.553+0000] {processor.py:161} INFO - Started process (PID=1439) to work on /home/airflow/.local/lib/python3.8/site-packages/airflow/example_dags/example_branch_operator.py
[2025-04-09T07:21:59.555+0000] {processor.py:830} INFO - Processing file /home/airflow/.local/lib/python3.8/site-packages/airflow/example_dags/example_branch_operator.py for tasks to queue
[2025-04-09T07:21:59.557+0000] {logging_mixin.py:188} INFO - [2025-04-09T07:21:59.556+0000] {dagbag.py:538} INFO - Filling up the DagBag from /home/airflow/.local/lib/python3.8/site-packages/airflow/example_dags/example_branch_operator.py
[2025-04-09T07:21:59.577+0000] {processor.py:840} INFO - DAG(s) 'example_branch_operator' retrieved from /home/airflow/.local/lib/python3.8/site-packages/airflow/example_dags/example_branch_operator.py
[2025-04-09T07:21:59.611+0000] {logging_mixin.py:188} INFO - [2025-04-09T07:21:59.611+0000] {dag.py:3036} INFO - Sync 1 DAGs
[2025-04-09T07:21:59.639+0000] {logging_mixin.py:188} INFO - [2025-04-09T07:21:59.639+0000] {dag.py:3823} INFO - Setting next_dagrun for example_branch_operator to 2025-04-08 00:00:00+00:00, run_after=2025-04-09 00:00:00+00:00
[2025-04-09T07:21:59.697+0000] {processor.py:183} INFO - Processing /home/airflow/.local/lib/python3.8/site-packages/airflow/example_dags/example_branch_operator.py took 0.147 seconds
[2025-04-09T07:22:29.777+0000] {processor.py:161} INFO - Started process (PID=1497) to work on /home/airflow/.local/lib/python3.8/site-packages/airflow/example_dags/example_branch_operator.py
[2025-04-09T07:22:29.778+0000] {processor.py:830} INFO - Processing file /home/airflow/.local/lib/python3.8/site-packages/airflow/example_dags/example_branch_operator.py for tasks to queue
[2025-04-09T07:22:29.779+0000] {logging_mixin.py:188} INFO - [2025-04-09T07:22:29.779+0000] {dagbag.py:538} INFO - Filling up the DagBag from /home/airflow/.local/lib/python3.8/site-packages/airflow/example_dags/example_branch_operator.py
[2025-04-09T07:22:29.800+0000] {processor.py:840} INFO - DAG(s) 'example_branch_operator' retrieved from /home/airflow/.local/lib/python3.8/site-packages/airflow/example_dags/example_branch_operator.py
[2025-04-09T07:22:29.834+0000] {logging_mixin.py:188} INFO - [2025-04-09T07:22:29.834+0000] {dag.py:3036} INFO - Sync 1 DAGs
[2025-04-09T07:22:29.863+0000] {logging_mixin.py:188} INFO - [2025-04-09T07:22:29.863+0000] {dag.py:3823} INFO - Setting next_dagrun for example_branch_operator to 2025-04-08 00:00:00+00:00, run_after=2025-04-09 00:00:00+00:00
[2025-04-09T07:22:29.910+0000] {processor.py:183} INFO - Processing /home/airflow/.local/lib/python3.8/site-packages/airflow/example_dags/example_branch_operator.py took 0.137 seconds
[2025-04-09T07:23:00.360+0000] {processor.py:161} INFO - Started process (PID=1555) to work on /home/airflow/.local/lib/python3.8/site-packages/airflow/example_dags/example_branch_operator.py
[2025-04-09T07:23:00.361+0000] {processor.py:830} INFO - Processing file /home/airflow/.local/lib/python3.8/site-packages/airflow/example_dags/example_branch_operator.py for tasks to queue
[2025-04-09T07:23:00.362+0000] {logging_mixin.py:188} INFO - [2025-04-09T07:23:00.362+0000] {dagbag.py:538} INFO - Filling up the DagBag from /home/airflow/.local/lib/python3.8/site-packages/airflow/example_dags/example_branch_operator.py
[2025-04-09T07:23:00.382+0000] {processor.py:840} INFO - DAG(s) 'example_branch_operator' retrieved from /home/airflow/.local/lib/python3.8/site-packages/airflow/example_dags/example_branch_operator.py
[2025-04-09T07:23:00.420+0000] {logging_mixin.py:188} INFO - [2025-04-09T07:23:00.419+0000] {dag.py:3036} INFO - Sync 1 DAGs
[2025-04-09T07:23:00.449+0000] {logging_mixin.py:188} INFO - [2025-04-09T07:23:00.449+0000] {dag.py:3823} INFO - Setting next_dagrun for example_branch_operator to 2025-04-08 00:00:00+00:00, run_after=2025-04-09 00:00:00+00:00
[2025-04-09T07:23:00.514+0000] {processor.py:183} INFO - Processing /home/airflow/.local/lib/python3.8/site-packages/airflow/example_dags/example_branch_operator.py took 0.157 seconds
[2025-04-09T07:23:31.112+0000] {processor.py:161} INFO - Started process (PID=1613) to work on /home/airflow/.local/lib/python3.8/site-packages/airflow/example_dags/example_branch_operator.py
[2025-04-09T07:23:31.113+0000] {processor.py:830} INFO - Processing file /home/airflow/.local/lib/python3.8/site-packages/airflow/example_dags/example_branch_operator.py for tasks to queue
[2025-04-09T07:23:31.114+0000] {logging_mixin.py:188} INFO - [2025-04-09T07:23:31.114+0000] {dagbag.py:538} INFO - Filling up the DagBag from /home/airflow/.local/lib/python3.8/site-packages/airflow/example_dags/example_branch_operator.py
[2025-04-09T07:23:31.131+0000] {processor.py:840} INFO - DAG(s) 'example_branch_operator' retrieved from /home/airflow/.local/lib/python3.8/site-packages/airflow/example_dags/example_branch_operator.py
[2025-04-09T07:23:31.162+0000] {logging_mixin.py:188} INFO - [2025-04-09T07:23:31.162+0000] {dag.py:3036} INFO - Sync 1 DAGs
[2025-04-09T07:23:31.189+0000] {logging_mixin.py:188} INFO - [2025-04-09T07:23:31.189+0000] {dag.py:3823} INFO - Setting next_dagrun for example_branch_operator to 2025-04-08 00:00:00+00:00, run_after=2025-04-09 00:00:00+00:00
[2025-04-09T07:23:31.243+0000] {processor.py:183} INFO - Processing /home/airflow/.local/lib/python3.8/site-packages/airflow/example_dags/example_branch_operator.py took 0.135 seconds
[2025-04-09T07:24:01.806+0000] {processor.py:161} INFO - Started process (PID=1671) to work on /home/airflow/.local/lib/python3.8/site-packages/airflow/example_dags/example_branch_operator.py
[2025-04-09T07:24:01.807+0000] {processor.py:830} INFO - Processing file /home/airflow/.local/lib/python3.8/site-packages/airflow/example_dags/example_branch_operator.py for tasks to queue
[2025-04-09T07:24:01.809+0000] {logging_mixin.py:188} INFO - [2025-04-09T07:24:01.808+0000] {dagbag.py:538} INFO - Filling up the DagBag from /home/airflow/.local/lib/python3.8/site-packages/airflow/example_dags/example_branch_operator.py
[2025-04-09T07:24:01.825+0000] {processor.py:840} INFO - DAG(s) 'example_branch_operator' retrieved from /home/airflow/.local/lib/python3.8/site-packages/airflow/example_dags/example_branch_operator.py
[2025-04-09T07:24:01.854+0000] {logging_mixin.py:188} INFO - [2025-04-09T07:24:01.853+0000] {dag.py:3036} INFO - Sync 1 DAGs
[2025-04-09T07:24:01.880+0000] {logging_mixin.py:188} INFO - [2025-04-09T07:24:01.880+0000] {dag.py:3823} INFO - Setting next_dagrun for example_branch_operator to 2025-04-08 00:00:00+00:00, run_after=2025-04-09 00:00:00+00:00
[2025-04-09T07:24:01.938+0000] {processor.py:183} INFO - Processing /home/airflow/.local/lib/python3.8/site-packages/airflow/example_dags/example_branch_operator.py took 0.136 seconds
[2025-04-09T07:24:33.412+0000] {processor.py:161} INFO - Started process (PID=1729) to work on /home/airflow/.local/lib/python3.8/site-packages/airflow/example_dags/example_branch_operator.py
[2025-04-09T07:24:33.413+0000] {processor.py:830} INFO - Processing file /home/airflow/.local/lib/python3.8/site-packages/airflow/example_dags/example_branch_operator.py for tasks to queue
[2025-04-09T07:24:33.414+0000] {logging_mixin.py:188} INFO - [2025-04-09T07:24:33.414+0000] {dagbag.py:538} INFO - Filling up the DagBag from /home/airflow/.local/lib/python3.8/site-packages/airflow/example_dags/example_branch_operator.py
[2025-04-09T07:24:33.433+0000] {processor.py:840} INFO - DAG(s) 'example_branch_operator' retrieved from /home/airflow/.local/lib/python3.8/site-packages/airflow/example_dags/example_branch_operator.py
[2025-04-09T07:24:33.462+0000] {logging_mixin.py:188} INFO - [2025-04-09T07:24:33.462+0000] {dag.py:3036} INFO - Sync 1 DAGs
[2025-04-09T07:24:33.491+0000] {logging_mixin.py:188} INFO - [2025-04-09T07:24:33.491+0000] {dag.py:3823} INFO - Setting next_dagrun for example_branch_operator to 2025-04-08 00:00:00+00:00, run_after=2025-04-09 00:00:00+00:00
[2025-04-09T07:24:33.540+0000] {processor.py:183} INFO - Processing /home/airflow/.local/lib/python3.8/site-packages/airflow/example_dags/example_branch_operator.py took 0.131 seconds
[2025-04-09T07:25:03.645+0000] {processor.py:161} INFO - Started process (PID=1787) to work on /home/airflow/.local/lib/python3.8/site-packages/airflow/example_dags/example_branch_operator.py
[2025-04-09T07:25:03.645+0000] {processor.py:830} INFO - Processing file /home/airflow/.local/lib/python3.8/site-packages/airflow/example_dags/example_branch_operator.py for tasks to queue
[2025-04-09T07:25:03.647+0000] {logging_mixin.py:188} INFO - [2025-04-09T07:25:03.646+0000] {dagbag.py:538} INFO - Filling up the DagBag from /home/airflow/.local/lib/python3.8/site-packages/airflow/example_dags/example_branch_operator.py
[2025-04-09T07:25:03.664+0000] {processor.py:840} INFO - DAG(s) 'example_branch_operator' retrieved from /home/airflow/.local/lib/python3.8/site-packages/airflow/example_dags/example_branch_operator.py
[2025-04-09T07:25:03.694+0000] {logging_mixin.py:188} INFO - [2025-04-09T07:25:03.694+0000] {dag.py:3036} INFO - Sync 1 DAGs
[2025-04-09T07:25:03.717+0000] {logging_mixin.py:188} INFO - [2025-04-09T07:25:03.717+0000] {dag.py:3823} INFO - Setting next_dagrun for example_branch_operator to 2025-04-08 00:00:00+00:00, run_after=2025-04-09 00:00:00+00:00
[2025-04-09T07:25:03.798+0000] {processor.py:183} INFO - Processing /home/airflow/.local/lib/python3.8/site-packages/airflow/example_dags/example_branch_operator.py took 0.156 seconds
[2025-04-09T07:25:34.026+0000] {processor.py:161} INFO - Started process (PID=1845) to work on /home/airflow/.local/lib/python3.8/site-packages/airflow/example_dags/example_branch_operator.py
[2025-04-09T07:25:34.027+0000] {processor.py:830} INFO - Processing file /home/airflow/.local/lib/python3.8/site-packages/airflow/example_dags/example_branch_operator.py for tasks to queue
[2025-04-09T07:25:34.029+0000] {logging_mixin.py:188} INFO - [2025-04-09T07:25:34.029+0000] {dagbag.py:538} INFO - Filling up the DagBag from /home/airflow/.local/lib/python3.8/site-packages/airflow/example_dags/example_branch_operator.py
[2025-04-09T07:25:34.047+0000] {processor.py:840} INFO - DAG(s) 'example_branch_operator' retrieved from /home/airflow/.local/lib/python3.8/site-packages/airflow/example_dags/example_branch_operator.py
[2025-04-09T07:25:34.078+0000] {logging_mixin.py:188} INFO - [2025-04-09T07:25:34.078+0000] {dag.py:3036} INFO - Sync 1 DAGs
[2025-04-09T07:25:34.107+0000] {logging_mixin.py:188} INFO - [2025-04-09T07:25:34.106+0000] {dag.py:3823} INFO - Setting next_dagrun for example_branch_operator to 2025-04-08 00:00:00+00:00, run_after=2025-04-09 00:00:00+00:00
[2025-04-09T07:25:34.177+0000] {processor.py:183} INFO - Processing /home/airflow/.local/lib/python3.8/site-packages/airflow/example_dags/example_branch_operator.py took 0.155 seconds
