[2025-04-09T06:43:06.382+0000] {processor.py:161} INFO - Started process (PID=755) to work on /home/airflow/.local/lib/python3.8/site-packages/airflow/example_dags/example_xcom.py
[2025-04-09T06:43:06.383+0000] {processor.py:830} INFO - Processing file /home/airflow/.local/lib/python3.8/site-packages/airflow/example_dags/example_xcom.py for tasks to queue
[2025-04-09T06:43:06.384+0000] {logging_mixin.py:188} INFO - [2025-04-09T06:43:06.384+0000] {dagbag.py:538} INFO - Filling up the DagBag from /home/airflow/.local/lib/python3.8/site-packages/airflow/example_dags/example_xcom.py
[2025-04-09T06:43:06.394+0000] {processor.py:840} INFO - DAG(s) 'example_xcom' retrieved from /home/airflow/.local/lib/python3.8/site-packages/airflow/example_dags/example_xcom.py
[2025-04-09T06:43:06.504+0000] {logging_mixin.py:188} INFO - [2025-04-09T06:43:06.504+0000] {dag.py:3036} INFO - Sync 1 DAGs
[2025-04-09T06:43:06.522+0000] {logging_mixin.py:188} INFO - [2025-04-09T06:43:06.521+0000] {dag.py:3823} INFO - Setting next_dagrun for example_xcom to 2021-01-01 00:00:00+00:00, run_after=2021-01-01 00:00:00+00:00
[2025-04-09T06:43:06.573+0000] {processor.py:183} INFO - Processing /home/airflow/.local/lib/python3.8/site-packages/airflow/example_dags/example_xcom.py took 0.194 seconds
[2025-04-09T06:44:52.002+0000] {processor.py:161} INFO - Started process (PID=65) to work on /home/airflow/.local/lib/python3.8/site-packages/airflow/example_dags/example_xcom.py
[2025-04-09T06:44:52.057+0000] {processor.py:830} INFO - Processing file /home/airflow/.local/lib/python3.8/site-packages/airflow/example_dags/example_xcom.py for tasks to queue
[2025-04-09T06:44:52.058+0000] {logging_mixin.py:188} INFO - [2025-04-09T06:44:52.058+0000] {dagbag.py:538} INFO - Filling up the DagBag from /home/airflow/.local/lib/python3.8/site-packages/airflow/example_dags/example_xcom.py
[2025-04-09T06:44:52.072+0000] {processor.py:840} INFO - DAG(s) 'example_xcom' retrieved from /home/airflow/.local/lib/python3.8/site-packages/airflow/example_dags/example_xcom.py
[2025-04-09T06:44:52.228+0000] {logging_mixin.py:188} INFO - [2025-04-09T06:44:52.227+0000] {dag.py:3036} INFO - Sync 1 DAGs
[2025-04-09T06:44:52.265+0000] {logging_mixin.py:188} INFO - [2025-04-09T06:44:52.264+0000] {dag.py:3823} INFO - Setting next_dagrun for example_xcom to 2021-01-01 00:00:00+00:00, run_after=2021-01-01 00:00:00+00:00
[2025-04-09T06:44:52.335+0000] {processor.py:183} INFO - Processing /home/airflow/.local/lib/python3.8/site-packages/airflow/example_dags/example_xcom.py took 0.337 seconds
[2025-04-09T06:45:23.232+0000] {processor.py:161} INFO - Started process (PID=53) to work on /home/airflow/.local/lib/python3.8/site-packages/airflow/example_dags/example_xcom.py
[2025-04-09T06:45:23.244+0000] {processor.py:830} INFO - Processing file /home/airflow/.local/lib/python3.8/site-packages/airflow/example_dags/example_xcom.py for tasks to queue
[2025-04-09T06:45:23.245+0000] {logging_mixin.py:188} INFO - [2025-04-09T06:45:23.245+0000] {dagbag.py:538} INFO - Filling up the DagBag from /home/airflow/.local/lib/python3.8/site-packages/airflow/example_dags/example_xcom.py
[2025-04-09T06:45:23.254+0000] {processor.py:840} INFO - DAG(s) 'example_xcom' retrieved from /home/airflow/.local/lib/python3.8/site-packages/airflow/example_dags/example_xcom.py
[2025-04-09T06:45:23.277+0000] {logging_mixin.py:188} INFO - [2025-04-09T06:45:23.276+0000] {dag.py:3036} INFO - Sync 1 DAGs
[2025-04-09T06:45:23.298+0000] {logging_mixin.py:188} INFO - [2025-04-09T06:45:23.298+0000] {dag.py:3823} INFO - Setting next_dagrun for example_xcom to 2021-01-01 00:00:00+00:00, run_after=2021-01-01 00:00:00+00:00
[2025-04-09T06:45:23.341+0000] {processor.py:183} INFO - Processing /home/airflow/.local/lib/python3.8/site-packages/airflow/example_dags/example_xcom.py took 0.112 seconds
[2025-04-09T06:45:53.699+0000] {processor.py:161} INFO - Started process (PID=111) to work on /home/airflow/.local/lib/python3.8/site-packages/airflow/example_dags/example_xcom.py
[2025-04-09T06:45:53.700+0000] {processor.py:830} INFO - Processing file /home/airflow/.local/lib/python3.8/site-packages/airflow/example_dags/example_xcom.py for tasks to queue
[2025-04-09T06:45:53.701+0000] {logging_mixin.py:188} INFO - [2025-04-09T06:45:53.701+0000] {dagbag.py:538} INFO - Filling up the DagBag from /home/airflow/.local/lib/python3.8/site-packages/airflow/example_dags/example_xcom.py
[2025-04-09T06:45:53.709+0000] {processor.py:840} INFO - DAG(s) 'example_xcom' retrieved from /home/airflow/.local/lib/python3.8/site-packages/airflow/example_dags/example_xcom.py
[2025-04-09T06:45:53.731+0000] {logging_mixin.py:188} INFO - [2025-04-09T06:45:53.730+0000] {dag.py:3036} INFO - Sync 1 DAGs
[2025-04-09T06:45:53.756+0000] {logging_mixin.py:188} INFO - [2025-04-09T06:45:53.756+0000] {dag.py:3823} INFO - Setting next_dagrun for example_xcom to 2021-01-01 00:00:00+00:00, run_after=2021-01-01 00:00:00+00:00
[2025-04-09T06:45:53.802+0000] {processor.py:183} INFO - Processing /home/airflow/.local/lib/python3.8/site-packages/airflow/example_dags/example_xcom.py took 0.107 seconds
[2025-04-09T06:46:24.367+0000] {processor.py:161} INFO - Started process (PID=169) to work on /home/airflow/.local/lib/python3.8/site-packages/airflow/example_dags/example_xcom.py
[2025-04-09T06:46:24.370+0000] {processor.py:830} INFO - Processing file /home/airflow/.local/lib/python3.8/site-packages/airflow/example_dags/example_xcom.py for tasks to queue
[2025-04-09T06:46:24.371+0000] {logging_mixin.py:188} INFO - [2025-04-09T06:46:24.371+0000] {dagbag.py:538} INFO - Filling up the DagBag from /home/airflow/.local/lib/python3.8/site-packages/airflow/example_dags/example_xcom.py
[2025-04-09T06:46:24.380+0000] {processor.py:840} INFO - DAG(s) 'example_xcom' retrieved from /home/airflow/.local/lib/python3.8/site-packages/airflow/example_dags/example_xcom.py
[2025-04-09T06:46:24.406+0000] {logging_mixin.py:188} INFO - [2025-04-09T06:46:24.406+0000] {dag.py:3036} INFO - Sync 1 DAGs
[2025-04-09T06:46:24.430+0000] {logging_mixin.py:188} INFO - [2025-04-09T06:46:24.430+0000] {dag.py:3823} INFO - Setting next_dagrun for example_xcom to 2021-01-01 00:00:00+00:00, run_after=2021-01-01 00:00:00+00:00
[2025-04-09T06:46:24.476+0000] {processor.py:183} INFO - Processing /home/airflow/.local/lib/python3.8/site-packages/airflow/example_dags/example_xcom.py took 0.111 seconds
[2025-04-09T06:46:56.009+0000] {processor.py:161} INFO - Started process (PID=227) to work on /home/airflow/.local/lib/python3.8/site-packages/airflow/example_dags/example_xcom.py
[2025-04-09T06:46:56.011+0000] {processor.py:830} INFO - Processing file /home/airflow/.local/lib/python3.8/site-packages/airflow/example_dags/example_xcom.py for tasks to queue
[2025-04-09T06:46:56.013+0000] {logging_mixin.py:188} INFO - [2025-04-09T06:46:56.013+0000] {dagbag.py:538} INFO - Filling up the DagBag from /home/airflow/.local/lib/python3.8/site-packages/airflow/example_dags/example_xcom.py
[2025-04-09T06:46:56.021+0000] {processor.py:840} INFO - DAG(s) 'example_xcom' retrieved from /home/airflow/.local/lib/python3.8/site-packages/airflow/example_dags/example_xcom.py
[2025-04-09T06:46:56.053+0000] {logging_mixin.py:188} INFO - [2025-04-09T06:46:56.053+0000] {dag.py:3036} INFO - Sync 1 DAGs
[2025-04-09T06:46:56.075+0000] {logging_mixin.py:188} INFO - [2025-04-09T06:46:56.075+0000] {dag.py:3823} INFO - Setting next_dagrun for example_xcom to 2021-01-01 00:00:00+00:00, run_after=2021-01-01 00:00:00+00:00
[2025-04-09T06:46:56.118+0000] {processor.py:183} INFO - Processing /home/airflow/.local/lib/python3.8/site-packages/airflow/example_dags/example_xcom.py took 0.112 seconds
[2025-04-09T06:47:27.021+0000] {processor.py:161} INFO - Started process (PID=285) to work on /home/airflow/.local/lib/python3.8/site-packages/airflow/example_dags/example_xcom.py
[2025-04-09T06:47:27.078+0000] {processor.py:830} INFO - Processing file /home/airflow/.local/lib/python3.8/site-packages/airflow/example_dags/example_xcom.py for tasks to queue
[2025-04-09T06:47:27.080+0000] {logging_mixin.py:188} INFO - [2025-04-09T06:47:27.079+0000] {dagbag.py:538} INFO - Filling up the DagBag from /home/airflow/.local/lib/python3.8/site-packages/airflow/example_dags/example_xcom.py
[2025-04-09T06:47:27.087+0000] {processor.py:840} INFO - DAG(s) 'example_xcom' retrieved from /home/airflow/.local/lib/python3.8/site-packages/airflow/example_dags/example_xcom.py
[2025-04-09T06:47:27.110+0000] {logging_mixin.py:188} INFO - [2025-04-09T06:47:27.110+0000] {dag.py:3036} INFO - Sync 1 DAGs
[2025-04-09T06:47:27.132+0000] {logging_mixin.py:188} INFO - [2025-04-09T06:47:27.132+0000] {dag.py:3823} INFO - Setting next_dagrun for example_xcom to 2021-01-01 00:00:00+00:00, run_after=2021-01-01 00:00:00+00:00
[2025-04-09T06:47:27.300+0000] {processor.py:183} INFO - Processing /home/airflow/.local/lib/python3.8/site-packages/airflow/example_dags/example_xcom.py took 0.281 seconds
[2025-04-09T06:47:57.833+0000] {processor.py:161} INFO - Started process (PID=343) to work on /home/airflow/.local/lib/python3.8/site-packages/airflow/example_dags/example_xcom.py
[2025-04-09T06:47:57.834+0000] {processor.py:830} INFO - Processing file /home/airflow/.local/lib/python3.8/site-packages/airflow/example_dags/example_xcom.py for tasks to queue
[2025-04-09T06:47:57.836+0000] {logging_mixin.py:188} INFO - [2025-04-09T06:47:57.835+0000] {dagbag.py:538} INFO - Filling up the DagBag from /home/airflow/.local/lib/python3.8/site-packages/airflow/example_dags/example_xcom.py
[2025-04-09T06:47:57.849+0000] {processor.py:840} INFO - DAG(s) 'example_xcom' retrieved from /home/airflow/.local/lib/python3.8/site-packages/airflow/example_dags/example_xcom.py
[2025-04-09T06:47:57.878+0000] {logging_mixin.py:188} INFO - [2025-04-09T06:47:57.877+0000] {dag.py:3036} INFO - Sync 1 DAGs
[2025-04-09T06:47:57.904+0000] {logging_mixin.py:188} INFO - [2025-04-09T06:47:57.904+0000] {dag.py:3823} INFO - Setting next_dagrun for example_xcom to 2021-01-01 00:00:00+00:00, run_after=2021-01-01 00:00:00+00:00
[2025-04-09T06:47:57.952+0000] {processor.py:183} INFO - Processing /home/airflow/.local/lib/python3.8/site-packages/airflow/example_dags/example_xcom.py took 0.123 seconds
[2025-04-09T06:48:28.699+0000] {processor.py:161} INFO - Started process (PID=401) to work on /home/airflow/.local/lib/python3.8/site-packages/airflow/example_dags/example_xcom.py
[2025-04-09T06:48:28.717+0000] {processor.py:830} INFO - Processing file /home/airflow/.local/lib/python3.8/site-packages/airflow/example_dags/example_xcom.py for tasks to queue
[2025-04-09T06:48:28.719+0000] {logging_mixin.py:188} INFO - [2025-04-09T06:48:28.719+0000] {dagbag.py:538} INFO - Filling up the DagBag from /home/airflow/.local/lib/python3.8/site-packages/airflow/example_dags/example_xcom.py
[2025-04-09T06:48:28.728+0000] {processor.py:840} INFO - DAG(s) 'example_xcom' retrieved from /home/airflow/.local/lib/python3.8/site-packages/airflow/example_dags/example_xcom.py
[2025-04-09T06:48:28.757+0000] {logging_mixin.py:188} INFO - [2025-04-09T06:48:28.757+0000] {dag.py:3036} INFO - Sync 1 DAGs
[2025-04-09T06:48:28.790+0000] {logging_mixin.py:188} INFO - [2025-04-09T06:48:28.789+0000] {dag.py:3823} INFO - Setting next_dagrun for example_xcom to 2021-01-01 00:00:00+00:00, run_after=2021-01-01 00:00:00+00:00
[2025-04-09T06:48:28.837+0000] {processor.py:183} INFO - Processing /home/airflow/.local/lib/python3.8/site-packages/airflow/example_dags/example_xcom.py took 0.141 seconds
[2025-04-09T06:48:59.645+0000] {processor.py:161} INFO - Started process (PID=459) to work on /home/airflow/.local/lib/python3.8/site-packages/airflow/example_dags/example_xcom.py
[2025-04-09T06:48:59.666+0000] {processor.py:830} INFO - Processing file /home/airflow/.local/lib/python3.8/site-packages/airflow/example_dags/example_xcom.py for tasks to queue
[2025-04-09T06:48:59.667+0000] {logging_mixin.py:188} INFO - [2025-04-09T06:48:59.667+0000] {dagbag.py:538} INFO - Filling up the DagBag from /home/airflow/.local/lib/python3.8/site-packages/airflow/example_dags/example_xcom.py
[2025-04-09T06:48:59.675+0000] {processor.py:840} INFO - DAG(s) 'example_xcom' retrieved from /home/airflow/.local/lib/python3.8/site-packages/airflow/example_dags/example_xcom.py
[2025-04-09T06:48:59.700+0000] {logging_mixin.py:188} INFO - [2025-04-09T06:48:59.699+0000] {dag.py:3036} INFO - Sync 1 DAGs
[2025-04-09T06:48:59.726+0000] {logging_mixin.py:188} INFO - [2025-04-09T06:48:59.726+0000] {dag.py:3823} INFO - Setting next_dagrun for example_xcom to 2021-01-01 00:00:00+00:00, run_after=2021-01-01 00:00:00+00:00
[2025-04-09T06:48:59.779+0000] {processor.py:183} INFO - Processing /home/airflow/.local/lib/python3.8/site-packages/airflow/example_dags/example_xcom.py took 0.137 seconds
[2025-04-09T06:49:29.933+0000] {processor.py:161} INFO - Started process (PID=517) to work on /home/airflow/.local/lib/python3.8/site-packages/airflow/example_dags/example_xcom.py
[2025-04-09T06:49:29.969+0000] {processor.py:830} INFO - Processing file /home/airflow/.local/lib/python3.8/site-packages/airflow/example_dags/example_xcom.py for tasks to queue
[2025-04-09T06:49:29.971+0000] {logging_mixin.py:188} INFO - [2025-04-09T06:49:29.971+0000] {dagbag.py:538} INFO - Filling up the DagBag from /home/airflow/.local/lib/python3.8/site-packages/airflow/example_dags/example_xcom.py
[2025-04-09T06:49:29.978+0000] {processor.py:840} INFO - DAG(s) 'example_xcom' retrieved from /home/airflow/.local/lib/python3.8/site-packages/airflow/example_dags/example_xcom.py
[2025-04-09T06:49:29.999+0000] {logging_mixin.py:188} INFO - [2025-04-09T06:49:29.999+0000] {dag.py:3036} INFO - Sync 1 DAGs
[2025-04-09T06:49:30.020+0000] {logging_mixin.py:188} INFO - [2025-04-09T06:49:30.020+0000] {dag.py:3823} INFO - Setting next_dagrun for example_xcom to 2021-01-01 00:00:00+00:00, run_after=2021-01-01 00:00:00+00:00
[2025-04-09T06:49:30.074+0000] {processor.py:183} INFO - Processing /home/airflow/.local/lib/python3.8/site-packages/airflow/example_dags/example_xcom.py took 0.144 seconds
[2025-04-09T06:50:00.433+0000] {processor.py:161} INFO - Started process (PID=575) to work on /home/airflow/.local/lib/python3.8/site-packages/airflow/example_dags/example_xcom.py
[2025-04-09T06:50:00.434+0000] {processor.py:830} INFO - Processing file /home/airflow/.local/lib/python3.8/site-packages/airflow/example_dags/example_xcom.py for tasks to queue
[2025-04-09T06:50:00.436+0000] {logging_mixin.py:188} INFO - [2025-04-09T06:50:00.435+0000] {dagbag.py:538} INFO - Filling up the DagBag from /home/airflow/.local/lib/python3.8/site-packages/airflow/example_dags/example_xcom.py
[2025-04-09T06:50:00.443+0000] {processor.py:840} INFO - DAG(s) 'example_xcom' retrieved from /home/airflow/.local/lib/python3.8/site-packages/airflow/example_dags/example_xcom.py
[2025-04-09T06:50:00.466+0000] {logging_mixin.py:188} INFO - [2025-04-09T06:50:00.466+0000] {dag.py:3036} INFO - Sync 1 DAGs
[2025-04-09T06:50:00.494+0000] {logging_mixin.py:188} INFO - [2025-04-09T06:50:00.494+0000] {dag.py:3823} INFO - Setting next_dagrun for example_xcom to 2021-01-01 00:00:00+00:00, run_after=2021-01-01 00:00:00+00:00
[2025-04-09T06:50:00.548+0000] {processor.py:183} INFO - Processing /home/airflow/.local/lib/python3.8/site-packages/airflow/example_dags/example_xcom.py took 0.118 seconds
[2025-04-09T06:50:30.616+0000] {processor.py:161} INFO - Started process (PID=633) to work on /home/airflow/.local/lib/python3.8/site-packages/airflow/example_dags/example_xcom.py
[2025-04-09T06:50:30.634+0000] {processor.py:830} INFO - Processing file /home/airflow/.local/lib/python3.8/site-packages/airflow/example_dags/example_xcom.py for tasks to queue
[2025-04-09T06:50:30.636+0000] {logging_mixin.py:188} INFO - [2025-04-09T06:50:30.635+0000] {dagbag.py:538} INFO - Filling up the DagBag from /home/airflow/.local/lib/python3.8/site-packages/airflow/example_dags/example_xcom.py
[2025-04-09T06:50:30.643+0000] {processor.py:840} INFO - DAG(s) 'example_xcom' retrieved from /home/airflow/.local/lib/python3.8/site-packages/airflow/example_dags/example_xcom.py
[2025-04-09T06:50:30.664+0000] {logging_mixin.py:188} INFO - [2025-04-09T06:50:30.663+0000] {dag.py:3036} INFO - Sync 1 DAGs
[2025-04-09T06:50:30.686+0000] {logging_mixin.py:188} INFO - [2025-04-09T06:50:30.686+0000] {dag.py:3823} INFO - Setting next_dagrun for example_xcom to 2021-01-01 00:00:00+00:00, run_after=2021-01-01 00:00:00+00:00
[2025-04-09T06:50:30.741+0000] {processor.py:183} INFO - Processing /home/airflow/.local/lib/python3.8/site-packages/airflow/example_dags/example_xcom.py took 0.129 seconds
[2025-04-09T06:51:01.050+0000] {processor.py:161} INFO - Started process (PID=692) to work on /home/airflow/.local/lib/python3.8/site-packages/airflow/example_dags/example_xcom.py
[2025-04-09T06:51:01.051+0000] {processor.py:830} INFO - Processing file /home/airflow/.local/lib/python3.8/site-packages/airflow/example_dags/example_xcom.py for tasks to queue
[2025-04-09T06:51:01.053+0000] {logging_mixin.py:188} INFO - [2025-04-09T06:51:01.053+0000] {dagbag.py:538} INFO - Filling up the DagBag from /home/airflow/.local/lib/python3.8/site-packages/airflow/example_dags/example_xcom.py
[2025-04-09T06:51:01.060+0000] {processor.py:840} INFO - DAG(s) 'example_xcom' retrieved from /home/airflow/.local/lib/python3.8/site-packages/airflow/example_dags/example_xcom.py
[2025-04-09T06:51:01.084+0000] {logging_mixin.py:188} INFO - [2025-04-09T06:51:01.083+0000] {dag.py:3036} INFO - Sync 1 DAGs
[2025-04-09T06:51:01.108+0000] {logging_mixin.py:188} INFO - [2025-04-09T06:51:01.108+0000] {dag.py:3823} INFO - Setting next_dagrun for example_xcom to 2021-01-01 00:00:00+00:00, run_after=2021-01-01 00:00:00+00:00
[2025-04-09T06:51:01.160+0000] {processor.py:183} INFO - Processing /home/airflow/.local/lib/python3.8/site-packages/airflow/example_dags/example_xcom.py took 0.113 seconds
[2025-04-09T06:51:31.334+0000] {processor.py:161} INFO - Started process (PID=745) to work on /home/airflow/.local/lib/python3.8/site-packages/airflow/example_dags/example_xcom.py
[2025-04-09T06:51:31.360+0000] {processor.py:830} INFO - Processing file /home/airflow/.local/lib/python3.8/site-packages/airflow/example_dags/example_xcom.py for tasks to queue
[2025-04-09T06:51:31.362+0000] {logging_mixin.py:188} INFO - [2025-04-09T06:51:31.362+0000] {dagbag.py:538} INFO - Filling up the DagBag from /home/airflow/.local/lib/python3.8/site-packages/airflow/example_dags/example_xcom.py
[2025-04-09T06:51:31.370+0000] {processor.py:840} INFO - DAG(s) 'example_xcom' retrieved from /home/airflow/.local/lib/python3.8/site-packages/airflow/example_dags/example_xcom.py
[2025-04-09T06:51:31.392+0000] {logging_mixin.py:188} INFO - [2025-04-09T06:51:31.391+0000] {dag.py:3036} INFO - Sync 1 DAGs
[2025-04-09T06:51:31.417+0000] {logging_mixin.py:188} INFO - [2025-04-09T06:51:31.417+0000] {dag.py:3823} INFO - Setting next_dagrun for example_xcom to 2021-01-01 00:00:00+00:00, run_after=2021-01-01 00:00:00+00:00
[2025-04-09T06:51:31.460+0000] {processor.py:183} INFO - Processing /home/airflow/.local/lib/python3.8/site-packages/airflow/example_dags/example_xcom.py took 0.128 seconds
[2025-04-09T06:52:30.847+0000] {processor.py:161} INFO - Started process (PID=61) to work on /home/airflow/.local/lib/python3.8/site-packages/airflow/example_dags/example_xcom.py
[2025-04-09T06:52:30.872+0000] {processor.py:830} INFO - Processing file /home/airflow/.local/lib/python3.8/site-packages/airflow/example_dags/example_xcom.py for tasks to queue
[2025-04-09T06:52:30.874+0000] {logging_mixin.py:188} INFO - [2025-04-09T06:52:30.873+0000] {dagbag.py:538} INFO - Filling up the DagBag from /home/airflow/.local/lib/python3.8/site-packages/airflow/example_dags/example_xcom.py
[2025-04-09T06:52:30.889+0000] {processor.py:840} INFO - DAG(s) 'example_xcom' retrieved from /home/airflow/.local/lib/python3.8/site-packages/airflow/example_dags/example_xcom.py
[2025-04-09T06:52:30.909+0000] {logging_mixin.py:188} INFO - [2025-04-09T06:52:30.908+0000] {dag.py:3036} INFO - Sync 1 DAGs
[2025-04-09T06:52:30.940+0000] {logging_mixin.py:188} INFO - [2025-04-09T06:52:30.940+0000] {dag.py:3823} INFO - Setting next_dagrun for example_xcom to 2021-01-01 00:00:00+00:00, run_after=2021-01-01 00:00:00+00:00
[2025-04-09T06:52:31.009+0000] {processor.py:183} INFO - Processing /home/airflow/.local/lib/python3.8/site-packages/airflow/example_dags/example_xcom.py took 0.165 seconds
[2025-04-09T06:53:02.211+0000] {processor.py:161} INFO - Started process (PID=119) to work on /home/airflow/.local/lib/python3.8/site-packages/airflow/example_dags/example_xcom.py
[2025-04-09T06:53:02.215+0000] {processor.py:830} INFO - Processing file /home/airflow/.local/lib/python3.8/site-packages/airflow/example_dags/example_xcom.py for tasks to queue
[2025-04-09T06:53:02.217+0000] {logging_mixin.py:188} INFO - [2025-04-09T06:53:02.216+0000] {dagbag.py:538} INFO - Filling up the DagBag from /home/airflow/.local/lib/python3.8/site-packages/airflow/example_dags/example_xcom.py
[2025-04-09T06:53:02.226+0000] {processor.py:840} INFO - DAG(s) 'example_xcom' retrieved from /home/airflow/.local/lib/python3.8/site-packages/airflow/example_dags/example_xcom.py
[2025-04-09T06:53:02.367+0000] {logging_mixin.py:188} INFO - [2025-04-09T06:53:02.366+0000] {dag.py:3036} INFO - Sync 1 DAGs
[2025-04-09T06:53:02.390+0000] {logging_mixin.py:188} INFO - [2025-04-09T06:53:02.390+0000] {dag.py:3823} INFO - Setting next_dagrun for example_xcom to 2021-01-01 00:00:00+00:00, run_after=2021-01-01 00:00:00+00:00
[2025-04-09T06:53:02.443+0000] {processor.py:183} INFO - Processing /home/airflow/.local/lib/python3.8/site-packages/airflow/example_dags/example_xcom.py took 0.235 seconds
[2025-04-09T06:53:32.732+0000] {processor.py:161} INFO - Started process (PID=177) to work on /home/airflow/.local/lib/python3.8/site-packages/airflow/example_dags/example_xcom.py
[2025-04-09T06:53:32.733+0000] {processor.py:830} INFO - Processing file /home/airflow/.local/lib/python3.8/site-packages/airflow/example_dags/example_xcom.py for tasks to queue
[2025-04-09T06:53:32.735+0000] {logging_mixin.py:188} INFO - [2025-04-09T06:53:32.735+0000] {dagbag.py:538} INFO - Filling up the DagBag from /home/airflow/.local/lib/python3.8/site-packages/airflow/example_dags/example_xcom.py
[2025-04-09T06:53:32.742+0000] {processor.py:840} INFO - DAG(s) 'example_xcom' retrieved from /home/airflow/.local/lib/python3.8/site-packages/airflow/example_dags/example_xcom.py
[2025-04-09T06:53:32.763+0000] {logging_mixin.py:188} INFO - [2025-04-09T06:53:32.763+0000] {dag.py:3036} INFO - Sync 1 DAGs
[2025-04-09T06:53:32.783+0000] {logging_mixin.py:188} INFO - [2025-04-09T06:53:32.783+0000] {dag.py:3823} INFO - Setting next_dagrun for example_xcom to 2021-01-01 00:00:00+00:00, run_after=2021-01-01 00:00:00+00:00
[2025-04-09T06:53:32.829+0000] {processor.py:183} INFO - Processing /home/airflow/.local/lib/python3.8/site-packages/airflow/example_dags/example_xcom.py took 0.100 seconds
[2025-04-09T06:54:06.105+0000] {processor.py:161} INFO - Started process (PID=235) to work on /home/airflow/.local/lib/python3.8/site-packages/airflow/example_dags/example_xcom.py
[2025-04-09T06:54:06.107+0000] {processor.py:830} INFO - Processing file /home/airflow/.local/lib/python3.8/site-packages/airflow/example_dags/example_xcom.py for tasks to queue
[2025-04-09T06:54:06.109+0000] {logging_mixin.py:188} INFO - [2025-04-09T06:54:06.109+0000] {dagbag.py:538} INFO - Filling up the DagBag from /home/airflow/.local/lib/python3.8/site-packages/airflow/example_dags/example_xcom.py
[2025-04-09T06:54:06.119+0000] {processor.py:840} INFO - DAG(s) 'example_xcom' retrieved from /home/airflow/.local/lib/python3.8/site-packages/airflow/example_dags/example_xcom.py
[2025-04-09T06:54:06.147+0000] {logging_mixin.py:188} INFO - [2025-04-09T06:54:06.146+0000] {dag.py:3036} INFO - Sync 1 DAGs
[2025-04-09T06:54:06.176+0000] {logging_mixin.py:188} INFO - [2025-04-09T06:54:06.176+0000] {dag.py:3823} INFO - Setting next_dagrun for example_xcom to 2021-01-01 00:00:00+00:00, run_after=2021-01-01 00:00:00+00:00
[2025-04-09T06:54:06.231+0000] {processor.py:183} INFO - Processing /home/airflow/.local/lib/python3.8/site-packages/airflow/example_dags/example_xcom.py took 0.129 seconds
[2025-04-09T06:54:37.036+0000] {processor.py:161} INFO - Started process (PID=293) to work on /home/airflow/.local/lib/python3.8/site-packages/airflow/example_dags/example_xcom.py
[2025-04-09T06:54:37.127+0000] {processor.py:830} INFO - Processing file /home/airflow/.local/lib/python3.8/site-packages/airflow/example_dags/example_xcom.py for tasks to queue
[2025-04-09T06:54:37.128+0000] {logging_mixin.py:188} INFO - [2025-04-09T06:54:37.128+0000] {dagbag.py:538} INFO - Filling up the DagBag from /home/airflow/.local/lib/python3.8/site-packages/airflow/example_dags/example_xcom.py
[2025-04-09T06:54:37.137+0000] {processor.py:840} INFO - DAG(s) 'example_xcom' retrieved from /home/airflow/.local/lib/python3.8/site-packages/airflow/example_dags/example_xcom.py
[2025-04-09T06:54:37.163+0000] {logging_mixin.py:188} INFO - [2025-04-09T06:54:37.162+0000] {dag.py:3036} INFO - Sync 1 DAGs
[2025-04-09T06:54:37.186+0000] {logging_mixin.py:188} INFO - [2025-04-09T06:54:37.186+0000] {dag.py:3823} INFO - Setting next_dagrun for example_xcom to 2021-01-01 00:00:00+00:00, run_after=2021-01-01 00:00:00+00:00
[2025-04-09T06:54:37.302+0000] {processor.py:183} INFO - Processing /home/airflow/.local/lib/python3.8/site-packages/airflow/example_dags/example_xcom.py took 0.269 seconds
[2025-04-09T06:55:07.437+0000] {processor.py:161} INFO - Started process (PID=351) to work on /home/airflow/.local/lib/python3.8/site-packages/airflow/example_dags/example_xcom.py
[2025-04-09T06:55:07.465+0000] {processor.py:830} INFO - Processing file /home/airflow/.local/lib/python3.8/site-packages/airflow/example_dags/example_xcom.py for tasks to queue
[2025-04-09T06:55:07.467+0000] {logging_mixin.py:188} INFO - [2025-04-09T06:55:07.467+0000] {dagbag.py:538} INFO - Filling up the DagBag from /home/airflow/.local/lib/python3.8/site-packages/airflow/example_dags/example_xcom.py
[2025-04-09T06:55:07.475+0000] {processor.py:840} INFO - DAG(s) 'example_xcom' retrieved from /home/airflow/.local/lib/python3.8/site-packages/airflow/example_dags/example_xcom.py
[2025-04-09T06:55:07.497+0000] {logging_mixin.py:188} INFO - [2025-04-09T06:55:07.497+0000] {dag.py:3036} INFO - Sync 1 DAGs
[2025-04-09T06:55:07.519+0000] {logging_mixin.py:188} INFO - [2025-04-09T06:55:07.518+0000] {dag.py:3823} INFO - Setting next_dagrun for example_xcom to 2021-01-01 00:00:00+00:00, run_after=2021-01-01 00:00:00+00:00
[2025-04-09T06:55:07.565+0000] {processor.py:183} INFO - Processing /home/airflow/.local/lib/python3.8/site-packages/airflow/example_dags/example_xcom.py took 0.131 seconds
[2025-04-09T06:55:38.418+0000] {processor.py:161} INFO - Started process (PID=409) to work on /home/airflow/.local/lib/python3.8/site-packages/airflow/example_dags/example_xcom.py
[2025-04-09T06:55:38.428+0000] {processor.py:830} INFO - Processing file /home/airflow/.local/lib/python3.8/site-packages/airflow/example_dags/example_xcom.py for tasks to queue
[2025-04-09T06:55:38.430+0000] {logging_mixin.py:188} INFO - [2025-04-09T06:55:38.430+0000] {dagbag.py:538} INFO - Filling up the DagBag from /home/airflow/.local/lib/python3.8/site-packages/airflow/example_dags/example_xcom.py
[2025-04-09T06:55:38.439+0000] {processor.py:840} INFO - DAG(s) 'example_xcom' retrieved from /home/airflow/.local/lib/python3.8/site-packages/airflow/example_dags/example_xcom.py
[2025-04-09T06:55:38.466+0000] {logging_mixin.py:188} INFO - [2025-04-09T06:55:38.466+0000] {dag.py:3036} INFO - Sync 1 DAGs
[2025-04-09T06:55:38.492+0000] {logging_mixin.py:188} INFO - [2025-04-09T06:55:38.491+0000] {dag.py:3823} INFO - Setting next_dagrun for example_xcom to 2021-01-01 00:00:00+00:00, run_after=2021-01-01 00:00:00+00:00
[2025-04-09T06:55:38.542+0000] {processor.py:183} INFO - Processing /home/airflow/.local/lib/python3.8/site-packages/airflow/example_dags/example_xcom.py took 0.128 seconds
[2025-04-09T06:56:08.638+0000] {processor.py:161} INFO - Started process (PID=467) to work on /home/airflow/.local/lib/python3.8/site-packages/airflow/example_dags/example_xcom.py
[2025-04-09T06:56:08.639+0000] {processor.py:830} INFO - Processing file /home/airflow/.local/lib/python3.8/site-packages/airflow/example_dags/example_xcom.py for tasks to queue
[2025-04-09T06:56:08.641+0000] {logging_mixin.py:188} INFO - [2025-04-09T06:56:08.641+0000] {dagbag.py:538} INFO - Filling up the DagBag from /home/airflow/.local/lib/python3.8/site-packages/airflow/example_dags/example_xcom.py
[2025-04-09T06:56:08.649+0000] {processor.py:840} INFO - DAG(s) 'example_xcom' retrieved from /home/airflow/.local/lib/python3.8/site-packages/airflow/example_dags/example_xcom.py
[2025-04-09T06:56:08.671+0000] {logging_mixin.py:188} INFO - [2025-04-09T06:56:08.670+0000] {dag.py:3036} INFO - Sync 1 DAGs
[2025-04-09T06:56:08.691+0000] {logging_mixin.py:188} INFO - [2025-04-09T06:56:08.691+0000] {dag.py:3823} INFO - Setting next_dagrun for example_xcom to 2021-01-01 00:00:00+00:00, run_after=2021-01-01 00:00:00+00:00
[2025-04-09T06:56:08.736+0000] {processor.py:183} INFO - Processing /home/airflow/.local/lib/python3.8/site-packages/airflow/example_dags/example_xcom.py took 0.101 seconds
[2025-04-09T06:56:39.120+0000] {processor.py:161} INFO - Started process (PID=525) to work on /home/airflow/.local/lib/python3.8/site-packages/airflow/example_dags/example_xcom.py
[2025-04-09T06:56:39.142+0000] {processor.py:830} INFO - Processing file /home/airflow/.local/lib/python3.8/site-packages/airflow/example_dags/example_xcom.py for tasks to queue
[2025-04-09T06:56:39.144+0000] {logging_mixin.py:188} INFO - [2025-04-09T06:56:39.144+0000] {dagbag.py:538} INFO - Filling up the DagBag from /home/airflow/.local/lib/python3.8/site-packages/airflow/example_dags/example_xcom.py
[2025-04-09T06:56:39.151+0000] {processor.py:840} INFO - DAG(s) 'example_xcom' retrieved from /home/airflow/.local/lib/python3.8/site-packages/airflow/example_dags/example_xcom.py
[2025-04-09T06:56:39.172+0000] {logging_mixin.py:188} INFO - [2025-04-09T06:56:39.171+0000] {dag.py:3036} INFO - Sync 1 DAGs
[2025-04-09T06:56:39.194+0000] {logging_mixin.py:188} INFO - [2025-04-09T06:56:39.194+0000] {dag.py:3823} INFO - Setting next_dagrun for example_xcom to 2021-01-01 00:00:00+00:00, run_after=2021-01-01 00:00:00+00:00
[2025-04-09T06:56:39.244+0000] {processor.py:183} INFO - Processing /home/airflow/.local/lib/python3.8/site-packages/airflow/example_dags/example_xcom.py took 0.127 seconds
[2025-04-09T06:57:22.793+0000] {processor.py:161} INFO - Started process (PID=53) to work on /home/airflow/.local/lib/python3.8/site-packages/airflow/example_dags/example_xcom.py
[2025-04-09T06:57:22.803+0000] {processor.py:830} INFO - Processing file /home/airflow/.local/lib/python3.8/site-packages/airflow/example_dags/example_xcom.py for tasks to queue
[2025-04-09T06:57:22.805+0000] {logging_mixin.py:188} INFO - [2025-04-09T06:57:22.804+0000] {dagbag.py:538} INFO - Filling up the DagBag from /home/airflow/.local/lib/python3.8/site-packages/airflow/example_dags/example_xcom.py
[2025-04-09T06:57:22.814+0000] {processor.py:840} INFO - DAG(s) 'example_xcom' retrieved from /home/airflow/.local/lib/python3.8/site-packages/airflow/example_dags/example_xcom.py
[2025-04-09T06:57:22.837+0000] {logging_mixin.py:188} INFO - [2025-04-09T06:57:22.837+0000] {dag.py:3036} INFO - Sync 1 DAGs
[2025-04-09T06:57:22.859+0000] {logging_mixin.py:188} INFO - [2025-04-09T06:57:22.859+0000] {dag.py:3823} INFO - Setting next_dagrun for example_xcom to 2021-01-01 00:00:00+00:00, run_after=2021-01-01 00:00:00+00:00
[2025-04-09T06:57:22.902+0000] {processor.py:183} INFO - Processing /home/airflow/.local/lib/python3.8/site-packages/airflow/example_dags/example_xcom.py took 0.111 seconds
[2025-04-09T06:57:52.996+0000] {processor.py:161} INFO - Started process (PID=105) to work on /home/airflow/.local/lib/python3.8/site-packages/airflow/example_dags/example_xcom.py
[2025-04-09T06:57:53.017+0000] {processor.py:830} INFO - Processing file /home/airflow/.local/lib/python3.8/site-packages/airflow/example_dags/example_xcom.py for tasks to queue
[2025-04-09T06:57:53.019+0000] {logging_mixin.py:188} INFO - [2025-04-09T06:57:53.018+0000] {dagbag.py:538} INFO - Filling up the DagBag from /home/airflow/.local/lib/python3.8/site-packages/airflow/example_dags/example_xcom.py
[2025-04-09T06:57:53.026+0000] {processor.py:840} INFO - DAG(s) 'example_xcom' retrieved from /home/airflow/.local/lib/python3.8/site-packages/airflow/example_dags/example_xcom.py
[2025-04-09T06:57:53.050+0000] {logging_mixin.py:188} INFO - [2025-04-09T06:57:53.050+0000] {dag.py:3036} INFO - Sync 1 DAGs
[2025-04-09T06:57:53.074+0000] {logging_mixin.py:188} INFO - [2025-04-09T06:57:53.074+0000] {dag.py:3823} INFO - Setting next_dagrun for example_xcom to 2021-01-01 00:00:00+00:00, run_after=2021-01-01 00:00:00+00:00
[2025-04-09T06:57:53.125+0000] {processor.py:183} INFO - Processing /home/airflow/.local/lib/python3.8/site-packages/airflow/example_dags/example_xcom.py took 0.132 seconds
[2025-04-09T06:58:23.233+0000] {processor.py:161} INFO - Started process (PID=163) to work on /home/airflow/.local/lib/python3.8/site-packages/airflow/example_dags/example_xcom.py
[2025-04-09T06:58:23.262+0000] {processor.py:830} INFO - Processing file /home/airflow/.local/lib/python3.8/site-packages/airflow/example_dags/example_xcom.py for tasks to queue
[2025-04-09T06:58:23.264+0000] {logging_mixin.py:188} INFO - [2025-04-09T06:58:23.263+0000] {dagbag.py:538} INFO - Filling up the DagBag from /home/airflow/.local/lib/python3.8/site-packages/airflow/example_dags/example_xcom.py
[2025-04-09T06:58:23.271+0000] {processor.py:840} INFO - DAG(s) 'example_xcom' retrieved from /home/airflow/.local/lib/python3.8/site-packages/airflow/example_dags/example_xcom.py
[2025-04-09T06:58:23.294+0000] {logging_mixin.py:188} INFO - [2025-04-09T06:58:23.294+0000] {dag.py:3036} INFO - Sync 1 DAGs
[2025-04-09T06:58:23.315+0000] {logging_mixin.py:188} INFO - [2025-04-09T06:58:23.315+0000] {dag.py:3823} INFO - Setting next_dagrun for example_xcom to 2021-01-01 00:00:00+00:00, run_after=2021-01-01 00:00:00+00:00
[2025-04-09T06:58:23.361+0000] {processor.py:183} INFO - Processing /home/airflow/.local/lib/python3.8/site-packages/airflow/example_dags/example_xcom.py took 0.131 seconds
[2025-04-09T06:58:53.456+0000] {processor.py:161} INFO - Started process (PID=230) to work on /home/airflow/.local/lib/python3.8/site-packages/airflow/example_dags/example_xcom.py
[2025-04-09T06:58:53.457+0000] {processor.py:830} INFO - Processing file /home/airflow/.local/lib/python3.8/site-packages/airflow/example_dags/example_xcom.py for tasks to queue
[2025-04-09T06:58:53.459+0000] {logging_mixin.py:188} INFO - [2025-04-09T06:58:53.458+0000] {dagbag.py:538} INFO - Filling up the DagBag from /home/airflow/.local/lib/python3.8/site-packages/airflow/example_dags/example_xcom.py
[2025-04-09T06:58:53.467+0000] {processor.py:840} INFO - DAG(s) 'example_xcom' retrieved from /home/airflow/.local/lib/python3.8/site-packages/airflow/example_dags/example_xcom.py
[2025-04-09T06:58:53.487+0000] {logging_mixin.py:188} INFO - [2025-04-09T06:58:53.487+0000] {dag.py:3036} INFO - Sync 1 DAGs
[2025-04-09T06:58:53.509+0000] {logging_mixin.py:188} INFO - [2025-04-09T06:58:53.508+0000] {dag.py:3823} INFO - Setting next_dagrun for example_xcom to 2021-01-01 00:00:00+00:00, run_after=2021-01-01 00:00:00+00:00
[2025-04-09T06:58:53.564+0000] {processor.py:183} INFO - Processing /home/airflow/.local/lib/python3.8/site-packages/airflow/example_dags/example_xcom.py took 0.111 seconds
[2025-04-09T06:59:23.691+0000] {processor.py:161} INFO - Started process (PID=288) to work on /home/airflow/.local/lib/python3.8/site-packages/airflow/example_dags/example_xcom.py
[2025-04-09T06:59:23.692+0000] {processor.py:830} INFO - Processing file /home/airflow/.local/lib/python3.8/site-packages/airflow/example_dags/example_xcom.py for tasks to queue
[2025-04-09T06:59:23.694+0000] {logging_mixin.py:188} INFO - [2025-04-09T06:59:23.694+0000] {dagbag.py:538} INFO - Filling up the DagBag from /home/airflow/.local/lib/python3.8/site-packages/airflow/example_dags/example_xcom.py
[2025-04-09T06:59:23.701+0000] {processor.py:840} INFO - DAG(s) 'example_xcom' retrieved from /home/airflow/.local/lib/python3.8/site-packages/airflow/example_dags/example_xcom.py
[2025-04-09T06:59:23.723+0000] {logging_mixin.py:188} INFO - [2025-04-09T06:59:23.723+0000] {dag.py:3036} INFO - Sync 1 DAGs
[2025-04-09T06:59:23.746+0000] {logging_mixin.py:188} INFO - [2025-04-09T06:59:23.746+0000] {dag.py:3823} INFO - Setting next_dagrun for example_xcom to 2021-01-01 00:00:00+00:00, run_after=2021-01-01 00:00:00+00:00
[2025-04-09T06:59:23.802+0000] {processor.py:183} INFO - Processing /home/airflow/.local/lib/python3.8/site-packages/airflow/example_dags/example_xcom.py took 0.113 seconds
[2025-04-09T06:59:54.003+0000] {processor.py:161} INFO - Started process (PID=346) to work on /home/airflow/.local/lib/python3.8/site-packages/airflow/example_dags/example_xcom.py
[2025-04-09T06:59:54.004+0000] {processor.py:830} INFO - Processing file /home/airflow/.local/lib/python3.8/site-packages/airflow/example_dags/example_xcom.py for tasks to queue
[2025-04-09T06:59:54.006+0000] {logging_mixin.py:188} INFO - [2025-04-09T06:59:54.006+0000] {dagbag.py:538} INFO - Filling up the DagBag from /home/airflow/.local/lib/python3.8/site-packages/airflow/example_dags/example_xcom.py
[2025-04-09T06:59:54.014+0000] {processor.py:840} INFO - DAG(s) 'example_xcom' retrieved from /home/airflow/.local/lib/python3.8/site-packages/airflow/example_dags/example_xcom.py
[2025-04-09T06:59:54.038+0000] {logging_mixin.py:188} INFO - [2025-04-09T06:59:54.038+0000] {dag.py:3036} INFO - Sync 1 DAGs
[2025-04-09T06:59:54.066+0000] {logging_mixin.py:188} INFO - [2025-04-09T06:59:54.066+0000] {dag.py:3823} INFO - Setting next_dagrun for example_xcom to 2021-01-01 00:00:00+00:00, run_after=2021-01-01 00:00:00+00:00
[2025-04-09T06:59:54.122+0000] {processor.py:183} INFO - Processing /home/airflow/.local/lib/python3.8/site-packages/airflow/example_dags/example_xcom.py took 0.123 seconds
[2025-04-09T07:00:24.294+0000] {processor.py:161} INFO - Started process (PID=404) to work on /home/airflow/.local/lib/python3.8/site-packages/airflow/example_dags/example_xcom.py
[2025-04-09T07:00:24.317+0000] {processor.py:830} INFO - Processing file /home/airflow/.local/lib/python3.8/site-packages/airflow/example_dags/example_xcom.py for tasks to queue
[2025-04-09T07:00:24.319+0000] {logging_mixin.py:188} INFO - [2025-04-09T07:00:24.319+0000] {dagbag.py:538} INFO - Filling up the DagBag from /home/airflow/.local/lib/python3.8/site-packages/airflow/example_dags/example_xcom.py
[2025-04-09T07:00:24.328+0000] {processor.py:840} INFO - DAG(s) 'example_xcom' retrieved from /home/airflow/.local/lib/python3.8/site-packages/airflow/example_dags/example_xcom.py
[2025-04-09T07:00:24.356+0000] {logging_mixin.py:188} INFO - [2025-04-09T07:00:24.356+0000] {dag.py:3036} INFO - Sync 1 DAGs
[2025-04-09T07:00:24.381+0000] {logging_mixin.py:188} INFO - [2025-04-09T07:00:24.380+0000] {dag.py:3823} INFO - Setting next_dagrun for example_xcom to 2021-01-01 00:00:00+00:00, run_after=2021-01-01 00:00:00+00:00
[2025-04-09T07:00:24.486+0000] {processor.py:183} INFO - Processing /home/airflow/.local/lib/python3.8/site-packages/airflow/example_dags/example_xcom.py took 0.195 seconds
[2025-04-09T07:00:54.994+0000] {processor.py:161} INFO - Started process (PID=462) to work on /home/airflow/.local/lib/python3.8/site-packages/airflow/example_dags/example_xcom.py
[2025-04-09T07:00:54.996+0000] {processor.py:830} INFO - Processing file /home/airflow/.local/lib/python3.8/site-packages/airflow/example_dags/example_xcom.py for tasks to queue
[2025-04-09T07:00:54.998+0000] {logging_mixin.py:188} INFO - [2025-04-09T07:00:54.997+0000] {dagbag.py:538} INFO - Filling up the DagBag from /home/airflow/.local/lib/python3.8/site-packages/airflow/example_dags/example_xcom.py
[2025-04-09T07:00:55.004+0000] {processor.py:840} INFO - DAG(s) 'example_xcom' retrieved from /home/airflow/.local/lib/python3.8/site-packages/airflow/example_dags/example_xcom.py
[2025-04-09T07:00:55.027+0000] {logging_mixin.py:188} INFO - [2025-04-09T07:00:55.027+0000] {dag.py:3036} INFO - Sync 1 DAGs
[2025-04-09T07:00:55.057+0000] {logging_mixin.py:188} INFO - [2025-04-09T07:00:55.056+0000] {dag.py:3823} INFO - Setting next_dagrun for example_xcom to 2021-01-01 00:00:00+00:00, run_after=2021-01-01 00:00:00+00:00
[2025-04-09T07:00:55.109+0000] {processor.py:183} INFO - Processing /home/airflow/.local/lib/python3.8/site-packages/airflow/example_dags/example_xcom.py took 0.118 seconds
[2025-04-09T07:01:25.235+0000] {processor.py:161} INFO - Started process (PID=521) to work on /home/airflow/.local/lib/python3.8/site-packages/airflow/example_dags/example_xcom.py
[2025-04-09T07:01:25.238+0000] {processor.py:830} INFO - Processing file /home/airflow/.local/lib/python3.8/site-packages/airflow/example_dags/example_xcom.py for tasks to queue
[2025-04-09T07:01:25.240+0000] {logging_mixin.py:188} INFO - [2025-04-09T07:01:25.239+0000] {dagbag.py:538} INFO - Filling up the DagBag from /home/airflow/.local/lib/python3.8/site-packages/airflow/example_dags/example_xcom.py
[2025-04-09T07:01:25.248+0000] {processor.py:840} INFO - DAG(s) 'example_xcom' retrieved from /home/airflow/.local/lib/python3.8/site-packages/airflow/example_dags/example_xcom.py
[2025-04-09T07:01:25.272+0000] {logging_mixin.py:188} INFO - [2025-04-09T07:01:25.272+0000] {dag.py:3036} INFO - Sync 1 DAGs
[2025-04-09T07:01:25.303+0000] {logging_mixin.py:188} INFO - [2025-04-09T07:01:25.302+0000] {dag.py:3823} INFO - Setting next_dagrun for example_xcom to 2021-01-01 00:00:00+00:00, run_after=2021-01-01 00:00:00+00:00
[2025-04-09T07:01:25.365+0000] {processor.py:183} INFO - Processing /home/airflow/.local/lib/python3.8/site-packages/airflow/example_dags/example_xcom.py took 0.132 seconds
[2025-04-09T07:01:55.719+0000] {processor.py:161} INFO - Started process (PID=579) to work on /home/airflow/.local/lib/python3.8/site-packages/airflow/example_dags/example_xcom.py
[2025-04-09T07:01:55.737+0000] {processor.py:830} INFO - Processing file /home/airflow/.local/lib/python3.8/site-packages/airflow/example_dags/example_xcom.py for tasks to queue
[2025-04-09T07:01:55.739+0000] {logging_mixin.py:188} INFO - [2025-04-09T07:01:55.739+0000] {dagbag.py:538} INFO - Filling up the DagBag from /home/airflow/.local/lib/python3.8/site-packages/airflow/example_dags/example_xcom.py
[2025-04-09T07:01:55.748+0000] {processor.py:840} INFO - DAG(s) 'example_xcom' retrieved from /home/airflow/.local/lib/python3.8/site-packages/airflow/example_dags/example_xcom.py
[2025-04-09T07:01:55.775+0000] {logging_mixin.py:188} INFO - [2025-04-09T07:01:55.775+0000] {dag.py:3036} INFO - Sync 1 DAGs
[2025-04-09T07:01:55.801+0000] {logging_mixin.py:188} INFO - [2025-04-09T07:01:55.800+0000] {dag.py:3823} INFO - Setting next_dagrun for example_xcom to 2021-01-01 00:00:00+00:00, run_after=2021-01-01 00:00:00+00:00
[2025-04-09T07:01:55.846+0000] {processor.py:183} INFO - Processing /home/airflow/.local/lib/python3.8/site-packages/airflow/example_dags/example_xcom.py took 0.130 seconds
[2025-04-09T07:02:27.544+0000] {processor.py:161} INFO - Started process (PID=637) to work on /home/airflow/.local/lib/python3.8/site-packages/airflow/example_dags/example_xcom.py
[2025-04-09T07:02:27.545+0000] {processor.py:830} INFO - Processing file /home/airflow/.local/lib/python3.8/site-packages/airflow/example_dags/example_xcom.py for tasks to queue
[2025-04-09T07:02:27.547+0000] {logging_mixin.py:188} INFO - [2025-04-09T07:02:27.546+0000] {dagbag.py:538} INFO - Filling up the DagBag from /home/airflow/.local/lib/python3.8/site-packages/airflow/example_dags/example_xcom.py
[2025-04-09T07:02:27.554+0000] {processor.py:840} INFO - DAG(s) 'example_xcom' retrieved from /home/airflow/.local/lib/python3.8/site-packages/airflow/example_dags/example_xcom.py
[2025-04-09T07:02:27.578+0000] {logging_mixin.py:188} INFO - [2025-04-09T07:02:27.577+0000] {dag.py:3036} INFO - Sync 1 DAGs
[2025-04-09T07:02:27.611+0000] {logging_mixin.py:188} INFO - [2025-04-09T07:02:27.611+0000] {dag.py:3823} INFO - Setting next_dagrun for example_xcom to 2021-01-01 00:00:00+00:00, run_after=2021-01-01 00:00:00+00:00
[2025-04-09T07:02:27.667+0000] {processor.py:183} INFO - Processing /home/airflow/.local/lib/python3.8/site-packages/airflow/example_dags/example_xcom.py took 0.126 seconds
[2025-04-09T07:02:57.778+0000] {processor.py:161} INFO - Started process (PID=695) to work on /home/airflow/.local/lib/python3.8/site-packages/airflow/example_dags/example_xcom.py
[2025-04-09T07:02:57.779+0000] {processor.py:830} INFO - Processing file /home/airflow/.local/lib/python3.8/site-packages/airflow/example_dags/example_xcom.py for tasks to queue
[2025-04-09T07:02:57.781+0000] {logging_mixin.py:188} INFO - [2025-04-09T07:02:57.781+0000] {dagbag.py:538} INFO - Filling up the DagBag from /home/airflow/.local/lib/python3.8/site-packages/airflow/example_dags/example_xcom.py
[2025-04-09T07:02:57.790+0000] {processor.py:840} INFO - DAG(s) 'example_xcom' retrieved from /home/airflow/.local/lib/python3.8/site-packages/airflow/example_dags/example_xcom.py
[2025-04-09T07:02:57.815+0000] {logging_mixin.py:188} INFO - [2025-04-09T07:02:57.815+0000] {dag.py:3036} INFO - Sync 1 DAGs
[2025-04-09T07:02:57.842+0000] {logging_mixin.py:188} INFO - [2025-04-09T07:02:57.842+0000] {dag.py:3823} INFO - Setting next_dagrun for example_xcom to 2021-01-01 00:00:00+00:00, run_after=2021-01-01 00:00:00+00:00
[2025-04-09T07:02:57.904+0000] {processor.py:183} INFO - Processing /home/airflow/.local/lib/python3.8/site-packages/airflow/example_dags/example_xcom.py took 0.129 seconds
[2025-04-09T07:03:28.101+0000] {processor.py:161} INFO - Started process (PID=747) to work on /home/airflow/.local/lib/python3.8/site-packages/airflow/example_dags/example_xcom.py
[2025-04-09T07:03:28.102+0000] {processor.py:830} INFO - Processing file /home/airflow/.local/lib/python3.8/site-packages/airflow/example_dags/example_xcom.py for tasks to queue
[2025-04-09T07:03:28.105+0000] {logging_mixin.py:188} INFO - [2025-04-09T07:03:28.105+0000] {dagbag.py:538} INFO - Filling up the DagBag from /home/airflow/.local/lib/python3.8/site-packages/airflow/example_dags/example_xcom.py
[2025-04-09T07:03:28.117+0000] {processor.py:840} INFO - DAG(s) 'example_xcom' retrieved from /home/airflow/.local/lib/python3.8/site-packages/airflow/example_dags/example_xcom.py
[2025-04-09T07:03:28.146+0000] {logging_mixin.py:188} INFO - [2025-04-09T07:03:28.146+0000] {dag.py:3036} INFO - Sync 1 DAGs
[2025-04-09T07:03:28.178+0000] {logging_mixin.py:188} INFO - [2025-04-09T07:03:28.177+0000] {dag.py:3823} INFO - Setting next_dagrun for example_xcom to 2021-01-01 00:00:00+00:00, run_after=2021-01-01 00:00:00+00:00
[2025-04-09T07:03:28.231+0000] {processor.py:183} INFO - Processing /home/airflow/.local/lib/python3.8/site-packages/airflow/example_dags/example_xcom.py took 0.133 seconds
[2025-04-09T07:03:58.374+0000] {processor.py:161} INFO - Started process (PID=805) to work on /home/airflow/.local/lib/python3.8/site-packages/airflow/example_dags/example_xcom.py
[2025-04-09T07:03:58.375+0000] {processor.py:830} INFO - Processing file /home/airflow/.local/lib/python3.8/site-packages/airflow/example_dags/example_xcom.py for tasks to queue
[2025-04-09T07:03:58.377+0000] {logging_mixin.py:188} INFO - [2025-04-09T07:03:58.377+0000] {dagbag.py:538} INFO - Filling up the DagBag from /home/airflow/.local/lib/python3.8/site-packages/airflow/example_dags/example_xcom.py
[2025-04-09T07:03:58.384+0000] {processor.py:840} INFO - DAG(s) 'example_xcom' retrieved from /home/airflow/.local/lib/python3.8/site-packages/airflow/example_dags/example_xcom.py
[2025-04-09T07:03:58.407+0000] {logging_mixin.py:188} INFO - [2025-04-09T07:03:58.406+0000] {dag.py:3036} INFO - Sync 1 DAGs
[2025-04-09T07:03:58.433+0000] {logging_mixin.py:188} INFO - [2025-04-09T07:03:58.433+0000] {dag.py:3823} INFO - Setting next_dagrun for example_xcom to 2021-01-01 00:00:00+00:00, run_after=2021-01-01 00:00:00+00:00
[2025-04-09T07:03:58.482+0000] {processor.py:183} INFO - Processing /home/airflow/.local/lib/python3.8/site-packages/airflow/example_dags/example_xcom.py took 0.110 seconds
[2025-04-09T07:04:28.903+0000] {processor.py:161} INFO - Started process (PID=864) to work on /home/airflow/.local/lib/python3.8/site-packages/airflow/example_dags/example_xcom.py
[2025-04-09T07:04:28.904+0000] {processor.py:830} INFO - Processing file /home/airflow/.local/lib/python3.8/site-packages/airflow/example_dags/example_xcom.py for tasks to queue
[2025-04-09T07:04:28.905+0000] {logging_mixin.py:188} INFO - [2025-04-09T07:04:28.905+0000] {dagbag.py:538} INFO - Filling up the DagBag from /home/airflow/.local/lib/python3.8/site-packages/airflow/example_dags/example_xcom.py
[2025-04-09T07:04:28.913+0000] {processor.py:840} INFO - DAG(s) 'example_xcom' retrieved from /home/airflow/.local/lib/python3.8/site-packages/airflow/example_dags/example_xcom.py
[2025-04-09T07:04:28.934+0000] {logging_mixin.py:188} INFO - [2025-04-09T07:04:28.934+0000] {dag.py:3036} INFO - Sync 1 DAGs
[2025-04-09T07:04:28.958+0000] {logging_mixin.py:188} INFO - [2025-04-09T07:04:28.958+0000] {dag.py:3823} INFO - Setting next_dagrun for example_xcom to 2021-01-01 00:00:00+00:00, run_after=2021-01-01 00:00:00+00:00
[2025-04-09T07:04:29.003+0000] {processor.py:183} INFO - Processing /home/airflow/.local/lib/python3.8/site-packages/airflow/example_dags/example_xcom.py took 0.103 seconds
[2025-04-09T07:04:59.150+0000] {processor.py:161} INFO - Started process (PID=922) to work on /home/airflow/.local/lib/python3.8/site-packages/airflow/example_dags/example_xcom.py
[2025-04-09T07:04:59.151+0000] {processor.py:830} INFO - Processing file /home/airflow/.local/lib/python3.8/site-packages/airflow/example_dags/example_xcom.py for tasks to queue
[2025-04-09T07:04:59.153+0000] {logging_mixin.py:188} INFO - [2025-04-09T07:04:59.153+0000] {dagbag.py:538} INFO - Filling up the DagBag from /home/airflow/.local/lib/python3.8/site-packages/airflow/example_dags/example_xcom.py
[2025-04-09T07:04:59.163+0000] {processor.py:840} INFO - DAG(s) 'example_xcom' retrieved from /home/airflow/.local/lib/python3.8/site-packages/airflow/example_dags/example_xcom.py
[2025-04-09T07:04:59.188+0000] {logging_mixin.py:188} INFO - [2025-04-09T07:04:59.188+0000] {dag.py:3036} INFO - Sync 1 DAGs
[2025-04-09T07:04:59.213+0000] {logging_mixin.py:188} INFO - [2025-04-09T07:04:59.212+0000] {dag.py:3823} INFO - Setting next_dagrun for example_xcom to 2021-01-01 00:00:00+00:00, run_after=2021-01-01 00:00:00+00:00
[2025-04-09T07:04:59.269+0000] {processor.py:183} INFO - Processing /home/airflow/.local/lib/python3.8/site-packages/airflow/example_dags/example_xcom.py took 0.121 seconds
[2025-04-09T07:05:29.633+0000] {processor.py:161} INFO - Started process (PID=980) to work on /home/airflow/.local/lib/python3.8/site-packages/airflow/example_dags/example_xcom.py
[2025-04-09T07:05:29.651+0000] {processor.py:830} INFO - Processing file /home/airflow/.local/lib/python3.8/site-packages/airflow/example_dags/example_xcom.py for tasks to queue
[2025-04-09T07:05:29.652+0000] {logging_mixin.py:188} INFO - [2025-04-09T07:05:29.652+0000] {dagbag.py:538} INFO - Filling up the DagBag from /home/airflow/.local/lib/python3.8/site-packages/airflow/example_dags/example_xcom.py
[2025-04-09T07:05:29.659+0000] {processor.py:840} INFO - DAG(s) 'example_xcom' retrieved from /home/airflow/.local/lib/python3.8/site-packages/airflow/example_dags/example_xcom.py
[2025-04-09T07:05:29.682+0000] {logging_mixin.py:188} INFO - [2025-04-09T07:05:29.682+0000] {dag.py:3036} INFO - Sync 1 DAGs
[2025-04-09T07:05:29.707+0000] {logging_mixin.py:188} INFO - [2025-04-09T07:05:29.706+0000] {dag.py:3823} INFO - Setting next_dagrun for example_xcom to 2021-01-01 00:00:00+00:00, run_after=2021-01-01 00:00:00+00:00
[2025-04-09T07:05:29.966+0000] {processor.py:183} INFO - Processing /home/airflow/.local/lib/python3.8/site-packages/airflow/example_dags/example_xcom.py took 0.336 seconds
[2025-04-09T07:06:02.365+0000] {processor.py:161} INFO - Started process (PID=1038) to work on /home/airflow/.local/lib/python3.8/site-packages/airflow/example_dags/example_xcom.py
[2025-04-09T07:06:02.381+0000] {processor.py:830} INFO - Processing file /home/airflow/.local/lib/python3.8/site-packages/airflow/example_dags/example_xcom.py for tasks to queue
[2025-04-09T07:06:02.383+0000] {logging_mixin.py:188} INFO - [2025-04-09T07:06:02.382+0000] {dagbag.py:538} INFO - Filling up the DagBag from /home/airflow/.local/lib/python3.8/site-packages/airflow/example_dags/example_xcom.py
[2025-04-09T07:06:02.393+0000] {processor.py:840} INFO - DAG(s) 'example_xcom' retrieved from /home/airflow/.local/lib/python3.8/site-packages/airflow/example_dags/example_xcom.py
[2025-04-09T07:06:02.418+0000] {logging_mixin.py:188} INFO - [2025-04-09T07:06:02.418+0000] {dag.py:3036} INFO - Sync 1 DAGs
[2025-04-09T07:06:02.444+0000] {logging_mixin.py:188} INFO - [2025-04-09T07:06:02.443+0000] {dag.py:3823} INFO - Setting next_dagrun for example_xcom to 2021-01-01 00:00:00+00:00, run_after=2021-01-01 00:00:00+00:00
[2025-04-09T07:06:02.502+0000] {processor.py:183} INFO - Processing /home/airflow/.local/lib/python3.8/site-packages/airflow/example_dags/example_xcom.py took 0.141 seconds
[2025-04-09T07:09:54.928+0000] {processor.py:161} INFO - Started process (PID=65) to work on /home/airflow/.local/lib/python3.8/site-packages/airflow/example_dags/example_xcom.py
[2025-04-09T07:09:54.930+0000] {processor.py:830} INFO - Processing file /home/airflow/.local/lib/python3.8/site-packages/airflow/example_dags/example_xcom.py for tasks to queue
[2025-04-09T07:09:54.933+0000] {logging_mixin.py:188} INFO - [2025-04-09T07:09:54.933+0000] {dagbag.py:538} INFO - Filling up the DagBag from /home/airflow/.local/lib/python3.8/site-packages/airflow/example_dags/example_xcom.py
[2025-04-09T07:09:54.953+0000] {processor.py:840} INFO - DAG(s) 'example_xcom' retrieved from /home/airflow/.local/lib/python3.8/site-packages/airflow/example_dags/example_xcom.py
[2025-04-09T07:09:55.109+0000] {logging_mixin.py:188} INFO - [2025-04-09T07:09:55.108+0000] {dag.py:3036} INFO - Sync 1 DAGs
[2025-04-09T07:09:55.139+0000] {logging_mixin.py:188} INFO - [2025-04-09T07:09:55.139+0000] {dag.py:3823} INFO - Setting next_dagrun for example_xcom to 2021-01-01 00:00:00+00:00, run_after=2021-01-01 00:00:00+00:00
[2025-04-09T07:09:55.241+0000] {processor.py:183} INFO - Processing /home/airflow/.local/lib/python3.8/site-packages/airflow/example_dags/example_xcom.py took 0.318 seconds
[2025-04-09T07:10:25.711+0000] {processor.py:161} INFO - Started process (PID=124) to work on /home/airflow/.local/lib/python3.8/site-packages/airflow/example_dags/example_xcom.py
[2025-04-09T07:10:25.712+0000] {processor.py:830} INFO - Processing file /home/airflow/.local/lib/python3.8/site-packages/airflow/example_dags/example_xcom.py for tasks to queue
[2025-04-09T07:10:25.714+0000] {logging_mixin.py:188} INFO - [2025-04-09T07:10:25.713+0000] {dagbag.py:538} INFO - Filling up the DagBag from /home/airflow/.local/lib/python3.8/site-packages/airflow/example_dags/example_xcom.py
[2025-04-09T07:10:25.721+0000] {processor.py:840} INFO - DAG(s) 'example_xcom' retrieved from /home/airflow/.local/lib/python3.8/site-packages/airflow/example_dags/example_xcom.py
[2025-04-09T07:10:25.748+0000] {logging_mixin.py:188} INFO - [2025-04-09T07:10:25.748+0000] {dag.py:3036} INFO - Sync 1 DAGs
[2025-04-09T07:10:25.776+0000] {logging_mixin.py:188} INFO - [2025-04-09T07:10:25.776+0000] {dag.py:3823} INFO - Setting next_dagrun for example_xcom to 2021-01-01 00:00:00+00:00, run_after=2021-01-01 00:00:00+00:00
[2025-04-09T07:10:25.862+0000] {processor.py:183} INFO - Processing /home/airflow/.local/lib/python3.8/site-packages/airflow/example_dags/example_xcom.py took 0.155 seconds
[2025-04-09T07:10:56.344+0000] {processor.py:161} INFO - Started process (PID=182) to work on /home/airflow/.local/lib/python3.8/site-packages/airflow/example_dags/example_xcom.py
[2025-04-09T07:10:56.353+0000] {processor.py:830} INFO - Processing file /home/airflow/.local/lib/python3.8/site-packages/airflow/example_dags/example_xcom.py for tasks to queue
[2025-04-09T07:10:56.355+0000] {logging_mixin.py:188} INFO - [2025-04-09T07:10:56.355+0000] {dagbag.py:538} INFO - Filling up the DagBag from /home/airflow/.local/lib/python3.8/site-packages/airflow/example_dags/example_xcom.py
[2025-04-09T07:10:56.364+0000] {processor.py:840} INFO - DAG(s) 'example_xcom' retrieved from /home/airflow/.local/lib/python3.8/site-packages/airflow/example_dags/example_xcom.py
[2025-04-09T07:10:56.387+0000] {logging_mixin.py:188} INFO - [2025-04-09T07:10:56.387+0000] {dag.py:3036} INFO - Sync 1 DAGs
[2025-04-09T07:10:56.416+0000] {logging_mixin.py:188} INFO - [2025-04-09T07:10:56.415+0000] {dag.py:3823} INFO - Setting next_dagrun for example_xcom to 2021-01-01 00:00:00+00:00, run_after=2021-01-01 00:00:00+00:00
[2025-04-09T07:10:56.473+0000] {processor.py:183} INFO - Processing /home/airflow/.local/lib/python3.8/site-packages/airflow/example_dags/example_xcom.py took 0.131 seconds
[2025-04-09T07:11:26.837+0000] {processor.py:161} INFO - Started process (PID=249) to work on /home/airflow/.local/lib/python3.8/site-packages/airflow/example_dags/example_xcom.py
[2025-04-09T07:11:26.838+0000] {processor.py:830} INFO - Processing file /home/airflow/.local/lib/python3.8/site-packages/airflow/example_dags/example_xcom.py for tasks to queue
[2025-04-09T07:11:26.840+0000] {logging_mixin.py:188} INFO - [2025-04-09T07:11:26.839+0000] {dagbag.py:538} INFO - Filling up the DagBag from /home/airflow/.local/lib/python3.8/site-packages/airflow/example_dags/example_xcom.py
[2025-04-09T07:11:26.847+0000] {processor.py:840} INFO - DAG(s) 'example_xcom' retrieved from /home/airflow/.local/lib/python3.8/site-packages/airflow/example_dags/example_xcom.py
[2025-04-09T07:11:26.871+0000] {logging_mixin.py:188} INFO - [2025-04-09T07:11:26.870+0000] {dag.py:3036} INFO - Sync 1 DAGs
[2025-04-09T07:11:26.895+0000] {logging_mixin.py:188} INFO - [2025-04-09T07:11:26.895+0000] {dag.py:3823} INFO - Setting next_dagrun for example_xcom to 2021-01-01 00:00:00+00:00, run_after=2021-01-01 00:00:00+00:00
[2025-04-09T07:11:26.986+0000] {processor.py:183} INFO - Processing /home/airflow/.local/lib/python3.8/site-packages/airflow/example_dags/example_xcom.py took 0.153 seconds
[2025-04-09T07:12:00.904+0000] {processor.py:161} INFO - Started process (PID=307) to work on /home/airflow/.local/lib/python3.8/site-packages/airflow/example_dags/example_xcom.py
[2025-04-09T07:12:00.905+0000] {processor.py:830} INFO - Processing file /home/airflow/.local/lib/python3.8/site-packages/airflow/example_dags/example_xcom.py for tasks to queue
[2025-04-09T07:12:00.907+0000] {logging_mixin.py:188} INFO - [2025-04-09T07:12:00.907+0000] {dagbag.py:538} INFO - Filling up the DagBag from /home/airflow/.local/lib/python3.8/site-packages/airflow/example_dags/example_xcom.py
[2025-04-09T07:12:00.914+0000] {processor.py:840} INFO - DAG(s) 'example_xcom' retrieved from /home/airflow/.local/lib/python3.8/site-packages/airflow/example_dags/example_xcom.py
[2025-04-09T07:12:00.938+0000] {logging_mixin.py:188} INFO - [2025-04-09T07:12:00.938+0000] {dag.py:3036} INFO - Sync 1 DAGs
[2025-04-09T07:12:00.959+0000] {logging_mixin.py:188} INFO - [2025-04-09T07:12:00.959+0000] {dag.py:3823} INFO - Setting next_dagrun for example_xcom to 2021-01-01 00:00:00+00:00, run_after=2021-01-01 00:00:00+00:00
[2025-04-09T07:12:01.096+0000] {processor.py:183} INFO - Processing /home/airflow/.local/lib/python3.8/site-packages/airflow/example_dags/example_xcom.py took 0.195 seconds
[2025-04-09T07:12:31.645+0000] {processor.py:161} INFO - Started process (PID=365) to work on /home/airflow/.local/lib/python3.8/site-packages/airflow/example_dags/example_xcom.py
[2025-04-09T07:12:31.669+0000] {processor.py:830} INFO - Processing file /home/airflow/.local/lib/python3.8/site-packages/airflow/example_dags/example_xcom.py for tasks to queue
[2025-04-09T07:12:31.671+0000] {logging_mixin.py:188} INFO - [2025-04-09T07:12:31.671+0000] {dagbag.py:538} INFO - Filling up the DagBag from /home/airflow/.local/lib/python3.8/site-packages/airflow/example_dags/example_xcom.py
[2025-04-09T07:12:31.680+0000] {processor.py:840} INFO - DAG(s) 'example_xcom' retrieved from /home/airflow/.local/lib/python3.8/site-packages/airflow/example_dags/example_xcom.py
[2025-04-09T07:12:31.704+0000] {logging_mixin.py:188} INFO - [2025-04-09T07:12:31.703+0000] {dag.py:3036} INFO - Sync 1 DAGs
[2025-04-09T07:12:31.726+0000] {logging_mixin.py:188} INFO - [2025-04-09T07:12:31.726+0000] {dag.py:3823} INFO - Setting next_dagrun for example_xcom to 2021-01-01 00:00:00+00:00, run_after=2021-01-01 00:00:00+00:00
[2025-04-09T07:12:31.781+0000] {processor.py:183} INFO - Processing /home/airflow/.local/lib/python3.8/site-packages/airflow/example_dags/example_xcom.py took 0.139 seconds
[2025-04-09T07:13:02.012+0000] {processor.py:161} INFO - Started process (PID=423) to work on /home/airflow/.local/lib/python3.8/site-packages/airflow/example_dags/example_xcom.py
[2025-04-09T07:13:02.013+0000] {processor.py:830} INFO - Processing file /home/airflow/.local/lib/python3.8/site-packages/airflow/example_dags/example_xcom.py for tasks to queue
[2025-04-09T07:13:02.015+0000] {logging_mixin.py:188} INFO - [2025-04-09T07:13:02.015+0000] {dagbag.py:538} INFO - Filling up the DagBag from /home/airflow/.local/lib/python3.8/site-packages/airflow/example_dags/example_xcom.py
[2025-04-09T07:13:02.024+0000] {processor.py:840} INFO - DAG(s) 'example_xcom' retrieved from /home/airflow/.local/lib/python3.8/site-packages/airflow/example_dags/example_xcom.py
[2025-04-09T07:13:02.068+0000] {logging_mixin.py:188} INFO - [2025-04-09T07:13:02.068+0000] {dag.py:3036} INFO - Sync 1 DAGs
[2025-04-09T07:13:02.147+0000] {logging_mixin.py:188} INFO - [2025-04-09T07:13:02.147+0000] {dag.py:3823} INFO - Setting next_dagrun for example_xcom to 2021-01-01 00:00:00+00:00, run_after=2021-01-01 00:00:00+00:00
[2025-04-09T07:13:02.355+0000] {processor.py:183} INFO - Processing /home/airflow/.local/lib/python3.8/site-packages/airflow/example_dags/example_xcom.py took 0.346 seconds
[2025-04-09T07:13:32.383+0000] {processor.py:161} INFO - Started process (PID=481) to work on /home/airflow/.local/lib/python3.8/site-packages/airflow/example_dags/example_xcom.py
[2025-04-09T07:13:32.399+0000] {processor.py:830} INFO - Processing file /home/airflow/.local/lib/python3.8/site-packages/airflow/example_dags/example_xcom.py for tasks to queue
[2025-04-09T07:13:32.401+0000] {logging_mixin.py:188} INFO - [2025-04-09T07:13:32.401+0000] {dagbag.py:538} INFO - Filling up the DagBag from /home/airflow/.local/lib/python3.8/site-packages/airflow/example_dags/example_xcom.py
[2025-04-09T07:13:32.409+0000] {processor.py:840} INFO - DAG(s) 'example_xcom' retrieved from /home/airflow/.local/lib/python3.8/site-packages/airflow/example_dags/example_xcom.py
[2025-04-09T07:13:32.437+0000] {logging_mixin.py:188} INFO - [2025-04-09T07:13:32.437+0000] {dag.py:3036} INFO - Sync 1 DAGs
[2025-04-09T07:13:32.474+0000] {logging_mixin.py:188} INFO - [2025-04-09T07:13:32.473+0000] {dag.py:3823} INFO - Setting next_dagrun for example_xcom to 2021-01-01 00:00:00+00:00, run_after=2021-01-01 00:00:00+00:00
[2025-04-09T07:13:32.543+0000] {processor.py:183} INFO - Processing /home/airflow/.local/lib/python3.8/site-packages/airflow/example_dags/example_xcom.py took 0.163 seconds
[2025-04-09T07:14:02.673+0000] {processor.py:161} INFO - Started process (PID=539) to work on /home/airflow/.local/lib/python3.8/site-packages/airflow/example_dags/example_xcom.py
[2025-04-09T07:14:02.695+0000] {processor.py:830} INFO - Processing file /home/airflow/.local/lib/python3.8/site-packages/airflow/example_dags/example_xcom.py for tasks to queue
[2025-04-09T07:14:02.696+0000] {logging_mixin.py:188} INFO - [2025-04-09T07:14:02.696+0000] {dagbag.py:538} INFO - Filling up the DagBag from /home/airflow/.local/lib/python3.8/site-packages/airflow/example_dags/example_xcom.py
[2025-04-09T07:14:02.703+0000] {processor.py:840} INFO - DAG(s) 'example_xcom' retrieved from /home/airflow/.local/lib/python3.8/site-packages/airflow/example_dags/example_xcom.py
[2025-04-09T07:14:02.724+0000] {logging_mixin.py:188} INFO - [2025-04-09T07:14:02.724+0000] {dag.py:3036} INFO - Sync 1 DAGs
[2025-04-09T07:14:02.746+0000] {logging_mixin.py:188} INFO - [2025-04-09T07:14:02.745+0000] {dag.py:3823} INFO - Setting next_dagrun for example_xcom to 2021-01-01 00:00:00+00:00, run_after=2021-01-01 00:00:00+00:00
[2025-04-09T07:14:02.815+0000] {processor.py:183} INFO - Processing /home/airflow/.local/lib/python3.8/site-packages/airflow/example_dags/example_xcom.py took 0.145 seconds
[2025-04-09T07:14:32.857+0000] {processor.py:161} INFO - Started process (PID=597) to work on /home/airflow/.local/lib/python3.8/site-packages/airflow/example_dags/example_xcom.py
[2025-04-09T07:14:32.858+0000] {processor.py:830} INFO - Processing file /home/airflow/.local/lib/python3.8/site-packages/airflow/example_dags/example_xcom.py for tasks to queue
[2025-04-09T07:14:32.860+0000] {logging_mixin.py:188} INFO - [2025-04-09T07:14:32.859+0000] {dagbag.py:538} INFO - Filling up the DagBag from /home/airflow/.local/lib/python3.8/site-packages/airflow/example_dags/example_xcom.py
[2025-04-09T07:14:32.869+0000] {processor.py:840} INFO - DAG(s) 'example_xcom' retrieved from /home/airflow/.local/lib/python3.8/site-packages/airflow/example_dags/example_xcom.py
[2025-04-09T07:14:32.897+0000] {logging_mixin.py:188} INFO - [2025-04-09T07:14:32.896+0000] {dag.py:3036} INFO - Sync 1 DAGs
[2025-04-09T07:14:32.926+0000] {logging_mixin.py:188} INFO - [2025-04-09T07:14:32.926+0000] {dag.py:3823} INFO - Setting next_dagrun for example_xcom to 2021-01-01 00:00:00+00:00, run_after=2021-01-01 00:00:00+00:00
[2025-04-09T07:14:32.996+0000] {processor.py:183} INFO - Processing /home/airflow/.local/lib/python3.8/site-packages/airflow/example_dags/example_xcom.py took 0.142 seconds
[2025-04-09T07:15:03.983+0000] {processor.py:161} INFO - Started process (PID=655) to work on /home/airflow/.local/lib/python3.8/site-packages/airflow/example_dags/example_xcom.py
[2025-04-09T07:15:04.003+0000] {processor.py:830} INFO - Processing file /home/airflow/.local/lib/python3.8/site-packages/airflow/example_dags/example_xcom.py for tasks to queue
[2025-04-09T07:15:04.004+0000] {logging_mixin.py:188} INFO - [2025-04-09T07:15:04.004+0000] {dagbag.py:538} INFO - Filling up the DagBag from /home/airflow/.local/lib/python3.8/site-packages/airflow/example_dags/example_xcom.py
[2025-04-09T07:15:04.011+0000] {processor.py:840} INFO - DAG(s) 'example_xcom' retrieved from /home/airflow/.local/lib/python3.8/site-packages/airflow/example_dags/example_xcom.py
[2025-04-09T07:15:04.033+0000] {logging_mixin.py:188} INFO - [2025-04-09T07:15:04.032+0000] {dag.py:3036} INFO - Sync 1 DAGs
[2025-04-09T07:15:04.053+0000] {logging_mixin.py:188} INFO - [2025-04-09T07:15:04.053+0000] {dag.py:3823} INFO - Setting next_dagrun for example_xcom to 2021-01-01 00:00:00+00:00, run_after=2021-01-01 00:00:00+00:00
[2025-04-09T07:15:04.116+0000] {processor.py:183} INFO - Processing /home/airflow/.local/lib/python3.8/site-packages/airflow/example_dags/example_xcom.py took 0.136 seconds
[2025-04-09T07:15:35.745+0000] {processor.py:161} INFO - Started process (PID=713) to work on /home/airflow/.local/lib/python3.8/site-packages/airflow/example_dags/example_xcom.py
[2025-04-09T07:15:35.748+0000] {processor.py:830} INFO - Processing file /home/airflow/.local/lib/python3.8/site-packages/airflow/example_dags/example_xcom.py for tasks to queue
[2025-04-09T07:15:35.750+0000] {logging_mixin.py:188} INFO - [2025-04-09T07:15:35.750+0000] {dagbag.py:538} INFO - Filling up the DagBag from /home/airflow/.local/lib/python3.8/site-packages/airflow/example_dags/example_xcom.py
[2025-04-09T07:15:35.757+0000] {processor.py:840} INFO - DAG(s) 'example_xcom' retrieved from /home/airflow/.local/lib/python3.8/site-packages/airflow/example_dags/example_xcom.py
[2025-04-09T07:15:35.781+0000] {logging_mixin.py:188} INFO - [2025-04-09T07:15:35.781+0000] {dag.py:3036} INFO - Sync 1 DAGs
[2025-04-09T07:15:35.810+0000] {logging_mixin.py:188} INFO - [2025-04-09T07:15:35.810+0000] {dag.py:3823} INFO - Setting next_dagrun for example_xcom to 2021-01-01 00:00:00+00:00, run_after=2021-01-01 00:00:00+00:00
[2025-04-09T07:15:35.861+0000] {processor.py:183} INFO - Processing /home/airflow/.local/lib/python3.8/site-packages/airflow/example_dags/example_xcom.py took 0.119 seconds
[2025-04-09T07:16:06.399+0000] {processor.py:161} INFO - Started process (PID=771) to work on /home/airflow/.local/lib/python3.8/site-packages/airflow/example_dags/example_xcom.py
[2025-04-09T07:16:06.399+0000] {processor.py:830} INFO - Processing file /home/airflow/.local/lib/python3.8/site-packages/airflow/example_dags/example_xcom.py for tasks to queue
[2025-04-09T07:16:06.401+0000] {logging_mixin.py:188} INFO - [2025-04-09T07:16:06.401+0000] {dagbag.py:538} INFO - Filling up the DagBag from /home/airflow/.local/lib/python3.8/site-packages/airflow/example_dags/example_xcom.py
[2025-04-09T07:16:06.409+0000] {processor.py:840} INFO - DAG(s) 'example_xcom' retrieved from /home/airflow/.local/lib/python3.8/site-packages/airflow/example_dags/example_xcom.py
[2025-04-09T07:16:06.430+0000] {logging_mixin.py:188} INFO - [2025-04-09T07:16:06.430+0000] {dag.py:3036} INFO - Sync 1 DAGs
[2025-04-09T07:16:06.451+0000] {logging_mixin.py:188} INFO - [2025-04-09T07:16:06.451+0000] {dag.py:3823} INFO - Setting next_dagrun for example_xcom to 2021-01-01 00:00:00+00:00, run_after=2021-01-01 00:00:00+00:00
[2025-04-09T07:16:06.541+0000] {processor.py:183} INFO - Processing /home/airflow/.local/lib/python3.8/site-packages/airflow/example_dags/example_xcom.py took 0.145 seconds
[2025-04-09T07:16:36.674+0000] {processor.py:161} INFO - Started process (PID=823) to work on /home/airflow/.local/lib/python3.8/site-packages/airflow/example_dags/example_xcom.py
[2025-04-09T07:16:36.688+0000] {processor.py:830} INFO - Processing file /home/airflow/.local/lib/python3.8/site-packages/airflow/example_dags/example_xcom.py for tasks to queue
[2025-04-09T07:16:36.690+0000] {logging_mixin.py:188} INFO - [2025-04-09T07:16:36.690+0000] {dagbag.py:538} INFO - Filling up the DagBag from /home/airflow/.local/lib/python3.8/site-packages/airflow/example_dags/example_xcom.py
[2025-04-09T07:16:36.698+0000] {processor.py:840} INFO - DAG(s) 'example_xcom' retrieved from /home/airflow/.local/lib/python3.8/site-packages/airflow/example_dags/example_xcom.py
[2025-04-09T07:16:36.723+0000] {logging_mixin.py:188} INFO - [2025-04-09T07:16:36.723+0000] {dag.py:3036} INFO - Sync 1 DAGs
[2025-04-09T07:16:36.747+0000] {logging_mixin.py:188} INFO - [2025-04-09T07:16:36.747+0000] {dag.py:3823} INFO - Setting next_dagrun for example_xcom to 2021-01-01 00:00:00+00:00, run_after=2021-01-01 00:00:00+00:00
[2025-04-09T07:16:36.835+0000] {processor.py:183} INFO - Processing /home/airflow/.local/lib/python3.8/site-packages/airflow/example_dags/example_xcom.py took 0.164 seconds
[2025-04-09T07:17:06.880+0000] {processor.py:161} INFO - Started process (PID=881) to work on /home/airflow/.local/lib/python3.8/site-packages/airflow/example_dags/example_xcom.py
[2025-04-09T07:17:06.881+0000] {processor.py:830} INFO - Processing file /home/airflow/.local/lib/python3.8/site-packages/airflow/example_dags/example_xcom.py for tasks to queue
[2025-04-09T07:17:06.884+0000] {logging_mixin.py:188} INFO - [2025-04-09T07:17:06.883+0000] {dagbag.py:538} INFO - Filling up the DagBag from /home/airflow/.local/lib/python3.8/site-packages/airflow/example_dags/example_xcom.py
[2025-04-09T07:17:06.892+0000] {processor.py:840} INFO - DAG(s) 'example_xcom' retrieved from /home/airflow/.local/lib/python3.8/site-packages/airflow/example_dags/example_xcom.py
[2025-04-09T07:17:06.918+0000] {logging_mixin.py:188} INFO - [2025-04-09T07:17:06.918+0000] {dag.py:3036} INFO - Sync 1 DAGs
[2025-04-09T07:17:06.945+0000] {logging_mixin.py:188} INFO - [2025-04-09T07:17:06.944+0000] {dag.py:3823} INFO - Setting next_dagrun for example_xcom to 2021-01-01 00:00:00+00:00, run_after=2021-01-01 00:00:00+00:00
[2025-04-09T07:17:07.029+0000] {processor.py:183} INFO - Processing /home/airflow/.local/lib/python3.8/site-packages/airflow/example_dags/example_xcom.py took 0.152 seconds
[2025-04-09T07:17:37.170+0000] {processor.py:161} INFO - Started process (PID=939) to work on /home/airflow/.local/lib/python3.8/site-packages/airflow/example_dags/example_xcom.py
[2025-04-09T07:17:37.172+0000] {processor.py:830} INFO - Processing file /home/airflow/.local/lib/python3.8/site-packages/airflow/example_dags/example_xcom.py for tasks to queue
[2025-04-09T07:17:37.174+0000] {logging_mixin.py:188} INFO - [2025-04-09T07:17:37.174+0000] {dagbag.py:538} INFO - Filling up the DagBag from /home/airflow/.local/lib/python3.8/site-packages/airflow/example_dags/example_xcom.py
[2025-04-09T07:17:37.182+0000] {processor.py:840} INFO - DAG(s) 'example_xcom' retrieved from /home/airflow/.local/lib/python3.8/site-packages/airflow/example_dags/example_xcom.py
[2025-04-09T07:17:37.205+0000] {logging_mixin.py:188} INFO - [2025-04-09T07:17:37.205+0000] {dag.py:3036} INFO - Sync 1 DAGs
[2025-04-09T07:17:37.226+0000] {logging_mixin.py:188} INFO - [2025-04-09T07:17:37.226+0000] {dag.py:3823} INFO - Setting next_dagrun for example_xcom to 2021-01-01 00:00:00+00:00, run_after=2021-01-01 00:00:00+00:00
[2025-04-09T07:17:37.299+0000] {processor.py:183} INFO - Processing /home/airflow/.local/lib/python3.8/site-packages/airflow/example_dags/example_xcom.py took 0.132 seconds
[2025-04-09T07:18:07.501+0000] {processor.py:161} INFO - Started process (PID=997) to work on /home/airflow/.local/lib/python3.8/site-packages/airflow/example_dags/example_xcom.py
[2025-04-09T07:18:07.503+0000] {processor.py:830} INFO - Processing file /home/airflow/.local/lib/python3.8/site-packages/airflow/example_dags/example_xcom.py for tasks to queue
[2025-04-09T07:18:07.504+0000] {logging_mixin.py:188} INFO - [2025-04-09T07:18:07.504+0000] {dagbag.py:538} INFO - Filling up the DagBag from /home/airflow/.local/lib/python3.8/site-packages/airflow/example_dags/example_xcom.py
[2025-04-09T07:18:07.511+0000] {processor.py:840} INFO - DAG(s) 'example_xcom' retrieved from /home/airflow/.local/lib/python3.8/site-packages/airflow/example_dags/example_xcom.py
[2025-04-09T07:18:07.533+0000] {logging_mixin.py:188} INFO - [2025-04-09T07:18:07.533+0000] {dag.py:3036} INFO - Sync 1 DAGs
[2025-04-09T07:18:07.555+0000] {logging_mixin.py:188} INFO - [2025-04-09T07:18:07.555+0000] {dag.py:3823} INFO - Setting next_dagrun for example_xcom to 2021-01-01 00:00:00+00:00, run_after=2021-01-01 00:00:00+00:00
[2025-04-09T07:18:07.607+0000] {processor.py:183} INFO - Processing /home/airflow/.local/lib/python3.8/site-packages/airflow/example_dags/example_xcom.py took 0.109 seconds
[2025-04-09T07:18:38.038+0000] {processor.py:161} INFO - Started process (PID=1055) to work on /home/airflow/.local/lib/python3.8/site-packages/airflow/example_dags/example_xcom.py
[2025-04-09T07:18:38.038+0000] {processor.py:830} INFO - Processing file /home/airflow/.local/lib/python3.8/site-packages/airflow/example_dags/example_xcom.py for tasks to queue
[2025-04-09T07:18:38.040+0000] {logging_mixin.py:188} INFO - [2025-04-09T07:18:38.040+0000] {dagbag.py:538} INFO - Filling up the DagBag from /home/airflow/.local/lib/python3.8/site-packages/airflow/example_dags/example_xcom.py
[2025-04-09T07:18:38.048+0000] {processor.py:840} INFO - DAG(s) 'example_xcom' retrieved from /home/airflow/.local/lib/python3.8/site-packages/airflow/example_dags/example_xcom.py
[2025-04-09T07:18:38.072+0000] {logging_mixin.py:188} INFO - [2025-04-09T07:18:38.071+0000] {dag.py:3036} INFO - Sync 1 DAGs
[2025-04-09T07:18:38.095+0000] {logging_mixin.py:188} INFO - [2025-04-09T07:18:38.095+0000] {dag.py:3823} INFO - Setting next_dagrun for example_xcom to 2021-01-01 00:00:00+00:00, run_after=2021-01-01 00:00:00+00:00
[2025-04-09T07:18:38.164+0000] {processor.py:183} INFO - Processing /home/airflow/.local/lib/python3.8/site-packages/airflow/example_dags/example_xcom.py took 0.130 seconds
[2025-04-09T07:19:11.113+0000] {processor.py:161} INFO - Started process (PID=1113) to work on /home/airflow/.local/lib/python3.8/site-packages/airflow/example_dags/example_xcom.py
[2025-04-09T07:19:11.142+0000] {processor.py:830} INFO - Processing file /home/airflow/.local/lib/python3.8/site-packages/airflow/example_dags/example_xcom.py for tasks to queue
[2025-04-09T07:19:11.144+0000] {logging_mixin.py:188} INFO - [2025-04-09T07:19:11.144+0000] {dagbag.py:538} INFO - Filling up the DagBag from /home/airflow/.local/lib/python3.8/site-packages/airflow/example_dags/example_xcom.py
[2025-04-09T07:19:11.152+0000] {processor.py:840} INFO - DAG(s) 'example_xcom' retrieved from /home/airflow/.local/lib/python3.8/site-packages/airflow/example_dags/example_xcom.py
[2025-04-09T07:19:11.176+0000] {logging_mixin.py:188} INFO - [2025-04-09T07:19:11.176+0000] {dag.py:3036} INFO - Sync 1 DAGs
[2025-04-09T07:19:11.204+0000] {logging_mixin.py:188} INFO - [2025-04-09T07:19:11.204+0000] {dag.py:3823} INFO - Setting next_dagrun for example_xcom to 2021-01-01 00:00:00+00:00, run_after=2021-01-01 00:00:00+00:00
[2025-04-09T07:19:11.268+0000] {processor.py:183} INFO - Processing /home/airflow/.local/lib/python3.8/site-packages/airflow/example_dags/example_xcom.py took 0.158 seconds
[2025-04-09T07:19:41.664+0000] {processor.py:161} INFO - Started process (PID=1171) to work on /home/airflow/.local/lib/python3.8/site-packages/airflow/example_dags/example_xcom.py
[2025-04-09T07:19:41.666+0000] {processor.py:830} INFO - Processing file /home/airflow/.local/lib/python3.8/site-packages/airflow/example_dags/example_xcom.py for tasks to queue
[2025-04-09T07:19:41.667+0000] {logging_mixin.py:188} INFO - [2025-04-09T07:19:41.667+0000] {dagbag.py:538} INFO - Filling up the DagBag from /home/airflow/.local/lib/python3.8/site-packages/airflow/example_dags/example_xcom.py
[2025-04-09T07:19:41.676+0000] {processor.py:840} INFO - DAG(s) 'example_xcom' retrieved from /home/airflow/.local/lib/python3.8/site-packages/airflow/example_dags/example_xcom.py
[2025-04-09T07:19:41.701+0000] {logging_mixin.py:188} INFO - [2025-04-09T07:19:41.700+0000] {dag.py:3036} INFO - Sync 1 DAGs
[2025-04-09T07:19:41.728+0000] {logging_mixin.py:188} INFO - [2025-04-09T07:19:41.728+0000] {dag.py:3823} INFO - Setting next_dagrun for example_xcom to 2021-01-01 00:00:00+00:00, run_after=2021-01-01 00:00:00+00:00
[2025-04-09T07:19:41.779+0000] {processor.py:183} INFO - Processing /home/airflow/.local/lib/python3.8/site-packages/airflow/example_dags/example_xcom.py took 0.119 seconds
[2025-04-09T07:20:11.913+0000] {processor.py:161} INFO - Started process (PID=1229) to work on /home/airflow/.local/lib/python3.8/site-packages/airflow/example_dags/example_xcom.py
[2025-04-09T07:20:11.941+0000] {processor.py:830} INFO - Processing file /home/airflow/.local/lib/python3.8/site-packages/airflow/example_dags/example_xcom.py for tasks to queue
[2025-04-09T07:20:11.943+0000] {logging_mixin.py:188} INFO - [2025-04-09T07:20:11.942+0000] {dagbag.py:538} INFO - Filling up the DagBag from /home/airflow/.local/lib/python3.8/site-packages/airflow/example_dags/example_xcom.py
[2025-04-09T07:20:11.951+0000] {processor.py:840} INFO - DAG(s) 'example_xcom' retrieved from /home/airflow/.local/lib/python3.8/site-packages/airflow/example_dags/example_xcom.py
[2025-04-09T07:20:11.977+0000] {logging_mixin.py:188} INFO - [2025-04-09T07:20:11.977+0000] {dag.py:3036} INFO - Sync 1 DAGs
[2025-04-09T07:20:12.003+0000] {logging_mixin.py:188} INFO - [2025-04-09T07:20:12.002+0000] {dag.py:3823} INFO - Setting next_dagrun for example_xcom to 2021-01-01 00:00:00+00:00, run_after=2021-01-01 00:00:00+00:00
[2025-04-09T07:20:12.097+0000] {processor.py:183} INFO - Processing /home/airflow/.local/lib/python3.8/site-packages/airflow/example_dags/example_xcom.py took 0.187 seconds
[2025-04-09T07:20:42.284+0000] {processor.py:161} INFO - Started process (PID=1288) to work on /home/airflow/.local/lib/python3.8/site-packages/airflow/example_dags/example_xcom.py
[2025-04-09T07:20:42.316+0000] {processor.py:830} INFO - Processing file /home/airflow/.local/lib/python3.8/site-packages/airflow/example_dags/example_xcom.py for tasks to queue
[2025-04-09T07:20:42.317+0000] {logging_mixin.py:188} INFO - [2025-04-09T07:20:42.317+0000] {dagbag.py:538} INFO - Filling up the DagBag from /home/airflow/.local/lib/python3.8/site-packages/airflow/example_dags/example_xcom.py
[2025-04-09T07:20:42.327+0000] {processor.py:840} INFO - DAG(s) 'example_xcom' retrieved from /home/airflow/.local/lib/python3.8/site-packages/airflow/example_dags/example_xcom.py
[2025-04-09T07:20:42.350+0000] {logging_mixin.py:188} INFO - [2025-04-09T07:20:42.350+0000] {dag.py:3036} INFO - Sync 1 DAGs
[2025-04-09T07:20:42.375+0000] {logging_mixin.py:188} INFO - [2025-04-09T07:20:42.374+0000] {dag.py:3823} INFO - Setting next_dagrun for example_xcom to 2021-01-01 00:00:00+00:00, run_after=2021-01-01 00:00:00+00:00
[2025-04-09T07:20:42.456+0000] {processor.py:183} INFO - Processing /home/airflow/.local/lib/python3.8/site-packages/airflow/example_dags/example_xcom.py took 0.175 seconds
[2025-04-09T07:21:12.923+0000] {processor.py:161} INFO - Started process (PID=1345) to work on /home/airflow/.local/lib/python3.8/site-packages/airflow/example_dags/example_xcom.py
[2025-04-09T07:21:12.959+0000] {processor.py:830} INFO - Processing file /home/airflow/.local/lib/python3.8/site-packages/airflow/example_dags/example_xcom.py for tasks to queue
[2025-04-09T07:21:12.960+0000] {logging_mixin.py:188} INFO - [2025-04-09T07:21:12.960+0000] {dagbag.py:538} INFO - Filling up the DagBag from /home/airflow/.local/lib/python3.8/site-packages/airflow/example_dags/example_xcom.py
[2025-04-09T07:21:12.968+0000] {processor.py:840} INFO - DAG(s) 'example_xcom' retrieved from /home/airflow/.local/lib/python3.8/site-packages/airflow/example_dags/example_xcom.py
[2025-04-09T07:21:12.994+0000] {logging_mixin.py:188} INFO - [2025-04-09T07:21:12.993+0000] {dag.py:3036} INFO - Sync 1 DAGs
[2025-04-09T07:21:13.026+0000] {logging_mixin.py:188} INFO - [2025-04-09T07:21:13.025+0000] {dag.py:3823} INFO - Setting next_dagrun for example_xcom to 2021-01-01 00:00:00+00:00, run_after=2021-01-01 00:00:00+00:00
[2025-04-09T07:21:13.085+0000] {processor.py:183} INFO - Processing /home/airflow/.local/lib/python3.8/site-packages/airflow/example_dags/example_xcom.py took 0.164 seconds
[2025-04-09T07:21:43.323+0000] {processor.py:161} INFO - Started process (PID=1403) to work on /home/airflow/.local/lib/python3.8/site-packages/airflow/example_dags/example_xcom.py
[2025-04-09T07:21:43.348+0000] {processor.py:830} INFO - Processing file /home/airflow/.local/lib/python3.8/site-packages/airflow/example_dags/example_xcom.py for tasks to queue
[2025-04-09T07:21:43.350+0000] {logging_mixin.py:188} INFO - [2025-04-09T07:21:43.350+0000] {dagbag.py:538} INFO - Filling up the DagBag from /home/airflow/.local/lib/python3.8/site-packages/airflow/example_dags/example_xcom.py
[2025-04-09T07:21:43.357+0000] {processor.py:840} INFO - DAG(s) 'example_xcom' retrieved from /home/airflow/.local/lib/python3.8/site-packages/airflow/example_dags/example_xcom.py
[2025-04-09T07:21:43.381+0000] {logging_mixin.py:188} INFO - [2025-04-09T07:21:43.380+0000] {dag.py:3036} INFO - Sync 1 DAGs
[2025-04-09T07:21:43.404+0000] {logging_mixin.py:188} INFO - [2025-04-09T07:21:43.403+0000] {dag.py:3823} INFO - Setting next_dagrun for example_xcom to 2021-01-01 00:00:00+00:00, run_after=2021-01-01 00:00:00+00:00
[2025-04-09T07:21:43.466+0000] {processor.py:183} INFO - Processing /home/airflow/.local/lib/python3.8/site-packages/airflow/example_dags/example_xcom.py took 0.146 seconds
[2025-04-09T07:22:13.696+0000] {processor.py:161} INFO - Started process (PID=1461) to work on /home/airflow/.local/lib/python3.8/site-packages/airflow/example_dags/example_xcom.py
[2025-04-09T07:22:13.713+0000] {processor.py:830} INFO - Processing file /home/airflow/.local/lib/python3.8/site-packages/airflow/example_dags/example_xcom.py for tasks to queue
[2025-04-09T07:22:13.715+0000] {logging_mixin.py:188} INFO - [2025-04-09T07:22:13.714+0000] {dagbag.py:538} INFO - Filling up the DagBag from /home/airflow/.local/lib/python3.8/site-packages/airflow/example_dags/example_xcom.py
[2025-04-09T07:22:13.723+0000] {processor.py:840} INFO - DAG(s) 'example_xcom' retrieved from /home/airflow/.local/lib/python3.8/site-packages/airflow/example_dags/example_xcom.py
[2025-04-09T07:22:13.746+0000] {logging_mixin.py:188} INFO - [2025-04-09T07:22:13.746+0000] {dag.py:3036} INFO - Sync 1 DAGs
[2025-04-09T07:22:13.768+0000] {logging_mixin.py:188} INFO - [2025-04-09T07:22:13.768+0000] {dag.py:3823} INFO - Setting next_dagrun for example_xcom to 2021-01-01 00:00:00+00:00, run_after=2021-01-01 00:00:00+00:00
[2025-04-09T07:22:13.829+0000] {processor.py:183} INFO - Processing /home/airflow/.local/lib/python3.8/site-packages/airflow/example_dags/example_xcom.py took 0.136 seconds
[2025-04-09T07:22:45.386+0000] {processor.py:161} INFO - Started process (PID=1513) to work on /home/airflow/.local/lib/python3.8/site-packages/airflow/example_dags/example_xcom.py
[2025-04-09T07:22:45.402+0000] {processor.py:830} INFO - Processing file /home/airflow/.local/lib/python3.8/site-packages/airflow/example_dags/example_xcom.py for tasks to queue
[2025-04-09T07:22:45.404+0000] {logging_mixin.py:188} INFO - [2025-04-09T07:22:45.403+0000] {dagbag.py:538} INFO - Filling up the DagBag from /home/airflow/.local/lib/python3.8/site-packages/airflow/example_dags/example_xcom.py
[2025-04-09T07:22:45.412+0000] {processor.py:840} INFO - DAG(s) 'example_xcom' retrieved from /home/airflow/.local/lib/python3.8/site-packages/airflow/example_dags/example_xcom.py
[2025-04-09T07:22:45.435+0000] {logging_mixin.py:188} INFO - [2025-04-09T07:22:45.434+0000] {dag.py:3036} INFO - Sync 1 DAGs
[2025-04-09T07:22:45.458+0000] {logging_mixin.py:188} INFO - [2025-04-09T07:22:45.458+0000] {dag.py:3823} INFO - Setting next_dagrun for example_xcom to 2021-01-01 00:00:00+00:00, run_after=2021-01-01 00:00:00+00:00
[2025-04-09T07:22:45.503+0000] {processor.py:183} INFO - Processing /home/airflow/.local/lib/python3.8/site-packages/airflow/example_dags/example_xcom.py took 0.120 seconds
[2025-04-09T07:23:15.698+0000] {processor.py:161} INFO - Started process (PID=1571) to work on /home/airflow/.local/lib/python3.8/site-packages/airflow/example_dags/example_xcom.py
[2025-04-09T07:23:15.746+0000] {processor.py:830} INFO - Processing file /home/airflow/.local/lib/python3.8/site-packages/airflow/example_dags/example_xcom.py for tasks to queue
[2025-04-09T07:23:15.748+0000] {logging_mixin.py:188} INFO - [2025-04-09T07:23:15.747+0000] {dagbag.py:538} INFO - Filling up the DagBag from /home/airflow/.local/lib/python3.8/site-packages/airflow/example_dags/example_xcom.py
[2025-04-09T07:23:15.754+0000] {processor.py:840} INFO - DAG(s) 'example_xcom' retrieved from /home/airflow/.local/lib/python3.8/site-packages/airflow/example_dags/example_xcom.py
[2025-04-09T07:23:15.777+0000] {logging_mixin.py:188} INFO - [2025-04-09T07:23:15.777+0000] {dag.py:3036} INFO - Sync 1 DAGs
[2025-04-09T07:23:15.799+0000] {logging_mixin.py:188} INFO - [2025-04-09T07:23:15.798+0000] {dag.py:3823} INFO - Setting next_dagrun for example_xcom to 2021-01-01 00:00:00+00:00, run_after=2021-01-01 00:00:00+00:00
[2025-04-09T07:23:15.891+0000] {processor.py:183} INFO - Processing /home/airflow/.local/lib/python3.8/site-packages/airflow/example_dags/example_xcom.py took 0.196 seconds
[2025-04-09T07:23:46.217+0000] {processor.py:161} INFO - Started process (PID=1629) to work on /home/airflow/.local/lib/python3.8/site-packages/airflow/example_dags/example_xcom.py
[2025-04-09T07:23:46.276+0000] {processor.py:830} INFO - Processing file /home/airflow/.local/lib/python3.8/site-packages/airflow/example_dags/example_xcom.py for tasks to queue
[2025-04-09T07:23:46.277+0000] {logging_mixin.py:188} INFO - [2025-04-09T07:23:46.277+0000] {dagbag.py:538} INFO - Filling up the DagBag from /home/airflow/.local/lib/python3.8/site-packages/airflow/example_dags/example_xcom.py
[2025-04-09T07:23:46.284+0000] {processor.py:840} INFO - DAG(s) 'example_xcom' retrieved from /home/airflow/.local/lib/python3.8/site-packages/airflow/example_dags/example_xcom.py
[2025-04-09T07:23:46.306+0000] {logging_mixin.py:188} INFO - [2025-04-09T07:23:46.306+0000] {dag.py:3036} INFO - Sync 1 DAGs
[2025-04-09T07:23:46.326+0000] {logging_mixin.py:188} INFO - [2025-04-09T07:23:46.326+0000] {dag.py:3823} INFO - Setting next_dagrun for example_xcom to 2021-01-01 00:00:00+00:00, run_after=2021-01-01 00:00:00+00:00
[2025-04-09T07:23:46.393+0000] {processor.py:183} INFO - Processing /home/airflow/.local/lib/python3.8/site-packages/airflow/example_dags/example_xcom.py took 0.179 seconds
[2025-04-09T07:24:16.926+0000] {processor.py:161} INFO - Started process (PID=1687) to work on /home/airflow/.local/lib/python3.8/site-packages/airflow/example_dags/example_xcom.py
[2025-04-09T07:24:16.945+0000] {processor.py:830} INFO - Processing file /home/airflow/.local/lib/python3.8/site-packages/airflow/example_dags/example_xcom.py for tasks to queue
[2025-04-09T07:24:16.947+0000] {logging_mixin.py:188} INFO - [2025-04-09T07:24:16.947+0000] {dagbag.py:538} INFO - Filling up the DagBag from /home/airflow/.local/lib/python3.8/site-packages/airflow/example_dags/example_xcom.py
[2025-04-09T07:24:16.955+0000] {processor.py:840} INFO - DAG(s) 'example_xcom' retrieved from /home/airflow/.local/lib/python3.8/site-packages/airflow/example_dags/example_xcom.py
[2025-04-09T07:24:16.977+0000] {logging_mixin.py:188} INFO - [2025-04-09T07:24:16.977+0000] {dag.py:3036} INFO - Sync 1 DAGs
[2025-04-09T07:24:17.000+0000] {logging_mixin.py:188} INFO - [2025-04-09T07:24:17.000+0000] {dag.py:3823} INFO - Setting next_dagrun for example_xcom to 2021-01-01 00:00:00+00:00, run_after=2021-01-01 00:00:00+00:00
[2025-04-09T07:24:17.049+0000] {processor.py:183} INFO - Processing /home/airflow/.local/lib/python3.8/site-packages/airflow/example_dags/example_xcom.py took 0.126 seconds
[2025-04-09T07:24:47.410+0000] {processor.py:161} INFO - Started process (PID=1745) to work on /home/airflow/.local/lib/python3.8/site-packages/airflow/example_dags/example_xcom.py
[2025-04-09T07:24:47.412+0000] {processor.py:830} INFO - Processing file /home/airflow/.local/lib/python3.8/site-packages/airflow/example_dags/example_xcom.py for tasks to queue
[2025-04-09T07:24:47.413+0000] {logging_mixin.py:188} INFO - [2025-04-09T07:24:47.413+0000] {dagbag.py:538} INFO - Filling up the DagBag from /home/airflow/.local/lib/python3.8/site-packages/airflow/example_dags/example_xcom.py
[2025-04-09T07:24:47.423+0000] {processor.py:840} INFO - DAG(s) 'example_xcom' retrieved from /home/airflow/.local/lib/python3.8/site-packages/airflow/example_dags/example_xcom.py
[2025-04-09T07:24:47.449+0000] {logging_mixin.py:188} INFO - [2025-04-09T07:24:47.449+0000] {dag.py:3036} INFO - Sync 1 DAGs
[2025-04-09T07:24:47.477+0000] {logging_mixin.py:188} INFO - [2025-04-09T07:24:47.477+0000] {dag.py:3823} INFO - Setting next_dagrun for example_xcom to 2021-01-01 00:00:00+00:00, run_after=2021-01-01 00:00:00+00:00
[2025-04-09T07:24:47.528+0000] {processor.py:183} INFO - Processing /home/airflow/.local/lib/python3.8/site-packages/airflow/example_dags/example_xcom.py took 0.121 seconds
[2025-04-09T07:25:17.684+0000] {processor.py:161} INFO - Started process (PID=1803) to work on /home/airflow/.local/lib/python3.8/site-packages/airflow/example_dags/example_xcom.py
[2025-04-09T07:25:17.685+0000] {processor.py:830} INFO - Processing file /home/airflow/.local/lib/python3.8/site-packages/airflow/example_dags/example_xcom.py for tasks to queue
[2025-04-09T07:25:17.686+0000] {logging_mixin.py:188} INFO - [2025-04-09T07:25:17.686+0000] {dagbag.py:538} INFO - Filling up the DagBag from /home/airflow/.local/lib/python3.8/site-packages/airflow/example_dags/example_xcom.py
[2025-04-09T07:25:17.694+0000] {processor.py:840} INFO - DAG(s) 'example_xcom' retrieved from /home/airflow/.local/lib/python3.8/site-packages/airflow/example_dags/example_xcom.py
[2025-04-09T07:25:17.720+0000] {logging_mixin.py:188} INFO - [2025-04-09T07:25:17.719+0000] {dag.py:3036} INFO - Sync 1 DAGs
[2025-04-09T07:25:17.750+0000] {logging_mixin.py:188} INFO - [2025-04-09T07:25:17.749+0000] {dag.py:3823} INFO - Setting next_dagrun for example_xcom to 2021-01-01 00:00:00+00:00, run_after=2021-01-01 00:00:00+00:00
[2025-04-09T07:25:17.811+0000] {processor.py:183} INFO - Processing /home/airflow/.local/lib/python3.8/site-packages/airflow/example_dags/example_xcom.py took 0.130 seconds
[2025-04-09T07:25:48.249+0000] {processor.py:161} INFO - Started process (PID=1861) to work on /home/airflow/.local/lib/python3.8/site-packages/airflow/example_dags/example_xcom.py
[2025-04-09T07:25:48.307+0000] {processor.py:830} INFO - Processing file /home/airflow/.local/lib/python3.8/site-packages/airflow/example_dags/example_xcom.py for tasks to queue
[2025-04-09T07:25:48.312+0000] {logging_mixin.py:188} INFO - [2025-04-09T07:25:48.310+0000] {dagbag.py:538} INFO - Filling up the DagBag from /home/airflow/.local/lib/python3.8/site-packages/airflow/example_dags/example_xcom.py
[2025-04-09T07:25:48.336+0000] {processor.py:840} INFO - DAG(s) 'example_xcom' retrieved from /home/airflow/.local/lib/python3.8/site-packages/airflow/example_dags/example_xcom.py
[2025-04-09T07:25:48.378+0000] {logging_mixin.py:188} INFO - [2025-04-09T07:25:48.377+0000] {dag.py:3036} INFO - Sync 1 DAGs
[2025-04-09T07:25:48.432+0000] {logging_mixin.py:188} INFO - [2025-04-09T07:25:48.431+0000] {dag.py:3823} INFO - Setting next_dagrun for example_xcom to 2021-01-01 00:00:00+00:00, run_after=2021-01-01 00:00:00+00:00
[2025-04-09T07:25:48.500+0000] {processor.py:183} INFO - Processing /home/airflow/.local/lib/python3.8/site-packages/airflow/example_dags/example_xcom.py took 0.254 seconds
