[2025-04-09T06:43:08.070+0000] {processor.py:161} INFO - Started process (PID=768) to work on /home/airflow/.local/lib/python3.8/site-packages/airflow/example_dags/example_branch_labels.py
[2025-04-09T06:43:08.071+0000] {processor.py:830} INFO - Processing file /home/airflow/.local/lib/python3.8/site-packages/airflow/example_dags/example_branch_labels.py for tasks to queue
[2025-04-09T06:43:08.073+0000] {logging_mixin.py:188} INFO - [2025-04-09T06:43:08.073+0000] {dagbag.py:538} INFO - Filling up the DagBag from /home/airflow/.local/lib/python3.8/site-packages/airflow/example_dags/example_branch_labels.py
[2025-04-09T06:43:08.084+0000] {processor.py:840} INFO - DAG(s) 'example_branch_labels' retrieved from /home/airflow/.local/lib/python3.8/site-packages/airflow/example_dags/example_branch_labels.py
[2025-04-09T06:43:08.201+0000] {logging_mixin.py:188} INFO - [2025-04-09T06:43:08.201+0000] {dag.py:3036} INFO - Sync 1 DAGs
[2025-04-09T06:43:08.221+0000] {logging_mixin.py:188} INFO - [2025-04-09T06:43:08.220+0000] {dag.py:3823} INFO - Setting next_dagrun for example_branch_labels to 2025-04-08 00:00:00+00:00, run_after=2025-04-09 00:00:00+00:00
[2025-04-09T06:43:08.280+0000] {processor.py:183} INFO - Processing /home/airflow/.local/lib/python3.8/site-packages/airflow/example_dags/example_branch_labels.py took 0.212 seconds
[2025-04-09T06:44:54.551+0000] {processor.py:161} INFO - Started process (PID=78) to work on /home/airflow/.local/lib/python3.8/site-packages/airflow/example_dags/example_branch_labels.py
[2025-04-09T06:44:54.566+0000] {processor.py:830} INFO - Processing file /home/airflow/.local/lib/python3.8/site-packages/airflow/example_dags/example_branch_labels.py for tasks to queue
[2025-04-09T06:44:54.569+0000] {logging_mixin.py:188} INFO - [2025-04-09T06:44:54.568+0000] {dagbag.py:538} INFO - Filling up the DagBag from /home/airflow/.local/lib/python3.8/site-packages/airflow/example_dags/example_branch_labels.py
[2025-04-09T06:44:54.586+0000] {processor.py:840} INFO - DAG(s) 'example_branch_labels' retrieved from /home/airflow/.local/lib/python3.8/site-packages/airflow/example_dags/example_branch_labels.py
[2025-04-09T06:44:54.730+0000] {logging_mixin.py:188} INFO - [2025-04-09T06:44:54.729+0000] {dag.py:3036} INFO - Sync 1 DAGs
[2025-04-09T06:44:54.762+0000] {logging_mixin.py:188} INFO - [2025-04-09T06:44:54.762+0000] {dag.py:3823} INFO - Setting next_dagrun for example_branch_labels to 2025-04-08 00:00:00+00:00, run_after=2025-04-09 00:00:00+00:00
[2025-04-09T06:44:54.842+0000] {processor.py:183} INFO - Processing /home/airflow/.local/lib/python3.8/site-packages/airflow/example_dags/example_branch_labels.py took 0.295 seconds
[2025-04-09T06:45:24.295+0000] {processor.py:161} INFO - Started process (PID=66) to work on /home/airflow/.local/lib/python3.8/site-packages/airflow/example_dags/example_branch_labels.py
[2025-04-09T06:45:24.296+0000] {processor.py:830} INFO - Processing file /home/airflow/.local/lib/python3.8/site-packages/airflow/example_dags/example_branch_labels.py for tasks to queue
[2025-04-09T06:45:24.298+0000] {logging_mixin.py:188} INFO - [2025-04-09T06:45:24.298+0000] {dagbag.py:538} INFO - Filling up the DagBag from /home/airflow/.local/lib/python3.8/site-packages/airflow/example_dags/example_branch_labels.py
[2025-04-09T06:45:24.311+0000] {processor.py:840} INFO - DAG(s) 'example_branch_labels' retrieved from /home/airflow/.local/lib/python3.8/site-packages/airflow/example_dags/example_branch_labels.py
[2025-04-09T06:45:24.324+0000] {logging_mixin.py:188} INFO - [2025-04-09T06:45:24.324+0000] {dag.py:3036} INFO - Sync 1 DAGs
[2025-04-09T06:45:24.351+0000] {logging_mixin.py:188} INFO - [2025-04-09T06:45:24.350+0000] {dag.py:3823} INFO - Setting next_dagrun for example_branch_labels to 2025-04-08 00:00:00+00:00, run_after=2025-04-09 00:00:00+00:00
[2025-04-09T06:45:24.404+0000] {processor.py:183} INFO - Processing /home/airflow/.local/lib/python3.8/site-packages/airflow/example_dags/example_branch_labels.py took 0.113 seconds
[2025-04-09T06:45:54.772+0000] {processor.py:161} INFO - Started process (PID=124) to work on /home/airflow/.local/lib/python3.8/site-packages/airflow/example_dags/example_branch_labels.py
[2025-04-09T06:45:54.773+0000] {processor.py:830} INFO - Processing file /home/airflow/.local/lib/python3.8/site-packages/airflow/example_dags/example_branch_labels.py for tasks to queue
[2025-04-09T06:45:54.774+0000] {logging_mixin.py:188} INFO - [2025-04-09T06:45:54.774+0000] {dagbag.py:538} INFO - Filling up the DagBag from /home/airflow/.local/lib/python3.8/site-packages/airflow/example_dags/example_branch_labels.py
[2025-04-09T06:45:54.782+0000] {processor.py:840} INFO - DAG(s) 'example_branch_labels' retrieved from /home/airflow/.local/lib/python3.8/site-packages/airflow/example_dags/example_branch_labels.py
[2025-04-09T06:45:54.804+0000] {logging_mixin.py:188} INFO - [2025-04-09T06:45:54.803+0000] {dag.py:3036} INFO - Sync 1 DAGs
[2025-04-09T06:45:54.828+0000] {logging_mixin.py:188} INFO - [2025-04-09T06:45:54.827+0000] {dag.py:3823} INFO - Setting next_dagrun for example_branch_labels to 2025-04-08 00:00:00+00:00, run_after=2025-04-09 00:00:00+00:00
[2025-04-09T06:45:54.881+0000] {processor.py:183} INFO - Processing /home/airflow/.local/lib/python3.8/site-packages/airflow/example_dags/example_branch_labels.py took 0.111 seconds
[2025-04-09T06:46:25.565+0000] {processor.py:161} INFO - Started process (PID=182) to work on /home/airflow/.local/lib/python3.8/site-packages/airflow/example_dags/example_branch_labels.py
[2025-04-09T06:46:25.567+0000] {processor.py:830} INFO - Processing file /home/airflow/.local/lib/python3.8/site-packages/airflow/example_dags/example_branch_labels.py for tasks to queue
[2025-04-09T06:46:25.569+0000] {logging_mixin.py:188} INFO - [2025-04-09T06:46:25.569+0000] {dagbag.py:538} INFO - Filling up the DagBag from /home/airflow/.local/lib/python3.8/site-packages/airflow/example_dags/example_branch_labels.py
[2025-04-09T06:46:25.577+0000] {processor.py:840} INFO - DAG(s) 'example_branch_labels' retrieved from /home/airflow/.local/lib/python3.8/site-packages/airflow/example_dags/example_branch_labels.py
[2025-04-09T06:46:25.603+0000] {logging_mixin.py:188} INFO - [2025-04-09T06:46:25.603+0000] {dag.py:3036} INFO - Sync 1 DAGs
[2025-04-09T06:46:25.633+0000] {logging_mixin.py:188} INFO - [2025-04-09T06:46:25.633+0000] {dag.py:3823} INFO - Setting next_dagrun for example_branch_labels to 2025-04-08 00:00:00+00:00, run_after=2025-04-09 00:00:00+00:00
[2025-04-09T06:46:25.700+0000] {processor.py:183} INFO - Processing /home/airflow/.local/lib/python3.8/site-packages/airflow/example_dags/example_branch_labels.py took 0.139 seconds
[2025-04-09T06:46:57.190+0000] {processor.py:161} INFO - Started process (PID=240) to work on /home/airflow/.local/lib/python3.8/site-packages/airflow/example_dags/example_branch_labels.py
[2025-04-09T06:46:57.192+0000] {processor.py:830} INFO - Processing file /home/airflow/.local/lib/python3.8/site-packages/airflow/example_dags/example_branch_labels.py for tasks to queue
[2025-04-09T06:46:57.193+0000] {logging_mixin.py:188} INFO - [2025-04-09T06:46:57.193+0000] {dagbag.py:538} INFO - Filling up the DagBag from /home/airflow/.local/lib/python3.8/site-packages/airflow/example_dags/example_branch_labels.py
[2025-04-09T06:46:57.200+0000] {processor.py:840} INFO - DAG(s) 'example_branch_labels' retrieved from /home/airflow/.local/lib/python3.8/site-packages/airflow/example_dags/example_branch_labels.py
[2025-04-09T06:46:57.224+0000] {logging_mixin.py:188} INFO - [2025-04-09T06:46:57.224+0000] {dag.py:3036} INFO - Sync 1 DAGs
[2025-04-09T06:46:57.249+0000] {logging_mixin.py:188} INFO - [2025-04-09T06:46:57.249+0000] {dag.py:3823} INFO - Setting next_dagrun for example_branch_labels to 2025-04-08 00:00:00+00:00, run_after=2025-04-09 00:00:00+00:00
[2025-04-09T06:46:57.303+0000] {processor.py:183} INFO - Processing /home/airflow/.local/lib/python3.8/site-packages/airflow/example_dags/example_branch_labels.py took 0.115 seconds
[2025-04-09T06:47:31.775+0000] {processor.py:161} INFO - Started process (PID=298) to work on /home/airflow/.local/lib/python3.8/site-packages/airflow/example_dags/example_branch_labels.py
[2025-04-09T06:47:31.804+0000] {processor.py:830} INFO - Processing file /home/airflow/.local/lib/python3.8/site-packages/airflow/example_dags/example_branch_labels.py for tasks to queue
[2025-04-09T06:47:31.806+0000] {logging_mixin.py:188} INFO - [2025-04-09T06:47:31.806+0000] {dagbag.py:538} INFO - Filling up the DagBag from /home/airflow/.local/lib/python3.8/site-packages/airflow/example_dags/example_branch_labels.py
[2025-04-09T06:47:31.815+0000] {processor.py:840} INFO - DAG(s) 'example_branch_labels' retrieved from /home/airflow/.local/lib/python3.8/site-packages/airflow/example_dags/example_branch_labels.py
[2025-04-09T06:47:31.837+0000] {logging_mixin.py:188} INFO - [2025-04-09T06:47:31.837+0000] {dag.py:3036} INFO - Sync 1 DAGs
[2025-04-09T06:47:31.862+0000] {logging_mixin.py:188} INFO - [2025-04-09T06:47:31.862+0000] {dag.py:3823} INFO - Setting next_dagrun for example_branch_labels to 2025-04-08 00:00:00+00:00, run_after=2025-04-09 00:00:00+00:00
[2025-04-09T06:47:31.946+0000] {processor.py:183} INFO - Processing /home/airflow/.local/lib/python3.8/site-packages/airflow/example_dags/example_branch_labels.py took 0.174 seconds
[2025-04-09T06:48:02.931+0000] {processor.py:161} INFO - Started process (PID=356) to work on /home/airflow/.local/lib/python3.8/site-packages/airflow/example_dags/example_branch_labels.py
[2025-04-09T06:48:02.932+0000] {processor.py:830} INFO - Processing file /home/airflow/.local/lib/python3.8/site-packages/airflow/example_dags/example_branch_labels.py for tasks to queue
[2025-04-09T06:48:02.933+0000] {logging_mixin.py:188} INFO - [2025-04-09T06:48:02.933+0000] {dagbag.py:538} INFO - Filling up the DagBag from /home/airflow/.local/lib/python3.8/site-packages/airflow/example_dags/example_branch_labels.py
[2025-04-09T06:48:02.941+0000] {processor.py:840} INFO - DAG(s) 'example_branch_labels' retrieved from /home/airflow/.local/lib/python3.8/site-packages/airflow/example_dags/example_branch_labels.py
[2025-04-09T06:48:02.965+0000] {logging_mixin.py:188} INFO - [2025-04-09T06:48:02.965+0000] {dag.py:3036} INFO - Sync 1 DAGs
[2025-04-09T06:48:02.990+0000] {logging_mixin.py:188} INFO - [2025-04-09T06:48:02.989+0000] {dag.py:3823} INFO - Setting next_dagrun for example_branch_labels to 2025-04-08 00:00:00+00:00, run_after=2025-04-09 00:00:00+00:00
[2025-04-09T06:48:03.044+0000] {processor.py:183} INFO - Processing /home/airflow/.local/lib/python3.8/site-packages/airflow/example_dags/example_branch_labels.py took 0.116 seconds
[2025-04-09T06:48:33.748+0000] {processor.py:161} INFO - Started process (PID=414) to work on /home/airflow/.local/lib/python3.8/site-packages/airflow/example_dags/example_branch_labels.py
[2025-04-09T06:48:33.749+0000] {processor.py:830} INFO - Processing file /home/airflow/.local/lib/python3.8/site-packages/airflow/example_dags/example_branch_labels.py for tasks to queue
[2025-04-09T06:48:33.752+0000] {logging_mixin.py:188} INFO - [2025-04-09T06:48:33.751+0000] {dagbag.py:538} INFO - Filling up the DagBag from /home/airflow/.local/lib/python3.8/site-packages/airflow/example_dags/example_branch_labels.py
[2025-04-09T06:48:33.762+0000] {processor.py:840} INFO - DAG(s) 'example_branch_labels' retrieved from /home/airflow/.local/lib/python3.8/site-packages/airflow/example_dags/example_branch_labels.py
[2025-04-09T06:48:33.786+0000] {logging_mixin.py:188} INFO - [2025-04-09T06:48:33.785+0000] {dag.py:3036} INFO - Sync 1 DAGs
[2025-04-09T06:48:33.812+0000] {logging_mixin.py:188} INFO - [2025-04-09T06:48:33.811+0000] {dag.py:3823} INFO - Setting next_dagrun for example_branch_labels to 2025-04-08 00:00:00+00:00, run_after=2025-04-09 00:00:00+00:00
[2025-04-09T06:48:33.865+0000] {processor.py:183} INFO - Processing /home/airflow/.local/lib/python3.8/site-packages/airflow/example_dags/example_branch_labels.py took 0.119 seconds
[2025-04-09T06:49:04.827+0000] {processor.py:161} INFO - Started process (PID=472) to work on /home/airflow/.local/lib/python3.8/site-packages/airflow/example_dags/example_branch_labels.py
[2025-04-09T06:49:04.846+0000] {processor.py:830} INFO - Processing file /home/airflow/.local/lib/python3.8/site-packages/airflow/example_dags/example_branch_labels.py for tasks to queue
[2025-04-09T06:49:04.847+0000] {logging_mixin.py:188} INFO - [2025-04-09T06:49:04.847+0000] {dagbag.py:538} INFO - Filling up the DagBag from /home/airflow/.local/lib/python3.8/site-packages/airflow/example_dags/example_branch_labels.py
[2025-04-09T06:49:04.855+0000] {processor.py:840} INFO - DAG(s) 'example_branch_labels' retrieved from /home/airflow/.local/lib/python3.8/site-packages/airflow/example_dags/example_branch_labels.py
[2025-04-09T06:49:04.878+0000] {logging_mixin.py:188} INFO - [2025-04-09T06:49:04.877+0000] {dag.py:3036} INFO - Sync 1 DAGs
[2025-04-09T06:49:04.903+0000] {logging_mixin.py:188} INFO - [2025-04-09T06:49:04.902+0000] {dag.py:3823} INFO - Setting next_dagrun for example_branch_labels to 2025-04-08 00:00:00+00:00, run_after=2025-04-09 00:00:00+00:00
[2025-04-09T06:49:04.950+0000] {processor.py:183} INFO - Processing /home/airflow/.local/lib/python3.8/site-packages/airflow/example_dags/example_branch_labels.py took 0.126 seconds
[2025-04-09T06:49:35.180+0000] {processor.py:161} INFO - Started process (PID=530) to work on /home/airflow/.local/lib/python3.8/site-packages/airflow/example_dags/example_branch_labels.py
[2025-04-09T06:49:35.181+0000] {processor.py:830} INFO - Processing file /home/airflow/.local/lib/python3.8/site-packages/airflow/example_dags/example_branch_labels.py for tasks to queue
[2025-04-09T06:49:35.183+0000] {logging_mixin.py:188} INFO - [2025-04-09T06:49:35.183+0000] {dagbag.py:538} INFO - Filling up the DagBag from /home/airflow/.local/lib/python3.8/site-packages/airflow/example_dags/example_branch_labels.py
[2025-04-09T06:49:35.193+0000] {processor.py:840} INFO - DAG(s) 'example_branch_labels' retrieved from /home/airflow/.local/lib/python3.8/site-packages/airflow/example_dags/example_branch_labels.py
[2025-04-09T06:49:35.220+0000] {logging_mixin.py:188} INFO - [2025-04-09T06:49:35.220+0000] {dag.py:3036} INFO - Sync 1 DAGs
[2025-04-09T06:49:35.247+0000] {logging_mixin.py:188} INFO - [2025-04-09T06:49:35.247+0000] {dag.py:3823} INFO - Setting next_dagrun for example_branch_labels to 2025-04-08 00:00:00+00:00, run_after=2025-04-09 00:00:00+00:00
[2025-04-09T06:49:35.304+0000] {processor.py:183} INFO - Processing /home/airflow/.local/lib/python3.8/site-packages/airflow/example_dags/example_branch_labels.py took 0.128 seconds
[2025-04-09T06:50:05.600+0000] {processor.py:161} INFO - Started process (PID=588) to work on /home/airflow/.local/lib/python3.8/site-packages/airflow/example_dags/example_branch_labels.py
[2025-04-09T06:50:05.601+0000] {processor.py:830} INFO - Processing file /home/airflow/.local/lib/python3.8/site-packages/airflow/example_dags/example_branch_labels.py for tasks to queue
[2025-04-09T06:50:05.603+0000] {logging_mixin.py:188} INFO - [2025-04-09T06:50:05.603+0000] {dagbag.py:538} INFO - Filling up the DagBag from /home/airflow/.local/lib/python3.8/site-packages/airflow/example_dags/example_branch_labels.py
[2025-04-09T06:50:05.610+0000] {processor.py:840} INFO - DAG(s) 'example_branch_labels' retrieved from /home/airflow/.local/lib/python3.8/site-packages/airflow/example_dags/example_branch_labels.py
[2025-04-09T06:50:05.633+0000] {logging_mixin.py:188} INFO - [2025-04-09T06:50:05.633+0000] {dag.py:3036} INFO - Sync 1 DAGs
[2025-04-09T06:50:05.656+0000] {logging_mixin.py:188} INFO - [2025-04-09T06:50:05.656+0000] {dag.py:3823} INFO - Setting next_dagrun for example_branch_labels to 2025-04-08 00:00:00+00:00, run_after=2025-04-09 00:00:00+00:00
[2025-04-09T06:50:05.725+0000] {processor.py:183} INFO - Processing /home/airflow/.local/lib/python3.8/site-packages/airflow/example_dags/example_branch_labels.py took 0.128 seconds
[2025-04-09T06:50:36.699+0000] {processor.py:161} INFO - Started process (PID=646) to work on /home/airflow/.local/lib/python3.8/site-packages/airflow/example_dags/example_branch_labels.py
[2025-04-09T06:50:36.724+0000] {processor.py:830} INFO - Processing file /home/airflow/.local/lib/python3.8/site-packages/airflow/example_dags/example_branch_labels.py for tasks to queue
[2025-04-09T06:50:36.727+0000] {logging_mixin.py:188} INFO - [2025-04-09T06:50:36.726+0000] {dagbag.py:538} INFO - Filling up the DagBag from /home/airflow/.local/lib/python3.8/site-packages/airflow/example_dags/example_branch_labels.py
[2025-04-09T06:50:36.737+0000] {processor.py:840} INFO - DAG(s) 'example_branch_labels' retrieved from /home/airflow/.local/lib/python3.8/site-packages/airflow/example_dags/example_branch_labels.py
[2025-04-09T06:50:36.763+0000] {logging_mixin.py:188} INFO - [2025-04-09T06:50:36.763+0000] {dag.py:3036} INFO - Sync 1 DAGs
[2025-04-09T06:50:36.790+0000] {logging_mixin.py:188} INFO - [2025-04-09T06:50:36.789+0000] {dag.py:3823} INFO - Setting next_dagrun for example_branch_labels to 2025-04-08 00:00:00+00:00, run_after=2025-04-09 00:00:00+00:00
[2025-04-09T06:50:36.916+0000] {processor.py:183} INFO - Processing /home/airflow/.local/lib/python3.8/site-packages/airflow/example_dags/example_branch_labels.py took 0.220 seconds
[2025-04-09T06:51:07.635+0000] {processor.py:161} INFO - Started process (PID=705) to work on /home/airflow/.local/lib/python3.8/site-packages/airflow/example_dags/example_branch_labels.py
[2025-04-09T06:51:07.636+0000] {processor.py:830} INFO - Processing file /home/airflow/.local/lib/python3.8/site-packages/airflow/example_dags/example_branch_labels.py for tasks to queue
[2025-04-09T06:51:07.638+0000] {logging_mixin.py:188} INFO - [2025-04-09T06:51:07.638+0000] {dagbag.py:538} INFO - Filling up the DagBag from /home/airflow/.local/lib/python3.8/site-packages/airflow/example_dags/example_branch_labels.py
[2025-04-09T06:51:07.645+0000] {processor.py:840} INFO - DAG(s) 'example_branch_labels' retrieved from /home/airflow/.local/lib/python3.8/site-packages/airflow/example_dags/example_branch_labels.py
[2025-04-09T06:51:07.667+0000] {logging_mixin.py:188} INFO - [2025-04-09T06:51:07.667+0000] {dag.py:3036} INFO - Sync 1 DAGs
[2025-04-09T06:51:07.692+0000] {logging_mixin.py:188} INFO - [2025-04-09T06:51:07.691+0000] {dag.py:3823} INFO - Setting next_dagrun for example_branch_labels to 2025-04-08 00:00:00+00:00, run_after=2025-04-09 00:00:00+00:00
[2025-04-09T06:51:07.740+0000] {processor.py:183} INFO - Processing /home/airflow/.local/lib/python3.8/site-packages/airflow/example_dags/example_branch_labels.py took 0.107 seconds
[2025-04-09T06:51:42.197+0000] {processor.py:161} INFO - Started process (PID=764) to work on /home/airflow/.local/lib/python3.8/site-packages/airflow/example_dags/example_branch_labels.py
[2025-04-09T06:51:42.198+0000] {processor.py:830} INFO - Processing file /home/airflow/.local/lib/python3.8/site-packages/airflow/example_dags/example_branch_labels.py for tasks to queue
[2025-04-09T06:51:42.200+0000] {logging_mixin.py:188} INFO - [2025-04-09T06:51:42.199+0000] {dagbag.py:538} INFO - Filling up the DagBag from /home/airflow/.local/lib/python3.8/site-packages/airflow/example_dags/example_branch_labels.py
[2025-04-09T06:51:42.209+0000] {processor.py:840} INFO - DAG(s) 'example_branch_labels' retrieved from /home/airflow/.local/lib/python3.8/site-packages/airflow/example_dags/example_branch_labels.py
[2025-04-09T06:51:42.235+0000] {logging_mixin.py:188} INFO - [2025-04-09T06:51:42.235+0000] {dag.py:3036} INFO - Sync 1 DAGs
[2025-04-09T06:51:42.265+0000] {logging_mixin.py:188} INFO - [2025-04-09T06:51:42.264+0000] {dag.py:3823} INFO - Setting next_dagrun for example_branch_labels to 2025-04-08 00:00:00+00:00, run_after=2025-04-09 00:00:00+00:00
[2025-04-09T06:51:42.318+0000] {processor.py:183} INFO - Processing /home/airflow/.local/lib/python3.8/site-packages/airflow/example_dags/example_branch_labels.py took 0.125 seconds
[2025-04-09T06:52:31.989+0000] {processor.py:161} INFO - Started process (PID=74) to work on /home/airflow/.local/lib/python3.8/site-packages/airflow/example_dags/example_branch_labels.py
[2025-04-09T06:52:32.000+0000] {processor.py:830} INFO - Processing file /home/airflow/.local/lib/python3.8/site-packages/airflow/example_dags/example_branch_labels.py for tasks to queue
[2025-04-09T06:52:32.002+0000] {logging_mixin.py:188} INFO - [2025-04-09T06:52:32.002+0000] {dagbag.py:538} INFO - Filling up the DagBag from /home/airflow/.local/lib/python3.8/site-packages/airflow/example_dags/example_branch_labels.py
[2025-04-09T06:52:32.015+0000] {processor.py:840} INFO - DAG(s) 'example_branch_labels' retrieved from /home/airflow/.local/lib/python3.8/site-packages/airflow/example_dags/example_branch_labels.py
[2025-04-09T06:52:32.031+0000] {logging_mixin.py:188} INFO - [2025-04-09T06:52:32.031+0000] {dag.py:3036} INFO - Sync 1 DAGs
[2025-04-09T06:52:32.062+0000] {logging_mixin.py:188} INFO - [2025-04-09T06:52:32.062+0000] {dag.py:3823} INFO - Setting next_dagrun for example_branch_labels to 2025-04-08 00:00:00+00:00, run_after=2025-04-09 00:00:00+00:00
[2025-04-09T06:52:32.124+0000] {processor.py:183} INFO - Processing /home/airflow/.local/lib/python3.8/site-packages/airflow/example_dags/example_branch_labels.py took 0.139 seconds
[2025-04-09T06:53:04.142+0000] {processor.py:161} INFO - Started process (PID=132) to work on /home/airflow/.local/lib/python3.8/site-packages/airflow/example_dags/example_branch_labels.py
[2025-04-09T06:53:04.143+0000] {processor.py:830} INFO - Processing file /home/airflow/.local/lib/python3.8/site-packages/airflow/example_dags/example_branch_labels.py for tasks to queue
[2025-04-09T06:53:04.145+0000] {logging_mixin.py:188} INFO - [2025-04-09T06:53:04.145+0000] {dagbag.py:538} INFO - Filling up the DagBag from /home/airflow/.local/lib/python3.8/site-packages/airflow/example_dags/example_branch_labels.py
[2025-04-09T06:53:04.155+0000] {processor.py:840} INFO - DAG(s) 'example_branch_labels' retrieved from /home/airflow/.local/lib/python3.8/site-packages/airflow/example_dags/example_branch_labels.py
[2025-04-09T06:53:04.297+0000] {logging_mixin.py:188} INFO - [2025-04-09T06:53:04.296+0000] {dag.py:3036} INFO - Sync 1 DAGs
[2025-04-09T06:53:04.322+0000] {logging_mixin.py:188} INFO - [2025-04-09T06:53:04.321+0000] {dag.py:3823} INFO - Setting next_dagrun for example_branch_labels to 2025-04-08 00:00:00+00:00, run_after=2025-04-09 00:00:00+00:00
[2025-04-09T06:53:04.375+0000] {processor.py:183} INFO - Processing /home/airflow/.local/lib/python3.8/site-packages/airflow/example_dags/example_branch_labels.py took 0.237 seconds
[2025-04-09T06:53:34.820+0000] {processor.py:161} INFO - Started process (PID=190) to work on /home/airflow/.local/lib/python3.8/site-packages/airflow/example_dags/example_branch_labels.py
[2025-04-09T06:53:34.821+0000] {processor.py:830} INFO - Processing file /home/airflow/.local/lib/python3.8/site-packages/airflow/example_dags/example_branch_labels.py for tasks to queue
[2025-04-09T06:53:34.824+0000] {logging_mixin.py:188} INFO - [2025-04-09T06:53:34.823+0000] {dagbag.py:538} INFO - Filling up the DagBag from /home/airflow/.local/lib/python3.8/site-packages/airflow/example_dags/example_branch_labels.py
[2025-04-09T06:53:34.832+0000] {processor.py:840} INFO - DAG(s) 'example_branch_labels' retrieved from /home/airflow/.local/lib/python3.8/site-packages/airflow/example_dags/example_branch_labels.py
[2025-04-09T06:53:34.855+0000] {logging_mixin.py:188} INFO - [2025-04-09T06:53:34.855+0000] {dag.py:3036} INFO - Sync 1 DAGs
[2025-04-09T06:53:34.878+0000] {logging_mixin.py:188} INFO - [2025-04-09T06:53:34.878+0000] {dag.py:3823} INFO - Setting next_dagrun for example_branch_labels to 2025-04-08 00:00:00+00:00, run_after=2025-04-09 00:00:00+00:00
[2025-04-09T06:53:34.960+0000] {processor.py:183} INFO - Processing /home/airflow/.local/lib/python3.8/site-packages/airflow/example_dags/example_branch_labels.py took 0.143 seconds
[2025-04-09T06:54:07.277+0000] {processor.py:161} INFO - Started process (PID=248) to work on /home/airflow/.local/lib/python3.8/site-packages/airflow/example_dags/example_branch_labels.py
[2025-04-09T06:54:07.331+0000] {processor.py:830} INFO - Processing file /home/airflow/.local/lib/python3.8/site-packages/airflow/example_dags/example_branch_labels.py for tasks to queue
[2025-04-09T06:54:07.333+0000] {logging_mixin.py:188} INFO - [2025-04-09T06:54:07.333+0000] {dagbag.py:538} INFO - Filling up the DagBag from /home/airflow/.local/lib/python3.8/site-packages/airflow/example_dags/example_branch_labels.py
[2025-04-09T06:54:07.343+0000] {processor.py:840} INFO - DAG(s) 'example_branch_labels' retrieved from /home/airflow/.local/lib/python3.8/site-packages/airflow/example_dags/example_branch_labels.py
[2025-04-09T06:54:07.376+0000] {logging_mixin.py:188} INFO - [2025-04-09T06:54:07.375+0000] {dag.py:3036} INFO - Sync 1 DAGs
[2025-04-09T06:54:07.406+0000] {logging_mixin.py:188} INFO - [2025-04-09T06:54:07.406+0000] {dag.py:3823} INFO - Setting next_dagrun for example_branch_labels to 2025-04-08 00:00:00+00:00, run_after=2025-04-09 00:00:00+00:00
[2025-04-09T06:54:07.501+0000] {processor.py:183} INFO - Processing /home/airflow/.local/lib/python3.8/site-packages/airflow/example_dags/example_branch_labels.py took 0.227 seconds
[2025-04-09T06:54:42.330+0000] {processor.py:161} INFO - Started process (PID=306) to work on /home/airflow/.local/lib/python3.8/site-packages/airflow/example_dags/example_branch_labels.py
[2025-04-09T06:54:42.331+0000] {processor.py:830} INFO - Processing file /home/airflow/.local/lib/python3.8/site-packages/airflow/example_dags/example_branch_labels.py for tasks to queue
[2025-04-09T06:54:42.333+0000] {logging_mixin.py:188} INFO - [2025-04-09T06:54:42.333+0000] {dagbag.py:538} INFO - Filling up the DagBag from /home/airflow/.local/lib/python3.8/site-packages/airflow/example_dags/example_branch_labels.py
[2025-04-09T06:54:42.340+0000] {processor.py:840} INFO - DAG(s) 'example_branch_labels' retrieved from /home/airflow/.local/lib/python3.8/site-packages/airflow/example_dags/example_branch_labels.py
[2025-04-09T06:54:42.362+0000] {logging_mixin.py:188} INFO - [2025-04-09T06:54:42.362+0000] {dag.py:3036} INFO - Sync 1 DAGs
[2025-04-09T06:54:42.384+0000] {logging_mixin.py:188} INFO - [2025-04-09T06:54:42.384+0000] {dag.py:3823} INFO - Setting next_dagrun for example_branch_labels to 2025-04-08 00:00:00+00:00, run_after=2025-04-09 00:00:00+00:00
[2025-04-09T06:54:42.435+0000] {processor.py:183} INFO - Processing /home/airflow/.local/lib/python3.8/site-packages/airflow/example_dags/example_branch_labels.py took 0.108 seconds
[2025-04-09T06:55:12.702+0000] {processor.py:161} INFO - Started process (PID=364) to work on /home/airflow/.local/lib/python3.8/site-packages/airflow/example_dags/example_branch_labels.py
[2025-04-09T06:55:12.703+0000] {processor.py:830} INFO - Processing file /home/airflow/.local/lib/python3.8/site-packages/airflow/example_dags/example_branch_labels.py for tasks to queue
[2025-04-09T06:55:12.705+0000] {logging_mixin.py:188} INFO - [2025-04-09T06:55:12.704+0000] {dagbag.py:538} INFO - Filling up the DagBag from /home/airflow/.local/lib/python3.8/site-packages/airflow/example_dags/example_branch_labels.py
[2025-04-09T06:55:12.712+0000] {processor.py:840} INFO - DAG(s) 'example_branch_labels' retrieved from /home/airflow/.local/lib/python3.8/site-packages/airflow/example_dags/example_branch_labels.py
[2025-04-09T06:55:12.733+0000] {logging_mixin.py:188} INFO - [2025-04-09T06:55:12.733+0000] {dag.py:3036} INFO - Sync 1 DAGs
[2025-04-09T06:55:12.762+0000] {logging_mixin.py:188} INFO - [2025-04-09T06:55:12.761+0000] {dag.py:3823} INFO - Setting next_dagrun for example_branch_labels to 2025-04-08 00:00:00+00:00, run_after=2025-04-09 00:00:00+00:00
[2025-04-09T06:55:12.814+0000] {processor.py:183} INFO - Processing /home/airflow/.local/lib/python3.8/site-packages/airflow/example_dags/example_branch_labels.py took 0.115 seconds
[2025-04-09T06:55:43.675+0000] {processor.py:161} INFO - Started process (PID=422) to work on /home/airflow/.local/lib/python3.8/site-packages/airflow/example_dags/example_branch_labels.py
[2025-04-09T06:55:43.676+0000] {processor.py:830} INFO - Processing file /home/airflow/.local/lib/python3.8/site-packages/airflow/example_dags/example_branch_labels.py for tasks to queue
[2025-04-09T06:55:43.677+0000] {logging_mixin.py:188} INFO - [2025-04-09T06:55:43.677+0000] {dagbag.py:538} INFO - Filling up the DagBag from /home/airflow/.local/lib/python3.8/site-packages/airflow/example_dags/example_branch_labels.py
[2025-04-09T06:55:43.685+0000] {processor.py:840} INFO - DAG(s) 'example_branch_labels' retrieved from /home/airflow/.local/lib/python3.8/site-packages/airflow/example_dags/example_branch_labels.py
[2025-04-09T06:55:43.707+0000] {logging_mixin.py:188} INFO - [2025-04-09T06:55:43.706+0000] {dag.py:3036} INFO - Sync 1 DAGs
[2025-04-09T06:55:43.730+0000] {logging_mixin.py:188} INFO - [2025-04-09T06:55:43.730+0000] {dag.py:3823} INFO - Setting next_dagrun for example_branch_labels to 2025-04-08 00:00:00+00:00, run_after=2025-04-09 00:00:00+00:00
[2025-04-09T06:55:43.787+0000] {processor.py:183} INFO - Processing /home/airflow/.local/lib/python3.8/site-packages/airflow/example_dags/example_branch_labels.py took 0.115 seconds
[2025-04-09T06:56:14.606+0000] {processor.py:161} INFO - Started process (PID=480) to work on /home/airflow/.local/lib/python3.8/site-packages/airflow/example_dags/example_branch_labels.py
[2025-04-09T06:56:14.607+0000] {processor.py:830} INFO - Processing file /home/airflow/.local/lib/python3.8/site-packages/airflow/example_dags/example_branch_labels.py for tasks to queue
[2025-04-09T06:56:14.610+0000] {logging_mixin.py:188} INFO - [2025-04-09T06:56:14.609+0000] {dagbag.py:538} INFO - Filling up the DagBag from /home/airflow/.local/lib/python3.8/site-packages/airflow/example_dags/example_branch_labels.py
[2025-04-09T06:56:14.617+0000] {processor.py:840} INFO - DAG(s) 'example_branch_labels' retrieved from /home/airflow/.local/lib/python3.8/site-packages/airflow/example_dags/example_branch_labels.py
[2025-04-09T06:56:14.641+0000] {logging_mixin.py:188} INFO - [2025-04-09T06:56:14.641+0000] {dag.py:3036} INFO - Sync 1 DAGs
[2025-04-09T06:56:14.670+0000] {logging_mixin.py:188} INFO - [2025-04-09T06:56:14.669+0000] {dag.py:3823} INFO - Setting next_dagrun for example_branch_labels to 2025-04-08 00:00:00+00:00, run_after=2025-04-09 00:00:00+00:00
[2025-04-09T06:56:14.738+0000] {processor.py:183} INFO - Processing /home/airflow/.local/lib/python3.8/site-packages/airflow/example_dags/example_branch_labels.py took 0.135 seconds
[2025-04-09T06:56:46.130+0000] {processor.py:161} INFO - Started process (PID=538) to work on /home/airflow/.local/lib/python3.8/site-packages/airflow/example_dags/example_branch_labels.py
[2025-04-09T06:56:46.131+0000] {processor.py:830} INFO - Processing file /home/airflow/.local/lib/python3.8/site-packages/airflow/example_dags/example_branch_labels.py for tasks to queue
[2025-04-09T06:56:46.134+0000] {logging_mixin.py:188} INFO - [2025-04-09T06:56:46.133+0000] {dagbag.py:538} INFO - Filling up the DagBag from /home/airflow/.local/lib/python3.8/site-packages/airflow/example_dags/example_branch_labels.py
[2025-04-09T06:56:46.150+0000] {processor.py:840} INFO - DAG(s) 'example_branch_labels' retrieved from /home/airflow/.local/lib/python3.8/site-packages/airflow/example_dags/example_branch_labels.py
[2025-04-09T06:56:46.199+0000] {logging_mixin.py:188} INFO - [2025-04-09T06:56:46.199+0000] {dag.py:3036} INFO - Sync 1 DAGs
[2025-04-09T06:56:46.249+0000] {logging_mixin.py:188} INFO - [2025-04-09T06:56:46.249+0000] {dag.py:3823} INFO - Setting next_dagrun for example_branch_labels to 2025-04-08 00:00:00+00:00, run_after=2025-04-09 00:00:00+00:00
[2025-04-09T06:56:46.331+0000] {processor.py:183} INFO - Processing /home/airflow/.local/lib/python3.8/site-packages/airflow/example_dags/example_branch_labels.py took 0.204 seconds
[2025-04-09T06:57:23.834+0000] {processor.py:161} INFO - Started process (PID=66) to work on /home/airflow/.local/lib/python3.8/site-packages/airflow/example_dags/example_branch_labels.py
[2025-04-09T06:57:23.835+0000] {processor.py:830} INFO - Processing file /home/airflow/.local/lib/python3.8/site-packages/airflow/example_dags/example_branch_labels.py for tasks to queue
[2025-04-09T06:57:23.836+0000] {logging_mixin.py:188} INFO - [2025-04-09T06:57:23.836+0000] {dagbag.py:538} INFO - Filling up the DagBag from /home/airflow/.local/lib/python3.8/site-packages/airflow/example_dags/example_branch_labels.py
[2025-04-09T06:57:23.845+0000] {processor.py:840} INFO - DAG(s) 'example_branch_labels' retrieved from /home/airflow/.local/lib/python3.8/site-packages/airflow/example_dags/example_branch_labels.py
[2025-04-09T06:57:23.869+0000] {logging_mixin.py:188} INFO - [2025-04-09T06:57:23.869+0000] {dag.py:3036} INFO - Sync 1 DAGs
[2025-04-09T06:57:23.897+0000] {logging_mixin.py:188} INFO - [2025-04-09T06:57:23.897+0000] {dag.py:3823} INFO - Setting next_dagrun for example_branch_labels to 2025-04-08 00:00:00+00:00, run_after=2025-04-09 00:00:00+00:00
[2025-04-09T06:57:23.942+0000] {processor.py:183} INFO - Processing /home/airflow/.local/lib/python3.8/site-packages/airflow/example_dags/example_branch_labels.py took 0.111 seconds
[2025-04-09T06:57:54.129+0000] {processor.py:161} INFO - Started process (PID=118) to work on /home/airflow/.local/lib/python3.8/site-packages/airflow/example_dags/example_branch_labels.py
[2025-04-09T06:57:54.130+0000] {processor.py:830} INFO - Processing file /home/airflow/.local/lib/python3.8/site-packages/airflow/example_dags/example_branch_labels.py for tasks to queue
[2025-04-09T06:57:54.132+0000] {logging_mixin.py:188} INFO - [2025-04-09T06:57:54.132+0000] {dagbag.py:538} INFO - Filling up the DagBag from /home/airflow/.local/lib/python3.8/site-packages/airflow/example_dags/example_branch_labels.py
[2025-04-09T06:57:54.140+0000] {processor.py:840} INFO - DAG(s) 'example_branch_labels' retrieved from /home/airflow/.local/lib/python3.8/site-packages/airflow/example_dags/example_branch_labels.py
[2025-04-09T06:57:54.162+0000] {logging_mixin.py:188} INFO - [2025-04-09T06:57:54.162+0000] {dag.py:3036} INFO - Sync 1 DAGs
[2025-04-09T06:57:54.190+0000] {logging_mixin.py:188} INFO - [2025-04-09T06:57:54.190+0000] {dag.py:3823} INFO - Setting next_dagrun for example_branch_labels to 2025-04-08 00:00:00+00:00, run_after=2025-04-09 00:00:00+00:00
[2025-04-09T06:57:54.238+0000] {processor.py:183} INFO - Processing /home/airflow/.local/lib/python3.8/site-packages/airflow/example_dags/example_branch_labels.py took 0.112 seconds
[2025-04-09T06:58:24.511+0000] {processor.py:161} INFO - Started process (PID=176) to work on /home/airflow/.local/lib/python3.8/site-packages/airflow/example_dags/example_branch_labels.py
[2025-04-09T06:58:24.512+0000] {processor.py:830} INFO - Processing file /home/airflow/.local/lib/python3.8/site-packages/airflow/example_dags/example_branch_labels.py for tasks to queue
[2025-04-09T06:58:24.514+0000] {logging_mixin.py:188} INFO - [2025-04-09T06:58:24.514+0000] {dagbag.py:538} INFO - Filling up the DagBag from /home/airflow/.local/lib/python3.8/site-packages/airflow/example_dags/example_branch_labels.py
[2025-04-09T06:58:24.524+0000] {processor.py:840} INFO - DAG(s) 'example_branch_labels' retrieved from /home/airflow/.local/lib/python3.8/site-packages/airflow/example_dags/example_branch_labels.py
[2025-04-09T06:58:24.549+0000] {logging_mixin.py:188} INFO - [2025-04-09T06:58:24.548+0000] {dag.py:3036} INFO - Sync 1 DAGs
[2025-04-09T06:58:24.579+0000] {logging_mixin.py:188} INFO - [2025-04-09T06:58:24.578+0000] {dag.py:3823} INFO - Setting next_dagrun for example_branch_labels to 2025-04-08 00:00:00+00:00, run_after=2025-04-09 00:00:00+00:00
[2025-04-09T06:58:24.634+0000] {processor.py:183} INFO - Processing /home/airflow/.local/lib/python3.8/site-packages/airflow/example_dags/example_branch_labels.py took 0.127 seconds
[2025-04-09T06:58:54.745+0000] {processor.py:161} INFO - Started process (PID=243) to work on /home/airflow/.local/lib/python3.8/site-packages/airflow/example_dags/example_branch_labels.py
[2025-04-09T06:58:54.746+0000] {processor.py:830} INFO - Processing file /home/airflow/.local/lib/python3.8/site-packages/airflow/example_dags/example_branch_labels.py for tasks to queue
[2025-04-09T06:58:54.748+0000] {logging_mixin.py:188} INFO - [2025-04-09T06:58:54.748+0000] {dagbag.py:538} INFO - Filling up the DagBag from /home/airflow/.local/lib/python3.8/site-packages/airflow/example_dags/example_branch_labels.py
[2025-04-09T06:58:54.757+0000] {processor.py:840} INFO - DAG(s) 'example_branch_labels' retrieved from /home/airflow/.local/lib/python3.8/site-packages/airflow/example_dags/example_branch_labels.py
[2025-04-09T06:58:54.784+0000] {logging_mixin.py:188} INFO - [2025-04-09T06:58:54.784+0000] {dag.py:3036} INFO - Sync 1 DAGs
[2025-04-09T06:58:54.808+0000] {logging_mixin.py:188} INFO - [2025-04-09T06:58:54.808+0000] {dag.py:3823} INFO - Setting next_dagrun for example_branch_labels to 2025-04-08 00:00:00+00:00, run_after=2025-04-09 00:00:00+00:00
[2025-04-09T06:58:54.852+0000] {processor.py:183} INFO - Processing /home/airflow/.local/lib/python3.8/site-packages/airflow/example_dags/example_branch_labels.py took 0.110 seconds
[2025-04-09T06:59:28.297+0000] {processor.py:161} INFO - Started process (PID=301) to work on /home/airflow/.local/lib/python3.8/site-packages/airflow/example_dags/example_branch_labels.py
[2025-04-09T06:59:28.298+0000] {processor.py:830} INFO - Processing file /home/airflow/.local/lib/python3.8/site-packages/airflow/example_dags/example_branch_labels.py for tasks to queue
[2025-04-09T06:59:28.300+0000] {logging_mixin.py:188} INFO - [2025-04-09T06:59:28.299+0000] {dagbag.py:538} INFO - Filling up the DagBag from /home/airflow/.local/lib/python3.8/site-packages/airflow/example_dags/example_branch_labels.py
[2025-04-09T06:59:28.311+0000] {processor.py:840} INFO - DAG(s) 'example_branch_labels' retrieved from /home/airflow/.local/lib/python3.8/site-packages/airflow/example_dags/example_branch_labels.py
[2025-04-09T06:59:28.332+0000] {logging_mixin.py:188} INFO - [2025-04-09T06:59:28.331+0000] {dag.py:3036} INFO - Sync 1 DAGs
[2025-04-09T06:59:28.359+0000] {logging_mixin.py:188} INFO - [2025-04-09T06:59:28.359+0000] {dag.py:3823} INFO - Setting next_dagrun for example_branch_labels to 2025-04-08 00:00:00+00:00, run_after=2025-04-09 00:00:00+00:00
[2025-04-09T06:59:28.430+0000] {processor.py:183} INFO - Processing /home/airflow/.local/lib/python3.8/site-packages/airflow/example_dags/example_branch_labels.py took 0.136 seconds
[2025-04-09T06:59:59.057+0000] {processor.py:161} INFO - Started process (PID=359) to work on /home/airflow/.local/lib/python3.8/site-packages/airflow/example_dags/example_branch_labels.py
[2025-04-09T06:59:59.058+0000] {processor.py:830} INFO - Processing file /home/airflow/.local/lib/python3.8/site-packages/airflow/example_dags/example_branch_labels.py for tasks to queue
[2025-04-09T06:59:59.060+0000] {logging_mixin.py:188} INFO - [2025-04-09T06:59:59.059+0000] {dagbag.py:538} INFO - Filling up the DagBag from /home/airflow/.local/lib/python3.8/site-packages/airflow/example_dags/example_branch_labels.py
[2025-04-09T06:59:59.067+0000] {processor.py:840} INFO - DAG(s) 'example_branch_labels' retrieved from /home/airflow/.local/lib/python3.8/site-packages/airflow/example_dags/example_branch_labels.py
[2025-04-09T06:59:59.090+0000] {logging_mixin.py:188} INFO - [2025-04-09T06:59:59.089+0000] {dag.py:3036} INFO - Sync 1 DAGs
[2025-04-09T06:59:59.115+0000] {logging_mixin.py:188} INFO - [2025-04-09T06:59:59.114+0000] {dag.py:3823} INFO - Setting next_dagrun for example_branch_labels to 2025-04-08 00:00:00+00:00, run_after=2025-04-09 00:00:00+00:00
[2025-04-09T06:59:59.164+0000] {processor.py:183} INFO - Processing /home/airflow/.local/lib/python3.8/site-packages/airflow/example_dags/example_branch_labels.py took 0.110 seconds
[2025-04-09T07:00:29.452+0000] {processor.py:161} INFO - Started process (PID=417) to work on /home/airflow/.local/lib/python3.8/site-packages/airflow/example_dags/example_branch_labels.py
[2025-04-09T07:00:29.473+0000] {processor.py:830} INFO - Processing file /home/airflow/.local/lib/python3.8/site-packages/airflow/example_dags/example_branch_labels.py for tasks to queue
[2025-04-09T07:00:29.475+0000] {logging_mixin.py:188} INFO - [2025-04-09T07:00:29.474+0000] {dagbag.py:538} INFO - Filling up the DagBag from /home/airflow/.local/lib/python3.8/site-packages/airflow/example_dags/example_branch_labels.py
[2025-04-09T07:00:29.482+0000] {processor.py:840} INFO - DAG(s) 'example_branch_labels' retrieved from /home/airflow/.local/lib/python3.8/site-packages/airflow/example_dags/example_branch_labels.py
[2025-04-09T07:00:29.511+0000] {logging_mixin.py:188} INFO - [2025-04-09T07:00:29.511+0000] {dag.py:3036} INFO - Sync 1 DAGs
[2025-04-09T07:00:29.537+0000] {logging_mixin.py:188} INFO - [2025-04-09T07:00:29.537+0000] {dag.py:3823} INFO - Setting next_dagrun for example_branch_labels to 2025-04-08 00:00:00+00:00, run_after=2025-04-09 00:00:00+00:00
[2025-04-09T07:00:29.586+0000] {processor.py:183} INFO - Processing /home/airflow/.local/lib/python3.8/site-packages/airflow/example_dags/example_branch_labels.py took 0.137 seconds
[2025-04-09T07:00:59.970+0000] {processor.py:161} INFO - Started process (PID=475) to work on /home/airflow/.local/lib/python3.8/site-packages/airflow/example_dags/example_branch_labels.py
[2025-04-09T07:00:59.996+0000] {processor.py:830} INFO - Processing file /home/airflow/.local/lib/python3.8/site-packages/airflow/example_dags/example_branch_labels.py for tasks to queue
[2025-04-09T07:00:59.998+0000] {logging_mixin.py:188} INFO - [2025-04-09T07:00:59.998+0000] {dagbag.py:538} INFO - Filling up the DagBag from /home/airflow/.local/lib/python3.8/site-packages/airflow/example_dags/example_branch_labels.py
[2025-04-09T07:01:00.007+0000] {processor.py:840} INFO - DAG(s) 'example_branch_labels' retrieved from /home/airflow/.local/lib/python3.8/site-packages/airflow/example_dags/example_branch_labels.py
[2025-04-09T07:01:00.029+0000] {logging_mixin.py:188} INFO - [2025-04-09T07:01:00.028+0000] {dag.py:3036} INFO - Sync 1 DAGs
[2025-04-09T07:01:00.053+0000] {logging_mixin.py:188} INFO - [2025-04-09T07:01:00.052+0000] {dag.py:3823} INFO - Setting next_dagrun for example_branch_labels to 2025-04-08 00:00:00+00:00, run_after=2025-04-09 00:00:00+00:00
[2025-04-09T07:01:00.093+0000] {processor.py:183} INFO - Processing /home/airflow/.local/lib/python3.8/site-packages/airflow/example_dags/example_branch_labels.py took 0.125 seconds
[2025-04-09T07:01:30.363+0000] {processor.py:161} INFO - Started process (PID=534) to work on /home/airflow/.local/lib/python3.8/site-packages/airflow/example_dags/example_branch_labels.py
[2025-04-09T07:01:30.364+0000] {processor.py:830} INFO - Processing file /home/airflow/.local/lib/python3.8/site-packages/airflow/example_dags/example_branch_labels.py for tasks to queue
[2025-04-09T07:01:30.366+0000] {logging_mixin.py:188} INFO - [2025-04-09T07:01:30.366+0000] {dagbag.py:538} INFO - Filling up the DagBag from /home/airflow/.local/lib/python3.8/site-packages/airflow/example_dags/example_branch_labels.py
[2025-04-09T07:01:30.374+0000] {processor.py:840} INFO - DAG(s) 'example_branch_labels' retrieved from /home/airflow/.local/lib/python3.8/site-packages/airflow/example_dags/example_branch_labels.py
[2025-04-09T07:01:30.397+0000] {logging_mixin.py:188} INFO - [2025-04-09T07:01:30.396+0000] {dag.py:3036} INFO - Sync 1 DAGs
[2025-04-09T07:01:30.421+0000] {logging_mixin.py:188} INFO - [2025-04-09T07:01:30.421+0000] {dag.py:3823} INFO - Setting next_dagrun for example_branch_labels to 2025-04-08 00:00:00+00:00, run_after=2025-04-09 00:00:00+00:00
[2025-04-09T07:01:30.470+0000] {processor.py:183} INFO - Processing /home/airflow/.local/lib/python3.8/site-packages/airflow/example_dags/example_branch_labels.py took 0.110 seconds
[2025-04-09T07:02:00.783+0000] {processor.py:161} INFO - Started process (PID=592) to work on /home/airflow/.local/lib/python3.8/site-packages/airflow/example_dags/example_branch_labels.py
[2025-04-09T07:02:00.784+0000] {processor.py:830} INFO - Processing file /home/airflow/.local/lib/python3.8/site-packages/airflow/example_dags/example_branch_labels.py for tasks to queue
[2025-04-09T07:02:00.785+0000] {logging_mixin.py:188} INFO - [2025-04-09T07:02:00.785+0000] {dagbag.py:538} INFO - Filling up the DagBag from /home/airflow/.local/lib/python3.8/site-packages/airflow/example_dags/example_branch_labels.py
[2025-04-09T07:02:00.793+0000] {processor.py:840} INFO - DAG(s) 'example_branch_labels' retrieved from /home/airflow/.local/lib/python3.8/site-packages/airflow/example_dags/example_branch_labels.py
[2025-04-09T07:02:00.814+0000] {logging_mixin.py:188} INFO - [2025-04-09T07:02:00.814+0000] {dag.py:3036} INFO - Sync 1 DAGs
[2025-04-09T07:02:00.837+0000] {logging_mixin.py:188} INFO - [2025-04-09T07:02:00.837+0000] {dag.py:3823} INFO - Setting next_dagrun for example_branch_labels to 2025-04-08 00:00:00+00:00, run_after=2025-04-09 00:00:00+00:00
[2025-04-09T07:02:00.888+0000] {processor.py:183} INFO - Processing /home/airflow/.local/lib/python3.8/site-packages/airflow/example_dags/example_branch_labels.py took 0.108 seconds
[2025-04-09T07:02:31.539+0000] {processor.py:161} INFO - Started process (PID=650) to work on /home/airflow/.local/lib/python3.8/site-packages/airflow/example_dags/example_branch_labels.py
[2025-04-09T07:02:31.540+0000] {processor.py:830} INFO - Processing file /home/airflow/.local/lib/python3.8/site-packages/airflow/example_dags/example_branch_labels.py for tasks to queue
[2025-04-09T07:02:31.542+0000] {logging_mixin.py:188} INFO - [2025-04-09T07:02:31.541+0000] {dagbag.py:538} INFO - Filling up the DagBag from /home/airflow/.local/lib/python3.8/site-packages/airflow/example_dags/example_branch_labels.py
[2025-04-09T07:02:31.550+0000] {processor.py:840} INFO - DAG(s) 'example_branch_labels' retrieved from /home/airflow/.local/lib/python3.8/site-packages/airflow/example_dags/example_branch_labels.py
[2025-04-09T07:02:31.575+0000] {logging_mixin.py:188} INFO - [2025-04-09T07:02:31.574+0000] {dag.py:3036} INFO - Sync 1 DAGs
[2025-04-09T07:02:31.608+0000] {logging_mixin.py:188} INFO - [2025-04-09T07:02:31.608+0000] {dag.py:3823} INFO - Setting next_dagrun for example_branch_labels to 2025-04-08 00:00:00+00:00, run_after=2025-04-09 00:00:00+00:00
[2025-04-09T07:02:31.660+0000] {processor.py:183} INFO - Processing /home/airflow/.local/lib/python3.8/site-packages/airflow/example_dags/example_branch_labels.py took 0.124 seconds
[2025-04-09T07:03:04.363+0000] {processor.py:161} INFO - Started process (PID=708) to work on /home/airflow/.local/lib/python3.8/site-packages/airflow/example_dags/example_branch_labels.py
[2025-04-09T07:03:04.370+0000] {processor.py:830} INFO - Processing file /home/airflow/.local/lib/python3.8/site-packages/airflow/example_dags/example_branch_labels.py for tasks to queue
[2025-04-09T07:03:04.372+0000] {logging_mixin.py:188} INFO - [2025-04-09T07:03:04.372+0000] {dagbag.py:538} INFO - Filling up the DagBag from /home/airflow/.local/lib/python3.8/site-packages/airflow/example_dags/example_branch_labels.py
[2025-04-09T07:03:04.380+0000] {processor.py:840} INFO - DAG(s) 'example_branch_labels' retrieved from /home/airflow/.local/lib/python3.8/site-packages/airflow/example_dags/example_branch_labels.py
[2025-04-09T07:03:04.403+0000] {logging_mixin.py:188} INFO - [2025-04-09T07:03:04.403+0000] {dag.py:3036} INFO - Sync 1 DAGs
[2025-04-09T07:03:04.426+0000] {logging_mixin.py:188} INFO - [2025-04-09T07:03:04.426+0000] {dag.py:3823} INFO - Setting next_dagrun for example_branch_labels to 2025-04-08 00:00:00+00:00, run_after=2025-04-09 00:00:00+00:00
[2025-04-09T07:03:04.470+0000] {processor.py:183} INFO - Processing /home/airflow/.local/lib/python3.8/site-packages/airflow/example_dags/example_branch_labels.py took 0.110 seconds
[2025-04-09T07:03:38.693+0000] {processor.py:161} INFO - Started process (PID=766) to work on /home/airflow/.local/lib/python3.8/site-packages/airflow/example_dags/example_branch_labels.py
[2025-04-09T07:03:38.694+0000] {processor.py:830} INFO - Processing file /home/airflow/.local/lib/python3.8/site-packages/airflow/example_dags/example_branch_labels.py for tasks to queue
[2025-04-09T07:03:38.695+0000] {logging_mixin.py:188} INFO - [2025-04-09T07:03:38.695+0000] {dagbag.py:538} INFO - Filling up the DagBag from /home/airflow/.local/lib/python3.8/site-packages/airflow/example_dags/example_branch_labels.py
[2025-04-09T07:03:38.704+0000] {processor.py:840} INFO - DAG(s) 'example_branch_labels' retrieved from /home/airflow/.local/lib/python3.8/site-packages/airflow/example_dags/example_branch_labels.py
[2025-04-09T07:03:38.726+0000] {logging_mixin.py:188} INFO - [2025-04-09T07:03:38.726+0000] {dag.py:3036} INFO - Sync 1 DAGs
[2025-04-09T07:03:38.751+0000] {logging_mixin.py:188} INFO - [2025-04-09T07:03:38.750+0000] {dag.py:3823} INFO - Setting next_dagrun for example_branch_labels to 2025-04-08 00:00:00+00:00, run_after=2025-04-09 00:00:00+00:00
[2025-04-09T07:03:38.800+0000] {processor.py:183} INFO - Processing /home/airflow/.local/lib/python3.8/site-packages/airflow/example_dags/example_branch_labels.py took 0.110 seconds
[2025-04-09T07:04:09.437+0000] {processor.py:161} INFO - Started process (PID=825) to work on /home/airflow/.local/lib/python3.8/site-packages/airflow/example_dags/example_branch_labels.py
[2025-04-09T07:04:09.439+0000] {processor.py:830} INFO - Processing file /home/airflow/.local/lib/python3.8/site-packages/airflow/example_dags/example_branch_labels.py for tasks to queue
[2025-04-09T07:04:09.441+0000] {logging_mixin.py:188} INFO - [2025-04-09T07:04:09.440+0000] {dagbag.py:538} INFO - Filling up the DagBag from /home/airflow/.local/lib/python3.8/site-packages/airflow/example_dags/example_branch_labels.py
[2025-04-09T07:04:09.450+0000] {processor.py:840} INFO - DAG(s) 'example_branch_labels' retrieved from /home/airflow/.local/lib/python3.8/site-packages/airflow/example_dags/example_branch_labels.py
[2025-04-09T07:04:09.477+0000] {logging_mixin.py:188} INFO - [2025-04-09T07:04:09.477+0000] {dag.py:3036} INFO - Sync 1 DAGs
[2025-04-09T07:04:09.506+0000] {logging_mixin.py:188} INFO - [2025-04-09T07:04:09.505+0000] {dag.py:3823} INFO - Setting next_dagrun for example_branch_labels to 2025-04-08 00:00:00+00:00, run_after=2025-04-09 00:00:00+00:00
[2025-04-09T07:04:09.552+0000] {processor.py:183} INFO - Processing /home/airflow/.local/lib/python3.8/site-packages/airflow/example_dags/example_branch_labels.py took 0.119 seconds
[2025-04-09T07:04:39.939+0000] {processor.py:161} INFO - Started process (PID=883) to work on /home/airflow/.local/lib/python3.8/site-packages/airflow/example_dags/example_branch_labels.py
[2025-04-09T07:04:39.964+0000] {processor.py:830} INFO - Processing file /home/airflow/.local/lib/python3.8/site-packages/airflow/example_dags/example_branch_labels.py for tasks to queue
[2025-04-09T07:04:39.966+0000] {logging_mixin.py:188} INFO - [2025-04-09T07:04:39.965+0000] {dagbag.py:538} INFO - Filling up the DagBag from /home/airflow/.local/lib/python3.8/site-packages/airflow/example_dags/example_branch_labels.py
[2025-04-09T07:04:39.976+0000] {processor.py:840} INFO - DAG(s) 'example_branch_labels' retrieved from /home/airflow/.local/lib/python3.8/site-packages/airflow/example_dags/example_branch_labels.py
[2025-04-09T07:04:40.002+0000] {logging_mixin.py:188} INFO - [2025-04-09T07:04:40.001+0000] {dag.py:3036} INFO - Sync 1 DAGs
[2025-04-09T07:04:40.029+0000] {logging_mixin.py:188} INFO - [2025-04-09T07:04:40.029+0000] {dag.py:3823} INFO - Setting next_dagrun for example_branch_labels to 2025-04-08 00:00:00+00:00, run_after=2025-04-09 00:00:00+00:00
[2025-04-09T07:04:40.083+0000] {processor.py:183} INFO - Processing /home/airflow/.local/lib/python3.8/site-packages/airflow/example_dags/example_branch_labels.py took 0.147 seconds
[2025-04-09T07:05:10.379+0000] {processor.py:161} INFO - Started process (PID=941) to work on /home/airflow/.local/lib/python3.8/site-packages/airflow/example_dags/example_branch_labels.py
[2025-04-09T07:05:10.389+0000] {processor.py:830} INFO - Processing file /home/airflow/.local/lib/python3.8/site-packages/airflow/example_dags/example_branch_labels.py for tasks to queue
[2025-04-09T07:05:10.391+0000] {logging_mixin.py:188} INFO - [2025-04-09T07:05:10.391+0000] {dagbag.py:538} INFO - Filling up the DagBag from /home/airflow/.local/lib/python3.8/site-packages/airflow/example_dags/example_branch_labels.py
[2025-04-09T07:05:10.400+0000] {processor.py:840} INFO - DAG(s) 'example_branch_labels' retrieved from /home/airflow/.local/lib/python3.8/site-packages/airflow/example_dags/example_branch_labels.py
[2025-04-09T07:05:10.423+0000] {logging_mixin.py:188} INFO - [2025-04-09T07:05:10.423+0000] {dag.py:3036} INFO - Sync 1 DAGs
[2025-04-09T07:05:10.449+0000] {logging_mixin.py:188} INFO - [2025-04-09T07:05:10.448+0000] {dag.py:3823} INFO - Setting next_dagrun for example_branch_labels to 2025-04-08 00:00:00+00:00, run_after=2025-04-09 00:00:00+00:00
[2025-04-09T07:05:10.498+0000] {processor.py:183} INFO - Processing /home/airflow/.local/lib/python3.8/site-packages/airflow/example_dags/example_branch_labels.py took 0.122 seconds
[2025-04-09T07:05:40.952+0000] {processor.py:161} INFO - Started process (PID=993) to work on /home/airflow/.local/lib/python3.8/site-packages/airflow/example_dags/example_branch_labels.py
[2025-04-09T07:05:40.953+0000] {processor.py:830} INFO - Processing file /home/airflow/.local/lib/python3.8/site-packages/airflow/example_dags/example_branch_labels.py for tasks to queue
[2025-04-09T07:05:40.955+0000] {logging_mixin.py:188} INFO - [2025-04-09T07:05:40.955+0000] {dagbag.py:538} INFO - Filling up the DagBag from /home/airflow/.local/lib/python3.8/site-packages/airflow/example_dags/example_branch_labels.py
[2025-04-09T07:05:40.963+0000] {processor.py:840} INFO - DAG(s) 'example_branch_labels' retrieved from /home/airflow/.local/lib/python3.8/site-packages/airflow/example_dags/example_branch_labels.py
[2025-04-09T07:05:40.988+0000] {logging_mixin.py:188} INFO - [2025-04-09T07:05:40.987+0000] {dag.py:3036} INFO - Sync 1 DAGs
[2025-04-09T07:05:41.013+0000] {logging_mixin.py:188} INFO - [2025-04-09T07:05:41.013+0000] {dag.py:3823} INFO - Setting next_dagrun for example_branch_labels to 2025-04-08 00:00:00+00:00, run_after=2025-04-09 00:00:00+00:00
[2025-04-09T07:05:41.060+0000] {processor.py:183} INFO - Processing /home/airflow/.local/lib/python3.8/site-packages/airflow/example_dags/example_branch_labels.py took 0.111 seconds
[2025-04-09T07:06:11.442+0000] {processor.py:161} INFO - Started process (PID=1051) to work on /home/airflow/.local/lib/python3.8/site-packages/airflow/example_dags/example_branch_labels.py
[2025-04-09T07:06:11.455+0000] {processor.py:830} INFO - Processing file /home/airflow/.local/lib/python3.8/site-packages/airflow/example_dags/example_branch_labels.py for tasks to queue
[2025-04-09T07:06:11.457+0000] {logging_mixin.py:188} INFO - [2025-04-09T07:06:11.457+0000] {dagbag.py:538} INFO - Filling up the DagBag from /home/airflow/.local/lib/python3.8/site-packages/airflow/example_dags/example_branch_labels.py
[2025-04-09T07:06:11.467+0000] {processor.py:840} INFO - DAG(s) 'example_branch_labels' retrieved from /home/airflow/.local/lib/python3.8/site-packages/airflow/example_dags/example_branch_labels.py
[2025-04-09T07:06:11.490+0000] {logging_mixin.py:188} INFO - [2025-04-09T07:06:11.490+0000] {dag.py:3036} INFO - Sync 1 DAGs
[2025-04-09T07:06:11.513+0000] {logging_mixin.py:188} INFO - [2025-04-09T07:06:11.513+0000] {dag.py:3823} INFO - Setting next_dagrun for example_branch_labels to 2025-04-08 00:00:00+00:00, run_after=2025-04-09 00:00:00+00:00
[2025-04-09T07:06:11.560+0000] {processor.py:183} INFO - Processing /home/airflow/.local/lib/python3.8/site-packages/airflow/example_dags/example_branch_labels.py took 0.121 seconds
[2025-04-09T07:09:58.049+0000] {processor.py:161} INFO - Started process (PID=85) to work on /home/airflow/.local/lib/python3.8/site-packages/airflow/example_dags/example_branch_labels.py
[2025-04-09T07:09:58.062+0000] {processor.py:830} INFO - Processing file /home/airflow/.local/lib/python3.8/site-packages/airflow/example_dags/example_branch_labels.py for tasks to queue
[2025-04-09T07:09:58.066+0000] {logging_mixin.py:188} INFO - [2025-04-09T07:09:58.065+0000] {dagbag.py:538} INFO - Filling up the DagBag from /home/airflow/.local/lib/python3.8/site-packages/airflow/example_dags/example_branch_labels.py
[2025-04-09T07:09:58.087+0000] {processor.py:840} INFO - DAG(s) 'example_branch_labels' retrieved from /home/airflow/.local/lib/python3.8/site-packages/airflow/example_dags/example_branch_labels.py
[2025-04-09T07:09:58.295+0000] {logging_mixin.py:188} INFO - [2025-04-09T07:09:58.295+0000] {dag.py:3036} INFO - Sync 1 DAGs
[2025-04-09T07:09:58.337+0000] {logging_mixin.py:188} INFO - [2025-04-09T07:09:58.337+0000] {dag.py:3823} INFO - Setting next_dagrun for example_branch_labels to 2025-04-08 00:00:00+00:00, run_after=2025-04-09 00:00:00+00:00
[2025-04-09T07:09:58.400+0000] {processor.py:183} INFO - Processing /home/airflow/.local/lib/python3.8/site-packages/airflow/example_dags/example_branch_labels.py took 0.359 seconds
[2025-04-09T07:10:28.939+0000] {processor.py:161} INFO - Started process (PID=137) to work on /home/airflow/.local/lib/python3.8/site-packages/airflow/example_dags/example_branch_labels.py
[2025-04-09T07:10:28.940+0000] {processor.py:830} INFO - Processing file /home/airflow/.local/lib/python3.8/site-packages/airflow/example_dags/example_branch_labels.py for tasks to queue
[2025-04-09T07:10:28.944+0000] {logging_mixin.py:188} INFO - [2025-04-09T07:10:28.943+0000] {dagbag.py:538} INFO - Filling up the DagBag from /home/airflow/.local/lib/python3.8/site-packages/airflow/example_dags/example_branch_labels.py
[2025-04-09T07:10:28.954+0000] {processor.py:840} INFO - DAG(s) 'example_branch_labels' retrieved from /home/airflow/.local/lib/python3.8/site-packages/airflow/example_dags/example_branch_labels.py
[2025-04-09T07:10:28.988+0000] {logging_mixin.py:188} INFO - [2025-04-09T07:10:28.987+0000] {dag.py:3036} INFO - Sync 1 DAGs
[2025-04-09T07:10:29.026+0000] {logging_mixin.py:188} INFO - [2025-04-09T07:10:29.026+0000] {dag.py:3823} INFO - Setting next_dagrun for example_branch_labels to 2025-04-08 00:00:00+00:00, run_after=2025-04-09 00:00:00+00:00
[2025-04-09T07:10:29.107+0000] {processor.py:183} INFO - Processing /home/airflow/.local/lib/python3.8/site-packages/airflow/example_dags/example_branch_labels.py took 0.173 seconds
[2025-04-09T07:10:59.785+0000] {processor.py:161} INFO - Started process (PID=195) to work on /home/airflow/.local/lib/python3.8/site-packages/airflow/example_dags/example_branch_labels.py
[2025-04-09T07:10:59.806+0000] {processor.py:830} INFO - Processing file /home/airflow/.local/lib/python3.8/site-packages/airflow/example_dags/example_branch_labels.py for tasks to queue
[2025-04-09T07:10:59.807+0000] {logging_mixin.py:188} INFO - [2025-04-09T07:10:59.807+0000] {dagbag.py:538} INFO - Filling up the DagBag from /home/airflow/.local/lib/python3.8/site-packages/airflow/example_dags/example_branch_labels.py
[2025-04-09T07:10:59.819+0000] {processor.py:840} INFO - DAG(s) 'example_branch_labels' retrieved from /home/airflow/.local/lib/python3.8/site-packages/airflow/example_dags/example_branch_labels.py
[2025-04-09T07:10:59.856+0000] {logging_mixin.py:188} INFO - [2025-04-09T07:10:59.855+0000] {dag.py:3036} INFO - Sync 1 DAGs
[2025-04-09T07:10:59.892+0000] {logging_mixin.py:188} INFO - [2025-04-09T07:10:59.892+0000] {dag.py:3823} INFO - Setting next_dagrun for example_branch_labels to 2025-04-08 00:00:00+00:00, run_after=2025-04-09 00:00:00+00:00
[2025-04-09T07:10:59.989+0000] {processor.py:183} INFO - Processing /home/airflow/.local/lib/python3.8/site-packages/airflow/example_dags/example_branch_labels.py took 0.209 seconds
[2025-04-09T07:11:30.151+0000] {processor.py:161} INFO - Started process (PID=262) to work on /home/airflow/.local/lib/python3.8/site-packages/airflow/example_dags/example_branch_labels.py
[2025-04-09T07:11:30.152+0000] {processor.py:830} INFO - Processing file /home/airflow/.local/lib/python3.8/site-packages/airflow/example_dags/example_branch_labels.py for tasks to queue
[2025-04-09T07:11:30.153+0000] {logging_mixin.py:188} INFO - [2025-04-09T07:11:30.153+0000] {dagbag.py:538} INFO - Filling up the DagBag from /home/airflow/.local/lib/python3.8/site-packages/airflow/example_dags/example_branch_labels.py
[2025-04-09T07:11:30.162+0000] {processor.py:840} INFO - DAG(s) 'example_branch_labels' retrieved from /home/airflow/.local/lib/python3.8/site-packages/airflow/example_dags/example_branch_labels.py
[2025-04-09T07:11:30.190+0000] {logging_mixin.py:188} INFO - [2025-04-09T07:11:30.189+0000] {dag.py:3036} INFO - Sync 1 DAGs
[2025-04-09T07:11:30.217+0000] {logging_mixin.py:188} INFO - [2025-04-09T07:11:30.217+0000] {dag.py:3823} INFO - Setting next_dagrun for example_branch_labels to 2025-04-08 00:00:00+00:00, run_after=2025-04-09 00:00:00+00:00
[2025-04-09T07:11:30.311+0000] {processor.py:183} INFO - Processing /home/airflow/.local/lib/python3.8/site-packages/airflow/example_dags/example_branch_labels.py took 0.164 seconds
[2025-04-09T07:12:02.169+0000] {processor.py:161} INFO - Started process (PID=320) to work on /home/airflow/.local/lib/python3.8/site-packages/airflow/example_dags/example_branch_labels.py
[2025-04-09T07:12:02.170+0000] {processor.py:830} INFO - Processing file /home/airflow/.local/lib/python3.8/site-packages/airflow/example_dags/example_branch_labels.py for tasks to queue
[2025-04-09T07:12:02.172+0000] {logging_mixin.py:188} INFO - [2025-04-09T07:12:02.172+0000] {dagbag.py:538} INFO - Filling up the DagBag from /home/airflow/.local/lib/python3.8/site-packages/airflow/example_dags/example_branch_labels.py
[2025-04-09T07:12:02.181+0000] {processor.py:840} INFO - DAG(s) 'example_branch_labels' retrieved from /home/airflow/.local/lib/python3.8/site-packages/airflow/example_dags/example_branch_labels.py
[2025-04-09T07:12:02.206+0000] {logging_mixin.py:188} INFO - [2025-04-09T07:12:02.206+0000] {dag.py:3036} INFO - Sync 1 DAGs
[2025-04-09T07:12:02.233+0000] {logging_mixin.py:188} INFO - [2025-04-09T07:12:02.233+0000] {dag.py:3823} INFO - Setting next_dagrun for example_branch_labels to 2025-04-08 00:00:00+00:00, run_after=2025-04-09 00:00:00+00:00
[2025-04-09T07:12:02.301+0000] {processor.py:183} INFO - Processing /home/airflow/.local/lib/python3.8/site-packages/airflow/example_dags/example_branch_labels.py took 0.135 seconds
[2025-04-09T07:12:36.262+0000] {processor.py:161} INFO - Started process (PID=378) to work on /home/airflow/.local/lib/python3.8/site-packages/airflow/example_dags/example_branch_labels.py
[2025-04-09T07:12:36.263+0000] {processor.py:830} INFO - Processing file /home/airflow/.local/lib/python3.8/site-packages/airflow/example_dags/example_branch_labels.py for tasks to queue
[2025-04-09T07:12:36.265+0000] {logging_mixin.py:188} INFO - [2025-04-09T07:12:36.265+0000] {dagbag.py:538} INFO - Filling up the DagBag from /home/airflow/.local/lib/python3.8/site-packages/airflow/example_dags/example_branch_labels.py
[2025-04-09T07:12:36.275+0000] {processor.py:840} INFO - DAG(s) 'example_branch_labels' retrieved from /home/airflow/.local/lib/python3.8/site-packages/airflow/example_dags/example_branch_labels.py
[2025-04-09T07:12:36.297+0000] {logging_mixin.py:188} INFO - [2025-04-09T07:12:36.297+0000] {dag.py:3036} INFO - Sync 1 DAGs
[2025-04-09T07:12:36.325+0000] {logging_mixin.py:188} INFO - [2025-04-09T07:12:36.325+0000] {dag.py:3823} INFO - Setting next_dagrun for example_branch_labels to 2025-04-08 00:00:00+00:00, run_after=2025-04-09 00:00:00+00:00
[2025-04-09T07:12:36.374+0000] {processor.py:183} INFO - Processing /home/airflow/.local/lib/python3.8/site-packages/airflow/example_dags/example_branch_labels.py took 0.114 seconds
[2025-04-09T07:13:07.405+0000] {processor.py:161} INFO - Started process (PID=436) to work on /home/airflow/.local/lib/python3.8/site-packages/airflow/example_dags/example_branch_labels.py
[2025-04-09T07:13:07.429+0000] {processor.py:830} INFO - Processing file /home/airflow/.local/lib/python3.8/site-packages/airflow/example_dags/example_branch_labels.py for tasks to queue
[2025-04-09T07:13:07.431+0000] {logging_mixin.py:188} INFO - [2025-04-09T07:13:07.431+0000] {dagbag.py:538} INFO - Filling up the DagBag from /home/airflow/.local/lib/python3.8/site-packages/airflow/example_dags/example_branch_labels.py
[2025-04-09T07:13:07.440+0000] {processor.py:840} INFO - DAG(s) 'example_branch_labels' retrieved from /home/airflow/.local/lib/python3.8/site-packages/airflow/example_dags/example_branch_labels.py
[2025-04-09T07:13:07.461+0000] {logging_mixin.py:188} INFO - [2025-04-09T07:13:07.461+0000] {dag.py:3036} INFO - Sync 1 DAGs
[2025-04-09T07:13:07.486+0000] {logging_mixin.py:188} INFO - [2025-04-09T07:13:07.485+0000] {dag.py:3823} INFO - Setting next_dagrun for example_branch_labels to 2025-04-08 00:00:00+00:00, run_after=2025-04-09 00:00:00+00:00
[2025-04-09T07:13:07.554+0000] {processor.py:183} INFO - Processing /home/airflow/.local/lib/python3.8/site-packages/airflow/example_dags/example_branch_labels.py took 0.151 seconds
[2025-04-09T07:13:37.632+0000] {processor.py:161} INFO - Started process (PID=494) to work on /home/airflow/.local/lib/python3.8/site-packages/airflow/example_dags/example_branch_labels.py
[2025-04-09T07:13:37.633+0000] {processor.py:830} INFO - Processing file /home/airflow/.local/lib/python3.8/site-packages/airflow/example_dags/example_branch_labels.py for tasks to queue
[2025-04-09T07:13:37.635+0000] {logging_mixin.py:188} INFO - [2025-04-09T07:13:37.635+0000] {dagbag.py:538} INFO - Filling up the DagBag from /home/airflow/.local/lib/python3.8/site-packages/airflow/example_dags/example_branch_labels.py
[2025-04-09T07:13:37.643+0000] {processor.py:840} INFO - DAG(s) 'example_branch_labels' retrieved from /home/airflow/.local/lib/python3.8/site-packages/airflow/example_dags/example_branch_labels.py
[2025-04-09T07:13:37.671+0000] {logging_mixin.py:188} INFO - [2025-04-09T07:13:37.671+0000] {dag.py:3036} INFO - Sync 1 DAGs
[2025-04-09T07:13:37.700+0000] {logging_mixin.py:188} INFO - [2025-04-09T07:13:37.700+0000] {dag.py:3823} INFO - Setting next_dagrun for example_branch_labels to 2025-04-08 00:00:00+00:00, run_after=2025-04-09 00:00:00+00:00
[2025-04-09T07:13:37.784+0000] {processor.py:183} INFO - Processing /home/airflow/.local/lib/python3.8/site-packages/airflow/example_dags/example_branch_labels.py took 0.155 seconds
[2025-04-09T07:14:08.037+0000] {processor.py:161} INFO - Started process (PID=552) to work on /home/airflow/.local/lib/python3.8/site-packages/airflow/example_dags/example_branch_labels.py
[2025-04-09T07:14:08.038+0000] {processor.py:830} INFO - Processing file /home/airflow/.local/lib/python3.8/site-packages/airflow/example_dags/example_branch_labels.py for tasks to queue
[2025-04-09T07:14:08.040+0000] {logging_mixin.py:188} INFO - [2025-04-09T07:14:08.040+0000] {dagbag.py:538} INFO - Filling up the DagBag from /home/airflow/.local/lib/python3.8/site-packages/airflow/example_dags/example_branch_labels.py
[2025-04-09T07:14:08.047+0000] {processor.py:840} INFO - DAG(s) 'example_branch_labels' retrieved from /home/airflow/.local/lib/python3.8/site-packages/airflow/example_dags/example_branch_labels.py
[2025-04-09T07:14:08.072+0000] {logging_mixin.py:188} INFO - [2025-04-09T07:14:08.072+0000] {dag.py:3036} INFO - Sync 1 DAGs
[2025-04-09T07:14:08.102+0000] {logging_mixin.py:188} INFO - [2025-04-09T07:14:08.101+0000] {dag.py:3823} INFO - Setting next_dagrun for example_branch_labels to 2025-04-08 00:00:00+00:00, run_after=2025-04-09 00:00:00+00:00
[2025-04-09T07:14:08.193+0000] {processor.py:183} INFO - Processing /home/airflow/.local/lib/python3.8/site-packages/airflow/example_dags/example_branch_labels.py took 0.160 seconds
[2025-04-09T07:14:38.973+0000] {processor.py:161} INFO - Started process (PID=610) to work on /home/airflow/.local/lib/python3.8/site-packages/airflow/example_dags/example_branch_labels.py
[2025-04-09T07:14:38.974+0000] {processor.py:830} INFO - Processing file /home/airflow/.local/lib/python3.8/site-packages/airflow/example_dags/example_branch_labels.py for tasks to queue
[2025-04-09T07:14:38.976+0000] {logging_mixin.py:188} INFO - [2025-04-09T07:14:38.976+0000] {dagbag.py:538} INFO - Filling up the DagBag from /home/airflow/.local/lib/python3.8/site-packages/airflow/example_dags/example_branch_labels.py
[2025-04-09T07:14:38.985+0000] {processor.py:840} INFO - DAG(s) 'example_branch_labels' retrieved from /home/airflow/.local/lib/python3.8/site-packages/airflow/example_dags/example_branch_labels.py
[2025-04-09T07:14:39.013+0000] {logging_mixin.py:188} INFO - [2025-04-09T07:14:39.013+0000] {dag.py:3036} INFO - Sync 1 DAGs
[2025-04-09T07:14:39.039+0000] {logging_mixin.py:188} INFO - [2025-04-09T07:14:39.038+0000] {dag.py:3823} INFO - Setting next_dagrun for example_branch_labels to 2025-04-08 00:00:00+00:00, run_after=2025-04-09 00:00:00+00:00
[2025-04-09T07:14:39.115+0000] {processor.py:183} INFO - Processing /home/airflow/.local/lib/python3.8/site-packages/airflow/example_dags/example_branch_labels.py took 0.146 seconds
[2025-04-09T07:15:09.316+0000] {processor.py:161} INFO - Started process (PID=668) to work on /home/airflow/.local/lib/python3.8/site-packages/airflow/example_dags/example_branch_labels.py
[2025-04-09T07:15:09.367+0000] {processor.py:830} INFO - Processing file /home/airflow/.local/lib/python3.8/site-packages/airflow/example_dags/example_branch_labels.py for tasks to queue
[2025-04-09T07:15:09.369+0000] {logging_mixin.py:188} INFO - [2025-04-09T07:15:09.368+0000] {dagbag.py:538} INFO - Filling up the DagBag from /home/airflow/.local/lib/python3.8/site-packages/airflow/example_dags/example_branch_labels.py
[2025-04-09T07:15:09.376+0000] {processor.py:840} INFO - DAG(s) 'example_branch_labels' retrieved from /home/airflow/.local/lib/python3.8/site-packages/airflow/example_dags/example_branch_labels.py
[2025-04-09T07:15:09.398+0000] {logging_mixin.py:188} INFO - [2025-04-09T07:15:09.398+0000] {dag.py:3036} INFO - Sync 1 DAGs
[2025-04-09T07:15:09.422+0000] {logging_mixin.py:188} INFO - [2025-04-09T07:15:09.421+0000] {dag.py:3823} INFO - Setting next_dagrun for example_branch_labels to 2025-04-08 00:00:00+00:00, run_after=2025-04-09 00:00:00+00:00
[2025-04-09T07:15:09.477+0000] {processor.py:183} INFO - Processing /home/airflow/.local/lib/python3.8/site-packages/airflow/example_dags/example_branch_labels.py took 0.164 seconds
[2025-04-09T07:15:39.900+0000] {processor.py:161} INFO - Started process (PID=726) to work on /home/airflow/.local/lib/python3.8/site-packages/airflow/example_dags/example_branch_labels.py
[2025-04-09T07:15:39.901+0000] {processor.py:830} INFO - Processing file /home/airflow/.local/lib/python3.8/site-packages/airflow/example_dags/example_branch_labels.py for tasks to queue
[2025-04-09T07:15:39.902+0000] {logging_mixin.py:188} INFO - [2025-04-09T07:15:39.902+0000] {dagbag.py:538} INFO - Filling up the DagBag from /home/airflow/.local/lib/python3.8/site-packages/airflow/example_dags/example_branch_labels.py
[2025-04-09T07:15:39.910+0000] {processor.py:840} INFO - DAG(s) 'example_branch_labels' retrieved from /home/airflow/.local/lib/python3.8/site-packages/airflow/example_dags/example_branch_labels.py
[2025-04-09T07:15:39.938+0000] {logging_mixin.py:188} INFO - [2025-04-09T07:15:39.938+0000] {dag.py:3036} INFO - Sync 1 DAGs
[2025-04-09T07:15:39.964+0000] {logging_mixin.py:188} INFO - [2025-04-09T07:15:39.963+0000] {dag.py:3823} INFO - Setting next_dagrun for example_branch_labels to 2025-04-08 00:00:00+00:00, run_after=2025-04-09 00:00:00+00:00
[2025-04-09T07:15:40.027+0000] {processor.py:183} INFO - Processing /home/airflow/.local/lib/python3.8/site-packages/airflow/example_dags/example_branch_labels.py took 0.130 seconds
[2025-04-09T07:16:12.208+0000] {processor.py:161} INFO - Started process (PID=784) to work on /home/airflow/.local/lib/python3.8/site-packages/airflow/example_dags/example_branch_labels.py
[2025-04-09T07:16:12.209+0000] {processor.py:830} INFO - Processing file /home/airflow/.local/lib/python3.8/site-packages/airflow/example_dags/example_branch_labels.py for tasks to queue
[2025-04-09T07:16:12.210+0000] {logging_mixin.py:188} INFO - [2025-04-09T07:16:12.210+0000] {dagbag.py:538} INFO - Filling up the DagBag from /home/airflow/.local/lib/python3.8/site-packages/airflow/example_dags/example_branch_labels.py
[2025-04-09T07:16:12.218+0000] {processor.py:840} INFO - DAG(s) 'example_branch_labels' retrieved from /home/airflow/.local/lib/python3.8/site-packages/airflow/example_dags/example_branch_labels.py
[2025-04-09T07:16:12.240+0000] {logging_mixin.py:188} INFO - [2025-04-09T07:16:12.240+0000] {dag.py:3036} INFO - Sync 1 DAGs
[2025-04-09T07:16:12.263+0000] {logging_mixin.py:188} INFO - [2025-04-09T07:16:12.263+0000] {dag.py:3823} INFO - Setting next_dagrun for example_branch_labels to 2025-04-08 00:00:00+00:00, run_after=2025-04-09 00:00:00+00:00
[2025-04-09T07:16:12.333+0000] {processor.py:183} INFO - Processing /home/airflow/.local/lib/python3.8/site-packages/airflow/example_dags/example_branch_labels.py took 0.128 seconds
[2025-04-09T07:16:42.980+0000] {processor.py:161} INFO - Started process (PID=842) to work on /home/airflow/.local/lib/python3.8/site-packages/airflow/example_dags/example_branch_labels.py
[2025-04-09T07:16:42.982+0000] {processor.py:830} INFO - Processing file /home/airflow/.local/lib/python3.8/site-packages/airflow/example_dags/example_branch_labels.py for tasks to queue
[2025-04-09T07:16:42.984+0000] {logging_mixin.py:188} INFO - [2025-04-09T07:16:42.983+0000] {dagbag.py:538} INFO - Filling up the DagBag from /home/airflow/.local/lib/python3.8/site-packages/airflow/example_dags/example_branch_labels.py
[2025-04-09T07:16:42.993+0000] {processor.py:840} INFO - DAG(s) 'example_branch_labels' retrieved from /home/airflow/.local/lib/python3.8/site-packages/airflow/example_dags/example_branch_labels.py
[2025-04-09T07:16:43.021+0000] {logging_mixin.py:188} INFO - [2025-04-09T07:16:43.020+0000] {dag.py:3036} INFO - Sync 1 DAGs
[2025-04-09T07:16:43.050+0000] {logging_mixin.py:188} INFO - [2025-04-09T07:16:43.050+0000] {dag.py:3823} INFO - Setting next_dagrun for example_branch_labels to 2025-04-08 00:00:00+00:00, run_after=2025-04-09 00:00:00+00:00
[2025-04-09T07:16:43.105+0000] {processor.py:183} INFO - Processing /home/airflow/.local/lib/python3.8/site-packages/airflow/example_dags/example_branch_labels.py took 0.128 seconds
[2025-04-09T07:17:13.306+0000] {processor.py:161} INFO - Started process (PID=900) to work on /home/airflow/.local/lib/python3.8/site-packages/airflow/example_dags/example_branch_labels.py
[2025-04-09T07:17:13.307+0000] {processor.py:830} INFO - Processing file /home/airflow/.local/lib/python3.8/site-packages/airflow/example_dags/example_branch_labels.py for tasks to queue
[2025-04-09T07:17:13.309+0000] {logging_mixin.py:188} INFO - [2025-04-09T07:17:13.308+0000] {dagbag.py:538} INFO - Filling up the DagBag from /home/airflow/.local/lib/python3.8/site-packages/airflow/example_dags/example_branch_labels.py
[2025-04-09T07:17:13.321+0000] {processor.py:840} INFO - DAG(s) 'example_branch_labels' retrieved from /home/airflow/.local/lib/python3.8/site-packages/airflow/example_dags/example_branch_labels.py
[2025-04-09T07:17:13.345+0000] {logging_mixin.py:188} INFO - [2025-04-09T07:17:13.344+0000] {dag.py:3036} INFO - Sync 1 DAGs
[2025-04-09T07:17:13.370+0000] {logging_mixin.py:188} INFO - [2025-04-09T07:17:13.370+0000] {dag.py:3823} INFO - Setting next_dagrun for example_branch_labels to 2025-04-08 00:00:00+00:00, run_after=2025-04-09 00:00:00+00:00
[2025-04-09T07:17:13.418+0000] {processor.py:183} INFO - Processing /home/airflow/.local/lib/python3.8/site-packages/airflow/example_dags/example_branch_labels.py took 0.115 seconds
[2025-04-09T07:17:43.653+0000] {processor.py:161} INFO - Started process (PID=952) to work on /home/airflow/.local/lib/python3.8/site-packages/airflow/example_dags/example_branch_labels.py
[2025-04-09T07:17:43.654+0000] {processor.py:830} INFO - Processing file /home/airflow/.local/lib/python3.8/site-packages/airflow/example_dags/example_branch_labels.py for tasks to queue
[2025-04-09T07:17:43.656+0000] {logging_mixin.py:188} INFO - [2025-04-09T07:17:43.656+0000] {dagbag.py:538} INFO - Filling up the DagBag from /home/airflow/.local/lib/python3.8/site-packages/airflow/example_dags/example_branch_labels.py
[2025-04-09T07:17:43.667+0000] {processor.py:840} INFO - DAG(s) 'example_branch_labels' retrieved from /home/airflow/.local/lib/python3.8/site-packages/airflow/example_dags/example_branch_labels.py
[2025-04-09T07:17:43.690+0000] {logging_mixin.py:188} INFO - [2025-04-09T07:17:43.690+0000] {dag.py:3036} INFO - Sync 1 DAGs
[2025-04-09T07:17:43.716+0000] {logging_mixin.py:188} INFO - [2025-04-09T07:17:43.715+0000] {dag.py:3823} INFO - Setting next_dagrun for example_branch_labels to 2025-04-08 00:00:00+00:00, run_after=2025-04-09 00:00:00+00:00
[2025-04-09T07:17:43.768+0000] {processor.py:183} INFO - Processing /home/airflow/.local/lib/python3.8/site-packages/airflow/example_dags/example_branch_labels.py took 0.118 seconds
[2025-04-09T07:18:14.537+0000] {processor.py:161} INFO - Started process (PID=1010) to work on /home/airflow/.local/lib/python3.8/site-packages/airflow/example_dags/example_branch_labels.py
[2025-04-09T07:18:14.538+0000] {processor.py:830} INFO - Processing file /home/airflow/.local/lib/python3.8/site-packages/airflow/example_dags/example_branch_labels.py for tasks to queue
[2025-04-09T07:18:14.540+0000] {logging_mixin.py:188} INFO - [2025-04-09T07:18:14.539+0000] {dagbag.py:538} INFO - Filling up the DagBag from /home/airflow/.local/lib/python3.8/site-packages/airflow/example_dags/example_branch_labels.py
[2025-04-09T07:18:14.548+0000] {processor.py:840} INFO - DAG(s) 'example_branch_labels' retrieved from /home/airflow/.local/lib/python3.8/site-packages/airflow/example_dags/example_branch_labels.py
[2025-04-09T07:18:14.570+0000] {logging_mixin.py:188} INFO - [2025-04-09T07:18:14.570+0000] {dag.py:3036} INFO - Sync 1 DAGs
[2025-04-09T07:18:14.592+0000] {logging_mixin.py:188} INFO - [2025-04-09T07:18:14.592+0000] {dag.py:3823} INFO - Setting next_dagrun for example_branch_labels to 2025-04-08 00:00:00+00:00, run_after=2025-04-09 00:00:00+00:00
[2025-04-09T07:18:14.635+0000] {processor.py:183} INFO - Processing /home/airflow/.local/lib/python3.8/site-packages/airflow/example_dags/example_branch_labels.py took 0.101 seconds
[2025-04-09T07:18:45.238+0000] {processor.py:161} INFO - Started process (PID=1068) to work on /home/airflow/.local/lib/python3.8/site-packages/airflow/example_dags/example_branch_labels.py
[2025-04-09T07:18:45.238+0000] {processor.py:830} INFO - Processing file /home/airflow/.local/lib/python3.8/site-packages/airflow/example_dags/example_branch_labels.py for tasks to queue
[2025-04-09T07:18:45.240+0000] {logging_mixin.py:188} INFO - [2025-04-09T07:18:45.240+0000] {dagbag.py:538} INFO - Filling up the DagBag from /home/airflow/.local/lib/python3.8/site-packages/airflow/example_dags/example_branch_labels.py
[2025-04-09T07:18:45.249+0000] {processor.py:840} INFO - DAG(s) 'example_branch_labels' retrieved from /home/airflow/.local/lib/python3.8/site-packages/airflow/example_dags/example_branch_labels.py
[2025-04-09T07:18:45.275+0000] {logging_mixin.py:188} INFO - [2025-04-09T07:18:45.275+0000] {dag.py:3036} INFO - Sync 1 DAGs
[2025-04-09T07:18:45.303+0000] {logging_mixin.py:188} INFO - [2025-04-09T07:18:45.303+0000] {dag.py:3823} INFO - Setting next_dagrun for example_branch_labels to 2025-04-08 00:00:00+00:00, run_after=2025-04-09 00:00:00+00:00
[2025-04-09T07:18:45.355+0000] {processor.py:183} INFO - Processing /home/airflow/.local/lib/python3.8/site-packages/airflow/example_dags/example_branch_labels.py took 0.121 seconds
[2025-04-09T07:19:16.275+0000] {processor.py:161} INFO - Started process (PID=1126) to work on /home/airflow/.local/lib/python3.8/site-packages/airflow/example_dags/example_branch_labels.py
[2025-04-09T07:19:16.276+0000] {processor.py:830} INFO - Processing file /home/airflow/.local/lib/python3.8/site-packages/airflow/example_dags/example_branch_labels.py for tasks to queue
[2025-04-09T07:19:16.278+0000] {logging_mixin.py:188} INFO - [2025-04-09T07:19:16.278+0000] {dagbag.py:538} INFO - Filling up the DagBag from /home/airflow/.local/lib/python3.8/site-packages/airflow/example_dags/example_branch_labels.py
[2025-04-09T07:19:16.287+0000] {processor.py:840} INFO - DAG(s) 'example_branch_labels' retrieved from /home/airflow/.local/lib/python3.8/site-packages/airflow/example_dags/example_branch_labels.py
[2025-04-09T07:19:16.311+0000] {logging_mixin.py:188} INFO - [2025-04-09T07:19:16.310+0000] {dag.py:3036} INFO - Sync 1 DAGs
[2025-04-09T07:19:16.336+0000] {logging_mixin.py:188} INFO - [2025-04-09T07:19:16.336+0000] {dag.py:3823} INFO - Setting next_dagrun for example_branch_labels to 2025-04-08 00:00:00+00:00, run_after=2025-04-09 00:00:00+00:00
[2025-04-09T07:19:16.407+0000] {processor.py:183} INFO - Processing /home/airflow/.local/lib/python3.8/site-packages/airflow/example_dags/example_branch_labels.py took 0.136 seconds
[2025-04-09T07:19:47.447+0000] {processor.py:161} INFO - Started process (PID=1184) to work on /home/airflow/.local/lib/python3.8/site-packages/airflow/example_dags/example_branch_labels.py
[2025-04-09T07:19:47.449+0000] {processor.py:830} INFO - Processing file /home/airflow/.local/lib/python3.8/site-packages/airflow/example_dags/example_branch_labels.py for tasks to queue
[2025-04-09T07:19:47.450+0000] {logging_mixin.py:188} INFO - [2025-04-09T07:19:47.450+0000] {dagbag.py:538} INFO - Filling up the DagBag from /home/airflow/.local/lib/python3.8/site-packages/airflow/example_dags/example_branch_labels.py
[2025-04-09T07:19:47.461+0000] {processor.py:840} INFO - DAG(s) 'example_branch_labels' retrieved from /home/airflow/.local/lib/python3.8/site-packages/airflow/example_dags/example_branch_labels.py
[2025-04-09T07:19:47.495+0000] {logging_mixin.py:188} INFO - [2025-04-09T07:19:47.495+0000] {dag.py:3036} INFO - Sync 1 DAGs
[2025-04-09T07:19:47.520+0000] {logging_mixin.py:188} INFO - [2025-04-09T07:19:47.520+0000] {dag.py:3823} INFO - Setting next_dagrun for example_branch_labels to 2025-04-08 00:00:00+00:00, run_after=2025-04-09 00:00:00+00:00
[2025-04-09T07:19:47.573+0000] {processor.py:183} INFO - Processing /home/airflow/.local/lib/python3.8/site-packages/airflow/example_dags/example_branch_labels.py took 0.131 seconds
[2025-04-09T07:20:21.872+0000] {processor.py:161} INFO - Started process (PID=1242) to work on /home/airflow/.local/lib/python3.8/site-packages/airflow/example_dags/example_branch_labels.py
[2025-04-09T07:20:21.902+0000] {processor.py:830} INFO - Processing file /home/airflow/.local/lib/python3.8/site-packages/airflow/example_dags/example_branch_labels.py for tasks to queue
[2025-04-09T07:20:21.904+0000] {logging_mixin.py:188} INFO - [2025-04-09T07:20:21.904+0000] {dagbag.py:538} INFO - Filling up the DagBag from /home/airflow/.local/lib/python3.8/site-packages/airflow/example_dags/example_branch_labels.py
[2025-04-09T07:20:21.913+0000] {processor.py:840} INFO - DAG(s) 'example_branch_labels' retrieved from /home/airflow/.local/lib/python3.8/site-packages/airflow/example_dags/example_branch_labels.py
[2025-04-09T07:20:21.939+0000] {logging_mixin.py:188} INFO - [2025-04-09T07:20:21.939+0000] {dag.py:3036} INFO - Sync 1 DAGs
[2025-04-09T07:20:21.966+0000] {logging_mixin.py:188} INFO - [2025-04-09T07:20:21.965+0000] {dag.py:3823} INFO - Setting next_dagrun for example_branch_labels to 2025-04-08 00:00:00+00:00, run_after=2025-04-09 00:00:00+00:00
[2025-04-09T07:20:22.012+0000] {processor.py:183} INFO - Processing /home/airflow/.local/lib/python3.8/site-packages/airflow/example_dags/example_branch_labels.py took 0.144 seconds
[2025-04-09T07:20:52.359+0000] {processor.py:161} INFO - Started process (PID=1300) to work on /home/airflow/.local/lib/python3.8/site-packages/airflow/example_dags/example_branch_labels.py
[2025-04-09T07:20:52.361+0000] {processor.py:830} INFO - Processing file /home/airflow/.local/lib/python3.8/site-packages/airflow/example_dags/example_branch_labels.py for tasks to queue
[2025-04-09T07:20:52.362+0000] {logging_mixin.py:188} INFO - [2025-04-09T07:20:52.362+0000] {dagbag.py:538} INFO - Filling up the DagBag from /home/airflow/.local/lib/python3.8/site-packages/airflow/example_dags/example_branch_labels.py
[2025-04-09T07:20:52.372+0000] {processor.py:840} INFO - DAG(s) 'example_branch_labels' retrieved from /home/airflow/.local/lib/python3.8/site-packages/airflow/example_dags/example_branch_labels.py
[2025-04-09T07:20:52.395+0000] {logging_mixin.py:188} INFO - [2025-04-09T07:20:52.395+0000] {dag.py:3036} INFO - Sync 1 DAGs
[2025-04-09T07:20:52.420+0000] {logging_mixin.py:188} INFO - [2025-04-09T07:20:52.420+0000] {dag.py:3823} INFO - Setting next_dagrun for example_branch_labels to 2025-04-08 00:00:00+00:00, run_after=2025-04-09 00:00:00+00:00
[2025-04-09T07:20:52.602+0000] {processor.py:183} INFO - Processing /home/airflow/.local/lib/python3.8/site-packages/airflow/example_dags/example_branch_labels.py took 0.246 seconds
[2025-04-09T07:21:22.968+0000] {processor.py:161} INFO - Started process (PID=1358) to work on /home/airflow/.local/lib/python3.8/site-packages/airflow/example_dags/example_branch_labels.py
[2025-04-09T07:21:22.969+0000] {processor.py:830} INFO - Processing file /home/airflow/.local/lib/python3.8/site-packages/airflow/example_dags/example_branch_labels.py for tasks to queue
[2025-04-09T07:21:22.971+0000] {logging_mixin.py:188} INFO - [2025-04-09T07:21:22.970+0000] {dagbag.py:538} INFO - Filling up the DagBag from /home/airflow/.local/lib/python3.8/site-packages/airflow/example_dags/example_branch_labels.py
[2025-04-09T07:21:22.978+0000] {processor.py:840} INFO - DAG(s) 'example_branch_labels' retrieved from /home/airflow/.local/lib/python3.8/site-packages/airflow/example_dags/example_branch_labels.py
[2025-04-09T07:21:23.002+0000] {logging_mixin.py:188} INFO - [2025-04-09T07:21:23.001+0000] {dag.py:3036} INFO - Sync 1 DAGs
[2025-04-09T07:21:23.026+0000] {logging_mixin.py:188} INFO - [2025-04-09T07:21:23.026+0000] {dag.py:3823} INFO - Setting next_dagrun for example_branch_labels to 2025-04-08 00:00:00+00:00, run_after=2025-04-09 00:00:00+00:00
[2025-04-09T07:21:23.105+0000] {processor.py:183} INFO - Processing /home/airflow/.local/lib/python3.8/site-packages/airflow/example_dags/example_branch_labels.py took 0.140 seconds
[2025-04-09T07:21:53.490+0000] {processor.py:161} INFO - Started process (PID=1416) to work on /home/airflow/.local/lib/python3.8/site-packages/airflow/example_dags/example_branch_labels.py
[2025-04-09T07:21:53.491+0000] {processor.py:830} INFO - Processing file /home/airflow/.local/lib/python3.8/site-packages/airflow/example_dags/example_branch_labels.py for tasks to queue
[2025-04-09T07:21:53.492+0000] {logging_mixin.py:188} INFO - [2025-04-09T07:21:53.492+0000] {dagbag.py:538} INFO - Filling up the DagBag from /home/airflow/.local/lib/python3.8/site-packages/airflow/example_dags/example_branch_labels.py
[2025-04-09T07:21:53.500+0000] {processor.py:840} INFO - DAG(s) 'example_branch_labels' retrieved from /home/airflow/.local/lib/python3.8/site-packages/airflow/example_dags/example_branch_labels.py
[2025-04-09T07:21:53.521+0000] {logging_mixin.py:188} INFO - [2025-04-09T07:21:53.521+0000] {dag.py:3036} INFO - Sync 1 DAGs
[2025-04-09T07:21:53.544+0000] {logging_mixin.py:188} INFO - [2025-04-09T07:21:53.544+0000] {dag.py:3823} INFO - Setting next_dagrun for example_branch_labels to 2025-04-08 00:00:00+00:00, run_after=2025-04-09 00:00:00+00:00
[2025-04-09T07:21:53.604+0000] {processor.py:183} INFO - Processing /home/airflow/.local/lib/python3.8/site-packages/airflow/example_dags/example_branch_labels.py took 0.117 seconds
[2025-04-09T07:22:23.858+0000] {processor.py:161} INFO - Started process (PID=1474) to work on /home/airflow/.local/lib/python3.8/site-packages/airflow/example_dags/example_branch_labels.py
[2025-04-09T07:22:23.859+0000] {processor.py:830} INFO - Processing file /home/airflow/.local/lib/python3.8/site-packages/airflow/example_dags/example_branch_labels.py for tasks to queue
[2025-04-09T07:22:23.861+0000] {logging_mixin.py:188} INFO - [2025-04-09T07:22:23.861+0000] {dagbag.py:538} INFO - Filling up the DagBag from /home/airflow/.local/lib/python3.8/site-packages/airflow/example_dags/example_branch_labels.py
[2025-04-09T07:22:23.870+0000] {processor.py:840} INFO - DAG(s) 'example_branch_labels' retrieved from /home/airflow/.local/lib/python3.8/site-packages/airflow/example_dags/example_branch_labels.py
[2025-04-09T07:22:23.898+0000] {logging_mixin.py:188} INFO - [2025-04-09T07:22:23.898+0000] {dag.py:3036} INFO - Sync 1 DAGs
[2025-04-09T07:22:23.925+0000] {logging_mixin.py:188} INFO - [2025-04-09T07:22:23.925+0000] {dag.py:3823} INFO - Setting next_dagrun for example_branch_labels to 2025-04-08 00:00:00+00:00, run_after=2025-04-09 00:00:00+00:00
[2025-04-09T07:22:24.000+0000] {processor.py:183} INFO - Processing /home/airflow/.local/lib/python3.8/site-packages/airflow/example_dags/example_branch_labels.py took 0.145 seconds
[2025-04-09T07:22:54.678+0000] {processor.py:161} INFO - Started process (PID=1532) to work on /home/airflow/.local/lib/python3.8/site-packages/airflow/example_dags/example_branch_labels.py
[2025-04-09T07:22:54.679+0000] {processor.py:830} INFO - Processing file /home/airflow/.local/lib/python3.8/site-packages/airflow/example_dags/example_branch_labels.py for tasks to queue
[2025-04-09T07:22:54.681+0000] {logging_mixin.py:188} INFO - [2025-04-09T07:22:54.681+0000] {dagbag.py:538} INFO - Filling up the DagBag from /home/airflow/.local/lib/python3.8/site-packages/airflow/example_dags/example_branch_labels.py
[2025-04-09T07:22:54.689+0000] {processor.py:840} INFO - DAG(s) 'example_branch_labels' retrieved from /home/airflow/.local/lib/python3.8/site-packages/airflow/example_dags/example_branch_labels.py
[2025-04-09T07:22:54.711+0000] {logging_mixin.py:188} INFO - [2025-04-09T07:22:54.711+0000] {dag.py:3036} INFO - Sync 1 DAGs
[2025-04-09T07:22:54.736+0000] {logging_mixin.py:188} INFO - [2025-04-09T07:22:54.736+0000] {dag.py:3823} INFO - Setting next_dagrun for example_branch_labels to 2025-04-08 00:00:00+00:00, run_after=2025-04-09 00:00:00+00:00
[2025-04-09T07:22:54.793+0000] {processor.py:183} INFO - Processing /home/airflow/.local/lib/python3.8/site-packages/airflow/example_dags/example_branch_labels.py took 0.118 seconds
[2025-04-09T07:23:25.344+0000] {processor.py:161} INFO - Started process (PID=1590) to work on /home/airflow/.local/lib/python3.8/site-packages/airflow/example_dags/example_branch_labels.py
[2025-04-09T07:23:25.353+0000] {processor.py:830} INFO - Processing file /home/airflow/.local/lib/python3.8/site-packages/airflow/example_dags/example_branch_labels.py for tasks to queue
[2025-04-09T07:23:25.355+0000] {logging_mixin.py:188} INFO - [2025-04-09T07:23:25.355+0000] {dagbag.py:538} INFO - Filling up the DagBag from /home/airflow/.local/lib/python3.8/site-packages/airflow/example_dags/example_branch_labels.py
[2025-04-09T07:23:25.363+0000] {processor.py:840} INFO - DAG(s) 'example_branch_labels' retrieved from /home/airflow/.local/lib/python3.8/site-packages/airflow/example_dags/example_branch_labels.py
[2025-04-09T07:23:25.384+0000] {logging_mixin.py:188} INFO - [2025-04-09T07:23:25.383+0000] {dag.py:3036} INFO - Sync 1 DAGs
[2025-04-09T07:23:25.407+0000] {logging_mixin.py:188} INFO - [2025-04-09T07:23:25.407+0000] {dag.py:3823} INFO - Setting next_dagrun for example_branch_labels to 2025-04-08 00:00:00+00:00, run_after=2025-04-09 00:00:00+00:00
[2025-04-09T07:23:25.462+0000] {processor.py:183} INFO - Processing /home/airflow/.local/lib/python3.8/site-packages/airflow/example_dags/example_branch_labels.py took 0.120 seconds
[2025-04-09T07:23:57.001+0000] {processor.py:161} INFO - Started process (PID=1648) to work on /home/airflow/.local/lib/python3.8/site-packages/airflow/example_dags/example_branch_labels.py
[2025-04-09T07:23:57.003+0000] {processor.py:830} INFO - Processing file /home/airflow/.local/lib/python3.8/site-packages/airflow/example_dags/example_branch_labels.py for tasks to queue
[2025-04-09T07:23:57.004+0000] {logging_mixin.py:188} INFO - [2025-04-09T07:23:57.004+0000] {dagbag.py:538} INFO - Filling up the DagBag from /home/airflow/.local/lib/python3.8/site-packages/airflow/example_dags/example_branch_labels.py
[2025-04-09T07:23:57.012+0000] {processor.py:840} INFO - DAG(s) 'example_branch_labels' retrieved from /home/airflow/.local/lib/python3.8/site-packages/airflow/example_dags/example_branch_labels.py
[2025-04-09T07:23:57.037+0000] {logging_mixin.py:188} INFO - [2025-04-09T07:23:57.037+0000] {dag.py:3036} INFO - Sync 1 DAGs
[2025-04-09T07:23:57.061+0000] {logging_mixin.py:188} INFO - [2025-04-09T07:23:57.061+0000] {dag.py:3823} INFO - Setting next_dagrun for example_branch_labels to 2025-04-08 00:00:00+00:00, run_after=2025-04-09 00:00:00+00:00
[2025-04-09T07:23:57.107+0000] {processor.py:183} INFO - Processing /home/airflow/.local/lib/python3.8/site-packages/airflow/example_dags/example_branch_labels.py took 0.108 seconds
[2025-04-09T07:24:28.100+0000] {processor.py:161} INFO - Started process (PID=1706) to work on /home/airflow/.local/lib/python3.8/site-packages/airflow/example_dags/example_branch_labels.py
[2025-04-09T07:24:28.101+0000] {processor.py:830} INFO - Processing file /home/airflow/.local/lib/python3.8/site-packages/airflow/example_dags/example_branch_labels.py for tasks to queue
[2025-04-09T07:24:28.103+0000] {logging_mixin.py:188} INFO - [2025-04-09T07:24:28.102+0000] {dagbag.py:538} INFO - Filling up the DagBag from /home/airflow/.local/lib/python3.8/site-packages/airflow/example_dags/example_branch_labels.py
[2025-04-09T07:24:28.113+0000] {processor.py:840} INFO - DAG(s) 'example_branch_labels' retrieved from /home/airflow/.local/lib/python3.8/site-packages/airflow/example_dags/example_branch_labels.py
[2025-04-09T07:24:28.138+0000] {logging_mixin.py:188} INFO - [2025-04-09T07:24:28.138+0000] {dag.py:3036} INFO - Sync 1 DAGs
[2025-04-09T07:24:28.163+0000] {logging_mixin.py:188} INFO - [2025-04-09T07:24:28.162+0000] {dag.py:3823} INFO - Setting next_dagrun for example_branch_labels to 2025-04-08 00:00:00+00:00, run_after=2025-04-09 00:00:00+00:00
[2025-04-09T07:24:28.228+0000] {processor.py:183} INFO - Processing /home/airflow/.local/lib/python3.8/site-packages/airflow/example_dags/example_branch_labels.py took 0.131 seconds
[2025-04-09T07:24:58.532+0000] {processor.py:161} INFO - Started process (PID=1764) to work on /home/airflow/.local/lib/python3.8/site-packages/airflow/example_dags/example_branch_labels.py
[2025-04-09T07:24:58.533+0000] {processor.py:830} INFO - Processing file /home/airflow/.local/lib/python3.8/site-packages/airflow/example_dags/example_branch_labels.py for tasks to queue
[2025-04-09T07:24:58.535+0000] {logging_mixin.py:188} INFO - [2025-04-09T07:24:58.535+0000] {dagbag.py:538} INFO - Filling up the DagBag from /home/airflow/.local/lib/python3.8/site-packages/airflow/example_dags/example_branch_labels.py
[2025-04-09T07:24:58.544+0000] {processor.py:840} INFO - DAG(s) 'example_branch_labels' retrieved from /home/airflow/.local/lib/python3.8/site-packages/airflow/example_dags/example_branch_labels.py
[2025-04-09T07:24:58.567+0000] {logging_mixin.py:188} INFO - [2025-04-09T07:24:58.567+0000] {dag.py:3036} INFO - Sync 1 DAGs
[2025-04-09T07:24:58.592+0000] {logging_mixin.py:188} INFO - [2025-04-09T07:24:58.592+0000] {dag.py:3823} INFO - Setting next_dagrun for example_branch_labels to 2025-04-08 00:00:00+00:00, run_after=2025-04-09 00:00:00+00:00
[2025-04-09T07:24:58.670+0000] {processor.py:183} INFO - Processing /home/airflow/.local/lib/python3.8/site-packages/airflow/example_dags/example_branch_labels.py took 0.142 seconds
[2025-04-09T07:25:28.999+0000] {processor.py:161} INFO - Started process (PID=1816) to work on /home/airflow/.local/lib/python3.8/site-packages/airflow/example_dags/example_branch_labels.py
[2025-04-09T07:25:29.001+0000] {processor.py:830} INFO - Processing file /home/airflow/.local/lib/python3.8/site-packages/airflow/example_dags/example_branch_labels.py for tasks to queue
[2025-04-09T07:25:29.002+0000] {logging_mixin.py:188} INFO - [2025-04-09T07:25:29.002+0000] {dagbag.py:538} INFO - Filling up the DagBag from /home/airflow/.local/lib/python3.8/site-packages/airflow/example_dags/example_branch_labels.py
[2025-04-09T07:25:29.011+0000] {processor.py:840} INFO - DAG(s) 'example_branch_labels' retrieved from /home/airflow/.local/lib/python3.8/site-packages/airflow/example_dags/example_branch_labels.py
[2025-04-09T07:25:29.038+0000] {logging_mixin.py:188} INFO - [2025-04-09T07:25:29.037+0000] {dag.py:3036} INFO - Sync 1 DAGs
[2025-04-09T07:25:29.070+0000] {logging_mixin.py:188} INFO - [2025-04-09T07:25:29.070+0000] {dag.py:3823} INFO - Setting next_dagrun for example_branch_labels to 2025-04-08 00:00:00+00:00, run_after=2025-04-09 00:00:00+00:00
[2025-04-09T07:25:29.123+0000] {processor.py:183} INFO - Processing /home/airflow/.local/lib/python3.8/site-packages/airflow/example_dags/example_branch_labels.py took 0.127 seconds
