[2025-04-09T06:43:10.928+0000] {processor.py:161} INFO - Started process (PID=790) to work on /home/airflow/.local/lib/python3.8/site-packages/airflow/example_dags/example_params_trigger_ui.py
[2025-04-09T06:43:10.929+0000] {processor.py:830} INFO - Processing file /home/airflow/.local/lib/python3.8/site-packages/airflow/example_dags/example_params_trigger_ui.py for tasks to queue
[2025-04-09T06:43:10.930+0000] {logging_mixin.py:188} INFO - [2025-04-09T06:43:10.930+0000] {dagbag.py:538} INFO - Filling up the DagBag from /home/airflow/.local/lib/python3.8/site-packages/airflow/example_dags/example_params_trigger_ui.py
[2025-04-09T06:43:10.943+0000] {processor.py:840} INFO - DAG(s) 'example_params_trigger_ui' retrieved from /home/airflow/.local/lib/python3.8/site-packages/airflow/example_dags/example_params_trigger_ui.py
[2025-04-09T06:43:11.122+0000] {logging_mixin.py:188} INFO - [2025-04-09T06:43:11.122+0000] {dag.py:3036} INFO - Sync 1 DAGs
[2025-04-09T06:43:11.309+0000] {logging_mixin.py:188} INFO - [2025-04-09T06:43:11.308+0000] {dag.py:3823} INFO - Setting next_dagrun for example_params_trigger_ui to None, run_after=None
[2025-04-09T06:43:11.370+0000] {processor.py:183} INFO - Processing /home/airflow/.local/lib/python3.8/site-packages/airflow/example_dags/example_params_trigger_ui.py took 0.446 seconds
[2025-04-09T06:45:26.693+0000] {processor.py:161} INFO - Started process (PID=88) to work on /home/airflow/.local/lib/python3.8/site-packages/airflow/example_dags/example_params_trigger_ui.py
[2025-04-09T06:45:26.694+0000] {processor.py:830} INFO - Processing file /home/airflow/.local/lib/python3.8/site-packages/airflow/example_dags/example_params_trigger_ui.py for tasks to queue
[2025-04-09T06:45:26.696+0000] {logging_mixin.py:188} INFO - [2025-04-09T06:45:26.695+0000] {dagbag.py:538} INFO - Filling up the DagBag from /home/airflow/.local/lib/python3.8/site-packages/airflow/example_dags/example_params_trigger_ui.py
[2025-04-09T06:45:26.709+0000] {processor.py:840} INFO - DAG(s) 'example_params_trigger_ui' retrieved from /home/airflow/.local/lib/python3.8/site-packages/airflow/example_dags/example_params_trigger_ui.py
[2025-04-09T06:45:26.892+0000] {logging_mixin.py:188} INFO - [2025-04-09T06:45:26.892+0000] {dag.py:3036} INFO - Sync 1 DAGs
[2025-04-09T06:45:26.907+0000] {logging_mixin.py:188} INFO - [2025-04-09T06:45:26.906+0000] {dag.py:3823} INFO - Setting next_dagrun for example_params_trigger_ui to None, run_after=None
[2025-04-09T06:45:26.963+0000] {processor.py:183} INFO - Processing /home/airflow/.local/lib/python3.8/site-packages/airflow/example_dags/example_params_trigger_ui.py took 0.273 seconds
[2025-04-09T06:45:57.603+0000] {processor.py:161} INFO - Started process (PID=146) to work on /home/airflow/.local/lib/python3.8/site-packages/airflow/example_dags/example_params_trigger_ui.py
[2025-04-09T06:45:57.604+0000] {processor.py:830} INFO - Processing file /home/airflow/.local/lib/python3.8/site-packages/airflow/example_dags/example_params_trigger_ui.py for tasks to queue
[2025-04-09T06:45:57.606+0000] {logging_mixin.py:188} INFO - [2025-04-09T06:45:57.606+0000] {dagbag.py:538} INFO - Filling up the DagBag from /home/airflow/.local/lib/python3.8/site-packages/airflow/example_dags/example_params_trigger_ui.py
[2025-04-09T06:45:57.625+0000] {processor.py:840} INFO - DAG(s) 'example_params_trigger_ui' retrieved from /home/airflow/.local/lib/python3.8/site-packages/airflow/example_dags/example_params_trigger_ui.py
[2025-04-09T06:45:57.694+0000] {logging_mixin.py:188} INFO - [2025-04-09T06:45:57.694+0000] {dag.py:3036} INFO - Sync 1 DAGs
[2025-04-09T06:45:57.709+0000] {logging_mixin.py:188} INFO - [2025-04-09T06:45:57.708+0000] {dag.py:3823} INFO - Setting next_dagrun for example_params_trigger_ui to None, run_after=None
[2025-04-09T06:45:57.885+0000] {processor.py:183} INFO - Processing /home/airflow/.local/lib/python3.8/site-packages/airflow/example_dags/example_params_trigger_ui.py took 0.285 seconds
[2025-04-09T06:46:28.173+0000] {processor.py:161} INFO - Started process (PID=204) to work on /home/airflow/.local/lib/python3.8/site-packages/airflow/example_dags/example_params_trigger_ui.py
[2025-04-09T06:46:28.175+0000] {processor.py:830} INFO - Processing file /home/airflow/.local/lib/python3.8/site-packages/airflow/example_dags/example_params_trigger_ui.py for tasks to queue
[2025-04-09T06:46:28.176+0000] {logging_mixin.py:188} INFO - [2025-04-09T06:46:28.176+0000] {dagbag.py:538} INFO - Filling up the DagBag from /home/airflow/.local/lib/python3.8/site-packages/airflow/example_dags/example_params_trigger_ui.py
[2025-04-09T06:46:28.189+0000] {processor.py:840} INFO - DAG(s) 'example_params_trigger_ui' retrieved from /home/airflow/.local/lib/python3.8/site-packages/airflow/example_dags/example_params_trigger_ui.py
[2025-04-09T06:46:28.246+0000] {logging_mixin.py:188} INFO - [2025-04-09T06:46:28.246+0000] {dag.py:3036} INFO - Sync 1 DAGs
[2025-04-09T06:46:28.260+0000] {logging_mixin.py:188} INFO - [2025-04-09T06:46:28.260+0000] {dag.py:3823} INFO - Setting next_dagrun for example_params_trigger_ui to None, run_after=None
[2025-04-09T06:46:28.308+0000] {processor.py:183} INFO - Processing /home/airflow/.local/lib/python3.8/site-packages/airflow/example_dags/example_params_trigger_ui.py took 0.138 seconds
[2025-04-09T06:46:58.832+0000] {processor.py:161} INFO - Started process (PID=262) to work on /home/airflow/.local/lib/python3.8/site-packages/airflow/example_dags/example_params_trigger_ui.py
[2025-04-09T06:46:58.833+0000] {processor.py:830} INFO - Processing file /home/airflow/.local/lib/python3.8/site-packages/airflow/example_dags/example_params_trigger_ui.py for tasks to queue
[2025-04-09T06:46:58.835+0000] {logging_mixin.py:188} INFO - [2025-04-09T06:46:58.835+0000] {dagbag.py:538} INFO - Filling up the DagBag from /home/airflow/.local/lib/python3.8/site-packages/airflow/example_dags/example_params_trigger_ui.py
[2025-04-09T06:46:58.848+0000] {processor.py:840} INFO - DAG(s) 'example_params_trigger_ui' retrieved from /home/airflow/.local/lib/python3.8/site-packages/airflow/example_dags/example_params_trigger_ui.py
[2025-04-09T06:46:58.911+0000] {logging_mixin.py:188} INFO - [2025-04-09T06:46:58.911+0000] {dag.py:3036} INFO - Sync 1 DAGs
[2025-04-09T06:46:58.937+0000] {logging_mixin.py:188} INFO - [2025-04-09T06:46:58.937+0000] {dag.py:3823} INFO - Setting next_dagrun for example_params_trigger_ui to None, run_after=None
[2025-04-09T06:46:58.979+0000] {processor.py:183} INFO - Processing /home/airflow/.local/lib/python3.8/site-packages/airflow/example_dags/example_params_trigger_ui.py took 0.150 seconds
[2025-04-09T06:47:33.357+0000] {processor.py:161} INFO - Started process (PID=320) to work on /home/airflow/.local/lib/python3.8/site-packages/airflow/example_dags/example_params_trigger_ui.py
[2025-04-09T06:47:33.360+0000] {processor.py:830} INFO - Processing file /home/airflow/.local/lib/python3.8/site-packages/airflow/example_dags/example_params_trigger_ui.py for tasks to queue
[2025-04-09T06:47:33.362+0000] {logging_mixin.py:188} INFO - [2025-04-09T06:47:33.361+0000] {dagbag.py:538} INFO - Filling up the DagBag from /home/airflow/.local/lib/python3.8/site-packages/airflow/example_dags/example_params_trigger_ui.py
[2025-04-09T06:47:33.376+0000] {processor.py:840} INFO - DAG(s) 'example_params_trigger_ui' retrieved from /home/airflow/.local/lib/python3.8/site-packages/airflow/example_dags/example_params_trigger_ui.py
[2025-04-09T06:47:33.430+0000] {logging_mixin.py:188} INFO - [2025-04-09T06:47:33.430+0000] {dag.py:3036} INFO - Sync 1 DAGs
[2025-04-09T06:47:33.443+0000] {logging_mixin.py:188} INFO - [2025-04-09T06:47:33.443+0000] {dag.py:3823} INFO - Setting next_dagrun for example_params_trigger_ui to None, run_after=None
[2025-04-09T06:47:33.497+0000] {processor.py:183} INFO - Processing /home/airflow/.local/lib/python3.8/site-packages/airflow/example_dags/example_params_trigger_ui.py took 0.143 seconds
[2025-04-09T06:48:08.161+0000] {processor.py:161} INFO - Started process (PID=378) to work on /home/airflow/.local/lib/python3.8/site-packages/airflow/example_dags/example_params_trigger_ui.py
[2025-04-09T06:48:08.183+0000] {processor.py:830} INFO - Processing file /home/airflow/.local/lib/python3.8/site-packages/airflow/example_dags/example_params_trigger_ui.py for tasks to queue
[2025-04-09T06:48:08.186+0000] {logging_mixin.py:188} INFO - [2025-04-09T06:48:08.185+0000] {dagbag.py:538} INFO - Filling up the DagBag from /home/airflow/.local/lib/python3.8/site-packages/airflow/example_dags/example_params_trigger_ui.py
[2025-04-09T06:48:08.205+0000] {processor.py:840} INFO - DAG(s) 'example_params_trigger_ui' retrieved from /home/airflow/.local/lib/python3.8/site-packages/airflow/example_dags/example_params_trigger_ui.py
[2025-04-09T06:48:08.261+0000] {logging_mixin.py:188} INFO - [2025-04-09T06:48:08.261+0000] {dag.py:3036} INFO - Sync 1 DAGs
[2025-04-09T06:48:08.286+0000] {logging_mixin.py:188} INFO - [2025-04-09T06:48:08.286+0000] {dag.py:3823} INFO - Setting next_dagrun for example_params_trigger_ui to None, run_after=None
[2025-04-09T06:48:08.341+0000] {processor.py:183} INFO - Processing /home/airflow/.local/lib/python3.8/site-packages/airflow/example_dags/example_params_trigger_ui.py took 0.185 seconds
[2025-04-09T06:48:38.629+0000] {processor.py:161} INFO - Started process (PID=436) to work on /home/airflow/.local/lib/python3.8/site-packages/airflow/example_dags/example_params_trigger_ui.py
[2025-04-09T06:48:38.630+0000] {processor.py:830} INFO - Processing file /home/airflow/.local/lib/python3.8/site-packages/airflow/example_dags/example_params_trigger_ui.py for tasks to queue
[2025-04-09T06:48:38.632+0000] {logging_mixin.py:188} INFO - [2025-04-09T06:48:38.631+0000] {dagbag.py:538} INFO - Filling up the DagBag from /home/airflow/.local/lib/python3.8/site-packages/airflow/example_dags/example_params_trigger_ui.py
[2025-04-09T06:48:38.646+0000] {processor.py:840} INFO - DAG(s) 'example_params_trigger_ui' retrieved from /home/airflow/.local/lib/python3.8/site-packages/airflow/example_dags/example_params_trigger_ui.py
[2025-04-09T06:48:38.704+0000] {logging_mixin.py:188} INFO - [2025-04-09T06:48:38.704+0000] {dag.py:3036} INFO - Sync 1 DAGs
[2025-04-09T06:48:38.717+0000] {logging_mixin.py:188} INFO - [2025-04-09T06:48:38.717+0000] {dag.py:3823} INFO - Setting next_dagrun for example_params_trigger_ui to None, run_after=None
[2025-04-09T06:48:38.758+0000] {processor.py:183} INFO - Processing /home/airflow/.local/lib/python3.8/site-packages/airflow/example_dags/example_params_trigger_ui.py took 0.132 seconds
[2025-04-09T06:49:09.370+0000] {processor.py:161} INFO - Started process (PID=494) to work on /home/airflow/.local/lib/python3.8/site-packages/airflow/example_dags/example_params_trigger_ui.py
[2025-04-09T06:49:09.389+0000] {processor.py:830} INFO - Processing file /home/airflow/.local/lib/python3.8/site-packages/airflow/example_dags/example_params_trigger_ui.py for tasks to queue
[2025-04-09T06:49:09.391+0000] {logging_mixin.py:188} INFO - [2025-04-09T06:49:09.391+0000] {dagbag.py:538} INFO - Filling up the DagBag from /home/airflow/.local/lib/python3.8/site-packages/airflow/example_dags/example_params_trigger_ui.py
[2025-04-09T06:49:09.409+0000] {processor.py:840} INFO - DAG(s) 'example_params_trigger_ui' retrieved from /home/airflow/.local/lib/python3.8/site-packages/airflow/example_dags/example_params_trigger_ui.py
[2025-04-09T06:49:09.469+0000] {logging_mixin.py:188} INFO - [2025-04-09T06:49:09.469+0000] {dag.py:3036} INFO - Sync 1 DAGs
[2025-04-09T06:49:09.482+0000] {logging_mixin.py:188} INFO - [2025-04-09T06:49:09.482+0000] {dag.py:3823} INFO - Setting next_dagrun for example_params_trigger_ui to None, run_after=None
[2025-04-09T06:49:09.541+0000] {processor.py:183} INFO - Processing /home/airflow/.local/lib/python3.8/site-packages/airflow/example_dags/example_params_trigger_ui.py took 0.174 seconds
[2025-04-09T06:49:39.896+0000] {processor.py:161} INFO - Started process (PID=552) to work on /home/airflow/.local/lib/python3.8/site-packages/airflow/example_dags/example_params_trigger_ui.py
[2025-04-09T06:49:39.896+0000] {processor.py:830} INFO - Processing file /home/airflow/.local/lib/python3.8/site-packages/airflow/example_dags/example_params_trigger_ui.py for tasks to queue
[2025-04-09T06:49:39.898+0000] {logging_mixin.py:188} INFO - [2025-04-09T06:49:39.897+0000] {dagbag.py:538} INFO - Filling up the DagBag from /home/airflow/.local/lib/python3.8/site-packages/airflow/example_dags/example_params_trigger_ui.py
[2025-04-09T06:49:39.910+0000] {processor.py:840} INFO - DAG(s) 'example_params_trigger_ui' retrieved from /home/airflow/.local/lib/python3.8/site-packages/airflow/example_dags/example_params_trigger_ui.py
[2025-04-09T06:49:39.975+0000] {logging_mixin.py:188} INFO - [2025-04-09T06:49:39.975+0000] {dag.py:3036} INFO - Sync 1 DAGs
[2025-04-09T06:49:39.989+0000] {logging_mixin.py:188} INFO - [2025-04-09T06:49:39.989+0000] {dag.py:3823} INFO - Setting next_dagrun for example_params_trigger_ui to None, run_after=None
[2025-04-09T06:49:40.073+0000] {processor.py:183} INFO - Processing /home/airflow/.local/lib/python3.8/site-packages/airflow/example_dags/example_params_trigger_ui.py took 0.180 seconds
[2025-04-09T06:50:10.260+0000] {processor.py:161} INFO - Started process (PID=610) to work on /home/airflow/.local/lib/python3.8/site-packages/airflow/example_dags/example_params_trigger_ui.py
[2025-04-09T06:50:10.261+0000] {processor.py:830} INFO - Processing file /home/airflow/.local/lib/python3.8/site-packages/airflow/example_dags/example_params_trigger_ui.py for tasks to queue
[2025-04-09T06:50:10.263+0000] {logging_mixin.py:188} INFO - [2025-04-09T06:50:10.262+0000] {dagbag.py:538} INFO - Filling up the DagBag from /home/airflow/.local/lib/python3.8/site-packages/airflow/example_dags/example_params_trigger_ui.py
[2025-04-09T06:50:10.275+0000] {processor.py:840} INFO - DAG(s) 'example_params_trigger_ui' retrieved from /home/airflow/.local/lib/python3.8/site-packages/airflow/example_dags/example_params_trigger_ui.py
[2025-04-09T06:50:10.333+0000] {logging_mixin.py:188} INFO - [2025-04-09T06:50:10.333+0000] {dag.py:3036} INFO - Sync 1 DAGs
[2025-04-09T06:50:10.346+0000] {logging_mixin.py:188} INFO - [2025-04-09T06:50:10.346+0000] {dag.py:3823} INFO - Setting next_dagrun for example_params_trigger_ui to None, run_after=None
[2025-04-09T06:50:10.448+0000] {processor.py:183} INFO - Processing /home/airflow/.local/lib/python3.8/site-packages/airflow/example_dags/example_params_trigger_ui.py took 0.191 seconds
[2025-04-09T06:50:40.498+0000] {processor.py:161} INFO - Started process (PID=668) to work on /home/airflow/.local/lib/python3.8/site-packages/airflow/example_dags/example_params_trigger_ui.py
[2025-04-09T06:50:40.499+0000] {processor.py:830} INFO - Processing file /home/airflow/.local/lib/python3.8/site-packages/airflow/example_dags/example_params_trigger_ui.py for tasks to queue
[2025-04-09T06:50:40.500+0000] {logging_mixin.py:188} INFO - [2025-04-09T06:50:40.500+0000] {dagbag.py:538} INFO - Filling up the DagBag from /home/airflow/.local/lib/python3.8/site-packages/airflow/example_dags/example_params_trigger_ui.py
[2025-04-09T06:50:40.512+0000] {processor.py:840} INFO - DAG(s) 'example_params_trigger_ui' retrieved from /home/airflow/.local/lib/python3.8/site-packages/airflow/example_dags/example_params_trigger_ui.py
[2025-04-09T06:50:40.562+0000] {logging_mixin.py:188} INFO - [2025-04-09T06:50:40.562+0000] {dag.py:3036} INFO - Sync 1 DAGs
[2025-04-09T06:50:40.574+0000] {logging_mixin.py:188} INFO - [2025-04-09T06:50:40.574+0000] {dag.py:3823} INFO - Setting next_dagrun for example_params_trigger_ui to None, run_after=None
[2025-04-09T06:50:40.628+0000] {processor.py:183} INFO - Processing /home/airflow/.local/lib/python3.8/site-packages/airflow/example_dags/example_params_trigger_ui.py took 0.133 seconds
[2025-04-09T06:51:11.215+0000] {processor.py:161} INFO - Started process (PID=727) to work on /home/airflow/.local/lib/python3.8/site-packages/airflow/example_dags/example_params_trigger_ui.py
[2025-04-09T06:51:11.216+0000] {processor.py:830} INFO - Processing file /home/airflow/.local/lib/python3.8/site-packages/airflow/example_dags/example_params_trigger_ui.py for tasks to queue
[2025-04-09T06:51:11.218+0000] {logging_mixin.py:188} INFO - [2025-04-09T06:51:11.218+0000] {dagbag.py:538} INFO - Filling up the DagBag from /home/airflow/.local/lib/python3.8/site-packages/airflow/example_dags/example_params_trigger_ui.py
[2025-04-09T06:51:11.232+0000] {processor.py:840} INFO - DAG(s) 'example_params_trigger_ui' retrieved from /home/airflow/.local/lib/python3.8/site-packages/airflow/example_dags/example_params_trigger_ui.py
[2025-04-09T06:51:11.291+0000] {logging_mixin.py:188} INFO - [2025-04-09T06:51:11.290+0000] {dag.py:3036} INFO - Sync 1 DAGs
[2025-04-09T06:51:11.302+0000] {logging_mixin.py:188} INFO - [2025-04-09T06:51:11.302+0000] {dag.py:3823} INFO - Setting next_dagrun for example_params_trigger_ui to None, run_after=None
[2025-04-09T06:51:11.354+0000] {processor.py:183} INFO - Processing /home/airflow/.local/lib/python3.8/site-packages/airflow/example_dags/example_params_trigger_ui.py took 0.144 seconds
[2025-04-09T06:51:43.886+0000] {processor.py:161} INFO - Started process (PID=786) to work on /home/airflow/.local/lib/python3.8/site-packages/airflow/example_dags/example_params_trigger_ui.py
[2025-04-09T06:51:43.888+0000] {processor.py:830} INFO - Processing file /home/airflow/.local/lib/python3.8/site-packages/airflow/example_dags/example_params_trigger_ui.py for tasks to queue
[2025-04-09T06:51:43.889+0000] {logging_mixin.py:188} INFO - [2025-04-09T06:51:43.889+0000] {dagbag.py:538} INFO - Filling up the DagBag from /home/airflow/.local/lib/python3.8/site-packages/airflow/example_dags/example_params_trigger_ui.py
[2025-04-09T06:51:43.902+0000] {processor.py:840} INFO - DAG(s) 'example_params_trigger_ui' retrieved from /home/airflow/.local/lib/python3.8/site-packages/airflow/example_dags/example_params_trigger_ui.py
[2025-04-09T06:51:43.956+0000] {logging_mixin.py:188} INFO - [2025-04-09T06:51:43.956+0000] {dag.py:3036} INFO - Sync 1 DAGs
[2025-04-09T06:51:43.969+0000] {logging_mixin.py:188} INFO - [2025-04-09T06:51:43.969+0000] {dag.py:3823} INFO - Setting next_dagrun for example_params_trigger_ui to None, run_after=None
[2025-04-09T06:51:44.044+0000] {processor.py:183} INFO - Processing /home/airflow/.local/lib/python3.8/site-packages/airflow/example_dags/example_params_trigger_ui.py took 0.161 seconds
[2025-04-09T06:52:34.077+0000] {processor.py:161} INFO - Started process (PID=96) to work on /home/airflow/.local/lib/python3.8/site-packages/airflow/example_dags/example_params_trigger_ui.py
[2025-04-09T06:52:34.079+0000] {processor.py:830} INFO - Processing file /home/airflow/.local/lib/python3.8/site-packages/airflow/example_dags/example_params_trigger_ui.py for tasks to queue
[2025-04-09T06:52:34.082+0000] {logging_mixin.py:188} INFO - [2025-04-09T06:52:34.082+0000] {dagbag.py:538} INFO - Filling up the DagBag from /home/airflow/.local/lib/python3.8/site-packages/airflow/example_dags/example_params_trigger_ui.py
[2025-04-09T06:52:34.110+0000] {processor.py:840} INFO - DAG(s) 'example_params_trigger_ui' retrieved from /home/airflow/.local/lib/python3.8/site-packages/airflow/example_dags/example_params_trigger_ui.py
[2025-04-09T06:52:34.131+0000] {logging_mixin.py:188} INFO - [2025-04-09T06:52:34.130+0000] {dag.py:3036} INFO - Sync 1 DAGs
[2025-04-09T06:52:34.154+0000] {logging_mixin.py:188} INFO - [2025-04-09T06:52:34.154+0000] {dag.py:3823} INFO - Setting next_dagrun for example_params_trigger_ui to None, run_after=None
[2025-04-09T06:52:34.230+0000] {processor.py:183} INFO - Processing /home/airflow/.local/lib/python3.8/site-packages/airflow/example_dags/example_params_trigger_ui.py took 0.158 seconds
[2025-04-09T06:53:06.808+0000] {processor.py:161} INFO - Started process (PID=154) to work on /home/airflow/.local/lib/python3.8/site-packages/airflow/example_dags/example_params_trigger_ui.py
[2025-04-09T06:53:06.809+0000] {processor.py:830} INFO - Processing file /home/airflow/.local/lib/python3.8/site-packages/airflow/example_dags/example_params_trigger_ui.py for tasks to queue
[2025-04-09T06:53:06.811+0000] {logging_mixin.py:188} INFO - [2025-04-09T06:53:06.811+0000] {dagbag.py:538} INFO - Filling up the DagBag from /home/airflow/.local/lib/python3.8/site-packages/airflow/example_dags/example_params_trigger_ui.py
[2025-04-09T06:53:06.824+0000] {processor.py:840} INFO - DAG(s) 'example_params_trigger_ui' retrieved from /home/airflow/.local/lib/python3.8/site-packages/airflow/example_dags/example_params_trigger_ui.py
[2025-04-09T06:53:06.959+0000] {logging_mixin.py:188} INFO - [2025-04-09T06:53:06.959+0000] {dag.py:3036} INFO - Sync 1 DAGs
[2025-04-09T06:53:06.972+0000] {logging_mixin.py:188} INFO - [2025-04-09T06:53:06.971+0000] {dag.py:3823} INFO - Setting next_dagrun for example_params_trigger_ui to None, run_after=None
[2025-04-09T06:53:07.025+0000] {processor.py:183} INFO - Processing /home/airflow/.local/lib/python3.8/site-packages/airflow/example_dags/example_params_trigger_ui.py took 0.220 seconds
[2025-04-09T06:53:37.393+0000] {processor.py:161} INFO - Started process (PID=212) to work on /home/airflow/.local/lib/python3.8/site-packages/airflow/example_dags/example_params_trigger_ui.py
[2025-04-09T06:53:37.394+0000] {processor.py:830} INFO - Processing file /home/airflow/.local/lib/python3.8/site-packages/airflow/example_dags/example_params_trigger_ui.py for tasks to queue
[2025-04-09T06:53:37.396+0000] {logging_mixin.py:188} INFO - [2025-04-09T06:53:37.395+0000] {dagbag.py:538} INFO - Filling up the DagBag from /home/airflow/.local/lib/python3.8/site-packages/airflow/example_dags/example_params_trigger_ui.py
[2025-04-09T06:53:37.412+0000] {processor.py:840} INFO - DAG(s) 'example_params_trigger_ui' retrieved from /home/airflow/.local/lib/python3.8/site-packages/airflow/example_dags/example_params_trigger_ui.py
[2025-04-09T06:53:37.476+0000] {logging_mixin.py:188} INFO - [2025-04-09T06:53:37.476+0000] {dag.py:3036} INFO - Sync 1 DAGs
[2025-04-09T06:53:37.490+0000] {logging_mixin.py:188} INFO - [2025-04-09T06:53:37.489+0000] {dag.py:3823} INFO - Setting next_dagrun for example_params_trigger_ui to None, run_after=None
[2025-04-09T06:53:37.538+0000] {processor.py:183} INFO - Processing /home/airflow/.local/lib/python3.8/site-packages/airflow/example_dags/example_params_trigger_ui.py took 0.149 seconds
[2025-04-09T06:54:10.871+0000] {processor.py:161} INFO - Started process (PID=270) to work on /home/airflow/.local/lib/python3.8/site-packages/airflow/example_dags/example_params_trigger_ui.py
[2025-04-09T06:54:10.874+0000] {processor.py:830} INFO - Processing file /home/airflow/.local/lib/python3.8/site-packages/airflow/example_dags/example_params_trigger_ui.py for tasks to queue
[2025-04-09T06:54:10.876+0000] {logging_mixin.py:188} INFO - [2025-04-09T06:54:10.875+0000] {dagbag.py:538} INFO - Filling up the DagBag from /home/airflow/.local/lib/python3.8/site-packages/airflow/example_dags/example_params_trigger_ui.py
[2025-04-09T06:54:10.888+0000] {processor.py:840} INFO - DAG(s) 'example_params_trigger_ui' retrieved from /home/airflow/.local/lib/python3.8/site-packages/airflow/example_dags/example_params_trigger_ui.py
[2025-04-09T06:54:10.941+0000] {logging_mixin.py:188} INFO - [2025-04-09T06:54:10.941+0000] {dag.py:3036} INFO - Sync 1 DAGs
[2025-04-09T06:54:10.952+0000] {logging_mixin.py:188} INFO - [2025-04-09T06:54:10.952+0000] {dag.py:3823} INFO - Setting next_dagrun for example_params_trigger_ui to None, run_after=None
[2025-04-09T06:54:11.093+0000] {processor.py:183} INFO - Processing /home/airflow/.local/lib/python3.8/site-packages/airflow/example_dags/example_params_trigger_ui.py took 0.225 seconds
[2025-04-09T06:54:43.839+0000] {processor.py:161} INFO - Started process (PID=328) to work on /home/airflow/.local/lib/python3.8/site-packages/airflow/example_dags/example_params_trigger_ui.py
[2025-04-09T06:54:43.854+0000] {processor.py:830} INFO - Processing file /home/airflow/.local/lib/python3.8/site-packages/airflow/example_dags/example_params_trigger_ui.py for tasks to queue
[2025-04-09T06:54:43.856+0000] {logging_mixin.py:188} INFO - [2025-04-09T06:54:43.856+0000] {dagbag.py:538} INFO - Filling up the DagBag from /home/airflow/.local/lib/python3.8/site-packages/airflow/example_dags/example_params_trigger_ui.py
[2025-04-09T06:54:43.872+0000] {processor.py:840} INFO - DAG(s) 'example_params_trigger_ui' retrieved from /home/airflow/.local/lib/python3.8/site-packages/airflow/example_dags/example_params_trigger_ui.py
[2025-04-09T06:54:43.932+0000] {logging_mixin.py:188} INFO - [2025-04-09T06:54:43.931+0000] {dag.py:3036} INFO - Sync 1 DAGs
[2025-04-09T06:54:43.944+0000] {logging_mixin.py:188} INFO - [2025-04-09T06:54:43.944+0000] {dag.py:3823} INFO - Setting next_dagrun for example_params_trigger_ui to None, run_after=None
[2025-04-09T06:54:43.994+0000] {processor.py:183} INFO - Processing /home/airflow/.local/lib/python3.8/site-packages/airflow/example_dags/example_params_trigger_ui.py took 0.157 seconds
[2025-04-09T06:55:17.910+0000] {processor.py:161} INFO - Started process (PID=386) to work on /home/airflow/.local/lib/python3.8/site-packages/airflow/example_dags/example_params_trigger_ui.py
[2025-04-09T06:55:17.918+0000] {processor.py:830} INFO - Processing file /home/airflow/.local/lib/python3.8/site-packages/airflow/example_dags/example_params_trigger_ui.py for tasks to queue
[2025-04-09T06:55:17.921+0000] {logging_mixin.py:188} INFO - [2025-04-09T06:55:17.920+0000] {dagbag.py:538} INFO - Filling up the DagBag from /home/airflow/.local/lib/python3.8/site-packages/airflow/example_dags/example_params_trigger_ui.py
[2025-04-09T06:55:17.945+0000] {processor.py:840} INFO - DAG(s) 'example_params_trigger_ui' retrieved from /home/airflow/.local/lib/python3.8/site-packages/airflow/example_dags/example_params_trigger_ui.py
[2025-04-09T06:55:18.018+0000] {logging_mixin.py:188} INFO - [2025-04-09T06:55:18.018+0000] {dag.py:3036} INFO - Sync 1 DAGs
[2025-04-09T06:55:18.033+0000] {logging_mixin.py:188} INFO - [2025-04-09T06:55:18.033+0000] {dag.py:3823} INFO - Setting next_dagrun for example_params_trigger_ui to None, run_after=None
[2025-04-09T06:55:18.080+0000] {processor.py:183} INFO - Processing /home/airflow/.local/lib/python3.8/site-packages/airflow/example_dags/example_params_trigger_ui.py took 0.173 seconds
[2025-04-09T06:55:48.595+0000] {processor.py:161} INFO - Started process (PID=444) to work on /home/airflow/.local/lib/python3.8/site-packages/airflow/example_dags/example_params_trigger_ui.py
[2025-04-09T06:55:48.618+0000] {processor.py:830} INFO - Processing file /home/airflow/.local/lib/python3.8/site-packages/airflow/example_dags/example_params_trigger_ui.py for tasks to queue
[2025-04-09T06:55:48.621+0000] {logging_mixin.py:188} INFO - [2025-04-09T06:55:48.620+0000] {dagbag.py:538} INFO - Filling up the DagBag from /home/airflow/.local/lib/python3.8/site-packages/airflow/example_dags/example_params_trigger_ui.py
[2025-04-09T06:55:48.636+0000] {processor.py:840} INFO - DAG(s) 'example_params_trigger_ui' retrieved from /home/airflow/.local/lib/python3.8/site-packages/airflow/example_dags/example_params_trigger_ui.py
[2025-04-09T06:55:48.698+0000] {logging_mixin.py:188} INFO - [2025-04-09T06:55:48.697+0000] {dag.py:3036} INFO - Sync 1 DAGs
[2025-04-09T06:55:48.712+0000] {logging_mixin.py:188} INFO - [2025-04-09T06:55:48.711+0000] {dag.py:3823} INFO - Setting next_dagrun for example_params_trigger_ui to None, run_after=None
[2025-04-09T06:55:48.760+0000] {processor.py:183} INFO - Processing /home/airflow/.local/lib/python3.8/site-packages/airflow/example_dags/example_params_trigger_ui.py took 0.168 seconds
[2025-04-09T06:56:19.519+0000] {processor.py:161} INFO - Started process (PID=502) to work on /home/airflow/.local/lib/python3.8/site-packages/airflow/example_dags/example_params_trigger_ui.py
[2025-04-09T06:56:19.520+0000] {processor.py:830} INFO - Processing file /home/airflow/.local/lib/python3.8/site-packages/airflow/example_dags/example_params_trigger_ui.py for tasks to queue
[2025-04-09T06:56:19.522+0000] {logging_mixin.py:188} INFO - [2025-04-09T06:56:19.522+0000] {dagbag.py:538} INFO - Filling up the DagBag from /home/airflow/.local/lib/python3.8/site-packages/airflow/example_dags/example_params_trigger_ui.py
[2025-04-09T06:56:19.534+0000] {processor.py:840} INFO - DAG(s) 'example_params_trigger_ui' retrieved from /home/airflow/.local/lib/python3.8/site-packages/airflow/example_dags/example_params_trigger_ui.py
[2025-04-09T06:56:19.586+0000] {logging_mixin.py:188} INFO - [2025-04-09T06:56:19.585+0000] {dag.py:3036} INFO - Sync 1 DAGs
[2025-04-09T06:56:19.597+0000] {logging_mixin.py:188} INFO - [2025-04-09T06:56:19.597+0000] {dag.py:3823} INFO - Setting next_dagrun for example_params_trigger_ui to None, run_after=None
[2025-04-09T06:56:19.656+0000] {processor.py:183} INFO - Processing /home/airflow/.local/lib/python3.8/site-packages/airflow/example_dags/example_params_trigger_ui.py took 0.140 seconds
[2025-04-09T06:56:51.849+0000] {processor.py:161} INFO - Started process (PID=560) to work on /home/airflow/.local/lib/python3.8/site-packages/airflow/example_dags/example_params_trigger_ui.py
[2025-04-09T06:56:51.917+0000] {processor.py:830} INFO - Processing file /home/airflow/.local/lib/python3.8/site-packages/airflow/example_dags/example_params_trigger_ui.py for tasks to queue
[2025-04-09T06:56:51.919+0000] {logging_mixin.py:188} INFO - [2025-04-09T06:56:51.918+0000] {dagbag.py:538} INFO - Filling up the DagBag from /home/airflow/.local/lib/python3.8/site-packages/airflow/example_dags/example_params_trigger_ui.py
[2025-04-09T06:56:51.932+0000] {processor.py:840} INFO - DAG(s) 'example_params_trigger_ui' retrieved from /home/airflow/.local/lib/python3.8/site-packages/airflow/example_dags/example_params_trigger_ui.py
[2025-04-09T06:56:51.995+0000] {logging_mixin.py:188} INFO - [2025-04-09T06:56:51.995+0000] {dag.py:3036} INFO - Sync 1 DAGs
[2025-04-09T06:56:52.010+0000] {logging_mixin.py:188} INFO - [2025-04-09T06:56:52.009+0000] {dag.py:3823} INFO - Setting next_dagrun for example_params_trigger_ui to None, run_after=None
[2025-04-09T06:56:52.235+0000] {processor.py:183} INFO - Processing /home/airflow/.local/lib/python3.8/site-packages/airflow/example_dags/example_params_trigger_ui.py took 0.390 seconds
[2025-04-09T06:57:25.735+0000] {processor.py:161} INFO - Started process (PID=88) to work on /home/airflow/.local/lib/python3.8/site-packages/airflow/example_dags/example_params_trigger_ui.py
[2025-04-09T06:57:25.737+0000] {processor.py:830} INFO - Processing file /home/airflow/.local/lib/python3.8/site-packages/airflow/example_dags/example_params_trigger_ui.py for tasks to queue
[2025-04-09T06:57:25.739+0000] {logging_mixin.py:188} INFO - [2025-04-09T06:57:25.738+0000] {dagbag.py:538} INFO - Filling up the DagBag from /home/airflow/.local/lib/python3.8/site-packages/airflow/example_dags/example_params_trigger_ui.py
[2025-04-09T06:57:25.754+0000] {processor.py:840} INFO - DAG(s) 'example_params_trigger_ui' retrieved from /home/airflow/.local/lib/python3.8/site-packages/airflow/example_dags/example_params_trigger_ui.py
[2025-04-09T06:57:25.818+0000] {logging_mixin.py:188} INFO - [2025-04-09T06:57:25.817+0000] {dag.py:3036} INFO - Sync 1 DAGs
[2025-04-09T06:57:25.832+0000] {logging_mixin.py:188} INFO - [2025-04-09T06:57:25.832+0000] {dag.py:3823} INFO - Setting next_dagrun for example_params_trigger_ui to None, run_after=None
[2025-04-09T06:57:25.885+0000] {processor.py:183} INFO - Processing /home/airflow/.local/lib/python3.8/site-packages/airflow/example_dags/example_params_trigger_ui.py took 0.153 seconds
[2025-04-09T06:57:55.988+0000] {processor.py:161} INFO - Started process (PID=140) to work on /home/airflow/.local/lib/python3.8/site-packages/airflow/example_dags/example_params_trigger_ui.py
[2025-04-09T06:57:56.007+0000] {processor.py:830} INFO - Processing file /home/airflow/.local/lib/python3.8/site-packages/airflow/example_dags/example_params_trigger_ui.py for tasks to queue
[2025-04-09T06:57:56.009+0000] {logging_mixin.py:188} INFO - [2025-04-09T06:57:56.008+0000] {dagbag.py:538} INFO - Filling up the DagBag from /home/airflow/.local/lib/python3.8/site-packages/airflow/example_dags/example_params_trigger_ui.py
[2025-04-09T06:57:56.020+0000] {processor.py:840} INFO - DAG(s) 'example_params_trigger_ui' retrieved from /home/airflow/.local/lib/python3.8/site-packages/airflow/example_dags/example_params_trigger_ui.py
[2025-04-09T06:57:56.074+0000] {logging_mixin.py:188} INFO - [2025-04-09T06:57:56.074+0000] {dag.py:3036} INFO - Sync 1 DAGs
[2025-04-09T06:57:56.086+0000] {logging_mixin.py:188} INFO - [2025-04-09T06:57:56.086+0000] {dag.py:3823} INFO - Setting next_dagrun for example_params_trigger_ui to None, run_after=None
[2025-04-09T06:57:56.138+0000] {processor.py:183} INFO - Processing /home/airflow/.local/lib/python3.8/site-packages/airflow/example_dags/example_params_trigger_ui.py took 0.153 seconds
[2025-04-09T06:58:26.212+0000] {processor.py:161} INFO - Started process (PID=198) to work on /home/airflow/.local/lib/python3.8/site-packages/airflow/example_dags/example_params_trigger_ui.py
[2025-04-09T06:58:26.213+0000] {processor.py:830} INFO - Processing file /home/airflow/.local/lib/python3.8/site-packages/airflow/example_dags/example_params_trigger_ui.py for tasks to queue
[2025-04-09T06:58:26.214+0000] {logging_mixin.py:188} INFO - [2025-04-09T06:58:26.214+0000] {dagbag.py:538} INFO - Filling up the DagBag from /home/airflow/.local/lib/python3.8/site-packages/airflow/example_dags/example_params_trigger_ui.py
[2025-04-09T06:58:26.227+0000] {processor.py:840} INFO - DAG(s) 'example_params_trigger_ui' retrieved from /home/airflow/.local/lib/python3.8/site-packages/airflow/example_dags/example_params_trigger_ui.py
[2025-04-09T06:58:26.277+0000] {logging_mixin.py:188} INFO - [2025-04-09T06:58:26.277+0000] {dag.py:3036} INFO - Sync 1 DAGs
[2025-04-09T06:58:26.288+0000] {logging_mixin.py:188} INFO - [2025-04-09T06:58:26.288+0000] {dag.py:3823} INFO - Setting next_dagrun for example_params_trigger_ui to None, run_after=None
[2025-04-09T06:58:26.335+0000] {processor.py:183} INFO - Processing /home/airflow/.local/lib/python3.8/site-packages/airflow/example_dags/example_params_trigger_ui.py took 0.126 seconds
[2025-04-09T06:58:56.386+0000] {processor.py:161} INFO - Started process (PID=265) to work on /home/airflow/.local/lib/python3.8/site-packages/airflow/example_dags/example_params_trigger_ui.py
[2025-04-09T06:58:56.386+0000] {processor.py:830} INFO - Processing file /home/airflow/.local/lib/python3.8/site-packages/airflow/example_dags/example_params_trigger_ui.py for tasks to queue
[2025-04-09T06:58:56.388+0000] {logging_mixin.py:188} INFO - [2025-04-09T06:58:56.387+0000] {dagbag.py:538} INFO - Filling up the DagBag from /home/airflow/.local/lib/python3.8/site-packages/airflow/example_dags/example_params_trigger_ui.py
[2025-04-09T06:58:56.398+0000] {processor.py:840} INFO - DAG(s) 'example_params_trigger_ui' retrieved from /home/airflow/.local/lib/python3.8/site-packages/airflow/example_dags/example_params_trigger_ui.py
[2025-04-09T06:58:56.449+0000] {logging_mixin.py:188} INFO - [2025-04-09T06:58:56.449+0000] {dag.py:3036} INFO - Sync 1 DAGs
[2025-04-09T06:58:56.461+0000] {logging_mixin.py:188} INFO - [2025-04-09T06:58:56.461+0000] {dag.py:3823} INFO - Setting next_dagrun for example_params_trigger_ui to None, run_after=None
[2025-04-09T06:58:56.510+0000] {processor.py:183} INFO - Processing /home/airflow/.local/lib/python3.8/site-packages/airflow/example_dags/example_params_trigger_ui.py took 0.128 seconds
[2025-04-09T06:59:29.885+0000] {processor.py:161} INFO - Started process (PID=323) to work on /home/airflow/.local/lib/python3.8/site-packages/airflow/example_dags/example_params_trigger_ui.py
[2025-04-09T06:59:29.914+0000] {processor.py:830} INFO - Processing file /home/airflow/.local/lib/python3.8/site-packages/airflow/example_dags/example_params_trigger_ui.py for tasks to queue
[2025-04-09T06:59:29.916+0000] {logging_mixin.py:188} INFO - [2025-04-09T06:59:29.915+0000] {dagbag.py:538} INFO - Filling up the DagBag from /home/airflow/.local/lib/python3.8/site-packages/airflow/example_dags/example_params_trigger_ui.py
[2025-04-09T06:59:29.929+0000] {processor.py:840} INFO - DAG(s) 'example_params_trigger_ui' retrieved from /home/airflow/.local/lib/python3.8/site-packages/airflow/example_dags/example_params_trigger_ui.py
[2025-04-09T06:59:29.983+0000] {logging_mixin.py:188} INFO - [2025-04-09T06:59:29.983+0000] {dag.py:3036} INFO - Sync 1 DAGs
[2025-04-09T06:59:29.995+0000] {logging_mixin.py:188} INFO - [2025-04-09T06:59:29.995+0000] {dag.py:3823} INFO - Setting next_dagrun for example_params_trigger_ui to None, run_after=None
[2025-04-09T06:59:30.040+0000] {processor.py:183} INFO - Processing /home/airflow/.local/lib/python3.8/site-packages/airflow/example_dags/example_params_trigger_ui.py took 0.158 seconds
[2025-04-09T07:00:04.180+0000] {processor.py:161} INFO - Started process (PID=381) to work on /home/airflow/.local/lib/python3.8/site-packages/airflow/example_dags/example_params_trigger_ui.py
[2025-04-09T07:00:04.181+0000] {processor.py:830} INFO - Processing file /home/airflow/.local/lib/python3.8/site-packages/airflow/example_dags/example_params_trigger_ui.py for tasks to queue
[2025-04-09T07:00:04.183+0000] {logging_mixin.py:188} INFO - [2025-04-09T07:00:04.183+0000] {dagbag.py:538} INFO - Filling up the DagBag from /home/airflow/.local/lib/python3.8/site-packages/airflow/example_dags/example_params_trigger_ui.py
[2025-04-09T07:00:04.198+0000] {processor.py:840} INFO - DAG(s) 'example_params_trigger_ui' retrieved from /home/airflow/.local/lib/python3.8/site-packages/airflow/example_dags/example_params_trigger_ui.py
[2025-04-09T07:00:04.250+0000] {logging_mixin.py:188} INFO - [2025-04-09T07:00:04.250+0000] {dag.py:3036} INFO - Sync 1 DAGs
[2025-04-09T07:00:04.262+0000] {logging_mixin.py:188} INFO - [2025-04-09T07:00:04.262+0000] {dag.py:3823} INFO - Setting next_dagrun for example_params_trigger_ui to None, run_after=None
[2025-04-09T07:00:04.318+0000] {processor.py:183} INFO - Processing /home/airflow/.local/lib/python3.8/site-packages/airflow/example_dags/example_params_trigger_ui.py took 0.141 seconds
[2025-04-09T07:00:35.070+0000] {processor.py:161} INFO - Started process (PID=439) to work on /home/airflow/.local/lib/python3.8/site-packages/airflow/example_dags/example_params_trigger_ui.py
[2025-04-09T07:00:35.073+0000] {processor.py:830} INFO - Processing file /home/airflow/.local/lib/python3.8/site-packages/airflow/example_dags/example_params_trigger_ui.py for tasks to queue
[2025-04-09T07:00:35.075+0000] {logging_mixin.py:188} INFO - [2025-04-09T07:00:35.075+0000] {dagbag.py:538} INFO - Filling up the DagBag from /home/airflow/.local/lib/python3.8/site-packages/airflow/example_dags/example_params_trigger_ui.py
[2025-04-09T07:00:35.088+0000] {processor.py:840} INFO - DAG(s) 'example_params_trigger_ui' retrieved from /home/airflow/.local/lib/python3.8/site-packages/airflow/example_dags/example_params_trigger_ui.py
[2025-04-09T07:00:35.142+0000] {logging_mixin.py:188} INFO - [2025-04-09T07:00:35.142+0000] {dag.py:3036} INFO - Sync 1 DAGs
[2025-04-09T07:00:35.154+0000] {logging_mixin.py:188} INFO - [2025-04-09T07:00:35.153+0000] {dag.py:3823} INFO - Setting next_dagrun for example_params_trigger_ui to None, run_after=None
[2025-04-09T07:00:35.208+0000] {processor.py:183} INFO - Processing /home/airflow/.local/lib/python3.8/site-packages/airflow/example_dags/example_params_trigger_ui.py took 0.141 seconds
[2025-04-09T07:01:05.629+0000] {processor.py:161} INFO - Started process (PID=497) to work on /home/airflow/.local/lib/python3.8/site-packages/airflow/example_dags/example_params_trigger_ui.py
[2025-04-09T07:01:05.631+0000] {processor.py:830} INFO - Processing file /home/airflow/.local/lib/python3.8/site-packages/airflow/example_dags/example_params_trigger_ui.py for tasks to queue
[2025-04-09T07:01:05.632+0000] {logging_mixin.py:188} INFO - [2025-04-09T07:01:05.632+0000] {dagbag.py:538} INFO - Filling up the DagBag from /home/airflow/.local/lib/python3.8/site-packages/airflow/example_dags/example_params_trigger_ui.py
[2025-04-09T07:01:05.647+0000] {processor.py:840} INFO - DAG(s) 'example_params_trigger_ui' retrieved from /home/airflow/.local/lib/python3.8/site-packages/airflow/example_dags/example_params_trigger_ui.py
[2025-04-09T07:01:05.710+0000] {logging_mixin.py:188} INFO - [2025-04-09T07:01:05.710+0000] {dag.py:3036} INFO - Sync 1 DAGs
[2025-04-09T07:01:05.722+0000] {logging_mixin.py:188} INFO - [2025-04-09T07:01:05.722+0000] {dag.py:3823} INFO - Setting next_dagrun for example_params_trigger_ui to None, run_after=None
[2025-04-09T07:01:05.779+0000] {processor.py:183} INFO - Processing /home/airflow/.local/lib/python3.8/site-packages/airflow/example_dags/example_params_trigger_ui.py took 0.153 seconds
[2025-04-09T07:01:36.180+0000] {processor.py:161} INFO - Started process (PID=556) to work on /home/airflow/.local/lib/python3.8/site-packages/airflow/example_dags/example_params_trigger_ui.py
[2025-04-09T07:01:36.181+0000] {processor.py:830} INFO - Processing file /home/airflow/.local/lib/python3.8/site-packages/airflow/example_dags/example_params_trigger_ui.py for tasks to queue
[2025-04-09T07:01:36.184+0000] {logging_mixin.py:188} INFO - [2025-04-09T07:01:36.184+0000] {dagbag.py:538} INFO - Filling up the DagBag from /home/airflow/.local/lib/python3.8/site-packages/airflow/example_dags/example_params_trigger_ui.py
[2025-04-09T07:01:36.197+0000] {processor.py:840} INFO - DAG(s) 'example_params_trigger_ui' retrieved from /home/airflow/.local/lib/python3.8/site-packages/airflow/example_dags/example_params_trigger_ui.py
[2025-04-09T07:01:36.253+0000] {logging_mixin.py:188} INFO - [2025-04-09T07:01:36.253+0000] {dag.py:3036} INFO - Sync 1 DAGs
[2025-04-09T07:01:36.267+0000] {logging_mixin.py:188} INFO - [2025-04-09T07:01:36.267+0000] {dag.py:3823} INFO - Setting next_dagrun for example_params_trigger_ui to None, run_after=None
[2025-04-09T07:01:36.338+0000] {processor.py:183} INFO - Processing /home/airflow/.local/lib/python3.8/site-packages/airflow/example_dags/example_params_trigger_ui.py took 0.161 seconds
[2025-04-09T07:02:06.454+0000] {processor.py:161} INFO - Started process (PID=614) to work on /home/airflow/.local/lib/python3.8/site-packages/airflow/example_dags/example_params_trigger_ui.py
[2025-04-09T07:02:06.455+0000] {processor.py:830} INFO - Processing file /home/airflow/.local/lib/python3.8/site-packages/airflow/example_dags/example_params_trigger_ui.py for tasks to queue
[2025-04-09T07:02:06.457+0000] {logging_mixin.py:188} INFO - [2025-04-09T07:02:06.456+0000] {dagbag.py:538} INFO - Filling up the DagBag from /home/airflow/.local/lib/python3.8/site-packages/airflow/example_dags/example_params_trigger_ui.py
[2025-04-09T07:02:06.469+0000] {processor.py:840} INFO - DAG(s) 'example_params_trigger_ui' retrieved from /home/airflow/.local/lib/python3.8/site-packages/airflow/example_dags/example_params_trigger_ui.py
[2025-04-09T07:02:06.525+0000] {logging_mixin.py:188} INFO - [2025-04-09T07:02:06.524+0000] {dag.py:3036} INFO - Sync 1 DAGs
[2025-04-09T07:02:06.537+0000] {logging_mixin.py:188} INFO - [2025-04-09T07:02:06.537+0000] {dag.py:3823} INFO - Setting next_dagrun for example_params_trigger_ui to None, run_after=None
[2025-04-09T07:02:06.596+0000] {processor.py:183} INFO - Processing /home/airflow/.local/lib/python3.8/site-packages/airflow/example_dags/example_params_trigger_ui.py took 0.145 seconds
[2025-04-09T07:02:37.304+0000] {processor.py:161} INFO - Started process (PID=672) to work on /home/airflow/.local/lib/python3.8/site-packages/airflow/example_dags/example_params_trigger_ui.py
[2025-04-09T07:02:37.305+0000] {processor.py:830} INFO - Processing file /home/airflow/.local/lib/python3.8/site-packages/airflow/example_dags/example_params_trigger_ui.py for tasks to queue
[2025-04-09T07:02:37.307+0000] {logging_mixin.py:188} INFO - [2025-04-09T07:02:37.307+0000] {dagbag.py:538} INFO - Filling up the DagBag from /home/airflow/.local/lib/python3.8/site-packages/airflow/example_dags/example_params_trigger_ui.py
[2025-04-09T07:02:37.320+0000] {processor.py:840} INFO - DAG(s) 'example_params_trigger_ui' retrieved from /home/airflow/.local/lib/python3.8/site-packages/airflow/example_dags/example_params_trigger_ui.py
[2025-04-09T07:02:37.373+0000] {logging_mixin.py:188} INFO - [2025-04-09T07:02:37.373+0000] {dag.py:3036} INFO - Sync 1 DAGs
[2025-04-09T07:02:37.386+0000] {logging_mixin.py:188} INFO - [2025-04-09T07:02:37.385+0000] {dag.py:3823} INFO - Setting next_dagrun for example_params_trigger_ui to None, run_after=None
[2025-04-09T07:02:37.434+0000] {processor.py:183} INFO - Processing /home/airflow/.local/lib/python3.8/site-packages/airflow/example_dags/example_params_trigger_ui.py took 0.132 seconds
[2025-04-09T07:03:07.996+0000] {processor.py:161} INFO - Started process (PID=730) to work on /home/airflow/.local/lib/python3.8/site-packages/airflow/example_dags/example_params_trigger_ui.py
[2025-04-09T07:03:07.997+0000] {processor.py:830} INFO - Processing file /home/airflow/.local/lib/python3.8/site-packages/airflow/example_dags/example_params_trigger_ui.py for tasks to queue
[2025-04-09T07:03:07.999+0000] {logging_mixin.py:188} INFO - [2025-04-09T07:03:07.999+0000] {dagbag.py:538} INFO - Filling up the DagBag from /home/airflow/.local/lib/python3.8/site-packages/airflow/example_dags/example_params_trigger_ui.py
[2025-04-09T07:03:08.013+0000] {processor.py:840} INFO - DAG(s) 'example_params_trigger_ui' retrieved from /home/airflow/.local/lib/python3.8/site-packages/airflow/example_dags/example_params_trigger_ui.py
[2025-04-09T07:03:08.076+0000] {logging_mixin.py:188} INFO - [2025-04-09T07:03:08.076+0000] {dag.py:3036} INFO - Sync 1 DAGs
[2025-04-09T07:03:08.090+0000] {logging_mixin.py:188} INFO - [2025-04-09T07:03:08.090+0000] {dag.py:3823} INFO - Setting next_dagrun for example_params_trigger_ui to None, run_after=None
[2025-04-09T07:03:08.142+0000] {processor.py:183} INFO - Processing /home/airflow/.local/lib/python3.8/site-packages/airflow/example_dags/example_params_trigger_ui.py took 0.150 seconds
[2025-04-09T07:03:40.205+0000] {processor.py:161} INFO - Started process (PID=788) to work on /home/airflow/.local/lib/python3.8/site-packages/airflow/example_dags/example_params_trigger_ui.py
[2025-04-09T07:03:40.211+0000] {processor.py:830} INFO - Processing file /home/airflow/.local/lib/python3.8/site-packages/airflow/example_dags/example_params_trigger_ui.py for tasks to queue
[2025-04-09T07:03:40.213+0000] {logging_mixin.py:188} INFO - [2025-04-09T07:03:40.213+0000] {dagbag.py:538} INFO - Filling up the DagBag from /home/airflow/.local/lib/python3.8/site-packages/airflow/example_dags/example_params_trigger_ui.py
[2025-04-09T07:03:40.225+0000] {processor.py:840} INFO - DAG(s) 'example_params_trigger_ui' retrieved from /home/airflow/.local/lib/python3.8/site-packages/airflow/example_dags/example_params_trigger_ui.py
[2025-04-09T07:03:40.279+0000] {logging_mixin.py:188} INFO - [2025-04-09T07:03:40.279+0000] {dag.py:3036} INFO - Sync 1 DAGs
[2025-04-09T07:03:40.291+0000] {logging_mixin.py:188} INFO - [2025-04-09T07:03:40.291+0000] {dag.py:3823} INFO - Setting next_dagrun for example_params_trigger_ui to None, run_after=None
[2025-04-09T07:03:40.342+0000] {processor.py:183} INFO - Processing /home/airflow/.local/lib/python3.8/site-packages/airflow/example_dags/example_params_trigger_ui.py took 0.140 seconds
[2025-04-09T07:04:14.895+0000] {processor.py:161} INFO - Started process (PID=847) to work on /home/airflow/.local/lib/python3.8/site-packages/airflow/example_dags/example_params_trigger_ui.py
[2025-04-09T07:04:14.896+0000] {processor.py:830} INFO - Processing file /home/airflow/.local/lib/python3.8/site-packages/airflow/example_dags/example_params_trigger_ui.py for tasks to queue
[2025-04-09T07:04:14.898+0000] {logging_mixin.py:188} INFO - [2025-04-09T07:04:14.897+0000] {dagbag.py:538} INFO - Filling up the DagBag from /home/airflow/.local/lib/python3.8/site-packages/airflow/example_dags/example_params_trigger_ui.py
[2025-04-09T07:04:14.911+0000] {processor.py:840} INFO - DAG(s) 'example_params_trigger_ui' retrieved from /home/airflow/.local/lib/python3.8/site-packages/airflow/example_dags/example_params_trigger_ui.py
[2025-04-09T07:04:14.966+0000] {logging_mixin.py:188} INFO - [2025-04-09T07:04:14.966+0000] {dag.py:3036} INFO - Sync 1 DAGs
[2025-04-09T07:04:14.979+0000] {logging_mixin.py:188} INFO - [2025-04-09T07:04:14.978+0000] {dag.py:3823} INFO - Setting next_dagrun for example_params_trigger_ui to None, run_after=None
[2025-04-09T07:04:15.022+0000] {processor.py:183} INFO - Processing /home/airflow/.local/lib/python3.8/site-packages/airflow/example_dags/example_params_trigger_ui.py took 0.129 seconds
[2025-04-09T07:04:45.566+0000] {processor.py:161} INFO - Started process (PID=905) to work on /home/airflow/.local/lib/python3.8/site-packages/airflow/example_dags/example_params_trigger_ui.py
[2025-04-09T07:04:45.567+0000] {processor.py:830} INFO - Processing file /home/airflow/.local/lib/python3.8/site-packages/airflow/example_dags/example_params_trigger_ui.py for tasks to queue
[2025-04-09T07:04:45.569+0000] {logging_mixin.py:188} INFO - [2025-04-09T07:04:45.569+0000] {dagbag.py:538} INFO - Filling up the DagBag from /home/airflow/.local/lib/python3.8/site-packages/airflow/example_dags/example_params_trigger_ui.py
[2025-04-09T07:04:45.582+0000] {processor.py:840} INFO - DAG(s) 'example_params_trigger_ui' retrieved from /home/airflow/.local/lib/python3.8/site-packages/airflow/example_dags/example_params_trigger_ui.py
[2025-04-09T07:04:45.642+0000] {logging_mixin.py:188} INFO - [2025-04-09T07:04:45.642+0000] {dag.py:3036} INFO - Sync 1 DAGs
[2025-04-09T07:04:45.654+0000] {logging_mixin.py:188} INFO - [2025-04-09T07:04:45.654+0000] {dag.py:3823} INFO - Setting next_dagrun for example_params_trigger_ui to None, run_after=None
[2025-04-09T07:04:45.703+0000] {processor.py:183} INFO - Processing /home/airflow/.local/lib/python3.8/site-packages/airflow/example_dags/example_params_trigger_ui.py took 0.140 seconds
[2025-04-09T07:05:16.360+0000] {processor.py:161} INFO - Started process (PID=963) to work on /home/airflow/.local/lib/python3.8/site-packages/airflow/example_dags/example_params_trigger_ui.py
[2025-04-09T07:05:16.361+0000] {processor.py:830} INFO - Processing file /home/airflow/.local/lib/python3.8/site-packages/airflow/example_dags/example_params_trigger_ui.py for tasks to queue
[2025-04-09T07:05:16.363+0000] {logging_mixin.py:188} INFO - [2025-04-09T07:05:16.362+0000] {dagbag.py:538} INFO - Filling up the DagBag from /home/airflow/.local/lib/python3.8/site-packages/airflow/example_dags/example_params_trigger_ui.py
[2025-04-09T07:05:16.377+0000] {processor.py:840} INFO - DAG(s) 'example_params_trigger_ui' retrieved from /home/airflow/.local/lib/python3.8/site-packages/airflow/example_dags/example_params_trigger_ui.py
[2025-04-09T07:05:16.435+0000] {logging_mixin.py:188} INFO - [2025-04-09T07:05:16.434+0000] {dag.py:3036} INFO - Sync 1 DAGs
[2025-04-09T07:05:16.450+0000] {logging_mixin.py:188} INFO - [2025-04-09T07:05:16.450+0000] {dag.py:3823} INFO - Setting next_dagrun for example_params_trigger_ui to None, run_after=None
[2025-04-09T07:05:16.496+0000] {processor.py:183} INFO - Processing /home/airflow/.local/lib/python3.8/site-packages/airflow/example_dags/example_params_trigger_ui.py took 0.140 seconds
[2025-04-09T07:05:46.666+0000] {processor.py:161} INFO - Started process (PID=1021) to work on /home/airflow/.local/lib/python3.8/site-packages/airflow/example_dags/example_params_trigger_ui.py
[2025-04-09T07:05:46.668+0000] {processor.py:830} INFO - Processing file /home/airflow/.local/lib/python3.8/site-packages/airflow/example_dags/example_params_trigger_ui.py for tasks to queue
[2025-04-09T07:05:46.669+0000] {logging_mixin.py:188} INFO - [2025-04-09T07:05:46.669+0000] {dagbag.py:538} INFO - Filling up the DagBag from /home/airflow/.local/lib/python3.8/site-packages/airflow/example_dags/example_params_trigger_ui.py
[2025-04-09T07:05:46.681+0000] {processor.py:840} INFO - DAG(s) 'example_params_trigger_ui' retrieved from /home/airflow/.local/lib/python3.8/site-packages/airflow/example_dags/example_params_trigger_ui.py
[2025-04-09T07:05:46.739+0000] {logging_mixin.py:188} INFO - [2025-04-09T07:05:46.739+0000] {dag.py:3036} INFO - Sync 1 DAGs
[2025-04-09T07:05:46.755+0000] {logging_mixin.py:188} INFO - [2025-04-09T07:05:46.754+0000] {dag.py:3823} INFO - Setting next_dagrun for example_params_trigger_ui to None, run_after=None
[2025-04-09T07:05:46.801+0000] {processor.py:183} INFO - Processing /home/airflow/.local/lib/python3.8/site-packages/airflow/example_dags/example_params_trigger_ui.py took 0.138 seconds
[2025-04-09T07:06:17.124+0000] {processor.py:161} INFO - Started process (PID=1073) to work on /home/airflow/.local/lib/python3.8/site-packages/airflow/example_dags/example_params_trigger_ui.py
[2025-04-09T07:06:17.134+0000] {processor.py:830} INFO - Processing file /home/airflow/.local/lib/python3.8/site-packages/airflow/example_dags/example_params_trigger_ui.py for tasks to queue
[2025-04-09T07:06:17.135+0000] {logging_mixin.py:188} INFO - [2025-04-09T07:06:17.135+0000] {dagbag.py:538} INFO - Filling up the DagBag from /home/airflow/.local/lib/python3.8/site-packages/airflow/example_dags/example_params_trigger_ui.py
[2025-04-09T07:06:17.150+0000] {processor.py:840} INFO - DAG(s) 'example_params_trigger_ui' retrieved from /home/airflow/.local/lib/python3.8/site-packages/airflow/example_dags/example_params_trigger_ui.py
[2025-04-09T07:06:17.201+0000] {logging_mixin.py:188} INFO - [2025-04-09T07:06:17.201+0000] {dag.py:3036} INFO - Sync 1 DAGs
[2025-04-09T07:06:17.213+0000] {logging_mixin.py:188} INFO - [2025-04-09T07:06:17.212+0000] {dag.py:3823} INFO - Setting next_dagrun for example_params_trigger_ui to None, run_after=None
[2025-04-09T07:06:17.262+0000] {processor.py:183} INFO - Processing /home/airflow/.local/lib/python3.8/site-packages/airflow/example_dags/example_params_trigger_ui.py took 0.141 seconds
[2025-04-09T07:10:02.421+0000] {processor.py:161} INFO - Started process (PID=107) to work on /home/airflow/.local/lib/python3.8/site-packages/airflow/example_dags/example_params_trigger_ui.py
[2025-04-09T07:10:02.422+0000] {processor.py:830} INFO - Processing file /home/airflow/.local/lib/python3.8/site-packages/airflow/example_dags/example_params_trigger_ui.py for tasks to queue
[2025-04-09T07:10:02.425+0000] {logging_mixin.py:188} INFO - [2025-04-09T07:10:02.424+0000] {dagbag.py:538} INFO - Filling up the DagBag from /home/airflow/.local/lib/python3.8/site-packages/airflow/example_dags/example_params_trigger_ui.py
[2025-04-09T07:10:02.450+0000] {processor.py:840} INFO - DAG(s) 'example_params_trigger_ui' retrieved from /home/airflow/.local/lib/python3.8/site-packages/airflow/example_dags/example_params_trigger_ui.py
[2025-04-09T07:10:02.627+0000] {logging_mixin.py:188} INFO - [2025-04-09T07:10:02.626+0000] {dag.py:3036} INFO - Sync 1 DAGs
[2025-04-09T07:10:02.639+0000] {logging_mixin.py:188} INFO - [2025-04-09T07:10:02.638+0000] {dag.py:3823} INFO - Setting next_dagrun for example_params_trigger_ui to None, run_after=None
[2025-04-09T07:10:02.801+0000] {processor.py:183} INFO - Processing /home/airflow/.local/lib/python3.8/site-packages/airflow/example_dags/example_params_trigger_ui.py took 0.383 seconds
[2025-04-09T07:10:33.379+0000] {processor.py:161} INFO - Started process (PID=165) to work on /home/airflow/.local/lib/python3.8/site-packages/airflow/example_dags/example_params_trigger_ui.py
[2025-04-09T07:10:33.380+0000] {processor.py:830} INFO - Processing file /home/airflow/.local/lib/python3.8/site-packages/airflow/example_dags/example_params_trigger_ui.py for tasks to queue
[2025-04-09T07:10:33.382+0000] {logging_mixin.py:188} INFO - [2025-04-09T07:10:33.382+0000] {dagbag.py:538} INFO - Filling up the DagBag from /home/airflow/.local/lib/python3.8/site-packages/airflow/example_dags/example_params_trigger_ui.py
[2025-04-09T07:10:33.405+0000] {processor.py:840} INFO - DAG(s) 'example_params_trigger_ui' retrieved from /home/airflow/.local/lib/python3.8/site-packages/airflow/example_dags/example_params_trigger_ui.py
[2025-04-09T07:10:33.494+0000] {logging_mixin.py:188} INFO - [2025-04-09T07:10:33.493+0000] {dag.py:3036} INFO - Sync 1 DAGs
[2025-04-09T07:10:33.514+0000] {logging_mixin.py:188} INFO - [2025-04-09T07:10:33.514+0000] {dag.py:3823} INFO - Setting next_dagrun for example_params_trigger_ui to None, run_after=None
[2025-04-09T07:10:33.585+0000] {processor.py:183} INFO - Processing /home/airflow/.local/lib/python3.8/site-packages/airflow/example_dags/example_params_trigger_ui.py took 0.213 seconds
[2025-04-09T07:11:03.942+0000] {processor.py:161} INFO - Started process (PID=217) to work on /home/airflow/.local/lib/python3.8/site-packages/airflow/example_dags/example_params_trigger_ui.py
[2025-04-09T07:11:03.944+0000] {processor.py:830} INFO - Processing file /home/airflow/.local/lib/python3.8/site-packages/airflow/example_dags/example_params_trigger_ui.py for tasks to queue
[2025-04-09T07:11:03.945+0000] {logging_mixin.py:188} INFO - [2025-04-09T07:11:03.945+0000] {dagbag.py:538} INFO - Filling up the DagBag from /home/airflow/.local/lib/python3.8/site-packages/airflow/example_dags/example_params_trigger_ui.py
[2025-04-09T07:11:03.966+0000] {processor.py:840} INFO - DAG(s) 'example_params_trigger_ui' retrieved from /home/airflow/.local/lib/python3.8/site-packages/airflow/example_dags/example_params_trigger_ui.py
[2025-04-09T07:11:04.022+0000] {logging_mixin.py:188} INFO - [2025-04-09T07:11:04.022+0000] {dag.py:3036} INFO - Sync 1 DAGs
[2025-04-09T07:11:04.039+0000] {logging_mixin.py:188} INFO - [2025-04-09T07:11:04.038+0000] {dag.py:3823} INFO - Setting next_dagrun for example_params_trigger_ui to None, run_after=None
[2025-04-09T07:11:04.126+0000] {processor.py:183} INFO - Processing /home/airflow/.local/lib/python3.8/site-packages/airflow/example_dags/example_params_trigger_ui.py took 0.187 seconds
[2025-04-09T07:11:34.544+0000] {processor.py:161} INFO - Started process (PID=284) to work on /home/airflow/.local/lib/python3.8/site-packages/airflow/example_dags/example_params_trigger_ui.py
[2025-04-09T07:11:34.545+0000] {processor.py:830} INFO - Processing file /home/airflow/.local/lib/python3.8/site-packages/airflow/example_dags/example_params_trigger_ui.py for tasks to queue
[2025-04-09T07:11:34.547+0000] {logging_mixin.py:188} INFO - [2025-04-09T07:11:34.547+0000] {dagbag.py:538} INFO - Filling up the DagBag from /home/airflow/.local/lib/python3.8/site-packages/airflow/example_dags/example_params_trigger_ui.py
[2025-04-09T07:11:34.565+0000] {processor.py:840} INFO - DAG(s) 'example_params_trigger_ui' retrieved from /home/airflow/.local/lib/python3.8/site-packages/airflow/example_dags/example_params_trigger_ui.py
[2025-04-09T07:11:34.635+0000] {logging_mixin.py:188} INFO - [2025-04-09T07:11:34.634+0000] {dag.py:3036} INFO - Sync 1 DAGs
[2025-04-09T07:11:34.656+0000] {logging_mixin.py:188} INFO - [2025-04-09T07:11:34.655+0000] {dag.py:3823} INFO - Setting next_dagrun for example_params_trigger_ui to None, run_after=None
[2025-04-09T07:11:34.749+0000] {processor.py:183} INFO - Processing /home/airflow/.local/lib/python3.8/site-packages/airflow/example_dags/example_params_trigger_ui.py took 0.209 seconds
[2025-04-09T07:12:05.040+0000] {processor.py:161} INFO - Started process (PID=342) to work on /home/airflow/.local/lib/python3.8/site-packages/airflow/example_dags/example_params_trigger_ui.py
[2025-04-09T07:12:05.055+0000] {processor.py:830} INFO - Processing file /home/airflow/.local/lib/python3.8/site-packages/airflow/example_dags/example_params_trigger_ui.py for tasks to queue
[2025-04-09T07:12:05.057+0000] {logging_mixin.py:188} INFO - [2025-04-09T07:12:05.057+0000] {dagbag.py:538} INFO - Filling up the DagBag from /home/airflow/.local/lib/python3.8/site-packages/airflow/example_dags/example_params_trigger_ui.py
[2025-04-09T07:12:05.075+0000] {processor.py:840} INFO - DAG(s) 'example_params_trigger_ui' retrieved from /home/airflow/.local/lib/python3.8/site-packages/airflow/example_dags/example_params_trigger_ui.py
[2025-04-09T07:12:05.146+0000] {logging_mixin.py:188} INFO - [2025-04-09T07:12:05.146+0000] {dag.py:3036} INFO - Sync 1 DAGs
[2025-04-09T07:12:05.162+0000] {logging_mixin.py:188} INFO - [2025-04-09T07:12:05.161+0000] {dag.py:3823} INFO - Setting next_dagrun for example_params_trigger_ui to None, run_after=None
[2025-04-09T07:12:05.264+0000] {processor.py:183} INFO - Processing /home/airflow/.local/lib/python3.8/site-packages/airflow/example_dags/example_params_trigger_ui.py took 0.227 seconds
[2025-04-09T07:12:37.910+0000] {processor.py:161} INFO - Started process (PID=400) to work on /home/airflow/.local/lib/python3.8/site-packages/airflow/example_dags/example_params_trigger_ui.py
[2025-04-09T07:12:37.929+0000] {processor.py:830} INFO - Processing file /home/airflow/.local/lib/python3.8/site-packages/airflow/example_dags/example_params_trigger_ui.py for tasks to queue
[2025-04-09T07:12:37.931+0000] {logging_mixin.py:188} INFO - [2025-04-09T07:12:37.931+0000] {dagbag.py:538} INFO - Filling up the DagBag from /home/airflow/.local/lib/python3.8/site-packages/airflow/example_dags/example_params_trigger_ui.py
[2025-04-09T07:12:37.945+0000] {processor.py:840} INFO - DAG(s) 'example_params_trigger_ui' retrieved from /home/airflow/.local/lib/python3.8/site-packages/airflow/example_dags/example_params_trigger_ui.py
[2025-04-09T07:12:37.999+0000] {logging_mixin.py:188} INFO - [2025-04-09T07:12:37.998+0000] {dag.py:3036} INFO - Sync 1 DAGs
[2025-04-09T07:12:38.011+0000] {logging_mixin.py:188} INFO - [2025-04-09T07:12:38.011+0000] {dag.py:3823} INFO - Setting next_dagrun for example_params_trigger_ui to None, run_after=None
[2025-04-09T07:12:38.060+0000] {processor.py:183} INFO - Processing /home/airflow/.local/lib/python3.8/site-packages/airflow/example_dags/example_params_trigger_ui.py took 0.153 seconds
[2025-04-09T07:13:12.748+0000] {processor.py:161} INFO - Started process (PID=458) to work on /home/airflow/.local/lib/python3.8/site-packages/airflow/example_dags/example_params_trigger_ui.py
[2025-04-09T07:13:12.769+0000] {processor.py:830} INFO - Processing file /home/airflow/.local/lib/python3.8/site-packages/airflow/example_dags/example_params_trigger_ui.py for tasks to queue
[2025-04-09T07:13:12.771+0000] {logging_mixin.py:188} INFO - [2025-04-09T07:13:12.771+0000] {dagbag.py:538} INFO - Filling up the DagBag from /home/airflow/.local/lib/python3.8/site-packages/airflow/example_dags/example_params_trigger_ui.py
[2025-04-09T07:13:12.789+0000] {processor.py:840} INFO - DAG(s) 'example_params_trigger_ui' retrieved from /home/airflow/.local/lib/python3.8/site-packages/airflow/example_dags/example_params_trigger_ui.py
[2025-04-09T07:13:12.847+0000] {logging_mixin.py:188} INFO - [2025-04-09T07:13:12.847+0000] {dag.py:3036} INFO - Sync 1 DAGs
[2025-04-09T07:13:12.859+0000] {logging_mixin.py:188} INFO - [2025-04-09T07:13:12.859+0000] {dag.py:3823} INFO - Setting next_dagrun for example_params_trigger_ui to None, run_after=None
[2025-04-09T07:13:12.916+0000] {processor.py:183} INFO - Processing /home/airflow/.local/lib/python3.8/site-packages/airflow/example_dags/example_params_trigger_ui.py took 0.170 seconds
[2025-04-09T07:13:43.437+0000] {processor.py:161} INFO - Started process (PID=516) to work on /home/airflow/.local/lib/python3.8/site-packages/airflow/example_dags/example_params_trigger_ui.py
[2025-04-09T07:13:43.439+0000] {processor.py:830} INFO - Processing file /home/airflow/.local/lib/python3.8/site-packages/airflow/example_dags/example_params_trigger_ui.py for tasks to queue
[2025-04-09T07:13:43.441+0000] {logging_mixin.py:188} INFO - [2025-04-09T07:13:43.441+0000] {dagbag.py:538} INFO - Filling up the DagBag from /home/airflow/.local/lib/python3.8/site-packages/airflow/example_dags/example_params_trigger_ui.py
[2025-04-09T07:13:43.456+0000] {processor.py:840} INFO - DAG(s) 'example_params_trigger_ui' retrieved from /home/airflow/.local/lib/python3.8/site-packages/airflow/example_dags/example_params_trigger_ui.py
[2025-04-09T07:13:43.519+0000] {logging_mixin.py:188} INFO - [2025-04-09T07:13:43.519+0000] {dag.py:3036} INFO - Sync 1 DAGs
[2025-04-09T07:13:43.550+0000] {logging_mixin.py:188} INFO - [2025-04-09T07:13:43.550+0000] {dag.py:3823} INFO - Setting next_dagrun for example_params_trigger_ui to None, run_after=None
[2025-04-09T07:13:43.613+0000] {processor.py:183} INFO - Processing /home/airflow/.local/lib/python3.8/site-packages/airflow/example_dags/example_params_trigger_ui.py took 0.179 seconds
[2025-04-09T07:14:13.905+0000] {processor.py:161} INFO - Started process (PID=574) to work on /home/airflow/.local/lib/python3.8/site-packages/airflow/example_dags/example_params_trigger_ui.py
[2025-04-09T07:14:13.907+0000] {processor.py:830} INFO - Processing file /home/airflow/.local/lib/python3.8/site-packages/airflow/example_dags/example_params_trigger_ui.py for tasks to queue
[2025-04-09T07:14:13.908+0000] {logging_mixin.py:188} INFO - [2025-04-09T07:14:13.908+0000] {dagbag.py:538} INFO - Filling up the DagBag from /home/airflow/.local/lib/python3.8/site-packages/airflow/example_dags/example_params_trigger_ui.py
[2025-04-09T07:14:13.921+0000] {processor.py:840} INFO - DAG(s) 'example_params_trigger_ui' retrieved from /home/airflow/.local/lib/python3.8/site-packages/airflow/example_dags/example_params_trigger_ui.py
[2025-04-09T07:14:13.988+0000] {logging_mixin.py:188} INFO - [2025-04-09T07:14:13.988+0000] {dag.py:3036} INFO - Sync 1 DAGs
[2025-04-09T07:14:14.001+0000] {logging_mixin.py:188} INFO - [2025-04-09T07:14:14.001+0000] {dag.py:3823} INFO - Setting next_dagrun for example_params_trigger_ui to None, run_after=None
[2025-04-09T07:14:14.056+0000] {processor.py:183} INFO - Processing /home/airflow/.local/lib/python3.8/site-packages/airflow/example_dags/example_params_trigger_ui.py took 0.153 seconds
[2025-04-09T07:14:44.100+0000] {processor.py:161} INFO - Started process (PID=632) to work on /home/airflow/.local/lib/python3.8/site-packages/airflow/example_dags/example_params_trigger_ui.py
[2025-04-09T07:14:44.101+0000] {processor.py:830} INFO - Processing file /home/airflow/.local/lib/python3.8/site-packages/airflow/example_dags/example_params_trigger_ui.py for tasks to queue
[2025-04-09T07:14:44.102+0000] {logging_mixin.py:188} INFO - [2025-04-09T07:14:44.102+0000] {dagbag.py:538} INFO - Filling up the DagBag from /home/airflow/.local/lib/python3.8/site-packages/airflow/example_dags/example_params_trigger_ui.py
[2025-04-09T07:14:44.116+0000] {processor.py:840} INFO - DAG(s) 'example_params_trigger_ui' retrieved from /home/airflow/.local/lib/python3.8/site-packages/airflow/example_dags/example_params_trigger_ui.py
[2025-04-09T07:14:44.179+0000] {logging_mixin.py:188} INFO - [2025-04-09T07:14:44.178+0000] {dag.py:3036} INFO - Sync 1 DAGs
[2025-04-09T07:14:44.193+0000] {logging_mixin.py:188} INFO - [2025-04-09T07:14:44.193+0000] {dag.py:3823} INFO - Setting next_dagrun for example_params_trigger_ui to None, run_after=None
[2025-04-09T07:14:44.323+0000] {processor.py:183} INFO - Processing /home/airflow/.local/lib/python3.8/site-packages/airflow/example_dags/example_params_trigger_ui.py took 0.226 seconds
[2025-04-09T07:15:14.487+0000] {processor.py:161} INFO - Started process (PID=690) to work on /home/airflow/.local/lib/python3.8/site-packages/airflow/example_dags/example_params_trigger_ui.py
[2025-04-09T07:15:14.489+0000] {processor.py:830} INFO - Processing file /home/airflow/.local/lib/python3.8/site-packages/airflow/example_dags/example_params_trigger_ui.py for tasks to queue
[2025-04-09T07:15:14.490+0000] {logging_mixin.py:188} INFO - [2025-04-09T07:15:14.490+0000] {dagbag.py:538} INFO - Filling up the DagBag from /home/airflow/.local/lib/python3.8/site-packages/airflow/example_dags/example_params_trigger_ui.py
[2025-04-09T07:15:14.506+0000] {processor.py:840} INFO - DAG(s) 'example_params_trigger_ui' retrieved from /home/airflow/.local/lib/python3.8/site-packages/airflow/example_dags/example_params_trigger_ui.py
[2025-04-09T07:15:14.570+0000] {logging_mixin.py:188} INFO - [2025-04-09T07:15:14.569+0000] {dag.py:3036} INFO - Sync 1 DAGs
[2025-04-09T07:15:14.584+0000] {logging_mixin.py:188} INFO - [2025-04-09T07:15:14.583+0000] {dag.py:3823} INFO - Setting next_dagrun for example_params_trigger_ui to None, run_after=None
[2025-04-09T07:15:14.640+0000] {processor.py:183} INFO - Processing /home/airflow/.local/lib/python3.8/site-packages/airflow/example_dags/example_params_trigger_ui.py took 0.157 seconds
[2025-04-09T07:15:44.779+0000] {processor.py:161} INFO - Started process (PID=748) to work on /home/airflow/.local/lib/python3.8/site-packages/airflow/example_dags/example_params_trigger_ui.py
[2025-04-09T07:15:44.781+0000] {processor.py:830} INFO - Processing file /home/airflow/.local/lib/python3.8/site-packages/airflow/example_dags/example_params_trigger_ui.py for tasks to queue
[2025-04-09T07:15:44.783+0000] {logging_mixin.py:188} INFO - [2025-04-09T07:15:44.783+0000] {dagbag.py:538} INFO - Filling up the DagBag from /home/airflow/.local/lib/python3.8/site-packages/airflow/example_dags/example_params_trigger_ui.py
[2025-04-09T07:15:44.797+0000] {processor.py:840} INFO - DAG(s) 'example_params_trigger_ui' retrieved from /home/airflow/.local/lib/python3.8/site-packages/airflow/example_dags/example_params_trigger_ui.py
[2025-04-09T07:15:44.864+0000] {logging_mixin.py:188} INFO - [2025-04-09T07:15:44.863+0000] {dag.py:3036} INFO - Sync 1 DAGs
[2025-04-09T07:15:44.879+0000] {logging_mixin.py:188} INFO - [2025-04-09T07:15:44.879+0000] {dag.py:3823} INFO - Setting next_dagrun for example_params_trigger_ui to None, run_after=None
[2025-04-09T07:15:44.932+0000] {processor.py:183} INFO - Processing /home/airflow/.local/lib/python3.8/site-packages/airflow/example_dags/example_params_trigger_ui.py took 0.157 seconds
[2025-04-09T07:16:14.975+0000] {processor.py:161} INFO - Started process (PID=806) to work on /home/airflow/.local/lib/python3.8/site-packages/airflow/example_dags/example_params_trigger_ui.py
[2025-04-09T07:16:14.976+0000] {processor.py:830} INFO - Processing file /home/airflow/.local/lib/python3.8/site-packages/airflow/example_dags/example_params_trigger_ui.py for tasks to queue
[2025-04-09T07:16:14.977+0000] {logging_mixin.py:188} INFO - [2025-04-09T07:16:14.977+0000] {dagbag.py:538} INFO - Filling up the DagBag from /home/airflow/.local/lib/python3.8/site-packages/airflow/example_dags/example_params_trigger_ui.py
[2025-04-09T07:16:14.990+0000] {processor.py:840} INFO - DAG(s) 'example_params_trigger_ui' retrieved from /home/airflow/.local/lib/python3.8/site-packages/airflow/example_dags/example_params_trigger_ui.py
[2025-04-09T07:16:15.043+0000] {logging_mixin.py:188} INFO - [2025-04-09T07:16:15.043+0000] {dag.py:3036} INFO - Sync 1 DAGs
[2025-04-09T07:16:15.058+0000] {logging_mixin.py:188} INFO - [2025-04-09T07:16:15.057+0000] {dag.py:3823} INFO - Setting next_dagrun for example_params_trigger_ui to None, run_after=None
[2025-04-09T07:16:15.114+0000] {processor.py:183} INFO - Processing /home/airflow/.local/lib/python3.8/site-packages/airflow/example_dags/example_params_trigger_ui.py took 0.142 seconds
[2025-04-09T07:16:48.650+0000] {processor.py:161} INFO - Started process (PID=864) to work on /home/airflow/.local/lib/python3.8/site-packages/airflow/example_dags/example_params_trigger_ui.py
[2025-04-09T07:16:48.666+0000] {processor.py:830} INFO - Processing file /home/airflow/.local/lib/python3.8/site-packages/airflow/example_dags/example_params_trigger_ui.py for tasks to queue
[2025-04-09T07:16:48.668+0000] {logging_mixin.py:188} INFO - [2025-04-09T07:16:48.667+0000] {dagbag.py:538} INFO - Filling up the DagBag from /home/airflow/.local/lib/python3.8/site-packages/airflow/example_dags/example_params_trigger_ui.py
[2025-04-09T07:16:48.681+0000] {processor.py:840} INFO - DAG(s) 'example_params_trigger_ui' retrieved from /home/airflow/.local/lib/python3.8/site-packages/airflow/example_dags/example_params_trigger_ui.py
[2025-04-09T07:16:48.735+0000] {logging_mixin.py:188} INFO - [2025-04-09T07:16:48.734+0000] {dag.py:3036} INFO - Sync 1 DAGs
[2025-04-09T07:16:48.748+0000] {logging_mixin.py:188} INFO - [2025-04-09T07:16:48.747+0000] {dag.py:3823} INFO - Setting next_dagrun for example_params_trigger_ui to None, run_after=None
[2025-04-09T07:16:48.808+0000] {processor.py:183} INFO - Processing /home/airflow/.local/lib/python3.8/site-packages/airflow/example_dags/example_params_trigger_ui.py took 0.160 seconds
[2025-04-09T07:17:22.635+0000] {processor.py:161} INFO - Started process (PID=922) to work on /home/airflow/.local/lib/python3.8/site-packages/airflow/example_dags/example_params_trigger_ui.py
[2025-04-09T07:17:22.636+0000] {processor.py:830} INFO - Processing file /home/airflow/.local/lib/python3.8/site-packages/airflow/example_dags/example_params_trigger_ui.py for tasks to queue
[2025-04-09T07:17:22.638+0000] {logging_mixin.py:188} INFO - [2025-04-09T07:17:22.638+0000] {dagbag.py:538} INFO - Filling up the DagBag from /home/airflow/.local/lib/python3.8/site-packages/airflow/example_dags/example_params_trigger_ui.py
[2025-04-09T07:17:22.653+0000] {processor.py:840} INFO - DAG(s) 'example_params_trigger_ui' retrieved from /home/airflow/.local/lib/python3.8/site-packages/airflow/example_dags/example_params_trigger_ui.py
[2025-04-09T07:17:22.721+0000] {logging_mixin.py:188} INFO - [2025-04-09T07:17:22.720+0000] {dag.py:3036} INFO - Sync 1 DAGs
[2025-04-09T07:17:22.735+0000] {logging_mixin.py:188} INFO - [2025-04-09T07:17:22.735+0000] {dag.py:3823} INFO - Setting next_dagrun for example_params_trigger_ui to None, run_after=None
[2025-04-09T07:17:22.800+0000] {processor.py:183} INFO - Processing /home/airflow/.local/lib/python3.8/site-packages/airflow/example_dags/example_params_trigger_ui.py took 0.169 seconds
[2025-04-09T07:17:53.428+0000] {processor.py:161} INFO - Started process (PID=980) to work on /home/airflow/.local/lib/python3.8/site-packages/airflow/example_dags/example_params_trigger_ui.py
[2025-04-09T07:17:53.429+0000] {processor.py:830} INFO - Processing file /home/airflow/.local/lib/python3.8/site-packages/airflow/example_dags/example_params_trigger_ui.py for tasks to queue
[2025-04-09T07:17:53.432+0000] {logging_mixin.py:188} INFO - [2025-04-09T07:17:53.431+0000] {dagbag.py:538} INFO - Filling up the DagBag from /home/airflow/.local/lib/python3.8/site-packages/airflow/example_dags/example_params_trigger_ui.py
[2025-04-09T07:17:53.447+0000] {processor.py:840} INFO - DAG(s) 'example_params_trigger_ui' retrieved from /home/airflow/.local/lib/python3.8/site-packages/airflow/example_dags/example_params_trigger_ui.py
[2025-04-09T07:17:53.503+0000] {logging_mixin.py:188} INFO - [2025-04-09T07:17:53.503+0000] {dag.py:3036} INFO - Sync 1 DAGs
[2025-04-09T07:17:53.517+0000] {logging_mixin.py:188} INFO - [2025-04-09T07:17:53.516+0000] {dag.py:3823} INFO - Setting next_dagrun for example_params_trigger_ui to None, run_after=None
[2025-04-09T07:17:53.570+0000] {processor.py:183} INFO - Processing /home/airflow/.local/lib/python3.8/site-packages/airflow/example_dags/example_params_trigger_ui.py took 0.144 seconds
[2025-04-09T07:18:24.424+0000] {processor.py:161} INFO - Started process (PID=1038) to work on /home/airflow/.local/lib/python3.8/site-packages/airflow/example_dags/example_params_trigger_ui.py
[2025-04-09T07:18:24.425+0000] {processor.py:830} INFO - Processing file /home/airflow/.local/lib/python3.8/site-packages/airflow/example_dags/example_params_trigger_ui.py for tasks to queue
[2025-04-09T07:18:24.427+0000] {logging_mixin.py:188} INFO - [2025-04-09T07:18:24.426+0000] {dagbag.py:538} INFO - Filling up the DagBag from /home/airflow/.local/lib/python3.8/site-packages/airflow/example_dags/example_params_trigger_ui.py
[2025-04-09T07:18:24.442+0000] {processor.py:840} INFO - DAG(s) 'example_params_trigger_ui' retrieved from /home/airflow/.local/lib/python3.8/site-packages/airflow/example_dags/example_params_trigger_ui.py
[2025-04-09T07:18:24.509+0000] {logging_mixin.py:188} INFO - [2025-04-09T07:18:24.509+0000] {dag.py:3036} INFO - Sync 1 DAGs
[2025-04-09T07:18:24.526+0000] {logging_mixin.py:188} INFO - [2025-04-09T07:18:24.525+0000] {dag.py:3823} INFO - Setting next_dagrun for example_params_trigger_ui to None, run_after=None
[2025-04-09T07:18:24.577+0000] {processor.py:183} INFO - Processing /home/airflow/.local/lib/python3.8/site-packages/airflow/example_dags/example_params_trigger_ui.py took 0.157 seconds
[2025-04-09T07:18:54.886+0000] {processor.py:161} INFO - Started process (PID=1096) to work on /home/airflow/.local/lib/python3.8/site-packages/airflow/example_dags/example_params_trigger_ui.py
[2025-04-09T07:18:54.934+0000] {processor.py:830} INFO - Processing file /home/airflow/.local/lib/python3.8/site-packages/airflow/example_dags/example_params_trigger_ui.py for tasks to queue
[2025-04-09T07:18:54.936+0000] {logging_mixin.py:188} INFO - [2025-04-09T07:18:54.935+0000] {dagbag.py:538} INFO - Filling up the DagBag from /home/airflow/.local/lib/python3.8/site-packages/airflow/example_dags/example_params_trigger_ui.py
[2025-04-09T07:18:54.952+0000] {processor.py:840} INFO - DAG(s) 'example_params_trigger_ui' retrieved from /home/airflow/.local/lib/python3.8/site-packages/airflow/example_dags/example_params_trigger_ui.py
[2025-04-09T07:18:55.031+0000] {logging_mixin.py:188} INFO - [2025-04-09T07:18:55.030+0000] {dag.py:3036} INFO - Sync 1 DAGs
[2025-04-09T07:18:55.044+0000] {logging_mixin.py:188} INFO - [2025-04-09T07:18:55.043+0000] {dag.py:3823} INFO - Setting next_dagrun for example_params_trigger_ui to None, run_after=None
[2025-04-09T07:18:55.114+0000] {processor.py:183} INFO - Processing /home/airflow/.local/lib/python3.8/site-packages/airflow/example_dags/example_params_trigger_ui.py took 0.231 seconds
[2025-04-09T07:19:25.175+0000] {processor.py:161} INFO - Started process (PID=1155) to work on /home/airflow/.local/lib/python3.8/site-packages/airflow/example_dags/example_params_trigger_ui.py
[2025-04-09T07:19:25.176+0000] {processor.py:830} INFO - Processing file /home/airflow/.local/lib/python3.8/site-packages/airflow/example_dags/example_params_trigger_ui.py for tasks to queue
[2025-04-09T07:19:25.177+0000] {logging_mixin.py:188} INFO - [2025-04-09T07:19:25.177+0000] {dagbag.py:538} INFO - Filling up the DagBag from /home/airflow/.local/lib/python3.8/site-packages/airflow/example_dags/example_params_trigger_ui.py
[2025-04-09T07:19:25.192+0000] {processor.py:840} INFO - DAG(s) 'example_params_trigger_ui' retrieved from /home/airflow/.local/lib/python3.8/site-packages/airflow/example_dags/example_params_trigger_ui.py
[2025-04-09T07:19:25.256+0000] {logging_mixin.py:188} INFO - [2025-04-09T07:19:25.256+0000] {dag.py:3036} INFO - Sync 1 DAGs
[2025-04-09T07:19:25.272+0000] {logging_mixin.py:188} INFO - [2025-04-09T07:19:25.271+0000] {dag.py:3823} INFO - Setting next_dagrun for example_params_trigger_ui to None, run_after=None
[2025-04-09T07:19:25.317+0000] {processor.py:183} INFO - Processing /home/airflow/.local/lib/python3.8/site-packages/airflow/example_dags/example_params_trigger_ui.py took 0.146 seconds
[2025-04-09T07:19:55.418+0000] {processor.py:161} INFO - Started process (PID=1206) to work on /home/airflow/.local/lib/python3.8/site-packages/airflow/example_dags/example_params_trigger_ui.py
[2025-04-09T07:19:55.419+0000] {processor.py:830} INFO - Processing file /home/airflow/.local/lib/python3.8/site-packages/airflow/example_dags/example_params_trigger_ui.py for tasks to queue
[2025-04-09T07:19:55.421+0000] {logging_mixin.py:188} INFO - [2025-04-09T07:19:55.421+0000] {dagbag.py:538} INFO - Filling up the DagBag from /home/airflow/.local/lib/python3.8/site-packages/airflow/example_dags/example_params_trigger_ui.py
[2025-04-09T07:19:55.434+0000] {processor.py:840} INFO - DAG(s) 'example_params_trigger_ui' retrieved from /home/airflow/.local/lib/python3.8/site-packages/airflow/example_dags/example_params_trigger_ui.py
[2025-04-09T07:19:55.485+0000] {logging_mixin.py:188} INFO - [2025-04-09T07:19:55.485+0000] {dag.py:3036} INFO - Sync 1 DAGs
[2025-04-09T07:19:55.498+0000] {logging_mixin.py:188} INFO - [2025-04-09T07:19:55.497+0000] {dag.py:3823} INFO - Setting next_dagrun for example_params_trigger_ui to None, run_after=None
[2025-04-09T07:19:55.548+0000] {processor.py:183} INFO - Processing /home/airflow/.local/lib/python3.8/site-packages/airflow/example_dags/example_params_trigger_ui.py took 0.133 seconds
[2025-04-09T07:20:25.571+0000] {processor.py:161} INFO - Started process (PID=1264) to work on /home/airflow/.local/lib/python3.8/site-packages/airflow/example_dags/example_params_trigger_ui.py
[2025-04-09T07:20:25.572+0000] {processor.py:830} INFO - Processing file /home/airflow/.local/lib/python3.8/site-packages/airflow/example_dags/example_params_trigger_ui.py for tasks to queue
[2025-04-09T07:20:25.574+0000] {logging_mixin.py:188} INFO - [2025-04-09T07:20:25.574+0000] {dagbag.py:538} INFO - Filling up the DagBag from /home/airflow/.local/lib/python3.8/site-packages/airflow/example_dags/example_params_trigger_ui.py
[2025-04-09T07:20:25.591+0000] {processor.py:840} INFO - DAG(s) 'example_params_trigger_ui' retrieved from /home/airflow/.local/lib/python3.8/site-packages/airflow/example_dags/example_params_trigger_ui.py
[2025-04-09T07:20:25.658+0000] {logging_mixin.py:188} INFO - [2025-04-09T07:20:25.657+0000] {dag.py:3036} INFO - Sync 1 DAGs
[2025-04-09T07:20:25.671+0000] {logging_mixin.py:188} INFO - [2025-04-09T07:20:25.671+0000] {dag.py:3823} INFO - Setting next_dagrun for example_params_trigger_ui to None, run_after=None
[2025-04-09T07:20:25.724+0000] {processor.py:183} INFO - Processing /home/airflow/.local/lib/python3.8/site-packages/airflow/example_dags/example_params_trigger_ui.py took 0.156 seconds
[2025-04-09T07:20:57.908+0000] {processor.py:161} INFO - Started process (PID=1322) to work on /home/airflow/.local/lib/python3.8/site-packages/airflow/example_dags/example_params_trigger_ui.py
[2025-04-09T07:20:57.910+0000] {processor.py:830} INFO - Processing file /home/airflow/.local/lib/python3.8/site-packages/airflow/example_dags/example_params_trigger_ui.py for tasks to queue
[2025-04-09T07:20:57.912+0000] {logging_mixin.py:188} INFO - [2025-04-09T07:20:57.912+0000] {dagbag.py:538} INFO - Filling up the DagBag from /home/airflow/.local/lib/python3.8/site-packages/airflow/example_dags/example_params_trigger_ui.py
[2025-04-09T07:20:57.927+0000] {processor.py:840} INFO - DAG(s) 'example_params_trigger_ui' retrieved from /home/airflow/.local/lib/python3.8/site-packages/airflow/example_dags/example_params_trigger_ui.py
[2025-04-09T07:20:57.982+0000] {logging_mixin.py:188} INFO - [2025-04-09T07:20:57.982+0000] {dag.py:3036} INFO - Sync 1 DAGs
[2025-04-09T07:20:57.996+0000] {logging_mixin.py:188} INFO - [2025-04-09T07:20:57.995+0000] {dag.py:3823} INFO - Setting next_dagrun for example_params_trigger_ui to None, run_after=None
[2025-04-09T07:20:58.050+0000] {processor.py:183} INFO - Processing /home/airflow/.local/lib/python3.8/site-packages/airflow/example_dags/example_params_trigger_ui.py took 0.145 seconds
[2025-04-09T07:21:28.968+0000] {processor.py:161} INFO - Started process (PID=1380) to work on /home/airflow/.local/lib/python3.8/site-packages/airflow/example_dags/example_params_trigger_ui.py
[2025-04-09T07:21:28.969+0000] {processor.py:830} INFO - Processing file /home/airflow/.local/lib/python3.8/site-packages/airflow/example_dags/example_params_trigger_ui.py for tasks to queue
[2025-04-09T07:21:28.971+0000] {logging_mixin.py:188} INFO - [2025-04-09T07:21:28.970+0000] {dagbag.py:538} INFO - Filling up the DagBag from /home/airflow/.local/lib/python3.8/site-packages/airflow/example_dags/example_params_trigger_ui.py
[2025-04-09T07:21:28.985+0000] {processor.py:840} INFO - DAG(s) 'example_params_trigger_ui' retrieved from /home/airflow/.local/lib/python3.8/site-packages/airflow/example_dags/example_params_trigger_ui.py
[2025-04-09T07:21:29.048+0000] {logging_mixin.py:188} INFO - [2025-04-09T07:21:29.047+0000] {dag.py:3036} INFO - Sync 1 DAGs
[2025-04-09T07:21:29.062+0000] {logging_mixin.py:188} INFO - [2025-04-09T07:21:29.062+0000] {dag.py:3823} INFO - Setting next_dagrun for example_params_trigger_ui to None, run_after=None
[2025-04-09T07:21:29.115+0000] {processor.py:183} INFO - Processing /home/airflow/.local/lib/python3.8/site-packages/airflow/example_dags/example_params_trigger_ui.py took 0.151 seconds
[2025-04-09T07:21:59.524+0000] {processor.py:161} INFO - Started process (PID=1438) to work on /home/airflow/.local/lib/python3.8/site-packages/airflow/example_dags/example_params_trigger_ui.py
[2025-04-09T07:21:59.525+0000] {processor.py:830} INFO - Processing file /home/airflow/.local/lib/python3.8/site-packages/airflow/example_dags/example_params_trigger_ui.py for tasks to queue
[2025-04-09T07:21:59.527+0000] {logging_mixin.py:188} INFO - [2025-04-09T07:21:59.527+0000] {dagbag.py:538} INFO - Filling up the DagBag from /home/airflow/.local/lib/python3.8/site-packages/airflow/example_dags/example_params_trigger_ui.py
[2025-04-09T07:21:59.542+0000] {processor.py:840} INFO - DAG(s) 'example_params_trigger_ui' retrieved from /home/airflow/.local/lib/python3.8/site-packages/airflow/example_dags/example_params_trigger_ui.py
[2025-04-09T07:21:59.608+0000] {logging_mixin.py:188} INFO - [2025-04-09T07:21:59.607+0000] {dag.py:3036} INFO - Sync 1 DAGs
[2025-04-09T07:21:59.622+0000] {logging_mixin.py:188} INFO - [2025-04-09T07:21:59.622+0000] {dag.py:3823} INFO - Setting next_dagrun for example_params_trigger_ui to None, run_after=None
[2025-04-09T07:21:59.698+0000] {processor.py:183} INFO - Processing /home/airflow/.local/lib/python3.8/site-packages/airflow/example_dags/example_params_trigger_ui.py took 0.178 seconds
[2025-04-09T07:22:29.736+0000] {processor.py:161} INFO - Started process (PID=1496) to work on /home/airflow/.local/lib/python3.8/site-packages/airflow/example_dags/example_params_trigger_ui.py
[2025-04-09T07:22:29.737+0000] {processor.py:830} INFO - Processing file /home/airflow/.local/lib/python3.8/site-packages/airflow/example_dags/example_params_trigger_ui.py for tasks to queue
[2025-04-09T07:22:29.739+0000] {logging_mixin.py:188} INFO - [2025-04-09T07:22:29.739+0000] {dagbag.py:538} INFO - Filling up the DagBag from /home/airflow/.local/lib/python3.8/site-packages/airflow/example_dags/example_params_trigger_ui.py
[2025-04-09T07:22:29.755+0000] {processor.py:840} INFO - DAG(s) 'example_params_trigger_ui' retrieved from /home/airflow/.local/lib/python3.8/site-packages/airflow/example_dags/example_params_trigger_ui.py
[2025-04-09T07:22:29.818+0000] {logging_mixin.py:188} INFO - [2025-04-09T07:22:29.817+0000] {dag.py:3036} INFO - Sync 1 DAGs
[2025-04-09T07:22:29.832+0000] {logging_mixin.py:188} INFO - [2025-04-09T07:22:29.831+0000] {dag.py:3823} INFO - Setting next_dagrun for example_params_trigger_ui to None, run_after=None
[2025-04-09T07:22:29.881+0000] {processor.py:183} INFO - Processing /home/airflow/.local/lib/python3.8/site-packages/airflow/example_dags/example_params_trigger_ui.py took 0.149 seconds
[2025-04-09T07:23:00.321+0000] {processor.py:161} INFO - Started process (PID=1554) to work on /home/airflow/.local/lib/python3.8/site-packages/airflow/example_dags/example_params_trigger_ui.py
[2025-04-09T07:23:00.323+0000] {processor.py:830} INFO - Processing file /home/airflow/.local/lib/python3.8/site-packages/airflow/example_dags/example_params_trigger_ui.py for tasks to queue
[2025-04-09T07:23:00.325+0000] {logging_mixin.py:188} INFO - [2025-04-09T07:23:00.324+0000] {dagbag.py:538} INFO - Filling up the DagBag from /home/airflow/.local/lib/python3.8/site-packages/airflow/example_dags/example_params_trigger_ui.py
[2025-04-09T07:23:00.344+0000] {processor.py:840} INFO - DAG(s) 'example_params_trigger_ui' retrieved from /home/airflow/.local/lib/python3.8/site-packages/airflow/example_dags/example_params_trigger_ui.py
[2025-04-09T07:23:00.415+0000] {logging_mixin.py:188} INFO - [2025-04-09T07:23:00.414+0000] {dag.py:3036} INFO - Sync 1 DAGs
[2025-04-09T07:23:00.429+0000] {logging_mixin.py:188} INFO - [2025-04-09T07:23:00.429+0000] {dag.py:3823} INFO - Setting next_dagrun for example_params_trigger_ui to None, run_after=None
[2025-04-09T07:23:00.483+0000] {processor.py:183} INFO - Processing /home/airflow/.local/lib/python3.8/site-packages/airflow/example_dags/example_params_trigger_ui.py took 0.166 seconds
[2025-04-09T07:23:31.075+0000] {processor.py:161} INFO - Started process (PID=1612) to work on /home/airflow/.local/lib/python3.8/site-packages/airflow/example_dags/example_params_trigger_ui.py
[2025-04-09T07:23:31.076+0000] {processor.py:830} INFO - Processing file /home/airflow/.local/lib/python3.8/site-packages/airflow/example_dags/example_params_trigger_ui.py for tasks to queue
[2025-04-09T07:23:31.078+0000] {logging_mixin.py:188} INFO - [2025-04-09T07:23:31.077+0000] {dagbag.py:538} INFO - Filling up the DagBag from /home/airflow/.local/lib/python3.8/site-packages/airflow/example_dags/example_params_trigger_ui.py
[2025-04-09T07:23:31.091+0000] {processor.py:840} INFO - DAG(s) 'example_params_trigger_ui' retrieved from /home/airflow/.local/lib/python3.8/site-packages/airflow/example_dags/example_params_trigger_ui.py
[2025-04-09T07:23:31.147+0000] {logging_mixin.py:188} INFO - [2025-04-09T07:23:31.147+0000] {dag.py:3036} INFO - Sync 1 DAGs
[2025-04-09T07:23:31.160+0000] {logging_mixin.py:188} INFO - [2025-04-09T07:23:31.160+0000] {dag.py:3823} INFO - Setting next_dagrun for example_params_trigger_ui to None, run_after=None
[2025-04-09T07:23:31.212+0000] {processor.py:183} INFO - Processing /home/airflow/.local/lib/python3.8/site-packages/airflow/example_dags/example_params_trigger_ui.py took 0.140 seconds
[2025-04-09T07:24:01.770+0000] {processor.py:161} INFO - Started process (PID=1670) to work on /home/airflow/.local/lib/python3.8/site-packages/airflow/example_dags/example_params_trigger_ui.py
[2025-04-09T07:24:01.775+0000] {processor.py:830} INFO - Processing file /home/airflow/.local/lib/python3.8/site-packages/airflow/example_dags/example_params_trigger_ui.py for tasks to queue
[2025-04-09T07:24:01.777+0000] {logging_mixin.py:188} INFO - [2025-04-09T07:24:01.777+0000] {dagbag.py:538} INFO - Filling up the DagBag from /home/airflow/.local/lib/python3.8/site-packages/airflow/example_dags/example_params_trigger_ui.py
[2025-04-09T07:24:01.791+0000] {processor.py:840} INFO - DAG(s) 'example_params_trigger_ui' retrieved from /home/airflow/.local/lib/python3.8/site-packages/airflow/example_dags/example_params_trigger_ui.py
[2025-04-09T07:24:01.845+0000] {logging_mixin.py:188} INFO - [2025-04-09T07:24:01.845+0000] {dag.py:3036} INFO - Sync 1 DAGs
[2025-04-09T07:24:01.857+0000] {logging_mixin.py:188} INFO - [2025-04-09T07:24:01.857+0000] {dag.py:3823} INFO - Setting next_dagrun for example_params_trigger_ui to None, run_after=None
[2025-04-09T07:24:01.906+0000] {processor.py:183} INFO - Processing /home/airflow/.local/lib/python3.8/site-packages/airflow/example_dags/example_params_trigger_ui.py took 0.139 seconds
[2025-04-09T07:24:33.342+0000] {processor.py:161} INFO - Started process (PID=1728) to work on /home/airflow/.local/lib/python3.8/site-packages/airflow/example_dags/example_params_trigger_ui.py
[2025-04-09T07:24:33.343+0000] {processor.py:830} INFO - Processing file /home/airflow/.local/lib/python3.8/site-packages/airflow/example_dags/example_params_trigger_ui.py for tasks to queue
[2025-04-09T07:24:33.344+0000] {logging_mixin.py:188} INFO - [2025-04-09T07:24:33.344+0000] {dagbag.py:538} INFO - Filling up the DagBag from /home/airflow/.local/lib/python3.8/site-packages/airflow/example_dags/example_params_trigger_ui.py
[2025-04-09T07:24:33.356+0000] {processor.py:840} INFO - DAG(s) 'example_params_trigger_ui' retrieved from /home/airflow/.local/lib/python3.8/site-packages/airflow/example_dags/example_params_trigger_ui.py
[2025-04-09T07:24:33.411+0000] {logging_mixin.py:188} INFO - [2025-04-09T07:24:33.410+0000] {dag.py:3036} INFO - Sync 1 DAGs
[2025-04-09T07:24:33.424+0000] {logging_mixin.py:188} INFO - [2025-04-09T07:24:33.423+0000] {dag.py:3823} INFO - Setting next_dagrun for example_params_trigger_ui to None, run_after=None
[2025-04-09T07:24:33.470+0000] {processor.py:183} INFO - Processing /home/airflow/.local/lib/python3.8/site-packages/airflow/example_dags/example_params_trigger_ui.py took 0.132 seconds
[2025-04-09T07:25:03.609+0000] {processor.py:161} INFO - Started process (PID=1786) to work on /home/airflow/.local/lib/python3.8/site-packages/airflow/example_dags/example_params_trigger_ui.py
[2025-04-09T07:25:03.609+0000] {processor.py:830} INFO - Processing file /home/airflow/.local/lib/python3.8/site-packages/airflow/example_dags/example_params_trigger_ui.py for tasks to queue
[2025-04-09T07:25:03.611+0000] {logging_mixin.py:188} INFO - [2025-04-09T07:25:03.611+0000] {dagbag.py:538} INFO - Filling up the DagBag from /home/airflow/.local/lib/python3.8/site-packages/airflow/example_dags/example_params_trigger_ui.py
[2025-04-09T07:25:03.624+0000] {processor.py:840} INFO - DAG(s) 'example_params_trigger_ui' retrieved from /home/airflow/.local/lib/python3.8/site-packages/airflow/example_dags/example_params_trigger_ui.py
[2025-04-09T07:25:03.678+0000] {logging_mixin.py:188} INFO - [2025-04-09T07:25:03.678+0000] {dag.py:3036} INFO - Sync 1 DAGs
[2025-04-09T07:25:03.692+0000] {logging_mixin.py:188} INFO - [2025-04-09T07:25:03.692+0000] {dag.py:3823} INFO - Setting next_dagrun for example_params_trigger_ui to None, run_after=None
[2025-04-09T07:25:03.768+0000] {processor.py:183} INFO - Processing /home/airflow/.local/lib/python3.8/site-packages/airflow/example_dags/example_params_trigger_ui.py took 0.163 seconds
[2025-04-09T07:25:33.958+0000] {processor.py:161} INFO - Started process (PID=1844) to work on /home/airflow/.local/lib/python3.8/site-packages/airflow/example_dags/example_params_trigger_ui.py
[2025-04-09T07:25:33.983+0000] {processor.py:830} INFO - Processing file /home/airflow/.local/lib/python3.8/site-packages/airflow/example_dags/example_params_trigger_ui.py for tasks to queue
[2025-04-09T07:25:33.985+0000] {logging_mixin.py:188} INFO - [2025-04-09T07:25:33.985+0000] {dagbag.py:538} INFO - Filling up the DagBag from /home/airflow/.local/lib/python3.8/site-packages/airflow/example_dags/example_params_trigger_ui.py
[2025-04-09T07:25:34.001+0000] {processor.py:840} INFO - DAG(s) 'example_params_trigger_ui' retrieved from /home/airflow/.local/lib/python3.8/site-packages/airflow/example_dags/example_params_trigger_ui.py
[2025-04-09T07:25:34.076+0000] {logging_mixin.py:188} INFO - [2025-04-09T07:25:34.075+0000] {dag.py:3036} INFO - Sync 1 DAGs
[2025-04-09T07:25:34.090+0000] {logging_mixin.py:188} INFO - [2025-04-09T07:25:34.090+0000] {dag.py:3823} INFO - Setting next_dagrun for example_params_trigger_ui to None, run_after=None
[2025-04-09T07:25:34.143+0000] {processor.py:183} INFO - Processing /home/airflow/.local/lib/python3.8/site-packages/airflow/example_dags/example_params_trigger_ui.py took 0.189 seconds
