[2025-04-09T06:43:09.596+0000] {processor.py:161} INFO - Started process (PID=780) to work on /home/airflow/.local/lib/python3.8/site-packages/airflow/example_dags/example_sensors.py
[2025-04-09T06:43:09.597+0000] {processor.py:830} INFO - Processing file /home/airflow/.local/lib/python3.8/site-packages/airflow/example_dags/example_sensors.py for tasks to queue
[2025-04-09T06:43:09.599+0000] {logging_mixin.py:188} INFO - [2025-04-09T06:43:09.598+0000] {dagbag.py:538} INFO - Filling up the DagBag from /home/airflow/.local/lib/python3.8/site-packages/airflow/example_dags/example_sensors.py
[2025-04-09T06:43:09.610+0000] {processor.py:840} INFO - DAG(s) 'example_sensors' retrieved from /home/airflow/.local/lib/python3.8/site-packages/airflow/example_dags/example_sensors.py
[2025-04-09T06:43:09.720+0000] {logging_mixin.py:188} INFO - [2025-04-09T06:43:09.720+0000] {dag.py:3036} INFO - Sync 1 DAGs
[2025-04-09T06:43:09.730+0000] {logging_mixin.py:188} INFO - [2025-04-09T06:43:09.729+0000] {dag.py:3823} INFO - Setting next_dagrun for example_sensors to None, run_after=None
[2025-04-09T06:43:09.786+0000] {processor.py:183} INFO - Processing /home/airflow/.local/lib/python3.8/site-packages/airflow/example_dags/example_sensors.py took 0.192 seconds
[2025-04-09T06:45:25.374+0000] {processor.py:161} INFO - Started process (PID=78) to work on /home/airflow/.local/lib/python3.8/site-packages/airflow/example_dags/example_sensors.py
[2025-04-09T06:45:25.375+0000] {processor.py:830} INFO - Processing file /home/airflow/.local/lib/python3.8/site-packages/airflow/example_dags/example_sensors.py for tasks to queue
[2025-04-09T06:45:25.377+0000] {logging_mixin.py:188} INFO - [2025-04-09T06:45:25.376+0000] {dagbag.py:538} INFO - Filling up the DagBag from /home/airflow/.local/lib/python3.8/site-packages/airflow/example_dags/example_sensors.py
[2025-04-09T06:45:25.386+0000] {processor.py:840} INFO - DAG(s) 'example_sensors' retrieved from /home/airflow/.local/lib/python3.8/site-packages/airflow/example_dags/example_sensors.py
[2025-04-09T06:45:25.518+0000] {logging_mixin.py:188} INFO - [2025-04-09T06:45:25.518+0000] {dag.py:3036} INFO - Sync 1 DAGs
[2025-04-09T06:45:25.531+0000] {logging_mixin.py:188} INFO - [2025-04-09T06:45:25.530+0000] {dag.py:3823} INFO - Setting next_dagrun for example_sensors to None, run_after=None
[2025-04-09T06:45:25.591+0000] {processor.py:183} INFO - Processing /home/airflow/.local/lib/python3.8/site-packages/airflow/example_dags/example_sensors.py took 0.221 seconds
[2025-04-09T06:45:55.676+0000] {processor.py:161} INFO - Started process (PID=136) to work on /home/airflow/.local/lib/python3.8/site-packages/airflow/example_dags/example_sensors.py
[2025-04-09T06:45:55.677+0000] {processor.py:830} INFO - Processing file /home/airflow/.local/lib/python3.8/site-packages/airflow/example_dags/example_sensors.py for tasks to queue
[2025-04-09T06:45:55.679+0000] {logging_mixin.py:188} INFO - [2025-04-09T06:45:55.679+0000] {dagbag.py:538} INFO - Filling up the DagBag from /home/airflow/.local/lib/python3.8/site-packages/airflow/example_dags/example_sensors.py
[2025-04-09T06:45:55.688+0000] {processor.py:840} INFO - DAG(s) 'example_sensors' retrieved from /home/airflow/.local/lib/python3.8/site-packages/airflow/example_dags/example_sensors.py
[2025-04-09T06:45:55.714+0000] {logging_mixin.py:188} INFO - [2025-04-09T06:45:55.714+0000] {dag.py:3036} INFO - Sync 1 DAGs
[2025-04-09T06:45:55.729+0000] {logging_mixin.py:188} INFO - [2025-04-09T06:45:55.728+0000] {dag.py:3823} INFO - Setting next_dagrun for example_sensors to None, run_after=None
[2025-04-09T06:45:55.802+0000] {processor.py:183} INFO - Processing /home/airflow/.local/lib/python3.8/site-packages/airflow/example_dags/example_sensors.py took 0.129 seconds
[2025-04-09T06:46:26.487+0000] {processor.py:161} INFO - Started process (PID=194) to work on /home/airflow/.local/lib/python3.8/site-packages/airflow/example_dags/example_sensors.py
[2025-04-09T06:46:26.488+0000] {processor.py:830} INFO - Processing file /home/airflow/.local/lib/python3.8/site-packages/airflow/example_dags/example_sensors.py for tasks to queue
[2025-04-09T06:46:26.490+0000] {logging_mixin.py:188} INFO - [2025-04-09T06:46:26.490+0000] {dagbag.py:538} INFO - Filling up the DagBag from /home/airflow/.local/lib/python3.8/site-packages/airflow/example_dags/example_sensors.py
[2025-04-09T06:46:26.503+0000] {processor.py:840} INFO - DAG(s) 'example_sensors' retrieved from /home/airflow/.local/lib/python3.8/site-packages/airflow/example_dags/example_sensors.py
[2025-04-09T06:46:26.536+0000] {logging_mixin.py:188} INFO - [2025-04-09T06:46:26.535+0000] {dag.py:3036} INFO - Sync 1 DAGs
[2025-04-09T06:46:26.550+0000] {logging_mixin.py:188} INFO - [2025-04-09T06:46:26.550+0000] {dag.py:3823} INFO - Setting next_dagrun for example_sensors to None, run_after=None
[2025-04-09T06:46:26.602+0000] {processor.py:183} INFO - Processing /home/airflow/.local/lib/python3.8/site-packages/airflow/example_dags/example_sensors.py took 0.120 seconds
[2025-04-09T06:46:58.039+0000] {processor.py:161} INFO - Started process (PID=252) to work on /home/airflow/.local/lib/python3.8/site-packages/airflow/example_dags/example_sensors.py
[2025-04-09T06:46:58.040+0000] {processor.py:830} INFO - Processing file /home/airflow/.local/lib/python3.8/site-packages/airflow/example_dags/example_sensors.py for tasks to queue
[2025-04-09T06:46:58.043+0000] {logging_mixin.py:188} INFO - [2025-04-09T06:46:58.042+0000] {dagbag.py:538} INFO - Filling up the DagBag from /home/airflow/.local/lib/python3.8/site-packages/airflow/example_dags/example_sensors.py
[2025-04-09T06:46:58.056+0000] {processor.py:840} INFO - DAG(s) 'example_sensors' retrieved from /home/airflow/.local/lib/python3.8/site-packages/airflow/example_dags/example_sensors.py
[2025-04-09T06:46:58.095+0000] {logging_mixin.py:188} INFO - [2025-04-09T06:46:58.095+0000] {dag.py:3036} INFO - Sync 1 DAGs
[2025-04-09T06:46:58.111+0000] {logging_mixin.py:188} INFO - [2025-04-09T06:46:58.110+0000] {dag.py:3823} INFO - Setting next_dagrun for example_sensors to None, run_after=None
[2025-04-09T06:46:58.198+0000] {processor.py:183} INFO - Processing /home/airflow/.local/lib/python3.8/site-packages/airflow/example_dags/example_sensors.py took 0.162 seconds
[2025-04-09T06:47:32.638+0000] {processor.py:161} INFO - Started process (PID=310) to work on /home/airflow/.local/lib/python3.8/site-packages/airflow/example_dags/example_sensors.py
[2025-04-09T06:47:32.640+0000] {processor.py:830} INFO - Processing file /home/airflow/.local/lib/python3.8/site-packages/airflow/example_dags/example_sensors.py for tasks to queue
[2025-04-09T06:47:32.641+0000] {logging_mixin.py:188} INFO - [2025-04-09T06:47:32.641+0000] {dagbag.py:538} INFO - Filling up the DagBag from /home/airflow/.local/lib/python3.8/site-packages/airflow/example_dags/example_sensors.py
[2025-04-09T06:47:32.649+0000] {processor.py:840} INFO - DAG(s) 'example_sensors' retrieved from /home/airflow/.local/lib/python3.8/site-packages/airflow/example_dags/example_sensors.py
[2025-04-09T06:47:32.684+0000] {logging_mixin.py:188} INFO - [2025-04-09T06:47:32.684+0000] {dag.py:3036} INFO - Sync 1 DAGs
[2025-04-09T06:47:32.696+0000] {logging_mixin.py:188} INFO - [2025-04-09T06:47:32.696+0000] {dag.py:3823} INFO - Setting next_dagrun for example_sensors to None, run_after=None
[2025-04-09T06:47:32.754+0000] {processor.py:183} INFO - Processing /home/airflow/.local/lib/python3.8/site-packages/airflow/example_dags/example_sensors.py took 0.119 seconds
[2025-04-09T06:48:07.352+0000] {processor.py:161} INFO - Started process (PID=368) to work on /home/airflow/.local/lib/python3.8/site-packages/airflow/example_dags/example_sensors.py
[2025-04-09T06:48:07.366+0000] {processor.py:830} INFO - Processing file /home/airflow/.local/lib/python3.8/site-packages/airflow/example_dags/example_sensors.py for tasks to queue
[2025-04-09T06:48:07.368+0000] {logging_mixin.py:188} INFO - [2025-04-09T06:48:07.368+0000] {dagbag.py:538} INFO - Filling up the DagBag from /home/airflow/.local/lib/python3.8/site-packages/airflow/example_dags/example_sensors.py
[2025-04-09T06:48:07.378+0000] {processor.py:840} INFO - DAG(s) 'example_sensors' retrieved from /home/airflow/.local/lib/python3.8/site-packages/airflow/example_dags/example_sensors.py
[2025-04-09T06:48:07.405+0000] {logging_mixin.py:188} INFO - [2025-04-09T06:48:07.405+0000] {dag.py:3036} INFO - Sync 1 DAGs
[2025-04-09T06:48:07.416+0000] {logging_mixin.py:188} INFO - [2025-04-09T06:48:07.416+0000] {dag.py:3823} INFO - Setting next_dagrun for example_sensors to None, run_after=None
[2025-04-09T06:48:07.469+0000] {processor.py:183} INFO - Processing /home/airflow/.local/lib/python3.8/site-packages/airflow/example_dags/example_sensors.py took 0.122 seconds
[2025-04-09T06:48:37.752+0000] {processor.py:161} INFO - Started process (PID=426) to work on /home/airflow/.local/lib/python3.8/site-packages/airflow/example_dags/example_sensors.py
[2025-04-09T06:48:37.780+0000] {processor.py:830} INFO - Processing file /home/airflow/.local/lib/python3.8/site-packages/airflow/example_dags/example_sensors.py for tasks to queue
[2025-04-09T06:48:37.782+0000] {logging_mixin.py:188} INFO - [2025-04-09T06:48:37.782+0000] {dagbag.py:538} INFO - Filling up the DagBag from /home/airflow/.local/lib/python3.8/site-packages/airflow/example_dags/example_sensors.py
[2025-04-09T06:48:37.794+0000] {processor.py:840} INFO - DAG(s) 'example_sensors' retrieved from /home/airflow/.local/lib/python3.8/site-packages/airflow/example_dags/example_sensors.py
[2025-04-09T06:48:37.828+0000] {logging_mixin.py:188} INFO - [2025-04-09T06:48:37.828+0000] {dag.py:3036} INFO - Sync 1 DAGs
[2025-04-09T06:48:37.843+0000] {logging_mixin.py:188} INFO - [2025-04-09T06:48:37.843+0000] {dag.py:3823} INFO - Setting next_dagrun for example_sensors to None, run_after=None
[2025-04-09T06:48:37.906+0000] {processor.py:183} INFO - Processing /home/airflow/.local/lib/python3.8/site-packages/airflow/example_dags/example_sensors.py took 0.158 seconds
[2025-04-09T06:49:08.650+0000] {processor.py:161} INFO - Started process (PID=484) to work on /home/airflow/.local/lib/python3.8/site-packages/airflow/example_dags/example_sensors.py
[2025-04-09T06:49:08.659+0000] {processor.py:830} INFO - Processing file /home/airflow/.local/lib/python3.8/site-packages/airflow/example_dags/example_sensors.py for tasks to queue
[2025-04-09T06:49:08.661+0000] {logging_mixin.py:188} INFO - [2025-04-09T06:49:08.661+0000] {dagbag.py:538} INFO - Filling up the DagBag from /home/airflow/.local/lib/python3.8/site-packages/airflow/example_dags/example_sensors.py
[2025-04-09T06:49:08.670+0000] {processor.py:840} INFO - DAG(s) 'example_sensors' retrieved from /home/airflow/.local/lib/python3.8/site-packages/airflow/example_dags/example_sensors.py
[2025-04-09T06:49:08.697+0000] {logging_mixin.py:188} INFO - [2025-04-09T06:49:08.697+0000] {dag.py:3036} INFO - Sync 1 DAGs
[2025-04-09T06:49:08.710+0000] {logging_mixin.py:188} INFO - [2025-04-09T06:49:08.710+0000] {dag.py:3823} INFO - Setting next_dagrun for example_sensors to None, run_after=None
[2025-04-09T06:49:08.761+0000] {processor.py:183} INFO - Processing /home/airflow/.local/lib/python3.8/site-packages/airflow/example_dags/example_sensors.py took 0.113 seconds
[2025-04-09T06:49:39.075+0000] {processor.py:161} INFO - Started process (PID=542) to work on /home/airflow/.local/lib/python3.8/site-packages/airflow/example_dags/example_sensors.py
[2025-04-09T06:49:39.076+0000] {processor.py:830} INFO - Processing file /home/airflow/.local/lib/python3.8/site-packages/airflow/example_dags/example_sensors.py for tasks to queue
[2025-04-09T06:49:39.078+0000] {logging_mixin.py:188} INFO - [2025-04-09T06:49:39.078+0000] {dagbag.py:538} INFO - Filling up the DagBag from /home/airflow/.local/lib/python3.8/site-packages/airflow/example_dags/example_sensors.py
[2025-04-09T06:49:39.087+0000] {processor.py:840} INFO - DAG(s) 'example_sensors' retrieved from /home/airflow/.local/lib/python3.8/site-packages/airflow/example_dags/example_sensors.py
[2025-04-09T06:49:39.114+0000] {logging_mixin.py:188} INFO - [2025-04-09T06:49:39.113+0000] {dag.py:3036} INFO - Sync 1 DAGs
[2025-04-09T06:49:39.126+0000] {logging_mixin.py:188} INFO - [2025-04-09T06:49:39.126+0000] {dag.py:3823} INFO - Setting next_dagrun for example_sensors to None, run_after=None
[2025-04-09T06:49:39.175+0000] {processor.py:183} INFO - Processing /home/airflow/.local/lib/python3.8/site-packages/airflow/example_dags/example_sensors.py took 0.103 seconds
[2025-04-09T06:50:09.487+0000] {processor.py:161} INFO - Started process (PID=600) to work on /home/airflow/.local/lib/python3.8/site-packages/airflow/example_dags/example_sensors.py
[2025-04-09T06:50:09.489+0000] {processor.py:830} INFO - Processing file /home/airflow/.local/lib/python3.8/site-packages/airflow/example_dags/example_sensors.py for tasks to queue
[2025-04-09T06:50:09.491+0000] {logging_mixin.py:188} INFO - [2025-04-09T06:50:09.491+0000] {dagbag.py:538} INFO - Filling up the DagBag from /home/airflow/.local/lib/python3.8/site-packages/airflow/example_dags/example_sensors.py
[2025-04-09T06:50:09.506+0000] {processor.py:840} INFO - DAG(s) 'example_sensors' retrieved from /home/airflow/.local/lib/python3.8/site-packages/airflow/example_dags/example_sensors.py
[2025-04-09T06:50:09.539+0000] {logging_mixin.py:188} INFO - [2025-04-09T06:50:09.538+0000] {dag.py:3036} INFO - Sync 1 DAGs
[2025-04-09T06:50:09.551+0000] {logging_mixin.py:188} INFO - [2025-04-09T06:50:09.550+0000] {dag.py:3823} INFO - Setting next_dagrun for example_sensors to None, run_after=None
[2025-04-09T06:50:09.616+0000] {processor.py:183} INFO - Processing /home/airflow/.local/lib/python3.8/site-packages/airflow/example_dags/example_sensors.py took 0.134 seconds
[2025-04-09T06:50:39.710+0000] {processor.py:161} INFO - Started process (PID=658) to work on /home/airflow/.local/lib/python3.8/site-packages/airflow/example_dags/example_sensors.py
[2025-04-09T06:50:39.712+0000] {processor.py:830} INFO - Processing file /home/airflow/.local/lib/python3.8/site-packages/airflow/example_dags/example_sensors.py for tasks to queue
[2025-04-09T06:50:39.713+0000] {logging_mixin.py:188} INFO - [2025-04-09T06:50:39.713+0000] {dagbag.py:538} INFO - Filling up the DagBag from /home/airflow/.local/lib/python3.8/site-packages/airflow/example_dags/example_sensors.py
[2025-04-09T06:50:39.721+0000] {processor.py:840} INFO - DAG(s) 'example_sensors' retrieved from /home/airflow/.local/lib/python3.8/site-packages/airflow/example_dags/example_sensors.py
[2025-04-09T06:50:39.747+0000] {logging_mixin.py:188} INFO - [2025-04-09T06:50:39.747+0000] {dag.py:3036} INFO - Sync 1 DAGs
[2025-04-09T06:50:39.759+0000] {logging_mixin.py:188} INFO - [2025-04-09T06:50:39.759+0000] {dag.py:3823} INFO - Setting next_dagrun for example_sensors to None, run_after=None
[2025-04-09T06:50:39.816+0000] {processor.py:183} INFO - Processing /home/airflow/.local/lib/python3.8/site-packages/airflow/example_dags/example_sensors.py took 0.108 seconds
[2025-04-09T06:51:10.524+0000] {processor.py:161} INFO - Started process (PID=717) to work on /home/airflow/.local/lib/python3.8/site-packages/airflow/example_dags/example_sensors.py
[2025-04-09T06:51:10.525+0000] {processor.py:830} INFO - Processing file /home/airflow/.local/lib/python3.8/site-packages/airflow/example_dags/example_sensors.py for tasks to queue
[2025-04-09T06:51:10.527+0000] {logging_mixin.py:188} INFO - [2025-04-09T06:51:10.527+0000] {dagbag.py:538} INFO - Filling up the DagBag from /home/airflow/.local/lib/python3.8/site-packages/airflow/example_dags/example_sensors.py
[2025-04-09T06:51:10.536+0000] {processor.py:840} INFO - DAG(s) 'example_sensors' retrieved from /home/airflow/.local/lib/python3.8/site-packages/airflow/example_dags/example_sensors.py
[2025-04-09T06:51:10.565+0000] {logging_mixin.py:188} INFO - [2025-04-09T06:51:10.564+0000] {dag.py:3036} INFO - Sync 1 DAGs
[2025-04-09T06:51:10.577+0000] {logging_mixin.py:188} INFO - [2025-04-09T06:51:10.576+0000] {dag.py:3823} INFO - Setting next_dagrun for example_sensors to None, run_after=None
[2025-04-09T06:51:10.653+0000] {processor.py:183} INFO - Processing /home/airflow/.local/lib/python3.8/site-packages/airflow/example_dags/example_sensors.py took 0.133 seconds
[2025-04-09T06:51:43.068+0000] {processor.py:161} INFO - Started process (PID=776) to work on /home/airflow/.local/lib/python3.8/site-packages/airflow/example_dags/example_sensors.py
[2025-04-09T06:51:43.069+0000] {processor.py:830} INFO - Processing file /home/airflow/.local/lib/python3.8/site-packages/airflow/example_dags/example_sensors.py for tasks to queue
[2025-04-09T06:51:43.071+0000] {logging_mixin.py:188} INFO - [2025-04-09T06:51:43.070+0000] {dagbag.py:538} INFO - Filling up the DagBag from /home/airflow/.local/lib/python3.8/site-packages/airflow/example_dags/example_sensors.py
[2025-04-09T06:51:43.081+0000] {processor.py:840} INFO - DAG(s) 'example_sensors' retrieved from /home/airflow/.local/lib/python3.8/site-packages/airflow/example_dags/example_sensors.py
[2025-04-09T06:51:43.107+0000] {logging_mixin.py:188} INFO - [2025-04-09T06:51:43.106+0000] {dag.py:3036} INFO - Sync 1 DAGs
[2025-04-09T06:51:43.120+0000] {logging_mixin.py:188} INFO - [2025-04-09T06:51:43.119+0000] {dag.py:3823} INFO - Setting next_dagrun for example_sensors to None, run_after=None
[2025-04-09T06:51:43.196+0000] {processor.py:183} INFO - Processing /home/airflow/.local/lib/python3.8/site-packages/airflow/example_dags/example_sensors.py took 0.131 seconds
[2025-04-09T06:52:33.147+0000] {processor.py:161} INFO - Started process (PID=86) to work on /home/airflow/.local/lib/python3.8/site-packages/airflow/example_dags/example_sensors.py
[2025-04-09T06:52:33.148+0000] {processor.py:830} INFO - Processing file /home/airflow/.local/lib/python3.8/site-packages/airflow/example_dags/example_sensors.py for tasks to queue
[2025-04-09T06:52:33.151+0000] {logging_mixin.py:188} INFO - [2025-04-09T06:52:33.150+0000] {dagbag.py:538} INFO - Filling up the DagBag from /home/airflow/.local/lib/python3.8/site-packages/airflow/example_dags/example_sensors.py
[2025-04-09T06:52:33.164+0000] {processor.py:840} INFO - DAG(s) 'example_sensors' retrieved from /home/airflow/.local/lib/python3.8/site-packages/airflow/example_dags/example_sensors.py
[2025-04-09T06:52:33.184+0000] {logging_mixin.py:188} INFO - [2025-04-09T06:52:33.184+0000] {dag.py:3036} INFO - Sync 1 DAGs
[2025-04-09T06:52:33.206+0000] {logging_mixin.py:188} INFO - [2025-04-09T06:52:33.206+0000] {dag.py:3823} INFO - Setting next_dagrun for example_sensors to None, run_after=None
[2025-04-09T06:52:33.263+0000] {processor.py:183} INFO - Processing /home/airflow/.local/lib/python3.8/site-packages/airflow/example_dags/example_sensors.py took 0.119 seconds
[2025-04-09T06:53:05.625+0000] {processor.py:161} INFO - Started process (PID=144) to work on /home/airflow/.local/lib/python3.8/site-packages/airflow/example_dags/example_sensors.py
[2025-04-09T06:53:05.644+0000] {processor.py:830} INFO - Processing file /home/airflow/.local/lib/python3.8/site-packages/airflow/example_dags/example_sensors.py for tasks to queue
[2025-04-09T06:53:05.646+0000] {logging_mixin.py:188} INFO - [2025-04-09T06:53:05.646+0000] {dagbag.py:538} INFO - Filling up the DagBag from /home/airflow/.local/lib/python3.8/site-packages/airflow/example_dags/example_sensors.py
[2025-04-09T06:53:05.657+0000] {processor.py:840} INFO - DAG(s) 'example_sensors' retrieved from /home/airflow/.local/lib/python3.8/site-packages/airflow/example_dags/example_sensors.py
[2025-04-09T06:53:05.773+0000] {logging_mixin.py:188} INFO - [2025-04-09T06:53:05.773+0000] {dag.py:3036} INFO - Sync 1 DAGs
[2025-04-09T06:53:05.788+0000] {logging_mixin.py:188} INFO - [2025-04-09T06:53:05.788+0000] {dag.py:3823} INFO - Setting next_dagrun for example_sensors to None, run_after=None
[2025-04-09T06:53:05.835+0000] {processor.py:183} INFO - Processing /home/airflow/.local/lib/python3.8/site-packages/airflow/example_dags/example_sensors.py took 0.213 seconds
[2025-04-09T06:53:36.673+0000] {processor.py:161} INFO - Started process (PID=202) to work on /home/airflow/.local/lib/python3.8/site-packages/airflow/example_dags/example_sensors.py
[2025-04-09T06:53:36.675+0000] {processor.py:830} INFO - Processing file /home/airflow/.local/lib/python3.8/site-packages/airflow/example_dags/example_sensors.py for tasks to queue
[2025-04-09T06:53:36.676+0000] {logging_mixin.py:188} INFO - [2025-04-09T06:53:36.676+0000] {dagbag.py:538} INFO - Filling up the DagBag from /home/airflow/.local/lib/python3.8/site-packages/airflow/example_dags/example_sensors.py
[2025-04-09T06:53:36.685+0000] {processor.py:840} INFO - DAG(s) 'example_sensors' retrieved from /home/airflow/.local/lib/python3.8/site-packages/airflow/example_dags/example_sensors.py
[2025-04-09T06:53:36.714+0000] {logging_mixin.py:188} INFO - [2025-04-09T06:53:36.713+0000] {dag.py:3036} INFO - Sync 1 DAGs
[2025-04-09T06:53:36.730+0000] {logging_mixin.py:188} INFO - [2025-04-09T06:53:36.729+0000] {dag.py:3823} INFO - Setting next_dagrun for example_sensors to None, run_after=None
[2025-04-09T06:53:36.780+0000] {processor.py:183} INFO - Processing /home/airflow/.local/lib/python3.8/site-packages/airflow/example_dags/example_sensors.py took 0.110 seconds
[2025-04-09T06:54:09.175+0000] {processor.py:161} INFO - Started process (PID=260) to work on /home/airflow/.local/lib/python3.8/site-packages/airflow/example_dags/example_sensors.py
[2025-04-09T06:54:09.241+0000] {processor.py:830} INFO - Processing file /home/airflow/.local/lib/python3.8/site-packages/airflow/example_dags/example_sensors.py for tasks to queue
[2025-04-09T06:54:09.244+0000] {logging_mixin.py:188} INFO - [2025-04-09T06:54:09.243+0000] {dagbag.py:538} INFO - Filling up the DagBag from /home/airflow/.local/lib/python3.8/site-packages/airflow/example_dags/example_sensors.py
[2025-04-09T06:54:09.258+0000] {processor.py:840} INFO - DAG(s) 'example_sensors' retrieved from /home/airflow/.local/lib/python3.8/site-packages/airflow/example_dags/example_sensors.py
[2025-04-09T06:54:09.298+0000] {logging_mixin.py:188} INFO - [2025-04-09T06:54:09.298+0000] {dag.py:3036} INFO - Sync 1 DAGs
[2025-04-09T06:54:09.319+0000] {logging_mixin.py:188} INFO - [2025-04-09T06:54:09.319+0000] {dag.py:3823} INFO - Setting next_dagrun for example_sensors to None, run_after=None
[2025-04-09T06:54:09.425+0000] {processor.py:183} INFO - Processing /home/airflow/.local/lib/python3.8/site-packages/airflow/example_dags/example_sensors.py took 0.260 seconds
[2025-04-09T06:54:43.138+0000] {processor.py:161} INFO - Started process (PID=318) to work on /home/airflow/.local/lib/python3.8/site-packages/airflow/example_dags/example_sensors.py
[2025-04-09T06:54:43.139+0000] {processor.py:830} INFO - Processing file /home/airflow/.local/lib/python3.8/site-packages/airflow/example_dags/example_sensors.py for tasks to queue
[2025-04-09T06:54:43.140+0000] {logging_mixin.py:188} INFO - [2025-04-09T06:54:43.140+0000] {dagbag.py:538} INFO - Filling up the DagBag from /home/airflow/.local/lib/python3.8/site-packages/airflow/example_dags/example_sensors.py
[2025-04-09T06:54:43.149+0000] {processor.py:840} INFO - DAG(s) 'example_sensors' retrieved from /home/airflow/.local/lib/python3.8/site-packages/airflow/example_dags/example_sensors.py
[2025-04-09T06:54:43.177+0000] {logging_mixin.py:188} INFO - [2025-04-09T06:54:43.177+0000] {dag.py:3036} INFO - Sync 1 DAGs
[2025-04-09T06:54:43.189+0000] {logging_mixin.py:188} INFO - [2025-04-09T06:54:43.189+0000] {dag.py:3823} INFO - Setting next_dagrun for example_sensors to None, run_after=None
[2025-04-09T06:54:43.245+0000] {processor.py:183} INFO - Processing /home/airflow/.local/lib/python3.8/site-packages/airflow/example_dags/example_sensors.py took 0.110 seconds
[2025-04-09T06:55:17.135+0000] {processor.py:161} INFO - Started process (PID=376) to work on /home/airflow/.local/lib/python3.8/site-packages/airflow/example_dags/example_sensors.py
[2025-04-09T06:55:17.136+0000] {processor.py:830} INFO - Processing file /home/airflow/.local/lib/python3.8/site-packages/airflow/example_dags/example_sensors.py for tasks to queue
[2025-04-09T06:55:17.137+0000] {logging_mixin.py:188} INFO - [2025-04-09T06:55:17.137+0000] {dagbag.py:538} INFO - Filling up the DagBag from /home/airflow/.local/lib/python3.8/site-packages/airflow/example_dags/example_sensors.py
[2025-04-09T06:55:17.147+0000] {processor.py:840} INFO - DAG(s) 'example_sensors' retrieved from /home/airflow/.local/lib/python3.8/site-packages/airflow/example_dags/example_sensors.py
[2025-04-09T06:55:17.180+0000] {logging_mixin.py:188} INFO - [2025-04-09T06:55:17.180+0000] {dag.py:3036} INFO - Sync 1 DAGs
[2025-04-09T06:55:17.193+0000] {logging_mixin.py:188} INFO - [2025-04-09T06:55:17.193+0000] {dag.py:3823} INFO - Setting next_dagrun for example_sensors to None, run_after=None
[2025-04-09T06:55:17.250+0000] {processor.py:183} INFO - Processing /home/airflow/.local/lib/python3.8/site-packages/airflow/example_dags/example_sensors.py took 0.118 seconds
[2025-04-09T06:55:47.533+0000] {processor.py:161} INFO - Started process (PID=434) to work on /home/airflow/.local/lib/python3.8/site-packages/airflow/example_dags/example_sensors.py
[2025-04-09T06:55:47.534+0000] {processor.py:830} INFO - Processing file /home/airflow/.local/lib/python3.8/site-packages/airflow/example_dags/example_sensors.py for tasks to queue
[2025-04-09T06:55:47.535+0000] {logging_mixin.py:188} INFO - [2025-04-09T06:55:47.535+0000] {dagbag.py:538} INFO - Filling up the DagBag from /home/airflow/.local/lib/python3.8/site-packages/airflow/example_dags/example_sensors.py
[2025-04-09T06:55:47.543+0000] {processor.py:840} INFO - DAG(s) 'example_sensors' retrieved from /home/airflow/.local/lib/python3.8/site-packages/airflow/example_dags/example_sensors.py
[2025-04-09T06:55:47.569+0000] {logging_mixin.py:188} INFO - [2025-04-09T06:55:47.569+0000] {dag.py:3036} INFO - Sync 1 DAGs
[2025-04-09T06:55:47.582+0000] {logging_mixin.py:188} INFO - [2025-04-09T06:55:47.581+0000] {dag.py:3823} INFO - Setting next_dagrun for example_sensors to None, run_after=None
[2025-04-09T06:55:47.641+0000] {processor.py:183} INFO - Processing /home/airflow/.local/lib/python3.8/site-packages/airflow/example_dags/example_sensors.py took 0.111 seconds
[2025-04-09T06:56:18.515+0000] {processor.py:161} INFO - Started process (PID=492) to work on /home/airflow/.local/lib/python3.8/site-packages/airflow/example_dags/example_sensors.py
[2025-04-09T06:56:18.516+0000] {processor.py:830} INFO - Processing file /home/airflow/.local/lib/python3.8/site-packages/airflow/example_dags/example_sensors.py for tasks to queue
[2025-04-09T06:56:18.518+0000] {logging_mixin.py:188} INFO - [2025-04-09T06:56:18.518+0000] {dagbag.py:538} INFO - Filling up the DagBag from /home/airflow/.local/lib/python3.8/site-packages/airflow/example_dags/example_sensors.py
[2025-04-09T06:56:18.528+0000] {processor.py:840} INFO - DAG(s) 'example_sensors' retrieved from /home/airflow/.local/lib/python3.8/site-packages/airflow/example_dags/example_sensors.py
[2025-04-09T06:56:18.557+0000] {logging_mixin.py:188} INFO - [2025-04-09T06:56:18.556+0000] {dag.py:3036} INFO - Sync 1 DAGs
[2025-04-09T06:56:18.572+0000] {logging_mixin.py:188} INFO - [2025-04-09T06:56:18.572+0000] {dag.py:3823} INFO - Setting next_dagrun for example_sensors to None, run_after=None
[2025-04-09T06:56:18.629+0000] {processor.py:183} INFO - Processing /home/airflow/.local/lib/python3.8/site-packages/airflow/example_dags/example_sensors.py took 0.117 seconds
[2025-04-09T06:56:49.760+0000] {processor.py:161} INFO - Started process (PID=550) to work on /home/airflow/.local/lib/python3.8/site-packages/airflow/example_dags/example_sensors.py
[2025-04-09T06:56:49.762+0000] {processor.py:830} INFO - Processing file /home/airflow/.local/lib/python3.8/site-packages/airflow/example_dags/example_sensors.py for tasks to queue
[2025-04-09T06:56:49.764+0000] {logging_mixin.py:188} INFO - [2025-04-09T06:56:49.763+0000] {dagbag.py:538} INFO - Filling up the DagBag from /home/airflow/.local/lib/python3.8/site-packages/airflow/example_dags/example_sensors.py
[2025-04-09T06:56:49.779+0000] {processor.py:840} INFO - DAG(s) 'example_sensors' retrieved from /home/airflow/.local/lib/python3.8/site-packages/airflow/example_dags/example_sensors.py
[2025-04-09T06:56:49.832+0000] {logging_mixin.py:188} INFO - [2025-04-09T06:56:49.831+0000] {dag.py:3036} INFO - Sync 1 DAGs
[2025-04-09T06:56:49.856+0000] {logging_mixin.py:188} INFO - [2025-04-09T06:56:49.855+0000] {dag.py:3823} INFO - Setting next_dagrun for example_sensors to None, run_after=None
[2025-04-09T06:56:49.920+0000] {processor.py:183} INFO - Processing /home/airflow/.local/lib/python3.8/site-packages/airflow/example_dags/example_sensors.py took 0.166 seconds
[2025-04-09T06:57:24.905+0000] {processor.py:161} INFO - Started process (PID=78) to work on /home/airflow/.local/lib/python3.8/site-packages/airflow/example_dags/example_sensors.py
[2025-04-09T06:57:24.906+0000] {processor.py:830} INFO - Processing file /home/airflow/.local/lib/python3.8/site-packages/airflow/example_dags/example_sensors.py for tasks to queue
[2025-04-09T06:57:24.908+0000] {logging_mixin.py:188} INFO - [2025-04-09T06:57:24.908+0000] {dagbag.py:538} INFO - Filling up the DagBag from /home/airflow/.local/lib/python3.8/site-packages/airflow/example_dags/example_sensors.py
[2025-04-09T06:57:24.918+0000] {processor.py:840} INFO - DAG(s) 'example_sensors' retrieved from /home/airflow/.local/lib/python3.8/site-packages/airflow/example_dags/example_sensors.py
[2025-04-09T06:57:24.947+0000] {logging_mixin.py:188} INFO - [2025-04-09T06:57:24.947+0000] {dag.py:3036} INFO - Sync 1 DAGs
[2025-04-09T06:57:24.961+0000] {logging_mixin.py:188} INFO - [2025-04-09T06:57:24.960+0000] {dag.py:3823} INFO - Setting next_dagrun for example_sensors to None, run_after=None
[2025-04-09T06:57:25.016+0000] {processor.py:183} INFO - Processing /home/airflow/.local/lib/python3.8/site-packages/airflow/example_dags/example_sensors.py took 0.114 seconds
[2025-04-09T06:57:55.140+0000] {processor.py:161} INFO - Started process (PID=130) to work on /home/airflow/.local/lib/python3.8/site-packages/airflow/example_dags/example_sensors.py
[2025-04-09T06:57:55.141+0000] {processor.py:830} INFO - Processing file /home/airflow/.local/lib/python3.8/site-packages/airflow/example_dags/example_sensors.py for tasks to queue
[2025-04-09T06:57:55.143+0000] {logging_mixin.py:188} INFO - [2025-04-09T06:57:55.143+0000] {dagbag.py:538} INFO - Filling up the DagBag from /home/airflow/.local/lib/python3.8/site-packages/airflow/example_dags/example_sensors.py
[2025-04-09T06:57:55.154+0000] {processor.py:840} INFO - DAG(s) 'example_sensors' retrieved from /home/airflow/.local/lib/python3.8/site-packages/airflow/example_dags/example_sensors.py
[2025-04-09T06:57:55.186+0000] {logging_mixin.py:188} INFO - [2025-04-09T06:57:55.185+0000] {dag.py:3036} INFO - Sync 1 DAGs
[2025-04-09T06:57:55.200+0000] {logging_mixin.py:188} INFO - [2025-04-09T06:57:55.200+0000] {dag.py:3823} INFO - Setting next_dagrun for example_sensors to None, run_after=None
[2025-04-09T06:57:55.248+0000] {processor.py:183} INFO - Processing /home/airflow/.local/lib/python3.8/site-packages/airflow/example_dags/example_sensors.py took 0.111 seconds
[2025-04-09T06:58:25.388+0000] {processor.py:161} INFO - Started process (PID=188) to work on /home/airflow/.local/lib/python3.8/site-packages/airflow/example_dags/example_sensors.py
[2025-04-09T06:58:25.389+0000] {processor.py:830} INFO - Processing file /home/airflow/.local/lib/python3.8/site-packages/airflow/example_dags/example_sensors.py for tasks to queue
[2025-04-09T06:58:25.390+0000] {logging_mixin.py:188} INFO - [2025-04-09T06:58:25.390+0000] {dagbag.py:538} INFO - Filling up the DagBag from /home/airflow/.local/lib/python3.8/site-packages/airflow/example_dags/example_sensors.py
[2025-04-09T06:58:25.399+0000] {processor.py:840} INFO - DAG(s) 'example_sensors' retrieved from /home/airflow/.local/lib/python3.8/site-packages/airflow/example_dags/example_sensors.py
[2025-04-09T06:58:25.431+0000] {logging_mixin.py:188} INFO - [2025-04-09T06:58:25.431+0000] {dag.py:3036} INFO - Sync 1 DAGs
[2025-04-09T06:58:25.444+0000] {logging_mixin.py:188} INFO - [2025-04-09T06:58:25.444+0000] {dag.py:3823} INFO - Setting next_dagrun for example_sensors to None, run_after=None
[2025-04-09T06:58:25.522+0000] {processor.py:183} INFO - Processing /home/airflow/.local/lib/python3.8/site-packages/airflow/example_dags/example_sensors.py took 0.137 seconds
[2025-04-09T06:58:55.628+0000] {processor.py:161} INFO - Started process (PID=255) to work on /home/airflow/.local/lib/python3.8/site-packages/airflow/example_dags/example_sensors.py
[2025-04-09T06:58:55.629+0000] {processor.py:830} INFO - Processing file /home/airflow/.local/lib/python3.8/site-packages/airflow/example_dags/example_sensors.py for tasks to queue
[2025-04-09T06:58:55.631+0000] {logging_mixin.py:188} INFO - [2025-04-09T06:58:55.630+0000] {dagbag.py:538} INFO - Filling up the DagBag from /home/airflow/.local/lib/python3.8/site-packages/airflow/example_dags/example_sensors.py
[2025-04-09T06:58:55.639+0000] {processor.py:840} INFO - DAG(s) 'example_sensors' retrieved from /home/airflow/.local/lib/python3.8/site-packages/airflow/example_dags/example_sensors.py
[2025-04-09T06:58:55.664+0000] {logging_mixin.py:188} INFO - [2025-04-09T06:58:55.664+0000] {dag.py:3036} INFO - Sync 1 DAGs
[2025-04-09T06:58:55.676+0000] {logging_mixin.py:188} INFO - [2025-04-09T06:58:55.675+0000] {dag.py:3823} INFO - Setting next_dagrun for example_sensors to None, run_after=None
[2025-04-09T06:58:55.745+0000] {processor.py:183} INFO - Processing /home/airflow/.local/lib/python3.8/site-packages/airflow/example_dags/example_sensors.py took 0.119 seconds
[2025-04-09T06:59:29.157+0000] {processor.py:161} INFO - Started process (PID=313) to work on /home/airflow/.local/lib/python3.8/site-packages/airflow/example_dags/example_sensors.py
[2025-04-09T06:59:29.158+0000] {processor.py:830} INFO - Processing file /home/airflow/.local/lib/python3.8/site-packages/airflow/example_dags/example_sensors.py for tasks to queue
[2025-04-09T06:59:29.160+0000] {logging_mixin.py:188} INFO - [2025-04-09T06:59:29.160+0000] {dagbag.py:538} INFO - Filling up the DagBag from /home/airflow/.local/lib/python3.8/site-packages/airflow/example_dags/example_sensors.py
[2025-04-09T06:59:29.169+0000] {processor.py:840} INFO - DAG(s) 'example_sensors' retrieved from /home/airflow/.local/lib/python3.8/site-packages/airflow/example_dags/example_sensors.py
[2025-04-09T06:59:29.196+0000] {logging_mixin.py:188} INFO - [2025-04-09T06:59:29.196+0000] {dag.py:3036} INFO - Sync 1 DAGs
[2025-04-09T06:59:29.208+0000] {logging_mixin.py:188} INFO - [2025-04-09T06:59:29.207+0000] {dag.py:3823} INFO - Setting next_dagrun for example_sensors to None, run_after=None
[2025-04-09T06:59:29.270+0000] {processor.py:183} INFO - Processing /home/airflow/.local/lib/python3.8/site-packages/airflow/example_dags/example_sensors.py took 0.116 seconds
[2025-04-09T07:00:03.474+0000] {processor.py:161} INFO - Started process (PID=371) to work on /home/airflow/.local/lib/python3.8/site-packages/airflow/example_dags/example_sensors.py
[2025-04-09T07:00:03.477+0000] {processor.py:830} INFO - Processing file /home/airflow/.local/lib/python3.8/site-packages/airflow/example_dags/example_sensors.py for tasks to queue
[2025-04-09T07:00:03.479+0000] {logging_mixin.py:188} INFO - [2025-04-09T07:00:03.479+0000] {dagbag.py:538} INFO - Filling up the DagBag from /home/airflow/.local/lib/python3.8/site-packages/airflow/example_dags/example_sensors.py
[2025-04-09T07:00:03.488+0000] {processor.py:840} INFO - DAG(s) 'example_sensors' retrieved from /home/airflow/.local/lib/python3.8/site-packages/airflow/example_dags/example_sensors.py
[2025-04-09T07:00:03.515+0000] {logging_mixin.py:188} INFO - [2025-04-09T07:00:03.515+0000] {dag.py:3036} INFO - Sync 1 DAGs
[2025-04-09T07:00:03.527+0000] {logging_mixin.py:188} INFO - [2025-04-09T07:00:03.527+0000] {dag.py:3823} INFO - Setting next_dagrun for example_sensors to None, run_after=None
[2025-04-09T07:00:03.579+0000] {processor.py:183} INFO - Processing /home/airflow/.local/lib/python3.8/site-packages/airflow/example_dags/example_sensors.py took 0.107 seconds
[2025-04-09T07:00:34.353+0000] {processor.py:161} INFO - Started process (PID=429) to work on /home/airflow/.local/lib/python3.8/site-packages/airflow/example_dags/example_sensors.py
[2025-04-09T07:00:34.357+0000] {processor.py:830} INFO - Processing file /home/airflow/.local/lib/python3.8/site-packages/airflow/example_dags/example_sensors.py for tasks to queue
[2025-04-09T07:00:34.359+0000] {logging_mixin.py:188} INFO - [2025-04-09T07:00:34.359+0000] {dagbag.py:538} INFO - Filling up the DagBag from /home/airflow/.local/lib/python3.8/site-packages/airflow/example_dags/example_sensors.py
[2025-04-09T07:00:34.368+0000] {processor.py:840} INFO - DAG(s) 'example_sensors' retrieved from /home/airflow/.local/lib/python3.8/site-packages/airflow/example_dags/example_sensors.py
[2025-04-09T07:00:34.393+0000] {logging_mixin.py:188} INFO - [2025-04-09T07:00:34.393+0000] {dag.py:3036} INFO - Sync 1 DAGs
[2025-04-09T07:00:34.405+0000] {logging_mixin.py:188} INFO - [2025-04-09T07:00:34.405+0000] {dag.py:3823} INFO - Setting next_dagrun for example_sensors to None, run_after=None
[2025-04-09T07:00:34.468+0000] {processor.py:183} INFO - Processing /home/airflow/.local/lib/python3.8/site-packages/airflow/example_dags/example_sensors.py took 0.118 seconds
[2025-04-09T07:01:04.893+0000] {processor.py:161} INFO - Started process (PID=487) to work on /home/airflow/.local/lib/python3.8/site-packages/airflow/example_dags/example_sensors.py
[2025-04-09T07:01:04.894+0000] {processor.py:830} INFO - Processing file /home/airflow/.local/lib/python3.8/site-packages/airflow/example_dags/example_sensors.py for tasks to queue
[2025-04-09T07:01:04.897+0000] {logging_mixin.py:188} INFO - [2025-04-09T07:01:04.896+0000] {dagbag.py:538} INFO - Filling up the DagBag from /home/airflow/.local/lib/python3.8/site-packages/airflow/example_dags/example_sensors.py
[2025-04-09T07:01:04.907+0000] {processor.py:840} INFO - DAG(s) 'example_sensors' retrieved from /home/airflow/.local/lib/python3.8/site-packages/airflow/example_dags/example_sensors.py
[2025-04-09T07:01:04.935+0000] {logging_mixin.py:188} INFO - [2025-04-09T07:01:04.935+0000] {dag.py:3036} INFO - Sync 1 DAGs
[2025-04-09T07:01:04.949+0000] {logging_mixin.py:188} INFO - [2025-04-09T07:01:04.949+0000] {dag.py:3823} INFO - Setting next_dagrun for example_sensors to None, run_after=None
[2025-04-09T07:01:05.008+0000] {processor.py:183} INFO - Processing /home/airflow/.local/lib/python3.8/site-packages/airflow/example_dags/example_sensors.py took 0.117 seconds
[2025-04-09T07:01:35.320+0000] {processor.py:161} INFO - Started process (PID=546) to work on /home/airflow/.local/lib/python3.8/site-packages/airflow/example_dags/example_sensors.py
[2025-04-09T07:01:35.321+0000] {processor.py:830} INFO - Processing file /home/airflow/.local/lib/python3.8/site-packages/airflow/example_dags/example_sensors.py for tasks to queue
[2025-04-09T07:01:35.324+0000] {logging_mixin.py:188} INFO - [2025-04-09T07:01:35.323+0000] {dagbag.py:538} INFO - Filling up the DagBag from /home/airflow/.local/lib/python3.8/site-packages/airflow/example_dags/example_sensors.py
[2025-04-09T07:01:35.335+0000] {processor.py:840} INFO - DAG(s) 'example_sensors' retrieved from /home/airflow/.local/lib/python3.8/site-packages/airflow/example_dags/example_sensors.py
[2025-04-09T07:01:35.366+0000] {logging_mixin.py:188} INFO - [2025-04-09T07:01:35.365+0000] {dag.py:3036} INFO - Sync 1 DAGs
[2025-04-09T07:01:35.382+0000] {logging_mixin.py:188} INFO - [2025-04-09T07:01:35.382+0000] {dag.py:3823} INFO - Setting next_dagrun for example_sensors to None, run_after=None
[2025-04-09T07:01:35.441+0000] {processor.py:183} INFO - Processing /home/airflow/.local/lib/python3.8/site-packages/airflow/example_dags/example_sensors.py took 0.124 seconds
[2025-04-09T07:02:05.660+0000] {processor.py:161} INFO - Started process (PID=604) to work on /home/airflow/.local/lib/python3.8/site-packages/airflow/example_dags/example_sensors.py
[2025-04-09T07:02:05.678+0000] {processor.py:830} INFO - Processing file /home/airflow/.local/lib/python3.8/site-packages/airflow/example_dags/example_sensors.py for tasks to queue
[2025-04-09T07:02:05.680+0000] {logging_mixin.py:188} INFO - [2025-04-09T07:02:05.679+0000] {dagbag.py:538} INFO - Filling up the DagBag from /home/airflow/.local/lib/python3.8/site-packages/airflow/example_dags/example_sensors.py
[2025-04-09T07:02:05.691+0000] {processor.py:840} INFO - DAG(s) 'example_sensors' retrieved from /home/airflow/.local/lib/python3.8/site-packages/airflow/example_dags/example_sensors.py
[2025-04-09T07:02:05.724+0000] {logging_mixin.py:188} INFO - [2025-04-09T07:02:05.723+0000] {dag.py:3036} INFO - Sync 1 DAGs
[2025-04-09T07:02:05.737+0000] {logging_mixin.py:188} INFO - [2025-04-09T07:02:05.737+0000] {dag.py:3823} INFO - Setting next_dagrun for example_sensors to None, run_after=None
[2025-04-09T07:02:05.786+0000] {processor.py:183} INFO - Processing /home/airflow/.local/lib/python3.8/site-packages/airflow/example_dags/example_sensors.py took 0.129 seconds
[2025-04-09T07:02:36.575+0000] {processor.py:161} INFO - Started process (PID=662) to work on /home/airflow/.local/lib/python3.8/site-packages/airflow/example_dags/example_sensors.py
[2025-04-09T07:02:36.600+0000] {processor.py:830} INFO - Processing file /home/airflow/.local/lib/python3.8/site-packages/airflow/example_dags/example_sensors.py for tasks to queue
[2025-04-09T07:02:36.602+0000] {logging_mixin.py:188} INFO - [2025-04-09T07:02:36.601+0000] {dagbag.py:538} INFO - Filling up the DagBag from /home/airflow/.local/lib/python3.8/site-packages/airflow/example_dags/example_sensors.py
[2025-04-09T07:02:36.611+0000] {processor.py:840} INFO - DAG(s) 'example_sensors' retrieved from /home/airflow/.local/lib/python3.8/site-packages/airflow/example_dags/example_sensors.py
[2025-04-09T07:02:36.636+0000] {logging_mixin.py:188} INFO - [2025-04-09T07:02:36.635+0000] {dag.py:3036} INFO - Sync 1 DAGs
[2025-04-09T07:02:36.647+0000] {logging_mixin.py:188} INFO - [2025-04-09T07:02:36.646+0000] {dag.py:3823} INFO - Setting next_dagrun for example_sensors to None, run_after=None
[2025-04-09T07:02:36.693+0000] {processor.py:183} INFO - Processing /home/airflow/.local/lib/python3.8/site-packages/airflow/example_dags/example_sensors.py took 0.121 seconds
[2025-04-09T07:03:07.244+0000] {processor.py:161} INFO - Started process (PID=720) to work on /home/airflow/.local/lib/python3.8/site-packages/airflow/example_dags/example_sensors.py
[2025-04-09T07:03:07.245+0000] {processor.py:830} INFO - Processing file /home/airflow/.local/lib/python3.8/site-packages/airflow/example_dags/example_sensors.py for tasks to queue
[2025-04-09T07:03:07.247+0000] {logging_mixin.py:188} INFO - [2025-04-09T07:03:07.247+0000] {dagbag.py:538} INFO - Filling up the DagBag from /home/airflow/.local/lib/python3.8/site-packages/airflow/example_dags/example_sensors.py
[2025-04-09T07:03:07.257+0000] {processor.py:840} INFO - DAG(s) 'example_sensors' retrieved from /home/airflow/.local/lib/python3.8/site-packages/airflow/example_dags/example_sensors.py
[2025-04-09T07:03:07.286+0000] {logging_mixin.py:188} INFO - [2025-04-09T07:03:07.286+0000] {dag.py:3036} INFO - Sync 1 DAGs
[2025-04-09T07:03:07.304+0000] {logging_mixin.py:188} INFO - [2025-04-09T07:03:07.303+0000] {dag.py:3823} INFO - Setting next_dagrun for example_sensors to None, run_after=None
[2025-04-09T07:03:07.353+0000] {processor.py:183} INFO - Processing /home/airflow/.local/lib/python3.8/site-packages/airflow/example_dags/example_sensors.py took 0.112 seconds
[2025-04-09T07:03:39.483+0000] {processor.py:161} INFO - Started process (PID=778) to work on /home/airflow/.local/lib/python3.8/site-packages/airflow/example_dags/example_sensors.py
[2025-04-09T07:03:39.484+0000] {processor.py:830} INFO - Processing file /home/airflow/.local/lib/python3.8/site-packages/airflow/example_dags/example_sensors.py for tasks to queue
[2025-04-09T07:03:39.486+0000] {logging_mixin.py:188} INFO - [2025-04-09T07:03:39.486+0000] {dagbag.py:538} INFO - Filling up the DagBag from /home/airflow/.local/lib/python3.8/site-packages/airflow/example_dags/example_sensors.py
[2025-04-09T07:03:39.494+0000] {processor.py:840} INFO - DAG(s) 'example_sensors' retrieved from /home/airflow/.local/lib/python3.8/site-packages/airflow/example_dags/example_sensors.py
[2025-04-09T07:03:39.519+0000] {logging_mixin.py:188} INFO - [2025-04-09T07:03:39.518+0000] {dag.py:3036} INFO - Sync 1 DAGs
[2025-04-09T07:03:39.532+0000] {logging_mixin.py:188} INFO - [2025-04-09T07:03:39.531+0000] {dag.py:3823} INFO - Setting next_dagrun for example_sensors to None, run_after=None
[2025-04-09T07:03:39.582+0000] {processor.py:183} INFO - Processing /home/airflow/.local/lib/python3.8/site-packages/airflow/example_dags/example_sensors.py took 0.101 seconds
[2025-04-09T07:04:10.467+0000] {processor.py:161} INFO - Started process (PID=836) to work on /home/airflow/.local/lib/python3.8/site-packages/airflow/example_dags/example_sensors.py
[2025-04-09T07:04:10.485+0000] {processor.py:830} INFO - Processing file /home/airflow/.local/lib/python3.8/site-packages/airflow/example_dags/example_sensors.py for tasks to queue
[2025-04-09T07:04:10.487+0000] {logging_mixin.py:188} INFO - [2025-04-09T07:04:10.486+0000] {dagbag.py:538} INFO - Filling up the DagBag from /home/airflow/.local/lib/python3.8/site-packages/airflow/example_dags/example_sensors.py
[2025-04-09T07:04:10.497+0000] {processor.py:840} INFO - DAG(s) 'example_sensors' retrieved from /home/airflow/.local/lib/python3.8/site-packages/airflow/example_dags/example_sensors.py
[2025-04-09T07:04:10.526+0000] {logging_mixin.py:188} INFO - [2025-04-09T07:04:10.526+0000] {dag.py:3036} INFO - Sync 1 DAGs
[2025-04-09T07:04:10.542+0000] {logging_mixin.py:188} INFO - [2025-04-09T07:04:10.541+0000] {dag.py:3823} INFO - Setting next_dagrun for example_sensors to None, run_after=None
[2025-04-09T07:04:10.594+0000] {processor.py:183} INFO - Processing /home/airflow/.local/lib/python3.8/site-packages/airflow/example_dags/example_sensors.py took 0.131 seconds
[2025-04-09T07:04:40.783+0000] {processor.py:161} INFO - Started process (PID=894) to work on /home/airflow/.local/lib/python3.8/site-packages/airflow/example_dags/example_sensors.py
[2025-04-09T07:04:40.794+0000] {processor.py:830} INFO - Processing file /home/airflow/.local/lib/python3.8/site-packages/airflow/example_dags/example_sensors.py for tasks to queue
[2025-04-09T07:04:40.797+0000] {logging_mixin.py:188} INFO - [2025-04-09T07:04:40.796+0000] {dagbag.py:538} INFO - Filling up the DagBag from /home/airflow/.local/lib/python3.8/site-packages/airflow/example_dags/example_sensors.py
[2025-04-09T07:04:40.806+0000] {processor.py:840} INFO - DAG(s) 'example_sensors' retrieved from /home/airflow/.local/lib/python3.8/site-packages/airflow/example_dags/example_sensors.py
[2025-04-09T07:04:40.833+0000] {logging_mixin.py:188} INFO - [2025-04-09T07:04:40.833+0000] {dag.py:3036} INFO - Sync 1 DAGs
[2025-04-09T07:04:40.845+0000] {logging_mixin.py:188} INFO - [2025-04-09T07:04:40.844+0000] {dag.py:3823} INFO - Setting next_dagrun for example_sensors to None, run_after=None
[2025-04-09T07:04:40.896+0000] {processor.py:183} INFO - Processing /home/airflow/.local/lib/python3.8/site-packages/airflow/example_dags/example_sensors.py took 0.116 seconds
[2025-04-09T07:05:11.330+0000] {processor.py:161} INFO - Started process (PID=952) to work on /home/airflow/.local/lib/python3.8/site-packages/airflow/example_dags/example_sensors.py
[2025-04-09T07:05:11.339+0000] {processor.py:830} INFO - Processing file /home/airflow/.local/lib/python3.8/site-packages/airflow/example_dags/example_sensors.py for tasks to queue
[2025-04-09T07:05:11.341+0000] {logging_mixin.py:188} INFO - [2025-04-09T07:05:11.341+0000] {dagbag.py:538} INFO - Filling up the DagBag from /home/airflow/.local/lib/python3.8/site-packages/airflow/example_dags/example_sensors.py
[2025-04-09T07:05:11.349+0000] {processor.py:840} INFO - DAG(s) 'example_sensors' retrieved from /home/airflow/.local/lib/python3.8/site-packages/airflow/example_dags/example_sensors.py
[2025-04-09T07:05:11.375+0000] {logging_mixin.py:188} INFO - [2025-04-09T07:05:11.375+0000] {dag.py:3036} INFO - Sync 1 DAGs
[2025-04-09T07:05:11.388+0000] {logging_mixin.py:188} INFO - [2025-04-09T07:05:11.387+0000] {dag.py:3823} INFO - Setting next_dagrun for example_sensors to None, run_after=None
[2025-04-09T07:05:11.438+0000] {processor.py:183} INFO - Processing /home/airflow/.local/lib/python3.8/site-packages/airflow/example_dags/example_sensors.py took 0.112 seconds
[2025-04-09T07:05:41.827+0000] {processor.py:161} INFO - Started process (PID=1004) to work on /home/airflow/.local/lib/python3.8/site-packages/airflow/example_dags/example_sensors.py
[2025-04-09T07:05:41.843+0000] {processor.py:830} INFO - Processing file /home/airflow/.local/lib/python3.8/site-packages/airflow/example_dags/example_sensors.py for tasks to queue
[2025-04-09T07:05:41.845+0000] {logging_mixin.py:188} INFO - [2025-04-09T07:05:41.845+0000] {dagbag.py:538} INFO - Filling up the DagBag from /home/airflow/.local/lib/python3.8/site-packages/airflow/example_dags/example_sensors.py
[2025-04-09T07:05:41.855+0000] {processor.py:840} INFO - DAG(s) 'example_sensors' retrieved from /home/airflow/.local/lib/python3.8/site-packages/airflow/example_dags/example_sensors.py
[2025-04-09T07:05:41.883+0000] {logging_mixin.py:188} INFO - [2025-04-09T07:05:41.883+0000] {dag.py:3036} INFO - Sync 1 DAGs
[2025-04-09T07:05:41.897+0000] {logging_mixin.py:188} INFO - [2025-04-09T07:05:41.897+0000] {dag.py:3823} INFO - Setting next_dagrun for example_sensors to None, run_after=None
[2025-04-09T07:05:41.941+0000] {processor.py:183} INFO - Processing /home/airflow/.local/lib/python3.8/site-packages/airflow/example_dags/example_sensors.py took 0.117 seconds
[2025-04-09T07:06:12.220+0000] {processor.py:161} INFO - Started process (PID=1062) to work on /home/airflow/.local/lib/python3.8/site-packages/airflow/example_dags/example_sensors.py
[2025-04-09T07:06:12.222+0000] {processor.py:830} INFO - Processing file /home/airflow/.local/lib/python3.8/site-packages/airflow/example_dags/example_sensors.py for tasks to queue
[2025-04-09T07:06:12.224+0000] {logging_mixin.py:188} INFO - [2025-04-09T07:06:12.223+0000] {dagbag.py:538} INFO - Filling up the DagBag from /home/airflow/.local/lib/python3.8/site-packages/airflow/example_dags/example_sensors.py
[2025-04-09T07:06:12.232+0000] {processor.py:840} INFO - DAG(s) 'example_sensors' retrieved from /home/airflow/.local/lib/python3.8/site-packages/airflow/example_dags/example_sensors.py
[2025-04-09T07:06:12.257+0000] {logging_mixin.py:188} INFO - [2025-04-09T07:06:12.257+0000] {dag.py:3036} INFO - Sync 1 DAGs
[2025-04-09T07:06:12.270+0000] {logging_mixin.py:188} INFO - [2025-04-09T07:06:12.270+0000] {dag.py:3823} INFO - Setting next_dagrun for example_sensors to None, run_after=None
[2025-04-09T07:06:12.320+0000] {processor.py:183} INFO - Processing /home/airflow/.local/lib/python3.8/site-packages/airflow/example_dags/example_sensors.py took 0.103 seconds
[2025-04-09T07:10:00.404+0000] {processor.py:161} INFO - Started process (PID=97) to work on /home/airflow/.local/lib/python3.8/site-packages/airflow/example_dags/example_sensors.py
[2025-04-09T07:10:00.406+0000] {processor.py:830} INFO - Processing file /home/airflow/.local/lib/python3.8/site-packages/airflow/example_dags/example_sensors.py for tasks to queue
[2025-04-09T07:10:00.408+0000] {logging_mixin.py:188} INFO - [2025-04-09T07:10:00.408+0000] {dagbag.py:538} INFO - Filling up the DagBag from /home/airflow/.local/lib/python3.8/site-packages/airflow/example_dags/example_sensors.py
[2025-04-09T07:10:00.424+0000] {processor.py:840} INFO - DAG(s) 'example_sensors' retrieved from /home/airflow/.local/lib/python3.8/site-packages/airflow/example_dags/example_sensors.py
[2025-04-09T07:10:00.632+0000] {logging_mixin.py:188} INFO - [2025-04-09T07:10:00.632+0000] {dag.py:3036} INFO - Sync 1 DAGs
[2025-04-09T07:10:00.650+0000] {logging_mixin.py:188} INFO - [2025-04-09T07:10:00.650+0000] {dag.py:3823} INFO - Setting next_dagrun for example_sensors to None, run_after=None
[2025-04-09T07:10:00.725+0000] {processor.py:183} INFO - Processing /home/airflow/.local/lib/python3.8/site-packages/airflow/example_dags/example_sensors.py took 0.325 seconds
[2025-04-09T07:10:31.454+0000] {processor.py:161} INFO - Started process (PID=155) to work on /home/airflow/.local/lib/python3.8/site-packages/airflow/example_dags/example_sensors.py
[2025-04-09T07:10:31.455+0000] {processor.py:830} INFO - Processing file /home/airflow/.local/lib/python3.8/site-packages/airflow/example_dags/example_sensors.py for tasks to queue
[2025-04-09T07:10:31.457+0000] {logging_mixin.py:188} INFO - [2025-04-09T07:10:31.457+0000] {dagbag.py:538} INFO - Filling up the DagBag from /home/airflow/.local/lib/python3.8/site-packages/airflow/example_dags/example_sensors.py
[2025-04-09T07:10:31.479+0000] {processor.py:840} INFO - DAG(s) 'example_sensors' retrieved from /home/airflow/.local/lib/python3.8/site-packages/airflow/example_dags/example_sensors.py
[2025-04-09T07:10:31.527+0000] {logging_mixin.py:188} INFO - [2025-04-09T07:10:31.527+0000] {dag.py:3036} INFO - Sync 1 DAGs
[2025-04-09T07:10:31.557+0000] {logging_mixin.py:188} INFO - [2025-04-09T07:10:31.557+0000] {dag.py:3823} INFO - Setting next_dagrun for example_sensors to None, run_after=None
[2025-04-09T07:10:31.639+0000] {processor.py:183} INFO - Processing /home/airflow/.local/lib/python3.8/site-packages/airflow/example_dags/example_sensors.py took 0.189 seconds
[2025-04-09T07:11:02.031+0000] {processor.py:161} INFO - Started process (PID=207) to work on /home/airflow/.local/lib/python3.8/site-packages/airflow/example_dags/example_sensors.py
[2025-04-09T07:11:02.046+0000] {processor.py:830} INFO - Processing file /home/airflow/.local/lib/python3.8/site-packages/airflow/example_dags/example_sensors.py for tasks to queue
[2025-04-09T07:11:02.048+0000] {logging_mixin.py:188} INFO - [2025-04-09T07:11:02.048+0000] {dagbag.py:538} INFO - Filling up the DagBag from /home/airflow/.local/lib/python3.8/site-packages/airflow/example_dags/example_sensors.py
[2025-04-09T07:11:02.058+0000] {processor.py:840} INFO - DAG(s) 'example_sensors' retrieved from /home/airflow/.local/lib/python3.8/site-packages/airflow/example_dags/example_sensors.py
[2025-04-09T07:11:02.087+0000] {logging_mixin.py:188} INFO - [2025-04-09T07:11:02.086+0000] {dag.py:3036} INFO - Sync 1 DAGs
[2025-04-09T07:11:02.099+0000] {logging_mixin.py:188} INFO - [2025-04-09T07:11:02.099+0000] {dag.py:3823} INFO - Setting next_dagrun for example_sensors to None, run_after=None
[2025-04-09T07:11:02.165+0000] {processor.py:183} INFO - Processing /home/airflow/.local/lib/python3.8/site-packages/airflow/example_dags/example_sensors.py took 0.138 seconds
[2025-04-09T07:11:32.207+0000] {processor.py:161} INFO - Started process (PID=273) to work on /home/airflow/.local/lib/python3.8/site-packages/airflow/example_dags/example_sensors.py
[2025-04-09T07:11:32.207+0000] {processor.py:830} INFO - Processing file /home/airflow/.local/lib/python3.8/site-packages/airflow/example_dags/example_sensors.py for tasks to queue
[2025-04-09T07:11:32.209+0000] {logging_mixin.py:188} INFO - [2025-04-09T07:11:32.208+0000] {dagbag.py:538} INFO - Filling up the DagBag from /home/airflow/.local/lib/python3.8/site-packages/airflow/example_dags/example_sensors.py
[2025-04-09T07:11:32.218+0000] {processor.py:840} INFO - DAG(s) 'example_sensors' retrieved from /home/airflow/.local/lib/python3.8/site-packages/airflow/example_dags/example_sensors.py
[2025-04-09T07:11:32.244+0000] {logging_mixin.py:188} INFO - [2025-04-09T07:11:32.243+0000] {dag.py:3036} INFO - Sync 1 DAGs
[2025-04-09T07:11:32.258+0000] {logging_mixin.py:188} INFO - [2025-04-09T07:11:32.258+0000] {dag.py:3823} INFO - Setting next_dagrun for example_sensors to None, run_after=None
[2025-04-09T07:11:32.347+0000] {processor.py:183} INFO - Processing /home/airflow/.local/lib/python3.8/site-packages/airflow/example_dags/example_sensors.py took 0.143 seconds
[2025-04-09T07:12:03.232+0000] {processor.py:161} INFO - Started process (PID=331) to work on /home/airflow/.local/lib/python3.8/site-packages/airflow/example_dags/example_sensors.py
[2025-04-09T07:12:03.249+0000] {processor.py:830} INFO - Processing file /home/airflow/.local/lib/python3.8/site-packages/airflow/example_dags/example_sensors.py for tasks to queue
[2025-04-09T07:12:03.252+0000] {logging_mixin.py:188} INFO - [2025-04-09T07:12:03.251+0000] {dagbag.py:538} INFO - Filling up the DagBag from /home/airflow/.local/lib/python3.8/site-packages/airflow/example_dags/example_sensors.py
[2025-04-09T07:12:03.261+0000] {processor.py:840} INFO - DAG(s) 'example_sensors' retrieved from /home/airflow/.local/lib/python3.8/site-packages/airflow/example_dags/example_sensors.py
[2025-04-09T07:12:03.288+0000] {logging_mixin.py:188} INFO - [2025-04-09T07:12:03.288+0000] {dag.py:3036} INFO - Sync 1 DAGs
[2025-04-09T07:12:03.304+0000] {logging_mixin.py:188} INFO - [2025-04-09T07:12:03.303+0000] {dag.py:3823} INFO - Setting next_dagrun for example_sensors to None, run_after=None
[2025-04-09T07:12:03.366+0000] {processor.py:183} INFO - Processing /home/airflow/.local/lib/python3.8/site-packages/airflow/example_dags/example_sensors.py took 0.136 seconds
[2025-04-09T07:12:37.123+0000] {processor.py:161} INFO - Started process (PID=390) to work on /home/airflow/.local/lib/python3.8/site-packages/airflow/example_dags/example_sensors.py
[2025-04-09T07:12:37.124+0000] {processor.py:830} INFO - Processing file /home/airflow/.local/lib/python3.8/site-packages/airflow/example_dags/example_sensors.py for tasks to queue
[2025-04-09T07:12:37.126+0000] {logging_mixin.py:188} INFO - [2025-04-09T07:12:37.126+0000] {dagbag.py:538} INFO - Filling up the DagBag from /home/airflow/.local/lib/python3.8/site-packages/airflow/example_dags/example_sensors.py
[2025-04-09T07:12:37.135+0000] {processor.py:840} INFO - DAG(s) 'example_sensors' retrieved from /home/airflow/.local/lib/python3.8/site-packages/airflow/example_dags/example_sensors.py
[2025-04-09T07:12:37.163+0000] {logging_mixin.py:188} INFO - [2025-04-09T07:12:37.163+0000] {dag.py:3036} INFO - Sync 1 DAGs
[2025-04-09T07:12:37.177+0000] {logging_mixin.py:188} INFO - [2025-04-09T07:12:37.177+0000] {dag.py:3823} INFO - Setting next_dagrun for example_sensors to None, run_after=None
[2025-04-09T07:12:37.240+0000] {processor.py:183} INFO - Processing /home/airflow/.local/lib/python3.8/site-packages/airflow/example_dags/example_sensors.py took 0.120 seconds
[2025-04-09T07:13:11.946+0000] {processor.py:161} INFO - Started process (PID=448) to work on /home/airflow/.local/lib/python3.8/site-packages/airflow/example_dags/example_sensors.py
[2025-04-09T07:13:11.947+0000] {processor.py:830} INFO - Processing file /home/airflow/.local/lib/python3.8/site-packages/airflow/example_dags/example_sensors.py for tasks to queue
[2025-04-09T07:13:11.949+0000] {logging_mixin.py:188} INFO - [2025-04-09T07:13:11.949+0000] {dagbag.py:538} INFO - Filling up the DagBag from /home/airflow/.local/lib/python3.8/site-packages/airflow/example_dags/example_sensors.py
[2025-04-09T07:13:11.959+0000] {processor.py:840} INFO - DAG(s) 'example_sensors' retrieved from /home/airflow/.local/lib/python3.8/site-packages/airflow/example_dags/example_sensors.py
[2025-04-09T07:13:11.988+0000] {logging_mixin.py:188} INFO - [2025-04-09T07:13:11.987+0000] {dag.py:3036} INFO - Sync 1 DAGs
[2025-04-09T07:13:12.000+0000] {logging_mixin.py:188} INFO - [2025-04-09T07:13:12.000+0000] {dag.py:3823} INFO - Setting next_dagrun for example_sensors to None, run_after=None
[2025-04-09T07:13:12.064+0000] {processor.py:183} INFO - Processing /home/airflow/.local/lib/python3.8/site-packages/airflow/example_dags/example_sensors.py took 0.121 seconds
[2025-04-09T07:13:42.650+0000] {processor.py:161} INFO - Started process (PID=506) to work on /home/airflow/.local/lib/python3.8/site-packages/airflow/example_dags/example_sensors.py
[2025-04-09T07:13:42.651+0000] {processor.py:830} INFO - Processing file /home/airflow/.local/lib/python3.8/site-packages/airflow/example_dags/example_sensors.py for tasks to queue
[2025-04-09T07:13:42.653+0000] {logging_mixin.py:188} INFO - [2025-04-09T07:13:42.653+0000] {dagbag.py:538} INFO - Filling up the DagBag from /home/airflow/.local/lib/python3.8/site-packages/airflow/example_dags/example_sensors.py
[2025-04-09T07:13:42.667+0000] {processor.py:840} INFO - DAG(s) 'example_sensors' retrieved from /home/airflow/.local/lib/python3.8/site-packages/airflow/example_dags/example_sensors.py
[2025-04-09T07:13:42.704+0000] {logging_mixin.py:188} INFO - [2025-04-09T07:13:42.704+0000] {dag.py:3036} INFO - Sync 1 DAGs
[2025-04-09T07:13:42.717+0000] {logging_mixin.py:188} INFO - [2025-04-09T07:13:42.717+0000] {dag.py:3823} INFO - Setting next_dagrun for example_sensors to None, run_after=None
[2025-04-09T07:13:42.785+0000] {processor.py:183} INFO - Processing /home/airflow/.local/lib/python3.8/site-packages/airflow/example_dags/example_sensors.py took 0.138 seconds
[2025-04-09T07:14:13.063+0000] {processor.py:161} INFO - Started process (PID=564) to work on /home/airflow/.local/lib/python3.8/site-packages/airflow/example_dags/example_sensors.py
[2025-04-09T07:14:13.064+0000] {processor.py:830} INFO - Processing file /home/airflow/.local/lib/python3.8/site-packages/airflow/example_dags/example_sensors.py for tasks to queue
[2025-04-09T07:14:13.066+0000] {logging_mixin.py:188} INFO - [2025-04-09T07:14:13.066+0000] {dagbag.py:538} INFO - Filling up the DagBag from /home/airflow/.local/lib/python3.8/site-packages/airflow/example_dags/example_sensors.py
[2025-04-09T07:14:13.077+0000] {processor.py:840} INFO - DAG(s) 'example_sensors' retrieved from /home/airflow/.local/lib/python3.8/site-packages/airflow/example_dags/example_sensors.py
[2025-04-09T07:14:13.108+0000] {logging_mixin.py:188} INFO - [2025-04-09T07:14:13.108+0000] {dag.py:3036} INFO - Sync 1 DAGs
[2025-04-09T07:14:13.123+0000] {logging_mixin.py:188} INFO - [2025-04-09T07:14:13.123+0000] {dag.py:3823} INFO - Setting next_dagrun for example_sensors to None, run_after=None
[2025-04-09T07:14:13.216+0000] {processor.py:183} INFO - Processing /home/airflow/.local/lib/python3.8/site-packages/airflow/example_dags/example_sensors.py took 0.156 seconds
[2025-04-09T07:14:43.260+0000] {processor.py:161} INFO - Started process (PID=622) to work on /home/airflow/.local/lib/python3.8/site-packages/airflow/example_dags/example_sensors.py
[2025-04-09T07:14:43.260+0000] {processor.py:830} INFO - Processing file /home/airflow/.local/lib/python3.8/site-packages/airflow/example_dags/example_sensors.py for tasks to queue
[2025-04-09T07:14:43.262+0000] {logging_mixin.py:188} INFO - [2025-04-09T07:14:43.262+0000] {dagbag.py:538} INFO - Filling up the DagBag from /home/airflow/.local/lib/python3.8/site-packages/airflow/example_dags/example_sensors.py
[2025-04-09T07:14:43.272+0000] {processor.py:840} INFO - DAG(s) 'example_sensors' retrieved from /home/airflow/.local/lib/python3.8/site-packages/airflow/example_dags/example_sensors.py
[2025-04-09T07:14:43.303+0000] {logging_mixin.py:188} INFO - [2025-04-09T07:14:43.303+0000] {dag.py:3036} INFO - Sync 1 DAGs
[2025-04-09T07:14:43.316+0000] {logging_mixin.py:188} INFO - [2025-04-09T07:14:43.316+0000] {dag.py:3823} INFO - Setting next_dagrun for example_sensors to None, run_after=None
[2025-04-09T07:14:43.393+0000] {processor.py:183} INFO - Processing /home/airflow/.local/lib/python3.8/site-packages/airflow/example_dags/example_sensors.py took 0.137 seconds
[2025-04-09T07:15:13.455+0000] {processor.py:161} INFO - Started process (PID=680) to work on /home/airflow/.local/lib/python3.8/site-packages/airflow/example_dags/example_sensors.py
[2025-04-09T07:15:13.456+0000] {processor.py:830} INFO - Processing file /home/airflow/.local/lib/python3.8/site-packages/airflow/example_dags/example_sensors.py for tasks to queue
[2025-04-09T07:15:13.458+0000] {logging_mixin.py:188} INFO - [2025-04-09T07:15:13.458+0000] {dagbag.py:538} INFO - Filling up the DagBag from /home/airflow/.local/lib/python3.8/site-packages/airflow/example_dags/example_sensors.py
[2025-04-09T07:15:13.469+0000] {processor.py:840} INFO - DAG(s) 'example_sensors' retrieved from /home/airflow/.local/lib/python3.8/site-packages/airflow/example_dags/example_sensors.py
[2025-04-09T07:15:13.495+0000] {logging_mixin.py:188} INFO - [2025-04-09T07:15:13.495+0000] {dag.py:3036} INFO - Sync 1 DAGs
[2025-04-09T07:15:13.509+0000] {logging_mixin.py:188} INFO - [2025-04-09T07:15:13.509+0000] {dag.py:3823} INFO - Setting next_dagrun for example_sensors to None, run_after=None
[2025-04-09T07:15:13.608+0000] {processor.py:183} INFO - Processing /home/airflow/.local/lib/python3.8/site-packages/airflow/example_dags/example_sensors.py took 0.156 seconds
[2025-04-09T07:15:43.921+0000] {processor.py:161} INFO - Started process (PID=738) to work on /home/airflow/.local/lib/python3.8/site-packages/airflow/example_dags/example_sensors.py
[2025-04-09T07:15:43.922+0000] {processor.py:830} INFO - Processing file /home/airflow/.local/lib/python3.8/site-packages/airflow/example_dags/example_sensors.py for tasks to queue
[2025-04-09T07:15:43.924+0000] {logging_mixin.py:188} INFO - [2025-04-09T07:15:43.924+0000] {dagbag.py:538} INFO - Filling up the DagBag from /home/airflow/.local/lib/python3.8/site-packages/airflow/example_dags/example_sensors.py
[2025-04-09T07:15:43.935+0000] {processor.py:840} INFO - DAG(s) 'example_sensors' retrieved from /home/airflow/.local/lib/python3.8/site-packages/airflow/example_dags/example_sensors.py
[2025-04-09T07:15:43.966+0000] {logging_mixin.py:188} INFO - [2025-04-09T07:15:43.966+0000] {dag.py:3036} INFO - Sync 1 DAGs
[2025-04-09T07:15:43.979+0000] {logging_mixin.py:188} INFO - [2025-04-09T07:15:43.979+0000] {dag.py:3823} INFO - Setting next_dagrun for example_sensors to None, run_after=None
[2025-04-09T07:15:44.050+0000] {processor.py:183} INFO - Processing /home/airflow/.local/lib/python3.8/site-packages/airflow/example_dags/example_sensors.py took 0.141 seconds
[2025-04-09T07:16:14.177+0000] {processor.py:161} INFO - Started process (PID=796) to work on /home/airflow/.local/lib/python3.8/site-packages/airflow/example_dags/example_sensors.py
[2025-04-09T07:16:14.178+0000] {processor.py:830} INFO - Processing file /home/airflow/.local/lib/python3.8/site-packages/airflow/example_dags/example_sensors.py for tasks to queue
[2025-04-09T07:16:14.179+0000] {logging_mixin.py:188} INFO - [2025-04-09T07:16:14.179+0000] {dagbag.py:538} INFO - Filling up the DagBag from /home/airflow/.local/lib/python3.8/site-packages/airflow/example_dags/example_sensors.py
[2025-04-09T07:16:14.188+0000] {processor.py:840} INFO - DAG(s) 'example_sensors' retrieved from /home/airflow/.local/lib/python3.8/site-packages/airflow/example_dags/example_sensors.py
[2025-04-09T07:16:14.214+0000] {logging_mixin.py:188} INFO - [2025-04-09T07:16:14.214+0000] {dag.py:3036} INFO - Sync 1 DAGs
[2025-04-09T07:16:14.225+0000] {logging_mixin.py:188} INFO - [2025-04-09T07:16:14.225+0000] {dag.py:3823} INFO - Setting next_dagrun for example_sensors to None, run_after=None
[2025-04-09T07:16:14.293+0000] {processor.py:183} INFO - Processing /home/airflow/.local/lib/python3.8/site-packages/airflow/example_dags/example_sensors.py took 0.119 seconds
[2025-04-09T07:16:47.842+0000] {processor.py:161} INFO - Started process (PID=854) to work on /home/airflow/.local/lib/python3.8/site-packages/airflow/example_dags/example_sensors.py
[2025-04-09T07:16:47.863+0000] {processor.py:830} INFO - Processing file /home/airflow/.local/lib/python3.8/site-packages/airflow/example_dags/example_sensors.py for tasks to queue
[2025-04-09T07:16:47.864+0000] {logging_mixin.py:188} INFO - [2025-04-09T07:16:47.864+0000] {dagbag.py:538} INFO - Filling up the DagBag from /home/airflow/.local/lib/python3.8/site-packages/airflow/example_dags/example_sensors.py
[2025-04-09T07:16:47.874+0000] {processor.py:840} INFO - DAG(s) 'example_sensors' retrieved from /home/airflow/.local/lib/python3.8/site-packages/airflow/example_dags/example_sensors.py
[2025-04-09T07:16:47.904+0000] {logging_mixin.py:188} INFO - [2025-04-09T07:16:47.903+0000] {dag.py:3036} INFO - Sync 1 DAGs
[2025-04-09T07:16:47.919+0000] {logging_mixin.py:188} INFO - [2025-04-09T07:16:47.919+0000] {dag.py:3823} INFO - Setting next_dagrun for example_sensors to None, run_after=None
[2025-04-09T07:16:47.978+0000] {processor.py:183} INFO - Processing /home/airflow/.local/lib/python3.8/site-packages/airflow/example_dags/example_sensors.py took 0.139 seconds
[2025-04-09T07:17:18.207+0000] {processor.py:161} INFO - Started process (PID=912) to work on /home/airflow/.local/lib/python3.8/site-packages/airflow/example_dags/example_sensors.py
[2025-04-09T07:17:18.209+0000] {processor.py:830} INFO - Processing file /home/airflow/.local/lib/python3.8/site-packages/airflow/example_dags/example_sensors.py for tasks to queue
[2025-04-09T07:17:18.210+0000] {logging_mixin.py:188} INFO - [2025-04-09T07:17:18.210+0000] {dagbag.py:538} INFO - Filling up the DagBag from /home/airflow/.local/lib/python3.8/site-packages/airflow/example_dags/example_sensors.py
[2025-04-09T07:17:18.220+0000] {processor.py:840} INFO - DAG(s) 'example_sensors' retrieved from /home/airflow/.local/lib/python3.8/site-packages/airflow/example_dags/example_sensors.py
[2025-04-09T07:17:18.249+0000] {logging_mixin.py:188} INFO - [2025-04-09T07:17:18.249+0000] {dag.py:3036} INFO - Sync 1 DAGs
[2025-04-09T07:17:18.263+0000] {logging_mixin.py:188} INFO - [2025-04-09T07:17:18.263+0000] {dag.py:3823} INFO - Setting next_dagrun for example_sensors to None, run_after=None
[2025-04-09T07:17:18.340+0000] {processor.py:183} INFO - Processing /home/airflow/.local/lib/python3.8/site-packages/airflow/example_dags/example_sensors.py took 0.136 seconds
[2025-04-09T07:17:48.684+0000] {processor.py:161} INFO - Started process (PID=970) to work on /home/airflow/.local/lib/python3.8/site-packages/airflow/example_dags/example_sensors.py
[2025-04-09T07:17:48.685+0000] {processor.py:830} INFO - Processing file /home/airflow/.local/lib/python3.8/site-packages/airflow/example_dags/example_sensors.py for tasks to queue
[2025-04-09T07:17:48.687+0000] {logging_mixin.py:188} INFO - [2025-04-09T07:17:48.687+0000] {dagbag.py:538} INFO - Filling up the DagBag from /home/airflow/.local/lib/python3.8/site-packages/airflow/example_dags/example_sensors.py
[2025-04-09T07:17:48.699+0000] {processor.py:840} INFO - DAG(s) 'example_sensors' retrieved from /home/airflow/.local/lib/python3.8/site-packages/airflow/example_dags/example_sensors.py
[2025-04-09T07:17:48.730+0000] {logging_mixin.py:188} INFO - [2025-04-09T07:17:48.730+0000] {dag.py:3036} INFO - Sync 1 DAGs
[2025-04-09T07:17:48.746+0000] {logging_mixin.py:188} INFO - [2025-04-09T07:17:48.745+0000] {dag.py:3823} INFO - Setting next_dagrun for example_sensors to None, run_after=None
[2025-04-09T07:17:48.799+0000] {processor.py:183} INFO - Processing /home/airflow/.local/lib/python3.8/site-packages/airflow/example_dags/example_sensors.py took 0.119 seconds
[2025-04-09T07:18:19.608+0000] {processor.py:161} INFO - Started process (PID=1028) to work on /home/airflow/.local/lib/python3.8/site-packages/airflow/example_dags/example_sensors.py
[2025-04-09T07:18:19.609+0000] {processor.py:830} INFO - Processing file /home/airflow/.local/lib/python3.8/site-packages/airflow/example_dags/example_sensors.py for tasks to queue
[2025-04-09T07:18:19.610+0000] {logging_mixin.py:188} INFO - [2025-04-09T07:18:19.610+0000] {dagbag.py:538} INFO - Filling up the DagBag from /home/airflow/.local/lib/python3.8/site-packages/airflow/example_dags/example_sensors.py
[2025-04-09T07:18:19.619+0000] {processor.py:840} INFO - DAG(s) 'example_sensors' retrieved from /home/airflow/.local/lib/python3.8/site-packages/airflow/example_dags/example_sensors.py
[2025-04-09T07:18:19.647+0000] {logging_mixin.py:188} INFO - [2025-04-09T07:18:19.646+0000] {dag.py:3036} INFO - Sync 1 DAGs
[2025-04-09T07:18:19.661+0000] {logging_mixin.py:188} INFO - [2025-04-09T07:18:19.660+0000] {dag.py:3823} INFO - Setting next_dagrun for example_sensors to None, run_after=None
[2025-04-09T07:18:19.718+0000] {processor.py:183} INFO - Processing /home/airflow/.local/lib/python3.8/site-packages/airflow/example_dags/example_sensors.py took 0.113 seconds
[2025-04-09T07:18:50.089+0000] {processor.py:161} INFO - Started process (PID=1080) to work on /home/airflow/.local/lib/python3.8/site-packages/airflow/example_dags/example_sensors.py
[2025-04-09T07:18:50.091+0000] {processor.py:830} INFO - Processing file /home/airflow/.local/lib/python3.8/site-packages/airflow/example_dags/example_sensors.py for tasks to queue
[2025-04-09T07:18:50.093+0000] {logging_mixin.py:188} INFO - [2025-04-09T07:18:50.092+0000] {dagbag.py:538} INFO - Filling up the DagBag from /home/airflow/.local/lib/python3.8/site-packages/airflow/example_dags/example_sensors.py
[2025-04-09T07:18:50.102+0000] {processor.py:840} INFO - DAG(s) 'example_sensors' retrieved from /home/airflow/.local/lib/python3.8/site-packages/airflow/example_dags/example_sensors.py
[2025-04-09T07:18:50.130+0000] {logging_mixin.py:188} INFO - [2025-04-09T07:18:50.129+0000] {dag.py:3036} INFO - Sync 1 DAGs
[2025-04-09T07:18:50.142+0000] {logging_mixin.py:188} INFO - [2025-04-09T07:18:50.142+0000] {dag.py:3823} INFO - Setting next_dagrun for example_sensors to None, run_after=None
[2025-04-09T07:18:50.203+0000] {processor.py:183} INFO - Processing /home/airflow/.local/lib/python3.8/site-packages/airflow/example_dags/example_sensors.py took 0.118 seconds
[2025-04-09T07:19:20.320+0000] {processor.py:161} INFO - Started process (PID=1138) to work on /home/airflow/.local/lib/python3.8/site-packages/airflow/example_dags/example_sensors.py
[2025-04-09T07:19:20.320+0000] {processor.py:830} INFO - Processing file /home/airflow/.local/lib/python3.8/site-packages/airflow/example_dags/example_sensors.py for tasks to queue
[2025-04-09T07:19:20.321+0000] {logging_mixin.py:188} INFO - [2025-04-09T07:19:20.321+0000] {dagbag.py:538} INFO - Filling up the DagBag from /home/airflow/.local/lib/python3.8/site-packages/airflow/example_dags/example_sensors.py
[2025-04-09T07:19:20.331+0000] {processor.py:840} INFO - DAG(s) 'example_sensors' retrieved from /home/airflow/.local/lib/python3.8/site-packages/airflow/example_dags/example_sensors.py
[2025-04-09T07:19:20.356+0000] {logging_mixin.py:188} INFO - [2025-04-09T07:19:20.355+0000] {dag.py:3036} INFO - Sync 1 DAGs
[2025-04-09T07:19:20.366+0000] {logging_mixin.py:188} INFO - [2025-04-09T07:19:20.366+0000] {dag.py:3823} INFO - Setting next_dagrun for example_sensors to None, run_after=None
[2025-04-09T07:19:20.418+0000] {processor.py:183} INFO - Processing /home/airflow/.local/lib/python3.8/site-packages/airflow/example_dags/example_sensors.py took 0.101 seconds
[2025-04-09T07:19:50.672+0000] {processor.py:161} INFO - Started process (PID=1196) to work on /home/airflow/.local/lib/python3.8/site-packages/airflow/example_dags/example_sensors.py
[2025-04-09T07:19:50.685+0000] {processor.py:830} INFO - Processing file /home/airflow/.local/lib/python3.8/site-packages/airflow/example_dags/example_sensors.py for tasks to queue
[2025-04-09T07:19:50.686+0000] {logging_mixin.py:188} INFO - [2025-04-09T07:19:50.686+0000] {dagbag.py:538} INFO - Filling up the DagBag from /home/airflow/.local/lib/python3.8/site-packages/airflow/example_dags/example_sensors.py
[2025-04-09T07:19:50.696+0000] {processor.py:840} INFO - DAG(s) 'example_sensors' retrieved from /home/airflow/.local/lib/python3.8/site-packages/airflow/example_dags/example_sensors.py
[2025-04-09T07:19:50.726+0000] {logging_mixin.py:188} INFO - [2025-04-09T07:19:50.726+0000] {dag.py:3036} INFO - Sync 1 DAGs
[2025-04-09T07:19:50.738+0000] {logging_mixin.py:188} INFO - [2025-04-09T07:19:50.738+0000] {dag.py:3823} INFO - Setting next_dagrun for example_sensors to None, run_after=None
[2025-04-09T07:19:50.787+0000] {processor.py:183} INFO - Processing /home/airflow/.local/lib/python3.8/site-packages/airflow/example_dags/example_sensors.py took 0.117 seconds
[2025-04-09T07:20:22.874+0000] {processor.py:161} INFO - Started process (PID=1254) to work on /home/airflow/.local/lib/python3.8/site-packages/airflow/example_dags/example_sensors.py
[2025-04-09T07:20:22.890+0000] {processor.py:830} INFO - Processing file /home/airflow/.local/lib/python3.8/site-packages/airflow/example_dags/example_sensors.py for tasks to queue
[2025-04-09T07:20:22.892+0000] {logging_mixin.py:188} INFO - [2025-04-09T07:20:22.892+0000] {dagbag.py:538} INFO - Filling up the DagBag from /home/airflow/.local/lib/python3.8/site-packages/airflow/example_dags/example_sensors.py
[2025-04-09T07:20:22.901+0000] {processor.py:840} INFO - DAG(s) 'example_sensors' retrieved from /home/airflow/.local/lib/python3.8/site-packages/airflow/example_dags/example_sensors.py
[2025-04-09T07:20:22.927+0000] {logging_mixin.py:188} INFO - [2025-04-09T07:20:22.927+0000] {dag.py:3036} INFO - Sync 1 DAGs
[2025-04-09T07:20:22.938+0000] {logging_mixin.py:188} INFO - [2025-04-09T07:20:22.938+0000] {dag.py:3823} INFO - Setting next_dagrun for example_sensors to None, run_after=None
[2025-04-09T07:20:22.992+0000] {processor.py:183} INFO - Processing /home/airflow/.local/lib/python3.8/site-packages/airflow/example_dags/example_sensors.py took 0.120 seconds
[2025-04-09T07:20:53.529+0000] {processor.py:161} INFO - Started process (PID=1312) to work on /home/airflow/.local/lib/python3.8/site-packages/airflow/example_dags/example_sensors.py
[2025-04-09T07:20:53.549+0000] {processor.py:830} INFO - Processing file /home/airflow/.local/lib/python3.8/site-packages/airflow/example_dags/example_sensors.py for tasks to queue
[2025-04-09T07:20:53.551+0000] {logging_mixin.py:188} INFO - [2025-04-09T07:20:53.551+0000] {dagbag.py:538} INFO - Filling up the DagBag from /home/airflow/.local/lib/python3.8/site-packages/airflow/example_dags/example_sensors.py
[2025-04-09T07:20:53.560+0000] {processor.py:840} INFO - DAG(s) 'example_sensors' retrieved from /home/airflow/.local/lib/python3.8/site-packages/airflow/example_dags/example_sensors.py
[2025-04-09T07:20:53.587+0000] {logging_mixin.py:188} INFO - [2025-04-09T07:20:53.586+0000] {dag.py:3036} INFO - Sync 1 DAGs
[2025-04-09T07:20:53.598+0000] {logging_mixin.py:188} INFO - [2025-04-09T07:20:53.598+0000] {dag.py:3823} INFO - Setting next_dagrun for example_sensors to None, run_after=None
[2025-04-09T07:20:53.653+0000] {processor.py:183} INFO - Processing /home/airflow/.local/lib/python3.8/site-packages/airflow/example_dags/example_sensors.py took 0.128 seconds
[2025-04-09T07:21:24.046+0000] {processor.py:161} INFO - Started process (PID=1370) to work on /home/airflow/.local/lib/python3.8/site-packages/airflow/example_dags/example_sensors.py
[2025-04-09T07:21:24.062+0000] {processor.py:830} INFO - Processing file /home/airflow/.local/lib/python3.8/site-packages/airflow/example_dags/example_sensors.py for tasks to queue
[2025-04-09T07:21:24.065+0000] {logging_mixin.py:188} INFO - [2025-04-09T07:21:24.065+0000] {dagbag.py:538} INFO - Filling up the DagBag from /home/airflow/.local/lib/python3.8/site-packages/airflow/example_dags/example_sensors.py
[2025-04-09T07:21:24.099+0000] {processor.py:840} INFO - DAG(s) 'example_sensors' retrieved from /home/airflow/.local/lib/python3.8/site-packages/airflow/example_dags/example_sensors.py
[2025-04-09T07:21:24.157+0000] {logging_mixin.py:188} INFO - [2025-04-09T07:21:24.157+0000] {dag.py:3036} INFO - Sync 1 DAGs
[2025-04-09T07:21:24.174+0000] {logging_mixin.py:188} INFO - [2025-04-09T07:21:24.174+0000] {dag.py:3823} INFO - Setting next_dagrun for example_sensors to None, run_after=None
[2025-04-09T07:21:24.245+0000] {processor.py:183} INFO - Processing /home/airflow/.local/lib/python3.8/site-packages/airflow/example_dags/example_sensors.py took 0.212 seconds
[2025-04-09T07:21:54.652+0000] {processor.py:161} INFO - Started process (PID=1428) to work on /home/airflow/.local/lib/python3.8/site-packages/airflow/example_dags/example_sensors.py
[2025-04-09T07:21:54.661+0000] {processor.py:830} INFO - Processing file /home/airflow/.local/lib/python3.8/site-packages/airflow/example_dags/example_sensors.py for tasks to queue
[2025-04-09T07:21:54.663+0000] {logging_mixin.py:188} INFO - [2025-04-09T07:21:54.663+0000] {dagbag.py:538} INFO - Filling up the DagBag from /home/airflow/.local/lib/python3.8/site-packages/airflow/example_dags/example_sensors.py
[2025-04-09T07:21:54.671+0000] {processor.py:840} INFO - DAG(s) 'example_sensors' retrieved from /home/airflow/.local/lib/python3.8/site-packages/airflow/example_dags/example_sensors.py
[2025-04-09T07:21:54.699+0000] {logging_mixin.py:188} INFO - [2025-04-09T07:21:54.699+0000] {dag.py:3036} INFO - Sync 1 DAGs
[2025-04-09T07:21:54.712+0000] {logging_mixin.py:188} INFO - [2025-04-09T07:21:54.711+0000] {dag.py:3823} INFO - Setting next_dagrun for example_sensors to None, run_after=None
[2025-04-09T07:21:54.775+0000] {processor.py:183} INFO - Processing /home/airflow/.local/lib/python3.8/site-packages/airflow/example_dags/example_sensors.py took 0.126 seconds
[2025-04-09T07:22:24.914+0000] {processor.py:161} INFO - Started process (PID=1486) to work on /home/airflow/.local/lib/python3.8/site-packages/airflow/example_dags/example_sensors.py
[2025-04-09T07:22:24.936+0000] {processor.py:830} INFO - Processing file /home/airflow/.local/lib/python3.8/site-packages/airflow/example_dags/example_sensors.py for tasks to queue
[2025-04-09T07:22:24.938+0000] {logging_mixin.py:188} INFO - [2025-04-09T07:22:24.938+0000] {dagbag.py:538} INFO - Filling up the DagBag from /home/airflow/.local/lib/python3.8/site-packages/airflow/example_dags/example_sensors.py
[2025-04-09T07:22:24.948+0000] {processor.py:840} INFO - DAG(s) 'example_sensors' retrieved from /home/airflow/.local/lib/python3.8/site-packages/airflow/example_dags/example_sensors.py
[2025-04-09T07:22:24.973+0000] {logging_mixin.py:188} INFO - [2025-04-09T07:22:24.973+0000] {dag.py:3036} INFO - Sync 1 DAGs
[2025-04-09T07:22:24.986+0000] {logging_mixin.py:188} INFO - [2025-04-09T07:22:24.985+0000] {dag.py:3823} INFO - Setting next_dagrun for example_sensors to None, run_after=None
[2025-04-09T07:22:25.038+0000] {processor.py:183} INFO - Processing /home/airflow/.local/lib/python3.8/site-packages/airflow/example_dags/example_sensors.py took 0.127 seconds
[2025-04-09T07:22:55.537+0000] {processor.py:161} INFO - Started process (PID=1544) to work on /home/airflow/.local/lib/python3.8/site-packages/airflow/example_dags/example_sensors.py
[2025-04-09T07:22:55.561+0000] {processor.py:830} INFO - Processing file /home/airflow/.local/lib/python3.8/site-packages/airflow/example_dags/example_sensors.py for tasks to queue
[2025-04-09T07:22:55.562+0000] {logging_mixin.py:188} INFO - [2025-04-09T07:22:55.562+0000] {dagbag.py:538} INFO - Filling up the DagBag from /home/airflow/.local/lib/python3.8/site-packages/airflow/example_dags/example_sensors.py
[2025-04-09T07:22:55.571+0000] {processor.py:840} INFO - DAG(s) 'example_sensors' retrieved from /home/airflow/.local/lib/python3.8/site-packages/airflow/example_dags/example_sensors.py
[2025-04-09T07:22:55.597+0000] {logging_mixin.py:188} INFO - [2025-04-09T07:22:55.596+0000] {dag.py:3036} INFO - Sync 1 DAGs
[2025-04-09T07:22:55.609+0000] {logging_mixin.py:188} INFO - [2025-04-09T07:22:55.609+0000] {dag.py:3823} INFO - Setting next_dagrun for example_sensors to None, run_after=None
[2025-04-09T07:22:55.664+0000] {processor.py:183} INFO - Processing /home/airflow/.local/lib/python3.8/site-packages/airflow/example_dags/example_sensors.py took 0.129 seconds
[2025-04-09T07:23:26.283+0000] {processor.py:161} INFO - Started process (PID=1602) to work on /home/airflow/.local/lib/python3.8/site-packages/airflow/example_dags/example_sensors.py
[2025-04-09T07:23:26.302+0000] {processor.py:830} INFO - Processing file /home/airflow/.local/lib/python3.8/site-packages/airflow/example_dags/example_sensors.py for tasks to queue
[2025-04-09T07:23:26.304+0000] {logging_mixin.py:188} INFO - [2025-04-09T07:23:26.304+0000] {dagbag.py:538} INFO - Filling up the DagBag from /home/airflow/.local/lib/python3.8/site-packages/airflow/example_dags/example_sensors.py
[2025-04-09T07:23:26.314+0000] {processor.py:840} INFO - DAG(s) 'example_sensors' retrieved from /home/airflow/.local/lib/python3.8/site-packages/airflow/example_dags/example_sensors.py
[2025-04-09T07:23:26.345+0000] {logging_mixin.py:188} INFO - [2025-04-09T07:23:26.345+0000] {dag.py:3036} INFO - Sync 1 DAGs
[2025-04-09T07:23:26.359+0000] {logging_mixin.py:188} INFO - [2025-04-09T07:23:26.359+0000] {dag.py:3823} INFO - Setting next_dagrun for example_sensors to None, run_after=None
[2025-04-09T07:23:26.416+0000] {processor.py:183} INFO - Processing /home/airflow/.local/lib/python3.8/site-packages/airflow/example_dags/example_sensors.py took 0.136 seconds
[2025-04-09T07:23:57.906+0000] {processor.py:161} INFO - Started process (PID=1660) to work on /home/airflow/.local/lib/python3.8/site-packages/airflow/example_dags/example_sensors.py
[2025-04-09T07:23:57.935+0000] {processor.py:830} INFO - Processing file /home/airflow/.local/lib/python3.8/site-packages/airflow/example_dags/example_sensors.py for tasks to queue
[2025-04-09T07:23:57.937+0000] {logging_mixin.py:188} INFO - [2025-04-09T07:23:57.937+0000] {dagbag.py:538} INFO - Filling up the DagBag from /home/airflow/.local/lib/python3.8/site-packages/airflow/example_dags/example_sensors.py
[2025-04-09T07:23:57.947+0000] {processor.py:840} INFO - DAG(s) 'example_sensors' retrieved from /home/airflow/.local/lib/python3.8/site-packages/airflow/example_dags/example_sensors.py
[2025-04-09T07:23:57.977+0000] {logging_mixin.py:188} INFO - [2025-04-09T07:23:57.977+0000] {dag.py:3036} INFO - Sync 1 DAGs
[2025-04-09T07:23:57.989+0000] {logging_mixin.py:188} INFO - [2025-04-09T07:23:57.989+0000] {dag.py:3823} INFO - Setting next_dagrun for example_sensors to None, run_after=None
[2025-04-09T07:23:58.038+0000] {processor.py:183} INFO - Processing /home/airflow/.local/lib/python3.8/site-packages/airflow/example_dags/example_sensors.py took 0.135 seconds
[2025-04-09T07:24:32.537+0000] {processor.py:161} INFO - Started process (PID=1718) to work on /home/airflow/.local/lib/python3.8/site-packages/airflow/example_dags/example_sensors.py
[2025-04-09T07:24:32.538+0000] {processor.py:830} INFO - Processing file /home/airflow/.local/lib/python3.8/site-packages/airflow/example_dags/example_sensors.py for tasks to queue
[2025-04-09T07:24:32.541+0000] {logging_mixin.py:188} INFO - [2025-04-09T07:24:32.541+0000] {dagbag.py:538} INFO - Filling up the DagBag from /home/airflow/.local/lib/python3.8/site-packages/airflow/example_dags/example_sensors.py
[2025-04-09T07:24:32.550+0000] {processor.py:840} INFO - DAG(s) 'example_sensors' retrieved from /home/airflow/.local/lib/python3.8/site-packages/airflow/example_dags/example_sensors.py
[2025-04-09T07:24:32.578+0000] {logging_mixin.py:188} INFO - [2025-04-09T07:24:32.577+0000] {dag.py:3036} INFO - Sync 1 DAGs
[2025-04-09T07:24:32.591+0000] {logging_mixin.py:188} INFO - [2025-04-09T07:24:32.591+0000] {dag.py:3823} INFO - Setting next_dagrun for example_sensors to None, run_after=None
[2025-04-09T07:24:32.653+0000] {processor.py:183} INFO - Processing /home/airflow/.local/lib/python3.8/site-packages/airflow/example_dags/example_sensors.py took 0.118 seconds
[2025-04-09T07:25:02.827+0000] {processor.py:161} INFO - Started process (PID=1776) to work on /home/airflow/.local/lib/python3.8/site-packages/airflow/example_dags/example_sensors.py
[2025-04-09T07:25:02.828+0000] {processor.py:830} INFO - Processing file /home/airflow/.local/lib/python3.8/site-packages/airflow/example_dags/example_sensors.py for tasks to queue
[2025-04-09T07:25:02.829+0000] {logging_mixin.py:188} INFO - [2025-04-09T07:25:02.829+0000] {dagbag.py:538} INFO - Filling up the DagBag from /home/airflow/.local/lib/python3.8/site-packages/airflow/example_dags/example_sensors.py
[2025-04-09T07:25:02.840+0000] {processor.py:840} INFO - DAG(s) 'example_sensors' retrieved from /home/airflow/.local/lib/python3.8/site-packages/airflow/example_dags/example_sensors.py
[2025-04-09T07:25:02.865+0000] {logging_mixin.py:188} INFO - [2025-04-09T07:25:02.865+0000] {dag.py:3036} INFO - Sync 1 DAGs
[2025-04-09T07:25:02.878+0000] {logging_mixin.py:188} INFO - [2025-04-09T07:25:02.878+0000] {dag.py:3823} INFO - Setting next_dagrun for example_sensors to None, run_after=None
[2025-04-09T07:25:02.928+0000] {processor.py:183} INFO - Processing /home/airflow/.local/lib/python3.8/site-packages/airflow/example_dags/example_sensors.py took 0.103 seconds
[2025-04-09T07:25:32.964+0000] {processor.py:161} INFO - Started process (PID=1833) to work on /home/airflow/.local/lib/python3.8/site-packages/airflow/example_dags/example_sensors.py
[2025-04-09T07:25:32.969+0000] {processor.py:830} INFO - Processing file /home/airflow/.local/lib/python3.8/site-packages/airflow/example_dags/example_sensors.py for tasks to queue
[2025-04-09T07:25:32.971+0000] {logging_mixin.py:188} INFO - [2025-04-09T07:25:32.970+0000] {dagbag.py:538} INFO - Filling up the DagBag from /home/airflow/.local/lib/python3.8/site-packages/airflow/example_dags/example_sensors.py
[2025-04-09T07:25:32.978+0000] {processor.py:840} INFO - DAG(s) 'example_sensors' retrieved from /home/airflow/.local/lib/python3.8/site-packages/airflow/example_dags/example_sensors.py
[2025-04-09T07:25:33.005+0000] {logging_mixin.py:188} INFO - [2025-04-09T07:25:33.005+0000] {dag.py:3036} INFO - Sync 1 DAGs
[2025-04-09T07:25:33.017+0000] {logging_mixin.py:188} INFO - [2025-04-09T07:25:33.017+0000] {dag.py:3823} INFO - Setting next_dagrun for example_sensors to None, run_after=None
[2025-04-09T07:25:33.083+0000] {processor.py:183} INFO - Processing /home/airflow/.local/lib/python3.8/site-packages/airflow/example_dags/example_sensors.py took 0.121 seconds
