[2025-04-09T06:43:09.536+0000] {processor.py:161} INFO - Started process (PID=779) to work on /home/airflow/.local/lib/python3.8/site-packages/airflow/example_dags/example_complex.py
[2025-04-09T06:43:09.537+0000] {processor.py:830} INFO - Processing file /home/airflow/.local/lib/python3.8/site-packages/airflow/example_dags/example_complex.py for tasks to queue
[2025-04-09T06:43:09.538+0000] {logging_mixin.py:188} INFO - [2025-04-09T06:43:09.538+0000] {dagbag.py:538} INFO - Filling up the DagBag from /home/airflow/.local/lib/python3.8/site-packages/airflow/example_dags/example_complex.py
[2025-04-09T06:43:09.550+0000] {processor.py:840} INFO - DAG(s) 'example_complex' retrieved from /home/airflow/.local/lib/python3.8/site-packages/airflow/example_dags/example_complex.py
[2025-04-09T06:43:09.670+0000] {logging_mixin.py:188} INFO - [2025-04-09T06:43:09.670+0000] {dag.py:3036} INFO - Sync 1 DAGs
[2025-04-09T06:43:09.682+0000] {logging_mixin.py:188} INFO - [2025-04-09T06:43:09.681+0000] {dag.py:3823} INFO - Setting next_dagrun for example_complex to None, run_after=None
[2025-04-09T06:43:09.729+0000] {processor.py:183} INFO - Processing /home/airflow/.local/lib/python3.8/site-packages/airflow/example_dags/example_complex.py took 0.196 seconds
[2025-04-09T06:45:25.336+0000] {processor.py:161} INFO - Started process (PID=77) to work on /home/airflow/.local/lib/python3.8/site-packages/airflow/example_dags/example_complex.py
[2025-04-09T06:45:25.337+0000] {processor.py:830} INFO - Processing file /home/airflow/.local/lib/python3.8/site-packages/airflow/example_dags/example_complex.py for tasks to queue
[2025-04-09T06:45:25.339+0000] {logging_mixin.py:188} INFO - [2025-04-09T06:45:25.339+0000] {dagbag.py:538} INFO - Filling up the DagBag from /home/airflow/.local/lib/python3.8/site-packages/airflow/example_dags/example_complex.py
[2025-04-09T06:45:25.354+0000] {processor.py:840} INFO - DAG(s) 'example_complex' retrieved from /home/airflow/.local/lib/python3.8/site-packages/airflow/example_dags/example_complex.py
[2025-04-09T06:45:25.487+0000] {logging_mixin.py:188} INFO - [2025-04-09T06:45:25.487+0000] {dag.py:3036} INFO - Sync 1 DAGs
[2025-04-09T06:45:25.499+0000] {logging_mixin.py:188} INFO - [2025-04-09T06:45:25.499+0000] {dag.py:3823} INFO - Setting next_dagrun for example_complex to None, run_after=None
[2025-04-09T06:45:25.563+0000] {processor.py:183} INFO - Processing /home/airflow/.local/lib/python3.8/site-packages/airflow/example_dags/example_complex.py took 0.231 seconds
[2025-04-09T06:45:55.584+0000] {processor.py:161} INFO - Started process (PID=135) to work on /home/airflow/.local/lib/python3.8/site-packages/airflow/example_dags/example_complex.py
[2025-04-09T06:45:55.585+0000] {processor.py:830} INFO - Processing file /home/airflow/.local/lib/python3.8/site-packages/airflow/example_dags/example_complex.py for tasks to queue
[2025-04-09T06:45:55.586+0000] {logging_mixin.py:188} INFO - [2025-04-09T06:45:55.586+0000] {dagbag.py:538} INFO - Filling up the DagBag from /home/airflow/.local/lib/python3.8/site-packages/airflow/example_dags/example_complex.py
[2025-04-09T06:45:55.598+0000] {processor.py:840} INFO - DAG(s) 'example_complex' retrieved from /home/airflow/.local/lib/python3.8/site-packages/airflow/example_dags/example_complex.py
[2025-04-09T06:45:55.630+0000] {logging_mixin.py:188} INFO - [2025-04-09T06:45:55.630+0000] {dag.py:3036} INFO - Sync 1 DAGs
[2025-04-09T06:45:55.643+0000] {logging_mixin.py:188} INFO - [2025-04-09T06:45:55.642+0000] {dag.py:3823} INFO - Setting next_dagrun for example_complex to None, run_after=None
[2025-04-09T06:45:55.690+0000] {processor.py:183} INFO - Processing /home/airflow/.local/lib/python3.8/site-packages/airflow/example_dags/example_complex.py took 0.109 seconds
[2025-04-09T06:46:26.379+0000] {processor.py:161} INFO - Started process (PID=193) to work on /home/airflow/.local/lib/python3.8/site-packages/airflow/example_dags/example_complex.py
[2025-04-09T06:46:26.394+0000] {processor.py:830} INFO - Processing file /home/airflow/.local/lib/python3.8/site-packages/airflow/example_dags/example_complex.py for tasks to queue
[2025-04-09T06:46:26.396+0000] {logging_mixin.py:188} INFO - [2025-04-09T06:46:26.396+0000] {dagbag.py:538} INFO - Filling up the DagBag from /home/airflow/.local/lib/python3.8/site-packages/airflow/example_dags/example_complex.py
[2025-04-09T06:46:26.410+0000] {processor.py:840} INFO - DAG(s) 'example_complex' retrieved from /home/airflow/.local/lib/python3.8/site-packages/airflow/example_dags/example_complex.py
[2025-04-09T06:46:26.459+0000] {logging_mixin.py:188} INFO - [2025-04-09T06:46:26.459+0000] {dag.py:3036} INFO - Sync 1 DAGs
[2025-04-09T06:46:26.477+0000] {logging_mixin.py:188} INFO - [2025-04-09T06:46:26.476+0000] {dag.py:3823} INFO - Setting next_dagrun for example_complex to None, run_after=None
[2025-04-09T06:46:26.528+0000] {processor.py:183} INFO - Processing /home/airflow/.local/lib/python3.8/site-packages/airflow/example_dags/example_complex.py took 0.153 seconds
[2025-04-09T06:46:58.000+0000] {processor.py:161} INFO - Started process (PID=251) to work on /home/airflow/.local/lib/python3.8/site-packages/airflow/example_dags/example_complex.py
[2025-04-09T06:46:58.002+0000] {processor.py:830} INFO - Processing file /home/airflow/.local/lib/python3.8/site-packages/airflow/example_dags/example_complex.py for tasks to queue
[2025-04-09T06:46:58.004+0000] {logging_mixin.py:188} INFO - [2025-04-09T06:46:58.004+0000] {dagbag.py:538} INFO - Filling up the DagBag from /home/airflow/.local/lib/python3.8/site-packages/airflow/example_dags/example_complex.py
[2025-04-09T06:46:58.018+0000] {processor.py:840} INFO - DAG(s) 'example_complex' retrieved from /home/airflow/.local/lib/python3.8/site-packages/airflow/example_dags/example_complex.py
[2025-04-09T06:46:58.064+0000] {logging_mixin.py:188} INFO - [2025-04-09T06:46:58.064+0000] {dag.py:3036} INFO - Sync 1 DAGs
[2025-04-09T06:46:58.084+0000] {logging_mixin.py:188} INFO - [2025-04-09T06:46:58.083+0000] {dag.py:3823} INFO - Setting next_dagrun for example_complex to None, run_after=None
[2025-04-09T06:46:58.160+0000] {processor.py:183} INFO - Processing /home/airflow/.local/lib/python3.8/site-packages/airflow/example_dags/example_complex.py took 0.163 seconds
[2025-04-09T06:47:32.606+0000] {processor.py:161} INFO - Started process (PID=309) to work on /home/airflow/.local/lib/python3.8/site-packages/airflow/example_dags/example_complex.py
[2025-04-09T06:47:32.608+0000] {processor.py:830} INFO - Processing file /home/airflow/.local/lib/python3.8/site-packages/airflow/example_dags/example_complex.py for tasks to queue
[2025-04-09T06:47:32.609+0000] {logging_mixin.py:188} INFO - [2025-04-09T06:47:32.609+0000] {dagbag.py:538} INFO - Filling up the DagBag from /home/airflow/.local/lib/python3.8/site-packages/airflow/example_dags/example_complex.py
[2025-04-09T06:47:32.621+0000] {processor.py:840} INFO - DAG(s) 'example_complex' retrieved from /home/airflow/.local/lib/python3.8/site-packages/airflow/example_dags/example_complex.py
[2025-04-09T06:47:32.656+0000] {logging_mixin.py:188} INFO - [2025-04-09T06:47:32.655+0000] {dag.py:3036} INFO - Sync 1 DAGs
[2025-04-09T06:47:32.675+0000] {logging_mixin.py:188} INFO - [2025-04-09T06:47:32.675+0000] {dag.py:3823} INFO - Setting next_dagrun for example_complex to None, run_after=None
[2025-04-09T06:47:32.726+0000] {processor.py:183} INFO - Processing /home/airflow/.local/lib/python3.8/site-packages/airflow/example_dags/example_complex.py took 0.122 seconds
[2025-04-09T06:48:07.309+0000] {processor.py:161} INFO - Started process (PID=367) to work on /home/airflow/.local/lib/python3.8/site-packages/airflow/example_dags/example_complex.py
[2025-04-09T06:48:07.310+0000] {processor.py:830} INFO - Processing file /home/airflow/.local/lib/python3.8/site-packages/airflow/example_dags/example_complex.py for tasks to queue
[2025-04-09T06:48:07.312+0000] {logging_mixin.py:188} INFO - [2025-04-09T06:48:07.312+0000] {dagbag.py:538} INFO - Filling up the DagBag from /home/airflow/.local/lib/python3.8/site-packages/airflow/example_dags/example_complex.py
[2025-04-09T06:48:07.323+0000] {processor.py:840} INFO - DAG(s) 'example_complex' retrieved from /home/airflow/.local/lib/python3.8/site-packages/airflow/example_dags/example_complex.py
[2025-04-09T06:48:07.375+0000] {logging_mixin.py:188} INFO - [2025-04-09T06:48:07.374+0000] {dag.py:3036} INFO - Sync 1 DAGs
[2025-04-09T06:48:07.388+0000] {logging_mixin.py:188} INFO - [2025-04-09T06:48:07.387+0000] {dag.py:3823} INFO - Setting next_dagrun for example_complex to None, run_after=None
[2025-04-09T06:48:07.442+0000] {processor.py:183} INFO - Processing /home/airflow/.local/lib/python3.8/site-packages/airflow/example_dags/example_complex.py took 0.135 seconds
[2025-04-09T06:48:37.718+0000] {processor.py:161} INFO - Started process (PID=425) to work on /home/airflow/.local/lib/python3.8/site-packages/airflow/example_dags/example_complex.py
[2025-04-09T06:48:37.719+0000] {processor.py:830} INFO - Processing file /home/airflow/.local/lib/python3.8/site-packages/airflow/example_dags/example_complex.py for tasks to queue
[2025-04-09T06:48:37.721+0000] {logging_mixin.py:188} INFO - [2025-04-09T06:48:37.721+0000] {dagbag.py:538} INFO - Filling up the DagBag from /home/airflow/.local/lib/python3.8/site-packages/airflow/example_dags/example_complex.py
[2025-04-09T06:48:37.737+0000] {processor.py:840} INFO - DAG(s) 'example_complex' retrieved from /home/airflow/.local/lib/python3.8/site-packages/airflow/example_dags/example_complex.py
[2025-04-09T06:48:37.778+0000] {logging_mixin.py:188} INFO - [2025-04-09T06:48:37.777+0000] {dag.py:3036} INFO - Sync 1 DAGs
[2025-04-09T06:48:37.797+0000] {logging_mixin.py:188} INFO - [2025-04-09T06:48:37.796+0000] {dag.py:3823} INFO - Setting next_dagrun for example_complex to None, run_after=None
[2025-04-09T06:48:37.852+0000] {processor.py:183} INFO - Processing /home/airflow/.local/lib/python3.8/site-packages/airflow/example_dags/example_complex.py took 0.137 seconds
[2025-04-09T06:49:08.622+0000] {processor.py:161} INFO - Started process (PID=483) to work on /home/airflow/.local/lib/python3.8/site-packages/airflow/example_dags/example_complex.py
[2025-04-09T06:49:08.623+0000] {processor.py:830} INFO - Processing file /home/airflow/.local/lib/python3.8/site-packages/airflow/example_dags/example_complex.py for tasks to queue
[2025-04-09T06:49:08.625+0000] {logging_mixin.py:188} INFO - [2025-04-09T06:49:08.625+0000] {dagbag.py:538} INFO - Filling up the DagBag from /home/airflow/.local/lib/python3.8/site-packages/airflow/example_dags/example_complex.py
[2025-04-09T06:49:08.636+0000] {processor.py:840} INFO - DAG(s) 'example_complex' retrieved from /home/airflow/.local/lib/python3.8/site-packages/airflow/example_dags/example_complex.py
[2025-04-09T06:49:08.669+0000] {logging_mixin.py:188} INFO - [2025-04-09T06:49:08.669+0000] {dag.py:3036} INFO - Sync 1 DAGs
[2025-04-09T06:49:08.684+0000] {logging_mixin.py:188} INFO - [2025-04-09T06:49:08.683+0000] {dag.py:3823} INFO - Setting next_dagrun for example_complex to None, run_after=None
[2025-04-09T06:49:08.726+0000] {processor.py:183} INFO - Processing /home/airflow/.local/lib/python3.8/site-packages/airflow/example_dags/example_complex.py took 0.107 seconds
[2025-04-09T06:49:39.026+0000] {processor.py:161} INFO - Started process (PID=541) to work on /home/airflow/.local/lib/python3.8/site-packages/airflow/example_dags/example_complex.py
[2025-04-09T06:49:39.027+0000] {processor.py:830} INFO - Processing file /home/airflow/.local/lib/python3.8/site-packages/airflow/example_dags/example_complex.py for tasks to queue
[2025-04-09T06:49:39.028+0000] {logging_mixin.py:188} INFO - [2025-04-09T06:49:39.028+0000] {dagbag.py:538} INFO - Filling up the DagBag from /home/airflow/.local/lib/python3.8/site-packages/airflow/example_dags/example_complex.py
[2025-04-09T06:49:39.039+0000] {processor.py:840} INFO - DAG(s) 'example_complex' retrieved from /home/airflow/.local/lib/python3.8/site-packages/airflow/example_dags/example_complex.py
[2025-04-09T06:49:39.074+0000] {logging_mixin.py:188} INFO - [2025-04-09T06:49:39.073+0000] {dag.py:3036} INFO - Sync 1 DAGs
[2025-04-09T06:49:39.089+0000] {logging_mixin.py:188} INFO - [2025-04-09T06:49:39.088+0000] {dag.py:3823} INFO - Setting next_dagrun for example_complex to None, run_after=None
[2025-04-09T06:49:39.140+0000] {processor.py:183} INFO - Processing /home/airflow/.local/lib/python3.8/site-packages/airflow/example_dags/example_complex.py took 0.118 seconds
[2025-04-09T06:50:09.370+0000] {processor.py:161} INFO - Started process (PID=599) to work on /home/airflow/.local/lib/python3.8/site-packages/airflow/example_dags/example_complex.py
[2025-04-09T06:50:09.371+0000] {processor.py:830} INFO - Processing file /home/airflow/.local/lib/python3.8/site-packages/airflow/example_dags/example_complex.py for tasks to queue
[2025-04-09T06:50:09.373+0000] {logging_mixin.py:188} INFO - [2025-04-09T06:50:09.372+0000] {dagbag.py:538} INFO - Filling up the DagBag from /home/airflow/.local/lib/python3.8/site-packages/airflow/example_dags/example_complex.py
[2025-04-09T06:50:09.384+0000] {processor.py:840} INFO - DAG(s) 'example_complex' retrieved from /home/airflow/.local/lib/python3.8/site-packages/airflow/example_dags/example_complex.py
[2025-04-09T06:50:09.417+0000] {logging_mixin.py:188} INFO - [2025-04-09T06:50:09.416+0000] {dag.py:3036} INFO - Sync 1 DAGs
[2025-04-09T06:50:09.428+0000] {logging_mixin.py:188} INFO - [2025-04-09T06:50:09.428+0000] {dag.py:3823} INFO - Setting next_dagrun for example_complex to None, run_after=None
[2025-04-09T06:50:09.493+0000] {processor.py:183} INFO - Processing /home/airflow/.local/lib/python3.8/site-packages/airflow/example_dags/example_complex.py took 0.126 seconds
[2025-04-09T06:50:39.678+0000] {processor.py:161} INFO - Started process (PID=657) to work on /home/airflow/.local/lib/python3.8/site-packages/airflow/example_dags/example_complex.py
[2025-04-09T06:50:39.680+0000] {processor.py:830} INFO - Processing file /home/airflow/.local/lib/python3.8/site-packages/airflow/example_dags/example_complex.py for tasks to queue
[2025-04-09T06:50:39.681+0000] {logging_mixin.py:188} INFO - [2025-04-09T06:50:39.681+0000] {dagbag.py:538} INFO - Filling up the DagBag from /home/airflow/.local/lib/python3.8/site-packages/airflow/example_dags/example_complex.py
[2025-04-09T06:50:39.692+0000] {processor.py:840} INFO - DAG(s) 'example_complex' retrieved from /home/airflow/.local/lib/python3.8/site-packages/airflow/example_dags/example_complex.py
[2025-04-09T06:50:39.726+0000] {logging_mixin.py:188} INFO - [2025-04-09T06:50:39.726+0000] {dag.py:3036} INFO - Sync 1 DAGs
[2025-04-09T06:50:39.739+0000] {logging_mixin.py:188} INFO - [2025-04-09T06:50:39.739+0000] {dag.py:3823} INFO - Setting next_dagrun for example_complex to None, run_after=None
[2025-04-09T06:50:39.787+0000] {processor.py:183} INFO - Processing /home/airflow/.local/lib/python3.8/site-packages/airflow/example_dags/example_complex.py took 0.113 seconds
[2025-04-09T06:51:10.483+0000] {processor.py:161} INFO - Started process (PID=716) to work on /home/airflow/.local/lib/python3.8/site-packages/airflow/example_dags/example_complex.py
[2025-04-09T06:51:10.484+0000] {processor.py:830} INFO - Processing file /home/airflow/.local/lib/python3.8/site-packages/airflow/example_dags/example_complex.py for tasks to queue
[2025-04-09T06:51:10.486+0000] {logging_mixin.py:188} INFO - [2025-04-09T06:51:10.485+0000] {dagbag.py:538} INFO - Filling up the DagBag from /home/airflow/.local/lib/python3.8/site-packages/airflow/example_dags/example_complex.py
[2025-04-09T06:51:10.498+0000] {processor.py:840} INFO - DAG(s) 'example_complex' retrieved from /home/airflow/.local/lib/python3.8/site-packages/airflow/example_dags/example_complex.py
[2025-04-09T06:51:10.537+0000] {logging_mixin.py:188} INFO - [2025-04-09T06:51:10.536+0000] {dag.py:3036} INFO - Sync 1 DAGs
[2025-04-09T06:51:10.552+0000] {logging_mixin.py:188} INFO - [2025-04-09T06:51:10.551+0000] {dag.py:3823} INFO - Setting next_dagrun for example_complex to None, run_after=None
[2025-04-09T06:51:10.619+0000] {processor.py:183} INFO - Processing /home/airflow/.local/lib/python3.8/site-packages/airflow/example_dags/example_complex.py took 0.139 seconds
[2025-04-09T06:51:43.040+0000] {processor.py:161} INFO - Started process (PID=775) to work on /home/airflow/.local/lib/python3.8/site-packages/airflow/example_dags/example_complex.py
[2025-04-09T06:51:43.057+0000] {processor.py:830} INFO - Processing file /home/airflow/.local/lib/python3.8/site-packages/airflow/example_dags/example_complex.py for tasks to queue
[2025-04-09T06:51:43.058+0000] {logging_mixin.py:188} INFO - [2025-04-09T06:51:43.058+0000] {dagbag.py:538} INFO - Filling up the DagBag from /home/airflow/.local/lib/python3.8/site-packages/airflow/example_dags/example_complex.py
[2025-04-09T06:51:43.070+0000] {processor.py:840} INFO - DAG(s) 'example_complex' retrieved from /home/airflow/.local/lib/python3.8/site-packages/airflow/example_dags/example_complex.py
[2025-04-09T06:51:43.103+0000] {logging_mixin.py:188} INFO - [2025-04-09T06:51:43.103+0000] {dag.py:3036} INFO - Sync 1 DAGs
[2025-04-09T06:51:43.117+0000] {logging_mixin.py:188} INFO - [2025-04-09T06:51:43.116+0000] {dag.py:3823} INFO - Setting next_dagrun for example_complex to None, run_after=None
[2025-04-09T06:51:43.164+0000] {processor.py:183} INFO - Processing /home/airflow/.local/lib/python3.8/site-packages/airflow/example_dags/example_complex.py took 0.126 seconds
[2025-04-09T06:52:33.115+0000] {processor.py:161} INFO - Started process (PID=85) to work on /home/airflow/.local/lib/python3.8/site-packages/airflow/example_dags/example_complex.py
[2025-04-09T06:52:33.117+0000] {processor.py:830} INFO - Processing file /home/airflow/.local/lib/python3.8/site-packages/airflow/example_dags/example_complex.py for tasks to queue
[2025-04-09T06:52:33.120+0000] {logging_mixin.py:188} INFO - [2025-04-09T06:52:33.119+0000] {dagbag.py:538} INFO - Filling up the DagBag from /home/airflow/.local/lib/python3.8/site-packages/airflow/example_dags/example_complex.py
[2025-04-09T06:52:33.143+0000] {processor.py:840} INFO - DAG(s) 'example_complex' retrieved from /home/airflow/.local/lib/python3.8/site-packages/airflow/example_dags/example_complex.py
[2025-04-09T06:52:33.163+0000] {logging_mixin.py:188} INFO - [2025-04-09T06:52:33.163+0000] {dag.py:3036} INFO - Sync 1 DAGs
[2025-04-09T06:52:33.187+0000] {logging_mixin.py:188} INFO - [2025-04-09T06:52:33.186+0000] {dag.py:3823} INFO - Setting next_dagrun for example_complex to None, run_after=None
[2025-04-09T06:52:33.265+0000] {processor.py:183} INFO - Processing /home/airflow/.local/lib/python3.8/site-packages/airflow/example_dags/example_complex.py took 0.159 seconds
[2025-04-09T06:53:05.439+0000] {processor.py:161} INFO - Started process (PID=143) to work on /home/airflow/.local/lib/python3.8/site-packages/airflow/example_dags/example_complex.py
[2025-04-09T06:53:05.441+0000] {processor.py:830} INFO - Processing file /home/airflow/.local/lib/python3.8/site-packages/airflow/example_dags/example_complex.py for tasks to queue
[2025-04-09T06:53:05.444+0000] {logging_mixin.py:188} INFO - [2025-04-09T06:53:05.443+0000] {dagbag.py:538} INFO - Filling up the DagBag from /home/airflow/.local/lib/python3.8/site-packages/airflow/example_dags/example_complex.py
[2025-04-09T06:53:05.456+0000] {processor.py:840} INFO - DAG(s) 'example_complex' retrieved from /home/airflow/.local/lib/python3.8/site-packages/airflow/example_dags/example_complex.py
[2025-04-09T06:53:05.588+0000] {logging_mixin.py:188} INFO - [2025-04-09T06:53:05.588+0000] {dag.py:3036} INFO - Sync 1 DAGs
[2025-04-09T06:53:05.600+0000] {logging_mixin.py:188} INFO - [2025-04-09T06:53:05.600+0000] {dag.py:3823} INFO - Setting next_dagrun for example_complex to None, run_after=None
[2025-04-09T06:53:05.656+0000] {processor.py:183} INFO - Processing /home/airflow/.local/lib/python3.8/site-packages/airflow/example_dags/example_complex.py took 0.220 seconds
[2025-04-09T06:53:36.548+0000] {processor.py:161} INFO - Started process (PID=201) to work on /home/airflow/.local/lib/python3.8/site-packages/airflow/example_dags/example_complex.py
[2025-04-09T06:53:36.549+0000] {processor.py:830} INFO - Processing file /home/airflow/.local/lib/python3.8/site-packages/airflow/example_dags/example_complex.py for tasks to queue
[2025-04-09T06:53:36.551+0000] {logging_mixin.py:188} INFO - [2025-04-09T06:53:36.551+0000] {dagbag.py:538} INFO - Filling up the DagBag from /home/airflow/.local/lib/python3.8/site-packages/airflow/example_dags/example_complex.py
[2025-04-09T06:53:36.564+0000] {processor.py:840} INFO - DAG(s) 'example_complex' retrieved from /home/airflow/.local/lib/python3.8/site-packages/airflow/example_dags/example_complex.py
[2025-04-09T06:53:36.601+0000] {logging_mixin.py:188} INFO - [2025-04-09T06:53:36.600+0000] {dag.py:3036} INFO - Sync 1 DAGs
[2025-04-09T06:53:36.614+0000] {logging_mixin.py:188} INFO - [2025-04-09T06:53:36.614+0000] {dag.py:3823} INFO - Setting next_dagrun for example_complex to None, run_after=None
[2025-04-09T06:53:36.679+0000] {processor.py:183} INFO - Processing /home/airflow/.local/lib/python3.8/site-packages/airflow/example_dags/example_complex.py took 0.134 seconds
[2025-04-09T06:54:09.047+0000] {processor.py:161} INFO - Started process (PID=259) to work on /home/airflow/.local/lib/python3.8/site-packages/airflow/example_dags/example_complex.py
[2025-04-09T06:54:09.111+0000] {processor.py:830} INFO - Processing file /home/airflow/.local/lib/python3.8/site-packages/airflow/example_dags/example_complex.py for tasks to queue
[2025-04-09T06:54:09.115+0000] {logging_mixin.py:188} INFO - [2025-04-09T06:54:09.114+0000] {dagbag.py:538} INFO - Filling up the DagBag from /home/airflow/.local/lib/python3.8/site-packages/airflow/example_dags/example_complex.py
[2025-04-09T06:54:09.133+0000] {processor.py:840} INFO - DAG(s) 'example_complex' retrieved from /home/airflow/.local/lib/python3.8/site-packages/airflow/example_dags/example_complex.py
[2025-04-09T06:54:09.211+0000] {logging_mixin.py:188} INFO - [2025-04-09T06:54:09.211+0000] {dag.py:3036} INFO - Sync 1 DAGs
[2025-04-09T06:54:09.234+0000] {logging_mixin.py:188} INFO - [2025-04-09T06:54:09.233+0000] {dag.py:3823} INFO - Setting next_dagrun for example_complex to None, run_after=None
[2025-04-09T06:54:09.346+0000] {processor.py:183} INFO - Processing /home/airflow/.local/lib/python3.8/site-packages/airflow/example_dags/example_complex.py took 0.303 seconds
[2025-04-09T06:54:43.106+0000] {processor.py:161} INFO - Started process (PID=317) to work on /home/airflow/.local/lib/python3.8/site-packages/airflow/example_dags/example_complex.py
[2025-04-09T06:54:43.107+0000] {processor.py:830} INFO - Processing file /home/airflow/.local/lib/python3.8/site-packages/airflow/example_dags/example_complex.py for tasks to queue
[2025-04-09T06:54:43.109+0000] {logging_mixin.py:188} INFO - [2025-04-09T06:54:43.108+0000] {dagbag.py:538} INFO - Filling up the DagBag from /home/airflow/.local/lib/python3.8/site-packages/airflow/example_dags/example_complex.py
[2025-04-09T06:54:43.120+0000] {processor.py:840} INFO - DAG(s) 'example_complex' retrieved from /home/airflow/.local/lib/python3.8/site-packages/airflow/example_dags/example_complex.py
[2025-04-09T06:54:43.151+0000] {logging_mixin.py:188} INFO - [2025-04-09T06:54:43.151+0000] {dag.py:3036} INFO - Sync 1 DAGs
[2025-04-09T06:54:43.166+0000] {logging_mixin.py:188} INFO - [2025-04-09T06:54:43.166+0000] {dag.py:3823} INFO - Setting next_dagrun for example_complex to None, run_after=None
[2025-04-09T06:54:43.214+0000] {processor.py:183} INFO - Processing /home/airflow/.local/lib/python3.8/site-packages/airflow/example_dags/example_complex.py took 0.111 seconds
[2025-04-09T06:55:17.103+0000] {processor.py:161} INFO - Started process (PID=375) to work on /home/airflow/.local/lib/python3.8/site-packages/airflow/example_dags/example_complex.py
[2025-04-09T06:55:17.104+0000] {processor.py:830} INFO - Processing file /home/airflow/.local/lib/python3.8/site-packages/airflow/example_dags/example_complex.py for tasks to queue
[2025-04-09T06:55:17.106+0000] {logging_mixin.py:188} INFO - [2025-04-09T06:55:17.105+0000] {dagbag.py:538} INFO - Filling up the DagBag from /home/airflow/.local/lib/python3.8/site-packages/airflow/example_dags/example_complex.py
[2025-04-09T06:55:17.120+0000] {processor.py:840} INFO - DAG(s) 'example_complex' retrieved from /home/airflow/.local/lib/python3.8/site-packages/airflow/example_dags/example_complex.py
[2025-04-09T06:55:17.155+0000] {logging_mixin.py:188} INFO - [2025-04-09T06:55:17.155+0000] {dag.py:3036} INFO - Sync 1 DAGs
[2025-04-09T06:55:17.170+0000] {logging_mixin.py:188} INFO - [2025-04-09T06:55:17.169+0000] {dag.py:3823} INFO - Setting next_dagrun for example_complex to None, run_after=None
[2025-04-09T06:55:17.250+0000] {processor.py:183} INFO - Processing /home/airflow/.local/lib/python3.8/site-packages/airflow/example_dags/example_complex.py took 0.150 seconds
[2025-04-09T06:55:47.501+0000] {processor.py:161} INFO - Started process (PID=433) to work on /home/airflow/.local/lib/python3.8/site-packages/airflow/example_dags/example_complex.py
[2025-04-09T06:55:47.502+0000] {processor.py:830} INFO - Processing file /home/airflow/.local/lib/python3.8/site-packages/airflow/example_dags/example_complex.py for tasks to queue
[2025-04-09T06:55:47.504+0000] {logging_mixin.py:188} INFO - [2025-04-09T06:55:47.503+0000] {dagbag.py:538} INFO - Filling up the DagBag from /home/airflow/.local/lib/python3.8/site-packages/airflow/example_dags/example_complex.py
[2025-04-09T06:55:47.516+0000] {processor.py:840} INFO - DAG(s) 'example_complex' retrieved from /home/airflow/.local/lib/python3.8/site-packages/airflow/example_dags/example_complex.py
[2025-04-09T06:55:47.548+0000] {logging_mixin.py:188} INFO - [2025-04-09T06:55:47.547+0000] {dag.py:3036} INFO - Sync 1 DAGs
[2025-04-09T06:55:47.562+0000] {logging_mixin.py:188} INFO - [2025-04-09T06:55:47.561+0000] {dag.py:3823} INFO - Setting next_dagrun for example_complex to None, run_after=None
[2025-04-09T06:55:47.641+0000] {processor.py:183} INFO - Processing /home/airflow/.local/lib/python3.8/site-packages/airflow/example_dags/example_complex.py took 0.143 seconds
[2025-04-09T06:56:18.484+0000] {processor.py:161} INFO - Started process (PID=491) to work on /home/airflow/.local/lib/python3.8/site-packages/airflow/example_dags/example_complex.py
[2025-04-09T06:56:18.485+0000] {processor.py:830} INFO - Processing file /home/airflow/.local/lib/python3.8/site-packages/airflow/example_dags/example_complex.py for tasks to queue
[2025-04-09T06:56:18.487+0000] {logging_mixin.py:188} INFO - [2025-04-09T06:56:18.486+0000] {dagbag.py:538} INFO - Filling up the DagBag from /home/airflow/.local/lib/python3.8/site-packages/airflow/example_dags/example_complex.py
[2025-04-09T06:56:18.500+0000] {processor.py:840} INFO - DAG(s) 'example_complex' retrieved from /home/airflow/.local/lib/python3.8/site-packages/airflow/example_dags/example_complex.py
[2025-04-09T06:56:18.538+0000] {logging_mixin.py:188} INFO - [2025-04-09T06:56:18.538+0000] {dag.py:3036} INFO - Sync 1 DAGs
[2025-04-09T06:56:18.553+0000] {logging_mixin.py:188} INFO - [2025-04-09T06:56:18.553+0000] {dag.py:3823} INFO - Setting next_dagrun for example_complex to None, run_after=None
[2025-04-09T06:56:18.629+0000] {processor.py:183} INFO - Processing /home/airflow/.local/lib/python3.8/site-packages/airflow/example_dags/example_complex.py took 0.148 seconds
[2025-04-09T06:56:49.711+0000] {processor.py:161} INFO - Started process (PID=549) to work on /home/airflow/.local/lib/python3.8/site-packages/airflow/example_dags/example_complex.py
[2025-04-09T06:56:49.713+0000] {processor.py:830} INFO - Processing file /home/airflow/.local/lib/python3.8/site-packages/airflow/example_dags/example_complex.py for tasks to queue
[2025-04-09T06:56:49.716+0000] {logging_mixin.py:188} INFO - [2025-04-09T06:56:49.715+0000] {dagbag.py:538} INFO - Filling up the DagBag from /home/airflow/.local/lib/python3.8/site-packages/airflow/example_dags/example_complex.py
[2025-04-09T06:56:49.732+0000] {processor.py:840} INFO - DAG(s) 'example_complex' retrieved from /home/airflow/.local/lib/python3.8/site-packages/airflow/example_dags/example_complex.py
[2025-04-09T06:56:49.796+0000] {logging_mixin.py:188} INFO - [2025-04-09T06:56:49.796+0000] {dag.py:3036} INFO - Sync 1 DAGs
[2025-04-09T06:56:49.822+0000] {logging_mixin.py:188} INFO - [2025-04-09T06:56:49.822+0000] {dag.py:3823} INFO - Setting next_dagrun for example_complex to None, run_after=None
[2025-04-09T06:56:49.881+0000] {processor.py:183} INFO - Processing /home/airflow/.local/lib/python3.8/site-packages/airflow/example_dags/example_complex.py took 0.175 seconds
[2025-04-09T06:57:24.859+0000] {processor.py:161} INFO - Started process (PID=77) to work on /home/airflow/.local/lib/python3.8/site-packages/airflow/example_dags/example_complex.py
[2025-04-09T06:57:24.862+0000] {processor.py:830} INFO - Processing file /home/airflow/.local/lib/python3.8/site-packages/airflow/example_dags/example_complex.py for tasks to queue
[2025-04-09T06:57:24.864+0000] {logging_mixin.py:188} INFO - [2025-04-09T06:57:24.864+0000] {dagbag.py:538} INFO - Filling up the DagBag from /home/airflow/.local/lib/python3.8/site-packages/airflow/example_dags/example_complex.py
[2025-04-09T06:57:24.879+0000] {processor.py:840} INFO - DAG(s) 'example_complex' retrieved from /home/airflow/.local/lib/python3.8/site-packages/airflow/example_dags/example_complex.py
[2025-04-09T06:57:24.917+0000] {logging_mixin.py:188} INFO - [2025-04-09T06:57:24.917+0000] {dag.py:3036} INFO - Sync 1 DAGs
[2025-04-09T06:57:24.931+0000] {logging_mixin.py:188} INFO - [2025-04-09T06:57:24.931+0000] {dag.py:3823} INFO - Setting next_dagrun for example_complex to None, run_after=None
[2025-04-09T06:57:24.983+0000] {processor.py:183} INFO - Processing /home/airflow/.local/lib/python3.8/site-packages/airflow/example_dags/example_complex.py took 0.128 seconds
[2025-04-09T06:57:55.017+0000] {processor.py:161} INFO - Started process (PID=129) to work on /home/airflow/.local/lib/python3.8/site-packages/airflow/example_dags/example_complex.py
[2025-04-09T06:57:55.018+0000] {processor.py:830} INFO - Processing file /home/airflow/.local/lib/python3.8/site-packages/airflow/example_dags/example_complex.py for tasks to queue
[2025-04-09T06:57:55.020+0000] {logging_mixin.py:188} INFO - [2025-04-09T06:57:55.020+0000] {dagbag.py:538} INFO - Filling up the DagBag from /home/airflow/.local/lib/python3.8/site-packages/airflow/example_dags/example_complex.py
[2025-04-09T06:57:55.033+0000] {processor.py:840} INFO - DAG(s) 'example_complex' retrieved from /home/airflow/.local/lib/python3.8/site-packages/airflow/example_dags/example_complex.py
[2025-04-09T06:57:55.068+0000] {logging_mixin.py:188} INFO - [2025-04-09T06:57:55.067+0000] {dag.py:3036} INFO - Sync 1 DAGs
[2025-04-09T06:57:55.080+0000] {logging_mixin.py:188} INFO - [2025-04-09T06:57:55.080+0000] {dag.py:3823} INFO - Setting next_dagrun for example_complex to None, run_after=None
[2025-04-09T06:57:55.154+0000] {processor.py:183} INFO - Processing /home/airflow/.local/lib/python3.8/site-packages/airflow/example_dags/example_complex.py took 0.141 seconds
[2025-04-09T06:58:25.352+0000] {processor.py:161} INFO - Started process (PID=187) to work on /home/airflow/.local/lib/python3.8/site-packages/airflow/example_dags/example_complex.py
[2025-04-09T06:58:25.353+0000] {processor.py:830} INFO - Processing file /home/airflow/.local/lib/python3.8/site-packages/airflow/example_dags/example_complex.py for tasks to queue
[2025-04-09T06:58:25.354+0000] {logging_mixin.py:188} INFO - [2025-04-09T06:58:25.354+0000] {dagbag.py:538} INFO - Filling up the DagBag from /home/airflow/.local/lib/python3.8/site-packages/airflow/example_dags/example_complex.py
[2025-04-09T06:58:25.365+0000] {processor.py:840} INFO - DAG(s) 'example_complex' retrieved from /home/airflow/.local/lib/python3.8/site-packages/airflow/example_dags/example_complex.py
[2025-04-09T06:58:25.396+0000] {logging_mixin.py:188} INFO - [2025-04-09T06:58:25.396+0000] {dag.py:3036} INFO - Sync 1 DAGs
[2025-04-09T06:58:25.410+0000] {logging_mixin.py:188} INFO - [2025-04-09T06:58:25.409+0000] {dag.py:3823} INFO - Setting next_dagrun for example_complex to None, run_after=None
[2025-04-09T06:58:25.492+0000] {processor.py:183} INFO - Processing /home/airflow/.local/lib/python3.8/site-packages/airflow/example_dags/example_complex.py took 0.144 seconds
[2025-04-09T06:58:55.594+0000] {processor.py:161} INFO - Started process (PID=254) to work on /home/airflow/.local/lib/python3.8/site-packages/airflow/example_dags/example_complex.py
[2025-04-09T06:58:55.595+0000] {processor.py:830} INFO - Processing file /home/airflow/.local/lib/python3.8/site-packages/airflow/example_dags/example_complex.py for tasks to queue
[2025-04-09T06:58:55.597+0000] {logging_mixin.py:188} INFO - [2025-04-09T06:58:55.596+0000] {dagbag.py:538} INFO - Filling up the DagBag from /home/airflow/.local/lib/python3.8/site-packages/airflow/example_dags/example_complex.py
[2025-04-09T06:58:55.607+0000] {processor.py:840} INFO - DAG(s) 'example_complex' retrieved from /home/airflow/.local/lib/python3.8/site-packages/airflow/example_dags/example_complex.py
[2025-04-09T06:58:55.639+0000] {logging_mixin.py:188} INFO - [2025-04-09T06:58:55.638+0000] {dag.py:3036} INFO - Sync 1 DAGs
[2025-04-09T06:58:55.652+0000] {logging_mixin.py:188} INFO - [2025-04-09T06:58:55.651+0000] {dag.py:3823} INFO - Setting next_dagrun for example_complex to None, run_after=None
[2025-04-09T06:58:55.711+0000] {processor.py:183} INFO - Processing /home/airflow/.local/lib/python3.8/site-packages/airflow/example_dags/example_complex.py took 0.120 seconds
[2025-04-09T06:59:29.120+0000] {processor.py:161} INFO - Started process (PID=312) to work on /home/airflow/.local/lib/python3.8/site-packages/airflow/example_dags/example_complex.py
[2025-04-09T06:59:29.123+0000] {processor.py:830} INFO - Processing file /home/airflow/.local/lib/python3.8/site-packages/airflow/example_dags/example_complex.py for tasks to queue
[2025-04-09T06:59:29.125+0000] {logging_mixin.py:188} INFO - [2025-04-09T06:59:29.125+0000] {dagbag.py:538} INFO - Filling up the DagBag from /home/airflow/.local/lib/python3.8/site-packages/airflow/example_dags/example_complex.py
[2025-04-09T06:59:29.138+0000] {processor.py:840} INFO - DAG(s) 'example_complex' retrieved from /home/airflow/.local/lib/python3.8/site-packages/airflow/example_dags/example_complex.py
[2025-04-09T06:59:29.169+0000] {logging_mixin.py:188} INFO - [2025-04-09T06:59:29.169+0000] {dag.py:3036} INFO - Sync 1 DAGs
[2025-04-09T06:59:29.183+0000] {logging_mixin.py:188} INFO - [2025-04-09T06:59:29.183+0000] {dag.py:3823} INFO - Setting next_dagrun for example_complex to None, run_after=None
[2025-04-09T06:59:29.245+0000] {processor.py:183} INFO - Processing /home/airflow/.local/lib/python3.8/site-packages/airflow/example_dags/example_complex.py took 0.127 seconds
[2025-04-09T06:59:59.788+0000] {processor.py:161} INFO - Started process (PID=370) to work on /home/airflow/.local/lib/python3.8/site-packages/airflow/example_dags/example_complex.py
[2025-04-09T06:59:59.789+0000] {processor.py:830} INFO - Processing file /home/airflow/.local/lib/python3.8/site-packages/airflow/example_dags/example_complex.py for tasks to queue
[2025-04-09T06:59:59.791+0000] {logging_mixin.py:188} INFO - [2025-04-09T06:59:59.790+0000] {dagbag.py:538} INFO - Filling up the DagBag from /home/airflow/.local/lib/python3.8/site-packages/airflow/example_dags/example_complex.py
[2025-04-09T06:59:59.802+0000] {processor.py:840} INFO - DAG(s) 'example_complex' retrieved from /home/airflow/.local/lib/python3.8/site-packages/airflow/example_dags/example_complex.py
[2025-04-09T07:00:03.417+0000] {logging_mixin.py:188} INFO - [2025-04-09T07:00:03.417+0000] {dag.py:3036} INFO - Sync 1 DAGs
[2025-04-09T07:00:03.431+0000] {logging_mixin.py:188} INFO - [2025-04-09T07:00:03.430+0000] {dag.py:3823} INFO - Setting next_dagrun for example_complex to None, run_after=None
[2025-04-09T07:00:03.487+0000] {processor.py:183} INFO - Processing /home/airflow/.local/lib/python3.8/site-packages/airflow/example_dags/example_complex.py took 0.120 seconds
[2025-04-09T07:00:34.230+0000] {processor.py:161} INFO - Started process (PID=428) to work on /home/airflow/.local/lib/python3.8/site-packages/airflow/example_dags/example_complex.py
[2025-04-09T07:00:34.259+0000] {processor.py:830} INFO - Processing file /home/airflow/.local/lib/python3.8/site-packages/airflow/example_dags/example_complex.py for tasks to queue
[2025-04-09T07:00:34.261+0000] {logging_mixin.py:188} INFO - [2025-04-09T07:00:34.261+0000] {dagbag.py:538} INFO - Filling up the DagBag from /home/airflow/.local/lib/python3.8/site-packages/airflow/example_dags/example_complex.py
[2025-04-09T07:00:34.273+0000] {processor.py:840} INFO - DAG(s) 'example_complex' retrieved from /home/airflow/.local/lib/python3.8/site-packages/airflow/example_dags/example_complex.py
[2025-04-09T07:00:34.304+0000] {logging_mixin.py:188} INFO - [2025-04-09T07:00:34.304+0000] {dag.py:3036} INFO - Sync 1 DAGs
[2025-04-09T07:00:34.318+0000] {logging_mixin.py:188} INFO - [2025-04-09T07:00:34.318+0000] {dag.py:3823} INFO - Setting next_dagrun for example_complex to None, run_after=None
[2025-04-09T07:00:34.369+0000] {processor.py:183} INFO - Processing /home/airflow/.local/lib/python3.8/site-packages/airflow/example_dags/example_complex.py took 0.142 seconds
[2025-04-09T07:01:04.755+0000] {processor.py:161} INFO - Started process (PID=486) to work on /home/airflow/.local/lib/python3.8/site-packages/airflow/example_dags/example_complex.py
[2025-04-09T07:01:04.762+0000] {processor.py:830} INFO - Processing file /home/airflow/.local/lib/python3.8/site-packages/airflow/example_dags/example_complex.py for tasks to queue
[2025-04-09T07:01:04.764+0000] {logging_mixin.py:188} INFO - [2025-04-09T07:01:04.764+0000] {dagbag.py:538} INFO - Filling up the DagBag from /home/airflow/.local/lib/python3.8/site-packages/airflow/example_dags/example_complex.py
[2025-04-09T07:01:04.775+0000] {processor.py:840} INFO - DAG(s) 'example_complex' retrieved from /home/airflow/.local/lib/python3.8/site-packages/airflow/example_dags/example_complex.py
[2025-04-09T07:01:04.807+0000] {logging_mixin.py:188} INFO - [2025-04-09T07:01:04.807+0000] {dag.py:3036} INFO - Sync 1 DAGs
[2025-04-09T07:01:04.823+0000] {logging_mixin.py:188} INFO - [2025-04-09T07:01:04.822+0000] {dag.py:3823} INFO - Setting next_dagrun for example_complex to None, run_after=None
[2025-04-09T07:01:04.898+0000] {processor.py:183} INFO - Processing /home/airflow/.local/lib/python3.8/site-packages/airflow/example_dags/example_complex.py took 0.145 seconds
[2025-04-09T07:01:35.159+0000] {processor.py:161} INFO - Started process (PID=545) to work on /home/airflow/.local/lib/python3.8/site-packages/airflow/example_dags/example_complex.py
[2025-04-09T07:01:35.175+0000] {processor.py:830} INFO - Processing file /home/airflow/.local/lib/python3.8/site-packages/airflow/example_dags/example_complex.py for tasks to queue
[2025-04-09T07:01:35.176+0000] {logging_mixin.py:188} INFO - [2025-04-09T07:01:35.176+0000] {dagbag.py:538} INFO - Filling up the DagBag from /home/airflow/.local/lib/python3.8/site-packages/airflow/example_dags/example_complex.py
[2025-04-09T07:01:35.187+0000] {processor.py:840} INFO - DAG(s) 'example_complex' retrieved from /home/airflow/.local/lib/python3.8/site-packages/airflow/example_dags/example_complex.py
[2025-04-09T07:01:35.222+0000] {logging_mixin.py:188} INFO - [2025-04-09T07:01:35.222+0000] {dag.py:3036} INFO - Sync 1 DAGs
[2025-04-09T07:01:35.237+0000] {logging_mixin.py:188} INFO - [2025-04-09T07:01:35.236+0000] {dag.py:3823} INFO - Setting next_dagrun for example_complex to None, run_after=None
[2025-04-09T07:01:35.318+0000] {processor.py:183} INFO - Processing /home/airflow/.local/lib/python3.8/site-packages/airflow/example_dags/example_complex.py took 0.162 seconds
[2025-04-09T07:02:05.544+0000] {processor.py:161} INFO - Started process (PID=603) to work on /home/airflow/.local/lib/python3.8/site-packages/airflow/example_dags/example_complex.py
[2025-04-09T07:02:05.570+0000] {processor.py:830} INFO - Processing file /home/airflow/.local/lib/python3.8/site-packages/airflow/example_dags/example_complex.py for tasks to queue
[2025-04-09T07:02:05.572+0000] {logging_mixin.py:188} INFO - [2025-04-09T07:02:05.571+0000] {dagbag.py:538} INFO - Filling up the DagBag from /home/airflow/.local/lib/python3.8/site-packages/airflow/example_dags/example_complex.py
[2025-04-09T07:02:05.585+0000] {processor.py:840} INFO - DAG(s) 'example_complex' retrieved from /home/airflow/.local/lib/python3.8/site-packages/airflow/example_dags/example_complex.py
[2025-04-09T07:02:05.621+0000] {logging_mixin.py:188} INFO - [2025-04-09T07:02:05.620+0000] {dag.py:3036} INFO - Sync 1 DAGs
[2025-04-09T07:02:05.635+0000] {logging_mixin.py:188} INFO - [2025-04-09T07:02:05.635+0000] {dag.py:3823} INFO - Setting next_dagrun for example_complex to None, run_after=None
[2025-04-09T07:02:05.691+0000] {processor.py:183} INFO - Processing /home/airflow/.local/lib/python3.8/site-packages/airflow/example_dags/example_complex.py took 0.150 seconds
[2025-04-09T07:02:36.458+0000] {processor.py:161} INFO - Started process (PID=661) to work on /home/airflow/.local/lib/python3.8/site-packages/airflow/example_dags/example_complex.py
[2025-04-09T07:02:36.459+0000] {processor.py:830} INFO - Processing file /home/airflow/.local/lib/python3.8/site-packages/airflow/example_dags/example_complex.py for tasks to queue
[2025-04-09T07:02:36.461+0000] {logging_mixin.py:188} INFO - [2025-04-09T07:02:36.461+0000] {dagbag.py:538} INFO - Filling up the DagBag from /home/airflow/.local/lib/python3.8/site-packages/airflow/example_dags/example_complex.py
[2025-04-09T07:02:36.474+0000] {processor.py:840} INFO - DAG(s) 'example_complex' retrieved from /home/airflow/.local/lib/python3.8/site-packages/airflow/example_dags/example_complex.py
[2025-04-09T07:02:36.508+0000] {logging_mixin.py:188} INFO - [2025-04-09T07:02:36.508+0000] {dag.py:3036} INFO - Sync 1 DAGs
[2025-04-09T07:02:36.522+0000] {logging_mixin.py:188} INFO - [2025-04-09T07:02:36.521+0000] {dag.py:3823} INFO - Setting next_dagrun for example_complex to None, run_after=None
[2025-04-09T07:02:36.612+0000] {processor.py:183} INFO - Processing /home/airflow/.local/lib/python3.8/site-packages/airflow/example_dags/example_complex.py took 0.157 seconds
[2025-04-09T07:03:07.131+0000] {processor.py:161} INFO - Started process (PID=719) to work on /home/airflow/.local/lib/python3.8/site-packages/airflow/example_dags/example_complex.py
[2025-04-09T07:03:07.132+0000] {processor.py:830} INFO - Processing file /home/airflow/.local/lib/python3.8/site-packages/airflow/example_dags/example_complex.py for tasks to queue
[2025-04-09T07:03:07.134+0000] {logging_mixin.py:188} INFO - [2025-04-09T07:03:07.134+0000] {dagbag.py:538} INFO - Filling up the DagBag from /home/airflow/.local/lib/python3.8/site-packages/airflow/example_dags/example_complex.py
[2025-04-09T07:03:07.148+0000] {processor.py:840} INFO - DAG(s) 'example_complex' retrieved from /home/airflow/.local/lib/python3.8/site-packages/airflow/example_dags/example_complex.py
[2025-04-09T07:03:07.183+0000] {logging_mixin.py:188} INFO - [2025-04-09T07:03:07.182+0000] {dag.py:3036} INFO - Sync 1 DAGs
[2025-04-09T07:03:07.197+0000] {logging_mixin.py:188} INFO - [2025-04-09T07:03:07.197+0000] {dag.py:3823} INFO - Setting next_dagrun for example_complex to None, run_after=None
[2025-04-09T07:03:07.253+0000] {processor.py:183} INFO - Processing /home/airflow/.local/lib/python3.8/site-packages/airflow/example_dags/example_complex.py took 0.126 seconds
[2025-04-09T07:03:39.454+0000] {processor.py:161} INFO - Started process (PID=777) to work on /home/airflow/.local/lib/python3.8/site-packages/airflow/example_dags/example_complex.py
[2025-04-09T07:03:39.481+0000] {processor.py:830} INFO - Processing file /home/airflow/.local/lib/python3.8/site-packages/airflow/example_dags/example_complex.py for tasks to queue
[2025-04-09T07:03:39.483+0000] {logging_mixin.py:188} INFO - [2025-04-09T07:03:39.482+0000] {dagbag.py:538} INFO - Filling up the DagBag from /home/airflow/.local/lib/python3.8/site-packages/airflow/example_dags/example_complex.py
[2025-04-09T07:03:39.493+0000] {processor.py:840} INFO - DAG(s) 'example_complex' retrieved from /home/airflow/.local/lib/python3.8/site-packages/airflow/example_dags/example_complex.py
[2025-04-09T07:03:39.524+0000] {logging_mixin.py:188} INFO - [2025-04-09T07:03:39.523+0000] {dag.py:3036} INFO - Sync 1 DAGs
[2025-04-09T07:03:39.536+0000] {logging_mixin.py:188} INFO - [2025-04-09T07:03:39.536+0000] {dag.py:3823} INFO - Setting next_dagrun for example_complex to None, run_after=None
[2025-04-09T07:03:39.610+0000] {processor.py:183} INFO - Processing /home/airflow/.local/lib/python3.8/site-packages/airflow/example_dags/example_complex.py took 0.159 seconds
[2025-04-09T07:04:10.588+0000] {processor.py:161} INFO - Started process (PID=837) to work on /home/airflow/.local/lib/python3.8/site-packages/airflow/example_dags/example_complex.py
[2025-04-09T07:04:10.605+0000] {processor.py:830} INFO - Processing file /home/airflow/.local/lib/python3.8/site-packages/airflow/example_dags/example_complex.py for tasks to queue
[2025-04-09T07:04:10.607+0000] {logging_mixin.py:188} INFO - [2025-04-09T07:04:10.607+0000] {dagbag.py:538} INFO - Filling up the DagBag from /home/airflow/.local/lib/python3.8/site-packages/airflow/example_dags/example_complex.py
[2025-04-09T07:04:10.621+0000] {processor.py:840} INFO - DAG(s) 'example_complex' retrieved from /home/airflow/.local/lib/python3.8/site-packages/airflow/example_dags/example_complex.py
[2025-04-09T07:04:14.239+0000] {logging_mixin.py:188} INFO - [2025-04-09T07:04:14.238+0000] {dag.py:3036} INFO - Sync 1 DAGs
[2025-04-09T07:04:14.253+0000] {logging_mixin.py:188} INFO - [2025-04-09T07:04:14.253+0000] {dag.py:3823} INFO - Setting next_dagrun for example_complex to None, run_after=None
[2025-04-09T07:04:14.304+0000] {processor.py:183} INFO - Processing /home/airflow/.local/lib/python3.8/site-packages/airflow/example_dags/example_complex.py took 0.137 seconds
[2025-04-09T07:04:44.854+0000] {processor.py:161} INFO - Started process (PID=895) to work on /home/airflow/.local/lib/python3.8/site-packages/airflow/example_dags/example_complex.py
[2025-04-09T07:04:44.856+0000] {processor.py:830} INFO - Processing file /home/airflow/.local/lib/python3.8/site-packages/airflow/example_dags/example_complex.py for tasks to queue
[2025-04-09T07:04:44.858+0000] {logging_mixin.py:188} INFO - [2025-04-09T07:04:44.858+0000] {dagbag.py:538} INFO - Filling up the DagBag from /home/airflow/.local/lib/python3.8/site-packages/airflow/example_dags/example_complex.py
[2025-04-09T07:04:44.870+0000] {processor.py:840} INFO - DAG(s) 'example_complex' retrieved from /home/airflow/.local/lib/python3.8/site-packages/airflow/example_dags/example_complex.py
[2025-04-09T07:04:44.901+0000] {logging_mixin.py:188} INFO - [2025-04-09T07:04:44.900+0000] {dag.py:3036} INFO - Sync 1 DAGs
[2025-04-09T07:04:44.913+0000] {logging_mixin.py:188} INFO - [2025-04-09T07:04:44.913+0000] {dag.py:3823} INFO - Setting next_dagrun for example_complex to None, run_after=None
[2025-04-09T07:04:44.964+0000] {processor.py:183} INFO - Processing /home/airflow/.local/lib/python3.8/site-packages/airflow/example_dags/example_complex.py took 0.114 seconds
[2025-04-09T07:05:15.394+0000] {processor.py:161} INFO - Started process (PID=953) to work on /home/airflow/.local/lib/python3.8/site-packages/airflow/example_dags/example_complex.py
[2025-04-09T07:05:15.519+0000] {processor.py:830} INFO - Processing file /home/airflow/.local/lib/python3.8/site-packages/airflow/example_dags/example_complex.py for tasks to queue
[2025-04-09T07:05:15.521+0000] {logging_mixin.py:188} INFO - [2025-04-09T07:05:15.521+0000] {dagbag.py:538} INFO - Filling up the DagBag from /home/airflow/.local/lib/python3.8/site-packages/airflow/example_dags/example_complex.py
[2025-04-09T07:05:15.534+0000] {processor.py:840} INFO - DAG(s) 'example_complex' retrieved from /home/airflow/.local/lib/python3.8/site-packages/airflow/example_dags/example_complex.py
[2025-04-09T07:05:15.573+0000] {logging_mixin.py:188} INFO - [2025-04-09T07:05:15.573+0000] {dag.py:3036} INFO - Sync 1 DAGs
[2025-04-09T07:05:15.587+0000] {logging_mixin.py:188} INFO - [2025-04-09T07:05:15.587+0000] {dag.py:3823} INFO - Setting next_dagrun for example_complex to None, run_after=None
[2025-04-09T07:05:15.681+0000] {processor.py:183} INFO - Processing /home/airflow/.local/lib/python3.8/site-packages/airflow/example_dags/example_complex.py took 0.291 seconds
[2025-04-09T07:05:45.878+0000] {processor.py:161} INFO - Started process (PID=1011) to work on /home/airflow/.local/lib/python3.8/site-packages/airflow/example_dags/example_complex.py
[2025-04-09T07:05:45.903+0000] {processor.py:830} INFO - Processing file /home/airflow/.local/lib/python3.8/site-packages/airflow/example_dags/example_complex.py for tasks to queue
[2025-04-09T07:05:45.905+0000] {logging_mixin.py:188} INFO - [2025-04-09T07:05:45.905+0000] {dagbag.py:538} INFO - Filling up the DagBag from /home/airflow/.local/lib/python3.8/site-packages/airflow/example_dags/example_complex.py
[2025-04-09T07:05:45.917+0000] {processor.py:840} INFO - DAG(s) 'example_complex' retrieved from /home/airflow/.local/lib/python3.8/site-packages/airflow/example_dags/example_complex.py
[2025-04-09T07:05:45.953+0000] {logging_mixin.py:188} INFO - [2025-04-09T07:05:45.953+0000] {dag.py:3036} INFO - Sync 1 DAGs
[2025-04-09T07:05:45.966+0000] {logging_mixin.py:188} INFO - [2025-04-09T07:05:45.966+0000] {dag.py:3823} INFO - Setting next_dagrun for example_complex to None, run_after=None
[2025-04-09T07:05:46.012+0000] {processor.py:183} INFO - Processing /home/airflow/.local/lib/python3.8/site-packages/airflow/example_dags/example_complex.py took 0.136 seconds
[2025-04-09T07:06:16.330+0000] {processor.py:161} INFO - Started process (PID=1063) to work on /home/airflow/.local/lib/python3.8/site-packages/airflow/example_dags/example_complex.py
[2025-04-09T07:06:16.377+0000] {processor.py:830} INFO - Processing file /home/airflow/.local/lib/python3.8/site-packages/airflow/example_dags/example_complex.py for tasks to queue
[2025-04-09T07:06:16.379+0000] {logging_mixin.py:188} INFO - [2025-04-09T07:06:16.379+0000] {dagbag.py:538} INFO - Filling up the DagBag from /home/airflow/.local/lib/python3.8/site-packages/airflow/example_dags/example_complex.py
[2025-04-09T07:06:16.392+0000] {processor.py:840} INFO - DAG(s) 'example_complex' retrieved from /home/airflow/.local/lib/python3.8/site-packages/airflow/example_dags/example_complex.py
[2025-04-09T07:06:16.424+0000] {logging_mixin.py:188} INFO - [2025-04-09T07:06:16.424+0000] {dag.py:3036} INFO - Sync 1 DAGs
[2025-04-09T07:06:16.439+0000] {logging_mixin.py:188} INFO - [2025-04-09T07:06:16.438+0000] {dag.py:3823} INFO - Setting next_dagrun for example_complex to None, run_after=None
[2025-04-09T07:06:16.513+0000] {processor.py:183} INFO - Processing /home/airflow/.local/lib/python3.8/site-packages/airflow/example_dags/example_complex.py took 0.186 seconds
[2025-04-09T07:10:00.359+0000] {processor.py:161} INFO - Started process (PID=96) to work on /home/airflow/.local/lib/python3.8/site-packages/airflow/example_dags/example_complex.py
[2025-04-09T07:10:00.361+0000] {processor.py:830} INFO - Processing file /home/airflow/.local/lib/python3.8/site-packages/airflow/example_dags/example_complex.py for tasks to queue
[2025-04-09T07:10:00.363+0000] {logging_mixin.py:188} INFO - [2025-04-09T07:10:00.362+0000] {dagbag.py:538} INFO - Filling up the DagBag from /home/airflow/.local/lib/python3.8/site-packages/airflow/example_dags/example_complex.py
[2025-04-09T07:10:00.382+0000] {processor.py:840} INFO - DAG(s) 'example_complex' retrieved from /home/airflow/.local/lib/python3.8/site-packages/airflow/example_dags/example_complex.py
[2025-04-09T07:10:00.598+0000] {logging_mixin.py:188} INFO - [2025-04-09T07:10:00.598+0000] {dag.py:3036} INFO - Sync 1 DAGs
[2025-04-09T07:10:00.617+0000] {logging_mixin.py:188} INFO - [2025-04-09T07:10:00.617+0000] {dag.py:3823} INFO - Setting next_dagrun for example_complex to None, run_after=None
[2025-04-09T07:10:00.677+0000] {processor.py:183} INFO - Processing /home/airflow/.local/lib/python3.8/site-packages/airflow/example_dags/example_complex.py took 0.323 seconds
[2025-04-09T07:10:31.318+0000] {processor.py:161} INFO - Started process (PID=154) to work on /home/airflow/.local/lib/python3.8/site-packages/airflow/example_dags/example_complex.py
[2025-04-09T07:10:31.320+0000] {processor.py:830} INFO - Processing file /home/airflow/.local/lib/python3.8/site-packages/airflow/example_dags/example_complex.py for tasks to queue
[2025-04-09T07:10:31.323+0000] {logging_mixin.py:188} INFO - [2025-04-09T07:10:31.323+0000] {dagbag.py:538} INFO - Filling up the DagBag from /home/airflow/.local/lib/python3.8/site-packages/airflow/example_dags/example_complex.py
[2025-04-09T07:10:31.347+0000] {processor.py:840} INFO - DAG(s) 'example_complex' retrieved from /home/airflow/.local/lib/python3.8/site-packages/airflow/example_dags/example_complex.py
[2025-04-09T07:10:31.389+0000] {logging_mixin.py:188} INFO - [2025-04-09T07:10:31.388+0000] {dag.py:3036} INFO - Sync 1 DAGs
[2025-04-09T07:10:31.408+0000] {logging_mixin.py:188} INFO - [2025-04-09T07:10:31.407+0000] {dag.py:3823} INFO - Setting next_dagrun for example_complex to None, run_after=None
[2025-04-09T07:10:31.478+0000] {processor.py:183} INFO - Processing /home/airflow/.local/lib/python3.8/site-packages/airflow/example_dags/example_complex.py took 0.165 seconds
[2025-04-09T07:11:02.025+0000] {processor.py:161} INFO - Started process (PID=206) to work on /home/airflow/.local/lib/python3.8/site-packages/airflow/example_dags/example_complex.py
[2025-04-09T07:11:02.045+0000] {processor.py:830} INFO - Processing file /home/airflow/.local/lib/python3.8/site-packages/airflow/example_dags/example_complex.py for tasks to queue
[2025-04-09T07:11:02.047+0000] {logging_mixin.py:188} INFO - [2025-04-09T07:11:02.047+0000] {dagbag.py:538} INFO - Filling up the DagBag from /home/airflow/.local/lib/python3.8/site-packages/airflow/example_dags/example_complex.py
[2025-04-09T07:11:02.059+0000] {processor.py:840} INFO - DAG(s) 'example_complex' retrieved from /home/airflow/.local/lib/python3.8/site-packages/airflow/example_dags/example_complex.py
[2025-04-09T07:11:02.093+0000] {logging_mixin.py:188} INFO - [2025-04-09T07:11:02.092+0000] {dag.py:3036} INFO - Sync 1 DAGs
[2025-04-09T07:11:02.108+0000] {logging_mixin.py:188} INFO - [2025-04-09T07:11:02.108+0000] {dag.py:3823} INFO - Setting next_dagrun for example_complex to None, run_after=None
[2025-04-09T07:11:02.204+0000] {processor.py:183} INFO - Processing /home/airflow/.local/lib/python3.8/site-packages/airflow/example_dags/example_complex.py took 0.183 seconds
[2025-04-09T07:11:32.369+0000] {processor.py:161} INFO - Started process (PID=274) to work on /home/airflow/.local/lib/python3.8/site-packages/airflow/example_dags/example_complex.py
[2025-04-09T07:11:32.370+0000] {processor.py:830} INFO - Processing file /home/airflow/.local/lib/python3.8/site-packages/airflow/example_dags/example_complex.py for tasks to queue
[2025-04-09T07:11:32.372+0000] {logging_mixin.py:188} INFO - [2025-04-09T07:11:32.372+0000] {dagbag.py:538} INFO - Filling up the DagBag from /home/airflow/.local/lib/python3.8/site-packages/airflow/example_dags/example_complex.py
[2025-04-09T07:11:32.402+0000] {processor.py:840} INFO - DAG(s) 'example_complex' retrieved from /home/airflow/.local/lib/python3.8/site-packages/airflow/example_dags/example_complex.py
[2025-04-09T07:11:32.544+0000] {logging_mixin.py:188} INFO - [2025-04-09T07:11:32.543+0000] {dag.py:3036} INFO - Sync 1 DAGs
[2025-04-09T07:11:32.574+0000] {logging_mixin.py:188} INFO - [2025-04-09T07:11:32.574+0000] {dag.py:3823} INFO - Setting next_dagrun for example_complex to None, run_after=None
[2025-04-09T07:11:32.658+0000] {processor.py:183} INFO - Processing /home/airflow/.local/lib/python3.8/site-packages/airflow/example_dags/example_complex.py took 0.292 seconds
[2025-04-09T07:12:03.274+0000] {processor.py:161} INFO - Started process (PID=332) to work on /home/airflow/.local/lib/python3.8/site-packages/airflow/example_dags/example_complex.py
[2025-04-09T07:12:03.278+0000] {processor.py:830} INFO - Processing file /home/airflow/.local/lib/python3.8/site-packages/airflow/example_dags/example_complex.py for tasks to queue
[2025-04-09T07:12:03.280+0000] {logging_mixin.py:188} INFO - [2025-04-09T07:12:03.279+0000] {dagbag.py:538} INFO - Filling up the DagBag from /home/airflow/.local/lib/python3.8/site-packages/airflow/example_dags/example_complex.py
[2025-04-09T07:12:03.291+0000] {processor.py:840} INFO - DAG(s) 'example_complex' retrieved from /home/airflow/.local/lib/python3.8/site-packages/airflow/example_dags/example_complex.py
[2025-04-09T07:12:03.324+0000] {logging_mixin.py:188} INFO - [2025-04-09T07:12:03.323+0000] {dag.py:3036} INFO - Sync 1 DAGs
[2025-04-09T07:12:03.335+0000] {logging_mixin.py:188} INFO - [2025-04-09T07:12:03.335+0000] {dag.py:3823} INFO - Setting next_dagrun for example_complex to None, run_after=None
[2025-04-09T07:12:03.402+0000] {processor.py:183} INFO - Processing /home/airflow/.local/lib/python3.8/site-packages/airflow/example_dags/example_complex.py took 0.131 seconds
[2025-04-09T07:12:37.087+0000] {processor.py:161} INFO - Started process (PID=389) to work on /home/airflow/.local/lib/python3.8/site-packages/airflow/example_dags/example_complex.py
[2025-04-09T07:12:37.089+0000] {processor.py:830} INFO - Processing file /home/airflow/.local/lib/python3.8/site-packages/airflow/example_dags/example_complex.py for tasks to queue
[2025-04-09T07:12:37.090+0000] {logging_mixin.py:188} INFO - [2025-04-09T07:12:37.090+0000] {dagbag.py:538} INFO - Filling up the DagBag from /home/airflow/.local/lib/python3.8/site-packages/airflow/example_dags/example_complex.py
[2025-04-09T07:12:37.103+0000] {processor.py:840} INFO - DAG(s) 'example_complex' retrieved from /home/airflow/.local/lib/python3.8/site-packages/airflow/example_dags/example_complex.py
[2025-04-09T07:12:37.135+0000] {logging_mixin.py:188} INFO - [2025-04-09T07:12:37.135+0000] {dag.py:3036} INFO - Sync 1 DAGs
[2025-04-09T07:12:37.149+0000] {logging_mixin.py:188} INFO - [2025-04-09T07:12:37.149+0000] {dag.py:3823} INFO - Setting next_dagrun for example_complex to None, run_after=None
[2025-04-09T07:12:37.204+0000] {processor.py:183} INFO - Processing /home/airflow/.local/lib/python3.8/site-packages/airflow/example_dags/example_complex.py took 0.120 seconds
[2025-04-09T07:13:11.907+0000] {processor.py:161} INFO - Started process (PID=447) to work on /home/airflow/.local/lib/python3.8/site-packages/airflow/example_dags/example_complex.py
[2025-04-09T07:13:11.909+0000] {processor.py:830} INFO - Processing file /home/airflow/.local/lib/python3.8/site-packages/airflow/example_dags/example_complex.py for tasks to queue
[2025-04-09T07:13:11.911+0000] {logging_mixin.py:188} INFO - [2025-04-09T07:13:11.911+0000] {dagbag.py:538} INFO - Filling up the DagBag from /home/airflow/.local/lib/python3.8/site-packages/airflow/example_dags/example_complex.py
[2025-04-09T07:13:11.924+0000] {processor.py:840} INFO - DAG(s) 'example_complex' retrieved from /home/airflow/.local/lib/python3.8/site-packages/airflow/example_dags/example_complex.py
[2025-04-09T07:13:11.958+0000] {logging_mixin.py:188} INFO - [2025-04-09T07:13:11.958+0000] {dag.py:3036} INFO - Sync 1 DAGs
[2025-04-09T07:13:11.971+0000] {logging_mixin.py:188} INFO - [2025-04-09T07:13:11.971+0000] {dag.py:3823} INFO - Setting next_dagrun for example_complex to None, run_after=None
[2025-04-09T07:13:12.033+0000] {processor.py:183} INFO - Processing /home/airflow/.local/lib/python3.8/site-packages/airflow/example_dags/example_complex.py took 0.128 seconds
[2025-04-09T07:13:42.584+0000] {processor.py:161} INFO - Started process (PID=505) to work on /home/airflow/.local/lib/python3.8/site-packages/airflow/example_dags/example_complex.py
[2025-04-09T07:13:42.609+0000] {processor.py:830} INFO - Processing file /home/airflow/.local/lib/python3.8/site-packages/airflow/example_dags/example_complex.py for tasks to queue
[2025-04-09T07:13:42.611+0000] {logging_mixin.py:188} INFO - [2025-04-09T07:13:42.611+0000] {dagbag.py:538} INFO - Filling up the DagBag from /home/airflow/.local/lib/python3.8/site-packages/airflow/example_dags/example_complex.py
[2025-04-09T07:13:42.626+0000] {processor.py:840} INFO - DAG(s) 'example_complex' retrieved from /home/airflow/.local/lib/python3.8/site-packages/airflow/example_dags/example_complex.py
[2025-04-09T07:13:42.677+0000] {logging_mixin.py:188} INFO - [2025-04-09T07:13:42.676+0000] {dag.py:3036} INFO - Sync 1 DAGs
[2025-04-09T07:13:42.693+0000] {logging_mixin.py:188} INFO - [2025-04-09T07:13:42.693+0000] {dag.py:3823} INFO - Setting next_dagrun for example_complex to None, run_after=None
[2025-04-09T07:13:42.751+0000] {processor.py:183} INFO - Processing /home/airflow/.local/lib/python3.8/site-packages/airflow/example_dags/example_complex.py took 0.170 seconds
[2025-04-09T07:14:13.028+0000] {processor.py:161} INFO - Started process (PID=563) to work on /home/airflow/.local/lib/python3.8/site-packages/airflow/example_dags/example_complex.py
[2025-04-09T07:14:13.045+0000] {processor.py:830} INFO - Processing file /home/airflow/.local/lib/python3.8/site-packages/airflow/example_dags/example_complex.py for tasks to queue
[2025-04-09T07:14:13.047+0000] {logging_mixin.py:188} INFO - [2025-04-09T07:14:13.047+0000] {dagbag.py:538} INFO - Filling up the DagBag from /home/airflow/.local/lib/python3.8/site-packages/airflow/example_dags/example_complex.py
[2025-04-09T07:14:13.061+0000] {processor.py:840} INFO - DAG(s) 'example_complex' retrieved from /home/airflow/.local/lib/python3.8/site-packages/airflow/example_dags/example_complex.py
[2025-04-09T07:14:13.097+0000] {logging_mixin.py:188} INFO - [2025-04-09T07:14:13.097+0000] {dag.py:3036} INFO - Sync 1 DAGs
[2025-04-09T07:14:13.114+0000] {logging_mixin.py:188} INFO - [2025-04-09T07:14:13.114+0000] {dag.py:3823} INFO - Setting next_dagrun for example_complex to None, run_after=None
[2025-04-09T07:14:13.182+0000] {processor.py:183} INFO - Processing /home/airflow/.local/lib/python3.8/site-packages/airflow/example_dags/example_complex.py took 0.158 seconds
[2025-04-09T07:14:43.220+0000] {processor.py:161} INFO - Started process (PID=621) to work on /home/airflow/.local/lib/python3.8/site-packages/airflow/example_dags/example_complex.py
[2025-04-09T07:14:43.221+0000] {processor.py:830} INFO - Processing file /home/airflow/.local/lib/python3.8/site-packages/airflow/example_dags/example_complex.py for tasks to queue
[2025-04-09T07:14:43.223+0000] {logging_mixin.py:188} INFO - [2025-04-09T07:14:43.222+0000] {dagbag.py:538} INFO - Filling up the DagBag from /home/airflow/.local/lib/python3.8/site-packages/airflow/example_dags/example_complex.py
[2025-04-09T07:14:43.237+0000] {processor.py:840} INFO - DAG(s) 'example_complex' retrieved from /home/airflow/.local/lib/python3.8/site-packages/airflow/example_dags/example_complex.py
[2025-04-09T07:14:43.275+0000] {logging_mixin.py:188} INFO - [2025-04-09T07:14:43.275+0000] {dag.py:3036} INFO - Sync 1 DAGs
[2025-04-09T07:14:43.291+0000] {logging_mixin.py:188} INFO - [2025-04-09T07:14:43.290+0000] {dag.py:3823} INFO - Setting next_dagrun for example_complex to None, run_after=None
[2025-04-09T07:14:43.354+0000] {processor.py:183} INFO - Processing /home/airflow/.local/lib/python3.8/site-packages/airflow/example_dags/example_complex.py took 0.137 seconds
[2025-04-09T07:15:13.387+0000] {processor.py:161} INFO - Started process (PID=679) to work on /home/airflow/.local/lib/python3.8/site-packages/airflow/example_dags/example_complex.py
[2025-04-09T07:15:13.438+0000] {processor.py:830} INFO - Processing file /home/airflow/.local/lib/python3.8/site-packages/airflow/example_dags/example_complex.py for tasks to queue
[2025-04-09T07:15:13.440+0000] {logging_mixin.py:188} INFO - [2025-04-09T07:15:13.440+0000] {dagbag.py:538} INFO - Filling up the DagBag from /home/airflow/.local/lib/python3.8/site-packages/airflow/example_dags/example_complex.py
[2025-04-09T07:15:13.453+0000] {processor.py:840} INFO - DAG(s) 'example_complex' retrieved from /home/airflow/.local/lib/python3.8/site-packages/airflow/example_dags/example_complex.py
[2025-04-09T07:15:13.489+0000] {logging_mixin.py:188} INFO - [2025-04-09T07:15:13.488+0000] {dag.py:3036} INFO - Sync 1 DAGs
[2025-04-09T07:15:13.507+0000] {logging_mixin.py:188} INFO - [2025-04-09T07:15:13.506+0000] {dag.py:3823} INFO - Setting next_dagrun for example_complex to None, run_after=None
[2025-04-09T07:15:13.569+0000] {processor.py:183} INFO - Processing /home/airflow/.local/lib/python3.8/site-packages/airflow/example_dags/example_complex.py took 0.186 seconds
[2025-04-09T07:15:43.874+0000] {processor.py:161} INFO - Started process (PID=737) to work on /home/airflow/.local/lib/python3.8/site-packages/airflow/example_dags/example_complex.py
[2025-04-09T07:15:43.876+0000] {processor.py:830} INFO - Processing file /home/airflow/.local/lib/python3.8/site-packages/airflow/example_dags/example_complex.py for tasks to queue
[2025-04-09T07:15:43.879+0000] {logging_mixin.py:188} INFO - [2025-04-09T07:15:43.878+0000] {dagbag.py:538} INFO - Filling up the DagBag from /home/airflow/.local/lib/python3.8/site-packages/airflow/example_dags/example_complex.py
[2025-04-09T07:15:43.894+0000] {processor.py:840} INFO - DAG(s) 'example_complex' retrieved from /home/airflow/.local/lib/python3.8/site-packages/airflow/example_dags/example_complex.py
[2025-04-09T07:15:43.943+0000] {logging_mixin.py:188} INFO - [2025-04-09T07:15:43.943+0000] {dag.py:3036} INFO - Sync 1 DAGs
[2025-04-09T07:15:43.958+0000] {logging_mixin.py:188} INFO - [2025-04-09T07:15:43.958+0000] {dag.py:3823} INFO - Setting next_dagrun for example_complex to None, run_after=None
[2025-04-09T07:15:44.011+0000] {processor.py:183} INFO - Processing /home/airflow/.local/lib/python3.8/site-packages/airflow/example_dags/example_complex.py took 0.142 seconds
[2025-04-09T07:16:14.137+0000] {processor.py:161} INFO - Started process (PID=795) to work on /home/airflow/.local/lib/python3.8/site-packages/airflow/example_dags/example_complex.py
[2025-04-09T07:16:14.138+0000] {processor.py:830} INFO - Processing file /home/airflow/.local/lib/python3.8/site-packages/airflow/example_dags/example_complex.py for tasks to queue
[2025-04-09T07:16:14.139+0000] {logging_mixin.py:188} INFO - [2025-04-09T07:16:14.139+0000] {dagbag.py:538} INFO - Filling up the DagBag from /home/airflow/.local/lib/python3.8/site-packages/airflow/example_dags/example_complex.py
[2025-04-09T07:16:14.152+0000] {processor.py:840} INFO - DAG(s) 'example_complex' retrieved from /home/airflow/.local/lib/python3.8/site-packages/airflow/example_dags/example_complex.py
[2025-04-09T07:16:14.183+0000] {logging_mixin.py:188} INFO - [2025-04-09T07:16:14.183+0000] {dag.py:3036} INFO - Sync 1 DAGs
[2025-04-09T07:16:14.195+0000] {logging_mixin.py:188} INFO - [2025-04-09T07:16:14.195+0000] {dag.py:3823} INFO - Setting next_dagrun for example_complex to None, run_after=None
[2025-04-09T07:16:14.254+0000] {processor.py:183} INFO - Processing /home/airflow/.local/lib/python3.8/site-packages/airflow/example_dags/example_complex.py took 0.119 seconds
[2025-04-09T07:16:47.714+0000] {processor.py:161} INFO - Started process (PID=853) to work on /home/airflow/.local/lib/python3.8/site-packages/airflow/example_dags/example_complex.py
[2025-04-09T07:16:47.715+0000] {processor.py:830} INFO - Processing file /home/airflow/.local/lib/python3.8/site-packages/airflow/example_dags/example_complex.py for tasks to queue
[2025-04-09T07:16:47.717+0000] {logging_mixin.py:188} INFO - [2025-04-09T07:16:47.716+0000] {dagbag.py:538} INFO - Filling up the DagBag from /home/airflow/.local/lib/python3.8/site-packages/airflow/example_dags/example_complex.py
[2025-04-09T07:16:47.730+0000] {processor.py:840} INFO - DAG(s) 'example_complex' retrieved from /home/airflow/.local/lib/python3.8/site-packages/airflow/example_dags/example_complex.py
[2025-04-09T07:16:47.767+0000] {logging_mixin.py:188} INFO - [2025-04-09T07:16:47.766+0000] {dag.py:3036} INFO - Sync 1 DAGs
[2025-04-09T07:16:47.780+0000] {logging_mixin.py:188} INFO - [2025-04-09T07:16:47.780+0000] {dag.py:3823} INFO - Setting next_dagrun for example_complex to None, run_after=None
[2025-04-09T07:16:47.849+0000] {processor.py:183} INFO - Processing /home/airflow/.local/lib/python3.8/site-packages/airflow/example_dags/example_complex.py took 0.138 seconds
[2025-04-09T07:17:18.172+0000] {processor.py:161} INFO - Started process (PID=911) to work on /home/airflow/.local/lib/python3.8/site-packages/airflow/example_dags/example_complex.py
[2025-04-09T07:17:18.173+0000] {processor.py:830} INFO - Processing file /home/airflow/.local/lib/python3.8/site-packages/airflow/example_dags/example_complex.py for tasks to queue
[2025-04-09T07:17:18.175+0000] {logging_mixin.py:188} INFO - [2025-04-09T07:17:18.175+0000] {dagbag.py:538} INFO - Filling up the DagBag from /home/airflow/.local/lib/python3.8/site-packages/airflow/example_dags/example_complex.py
[2025-04-09T07:17:18.189+0000] {processor.py:840} INFO - DAG(s) 'example_complex' retrieved from /home/airflow/.local/lib/python3.8/site-packages/airflow/example_dags/example_complex.py
[2025-04-09T07:17:18.228+0000] {logging_mixin.py:188} INFO - [2025-04-09T07:17:18.227+0000] {dag.py:3036} INFO - Sync 1 DAGs
[2025-04-09T07:17:18.243+0000] {logging_mixin.py:188} INFO - [2025-04-09T07:17:18.242+0000] {dag.py:3823} INFO - Setting next_dagrun for example_complex to None, run_after=None
[2025-04-09T07:17:18.309+0000] {processor.py:183} INFO - Processing /home/airflow/.local/lib/python3.8/site-packages/airflow/example_dags/example_complex.py took 0.140 seconds
[2025-04-09T07:17:48.539+0000] {processor.py:161} INFO - Started process (PID=969) to work on /home/airflow/.local/lib/python3.8/site-packages/airflow/example_dags/example_complex.py
[2025-04-09T07:17:48.540+0000] {processor.py:830} INFO - Processing file /home/airflow/.local/lib/python3.8/site-packages/airflow/example_dags/example_complex.py for tasks to queue
[2025-04-09T07:17:48.542+0000] {logging_mixin.py:188} INFO - [2025-04-09T07:17:48.541+0000] {dagbag.py:538} INFO - Filling up the DagBag from /home/airflow/.local/lib/python3.8/site-packages/airflow/example_dags/example_complex.py
[2025-04-09T07:17:48.555+0000] {processor.py:840} INFO - DAG(s) 'example_complex' retrieved from /home/airflow/.local/lib/python3.8/site-packages/airflow/example_dags/example_complex.py
[2025-04-09T07:17:48.592+0000] {logging_mixin.py:188} INFO - [2025-04-09T07:17:48.592+0000] {dag.py:3036} INFO - Sync 1 DAGs
[2025-04-09T07:17:48.606+0000] {logging_mixin.py:188} INFO - [2025-04-09T07:17:48.605+0000] {dag.py:3823} INFO - Setting next_dagrun for example_complex to None, run_after=None
[2025-04-09T07:17:48.660+0000] {processor.py:183} INFO - Processing /home/airflow/.local/lib/python3.8/site-packages/airflow/example_dags/example_complex.py took 0.125 seconds
[2025-04-09T07:18:19.493+0000] {processor.py:161} INFO - Started process (PID=1027) to work on /home/airflow/.local/lib/python3.8/site-packages/airflow/example_dags/example_complex.py
[2025-04-09T07:18:19.494+0000] {processor.py:830} INFO - Processing file /home/airflow/.local/lib/python3.8/site-packages/airflow/example_dags/example_complex.py for tasks to queue
[2025-04-09T07:18:19.496+0000] {logging_mixin.py:188} INFO - [2025-04-09T07:18:19.495+0000] {dagbag.py:538} INFO - Filling up the DagBag from /home/airflow/.local/lib/python3.8/site-packages/airflow/example_dags/example_complex.py
[2025-04-09T07:18:19.508+0000] {processor.py:840} INFO - DAG(s) 'example_complex' retrieved from /home/airflow/.local/lib/python3.8/site-packages/airflow/example_dags/example_complex.py
[2025-04-09T07:18:19.540+0000] {logging_mixin.py:188} INFO - [2025-04-09T07:18:19.539+0000] {dag.py:3036} INFO - Sync 1 DAGs
[2025-04-09T07:18:19.552+0000] {logging_mixin.py:188} INFO - [2025-04-09T07:18:19.551+0000] {dag.py:3823} INFO - Setting next_dagrun for example_complex to None, run_after=None
[2025-04-09T07:18:19.619+0000] {processor.py:183} INFO - Processing /home/airflow/.local/lib/python3.8/site-packages/airflow/example_dags/example_complex.py took 0.128 seconds
[2025-04-09T07:18:50.059+0000] {processor.py:161} INFO - Started process (PID=1079) to work on /home/airflow/.local/lib/python3.8/site-packages/airflow/example_dags/example_complex.py
[2025-04-09T07:18:50.065+0000] {processor.py:830} INFO - Processing file /home/airflow/.local/lib/python3.8/site-packages/airflow/example_dags/example_complex.py for tasks to queue
[2025-04-09T07:18:50.067+0000] {logging_mixin.py:188} INFO - [2025-04-09T07:18:50.067+0000] {dagbag.py:538} INFO - Filling up the DagBag from /home/airflow/.local/lib/python3.8/site-packages/airflow/example_dags/example_complex.py
[2025-04-09T07:18:50.078+0000] {processor.py:840} INFO - DAG(s) 'example_complex' retrieved from /home/airflow/.local/lib/python3.8/site-packages/airflow/example_dags/example_complex.py
[2025-04-09T07:18:50.112+0000] {logging_mixin.py:188} INFO - [2025-04-09T07:18:50.112+0000] {dag.py:3036} INFO - Sync 1 DAGs
[2025-04-09T07:18:50.126+0000] {logging_mixin.py:188} INFO - [2025-04-09T07:18:50.126+0000] {dag.py:3823} INFO - Setting next_dagrun for example_complex to None, run_after=None
[2025-04-09T07:18:50.175+0000] {processor.py:183} INFO - Processing /home/airflow/.local/lib/python3.8/site-packages/airflow/example_dags/example_complex.py took 0.118 seconds
[2025-04-09T07:19:20.225+0000] {processor.py:161} INFO - Started process (PID=1137) to work on /home/airflow/.local/lib/python3.8/site-packages/airflow/example_dags/example_complex.py
[2025-04-09T07:19:20.226+0000] {processor.py:830} INFO - Processing file /home/airflow/.local/lib/python3.8/site-packages/airflow/example_dags/example_complex.py for tasks to queue
[2025-04-09T07:19:20.228+0000] {logging_mixin.py:188} INFO - [2025-04-09T07:19:20.228+0000] {dagbag.py:538} INFO - Filling up the DagBag from /home/airflow/.local/lib/python3.8/site-packages/airflow/example_dags/example_complex.py
[2025-04-09T07:19:20.238+0000] {processor.py:840} INFO - DAG(s) 'example_complex' retrieved from /home/airflow/.local/lib/python3.8/site-packages/airflow/example_dags/example_complex.py
[2025-04-09T07:19:20.270+0000] {logging_mixin.py:188} INFO - [2025-04-09T07:19:20.270+0000] {dag.py:3036} INFO - Sync 1 DAGs
[2025-04-09T07:19:20.283+0000] {logging_mixin.py:188} INFO - [2025-04-09T07:19:20.282+0000] {dag.py:3823} INFO - Setting next_dagrun for example_complex to None, run_after=None
[2025-04-09T07:19:20.379+0000] {processor.py:183} INFO - Processing /home/airflow/.local/lib/python3.8/site-packages/airflow/example_dags/example_complex.py took 0.156 seconds
[2025-04-09T07:19:50.482+0000] {processor.py:161} INFO - Started process (PID=1195) to work on /home/airflow/.local/lib/python3.8/site-packages/airflow/example_dags/example_complex.py
[2025-04-09T07:19:50.485+0000] {processor.py:830} INFO - Processing file /home/airflow/.local/lib/python3.8/site-packages/airflow/example_dags/example_complex.py for tasks to queue
[2025-04-09T07:19:50.496+0000] {logging_mixin.py:188} INFO - [2025-04-09T07:19:50.496+0000] {dagbag.py:538} INFO - Filling up the DagBag from /home/airflow/.local/lib/python3.8/site-packages/airflow/example_dags/example_complex.py
[2025-04-09T07:19:50.546+0000] {processor.py:840} INFO - DAG(s) 'example_complex' retrieved from /home/airflow/.local/lib/python3.8/site-packages/airflow/example_dags/example_complex.py
[2025-04-09T07:19:50.635+0000] {logging_mixin.py:188} INFO - [2025-04-09T07:19:50.635+0000] {dag.py:3036} INFO - Sync 1 DAGs
[2025-04-09T07:19:50.651+0000] {logging_mixin.py:188} INFO - [2025-04-09T07:19:50.650+0000] {dag.py:3823} INFO - Setting next_dagrun for example_complex to None, run_after=None
[2025-04-09T07:19:50.696+0000] {processor.py:183} INFO - Processing /home/airflow/.local/lib/python3.8/site-packages/airflow/example_dags/example_complex.py took 0.222 seconds
[2025-04-09T07:20:22.833+0000] {processor.py:161} INFO - Started process (PID=1253) to work on /home/airflow/.local/lib/python3.8/site-packages/airflow/example_dags/example_complex.py
[2025-04-09T07:20:22.854+0000] {processor.py:830} INFO - Processing file /home/airflow/.local/lib/python3.8/site-packages/airflow/example_dags/example_complex.py for tasks to queue
[2025-04-09T07:20:22.856+0000] {logging_mixin.py:188} INFO - [2025-04-09T07:20:22.856+0000] {dagbag.py:538} INFO - Filling up the DagBag from /home/airflow/.local/lib/python3.8/site-packages/airflow/example_dags/example_complex.py
[2025-04-09T07:20:22.868+0000] {processor.py:840} INFO - DAG(s) 'example_complex' retrieved from /home/airflow/.local/lib/python3.8/site-packages/airflow/example_dags/example_complex.py
[2025-04-09T07:20:22.898+0000] {logging_mixin.py:188} INFO - [2025-04-09T07:20:22.898+0000] {dag.py:3036} INFO - Sync 1 DAGs
[2025-04-09T07:20:22.911+0000] {logging_mixin.py:188} INFO - [2025-04-09T07:20:22.910+0000] {dag.py:3823} INFO - Setting next_dagrun for example_complex to None, run_after=None
[2025-04-09T07:20:22.961+0000] {processor.py:183} INFO - Processing /home/airflow/.local/lib/python3.8/site-packages/airflow/example_dags/example_complex.py took 0.130 seconds
[2025-04-09T07:20:53.495+0000] {processor.py:161} INFO - Started process (PID=1311) to work on /home/airflow/.local/lib/python3.8/site-packages/airflow/example_dags/example_complex.py
[2025-04-09T07:20:53.496+0000] {processor.py:830} INFO - Processing file /home/airflow/.local/lib/python3.8/site-packages/airflow/example_dags/example_complex.py for tasks to queue
[2025-04-09T07:20:53.498+0000] {logging_mixin.py:188} INFO - [2025-04-09T07:20:53.498+0000] {dagbag.py:538} INFO - Filling up the DagBag from /home/airflow/.local/lib/python3.8/site-packages/airflow/example_dags/example_complex.py
[2025-04-09T07:20:53.510+0000] {processor.py:840} INFO - DAG(s) 'example_complex' retrieved from /home/airflow/.local/lib/python3.8/site-packages/airflow/example_dags/example_complex.py
[2025-04-09T07:20:53.546+0000] {logging_mixin.py:188} INFO - [2025-04-09T07:20:53.546+0000] {dag.py:3036} INFO - Sync 1 DAGs
[2025-04-09T07:20:53.559+0000] {logging_mixin.py:188} INFO - [2025-04-09T07:20:53.559+0000] {dag.py:3823} INFO - Setting next_dagrun for example_complex to None, run_after=None
[2025-04-09T07:20:53.613+0000] {processor.py:183} INFO - Processing /home/airflow/.local/lib/python3.8/site-packages/airflow/example_dags/example_complex.py took 0.122 seconds
[2025-04-09T07:21:24.001+0000] {processor.py:161} INFO - Started process (PID=1369) to work on /home/airflow/.local/lib/python3.8/site-packages/airflow/example_dags/example_complex.py
[2025-04-09T07:21:24.009+0000] {processor.py:830} INFO - Processing file /home/airflow/.local/lib/python3.8/site-packages/airflow/example_dags/example_complex.py for tasks to queue
[2025-04-09T07:21:24.014+0000] {logging_mixin.py:188} INFO - [2025-04-09T07:21:24.013+0000] {dagbag.py:538} INFO - Filling up the DagBag from /home/airflow/.local/lib/python3.8/site-packages/airflow/example_dags/example_complex.py
[2025-04-09T07:21:24.086+0000] {processor.py:840} INFO - DAG(s) 'example_complex' retrieved from /home/airflow/.local/lib/python3.8/site-packages/airflow/example_dags/example_complex.py
[2025-04-09T07:21:24.153+0000] {logging_mixin.py:188} INFO - [2025-04-09T07:21:24.152+0000] {dag.py:3036} INFO - Sync 1 DAGs
[2025-04-09T07:21:24.166+0000] {logging_mixin.py:188} INFO - [2025-04-09T07:21:24.166+0000] {dag.py:3823} INFO - Setting next_dagrun for example_complex to None, run_after=None
[2025-04-09T07:21:24.218+0000] {processor.py:183} INFO - Processing /home/airflow/.local/lib/python3.8/site-packages/airflow/example_dags/example_complex.py took 0.231 seconds
[2025-04-09T07:21:54.630+0000] {processor.py:161} INFO - Started process (PID=1427) to work on /home/airflow/.local/lib/python3.8/site-packages/airflow/example_dags/example_complex.py
[2025-04-09T07:21:54.632+0000] {processor.py:830} INFO - Processing file /home/airflow/.local/lib/python3.8/site-packages/airflow/example_dags/example_complex.py for tasks to queue
[2025-04-09T07:21:54.634+0000] {logging_mixin.py:188} INFO - [2025-04-09T07:21:54.633+0000] {dagbag.py:538} INFO - Filling up the DagBag from /home/airflow/.local/lib/python3.8/site-packages/airflow/example_dags/example_complex.py
[2025-04-09T07:21:54.646+0000] {processor.py:840} INFO - DAG(s) 'example_complex' retrieved from /home/airflow/.local/lib/python3.8/site-packages/airflow/example_dags/example_complex.py
[2025-04-09T07:21:54.678+0000] {logging_mixin.py:188} INFO - [2025-04-09T07:21:54.678+0000] {dag.py:3036} INFO - Sync 1 DAGs
[2025-04-09T07:21:54.691+0000] {logging_mixin.py:188} INFO - [2025-04-09T07:21:54.690+0000] {dag.py:3823} INFO - Setting next_dagrun for example_complex to None, run_after=None
[2025-04-09T07:21:54.746+0000] {processor.py:183} INFO - Processing /home/airflow/.local/lib/python3.8/site-packages/airflow/example_dags/example_complex.py took 0.119 seconds
[2025-04-09T07:22:24.884+0000] {processor.py:161} INFO - Started process (PID=1485) to work on /home/airflow/.local/lib/python3.8/site-packages/airflow/example_dags/example_complex.py
[2025-04-09T07:22:24.885+0000] {processor.py:830} INFO - Processing file /home/airflow/.local/lib/python3.8/site-packages/airflow/example_dags/example_complex.py for tasks to queue
[2025-04-09T07:22:24.886+0000] {logging_mixin.py:188} INFO - [2025-04-09T07:22:24.886+0000] {dagbag.py:538} INFO - Filling up the DagBag from /home/airflow/.local/lib/python3.8/site-packages/airflow/example_dags/example_complex.py
[2025-04-09T07:22:24.899+0000] {processor.py:840} INFO - DAG(s) 'example_complex' retrieved from /home/airflow/.local/lib/python3.8/site-packages/airflow/example_dags/example_complex.py
[2025-04-09T07:22:24.931+0000] {logging_mixin.py:188} INFO - [2025-04-09T07:22:24.930+0000] {dag.py:3036} INFO - Sync 1 DAGs
[2025-04-09T07:22:24.942+0000] {logging_mixin.py:188} INFO - [2025-04-09T07:22:24.942+0000] {dag.py:3823} INFO - Setting next_dagrun for example_complex to None, run_after=None
[2025-04-09T07:22:25.009+0000] {processor.py:183} INFO - Processing /home/airflow/.local/lib/python3.8/site-packages/airflow/example_dags/example_complex.py took 0.128 seconds
[2025-04-09T07:22:55.507+0000] {processor.py:161} INFO - Started process (PID=1543) to work on /home/airflow/.local/lib/python3.8/site-packages/airflow/example_dags/example_complex.py
[2025-04-09T07:22:55.508+0000] {processor.py:830} INFO - Processing file /home/airflow/.local/lib/python3.8/site-packages/airflow/example_dags/example_complex.py for tasks to queue
[2025-04-09T07:22:55.510+0000] {logging_mixin.py:188} INFO - [2025-04-09T07:22:55.509+0000] {dagbag.py:538} INFO - Filling up the DagBag from /home/airflow/.local/lib/python3.8/site-packages/airflow/example_dags/example_complex.py
[2025-04-09T07:22:55.521+0000] {processor.py:840} INFO - DAG(s) 'example_complex' retrieved from /home/airflow/.local/lib/python3.8/site-packages/airflow/example_dags/example_complex.py
[2025-04-09T07:22:55.553+0000] {logging_mixin.py:188} INFO - [2025-04-09T07:22:55.553+0000] {dag.py:3036} INFO - Sync 1 DAGs
[2025-04-09T07:22:55.568+0000] {logging_mixin.py:188} INFO - [2025-04-09T07:22:55.568+0000] {dag.py:3823} INFO - Setting next_dagrun for example_complex to None, run_after=None
[2025-04-09T07:22:55.612+0000] {processor.py:183} INFO - Processing /home/airflow/.local/lib/python3.8/site-packages/airflow/example_dags/example_complex.py took 0.109 seconds
[2025-04-09T07:23:26.249+0000] {processor.py:161} INFO - Started process (PID=1601) to work on /home/airflow/.local/lib/python3.8/site-packages/airflow/example_dags/example_complex.py
[2025-04-09T07:23:26.251+0000] {processor.py:830} INFO - Processing file /home/airflow/.local/lib/python3.8/site-packages/airflow/example_dags/example_complex.py for tasks to queue
[2025-04-09T07:23:26.252+0000] {logging_mixin.py:188} INFO - [2025-04-09T07:23:26.252+0000] {dagbag.py:538} INFO - Filling up the DagBag from /home/airflow/.local/lib/python3.8/site-packages/airflow/example_dags/example_complex.py
[2025-04-09T07:23:26.268+0000] {processor.py:840} INFO - DAG(s) 'example_complex' retrieved from /home/airflow/.local/lib/python3.8/site-packages/airflow/example_dags/example_complex.py
[2025-04-09T07:23:26.306+0000] {logging_mixin.py:188} INFO - [2025-04-09T07:23:26.306+0000] {dag.py:3036} INFO - Sync 1 DAGs
[2025-04-09T07:23:26.323+0000] {logging_mixin.py:188} INFO - [2025-04-09T07:23:26.323+0000] {dag.py:3823} INFO - Setting next_dagrun for example_complex to None, run_after=None
[2025-04-09T07:23:26.374+0000] {processor.py:183} INFO - Processing /home/airflow/.local/lib/python3.8/site-packages/airflow/example_dags/example_complex.py took 0.128 seconds
[2025-04-09T07:23:57.811+0000] {processor.py:161} INFO - Started process (PID=1659) to work on /home/airflow/.local/lib/python3.8/site-packages/airflow/example_dags/example_complex.py
[2025-04-09T07:23:57.812+0000] {processor.py:830} INFO - Processing file /home/airflow/.local/lib/python3.8/site-packages/airflow/example_dags/example_complex.py for tasks to queue
[2025-04-09T07:23:57.813+0000] {logging_mixin.py:188} INFO - [2025-04-09T07:23:57.813+0000] {dagbag.py:538} INFO - Filling up the DagBag from /home/airflow/.local/lib/python3.8/site-packages/airflow/example_dags/example_complex.py
[2025-04-09T07:23:57.827+0000] {processor.py:840} INFO - DAG(s) 'example_complex' retrieved from /home/airflow/.local/lib/python3.8/site-packages/airflow/example_dags/example_complex.py
[2025-04-09T07:23:57.864+0000] {logging_mixin.py:188} INFO - [2025-04-09T07:23:57.864+0000] {dag.py:3036} INFO - Sync 1 DAGs
[2025-04-09T07:23:57.881+0000] {logging_mixin.py:188} INFO - [2025-04-09T07:23:57.881+0000] {dag.py:3823} INFO - Setting next_dagrun for example_complex to None, run_after=None
[2025-04-09T07:23:57.947+0000] {processor.py:183} INFO - Processing /home/airflow/.local/lib/python3.8/site-packages/airflow/example_dags/example_complex.py took 0.140 seconds
[2025-04-09T07:24:28.903+0000] {processor.py:161} INFO - Started process (PID=1717) to work on /home/airflow/.local/lib/python3.8/site-packages/airflow/example_dags/example_complex.py
[2025-04-09T07:24:28.915+0000] {processor.py:830} INFO - Processing file /home/airflow/.local/lib/python3.8/site-packages/airflow/example_dags/example_complex.py for tasks to queue
[2025-04-09T07:24:28.917+0000] {logging_mixin.py:188} INFO - [2025-04-09T07:24:28.917+0000] {dagbag.py:538} INFO - Filling up the DagBag from /home/airflow/.local/lib/python3.8/site-packages/airflow/example_dags/example_complex.py
[2025-04-09T07:24:28.929+0000] {processor.py:840} INFO - DAG(s) 'example_complex' retrieved from /home/airflow/.local/lib/python3.8/site-packages/airflow/example_dags/example_complex.py
[2025-04-09T07:24:32.551+0000] {logging_mixin.py:188} INFO - [2025-04-09T07:24:32.551+0000] {dag.py:3036} INFO - Sync 1 DAGs
[2025-04-09T07:24:32.565+0000] {logging_mixin.py:188} INFO - [2025-04-09T07:24:32.565+0000] {dag.py:3823} INFO - Setting next_dagrun for example_complex to None, run_after=None
[2025-04-09T07:24:32.617+0000] {processor.py:183} INFO - Processing /home/airflow/.local/lib/python3.8/site-packages/airflow/example_dags/example_complex.py took 0.137 seconds
[2025-04-09T07:25:02.821+0000] {processor.py:161} INFO - Started process (PID=1775) to work on /home/airflow/.local/lib/python3.8/site-packages/airflow/example_dags/example_complex.py
[2025-04-09T07:25:02.821+0000] {processor.py:830} INFO - Processing file /home/airflow/.local/lib/python3.8/site-packages/airflow/example_dags/example_complex.py for tasks to queue
[2025-04-09T07:25:02.824+0000] {logging_mixin.py:188} INFO - [2025-04-09T07:25:02.823+0000] {dagbag.py:538} INFO - Filling up the DagBag from /home/airflow/.local/lib/python3.8/site-packages/airflow/example_dags/example_complex.py
[2025-04-09T07:25:02.838+0000] {processor.py:840} INFO - DAG(s) 'example_complex' retrieved from /home/airflow/.local/lib/python3.8/site-packages/airflow/example_dags/example_complex.py
[2025-04-09T07:25:02.870+0000] {logging_mixin.py:188} INFO - [2025-04-09T07:25:02.870+0000] {dag.py:3036} INFO - Sync 1 DAGs
[2025-04-09T07:25:02.883+0000] {logging_mixin.py:188} INFO - [2025-04-09T07:25:02.883+0000] {dag.py:3823} INFO - Setting next_dagrun for example_complex to None, run_after=None
[2025-04-09T07:25:02.960+0000] {processor.py:183} INFO - Processing /home/airflow/.local/lib/python3.8/site-packages/airflow/example_dags/example_complex.py took 0.143 seconds
[2025-04-09T07:25:33.081+0000] {processor.py:161} INFO - Started process (PID=1834) to work on /home/airflow/.local/lib/python3.8/site-packages/airflow/example_dags/example_complex.py
[2025-04-09T07:25:33.109+0000] {processor.py:830} INFO - Processing file /home/airflow/.local/lib/python3.8/site-packages/airflow/example_dags/example_complex.py for tasks to queue
[2025-04-09T07:25:33.111+0000] {logging_mixin.py:188} INFO - [2025-04-09T07:25:33.111+0000] {dagbag.py:538} INFO - Filling up the DagBag from /home/airflow/.local/lib/python3.8/site-packages/airflow/example_dags/example_complex.py
[2025-04-09T07:25:33.122+0000] {processor.py:840} INFO - DAG(s) 'example_complex' retrieved from /home/airflow/.local/lib/python3.8/site-packages/airflow/example_dags/example_complex.py
[2025-04-09T07:25:33.154+0000] {logging_mixin.py:188} INFO - [2025-04-09T07:25:33.153+0000] {dag.py:3036} INFO - Sync 1 DAGs
[2025-04-09T07:25:33.166+0000] {logging_mixin.py:188} INFO - [2025-04-09T07:25:33.165+0000] {dag.py:3823} INFO - Setting next_dagrun for example_complex to None, run_after=None
[2025-04-09T07:25:33.253+0000] {processor.py:183} INFO - Processing /home/airflow/.local/lib/python3.8/site-packages/airflow/example_dags/example_complex.py took 0.175 seconds
