[2025-04-09T06:43:10.233+0000] {processor.py:161} INFO - Started process (PID=786) to work on /home/airflow/.local/lib/python3.8/site-packages/airflow/example_dags/example_bash_operator.py
[2025-04-09T06:43:10.234+0000] {processor.py:830} INFO - Processing file /home/airflow/.local/lib/python3.8/site-packages/airflow/example_dags/example_bash_operator.py for tasks to queue
[2025-04-09T06:43:10.237+0000] {logging_mixin.py:188} INFO - [2025-04-09T06:43:10.236+0000] {dagbag.py:538} INFO - Filling up the DagBag from /home/airflow/.local/lib/python3.8/site-packages/airflow/example_dags/example_bash_operator.py
[2025-04-09T06:43:10.249+0000] {processor.py:840} INFO - DAG(s) 'example_bash_operator' retrieved from /home/airflow/.local/lib/python3.8/site-packages/airflow/example_dags/example_bash_operator.py
[2025-04-09T06:43:10.366+0000] {logging_mixin.py:188} INFO - [2025-04-09T06:43:10.366+0000] {dag.py:3036} INFO - Sync 1 DAGs
[2025-04-09T06:43:10.386+0000] {logging_mixin.py:188} INFO - [2025-04-09T06:43:10.386+0000] {dag.py:3823} INFO - Setting next_dagrun for example_bash_operator to 2025-04-08 00:00:00+00:00, run_after=2025-04-09 00:00:00+00:00
[2025-04-09T06:43:10.481+0000] {processor.py:183} INFO - Processing /home/airflow/.local/lib/python3.8/site-packages/airflow/example_dags/example_bash_operator.py took 0.250 seconds
[2025-04-09T06:45:26.107+0000] {processor.py:161} INFO - Started process (PID=84) to work on /home/airflow/.local/lib/python3.8/site-packages/airflow/example_dags/example_bash_operator.py
[2025-04-09T06:45:26.109+0000] {processor.py:830} INFO - Processing file /home/airflow/.local/lib/python3.8/site-packages/airflow/example_dags/example_bash_operator.py for tasks to queue
[2025-04-09T06:45:26.111+0000] {logging_mixin.py:188} INFO - [2025-04-09T06:45:26.110+0000] {dagbag.py:538} INFO - Filling up the DagBag from /home/airflow/.local/lib/python3.8/site-packages/airflow/example_dags/example_bash_operator.py
[2025-04-09T06:45:26.129+0000] {processor.py:840} INFO - DAG(s) 'example_bash_operator' retrieved from /home/airflow/.local/lib/python3.8/site-packages/airflow/example_dags/example_bash_operator.py
[2025-04-09T06:45:26.277+0000] {logging_mixin.py:188} INFO - [2025-04-09T06:45:26.276+0000] {dag.py:3036} INFO - Sync 1 DAGs
[2025-04-09T06:45:26.308+0000] {logging_mixin.py:188} INFO - [2025-04-09T06:45:26.308+0000] {dag.py:3823} INFO - Setting next_dagrun for example_bash_operator to 2025-04-08 00:00:00+00:00, run_after=2025-04-09 00:00:00+00:00
[2025-04-09T06:45:26.364+0000] {processor.py:183} INFO - Processing /home/airflow/.local/lib/python3.8/site-packages/airflow/example_dags/example_bash_operator.py took 0.259 seconds
[2025-04-09T06:45:57.230+0000] {processor.py:161} INFO - Started process (PID=142) to work on /home/airflow/.local/lib/python3.8/site-packages/airflow/example_dags/example_bash_operator.py
[2025-04-09T06:45:57.231+0000] {processor.py:830} INFO - Processing file /home/airflow/.local/lib/python3.8/site-packages/airflow/example_dags/example_bash_operator.py for tasks to queue
[2025-04-09T06:45:57.233+0000] {logging_mixin.py:188} INFO - [2025-04-09T06:45:57.233+0000] {dagbag.py:538} INFO - Filling up the DagBag from /home/airflow/.local/lib/python3.8/site-packages/airflow/example_dags/example_bash_operator.py
[2025-04-09T06:45:57.247+0000] {processor.py:840} INFO - DAG(s) 'example_bash_operator' retrieved from /home/airflow/.local/lib/python3.8/site-packages/airflow/example_dags/example_bash_operator.py
[2025-04-09T06:45:57.288+0000] {logging_mixin.py:188} INFO - [2025-04-09T06:45:57.288+0000] {dag.py:3036} INFO - Sync 1 DAGs
[2025-04-09T06:45:57.316+0000] {logging_mixin.py:188} INFO - [2025-04-09T06:45:57.315+0000] {dag.py:3823} INFO - Setting next_dagrun for example_bash_operator to 2025-04-08 00:00:00+00:00, run_after=2025-04-09 00:00:00+00:00
[2025-04-09T06:45:57.386+0000] {processor.py:183} INFO - Processing /home/airflow/.local/lib/python3.8/site-packages/airflow/example_dags/example_bash_operator.py took 0.160 seconds
[2025-04-09T06:46:27.857+0000] {processor.py:161} INFO - Started process (PID=200) to work on /home/airflow/.local/lib/python3.8/site-packages/airflow/example_dags/example_bash_operator.py
[2025-04-09T06:46:27.859+0000] {processor.py:830} INFO - Processing file /home/airflow/.local/lib/python3.8/site-packages/airflow/example_dags/example_bash_operator.py for tasks to queue
[2025-04-09T06:46:27.862+0000] {logging_mixin.py:188} INFO - [2025-04-09T06:46:27.861+0000] {dagbag.py:538} INFO - Filling up the DagBag from /home/airflow/.local/lib/python3.8/site-packages/airflow/example_dags/example_bash_operator.py
[2025-04-09T06:46:27.875+0000] {processor.py:840} INFO - DAG(s) 'example_bash_operator' retrieved from /home/airflow/.local/lib/python3.8/site-packages/airflow/example_dags/example_bash_operator.py
[2025-04-09T06:46:27.910+0000] {logging_mixin.py:188} INFO - [2025-04-09T06:46:27.910+0000] {dag.py:3036} INFO - Sync 1 DAGs
[2025-04-09T06:46:27.933+0000] {logging_mixin.py:188} INFO - [2025-04-09T06:46:27.933+0000] {dag.py:3823} INFO - Setting next_dagrun for example_bash_operator to 2025-04-08 00:00:00+00:00, run_after=2025-04-09 00:00:00+00:00
[2025-04-09T06:46:27.978+0000] {processor.py:183} INFO - Processing /home/airflow/.local/lib/python3.8/site-packages/airflow/example_dags/example_bash_operator.py took 0.124 seconds
[2025-04-09T06:46:58.524+0000] {processor.py:161} INFO - Started process (PID=258) to work on /home/airflow/.local/lib/python3.8/site-packages/airflow/example_dags/example_bash_operator.py
[2025-04-09T06:46:58.525+0000] {processor.py:830} INFO - Processing file /home/airflow/.local/lib/python3.8/site-packages/airflow/example_dags/example_bash_operator.py for tasks to queue
[2025-04-09T06:46:58.527+0000] {logging_mixin.py:188} INFO - [2025-04-09T06:46:58.526+0000] {dagbag.py:538} INFO - Filling up the DagBag from /home/airflow/.local/lib/python3.8/site-packages/airflow/example_dags/example_bash_operator.py
[2025-04-09T06:46:58.538+0000] {processor.py:840} INFO - DAG(s) 'example_bash_operator' retrieved from /home/airflow/.local/lib/python3.8/site-packages/airflow/example_dags/example_bash_operator.py
[2025-04-09T06:46:58.570+0000] {logging_mixin.py:188} INFO - [2025-04-09T06:46:58.570+0000] {dag.py:3036} INFO - Sync 1 DAGs
[2025-04-09T06:46:58.595+0000] {logging_mixin.py:188} INFO - [2025-04-09T06:46:58.595+0000] {dag.py:3823} INFO - Setting next_dagrun for example_bash_operator to 2025-04-08 00:00:00+00:00, run_after=2025-04-09 00:00:00+00:00
[2025-04-09T06:46:58.639+0000] {processor.py:183} INFO - Processing /home/airflow/.local/lib/python3.8/site-packages/airflow/example_dags/example_bash_operator.py took 0.119 seconds
[2025-04-09T06:47:33.055+0000] {processor.py:161} INFO - Started process (PID=316) to work on /home/airflow/.local/lib/python3.8/site-packages/airflow/example_dags/example_bash_operator.py
[2025-04-09T06:47:33.056+0000] {processor.py:830} INFO - Processing file /home/airflow/.local/lib/python3.8/site-packages/airflow/example_dags/example_bash_operator.py for tasks to queue
[2025-04-09T06:47:33.059+0000] {logging_mixin.py:188} INFO - [2025-04-09T06:47:33.058+0000] {dagbag.py:538} INFO - Filling up the DagBag from /home/airflow/.local/lib/python3.8/site-packages/airflow/example_dags/example_bash_operator.py
[2025-04-09T06:47:33.071+0000] {processor.py:840} INFO - DAG(s) 'example_bash_operator' retrieved from /home/airflow/.local/lib/python3.8/site-packages/airflow/example_dags/example_bash_operator.py
[2025-04-09T06:47:33.104+0000] {logging_mixin.py:188} INFO - [2025-04-09T06:47:33.104+0000] {dag.py:3036} INFO - Sync 1 DAGs
[2025-04-09T06:47:33.127+0000] {logging_mixin.py:188} INFO - [2025-04-09T06:47:33.126+0000] {dag.py:3823} INFO - Setting next_dagrun for example_bash_operator to 2025-04-08 00:00:00+00:00, run_after=2025-04-09 00:00:00+00:00
[2025-04-09T06:47:33.175+0000] {processor.py:183} INFO - Processing /home/airflow/.local/lib/python3.8/site-packages/airflow/example_dags/example_bash_operator.py took 0.123 seconds
[2025-04-09T06:48:07.778+0000] {processor.py:161} INFO - Started process (PID=374) to work on /home/airflow/.local/lib/python3.8/site-packages/airflow/example_dags/example_bash_operator.py
[2025-04-09T06:48:07.800+0000] {processor.py:830} INFO - Processing file /home/airflow/.local/lib/python3.8/site-packages/airflow/example_dags/example_bash_operator.py for tasks to queue
[2025-04-09T06:48:07.802+0000] {logging_mixin.py:188} INFO - [2025-04-09T06:48:07.802+0000] {dagbag.py:538} INFO - Filling up the DagBag from /home/airflow/.local/lib/python3.8/site-packages/airflow/example_dags/example_bash_operator.py
[2025-04-09T06:48:07.814+0000] {processor.py:840} INFO - DAG(s) 'example_bash_operator' retrieved from /home/airflow/.local/lib/python3.8/site-packages/airflow/example_dags/example_bash_operator.py
[2025-04-09T06:48:07.845+0000] {logging_mixin.py:188} INFO - [2025-04-09T06:48:07.844+0000] {dag.py:3036} INFO - Sync 1 DAGs
[2025-04-09T06:48:07.869+0000] {logging_mixin.py:188} INFO - [2025-04-09T06:48:07.868+0000] {dag.py:3823} INFO - Setting next_dagrun for example_bash_operator to 2025-04-08 00:00:00+00:00, run_after=2025-04-09 00:00:00+00:00
[2025-04-09T06:48:07.938+0000] {processor.py:183} INFO - Processing /home/airflow/.local/lib/python3.8/site-packages/airflow/example_dags/example_bash_operator.py took 0.163 seconds
[2025-04-09T06:48:38.236+0000] {processor.py:161} INFO - Started process (PID=432) to work on /home/airflow/.local/lib/python3.8/site-packages/airflow/example_dags/example_bash_operator.py
[2025-04-09T06:48:38.237+0000] {processor.py:830} INFO - Processing file /home/airflow/.local/lib/python3.8/site-packages/airflow/example_dags/example_bash_operator.py for tasks to queue
[2025-04-09T06:48:38.240+0000] {logging_mixin.py:188} INFO - [2025-04-09T06:48:38.239+0000] {dagbag.py:538} INFO - Filling up the DagBag from /home/airflow/.local/lib/python3.8/site-packages/airflow/example_dags/example_bash_operator.py
[2025-04-09T06:48:38.255+0000] {processor.py:840} INFO - DAG(s) 'example_bash_operator' retrieved from /home/airflow/.local/lib/python3.8/site-packages/airflow/example_dags/example_bash_operator.py
[2025-04-09T06:48:38.295+0000] {logging_mixin.py:188} INFO - [2025-04-09T06:48:38.295+0000] {dag.py:3036} INFO - Sync 1 DAGs
[2025-04-09T06:48:38.334+0000] {logging_mixin.py:188} INFO - [2025-04-09T06:48:38.334+0000] {dag.py:3823} INFO - Setting next_dagrun for example_bash_operator to 2025-04-08 00:00:00+00:00, run_after=2025-04-09 00:00:00+00:00
[2025-04-09T06:48:38.422+0000] {processor.py:183} INFO - Processing /home/airflow/.local/lib/python3.8/site-packages/airflow/example_dags/example_bash_operator.py took 0.191 seconds
[2025-04-09T06:49:09.053+0000] {processor.py:161} INFO - Started process (PID=490) to work on /home/airflow/.local/lib/python3.8/site-packages/airflow/example_dags/example_bash_operator.py
[2025-04-09T06:49:09.054+0000] {processor.py:830} INFO - Processing file /home/airflow/.local/lib/python3.8/site-packages/airflow/example_dags/example_bash_operator.py for tasks to queue
[2025-04-09T06:49:09.056+0000] {logging_mixin.py:188} INFO - [2025-04-09T06:49:09.055+0000] {dagbag.py:538} INFO - Filling up the DagBag from /home/airflow/.local/lib/python3.8/site-packages/airflow/example_dags/example_bash_operator.py
[2025-04-09T06:49:09.068+0000] {processor.py:840} INFO - DAG(s) 'example_bash_operator' retrieved from /home/airflow/.local/lib/python3.8/site-packages/airflow/example_dags/example_bash_operator.py
[2025-04-09T06:49:09.098+0000] {logging_mixin.py:188} INFO - [2025-04-09T06:49:09.098+0000] {dag.py:3036} INFO - Sync 1 DAGs
[2025-04-09T06:49:09.122+0000] {logging_mixin.py:188} INFO - [2025-04-09T06:49:09.122+0000] {dag.py:3823} INFO - Setting next_dagrun for example_bash_operator to 2025-04-08 00:00:00+00:00, run_after=2025-04-09 00:00:00+00:00
[2025-04-09T06:49:09.174+0000] {processor.py:183} INFO - Processing /home/airflow/.local/lib/python3.8/site-packages/airflow/example_dags/example_bash_operator.py took 0.125 seconds
[2025-04-09T06:49:39.547+0000] {processor.py:161} INFO - Started process (PID=548) to work on /home/airflow/.local/lib/python3.8/site-packages/airflow/example_dags/example_bash_operator.py
[2025-04-09T06:49:39.547+0000] {processor.py:830} INFO - Processing file /home/airflow/.local/lib/python3.8/site-packages/airflow/example_dags/example_bash_operator.py for tasks to queue
[2025-04-09T06:49:39.549+0000] {logging_mixin.py:188} INFO - [2025-04-09T06:49:39.549+0000] {dagbag.py:538} INFO - Filling up the DagBag from /home/airflow/.local/lib/python3.8/site-packages/airflow/example_dags/example_bash_operator.py
[2025-04-09T06:49:39.559+0000] {processor.py:840} INFO - DAG(s) 'example_bash_operator' retrieved from /home/airflow/.local/lib/python3.8/site-packages/airflow/example_dags/example_bash_operator.py
[2025-04-09T06:49:39.593+0000] {logging_mixin.py:188} INFO - [2025-04-09T06:49:39.592+0000] {dag.py:3036} INFO - Sync 1 DAGs
[2025-04-09T06:49:39.620+0000] {logging_mixin.py:188} INFO - [2025-04-09T06:49:39.620+0000] {dag.py:3823} INFO - Setting next_dagrun for example_bash_operator to 2025-04-08 00:00:00+00:00, run_after=2025-04-09 00:00:00+00:00
[2025-04-09T06:49:39.672+0000] {processor.py:183} INFO - Processing /home/airflow/.local/lib/python3.8/site-packages/airflow/example_dags/example_bash_operator.py took 0.128 seconds
[2025-04-09T06:50:09.956+0000] {processor.py:161} INFO - Started process (PID=606) to work on /home/airflow/.local/lib/python3.8/site-packages/airflow/example_dags/example_bash_operator.py
[2025-04-09T06:50:09.957+0000] {processor.py:830} INFO - Processing file /home/airflow/.local/lib/python3.8/site-packages/airflow/example_dags/example_bash_operator.py for tasks to queue
[2025-04-09T06:50:09.958+0000] {logging_mixin.py:188} INFO - [2025-04-09T06:50:09.958+0000] {dagbag.py:538} INFO - Filling up the DagBag from /home/airflow/.local/lib/python3.8/site-packages/airflow/example_dags/example_bash_operator.py
[2025-04-09T06:50:09.970+0000] {processor.py:840} INFO - DAG(s) 'example_bash_operator' retrieved from /home/airflow/.local/lib/python3.8/site-packages/airflow/example_dags/example_bash_operator.py
[2025-04-09T06:50:10.001+0000] {logging_mixin.py:188} INFO - [2025-04-09T06:50:10.001+0000] {dag.py:3036} INFO - Sync 1 DAGs
[2025-04-09T06:50:10.025+0000] {logging_mixin.py:188} INFO - [2025-04-09T06:50:10.024+0000] {dag.py:3823} INFO - Setting next_dagrun for example_bash_operator to 2025-04-08 00:00:00+00:00, run_after=2025-04-09 00:00:00+00:00
[2025-04-09T06:50:10.088+0000] {processor.py:183} INFO - Processing /home/airflow/.local/lib/python3.8/site-packages/airflow/example_dags/example_bash_operator.py took 0.135 seconds
[2025-04-09T06:50:40.121+0000] {processor.py:161} INFO - Started process (PID=664) to work on /home/airflow/.local/lib/python3.8/site-packages/airflow/example_dags/example_bash_operator.py
[2025-04-09T06:50:40.122+0000] {processor.py:830} INFO - Processing file /home/airflow/.local/lib/python3.8/site-packages/airflow/example_dags/example_bash_operator.py for tasks to queue
[2025-04-09T06:50:40.123+0000] {logging_mixin.py:188} INFO - [2025-04-09T06:50:40.123+0000] {dagbag.py:538} INFO - Filling up the DagBag from /home/airflow/.local/lib/python3.8/site-packages/airflow/example_dags/example_bash_operator.py
[2025-04-09T06:50:40.135+0000] {processor.py:840} INFO - DAG(s) 'example_bash_operator' retrieved from /home/airflow/.local/lib/python3.8/site-packages/airflow/example_dags/example_bash_operator.py
[2025-04-09T06:50:40.165+0000] {logging_mixin.py:188} INFO - [2025-04-09T06:50:40.165+0000] {dag.py:3036} INFO - Sync 1 DAGs
[2025-04-09T06:50:40.188+0000] {logging_mixin.py:188} INFO - [2025-04-09T06:50:40.187+0000] {dag.py:3823} INFO - Setting next_dagrun for example_bash_operator to 2025-04-08 00:00:00+00:00, run_after=2025-04-09 00:00:00+00:00
[2025-04-09T06:50:40.236+0000] {processor.py:183} INFO - Processing /home/airflow/.local/lib/python3.8/site-packages/airflow/example_dags/example_bash_operator.py took 0.118 seconds
[2025-04-09T06:51:10.931+0000] {processor.py:161} INFO - Started process (PID=723) to work on /home/airflow/.local/lib/python3.8/site-packages/airflow/example_dags/example_bash_operator.py
[2025-04-09T06:51:10.932+0000] {processor.py:830} INFO - Processing file /home/airflow/.local/lib/python3.8/site-packages/airflow/example_dags/example_bash_operator.py for tasks to queue
[2025-04-09T06:51:10.933+0000] {logging_mixin.py:188} INFO - [2025-04-09T06:51:10.933+0000] {dagbag.py:538} INFO - Filling up the DagBag from /home/airflow/.local/lib/python3.8/site-packages/airflow/example_dags/example_bash_operator.py
[2025-04-09T06:51:10.948+0000] {processor.py:840} INFO - DAG(s) 'example_bash_operator' retrieved from /home/airflow/.local/lib/python3.8/site-packages/airflow/example_dags/example_bash_operator.py
[2025-04-09T06:51:10.979+0000] {logging_mixin.py:188} INFO - [2025-04-09T06:51:10.979+0000] {dag.py:3036} INFO - Sync 1 DAGs
[2025-04-09T06:51:11.001+0000] {logging_mixin.py:188} INFO - [2025-04-09T06:51:11.001+0000] {dag.py:3823} INFO - Setting next_dagrun for example_bash_operator to 2025-04-08 00:00:00+00:00, run_after=2025-04-09 00:00:00+00:00
[2025-04-09T06:51:11.053+0000] {processor.py:183} INFO - Processing /home/airflow/.local/lib/python3.8/site-packages/airflow/example_dags/example_bash_operator.py took 0.126 seconds
[2025-04-09T06:51:43.542+0000] {processor.py:161} INFO - Started process (PID=782) to work on /home/airflow/.local/lib/python3.8/site-packages/airflow/example_dags/example_bash_operator.py
[2025-04-09T06:51:43.575+0000] {processor.py:830} INFO - Processing file /home/airflow/.local/lib/python3.8/site-packages/airflow/example_dags/example_bash_operator.py for tasks to queue
[2025-04-09T06:51:43.578+0000] {logging_mixin.py:188} INFO - [2025-04-09T06:51:43.577+0000] {dagbag.py:538} INFO - Filling up the DagBag from /home/airflow/.local/lib/python3.8/site-packages/airflow/example_dags/example_bash_operator.py
[2025-04-09T06:51:43.589+0000] {processor.py:840} INFO - DAG(s) 'example_bash_operator' retrieved from /home/airflow/.local/lib/python3.8/site-packages/airflow/example_dags/example_bash_operator.py
[2025-04-09T06:51:43.621+0000] {logging_mixin.py:188} INFO - [2025-04-09T06:51:43.621+0000] {dag.py:3036} INFO - Sync 1 DAGs
[2025-04-09T06:51:43.651+0000] {logging_mixin.py:188} INFO - [2025-04-09T06:51:43.651+0000] {dag.py:3823} INFO - Setting next_dagrun for example_bash_operator to 2025-04-08 00:00:00+00:00, run_after=2025-04-09 00:00:00+00:00
[2025-04-09T06:51:43.703+0000] {processor.py:183} INFO - Processing /home/airflow/.local/lib/python3.8/site-packages/airflow/example_dags/example_bash_operator.py took 0.165 seconds
[2025-04-09T06:52:33.679+0000] {processor.py:161} INFO - Started process (PID=92) to work on /home/airflow/.local/lib/python3.8/site-packages/airflow/example_dags/example_bash_operator.py
[2025-04-09T06:52:33.681+0000] {processor.py:830} INFO - Processing file /home/airflow/.local/lib/python3.8/site-packages/airflow/example_dags/example_bash_operator.py for tasks to queue
[2025-04-09T06:52:33.685+0000] {logging_mixin.py:188} INFO - [2025-04-09T06:52:33.684+0000] {dagbag.py:538} INFO - Filling up the DagBag from /home/airflow/.local/lib/python3.8/site-packages/airflow/example_dags/example_bash_operator.py
[2025-04-09T06:52:33.704+0000] {processor.py:840} INFO - DAG(s) 'example_bash_operator' retrieved from /home/airflow/.local/lib/python3.8/site-packages/airflow/example_dags/example_bash_operator.py
[2025-04-09T06:52:33.726+0000] {logging_mixin.py:188} INFO - [2025-04-09T06:52:33.726+0000] {dag.py:3036} INFO - Sync 1 DAGs
[2025-04-09T06:52:33.774+0000] {logging_mixin.py:188} INFO - [2025-04-09T06:52:33.773+0000] {dag.py:3823} INFO - Setting next_dagrun for example_bash_operator to 2025-04-08 00:00:00+00:00, run_after=2025-04-09 00:00:00+00:00
[2025-04-09T06:52:33.851+0000] {processor.py:183} INFO - Processing /home/airflow/.local/lib/python3.8/site-packages/airflow/example_dags/example_bash_operator.py took 0.175 seconds
[2025-04-09T06:53:06.317+0000] {processor.py:161} INFO - Started process (PID=150) to work on /home/airflow/.local/lib/python3.8/site-packages/airflow/example_dags/example_bash_operator.py
[2025-04-09T06:53:06.344+0000] {processor.py:830} INFO - Processing file /home/airflow/.local/lib/python3.8/site-packages/airflow/example_dags/example_bash_operator.py for tasks to queue
[2025-04-09T06:53:06.346+0000] {logging_mixin.py:188} INFO - [2025-04-09T06:53:06.346+0000] {dagbag.py:538} INFO - Filling up the DagBag from /home/airflow/.local/lib/python3.8/site-packages/airflow/example_dags/example_bash_operator.py
[2025-04-09T06:53:06.357+0000] {processor.py:840} INFO - DAG(s) 'example_bash_operator' retrieved from /home/airflow/.local/lib/python3.8/site-packages/airflow/example_dags/example_bash_operator.py
[2025-04-09T06:53:06.472+0000] {logging_mixin.py:188} INFO - [2025-04-09T06:53:06.471+0000] {dag.py:3036} INFO - Sync 1 DAGs
[2025-04-09T06:53:06.494+0000] {logging_mixin.py:188} INFO - [2025-04-09T06:53:06.493+0000] {dag.py:3823} INFO - Setting next_dagrun for example_bash_operator to 2025-04-08 00:00:00+00:00, run_after=2025-04-09 00:00:00+00:00
[2025-04-09T06:53:06.573+0000] {processor.py:183} INFO - Processing /home/airflow/.local/lib/python3.8/site-packages/airflow/example_dags/example_bash_operator.py took 0.260 seconds
[2025-04-09T06:53:37.052+0000] {processor.py:161} INFO - Started process (PID=208) to work on /home/airflow/.local/lib/python3.8/site-packages/airflow/example_dags/example_bash_operator.py
[2025-04-09T06:53:37.070+0000] {processor.py:830} INFO - Processing file /home/airflow/.local/lib/python3.8/site-packages/airflow/example_dags/example_bash_operator.py for tasks to queue
[2025-04-09T06:53:37.072+0000] {logging_mixin.py:188} INFO - [2025-04-09T06:53:37.071+0000] {dagbag.py:538} INFO - Filling up the DagBag from /home/airflow/.local/lib/python3.8/site-packages/airflow/example_dags/example_bash_operator.py
[2025-04-09T06:53:37.084+0000] {processor.py:840} INFO - DAG(s) 'example_bash_operator' retrieved from /home/airflow/.local/lib/python3.8/site-packages/airflow/example_dags/example_bash_operator.py
[2025-04-09T06:53:37.116+0000] {logging_mixin.py:188} INFO - [2025-04-09T06:53:37.115+0000] {dag.py:3036} INFO - Sync 1 DAGs
[2025-04-09T06:53:37.140+0000] {logging_mixin.py:188} INFO - [2025-04-09T06:53:37.140+0000] {dag.py:3823} INFO - Setting next_dagrun for example_bash_operator to 2025-04-08 00:00:00+00:00, run_after=2025-04-09 00:00:00+00:00
[2025-04-09T06:53:37.187+0000] {processor.py:183} INFO - Processing /home/airflow/.local/lib/python3.8/site-packages/airflow/example_dags/example_bash_operator.py took 0.138 seconds
[2025-04-09T06:54:09.996+0000] {processor.py:161} INFO - Started process (PID=266) to work on /home/airflow/.local/lib/python3.8/site-packages/airflow/example_dags/example_bash_operator.py
[2025-04-09T06:54:10.272+0000] {processor.py:830} INFO - Processing file /home/airflow/.local/lib/python3.8/site-packages/airflow/example_dags/example_bash_operator.py for tasks to queue
[2025-04-09T06:54:10.274+0000] {logging_mixin.py:188} INFO - [2025-04-09T06:54:10.274+0000] {dagbag.py:538} INFO - Filling up the DagBag from /home/airflow/.local/lib/python3.8/site-packages/airflow/example_dags/example_bash_operator.py
[2025-04-09T06:54:10.295+0000] {processor.py:840} INFO - DAG(s) 'example_bash_operator' retrieved from /home/airflow/.local/lib/python3.8/site-packages/airflow/example_dags/example_bash_operator.py
[2025-04-09T06:54:10.333+0000] {logging_mixin.py:188} INFO - [2025-04-09T06:54:10.332+0000] {dag.py:3036} INFO - Sync 1 DAGs
[2025-04-09T06:54:10.361+0000] {logging_mixin.py:188} INFO - [2025-04-09T06:54:10.361+0000] {dag.py:3823} INFO - Setting next_dagrun for example_bash_operator to 2025-04-08 00:00:00+00:00, run_after=2025-04-09 00:00:00+00:00
[2025-04-09T06:54:10.584+0000] {processor.py:183} INFO - Processing /home/airflow/.local/lib/python3.8/site-packages/airflow/example_dags/example_bash_operator.py took 0.594 seconds
[2025-04-09T06:54:43.523+0000] {processor.py:161} INFO - Started process (PID=324) to work on /home/airflow/.local/lib/python3.8/site-packages/airflow/example_dags/example_bash_operator.py
[2025-04-09T06:54:43.525+0000] {processor.py:830} INFO - Processing file /home/airflow/.local/lib/python3.8/site-packages/airflow/example_dags/example_bash_operator.py for tasks to queue
[2025-04-09T06:54:43.528+0000] {logging_mixin.py:188} INFO - [2025-04-09T06:54:43.527+0000] {dagbag.py:538} INFO - Filling up the DagBag from /home/airflow/.local/lib/python3.8/site-packages/airflow/example_dags/example_bash_operator.py
[2025-04-09T06:54:43.543+0000] {processor.py:840} INFO - DAG(s) 'example_bash_operator' retrieved from /home/airflow/.local/lib/python3.8/site-packages/airflow/example_dags/example_bash_operator.py
[2025-04-09T06:54:43.582+0000] {logging_mixin.py:188} INFO - [2025-04-09T06:54:43.582+0000] {dag.py:3036} INFO - Sync 1 DAGs
[2025-04-09T06:54:43.605+0000] {logging_mixin.py:188} INFO - [2025-04-09T06:54:43.604+0000] {dag.py:3823} INFO - Setting next_dagrun for example_bash_operator to 2025-04-08 00:00:00+00:00, run_after=2025-04-09 00:00:00+00:00
[2025-04-09T06:54:43.656+0000] {processor.py:183} INFO - Processing /home/airflow/.local/lib/python3.8/site-packages/airflow/example_dags/example_bash_operator.py took 0.135 seconds
[2025-04-09T06:55:17.587+0000] {processor.py:161} INFO - Started process (PID=382) to work on /home/airflow/.local/lib/python3.8/site-packages/airflow/example_dags/example_bash_operator.py
[2025-04-09T06:55:17.588+0000] {processor.py:830} INFO - Processing file /home/airflow/.local/lib/python3.8/site-packages/airflow/example_dags/example_bash_operator.py for tasks to queue
[2025-04-09T06:55:17.591+0000] {logging_mixin.py:188} INFO - [2025-04-09T06:55:17.590+0000] {dagbag.py:538} INFO - Filling up the DagBag from /home/airflow/.local/lib/python3.8/site-packages/airflow/example_dags/example_bash_operator.py
[2025-04-09T06:55:17.602+0000] {processor.py:840} INFO - DAG(s) 'example_bash_operator' retrieved from /home/airflow/.local/lib/python3.8/site-packages/airflow/example_dags/example_bash_operator.py
[2025-04-09T06:55:17.636+0000] {logging_mixin.py:188} INFO - [2025-04-09T06:55:17.635+0000] {dag.py:3036} INFO - Sync 1 DAGs
[2025-04-09T06:55:17.659+0000] {logging_mixin.py:188} INFO - [2025-04-09T06:55:17.659+0000] {dag.py:3823} INFO - Setting next_dagrun for example_bash_operator to 2025-04-08 00:00:00+00:00, run_after=2025-04-09 00:00:00+00:00
[2025-04-09T06:55:17.711+0000] {processor.py:183} INFO - Processing /home/airflow/.local/lib/python3.8/site-packages/airflow/example_dags/example_bash_operator.py took 0.126 seconds
[2025-04-09T06:55:48.232+0000] {processor.py:161} INFO - Started process (PID=440) to work on /home/airflow/.local/lib/python3.8/site-packages/airflow/example_dags/example_bash_operator.py
[2025-04-09T06:55:48.259+0000] {processor.py:830} INFO - Processing file /home/airflow/.local/lib/python3.8/site-packages/airflow/example_dags/example_bash_operator.py for tasks to queue
[2025-04-09T06:55:48.261+0000] {logging_mixin.py:188} INFO - [2025-04-09T06:55:48.261+0000] {dagbag.py:538} INFO - Filling up the DagBag from /home/airflow/.local/lib/python3.8/site-packages/airflow/example_dags/example_bash_operator.py
[2025-04-09T06:55:48.278+0000] {processor.py:840} INFO - DAG(s) 'example_bash_operator' retrieved from /home/airflow/.local/lib/python3.8/site-packages/airflow/example_dags/example_bash_operator.py
[2025-04-09T06:55:48.321+0000] {logging_mixin.py:188} INFO - [2025-04-09T06:55:48.320+0000] {dag.py:3036} INFO - Sync 1 DAGs
[2025-04-09T06:55:48.352+0000] {logging_mixin.py:188} INFO - [2025-04-09T06:55:48.352+0000] {dag.py:3823} INFO - Setting next_dagrun for example_bash_operator to 2025-04-08 00:00:00+00:00, run_after=2025-04-09 00:00:00+00:00
[2025-04-09T06:55:48.400+0000] {processor.py:183} INFO - Processing /home/airflow/.local/lib/python3.8/site-packages/airflow/example_dags/example_bash_operator.py took 0.173 seconds
[2025-04-09T06:56:19.219+0000] {processor.py:161} INFO - Started process (PID=498) to work on /home/airflow/.local/lib/python3.8/site-packages/airflow/example_dags/example_bash_operator.py
[2025-04-09T06:56:19.220+0000] {processor.py:830} INFO - Processing file /home/airflow/.local/lib/python3.8/site-packages/airflow/example_dags/example_bash_operator.py for tasks to queue
[2025-04-09T06:56:19.222+0000] {logging_mixin.py:188} INFO - [2025-04-09T06:56:19.221+0000] {dagbag.py:538} INFO - Filling up the DagBag from /home/airflow/.local/lib/python3.8/site-packages/airflow/example_dags/example_bash_operator.py
[2025-04-09T06:56:19.234+0000] {processor.py:840} INFO - DAG(s) 'example_bash_operator' retrieved from /home/airflow/.local/lib/python3.8/site-packages/airflow/example_dags/example_bash_operator.py
[2025-04-09T06:56:19.269+0000] {logging_mixin.py:188} INFO - [2025-04-09T06:56:19.268+0000] {dag.py:3036} INFO - Sync 1 DAGs
[2025-04-09T06:56:19.294+0000] {logging_mixin.py:188} INFO - [2025-04-09T06:56:19.294+0000] {dag.py:3823} INFO - Setting next_dagrun for example_bash_operator to 2025-04-08 00:00:00+00:00, run_after=2025-04-09 00:00:00+00:00
[2025-04-09T06:56:19.346+0000] {processor.py:183} INFO - Processing /home/airflow/.local/lib/python3.8/site-packages/airflow/example_dags/example_bash_operator.py took 0.131 seconds
[2025-04-09T06:56:50.422+0000] {processor.py:161} INFO - Started process (PID=556) to work on /home/airflow/.local/lib/python3.8/site-packages/airflow/example_dags/example_bash_operator.py
[2025-04-09T06:56:50.424+0000] {processor.py:830} INFO - Processing file /home/airflow/.local/lib/python3.8/site-packages/airflow/example_dags/example_bash_operator.py for tasks to queue
[2025-04-09T06:56:50.427+0000] {logging_mixin.py:188} INFO - [2025-04-09T06:56:50.426+0000] {dagbag.py:538} INFO - Filling up the DagBag from /home/airflow/.local/lib/python3.8/site-packages/airflow/example_dags/example_bash_operator.py
[2025-04-09T06:56:50.450+0000] {processor.py:840} INFO - DAG(s) 'example_bash_operator' retrieved from /home/airflow/.local/lib/python3.8/site-packages/airflow/example_dags/example_bash_operator.py
[2025-04-09T06:56:50.509+0000] {logging_mixin.py:188} INFO - [2025-04-09T06:56:50.509+0000] {dag.py:3036} INFO - Sync 1 DAGs
[2025-04-09T06:56:50.550+0000] {logging_mixin.py:188} INFO - [2025-04-09T06:56:50.549+0000] {dag.py:3823} INFO - Setting next_dagrun for example_bash_operator to 2025-04-08 00:00:00+00:00, run_after=2025-04-09 00:00:00+00:00
[2025-04-09T06:56:50.758+0000] {processor.py:183} INFO - Processing /home/airflow/.local/lib/python3.8/site-packages/airflow/example_dags/example_bash_operator.py took 0.341 seconds
[2025-04-09T06:57:25.410+0000] {processor.py:161} INFO - Started process (PID=84) to work on /home/airflow/.local/lib/python3.8/site-packages/airflow/example_dags/example_bash_operator.py
[2025-04-09T06:57:25.411+0000] {processor.py:830} INFO - Processing file /home/airflow/.local/lib/python3.8/site-packages/airflow/example_dags/example_bash_operator.py for tasks to queue
[2025-04-09T06:57:25.413+0000] {logging_mixin.py:188} INFO - [2025-04-09T06:57:25.413+0000] {dagbag.py:538} INFO - Filling up the DagBag from /home/airflow/.local/lib/python3.8/site-packages/airflow/example_dags/example_bash_operator.py
[2025-04-09T06:57:25.425+0000] {processor.py:840} INFO - DAG(s) 'example_bash_operator' retrieved from /home/airflow/.local/lib/python3.8/site-packages/airflow/example_dags/example_bash_operator.py
[2025-04-09T06:57:25.461+0000] {logging_mixin.py:188} INFO - [2025-04-09T06:57:25.461+0000] {dag.py:3036} INFO - Sync 1 DAGs
[2025-04-09T06:57:25.494+0000] {logging_mixin.py:188} INFO - [2025-04-09T06:57:25.493+0000] {dag.py:3823} INFO - Setting next_dagrun for example_bash_operator to 2025-04-08 00:00:00+00:00, run_after=2025-04-09 00:00:00+00:00
[2025-04-09T06:57:25.545+0000] {processor.py:183} INFO - Processing /home/airflow/.local/lib/python3.8/site-packages/airflow/example_dags/example_bash_operator.py took 0.139 seconds
[2025-04-09T06:57:55.610+0000] {processor.py:161} INFO - Started process (PID=136) to work on /home/airflow/.local/lib/python3.8/site-packages/airflow/example_dags/example_bash_operator.py
[2025-04-09T06:57:55.611+0000] {processor.py:830} INFO - Processing file /home/airflow/.local/lib/python3.8/site-packages/airflow/example_dags/example_bash_operator.py for tasks to queue
[2025-04-09T06:57:55.613+0000] {logging_mixin.py:188} INFO - [2025-04-09T06:57:55.613+0000] {dagbag.py:538} INFO - Filling up the DagBag from /home/airflow/.local/lib/python3.8/site-packages/airflow/example_dags/example_bash_operator.py
[2025-04-09T06:57:55.624+0000] {processor.py:840} INFO - DAG(s) 'example_bash_operator' retrieved from /home/airflow/.local/lib/python3.8/site-packages/airflow/example_dags/example_bash_operator.py
[2025-04-09T06:57:55.655+0000] {logging_mixin.py:188} INFO - [2025-04-09T06:57:55.654+0000] {dag.py:3036} INFO - Sync 1 DAGs
[2025-04-09T06:57:55.677+0000] {logging_mixin.py:188} INFO - [2025-04-09T06:57:55.676+0000] {dag.py:3823} INFO - Setting next_dagrun for example_bash_operator to 2025-04-08 00:00:00+00:00, run_after=2025-04-09 00:00:00+00:00
[2025-04-09T06:57:55.728+0000] {processor.py:183} INFO - Processing /home/airflow/.local/lib/python3.8/site-packages/airflow/example_dags/example_bash_operator.py took 0.122 seconds
[2025-04-09T06:58:25.815+0000] {processor.py:161} INFO - Started process (PID=194) to work on /home/airflow/.local/lib/python3.8/site-packages/airflow/example_dags/example_bash_operator.py
[2025-04-09T06:58:25.820+0000] {processor.py:830} INFO - Processing file /home/airflow/.local/lib/python3.8/site-packages/airflow/example_dags/example_bash_operator.py for tasks to queue
[2025-04-09T06:58:25.822+0000] {logging_mixin.py:188} INFO - [2025-04-09T06:58:25.821+0000] {dagbag.py:538} INFO - Filling up the DagBag from /home/airflow/.local/lib/python3.8/site-packages/airflow/example_dags/example_bash_operator.py
[2025-04-09T06:58:25.834+0000] {processor.py:840} INFO - DAG(s) 'example_bash_operator' retrieved from /home/airflow/.local/lib/python3.8/site-packages/airflow/example_dags/example_bash_operator.py
[2025-04-09T06:58:25.863+0000] {logging_mixin.py:188} INFO - [2025-04-09T06:58:25.863+0000] {dag.py:3036} INFO - Sync 1 DAGs
[2025-04-09T06:58:25.885+0000] {logging_mixin.py:188} INFO - [2025-04-09T06:58:25.884+0000] {dag.py:3823} INFO - Setting next_dagrun for example_bash_operator to 2025-04-08 00:00:00+00:00, run_after=2025-04-09 00:00:00+00:00
[2025-04-09T06:58:25.932+0000] {processor.py:183} INFO - Processing /home/airflow/.local/lib/python3.8/site-packages/airflow/example_dags/example_bash_operator.py took 0.119 seconds
[2025-04-09T06:58:56.030+0000] {processor.py:161} INFO - Started process (PID=261) to work on /home/airflow/.local/lib/python3.8/site-packages/airflow/example_dags/example_bash_operator.py
[2025-04-09T06:58:56.030+0000] {processor.py:830} INFO - Processing file /home/airflow/.local/lib/python3.8/site-packages/airflow/example_dags/example_bash_operator.py for tasks to queue
[2025-04-09T06:58:56.032+0000] {logging_mixin.py:188} INFO - [2025-04-09T06:58:56.032+0000] {dagbag.py:538} INFO - Filling up the DagBag from /home/airflow/.local/lib/python3.8/site-packages/airflow/example_dags/example_bash_operator.py
[2025-04-09T06:58:56.045+0000] {processor.py:840} INFO - DAG(s) 'example_bash_operator' retrieved from /home/airflow/.local/lib/python3.8/site-packages/airflow/example_dags/example_bash_operator.py
[2025-04-09T06:58:56.076+0000] {logging_mixin.py:188} INFO - [2025-04-09T06:58:56.075+0000] {dag.py:3036} INFO - Sync 1 DAGs
[2025-04-09T06:58:56.100+0000] {logging_mixin.py:188} INFO - [2025-04-09T06:58:56.100+0000] {dag.py:3823} INFO - Setting next_dagrun for example_bash_operator to 2025-04-08 00:00:00+00:00, run_after=2025-04-09 00:00:00+00:00
[2025-04-09T06:58:56.181+0000] {processor.py:183} INFO - Processing /home/airflow/.local/lib/python3.8/site-packages/airflow/example_dags/example_bash_operator.py took 0.154 seconds
[2025-04-09T06:59:29.555+0000] {processor.py:161} INFO - Started process (PID=319) to work on /home/airflow/.local/lib/python3.8/site-packages/airflow/example_dags/example_bash_operator.py
[2025-04-09T06:59:29.556+0000] {processor.py:830} INFO - Processing file /home/airflow/.local/lib/python3.8/site-packages/airflow/example_dags/example_bash_operator.py for tasks to queue
[2025-04-09T06:59:29.558+0000] {logging_mixin.py:188} INFO - [2025-04-09T06:59:29.557+0000] {dagbag.py:538} INFO - Filling up the DagBag from /home/airflow/.local/lib/python3.8/site-packages/airflow/example_dags/example_bash_operator.py
[2025-04-09T06:59:29.570+0000] {processor.py:840} INFO - DAG(s) 'example_bash_operator' retrieved from /home/airflow/.local/lib/python3.8/site-packages/airflow/example_dags/example_bash_operator.py
[2025-04-09T06:59:29.605+0000] {logging_mixin.py:188} INFO - [2025-04-09T06:59:29.605+0000] {dag.py:3036} INFO - Sync 1 DAGs
[2025-04-09T06:59:29.630+0000] {logging_mixin.py:188} INFO - [2025-04-09T06:59:29.629+0000] {dag.py:3823} INFO - Setting next_dagrun for example_bash_operator to 2025-04-08 00:00:00+00:00, run_after=2025-04-09 00:00:00+00:00
[2025-04-09T06:59:29.707+0000] {processor.py:183} INFO - Processing /home/airflow/.local/lib/python3.8/site-packages/airflow/example_dags/example_bash_operator.py took 0.155 seconds
[2025-04-09T07:00:03.880+0000] {processor.py:161} INFO - Started process (PID=377) to work on /home/airflow/.local/lib/python3.8/site-packages/airflow/example_dags/example_bash_operator.py
[2025-04-09T07:00:03.881+0000] {processor.py:830} INFO - Processing file /home/airflow/.local/lib/python3.8/site-packages/airflow/example_dags/example_bash_operator.py for tasks to queue
[2025-04-09T07:00:03.882+0000] {logging_mixin.py:188} INFO - [2025-04-09T07:00:03.882+0000] {dagbag.py:538} INFO - Filling up the DagBag from /home/airflow/.local/lib/python3.8/site-packages/airflow/example_dags/example_bash_operator.py
[2025-04-09T07:00:03.894+0000] {processor.py:840} INFO - DAG(s) 'example_bash_operator' retrieved from /home/airflow/.local/lib/python3.8/site-packages/airflow/example_dags/example_bash_operator.py
[2025-04-09T07:00:03.924+0000] {logging_mixin.py:188} INFO - [2025-04-09T07:00:03.923+0000] {dag.py:3036} INFO - Sync 1 DAGs
[2025-04-09T07:00:03.948+0000] {logging_mixin.py:188} INFO - [2025-04-09T07:00:03.948+0000] {dag.py:3823} INFO - Setting next_dagrun for example_bash_operator to 2025-04-08 00:00:00+00:00, run_after=2025-04-09 00:00:00+00:00
[2025-04-09T07:00:03.999+0000] {processor.py:183} INFO - Processing /home/airflow/.local/lib/python3.8/site-packages/airflow/example_dags/example_bash_operator.py took 0.122 seconds
[2025-04-09T07:00:34.761+0000] {processor.py:161} INFO - Started process (PID=435) to work on /home/airflow/.local/lib/python3.8/site-packages/airflow/example_dags/example_bash_operator.py
[2025-04-09T07:00:34.763+0000] {processor.py:830} INFO - Processing file /home/airflow/.local/lib/python3.8/site-packages/airflow/example_dags/example_bash_operator.py for tasks to queue
[2025-04-09T07:00:34.764+0000] {logging_mixin.py:188} INFO - [2025-04-09T07:00:34.764+0000] {dagbag.py:538} INFO - Filling up the DagBag from /home/airflow/.local/lib/python3.8/site-packages/airflow/example_dags/example_bash_operator.py
[2025-04-09T07:00:34.775+0000] {processor.py:840} INFO - DAG(s) 'example_bash_operator' retrieved from /home/airflow/.local/lib/python3.8/site-packages/airflow/example_dags/example_bash_operator.py
[2025-04-09T07:00:34.809+0000] {logging_mixin.py:188} INFO - [2025-04-09T07:00:34.809+0000] {dag.py:3036} INFO - Sync 1 DAGs
[2025-04-09T07:00:34.834+0000] {logging_mixin.py:188} INFO - [2025-04-09T07:00:34.833+0000] {dag.py:3823} INFO - Setting next_dagrun for example_bash_operator to 2025-04-08 00:00:00+00:00, run_after=2025-04-09 00:00:00+00:00
[2025-04-09T07:00:34.888+0000] {processor.py:183} INFO - Processing /home/airflow/.local/lib/python3.8/site-packages/airflow/example_dags/example_bash_operator.py took 0.129 seconds
[2025-04-09T07:01:05.302+0000] {processor.py:161} INFO - Started process (PID=493) to work on /home/airflow/.local/lib/python3.8/site-packages/airflow/example_dags/example_bash_operator.py
[2025-04-09T07:01:05.303+0000] {processor.py:830} INFO - Processing file /home/airflow/.local/lib/python3.8/site-packages/airflow/example_dags/example_bash_operator.py for tasks to queue
[2025-04-09T07:01:05.305+0000] {logging_mixin.py:188} INFO - [2025-04-09T07:01:05.305+0000] {dagbag.py:538} INFO - Filling up the DagBag from /home/airflow/.local/lib/python3.8/site-packages/airflow/example_dags/example_bash_operator.py
[2025-04-09T07:01:05.317+0000] {processor.py:840} INFO - DAG(s) 'example_bash_operator' retrieved from /home/airflow/.local/lib/python3.8/site-packages/airflow/example_dags/example_bash_operator.py
[2025-04-09T07:01:05.354+0000] {logging_mixin.py:188} INFO - [2025-04-09T07:01:05.353+0000] {dag.py:3036} INFO - Sync 1 DAGs
[2025-04-09T07:01:05.388+0000] {logging_mixin.py:188} INFO - [2025-04-09T07:01:05.388+0000] {dag.py:3823} INFO - Setting next_dagrun for example_bash_operator to 2025-04-08 00:00:00+00:00, run_after=2025-04-09 00:00:00+00:00
[2025-04-09T07:01:05.443+0000] {processor.py:183} INFO - Processing /home/airflow/.local/lib/python3.8/site-packages/airflow/example_dags/example_bash_operator.py took 0.145 seconds
[2025-04-09T07:01:35.732+0000] {processor.py:161} INFO - Started process (PID=552) to work on /home/airflow/.local/lib/python3.8/site-packages/airflow/example_dags/example_bash_operator.py
[2025-04-09T07:01:35.759+0000] {processor.py:830} INFO - Processing file /home/airflow/.local/lib/python3.8/site-packages/airflow/example_dags/example_bash_operator.py for tasks to queue
[2025-04-09T07:01:35.762+0000] {logging_mixin.py:188} INFO - [2025-04-09T07:01:35.762+0000] {dagbag.py:538} INFO - Filling up the DagBag from /home/airflow/.local/lib/python3.8/site-packages/airflow/example_dags/example_bash_operator.py
[2025-04-09T07:01:35.775+0000] {processor.py:840} INFO - DAG(s) 'example_bash_operator' retrieved from /home/airflow/.local/lib/python3.8/site-packages/airflow/example_dags/example_bash_operator.py
[2025-04-09T07:01:35.809+0000] {logging_mixin.py:188} INFO - [2025-04-09T07:01:35.809+0000] {dag.py:3036} INFO - Sync 1 DAGs
[2025-04-09T07:01:35.836+0000] {logging_mixin.py:188} INFO - [2025-04-09T07:01:35.835+0000] {dag.py:3823} INFO - Setting next_dagrun for example_bash_operator to 2025-04-08 00:00:00+00:00, run_after=2025-04-09 00:00:00+00:00
[2025-04-09T07:01:35.877+0000] {processor.py:183} INFO - Processing /home/airflow/.local/lib/python3.8/site-packages/airflow/example_dags/example_bash_operator.py took 0.148 seconds
[2025-04-09T07:02:06.127+0000] {processor.py:161} INFO - Started process (PID=610) to work on /home/airflow/.local/lib/python3.8/site-packages/airflow/example_dags/example_bash_operator.py
[2025-04-09T07:02:06.129+0000] {processor.py:830} INFO - Processing file /home/airflow/.local/lib/python3.8/site-packages/airflow/example_dags/example_bash_operator.py for tasks to queue
[2025-04-09T07:02:06.130+0000] {logging_mixin.py:188} INFO - [2025-04-09T07:02:06.130+0000] {dagbag.py:538} INFO - Filling up the DagBag from /home/airflow/.local/lib/python3.8/site-packages/airflow/example_dags/example_bash_operator.py
[2025-04-09T07:02:06.144+0000] {processor.py:840} INFO - DAG(s) 'example_bash_operator' retrieved from /home/airflow/.local/lib/python3.8/site-packages/airflow/example_dags/example_bash_operator.py
[2025-04-09T07:02:06.180+0000] {logging_mixin.py:188} INFO - [2025-04-09T07:02:06.179+0000] {dag.py:3036} INFO - Sync 1 DAGs
[2025-04-09T07:02:06.206+0000] {logging_mixin.py:188} INFO - [2025-04-09T07:02:06.205+0000] {dag.py:3823} INFO - Setting next_dagrun for example_bash_operator to 2025-04-08 00:00:00+00:00, run_after=2025-04-09 00:00:00+00:00
[2025-04-09T07:02:06.287+0000] {processor.py:183} INFO - Processing /home/airflow/.local/lib/python3.8/site-packages/airflow/example_dags/example_bash_operator.py took 0.162 seconds
[2025-04-09T07:02:36.990+0000] {processor.py:161} INFO - Started process (PID=668) to work on /home/airflow/.local/lib/python3.8/site-packages/airflow/example_dags/example_bash_operator.py
[2025-04-09T07:02:37.004+0000] {processor.py:830} INFO - Processing file /home/airflow/.local/lib/python3.8/site-packages/airflow/example_dags/example_bash_operator.py for tasks to queue
[2025-04-09T07:02:37.007+0000] {logging_mixin.py:188} INFO - [2025-04-09T07:02:37.006+0000] {dagbag.py:538} INFO - Filling up the DagBag from /home/airflow/.local/lib/python3.8/site-packages/airflow/example_dags/example_bash_operator.py
[2025-04-09T07:02:37.022+0000] {processor.py:840} INFO - DAG(s) 'example_bash_operator' retrieved from /home/airflow/.local/lib/python3.8/site-packages/airflow/example_dags/example_bash_operator.py
[2025-04-09T07:02:37.054+0000] {logging_mixin.py:188} INFO - [2025-04-09T07:02:37.053+0000] {dag.py:3036} INFO - Sync 1 DAGs
[2025-04-09T07:02:37.077+0000] {logging_mixin.py:188} INFO - [2025-04-09T07:02:37.077+0000] {dag.py:3823} INFO - Setting next_dagrun for example_bash_operator to 2025-04-08 00:00:00+00:00, run_after=2025-04-09 00:00:00+00:00
[2025-04-09T07:02:37.124+0000] {processor.py:183} INFO - Processing /home/airflow/.local/lib/python3.8/site-packages/airflow/example_dags/example_bash_operator.py took 0.136 seconds
[2025-04-09T07:03:07.657+0000] {processor.py:161} INFO - Started process (PID=726) to work on /home/airflow/.local/lib/python3.8/site-packages/airflow/example_dags/example_bash_operator.py
[2025-04-09T07:03:07.671+0000] {processor.py:830} INFO - Processing file /home/airflow/.local/lib/python3.8/site-packages/airflow/example_dags/example_bash_operator.py for tasks to queue
[2025-04-09T07:03:07.673+0000] {logging_mixin.py:188} INFO - [2025-04-09T07:03:07.673+0000] {dagbag.py:538} INFO - Filling up the DagBag from /home/airflow/.local/lib/python3.8/site-packages/airflow/example_dags/example_bash_operator.py
[2025-04-09T07:03:07.687+0000] {processor.py:840} INFO - DAG(s) 'example_bash_operator' retrieved from /home/airflow/.local/lib/python3.8/site-packages/airflow/example_dags/example_bash_operator.py
[2025-04-09T07:03:07.723+0000] {logging_mixin.py:188} INFO - [2025-04-09T07:03:07.723+0000] {dag.py:3036} INFO - Sync 1 DAGs
[2025-04-09T07:03:07.751+0000] {logging_mixin.py:188} INFO - [2025-04-09T07:03:07.750+0000] {dag.py:3823} INFO - Setting next_dagrun for example_bash_operator to 2025-04-08 00:00:00+00:00, run_after=2025-04-09 00:00:00+00:00
[2025-04-09T07:03:07.801+0000] {processor.py:183} INFO - Processing /home/airflow/.local/lib/python3.8/site-packages/airflow/example_dags/example_bash_operator.py took 0.148 seconds
[2025-04-09T07:03:39.905+0000] {processor.py:161} INFO - Started process (PID=784) to work on /home/airflow/.local/lib/python3.8/site-packages/airflow/example_dags/example_bash_operator.py
[2025-04-09T07:03:39.911+0000] {processor.py:830} INFO - Processing file /home/airflow/.local/lib/python3.8/site-packages/airflow/example_dags/example_bash_operator.py for tasks to queue
[2025-04-09T07:03:39.912+0000] {logging_mixin.py:188} INFO - [2025-04-09T07:03:39.912+0000] {dagbag.py:538} INFO - Filling up the DagBag from /home/airflow/.local/lib/python3.8/site-packages/airflow/example_dags/example_bash_operator.py
[2025-04-09T07:03:39.923+0000] {processor.py:840} INFO - DAG(s) 'example_bash_operator' retrieved from /home/airflow/.local/lib/python3.8/site-packages/airflow/example_dags/example_bash_operator.py
[2025-04-09T07:03:39.953+0000] {logging_mixin.py:188} INFO - [2025-04-09T07:03:39.953+0000] {dag.py:3036} INFO - Sync 1 DAGs
[2025-04-09T07:03:39.976+0000] {logging_mixin.py:188} INFO - [2025-04-09T07:03:39.976+0000] {dag.py:3823} INFO - Setting next_dagrun for example_bash_operator to 2025-04-08 00:00:00+00:00, run_after=2025-04-09 00:00:00+00:00
[2025-04-09T07:03:40.022+0000] {processor.py:183} INFO - Processing /home/airflow/.local/lib/python3.8/site-packages/airflow/example_dags/example_bash_operator.py took 0.120 seconds
[2025-04-09T07:04:14.574+0000] {processor.py:161} INFO - Started process (PID=843) to work on /home/airflow/.local/lib/python3.8/site-packages/airflow/example_dags/example_bash_operator.py
[2025-04-09T07:04:14.594+0000] {processor.py:830} INFO - Processing file /home/airflow/.local/lib/python3.8/site-packages/airflow/example_dags/example_bash_operator.py for tasks to queue
[2025-04-09T07:04:14.596+0000] {logging_mixin.py:188} INFO - [2025-04-09T07:04:14.595+0000] {dagbag.py:538} INFO - Filling up the DagBag from /home/airflow/.local/lib/python3.8/site-packages/airflow/example_dags/example_bash_operator.py
[2025-04-09T07:04:14.607+0000] {processor.py:840} INFO - DAG(s) 'example_bash_operator' retrieved from /home/airflow/.local/lib/python3.8/site-packages/airflow/example_dags/example_bash_operator.py
[2025-04-09T07:04:14.639+0000] {logging_mixin.py:188} INFO - [2025-04-09T07:04:14.639+0000] {dag.py:3036} INFO - Sync 1 DAGs
[2025-04-09T07:04:14.669+0000] {logging_mixin.py:188} INFO - [2025-04-09T07:04:14.668+0000] {dag.py:3823} INFO - Setting next_dagrun for example_bash_operator to 2025-04-08 00:00:00+00:00, run_after=2025-04-09 00:00:00+00:00
[2025-04-09T07:04:14.713+0000] {processor.py:183} INFO - Processing /home/airflow/.local/lib/python3.8/site-packages/airflow/example_dags/example_bash_operator.py took 0.142 seconds
[2025-04-09T07:04:45.273+0000] {processor.py:161} INFO - Started process (PID=901) to work on /home/airflow/.local/lib/python3.8/site-packages/airflow/example_dags/example_bash_operator.py
[2025-04-09T07:04:45.274+0000] {processor.py:830} INFO - Processing file /home/airflow/.local/lib/python3.8/site-packages/airflow/example_dags/example_bash_operator.py for tasks to queue
[2025-04-09T07:04:45.275+0000] {logging_mixin.py:188} INFO - [2025-04-09T07:04:45.275+0000] {dagbag.py:538} INFO - Filling up the DagBag from /home/airflow/.local/lib/python3.8/site-packages/airflow/example_dags/example_bash_operator.py
[2025-04-09T07:04:45.287+0000] {processor.py:840} INFO - DAG(s) 'example_bash_operator' retrieved from /home/airflow/.local/lib/python3.8/site-packages/airflow/example_dags/example_bash_operator.py
[2025-04-09T07:04:45.320+0000] {logging_mixin.py:188} INFO - [2025-04-09T07:04:45.320+0000] {dag.py:3036} INFO - Sync 1 DAGs
[2025-04-09T07:04:45.343+0000] {logging_mixin.py:188} INFO - [2025-04-09T07:04:45.343+0000] {dag.py:3823} INFO - Setting next_dagrun for example_bash_operator to 2025-04-08 00:00:00+00:00, run_after=2025-04-09 00:00:00+00:00
[2025-04-09T07:04:45.394+0000] {processor.py:183} INFO - Processing /home/airflow/.local/lib/python3.8/site-packages/airflow/example_dags/example_bash_operator.py took 0.124 seconds
[2025-04-09T07:05:16.021+0000] {processor.py:161} INFO - Started process (PID=959) to work on /home/airflow/.local/lib/python3.8/site-packages/airflow/example_dags/example_bash_operator.py
[2025-04-09T07:05:16.035+0000] {processor.py:830} INFO - Processing file /home/airflow/.local/lib/python3.8/site-packages/airflow/example_dags/example_bash_operator.py for tasks to queue
[2025-04-09T07:05:16.037+0000] {logging_mixin.py:188} INFO - [2025-04-09T07:05:16.037+0000] {dagbag.py:538} INFO - Filling up the DagBag from /home/airflow/.local/lib/python3.8/site-packages/airflow/example_dags/example_bash_operator.py
[2025-04-09T07:05:16.053+0000] {processor.py:840} INFO - DAG(s) 'example_bash_operator' retrieved from /home/airflow/.local/lib/python3.8/site-packages/airflow/example_dags/example_bash_operator.py
[2025-04-09T07:05:16.091+0000] {logging_mixin.py:188} INFO - [2025-04-09T07:05:16.091+0000] {dag.py:3036} INFO - Sync 1 DAGs
[2025-04-09T07:05:16.120+0000] {logging_mixin.py:188} INFO - [2025-04-09T07:05:16.119+0000] {dag.py:3823} INFO - Setting next_dagrun for example_bash_operator to 2025-04-08 00:00:00+00:00, run_after=2025-04-09 00:00:00+00:00
[2025-04-09T07:05:16.168+0000] {processor.py:183} INFO - Processing /home/airflow/.local/lib/python3.8/site-packages/airflow/example_dags/example_bash_operator.py took 0.151 seconds
[2025-04-09T07:05:46.314+0000] {processor.py:161} INFO - Started process (PID=1017) to work on /home/airflow/.local/lib/python3.8/site-packages/airflow/example_dags/example_bash_operator.py
[2025-04-09T07:05:46.341+0000] {processor.py:830} INFO - Processing file /home/airflow/.local/lib/python3.8/site-packages/airflow/example_dags/example_bash_operator.py for tasks to queue
[2025-04-09T07:05:46.343+0000] {logging_mixin.py:188} INFO - [2025-04-09T07:05:46.343+0000] {dagbag.py:538} INFO - Filling up the DagBag from /home/airflow/.local/lib/python3.8/site-packages/airflow/example_dags/example_bash_operator.py
[2025-04-09T07:05:46.356+0000] {processor.py:840} INFO - DAG(s) 'example_bash_operator' retrieved from /home/airflow/.local/lib/python3.8/site-packages/airflow/example_dags/example_bash_operator.py
[2025-04-09T07:05:46.391+0000] {logging_mixin.py:188} INFO - [2025-04-09T07:05:46.390+0000] {dag.py:3036} INFO - Sync 1 DAGs
[2025-04-09T07:05:46.419+0000] {logging_mixin.py:188} INFO - [2025-04-09T07:05:46.418+0000] {dag.py:3823} INFO - Setting next_dagrun for example_bash_operator to 2025-04-08 00:00:00+00:00, run_after=2025-04-09 00:00:00+00:00
[2025-04-09T07:05:46.471+0000] {processor.py:183} INFO - Processing /home/airflow/.local/lib/python3.8/site-packages/airflow/example_dags/example_bash_operator.py took 0.160 seconds
[2025-04-09T07:06:16.806+0000] {processor.py:161} INFO - Started process (PID=1069) to work on /home/airflow/.local/lib/python3.8/site-packages/airflow/example_dags/example_bash_operator.py
[2025-04-09T07:06:16.821+0000] {processor.py:830} INFO - Processing file /home/airflow/.local/lib/python3.8/site-packages/airflow/example_dags/example_bash_operator.py for tasks to queue
[2025-04-09T07:06:16.824+0000] {logging_mixin.py:188} INFO - [2025-04-09T07:06:16.823+0000] {dagbag.py:538} INFO - Filling up the DagBag from /home/airflow/.local/lib/python3.8/site-packages/airflow/example_dags/example_bash_operator.py
[2025-04-09T07:06:16.838+0000] {processor.py:840} INFO - DAG(s) 'example_bash_operator' retrieved from /home/airflow/.local/lib/python3.8/site-packages/airflow/example_dags/example_bash_operator.py
[2025-04-09T07:06:16.875+0000] {logging_mixin.py:188} INFO - [2025-04-09T07:06:16.875+0000] {dag.py:3036} INFO - Sync 1 DAGs
[2025-04-09T07:06:16.903+0000] {logging_mixin.py:188} INFO - [2025-04-09T07:06:16.903+0000] {dag.py:3823} INFO - Setting next_dagrun for example_bash_operator to 2025-04-08 00:00:00+00:00, run_after=2025-04-09 00:00:00+00:00
[2025-04-09T07:06:16.950+0000] {processor.py:183} INFO - Processing /home/airflow/.local/lib/python3.8/site-packages/airflow/example_dags/example_bash_operator.py took 0.146 seconds
[2025-04-09T07:10:01.729+0000] {processor.py:161} INFO - Started process (PID=103) to work on /home/airflow/.local/lib/python3.8/site-packages/airflow/example_dags/example_bash_operator.py
[2025-04-09T07:10:01.730+0000] {processor.py:830} INFO - Processing file /home/airflow/.local/lib/python3.8/site-packages/airflow/example_dags/example_bash_operator.py for tasks to queue
[2025-04-09T07:10:01.732+0000] {logging_mixin.py:188} INFO - [2025-04-09T07:10:01.732+0000] {dagbag.py:538} INFO - Filling up the DagBag from /home/airflow/.local/lib/python3.8/site-packages/airflow/example_dags/example_bash_operator.py
[2025-04-09T07:10:01.750+0000] {processor.py:840} INFO - DAG(s) 'example_bash_operator' retrieved from /home/airflow/.local/lib/python3.8/site-packages/airflow/example_dags/example_bash_operator.py
[2025-04-09T07:10:01.911+0000] {logging_mixin.py:188} INFO - [2025-04-09T07:10:01.911+0000] {dag.py:3036} INFO - Sync 1 DAGs
[2025-04-09T07:10:01.965+0000] {logging_mixin.py:188} INFO - [2025-04-09T07:10:01.965+0000] {dag.py:3823} INFO - Setting next_dagrun for example_bash_operator to 2025-04-08 00:00:00+00:00, run_after=2025-04-09 00:00:00+00:00
[2025-04-09T07:10:02.030+0000] {processor.py:183} INFO - Processing /home/airflow/.local/lib/python3.8/site-packages/airflow/example_dags/example_bash_operator.py took 0.303 seconds
[2025-04-09T07:10:32.068+0000] {processor.py:161} INFO - Started process (PID=161) to work on /home/airflow/.local/lib/python3.8/site-packages/airflow/example_dags/example_bash_operator.py
[2025-04-09T07:10:32.069+0000] {processor.py:830} INFO - Processing file /home/airflow/.local/lib/python3.8/site-packages/airflow/example_dags/example_bash_operator.py for tasks to queue
[2025-04-09T07:10:32.071+0000] {logging_mixin.py:188} INFO - [2025-04-09T07:10:32.071+0000] {dagbag.py:538} INFO - Filling up the DagBag from /home/airflow/.local/lib/python3.8/site-packages/airflow/example_dags/example_bash_operator.py
[2025-04-09T07:10:32.094+0000] {processor.py:840} INFO - DAG(s) 'example_bash_operator' retrieved from /home/airflow/.local/lib/python3.8/site-packages/airflow/example_dags/example_bash_operator.py
[2025-04-09T07:10:32.148+0000] {logging_mixin.py:188} INFO - [2025-04-09T07:10:32.147+0000] {dag.py:3036} INFO - Sync 1 DAGs
[2025-04-09T07:10:32.204+0000] {logging_mixin.py:188} INFO - [2025-04-09T07:10:32.203+0000] {dag.py:3823} INFO - Setting next_dagrun for example_bash_operator to 2025-04-08 00:00:00+00:00, run_after=2025-04-09 00:00:00+00:00
[2025-04-09T07:10:32.355+0000] {processor.py:183} INFO - Processing /home/airflow/.local/lib/python3.8/site-packages/airflow/example_dags/example_bash_operator.py took 0.290 seconds
[2025-04-09T07:11:02.520+0000] {processor.py:161} INFO - Started process (PID=213) to work on /home/airflow/.local/lib/python3.8/site-packages/airflow/example_dags/example_bash_operator.py
[2025-04-09T07:11:02.521+0000] {processor.py:830} INFO - Processing file /home/airflow/.local/lib/python3.8/site-packages/airflow/example_dags/example_bash_operator.py for tasks to queue
[2025-04-09T07:11:02.523+0000] {logging_mixin.py:188} INFO - [2025-04-09T07:11:02.523+0000] {dagbag.py:538} INFO - Filling up the DagBag from /home/airflow/.local/lib/python3.8/site-packages/airflow/example_dags/example_bash_operator.py
[2025-04-09T07:11:02.536+0000] {processor.py:840} INFO - DAG(s) 'example_bash_operator' retrieved from /home/airflow/.local/lib/python3.8/site-packages/airflow/example_dags/example_bash_operator.py
[2025-04-09T07:11:02.570+0000] {logging_mixin.py:188} INFO - [2025-04-09T07:11:02.570+0000] {dag.py:3036} INFO - Sync 1 DAGs
[2025-04-09T07:11:02.595+0000] {logging_mixin.py:188} INFO - [2025-04-09T07:11:02.594+0000] {dag.py:3823} INFO - Setting next_dagrun for example_bash_operator to 2025-04-08 00:00:00+00:00, run_after=2025-04-09 00:00:00+00:00
[2025-04-09T07:11:02.656+0000] {processor.py:183} INFO - Processing /home/airflow/.local/lib/python3.8/site-packages/airflow/example_dags/example_bash_operator.py took 0.140 seconds
[2025-04-09T07:11:33.110+0000] {processor.py:161} INFO - Started process (PID=280) to work on /home/airflow/.local/lib/python3.8/site-packages/airflow/example_dags/example_bash_operator.py
[2025-04-09T07:11:33.111+0000] {processor.py:830} INFO - Processing file /home/airflow/.local/lib/python3.8/site-packages/airflow/example_dags/example_bash_operator.py for tasks to queue
[2025-04-09T07:11:33.114+0000] {logging_mixin.py:188} INFO - [2025-04-09T07:11:33.113+0000] {dagbag.py:538} INFO - Filling up the DagBag from /home/airflow/.local/lib/python3.8/site-packages/airflow/example_dags/example_bash_operator.py
[2025-04-09T07:11:33.132+0000] {processor.py:840} INFO - DAG(s) 'example_bash_operator' retrieved from /home/airflow/.local/lib/python3.8/site-packages/airflow/example_dags/example_bash_operator.py
[2025-04-09T07:11:33.178+0000] {logging_mixin.py:188} INFO - [2025-04-09T07:11:33.177+0000] {dag.py:3036} INFO - Sync 1 DAGs
[2025-04-09T07:11:33.212+0000] {logging_mixin.py:188} INFO - [2025-04-09T07:11:33.212+0000] {dag.py:3823} INFO - Setting next_dagrun for example_bash_operator to 2025-04-08 00:00:00+00:00, run_after=2025-04-09 00:00:00+00:00
[2025-04-09T07:11:33.309+0000] {processor.py:183} INFO - Processing /home/airflow/.local/lib/python3.8/site-packages/airflow/example_dags/example_bash_operator.py took 0.204 seconds
[2025-04-09T07:12:03.715+0000] {processor.py:161} INFO - Started process (PID=338) to work on /home/airflow/.local/lib/python3.8/site-packages/airflow/example_dags/example_bash_operator.py
[2025-04-09T07:12:03.735+0000] {processor.py:830} INFO - Processing file /home/airflow/.local/lib/python3.8/site-packages/airflow/example_dags/example_bash_operator.py for tasks to queue
[2025-04-09T07:12:03.736+0000] {logging_mixin.py:188} INFO - [2025-04-09T07:12:03.736+0000] {dagbag.py:538} INFO - Filling up the DagBag from /home/airflow/.local/lib/python3.8/site-packages/airflow/example_dags/example_bash_operator.py
[2025-04-09T07:12:03.748+0000] {processor.py:840} INFO - DAG(s) 'example_bash_operator' retrieved from /home/airflow/.local/lib/python3.8/site-packages/airflow/example_dags/example_bash_operator.py
[2025-04-09T07:12:03.777+0000] {logging_mixin.py:188} INFO - [2025-04-09T07:12:03.776+0000] {dag.py:3036} INFO - Sync 1 DAGs
[2025-04-09T07:12:03.800+0000] {logging_mixin.py:188} INFO - [2025-04-09T07:12:03.800+0000] {dag.py:3823} INFO - Setting next_dagrun for example_bash_operator to 2025-04-08 00:00:00+00:00, run_after=2025-04-09 00:00:00+00:00
[2025-04-09T07:12:03.852+0000] {processor.py:183} INFO - Processing /home/airflow/.local/lib/python3.8/site-packages/airflow/example_dags/example_bash_operator.py took 0.140 seconds
[2025-04-09T07:12:37.583+0000] {processor.py:161} INFO - Started process (PID=396) to work on /home/airflow/.local/lib/python3.8/site-packages/airflow/example_dags/example_bash_operator.py
[2025-04-09T07:12:37.599+0000] {processor.py:830} INFO - Processing file /home/airflow/.local/lib/python3.8/site-packages/airflow/example_dags/example_bash_operator.py for tasks to queue
[2025-04-09T07:12:37.603+0000] {logging_mixin.py:188} INFO - [2025-04-09T07:12:37.602+0000] {dagbag.py:538} INFO - Filling up the DagBag from /home/airflow/.local/lib/python3.8/site-packages/airflow/example_dags/example_bash_operator.py
[2025-04-09T07:12:37.617+0000] {processor.py:840} INFO - DAG(s) 'example_bash_operator' retrieved from /home/airflow/.local/lib/python3.8/site-packages/airflow/example_dags/example_bash_operator.py
[2025-04-09T07:12:37.648+0000] {logging_mixin.py:188} INFO - [2025-04-09T07:12:37.648+0000] {dag.py:3036} INFO - Sync 1 DAGs
[2025-04-09T07:12:37.673+0000] {logging_mixin.py:188} INFO - [2025-04-09T07:12:37.672+0000] {dag.py:3823} INFO - Setting next_dagrun for example_bash_operator to 2025-04-08 00:00:00+00:00, run_after=2025-04-09 00:00:00+00:00
[2025-04-09T07:12:37.726+0000] {processor.py:183} INFO - Processing /home/airflow/.local/lib/python3.8/site-packages/airflow/example_dags/example_bash_operator.py took 0.146 seconds
[2025-04-09T07:13:12.405+0000] {processor.py:161} INFO - Started process (PID=454) to work on /home/airflow/.local/lib/python3.8/site-packages/airflow/example_dags/example_bash_operator.py
[2025-04-09T07:13:12.408+0000] {processor.py:830} INFO - Processing file /home/airflow/.local/lib/python3.8/site-packages/airflow/example_dags/example_bash_operator.py for tasks to queue
[2025-04-09T07:13:12.410+0000] {logging_mixin.py:188} INFO - [2025-04-09T07:13:12.409+0000] {dagbag.py:538} INFO - Filling up the DagBag from /home/airflow/.local/lib/python3.8/site-packages/airflow/example_dags/example_bash_operator.py
[2025-04-09T07:13:12.421+0000] {processor.py:840} INFO - DAG(s) 'example_bash_operator' retrieved from /home/airflow/.local/lib/python3.8/site-packages/airflow/example_dags/example_bash_operator.py
[2025-04-09T07:13:12.451+0000] {logging_mixin.py:188} INFO - [2025-04-09T07:13:12.451+0000] {dag.py:3036} INFO - Sync 1 DAGs
[2025-04-09T07:13:12.472+0000] {logging_mixin.py:188} INFO - [2025-04-09T07:13:12.472+0000] {dag.py:3823} INFO - Setting next_dagrun for example_bash_operator to 2025-04-08 00:00:00+00:00, run_after=2025-04-09 00:00:00+00:00
[2025-04-09T07:13:12.556+0000] {processor.py:183} INFO - Processing /home/airflow/.local/lib/python3.8/site-packages/airflow/example_dags/example_bash_operator.py took 0.154 seconds
[2025-04-09T07:13:43.075+0000] {processor.py:161} INFO - Started process (PID=512) to work on /home/airflow/.local/lib/python3.8/site-packages/airflow/example_dags/example_bash_operator.py
[2025-04-09T07:13:43.076+0000] {processor.py:830} INFO - Processing file /home/airflow/.local/lib/python3.8/site-packages/airflow/example_dags/example_bash_operator.py for tasks to queue
[2025-04-09T07:13:43.078+0000] {logging_mixin.py:188} INFO - [2025-04-09T07:13:43.078+0000] {dagbag.py:538} INFO - Filling up the DagBag from /home/airflow/.local/lib/python3.8/site-packages/airflow/example_dags/example_bash_operator.py
[2025-04-09T07:13:43.092+0000] {processor.py:840} INFO - DAG(s) 'example_bash_operator' retrieved from /home/airflow/.local/lib/python3.8/site-packages/airflow/example_dags/example_bash_operator.py
[2025-04-09T07:13:43.124+0000] {logging_mixin.py:188} INFO - [2025-04-09T07:13:43.124+0000] {dag.py:3036} INFO - Sync 1 DAGs
[2025-04-09T07:13:43.150+0000] {logging_mixin.py:188} INFO - [2025-04-09T07:13:43.150+0000] {dag.py:3823} INFO - Setting next_dagrun for example_bash_operator to 2025-04-08 00:00:00+00:00, run_after=2025-04-09 00:00:00+00:00
[2025-04-09T07:13:43.221+0000] {processor.py:183} INFO - Processing /home/airflow/.local/lib/python3.8/site-packages/airflow/example_dags/example_bash_operator.py took 0.149 seconds
[2025-04-09T07:14:13.503+0000] {processor.py:161} INFO - Started process (PID=570) to work on /home/airflow/.local/lib/python3.8/site-packages/airflow/example_dags/example_bash_operator.py
[2025-04-09T07:14:13.504+0000] {processor.py:830} INFO - Processing file /home/airflow/.local/lib/python3.8/site-packages/airflow/example_dags/example_bash_operator.py for tasks to queue
[2025-04-09T07:14:13.506+0000] {logging_mixin.py:188} INFO - [2025-04-09T07:14:13.506+0000] {dagbag.py:538} INFO - Filling up the DagBag from /home/airflow/.local/lib/python3.8/site-packages/airflow/example_dags/example_bash_operator.py
[2025-04-09T07:14:13.519+0000] {processor.py:840} INFO - DAG(s) 'example_bash_operator' retrieved from /home/airflow/.local/lib/python3.8/site-packages/airflow/example_dags/example_bash_operator.py
[2025-04-09T07:14:13.558+0000] {logging_mixin.py:188} INFO - [2025-04-09T07:14:13.558+0000] {dag.py:3036} INFO - Sync 1 DAGs
[2025-04-09T07:14:13.582+0000] {logging_mixin.py:188} INFO - [2025-04-09T07:14:13.581+0000] {dag.py:3823} INFO - Setting next_dagrun for example_bash_operator to 2025-04-08 00:00:00+00:00, run_after=2025-04-09 00:00:00+00:00
[2025-04-09T07:14:13.646+0000] {processor.py:183} INFO - Processing /home/airflow/.local/lib/python3.8/site-packages/airflow/example_dags/example_bash_operator.py took 0.146 seconds
[2025-04-09T07:14:43.742+0000] {processor.py:161} INFO - Started process (PID=628) to work on /home/airflow/.local/lib/python3.8/site-packages/airflow/example_dags/example_bash_operator.py
[2025-04-09T07:14:43.743+0000] {processor.py:830} INFO - Processing file /home/airflow/.local/lib/python3.8/site-packages/airflow/example_dags/example_bash_operator.py for tasks to queue
[2025-04-09T07:14:43.745+0000] {logging_mixin.py:188} INFO - [2025-04-09T07:14:43.745+0000] {dagbag.py:538} INFO - Filling up the DagBag from /home/airflow/.local/lib/python3.8/site-packages/airflow/example_dags/example_bash_operator.py
[2025-04-09T07:14:43.762+0000] {processor.py:840} INFO - DAG(s) 'example_bash_operator' retrieved from /home/airflow/.local/lib/python3.8/site-packages/airflow/example_dags/example_bash_operator.py
[2025-04-09T07:14:43.801+0000] {logging_mixin.py:188} INFO - [2025-04-09T07:14:43.800+0000] {dag.py:3036} INFO - Sync 1 DAGs
[2025-04-09T07:14:43.828+0000] {logging_mixin.py:188} INFO - [2025-04-09T07:14:43.827+0000] {dag.py:3823} INFO - Setting next_dagrun for example_bash_operator to 2025-04-08 00:00:00+00:00, run_after=2025-04-09 00:00:00+00:00
[2025-04-09T07:14:43.882+0000] {processor.py:183} INFO - Processing /home/airflow/.local/lib/python3.8/site-packages/airflow/example_dags/example_bash_operator.py took 0.144 seconds
[2025-04-09T07:15:14.096+0000] {processor.py:161} INFO - Started process (PID=686) to work on /home/airflow/.local/lib/python3.8/site-packages/airflow/example_dags/example_bash_operator.py
[2025-04-09T07:15:14.122+0000] {processor.py:830} INFO - Processing file /home/airflow/.local/lib/python3.8/site-packages/airflow/example_dags/example_bash_operator.py for tasks to queue
[2025-04-09T07:15:14.124+0000] {logging_mixin.py:188} INFO - [2025-04-09T07:15:14.124+0000] {dagbag.py:538} INFO - Filling up the DagBag from /home/airflow/.local/lib/python3.8/site-packages/airflow/example_dags/example_bash_operator.py
[2025-04-09T07:15:14.137+0000] {processor.py:840} INFO - DAG(s) 'example_bash_operator' retrieved from /home/airflow/.local/lib/python3.8/site-packages/airflow/example_dags/example_bash_operator.py
[2025-04-09T07:15:14.175+0000] {logging_mixin.py:188} INFO - [2025-04-09T07:15:14.174+0000] {dag.py:3036} INFO - Sync 1 DAGs
[2025-04-09T07:15:14.205+0000] {logging_mixin.py:188} INFO - [2025-04-09T07:15:14.205+0000] {dag.py:3823} INFO - Setting next_dagrun for example_bash_operator to 2025-04-08 00:00:00+00:00, run_after=2025-04-09 00:00:00+00:00
[2025-04-09T07:15:14.269+0000] {processor.py:183} INFO - Processing /home/airflow/.local/lib/python3.8/site-packages/airflow/example_dags/example_bash_operator.py took 0.177 seconds
[2025-04-09T07:15:44.390+0000] {processor.py:161} INFO - Started process (PID=744) to work on /home/airflow/.local/lib/python3.8/site-packages/airflow/example_dags/example_bash_operator.py
[2025-04-09T07:15:44.391+0000] {processor.py:830} INFO - Processing file /home/airflow/.local/lib/python3.8/site-packages/airflow/example_dags/example_bash_operator.py for tasks to queue
[2025-04-09T07:15:44.393+0000] {logging_mixin.py:188} INFO - [2025-04-09T07:15:44.393+0000] {dagbag.py:538} INFO - Filling up the DagBag from /home/airflow/.local/lib/python3.8/site-packages/airflow/example_dags/example_bash_operator.py
[2025-04-09T07:15:44.408+0000] {processor.py:840} INFO - DAG(s) 'example_bash_operator' retrieved from /home/airflow/.local/lib/python3.8/site-packages/airflow/example_dags/example_bash_operator.py
[2025-04-09T07:15:44.440+0000] {logging_mixin.py:188} INFO - [2025-04-09T07:15:44.439+0000] {dag.py:3036} INFO - Sync 1 DAGs
[2025-04-09T07:15:44.469+0000] {logging_mixin.py:188} INFO - [2025-04-09T07:15:44.469+0000] {dag.py:3823} INFO - Setting next_dagrun for example_bash_operator to 2025-04-08 00:00:00+00:00, run_after=2025-04-09 00:00:00+00:00
[2025-04-09T07:15:44.532+0000] {processor.py:183} INFO - Processing /home/airflow/.local/lib/python3.8/site-packages/airflow/example_dags/example_bash_operator.py took 0.146 seconds
[2025-04-09T07:16:14.596+0000] {processor.py:161} INFO - Started process (PID=802) to work on /home/airflow/.local/lib/python3.8/site-packages/airflow/example_dags/example_bash_operator.py
[2025-04-09T07:16:14.597+0000] {processor.py:830} INFO - Processing file /home/airflow/.local/lib/python3.8/site-packages/airflow/example_dags/example_bash_operator.py for tasks to queue
[2025-04-09T07:16:14.598+0000] {logging_mixin.py:188} INFO - [2025-04-09T07:16:14.598+0000] {dagbag.py:538} INFO - Filling up the DagBag from /home/airflow/.local/lib/python3.8/site-packages/airflow/example_dags/example_bash_operator.py
[2025-04-09T07:16:14.609+0000] {processor.py:840} INFO - DAG(s) 'example_bash_operator' retrieved from /home/airflow/.local/lib/python3.8/site-packages/airflow/example_dags/example_bash_operator.py
[2025-04-09T07:16:14.641+0000] {logging_mixin.py:188} INFO - [2025-04-09T07:16:14.641+0000] {dag.py:3036} INFO - Sync 1 DAGs
[2025-04-09T07:16:14.662+0000] {logging_mixin.py:188} INFO - [2025-04-09T07:16:14.662+0000] {dag.py:3823} INFO - Setting next_dagrun for example_bash_operator to 2025-04-08 00:00:00+00:00, run_after=2025-04-09 00:00:00+00:00
[2025-04-09T07:16:14.754+0000] {processor.py:183} INFO - Processing /home/airflow/.local/lib/python3.8/site-packages/airflow/example_dags/example_bash_operator.py took 0.161 seconds
[2025-04-09T07:16:48.308+0000] {processor.py:161} INFO - Started process (PID=860) to work on /home/airflow/.local/lib/python3.8/site-packages/airflow/example_dags/example_bash_operator.py
[2025-04-09T07:16:48.309+0000] {processor.py:830} INFO - Processing file /home/airflow/.local/lib/python3.8/site-packages/airflow/example_dags/example_bash_operator.py for tasks to queue
[2025-04-09T07:16:48.311+0000] {logging_mixin.py:188} INFO - [2025-04-09T07:16:48.311+0000] {dagbag.py:538} INFO - Filling up the DagBag from /home/airflow/.local/lib/python3.8/site-packages/airflow/example_dags/example_bash_operator.py
[2025-04-09T07:16:48.329+0000] {processor.py:840} INFO - DAG(s) 'example_bash_operator' retrieved from /home/airflow/.local/lib/python3.8/site-packages/airflow/example_dags/example_bash_operator.py
[2025-04-09T07:16:48.368+0000] {logging_mixin.py:188} INFO - [2025-04-09T07:16:48.368+0000] {dag.py:3036} INFO - Sync 1 DAGs
[2025-04-09T07:16:48.398+0000] {logging_mixin.py:188} INFO - [2025-04-09T07:16:48.397+0000] {dag.py:3823} INFO - Setting next_dagrun for example_bash_operator to 2025-04-08 00:00:00+00:00, run_after=2025-04-09 00:00:00+00:00
[2025-04-09T07:16:48.458+0000] {processor.py:183} INFO - Processing /home/airflow/.local/lib/python3.8/site-packages/airflow/example_dags/example_bash_operator.py took 0.153 seconds
[2025-04-09T07:17:18.703+0000] {processor.py:161} INFO - Started process (PID=918) to work on /home/airflow/.local/lib/python3.8/site-packages/airflow/example_dags/example_bash_operator.py
[2025-04-09T07:17:18.707+0000] {processor.py:830} INFO - Processing file /home/airflow/.local/lib/python3.8/site-packages/airflow/example_dags/example_bash_operator.py for tasks to queue
[2025-04-09T07:17:18.709+0000] {logging_mixin.py:188} INFO - [2025-04-09T07:17:18.708+0000] {dagbag.py:538} INFO - Filling up the DagBag from /home/airflow/.local/lib/python3.8/site-packages/airflow/example_dags/example_bash_operator.py
[2025-04-09T07:17:18.723+0000] {processor.py:840} INFO - DAG(s) 'example_bash_operator' retrieved from /home/airflow/.local/lib/python3.8/site-packages/airflow/example_dags/example_bash_operator.py
[2025-04-09T07:17:18.760+0000] {logging_mixin.py:188} INFO - [2025-04-09T07:17:18.759+0000] {dag.py:3036} INFO - Sync 1 DAGs
[2025-04-09T07:17:18.791+0000] {logging_mixin.py:188} INFO - [2025-04-09T07:17:18.790+0000] {dag.py:3823} INFO - Setting next_dagrun for example_bash_operator to 2025-04-08 00:00:00+00:00, run_after=2025-04-09 00:00:00+00:00
[2025-04-09T07:17:18.848+0000] {processor.py:183} INFO - Processing /home/airflow/.local/lib/python3.8/site-packages/airflow/example_dags/example_bash_operator.py took 0.148 seconds
[2025-04-09T07:17:49.084+0000] {processor.py:161} INFO - Started process (PID=976) to work on /home/airflow/.local/lib/python3.8/site-packages/airflow/example_dags/example_bash_operator.py
[2025-04-09T07:17:49.085+0000] {processor.py:830} INFO - Processing file /home/airflow/.local/lib/python3.8/site-packages/airflow/example_dags/example_bash_operator.py for tasks to queue
[2025-04-09T07:17:49.087+0000] {logging_mixin.py:188} INFO - [2025-04-09T07:17:49.087+0000] {dagbag.py:538} INFO - Filling up the DagBag from /home/airflow/.local/lib/python3.8/site-packages/airflow/example_dags/example_bash_operator.py
[2025-04-09T07:17:49.104+0000] {processor.py:840} INFO - DAG(s) 'example_bash_operator' retrieved from /home/airflow/.local/lib/python3.8/site-packages/airflow/example_dags/example_bash_operator.py
[2025-04-09T07:17:49.136+0000] {logging_mixin.py:188} INFO - [2025-04-09T07:17:49.136+0000] {dag.py:3036} INFO - Sync 1 DAGs
[2025-04-09T07:17:49.163+0000] {logging_mixin.py:188} INFO - [2025-04-09T07:17:49.163+0000] {dag.py:3823} INFO - Setting next_dagrun for example_bash_operator to 2025-04-08 00:00:00+00:00, run_after=2025-04-09 00:00:00+00:00
[2025-04-09T07:17:49.209+0000] {processor.py:183} INFO - Processing /home/airflow/.local/lib/python3.8/site-packages/airflow/example_dags/example_bash_operator.py took 0.129 seconds
[2025-04-09T07:18:20.069+0000] {processor.py:161} INFO - Started process (PID=1034) to work on /home/airflow/.local/lib/python3.8/site-packages/airflow/example_dags/example_bash_operator.py
[2025-04-09T07:18:20.070+0000] {processor.py:830} INFO - Processing file /home/airflow/.local/lib/python3.8/site-packages/airflow/example_dags/example_bash_operator.py for tasks to queue
[2025-04-09T07:18:20.071+0000] {logging_mixin.py:188} INFO - [2025-04-09T07:18:20.071+0000] {dagbag.py:538} INFO - Filling up the DagBag from /home/airflow/.local/lib/python3.8/site-packages/airflow/example_dags/example_bash_operator.py
[2025-04-09T07:18:20.084+0000] {processor.py:840} INFO - DAG(s) 'example_bash_operator' retrieved from /home/airflow/.local/lib/python3.8/site-packages/airflow/example_dags/example_bash_operator.py
[2025-04-09T07:18:20.117+0000] {logging_mixin.py:188} INFO - [2025-04-09T07:18:20.116+0000] {dag.py:3036} INFO - Sync 1 DAGs
[2025-04-09T07:18:20.141+0000] {logging_mixin.py:188} INFO - [2025-04-09T07:18:20.141+0000] {dag.py:3823} INFO - Setting next_dagrun for example_bash_operator to 2025-04-08 00:00:00+00:00, run_after=2025-04-09 00:00:00+00:00
[2025-04-09T07:18:20.196+0000] {processor.py:183} INFO - Processing /home/airflow/.local/lib/python3.8/site-packages/airflow/example_dags/example_bash_operator.py took 0.130 seconds
[2025-04-09T07:18:50.499+0000] {processor.py:161} INFO - Started process (PID=1086) to work on /home/airflow/.local/lib/python3.8/site-packages/airflow/example_dags/example_bash_operator.py
[2025-04-09T07:18:50.500+0000] {processor.py:830} INFO - Processing file /home/airflow/.local/lib/python3.8/site-packages/airflow/example_dags/example_bash_operator.py for tasks to queue
[2025-04-09T07:18:50.502+0000] {logging_mixin.py:188} INFO - [2025-04-09T07:18:50.502+0000] {dagbag.py:538} INFO - Filling up the DagBag from /home/airflow/.local/lib/python3.8/site-packages/airflow/example_dags/example_bash_operator.py
[2025-04-09T07:18:50.517+0000] {processor.py:840} INFO - DAG(s) 'example_bash_operator' retrieved from /home/airflow/.local/lib/python3.8/site-packages/airflow/example_dags/example_bash_operator.py
[2025-04-09T07:18:50.559+0000] {logging_mixin.py:188} INFO - [2025-04-09T07:18:50.559+0000] {dag.py:3036} INFO - Sync 1 DAGs
[2025-04-09T07:18:50.589+0000] {logging_mixin.py:188} INFO - [2025-04-09T07:18:50.588+0000] {dag.py:3823} INFO - Setting next_dagrun for example_bash_operator to 2025-04-08 00:00:00+00:00, run_after=2025-04-09 00:00:00+00:00
[2025-04-09T07:18:50.644+0000] {processor.py:183} INFO - Processing /home/airflow/.local/lib/python3.8/site-packages/airflow/example_dags/example_bash_operator.py took 0.149 seconds
[2025-04-09T07:19:20.705+0000] {processor.py:161} INFO - Started process (PID=1144) to work on /home/airflow/.local/lib/python3.8/site-packages/airflow/example_dags/example_bash_operator.py
[2025-04-09T07:19:20.706+0000] {processor.py:830} INFO - Processing file /home/airflow/.local/lib/python3.8/site-packages/airflow/example_dags/example_bash_operator.py for tasks to queue
[2025-04-09T07:19:20.708+0000] {logging_mixin.py:188} INFO - [2025-04-09T07:19:20.708+0000] {dagbag.py:538} INFO - Filling up the DagBag from /home/airflow/.local/lib/python3.8/site-packages/airflow/example_dags/example_bash_operator.py
[2025-04-09T07:19:20.720+0000] {processor.py:840} INFO - DAG(s) 'example_bash_operator' retrieved from /home/airflow/.local/lib/python3.8/site-packages/airflow/example_dags/example_bash_operator.py
[2025-04-09T07:19:20.754+0000] {logging_mixin.py:188} INFO - [2025-04-09T07:19:20.753+0000] {dag.py:3036} INFO - Sync 1 DAGs
[2025-04-09T07:19:20.776+0000] {logging_mixin.py:188} INFO - [2025-04-09T07:19:20.776+0000] {dag.py:3823} INFO - Setting next_dagrun for example_bash_operator to 2025-04-08 00:00:00+00:00, run_after=2025-04-09 00:00:00+00:00
[2025-04-09T07:19:20.869+0000] {processor.py:183} INFO - Processing /home/airflow/.local/lib/python3.8/site-packages/airflow/example_dags/example_bash_operator.py took 0.166 seconds
[2025-04-09T07:19:51.067+0000] {processor.py:161} INFO - Started process (PID=1202) to work on /home/airflow/.local/lib/python3.8/site-packages/airflow/example_dags/example_bash_operator.py
[2025-04-09T07:19:51.069+0000] {processor.py:830} INFO - Processing file /home/airflow/.local/lib/python3.8/site-packages/airflow/example_dags/example_bash_operator.py for tasks to queue
[2025-04-09T07:19:51.070+0000] {logging_mixin.py:188} INFO - [2025-04-09T07:19:51.070+0000] {dagbag.py:538} INFO - Filling up the DagBag from /home/airflow/.local/lib/python3.8/site-packages/airflow/example_dags/example_bash_operator.py
[2025-04-09T07:19:51.081+0000] {processor.py:840} INFO - DAG(s) 'example_bash_operator' retrieved from /home/airflow/.local/lib/python3.8/site-packages/airflow/example_dags/example_bash_operator.py
[2025-04-09T07:19:51.114+0000] {logging_mixin.py:188} INFO - [2025-04-09T07:19:51.114+0000] {dag.py:3036} INFO - Sync 1 DAGs
[2025-04-09T07:19:51.139+0000] {logging_mixin.py:188} INFO - [2025-04-09T07:19:51.138+0000] {dag.py:3823} INFO - Setting next_dagrun for example_bash_operator to 2025-04-08 00:00:00+00:00, run_after=2025-04-09 00:00:00+00:00
[2025-04-09T07:19:51.186+0000] {processor.py:183} INFO - Processing /home/airflow/.local/lib/python3.8/site-packages/airflow/example_dags/example_bash_operator.py took 0.121 seconds
[2025-04-09T07:20:23.275+0000] {processor.py:161} INFO - Started process (PID=1260) to work on /home/airflow/.local/lib/python3.8/site-packages/airflow/example_dags/example_bash_operator.py
[2025-04-09T07:20:23.276+0000] {processor.py:830} INFO - Processing file /home/airflow/.local/lib/python3.8/site-packages/airflow/example_dags/example_bash_operator.py for tasks to queue
[2025-04-09T07:20:23.278+0000] {logging_mixin.py:188} INFO - [2025-04-09T07:20:23.278+0000] {dagbag.py:538} INFO - Filling up the DagBag from /home/airflow/.local/lib/python3.8/site-packages/airflow/example_dags/example_bash_operator.py
[2025-04-09T07:20:23.290+0000] {processor.py:840} INFO - DAG(s) 'example_bash_operator' retrieved from /home/airflow/.local/lib/python3.8/site-packages/airflow/example_dags/example_bash_operator.py
[2025-04-09T07:20:23.323+0000] {logging_mixin.py:188} INFO - [2025-04-09T07:20:23.322+0000] {dag.py:3036} INFO - Sync 1 DAGs
[2025-04-09T07:20:23.345+0000] {logging_mixin.py:188} INFO - [2025-04-09T07:20:23.345+0000] {dag.py:3823} INFO - Setting next_dagrun for example_bash_operator to 2025-04-08 00:00:00+00:00, run_after=2025-04-09 00:00:00+00:00
[2025-04-09T07:20:23.392+0000] {processor.py:183} INFO - Processing /home/airflow/.local/lib/python3.8/site-packages/airflow/example_dags/example_bash_operator.py took 0.121 seconds
[2025-04-09T07:20:57.550+0000] {processor.py:161} INFO - Started process (PID=1318) to work on /home/airflow/.local/lib/python3.8/site-packages/airflow/example_dags/example_bash_operator.py
[2025-04-09T07:20:57.561+0000] {processor.py:830} INFO - Processing file /home/airflow/.local/lib/python3.8/site-packages/airflow/example_dags/example_bash_operator.py for tasks to queue
[2025-04-09T07:20:57.563+0000] {logging_mixin.py:188} INFO - [2025-04-09T07:20:57.563+0000] {dagbag.py:538} INFO - Filling up the DagBag from /home/airflow/.local/lib/python3.8/site-packages/airflow/example_dags/example_bash_operator.py
[2025-04-09T07:20:57.577+0000] {processor.py:840} INFO - DAG(s) 'example_bash_operator' retrieved from /home/airflow/.local/lib/python3.8/site-packages/airflow/example_dags/example_bash_operator.py
[2025-04-09T07:20:57.611+0000] {logging_mixin.py:188} INFO - [2025-04-09T07:20:57.610+0000] {dag.py:3036} INFO - Sync 1 DAGs
[2025-04-09T07:20:57.634+0000] {logging_mixin.py:188} INFO - [2025-04-09T07:20:57.634+0000] {dag.py:3823} INFO - Setting next_dagrun for example_bash_operator to 2025-04-08 00:00:00+00:00, run_after=2025-04-09 00:00:00+00:00
[2025-04-09T07:20:57.694+0000] {processor.py:183} INFO - Processing /home/airflow/.local/lib/python3.8/site-packages/airflow/example_dags/example_bash_operator.py took 0.147 seconds
[2025-04-09T07:21:28.590+0000] {processor.py:161} INFO - Started process (PID=1376) to work on /home/airflow/.local/lib/python3.8/site-packages/airflow/example_dags/example_bash_operator.py
[2025-04-09T07:21:28.625+0000] {processor.py:830} INFO - Processing file /home/airflow/.local/lib/python3.8/site-packages/airflow/example_dags/example_bash_operator.py for tasks to queue
[2025-04-09T07:21:28.627+0000] {logging_mixin.py:188} INFO - [2025-04-09T07:21:28.627+0000] {dagbag.py:538} INFO - Filling up the DagBag from /home/airflow/.local/lib/python3.8/site-packages/airflow/example_dags/example_bash_operator.py
[2025-04-09T07:21:28.641+0000] {processor.py:840} INFO - DAG(s) 'example_bash_operator' retrieved from /home/airflow/.local/lib/python3.8/site-packages/airflow/example_dags/example_bash_operator.py
[2025-04-09T07:21:28.675+0000] {logging_mixin.py:188} INFO - [2025-04-09T07:21:28.674+0000] {dag.py:3036} INFO - Sync 1 DAGs
[2025-04-09T07:21:28.703+0000] {logging_mixin.py:188} INFO - [2025-04-09T07:21:28.703+0000] {dag.py:3823} INFO - Setting next_dagrun for example_bash_operator to 2025-04-08 00:00:00+00:00, run_after=2025-04-09 00:00:00+00:00
[2025-04-09T07:21:28.764+0000] {processor.py:183} INFO - Processing /home/airflow/.local/lib/python3.8/site-packages/airflow/example_dags/example_bash_operator.py took 0.178 seconds
[2025-04-09T07:21:59.138+0000] {processor.py:161} INFO - Started process (PID=1434) to work on /home/airflow/.local/lib/python3.8/site-packages/airflow/example_dags/example_bash_operator.py
[2025-04-09T07:21:59.155+0000] {processor.py:830} INFO - Processing file /home/airflow/.local/lib/python3.8/site-packages/airflow/example_dags/example_bash_operator.py for tasks to queue
[2025-04-09T07:21:59.157+0000] {logging_mixin.py:188} INFO - [2025-04-09T07:21:59.157+0000] {dagbag.py:538} INFO - Filling up the DagBag from /home/airflow/.local/lib/python3.8/site-packages/airflow/example_dags/example_bash_operator.py
[2025-04-09T07:21:59.171+0000] {processor.py:840} INFO - DAG(s) 'example_bash_operator' retrieved from /home/airflow/.local/lib/python3.8/site-packages/airflow/example_dags/example_bash_operator.py
[2025-04-09T07:21:59.208+0000] {logging_mixin.py:188} INFO - [2025-04-09T07:21:59.207+0000] {dag.py:3036} INFO - Sync 1 DAGs
[2025-04-09T07:21:59.240+0000] {logging_mixin.py:188} INFO - [2025-04-09T07:21:59.240+0000] {dag.py:3823} INFO - Setting next_dagrun for example_bash_operator to 2025-04-08 00:00:00+00:00, run_after=2025-04-09 00:00:00+00:00
[2025-04-09T07:21:59.307+0000] {processor.py:183} INFO - Processing /home/airflow/.local/lib/python3.8/site-packages/airflow/example_dags/example_bash_operator.py took 0.173 seconds
[2025-04-09T07:22:29.409+0000] {processor.py:161} INFO - Started process (PID=1493) to work on /home/airflow/.local/lib/python3.8/site-packages/airflow/example_dags/example_bash_operator.py
[2025-04-09T07:22:29.410+0000] {processor.py:830} INFO - Processing file /home/airflow/.local/lib/python3.8/site-packages/airflow/example_dags/example_bash_operator.py for tasks to queue
[2025-04-09T07:22:29.412+0000] {logging_mixin.py:188} INFO - [2025-04-09T07:22:29.412+0000] {dagbag.py:538} INFO - Filling up the DagBag from /home/airflow/.local/lib/python3.8/site-packages/airflow/example_dags/example_bash_operator.py
[2025-04-09T07:22:29.426+0000] {processor.py:840} INFO - DAG(s) 'example_bash_operator' retrieved from /home/airflow/.local/lib/python3.8/site-packages/airflow/example_dags/example_bash_operator.py
[2025-04-09T07:22:29.468+0000] {logging_mixin.py:188} INFO - [2025-04-09T07:22:29.467+0000] {dag.py:3036} INFO - Sync 1 DAGs
[2025-04-09T07:22:29.505+0000] {logging_mixin.py:188} INFO - [2025-04-09T07:22:29.504+0000] {dag.py:3823} INFO - Setting next_dagrun for example_bash_operator to 2025-04-08 00:00:00+00:00, run_after=2025-04-09 00:00:00+00:00
[2025-04-09T07:22:29.563+0000] {processor.py:183} INFO - Processing /home/airflow/.local/lib/python3.8/site-packages/airflow/example_dags/example_bash_operator.py took 0.158 seconds
[2025-04-09T07:22:59.975+0000] {processor.py:161} INFO - Started process (PID=1550) to work on /home/airflow/.local/lib/python3.8/site-packages/airflow/example_dags/example_bash_operator.py
[2025-04-09T07:22:59.976+0000] {processor.py:830} INFO - Processing file /home/airflow/.local/lib/python3.8/site-packages/airflow/example_dags/example_bash_operator.py for tasks to queue
[2025-04-09T07:22:59.978+0000] {logging_mixin.py:188} INFO - [2025-04-09T07:22:59.978+0000] {dagbag.py:538} INFO - Filling up the DagBag from /home/airflow/.local/lib/python3.8/site-packages/airflow/example_dags/example_bash_operator.py
[2025-04-09T07:22:59.993+0000] {processor.py:840} INFO - DAG(s) 'example_bash_operator' retrieved from /home/airflow/.local/lib/python3.8/site-packages/airflow/example_dags/example_bash_operator.py
[2025-04-09T07:23:00.033+0000] {logging_mixin.py:188} INFO - [2025-04-09T07:23:00.032+0000] {dag.py:3036} INFO - Sync 1 DAGs
[2025-04-09T07:23:00.064+0000] {logging_mixin.py:188} INFO - [2025-04-09T07:23:00.064+0000] {dag.py:3823} INFO - Setting next_dagrun for example_bash_operator to 2025-04-08 00:00:00+00:00, run_after=2025-04-09 00:00:00+00:00
[2025-04-09T07:23:00.145+0000] {processor.py:183} INFO - Processing /home/airflow/.local/lib/python3.8/site-packages/airflow/example_dags/example_bash_operator.py took 0.173 seconds
[2025-04-09T07:23:30.753+0000] {processor.py:161} INFO - Started process (PID=1608) to work on /home/airflow/.local/lib/python3.8/site-packages/airflow/example_dags/example_bash_operator.py
[2025-04-09T07:23:30.754+0000] {processor.py:830} INFO - Processing file /home/airflow/.local/lib/python3.8/site-packages/airflow/example_dags/example_bash_operator.py for tasks to queue
[2025-04-09T07:23:30.756+0000] {logging_mixin.py:188} INFO - [2025-04-09T07:23:30.756+0000] {dagbag.py:538} INFO - Filling up the DagBag from /home/airflow/.local/lib/python3.8/site-packages/airflow/example_dags/example_bash_operator.py
[2025-04-09T07:23:30.768+0000] {processor.py:840} INFO - DAG(s) 'example_bash_operator' retrieved from /home/airflow/.local/lib/python3.8/site-packages/airflow/example_dags/example_bash_operator.py
[2025-04-09T07:23:30.799+0000] {logging_mixin.py:188} INFO - [2025-04-09T07:23:30.799+0000] {dag.py:3036} INFO - Sync 1 DAGs
[2025-04-09T07:23:30.825+0000] {logging_mixin.py:188} INFO - [2025-04-09T07:23:30.824+0000] {dag.py:3823} INFO - Setting next_dagrun for example_bash_operator to 2025-04-08 00:00:00+00:00, run_after=2025-04-09 00:00:00+00:00
[2025-04-09T07:23:30.871+0000] {processor.py:183} INFO - Processing /home/airflow/.local/lib/python3.8/site-packages/airflow/example_dags/example_bash_operator.py took 0.121 seconds
[2025-04-09T07:24:01.430+0000] {processor.py:161} INFO - Started process (PID=1666) to work on /home/airflow/.local/lib/python3.8/site-packages/airflow/example_dags/example_bash_operator.py
[2025-04-09T07:24:01.447+0000] {processor.py:830} INFO - Processing file /home/airflow/.local/lib/python3.8/site-packages/airflow/example_dags/example_bash_operator.py for tasks to queue
[2025-04-09T07:24:01.449+0000] {logging_mixin.py:188} INFO - [2025-04-09T07:24:01.448+0000] {dagbag.py:538} INFO - Filling up the DagBag from /home/airflow/.local/lib/python3.8/site-packages/airflow/example_dags/example_bash_operator.py
[2025-04-09T07:24:01.462+0000] {processor.py:840} INFO - DAG(s) 'example_bash_operator' retrieved from /home/airflow/.local/lib/python3.8/site-packages/airflow/example_dags/example_bash_operator.py
[2025-04-09T07:24:01.492+0000] {logging_mixin.py:188} INFO - [2025-04-09T07:24:01.492+0000] {dag.py:3036} INFO - Sync 1 DAGs
[2025-04-09T07:24:01.522+0000] {logging_mixin.py:188} INFO - [2025-04-09T07:24:01.522+0000] {dag.py:3823} INFO - Setting next_dagrun for example_bash_operator to 2025-04-08 00:00:00+00:00, run_after=2025-04-09 00:00:00+00:00
[2025-04-09T07:24:01.587+0000] {processor.py:183} INFO - Processing /home/airflow/.local/lib/python3.8/site-packages/airflow/example_dags/example_bash_operator.py took 0.160 seconds
[2025-04-09T07:24:32.980+0000] {processor.py:161} INFO - Started process (PID=1724) to work on /home/airflow/.local/lib/python3.8/site-packages/airflow/example_dags/example_bash_operator.py
[2025-04-09T07:24:32.993+0000] {processor.py:830} INFO - Processing file /home/airflow/.local/lib/python3.8/site-packages/airflow/example_dags/example_bash_operator.py for tasks to queue
[2025-04-09T07:24:32.996+0000] {logging_mixin.py:188} INFO - [2025-04-09T07:24:32.996+0000] {dagbag.py:538} INFO - Filling up the DagBag from /home/airflow/.local/lib/python3.8/site-packages/airflow/example_dags/example_bash_operator.py
[2025-04-09T07:24:33.009+0000] {processor.py:840} INFO - DAG(s) 'example_bash_operator' retrieved from /home/airflow/.local/lib/python3.8/site-packages/airflow/example_dags/example_bash_operator.py
[2025-04-09T07:24:33.041+0000] {logging_mixin.py:188} INFO - [2025-04-09T07:24:33.040+0000] {dag.py:3036} INFO - Sync 1 DAGs
[2025-04-09T07:24:33.067+0000] {logging_mixin.py:188} INFO - [2025-04-09T07:24:33.066+0000] {dag.py:3823} INFO - Setting next_dagrun for example_bash_operator to 2025-04-08 00:00:00+00:00, run_after=2025-04-09 00:00:00+00:00
[2025-04-09T07:24:33.149+0000] {processor.py:183} INFO - Processing /home/airflow/.local/lib/python3.8/site-packages/airflow/example_dags/example_bash_operator.py took 0.171 seconds
[2025-04-09T07:25:03.294+0000] {processor.py:161} INFO - Started process (PID=1782) to work on /home/airflow/.local/lib/python3.8/site-packages/airflow/example_dags/example_bash_operator.py
[2025-04-09T07:25:03.294+0000] {processor.py:830} INFO - Processing file /home/airflow/.local/lib/python3.8/site-packages/airflow/example_dags/example_bash_operator.py for tasks to queue
[2025-04-09T07:25:03.296+0000] {logging_mixin.py:188} INFO - [2025-04-09T07:25:03.296+0000] {dagbag.py:538} INFO - Filling up the DagBag from /home/airflow/.local/lib/python3.8/site-packages/airflow/example_dags/example_bash_operator.py
[2025-04-09T07:25:03.307+0000] {processor.py:840} INFO - DAG(s) 'example_bash_operator' retrieved from /home/airflow/.local/lib/python3.8/site-packages/airflow/example_dags/example_bash_operator.py
[2025-04-09T07:25:03.337+0000] {logging_mixin.py:188} INFO - [2025-04-09T07:25:03.336+0000] {dag.py:3036} INFO - Sync 1 DAGs
[2025-04-09T07:25:03.361+0000] {logging_mixin.py:188} INFO - [2025-04-09T07:25:03.360+0000] {dag.py:3823} INFO - Setting next_dagrun for example_bash_operator to 2025-04-08 00:00:00+00:00, run_after=2025-04-09 00:00:00+00:00
[2025-04-09T07:25:03.409+0000] {processor.py:183} INFO - Processing /home/airflow/.local/lib/python3.8/site-packages/airflow/example_dags/example_bash_operator.py took 0.119 seconds
[2025-04-09T07:25:33.630+0000] {processor.py:161} INFO - Started process (PID=1840) to work on /home/airflow/.local/lib/python3.8/site-packages/airflow/example_dags/example_bash_operator.py
[2025-04-09T07:25:33.631+0000] {processor.py:830} INFO - Processing file /home/airflow/.local/lib/python3.8/site-packages/airflow/example_dags/example_bash_operator.py for tasks to queue
[2025-04-09T07:25:33.633+0000] {logging_mixin.py:188} INFO - [2025-04-09T07:25:33.633+0000] {dagbag.py:538} INFO - Filling up the DagBag from /home/airflow/.local/lib/python3.8/site-packages/airflow/example_dags/example_bash_operator.py
[2025-04-09T07:25:33.648+0000] {processor.py:840} INFO - DAG(s) 'example_bash_operator' retrieved from /home/airflow/.local/lib/python3.8/site-packages/airflow/example_dags/example_bash_operator.py
[2025-04-09T07:25:33.680+0000] {logging_mixin.py:188} INFO - [2025-04-09T07:25:33.680+0000] {dag.py:3036} INFO - Sync 1 DAGs
[2025-04-09T07:25:33.705+0000] {logging_mixin.py:188} INFO - [2025-04-09T07:25:33.704+0000] {dag.py:3823} INFO - Setting next_dagrun for example_bash_operator to 2025-04-08 00:00:00+00:00, run_after=2025-04-09 00:00:00+00:00
[2025-04-09T07:25:33.752+0000] {processor.py:183} INFO - Processing /home/airflow/.local/lib/python3.8/site-packages/airflow/example_dags/example_bash_operator.py took 0.127 seconds
