[2025-04-09T06:43:09.095+0000] {processor.py:161} INFO - Started process (PID=776) to work on /home/airflow/.local/lib/python3.8/site-packages/airflow/example_dags/example_sla_dag.py
[2025-04-09T06:43:09.095+0000] {processor.py:830} INFO - Processing file /home/airflow/.local/lib/python3.8/site-packages/airflow/example_dags/example_sla_dag.py for tasks to queue
[2025-04-09T06:43:09.097+0000] {logging_mixin.py:188} INFO - [2025-04-09T06:43:09.097+0000] {dagbag.py:538} INFO - Filling up the DagBag from /home/airflow/.local/lib/python3.8/site-packages/airflow/example_dags/example_sla_dag.py
[2025-04-09T06:43:09.108+0000] {processor.py:840} INFO - DAG(s) 'example_sla_dag' retrieved from /home/airflow/.local/lib/python3.8/site-packages/airflow/example_dags/example_sla_dag.py
[2025-04-09T06:43:09.220+0000] {logging_mixin.py:188} INFO - [2025-04-09T06:43:09.220+0000] {dag.py:3036} INFO - Sync 1 DAGs
[2025-04-09T06:43:09.242+0000] {logging_mixin.py:188} INFO - [2025-04-09T06:43:09.242+0000] {dag.py:3823} INFO - Setting next_dagrun for example_sla_dag to 2025-04-09 06:40:00+00:00, run_after=2025-04-09 06:42:00+00:00
[2025-04-09T06:43:09.297+0000] {processor.py:183} INFO - Processing /home/airflow/.local/lib/python3.8/site-packages/airflow/example_dags/example_sla_dag.py took 0.206 seconds
[2025-04-09T06:44:56.949+0000] {processor.py:161} INFO - Started process (PID=92) to work on /home/airflow/.local/lib/python3.8/site-packages/airflow/example_dags/example_sla_dag.py
[2025-04-09T06:44:56.951+0000] {processor.py:830} INFO - Processing file /home/airflow/.local/lib/python3.8/site-packages/airflow/example_dags/example_sla_dag.py for tasks to queue
[2025-04-09T06:44:56.954+0000] {logging_mixin.py:188} INFO - [2025-04-09T06:44:56.953+0000] {dagbag.py:538} INFO - Filling up the DagBag from /home/airflow/.local/lib/python3.8/site-packages/airflow/example_dags/example_sla_dag.py
[2025-04-09T06:44:56.969+0000] {processor.py:840} INFO - DAG(s) 'example_sla_dag' retrieved from /home/airflow/.local/lib/python3.8/site-packages/airflow/example_dags/example_sla_dag.py
[2025-04-09T06:44:57.152+0000] {logging_mixin.py:188} INFO - [2025-04-09T06:44:57.152+0000] {dag.py:3036} INFO - Sync 1 DAGs
[2025-04-09T06:44:57.193+0000] {logging_mixin.py:188} INFO - [2025-04-09T06:44:57.193+0000] {dag.py:3823} INFO - Setting next_dagrun for example_sla_dag to 2025-04-09 06:42:00+00:00, run_after=2025-04-09 06:44:00+00:00
[2025-04-09T06:44:57.266+0000] {processor.py:183} INFO - Processing /home/airflow/.local/lib/python3.8/site-packages/airflow/example_dags/example_sla_dag.py took 0.322 seconds
[2025-04-09T06:45:24.916+0000] {processor.py:161} INFO - Started process (PID=74) to work on /home/airflow/.local/lib/python3.8/site-packages/airflow/example_dags/example_sla_dag.py
[2025-04-09T06:45:24.917+0000] {processor.py:830} INFO - Processing file /home/airflow/.local/lib/python3.8/site-packages/airflow/example_dags/example_sla_dag.py for tasks to queue
[2025-04-09T06:45:24.919+0000] {logging_mixin.py:188} INFO - [2025-04-09T06:45:24.918+0000] {dagbag.py:538} INFO - Filling up the DagBag from /home/airflow/.local/lib/python3.8/site-packages/airflow/example_dags/example_sla_dag.py
[2025-04-09T06:45:24.927+0000] {processor.py:840} INFO - DAG(s) 'example_sla_dag' retrieved from /home/airflow/.local/lib/python3.8/site-packages/airflow/example_dags/example_sla_dag.py
[2025-04-09T06:45:24.940+0000] {logging_mixin.py:188} INFO - [2025-04-09T06:45:24.940+0000] {dag.py:3036} INFO - Sync 1 DAGs
[2025-04-09T06:45:24.970+0000] {logging_mixin.py:188} INFO - [2025-04-09T06:45:24.970+0000] {dag.py:3823} INFO - Setting next_dagrun for example_sla_dag to 2025-04-09 06:42:00+00:00, run_after=2025-04-09 06:44:00+00:00
[2025-04-09T06:45:25.024+0000] {processor.py:183} INFO - Processing /home/airflow/.local/lib/python3.8/site-packages/airflow/example_dags/example_sla_dag.py took 0.111 seconds
[2025-04-09T06:45:55.414+0000] {processor.py:161} INFO - Started process (PID=132) to work on /home/airflow/.local/lib/python3.8/site-packages/airflow/example_dags/example_sla_dag.py
[2025-04-09T06:45:55.415+0000] {processor.py:830} INFO - Processing file /home/airflow/.local/lib/python3.8/site-packages/airflow/example_dags/example_sla_dag.py for tasks to queue
[2025-04-09T06:45:55.417+0000] {logging_mixin.py:188} INFO - [2025-04-09T06:45:55.416+0000] {dagbag.py:538} INFO - Filling up the DagBag from /home/airflow/.local/lib/python3.8/site-packages/airflow/example_dags/example_sla_dag.py
[2025-04-09T06:45:55.424+0000] {processor.py:840} INFO - DAG(s) 'example_sla_dag' retrieved from /home/airflow/.local/lib/python3.8/site-packages/airflow/example_dags/example_sla_dag.py
[2025-04-09T06:45:55.445+0000] {logging_mixin.py:188} INFO - [2025-04-09T06:45:55.445+0000] {dag.py:3036} INFO - Sync 1 DAGs
[2025-04-09T06:45:55.472+0000] {logging_mixin.py:188} INFO - [2025-04-09T06:45:55.472+0000] {dag.py:3823} INFO - Setting next_dagrun for example_sla_dag to 2025-04-09 06:42:00+00:00, run_after=2025-04-09 06:44:00+00:00
[2025-04-09T06:45:55.526+0000] {processor.py:183} INFO - Processing /home/airflow/.local/lib/python3.8/site-packages/airflow/example_dags/example_sla_dag.py took 0.115 seconds
[2025-04-09T06:46:26.177+0000] {processor.py:161} INFO - Started process (PID=190) to work on /home/airflow/.local/lib/python3.8/site-packages/airflow/example_dags/example_sla_dag.py
[2025-04-09T06:46:26.190+0000] {processor.py:830} INFO - Processing file /home/airflow/.local/lib/python3.8/site-packages/airflow/example_dags/example_sla_dag.py for tasks to queue
[2025-04-09T06:46:26.192+0000] {logging_mixin.py:188} INFO - [2025-04-09T06:46:26.192+0000] {dagbag.py:538} INFO - Filling up the DagBag from /home/airflow/.local/lib/python3.8/site-packages/airflow/example_dags/example_sla_dag.py
[2025-04-09T06:46:26.202+0000] {processor.py:840} INFO - DAG(s) 'example_sla_dag' retrieved from /home/airflow/.local/lib/python3.8/site-packages/airflow/example_dags/example_sla_dag.py
[2025-04-09T06:46:26.227+0000] {logging_mixin.py:188} INFO - [2025-04-09T06:46:26.227+0000] {dag.py:3036} INFO - Sync 1 DAGs
[2025-04-09T06:46:26.255+0000] {logging_mixin.py:188} INFO - [2025-04-09T06:46:26.255+0000] {dag.py:3823} INFO - Setting next_dagrun for example_sla_dag to 2025-04-09 06:44:00+00:00, run_after=2025-04-09 06:46:00+00:00
[2025-04-09T06:46:26.298+0000] {processor.py:183} INFO - Processing /home/airflow/.local/lib/python3.8/site-packages/airflow/example_dags/example_sla_dag.py took 0.124 seconds
[2025-04-09T06:46:57.737+0000] {processor.py:161} INFO - Started process (PID=248) to work on /home/airflow/.local/lib/python3.8/site-packages/airflow/example_dags/example_sla_dag.py
[2025-04-09T06:46:57.738+0000] {processor.py:830} INFO - Processing file /home/airflow/.local/lib/python3.8/site-packages/airflow/example_dags/example_sla_dag.py for tasks to queue
[2025-04-09T06:46:57.740+0000] {logging_mixin.py:188} INFO - [2025-04-09T06:46:57.740+0000] {dagbag.py:538} INFO - Filling up the DagBag from /home/airflow/.local/lib/python3.8/site-packages/airflow/example_dags/example_sla_dag.py
[2025-04-09T06:46:57.747+0000] {processor.py:840} INFO - DAG(s) 'example_sla_dag' retrieved from /home/airflow/.local/lib/python3.8/site-packages/airflow/example_dags/example_sla_dag.py
[2025-04-09T06:46:57.769+0000] {logging_mixin.py:188} INFO - [2025-04-09T06:46:57.769+0000] {dag.py:3036} INFO - Sync 1 DAGs
[2025-04-09T06:46:57.800+0000] {logging_mixin.py:188} INFO - [2025-04-09T06:46:57.800+0000] {dag.py:3823} INFO - Setting next_dagrun for example_sla_dag to 2025-04-09 06:44:00+00:00, run_after=2025-04-09 06:46:00+00:00
[2025-04-09T06:46:57.854+0000] {processor.py:183} INFO - Processing /home/airflow/.local/lib/python3.8/site-packages/airflow/example_dags/example_sla_dag.py took 0.122 seconds
[2025-04-09T06:47:32.364+0000] {processor.py:161} INFO - Started process (PID=306) to work on /home/airflow/.local/lib/python3.8/site-packages/airflow/example_dags/example_sla_dag.py
[2025-04-09T06:47:32.365+0000] {processor.py:830} INFO - Processing file /home/airflow/.local/lib/python3.8/site-packages/airflow/example_dags/example_sla_dag.py for tasks to queue
[2025-04-09T06:47:32.366+0000] {logging_mixin.py:188} INFO - [2025-04-09T06:47:32.366+0000] {dagbag.py:538} INFO - Filling up the DagBag from /home/airflow/.local/lib/python3.8/site-packages/airflow/example_dags/example_sla_dag.py
[2025-04-09T06:47:32.374+0000] {processor.py:840} INFO - DAG(s) 'example_sla_dag' retrieved from /home/airflow/.local/lib/python3.8/site-packages/airflow/example_dags/example_sla_dag.py
[2025-04-09T06:47:32.395+0000] {logging_mixin.py:188} INFO - [2025-04-09T06:47:32.395+0000] {dag.py:3036} INFO - Sync 1 DAGs
[2025-04-09T06:47:32.422+0000] {logging_mixin.py:188} INFO - [2025-04-09T06:47:32.422+0000] {dag.py:3823} INFO - Setting next_dagrun for example_sla_dag to 2025-04-09 06:44:00+00:00, run_after=2025-04-09 06:46:00+00:00
[2025-04-09T06:47:32.483+0000] {processor.py:183} INFO - Processing /home/airflow/.local/lib/python3.8/site-packages/airflow/example_dags/example_sla_dag.py took 0.123 seconds
[2025-04-09T06:48:07.041+0000] {processor.py:161} INFO - Started process (PID=364) to work on /home/airflow/.local/lib/python3.8/site-packages/airflow/example_dags/example_sla_dag.py
[2025-04-09T06:48:07.043+0000] {processor.py:830} INFO - Processing file /home/airflow/.local/lib/python3.8/site-packages/airflow/example_dags/example_sla_dag.py for tasks to queue
[2025-04-09T06:48:07.044+0000] {logging_mixin.py:188} INFO - [2025-04-09T06:48:07.044+0000] {dagbag.py:538} INFO - Filling up the DagBag from /home/airflow/.local/lib/python3.8/site-packages/airflow/example_dags/example_sla_dag.py
[2025-04-09T06:48:07.053+0000] {processor.py:840} INFO - DAG(s) 'example_sla_dag' retrieved from /home/airflow/.local/lib/python3.8/site-packages/airflow/example_dags/example_sla_dag.py
[2025-04-09T06:48:07.081+0000] {logging_mixin.py:188} INFO - [2025-04-09T06:48:07.081+0000] {dag.py:3036} INFO - Sync 1 DAGs
[2025-04-09T06:48:07.106+0000] {logging_mixin.py:188} INFO - [2025-04-09T06:48:07.106+0000] {dag.py:3823} INFO - Setting next_dagrun for example_sla_dag to 2025-04-09 06:46:00+00:00, run_after=2025-04-09 06:48:00+00:00
[2025-04-09T06:48:07.186+0000] {processor.py:183} INFO - Processing /home/airflow/.local/lib/python3.8/site-packages/airflow/example_dags/example_sla_dag.py took 0.147 seconds
[2025-04-09T06:48:37.441+0000] {processor.py:161} INFO - Started process (PID=422) to work on /home/airflow/.local/lib/python3.8/site-packages/airflow/example_dags/example_sla_dag.py
[2025-04-09T06:48:37.442+0000] {processor.py:830} INFO - Processing file /home/airflow/.local/lib/python3.8/site-packages/airflow/example_dags/example_sla_dag.py for tasks to queue
[2025-04-09T06:48:37.444+0000] {logging_mixin.py:188} INFO - [2025-04-09T06:48:37.444+0000] {dagbag.py:538} INFO - Filling up the DagBag from /home/airflow/.local/lib/python3.8/site-packages/airflow/example_dags/example_sla_dag.py
[2025-04-09T06:48:37.453+0000] {processor.py:840} INFO - DAG(s) 'example_sla_dag' retrieved from /home/airflow/.local/lib/python3.8/site-packages/airflow/example_dags/example_sla_dag.py
[2025-04-09T06:48:37.478+0000] {logging_mixin.py:188} INFO - [2025-04-09T06:48:37.478+0000] {dag.py:3036} INFO - Sync 1 DAGs
[2025-04-09T06:48:37.507+0000] {logging_mixin.py:188} INFO - [2025-04-09T06:48:37.507+0000] {dag.py:3823} INFO - Setting next_dagrun for example_sla_dag to 2025-04-09 06:46:00+00:00, run_after=2025-04-09 06:48:00+00:00
[2025-04-09T06:48:37.575+0000] {processor.py:183} INFO - Processing /home/airflow/.local/lib/python3.8/site-packages/airflow/example_dags/example_sla_dag.py took 0.137 seconds
[2025-04-09T06:49:08.350+0000] {processor.py:161} INFO - Started process (PID=480) to work on /home/airflow/.local/lib/python3.8/site-packages/airflow/example_dags/example_sla_dag.py
[2025-04-09T06:49:08.351+0000] {processor.py:830} INFO - Processing file /home/airflow/.local/lib/python3.8/site-packages/airflow/example_dags/example_sla_dag.py for tasks to queue
[2025-04-09T06:49:08.353+0000] {logging_mixin.py:188} INFO - [2025-04-09T06:49:08.352+0000] {dagbag.py:538} INFO - Filling up the DagBag from /home/airflow/.local/lib/python3.8/site-packages/airflow/example_dags/example_sla_dag.py
[2025-04-09T06:49:08.361+0000] {processor.py:840} INFO - DAG(s) 'example_sla_dag' retrieved from /home/airflow/.local/lib/python3.8/site-packages/airflow/example_dags/example_sla_dag.py
[2025-04-09T06:49:08.381+0000] {logging_mixin.py:188} INFO - [2025-04-09T06:49:08.381+0000] {dag.py:3036} INFO - Sync 1 DAGs
[2025-04-09T06:49:08.408+0000] {logging_mixin.py:188} INFO - [2025-04-09T06:49:08.408+0000] {dag.py:3823} INFO - Setting next_dagrun for example_sla_dag to 2025-04-09 06:46:00+00:00, run_after=2025-04-09 06:48:00+00:00
[2025-04-09T06:49:08.467+0000] {processor.py:183} INFO - Processing /home/airflow/.local/lib/python3.8/site-packages/airflow/example_dags/example_sla_dag.py took 0.120 seconds
[2025-04-09T06:49:38.783+0000] {processor.py:161} INFO - Started process (PID=538) to work on /home/airflow/.local/lib/python3.8/site-packages/airflow/example_dags/example_sla_dag.py
[2025-04-09T06:49:38.784+0000] {processor.py:830} INFO - Processing file /home/airflow/.local/lib/python3.8/site-packages/airflow/example_dags/example_sla_dag.py for tasks to queue
[2025-04-09T06:49:38.786+0000] {logging_mixin.py:188} INFO - [2025-04-09T06:49:38.786+0000] {dagbag.py:538} INFO - Filling up the DagBag from /home/airflow/.local/lib/python3.8/site-packages/airflow/example_dags/example_sla_dag.py
[2025-04-09T06:49:38.796+0000] {processor.py:840} INFO - DAG(s) 'example_sla_dag' retrieved from /home/airflow/.local/lib/python3.8/site-packages/airflow/example_dags/example_sla_dag.py
[2025-04-09T06:49:38.822+0000] {logging_mixin.py:188} INFO - [2025-04-09T06:49:38.821+0000] {dag.py:3036} INFO - Sync 1 DAGs
[2025-04-09T06:49:38.853+0000] {logging_mixin.py:188} INFO - [2025-04-09T06:49:38.853+0000] {dag.py:3823} INFO - Setting next_dagrun for example_sla_dag to 2025-04-09 06:46:00+00:00, run_after=2025-04-09 06:48:00+00:00
[2025-04-09T06:49:38.905+0000] {processor.py:183} INFO - Processing /home/airflow/.local/lib/python3.8/site-packages/airflow/example_dags/example_sla_dag.py took 0.127 seconds
[2025-04-09T06:50:09.170+0000] {processor.py:161} INFO - Started process (PID=596) to work on /home/airflow/.local/lib/python3.8/site-packages/airflow/example_dags/example_sla_dag.py
[2025-04-09T06:50:09.204+0000] {processor.py:830} INFO - Processing file /home/airflow/.local/lib/python3.8/site-packages/airflow/example_dags/example_sla_dag.py for tasks to queue
[2025-04-09T06:50:09.205+0000] {logging_mixin.py:188} INFO - [2025-04-09T06:50:09.205+0000] {dagbag.py:538} INFO - Filling up the DagBag from /home/airflow/.local/lib/python3.8/site-packages/airflow/example_dags/example_sla_dag.py
[2025-04-09T06:50:09.214+0000] {processor.py:840} INFO - DAG(s) 'example_sla_dag' retrieved from /home/airflow/.local/lib/python3.8/site-packages/airflow/example_dags/example_sla_dag.py
[2025-04-09T06:50:09.235+0000] {logging_mixin.py:188} INFO - [2025-04-09T06:50:09.234+0000] {dag.py:3036} INFO - Sync 1 DAGs
[2025-04-09T06:50:09.260+0000] {logging_mixin.py:188} INFO - [2025-04-09T06:50:09.260+0000] {dag.py:3823} INFO - Setting next_dagrun for example_sla_dag to 2025-04-09 06:48:00+00:00, run_after=2025-04-09 06:50:00+00:00
[2025-04-09T06:50:09.316+0000] {processor.py:183} INFO - Processing /home/airflow/.local/lib/python3.8/site-packages/airflow/example_dags/example_sla_dag.py took 0.149 seconds
[2025-04-09T06:50:39.398+0000] {processor.py:161} INFO - Started process (PID=654) to work on /home/airflow/.local/lib/python3.8/site-packages/airflow/example_dags/example_sla_dag.py
[2025-04-09T06:50:39.414+0000] {processor.py:830} INFO - Processing file /home/airflow/.local/lib/python3.8/site-packages/airflow/example_dags/example_sla_dag.py for tasks to queue
[2025-04-09T06:50:39.416+0000] {logging_mixin.py:188} INFO - [2025-04-09T06:50:39.416+0000] {dagbag.py:538} INFO - Filling up the DagBag from /home/airflow/.local/lib/python3.8/site-packages/airflow/example_dags/example_sla_dag.py
[2025-04-09T06:50:39.426+0000] {processor.py:840} INFO - DAG(s) 'example_sla_dag' retrieved from /home/airflow/.local/lib/python3.8/site-packages/airflow/example_dags/example_sla_dag.py
[2025-04-09T06:50:39.448+0000] {logging_mixin.py:188} INFO - [2025-04-09T06:50:39.447+0000] {dag.py:3036} INFO - Sync 1 DAGs
[2025-04-09T06:50:39.473+0000] {logging_mixin.py:188} INFO - [2025-04-09T06:50:39.473+0000] {dag.py:3823} INFO - Setting next_dagrun for example_sla_dag to 2025-04-09 06:48:00+00:00, run_after=2025-04-09 06:50:00+00:00
[2025-04-09T06:50:39.549+0000] {processor.py:183} INFO - Processing /home/airflow/.local/lib/python3.8/site-packages/airflow/example_dags/example_sla_dag.py took 0.155 seconds
[2025-04-09T06:51:10.197+0000] {processor.py:161} INFO - Started process (PID=713) to work on /home/airflow/.local/lib/python3.8/site-packages/airflow/example_dags/example_sla_dag.py
[2025-04-09T06:51:10.198+0000] {processor.py:830} INFO - Processing file /home/airflow/.local/lib/python3.8/site-packages/airflow/example_dags/example_sla_dag.py for tasks to queue
[2025-04-09T06:51:10.200+0000] {logging_mixin.py:188} INFO - [2025-04-09T06:51:10.199+0000] {dagbag.py:538} INFO - Filling up the DagBag from /home/airflow/.local/lib/python3.8/site-packages/airflow/example_dags/example_sla_dag.py
[2025-04-09T06:51:10.209+0000] {processor.py:840} INFO - DAG(s) 'example_sla_dag' retrieved from /home/airflow/.local/lib/python3.8/site-packages/airflow/example_dags/example_sla_dag.py
[2025-04-09T06:51:10.230+0000] {logging_mixin.py:188} INFO - [2025-04-09T06:51:10.230+0000] {dag.py:3036} INFO - Sync 1 DAGs
[2025-04-09T06:51:10.258+0000] {logging_mixin.py:188} INFO - [2025-04-09T06:51:10.258+0000] {dag.py:3823} INFO - Setting next_dagrun for example_sla_dag to 2025-04-09 06:48:00+00:00, run_after=2025-04-09 06:50:00+00:00
[2025-04-09T06:51:10.343+0000] {processor.py:183} INFO - Processing /home/airflow/.local/lib/python3.8/site-packages/airflow/example_dags/example_sla_dag.py took 0.149 seconds
[2025-04-09T06:51:42.761+0000] {processor.py:161} INFO - Started process (PID=772) to work on /home/airflow/.local/lib/python3.8/site-packages/airflow/example_dags/example_sla_dag.py
[2025-04-09T06:51:42.782+0000] {processor.py:830} INFO - Processing file /home/airflow/.local/lib/python3.8/site-packages/airflow/example_dags/example_sla_dag.py for tasks to queue
[2025-04-09T06:51:42.785+0000] {logging_mixin.py:188} INFO - [2025-04-09T06:51:42.784+0000] {dagbag.py:538} INFO - Filling up the DagBag from /home/airflow/.local/lib/python3.8/site-packages/airflow/example_dags/example_sla_dag.py
[2025-04-09T06:51:42.792+0000] {processor.py:840} INFO - DAG(s) 'example_sla_dag' retrieved from /home/airflow/.local/lib/python3.8/site-packages/airflow/example_dags/example_sla_dag.py
[2025-04-09T06:51:42.814+0000] {logging_mixin.py:188} INFO - [2025-04-09T06:51:42.814+0000] {dag.py:3036} INFO - Sync 1 DAGs
[2025-04-09T06:51:42.838+0000] {logging_mixin.py:188} INFO - [2025-04-09T06:51:42.838+0000] {dag.py:3823} INFO - Setting next_dagrun for example_sla_dag to 2025-04-09 06:48:00+00:00, run_after=2025-04-09 06:50:00+00:00
[2025-04-09T06:51:42.897+0000] {processor.py:183} INFO - Processing /home/airflow/.local/lib/python3.8/site-packages/airflow/example_dags/example_sla_dag.py took 0.139 seconds
[2025-04-09T06:52:32.791+0000] {processor.py:161} INFO - Started process (PID=82) to work on /home/airflow/.local/lib/python3.8/site-packages/airflow/example_dags/example_sla_dag.py
[2025-04-09T06:52:32.822+0000] {processor.py:830} INFO - Processing file /home/airflow/.local/lib/python3.8/site-packages/airflow/example_dags/example_sla_dag.py for tasks to queue
[2025-04-09T06:52:32.824+0000] {logging_mixin.py:188} INFO - [2025-04-09T06:52:32.824+0000] {dagbag.py:538} INFO - Filling up the DagBag from /home/airflow/.local/lib/python3.8/site-packages/airflow/example_dags/example_sla_dag.py
[2025-04-09T06:52:32.837+0000] {processor.py:840} INFO - DAG(s) 'example_sla_dag' retrieved from /home/airflow/.local/lib/python3.8/site-packages/airflow/example_dags/example_sla_dag.py
[2025-04-09T06:52:32.857+0000] {logging_mixin.py:188} INFO - [2025-04-09T06:52:32.856+0000] {dag.py:3036} INFO - Sync 1 DAGs
[2025-04-09T06:52:32.898+0000] {logging_mixin.py:188} INFO - [2025-04-09T06:52:32.897+0000] {dag.py:3823} INFO - Setting next_dagrun for example_sla_dag to 2025-04-09 06:50:00+00:00, run_after=2025-04-09 06:52:00+00:00
[2025-04-09T06:52:32.954+0000] {processor.py:183} INFO - Processing /home/airflow/.local/lib/python3.8/site-packages/airflow/example_dags/example_sla_dag.py took 0.167 seconds
[2025-04-09T06:53:05.167+0000] {processor.py:161} INFO - Started process (PID=140) to work on /home/airflow/.local/lib/python3.8/site-packages/airflow/example_dags/example_sla_dag.py
[2025-04-09T06:53:05.172+0000] {processor.py:830} INFO - Processing file /home/airflow/.local/lib/python3.8/site-packages/airflow/example_dags/example_sla_dag.py for tasks to queue
[2025-04-09T06:53:05.173+0000] {logging_mixin.py:188} INFO - [2025-04-09T06:53:05.173+0000] {dagbag.py:538} INFO - Filling up the DagBag from /home/airflow/.local/lib/python3.8/site-packages/airflow/example_dags/example_sla_dag.py
[2025-04-09T06:53:05.181+0000] {processor.py:840} INFO - DAG(s) 'example_sla_dag' retrieved from /home/airflow/.local/lib/python3.8/site-packages/airflow/example_dags/example_sla_dag.py
[2025-04-09T06:53:05.294+0000] {logging_mixin.py:188} INFO - [2025-04-09T06:53:05.294+0000] {dag.py:3036} INFO - Sync 1 DAGs
[2025-04-09T06:53:05.323+0000] {logging_mixin.py:188} INFO - [2025-04-09T06:53:05.322+0000] {dag.py:3823} INFO - Setting next_dagrun for example_sla_dag to 2025-04-09 06:50:00+00:00, run_after=2025-04-09 06:52:00+00:00
[2025-04-09T06:53:05.375+0000] {processor.py:183} INFO - Processing /home/airflow/.local/lib/python3.8/site-packages/airflow/example_dags/example_sla_dag.py took 0.211 seconds
[2025-04-09T06:53:35.410+0000] {processor.py:161} INFO - Started process (PID=198) to work on /home/airflow/.local/lib/python3.8/site-packages/airflow/example_dags/example_sla_dag.py
[2025-04-09T06:53:35.411+0000] {processor.py:830} INFO - Processing file /home/airflow/.local/lib/python3.8/site-packages/airflow/example_dags/example_sla_dag.py for tasks to queue
[2025-04-09T06:53:35.413+0000] {logging_mixin.py:188} INFO - [2025-04-09T06:53:35.412+0000] {dagbag.py:538} INFO - Filling up the DagBag from /home/airflow/.local/lib/python3.8/site-packages/airflow/example_dags/example_sla_dag.py
[2025-04-09T06:53:35.420+0000] {processor.py:840} INFO - DAG(s) 'example_sla_dag' retrieved from /home/airflow/.local/lib/python3.8/site-packages/airflow/example_dags/example_sla_dag.py
[2025-04-09T06:53:35.439+0000] {logging_mixin.py:188} INFO - [2025-04-09T06:53:35.439+0000] {dag.py:3036} INFO - Sync 1 DAGs
[2025-04-09T06:53:35.464+0000] {logging_mixin.py:188} INFO - [2025-04-09T06:53:35.464+0000] {dag.py:3823} INFO - Setting next_dagrun for example_sla_dag to 2025-04-09 06:50:00+00:00, run_after=2025-04-09 06:52:00+00:00
[2025-04-09T06:53:35.511+0000] {processor.py:183} INFO - Processing /home/airflow/.local/lib/python3.8/site-packages/airflow/example_dags/example_sla_dag.py took 0.103 seconds
[2025-04-09T06:54:08.397+0000] {processor.py:161} INFO - Started process (PID=256) to work on /home/airflow/.local/lib/python3.8/site-packages/airflow/example_dags/example_sla_dag.py
[2025-04-09T06:54:08.411+0000] {processor.py:830} INFO - Processing file /home/airflow/.local/lib/python3.8/site-packages/airflow/example_dags/example_sla_dag.py for tasks to queue
[2025-04-09T06:54:08.413+0000] {logging_mixin.py:188} INFO - [2025-04-09T06:54:08.413+0000] {dagbag.py:538} INFO - Filling up the DagBag from /home/airflow/.local/lib/python3.8/site-packages/airflow/example_dags/example_sla_dag.py
[2025-04-09T06:54:08.425+0000] {processor.py:840} INFO - DAG(s) 'example_sla_dag' retrieved from /home/airflow/.local/lib/python3.8/site-packages/airflow/example_dags/example_sla_dag.py
[2025-04-09T06:54:08.452+0000] {logging_mixin.py:188} INFO - [2025-04-09T06:54:08.452+0000] {dag.py:3036} INFO - Sync 1 DAGs
[2025-04-09T06:54:08.490+0000] {logging_mixin.py:188} INFO - [2025-04-09T06:54:08.489+0000] {dag.py:3823} INFO - Setting next_dagrun for example_sla_dag to 2025-04-09 06:52:00+00:00, run_after=2025-04-09 06:54:00+00:00
[2025-04-09T06:54:08.623+0000] {processor.py:183} INFO - Processing /home/airflow/.local/lib/python3.8/site-packages/airflow/example_dags/example_sla_dag.py took 0.230 seconds
[2025-04-09T06:54:42.869+0000] {processor.py:161} INFO - Started process (PID=314) to work on /home/airflow/.local/lib/python3.8/site-packages/airflow/example_dags/example_sla_dag.py
[2025-04-09T06:54:42.871+0000] {processor.py:830} INFO - Processing file /home/airflow/.local/lib/python3.8/site-packages/airflow/example_dags/example_sla_dag.py for tasks to queue
[2025-04-09T06:54:42.873+0000] {logging_mixin.py:188} INFO - [2025-04-09T06:54:42.872+0000] {dagbag.py:538} INFO - Filling up the DagBag from /home/airflow/.local/lib/python3.8/site-packages/airflow/example_dags/example_sla_dag.py
[2025-04-09T06:54:42.880+0000] {processor.py:840} INFO - DAG(s) 'example_sla_dag' retrieved from /home/airflow/.local/lib/python3.8/site-packages/airflow/example_dags/example_sla_dag.py
[2025-04-09T06:54:42.900+0000] {logging_mixin.py:188} INFO - [2025-04-09T06:54:42.900+0000] {dag.py:3036} INFO - Sync 1 DAGs
[2025-04-09T06:54:42.925+0000] {logging_mixin.py:188} INFO - [2025-04-09T06:54:42.925+0000] {dag.py:3823} INFO - Setting next_dagrun for example_sla_dag to 2025-04-09 06:52:00+00:00, run_after=2025-04-09 06:54:00+00:00
[2025-04-09T06:54:42.986+0000] {processor.py:183} INFO - Processing /home/airflow/.local/lib/python3.8/site-packages/airflow/example_dags/example_sla_dag.py took 0.120 seconds
[2025-04-09T06:55:16.838+0000] {processor.py:161} INFO - Started process (PID=372) to work on /home/airflow/.local/lib/python3.8/site-packages/airflow/example_dags/example_sla_dag.py
[2025-04-09T06:55:16.839+0000] {processor.py:830} INFO - Processing file /home/airflow/.local/lib/python3.8/site-packages/airflow/example_dags/example_sla_dag.py for tasks to queue
[2025-04-09T06:55:16.842+0000] {logging_mixin.py:188} INFO - [2025-04-09T06:55:16.841+0000] {dagbag.py:538} INFO - Filling up the DagBag from /home/airflow/.local/lib/python3.8/site-packages/airflow/example_dags/example_sla_dag.py
[2025-04-09T06:55:16.851+0000] {processor.py:840} INFO - DAG(s) 'example_sla_dag' retrieved from /home/airflow/.local/lib/python3.8/site-packages/airflow/example_dags/example_sla_dag.py
[2025-04-09T06:55:16.875+0000] {logging_mixin.py:188} INFO - [2025-04-09T06:55:16.875+0000] {dag.py:3036} INFO - Sync 1 DAGs
[2025-04-09T06:55:16.904+0000] {logging_mixin.py:188} INFO - [2025-04-09T06:55:16.904+0000] {dag.py:3823} INFO - Setting next_dagrun for example_sla_dag to 2025-04-09 06:52:00+00:00, run_after=2025-04-09 06:54:00+00:00
[2025-04-09T06:55:16.969+0000] {processor.py:183} INFO - Processing /home/airflow/.local/lib/python3.8/site-packages/airflow/example_dags/example_sla_dag.py took 0.134 seconds
[2025-04-09T06:55:47.252+0000] {processor.py:161} INFO - Started process (PID=430) to work on /home/airflow/.local/lib/python3.8/site-packages/airflow/example_dags/example_sla_dag.py
[2025-04-09T06:55:47.253+0000] {processor.py:830} INFO - Processing file /home/airflow/.local/lib/python3.8/site-packages/airflow/example_dags/example_sla_dag.py for tasks to queue
[2025-04-09T06:55:47.255+0000] {logging_mixin.py:188} INFO - [2025-04-09T06:55:47.255+0000] {dagbag.py:538} INFO - Filling up the DagBag from /home/airflow/.local/lib/python3.8/site-packages/airflow/example_dags/example_sla_dag.py
[2025-04-09T06:55:47.263+0000] {processor.py:840} INFO - DAG(s) 'example_sla_dag' retrieved from /home/airflow/.local/lib/python3.8/site-packages/airflow/example_dags/example_sla_dag.py
[2025-04-09T06:55:47.282+0000] {logging_mixin.py:188} INFO - [2025-04-09T06:55:47.282+0000] {dag.py:3036} INFO - Sync 1 DAGs
[2025-04-09T06:55:47.309+0000] {logging_mixin.py:188} INFO - [2025-04-09T06:55:47.308+0000] {dag.py:3823} INFO - Setting next_dagrun for example_sla_dag to 2025-04-09 06:52:00+00:00, run_after=2025-04-09 06:54:00+00:00
[2025-04-09T06:55:47.381+0000] {processor.py:183} INFO - Processing /home/airflow/.local/lib/python3.8/site-packages/airflow/example_dags/example_sla_dag.py took 0.131 seconds
[2025-04-09T06:56:18.204+0000] {processor.py:161} INFO - Started process (PID=488) to work on /home/airflow/.local/lib/python3.8/site-packages/airflow/example_dags/example_sla_dag.py
[2025-04-09T06:56:18.205+0000] {processor.py:830} INFO - Processing file /home/airflow/.local/lib/python3.8/site-packages/airflow/example_dags/example_sla_dag.py for tasks to queue
[2025-04-09T06:56:18.207+0000] {logging_mixin.py:188} INFO - [2025-04-09T06:56:18.206+0000] {dagbag.py:538} INFO - Filling up the DagBag from /home/airflow/.local/lib/python3.8/site-packages/airflow/example_dags/example_sla_dag.py
[2025-04-09T06:56:18.216+0000] {processor.py:840} INFO - DAG(s) 'example_sla_dag' retrieved from /home/airflow/.local/lib/python3.8/site-packages/airflow/example_dags/example_sla_dag.py
[2025-04-09T06:56:18.240+0000] {logging_mixin.py:188} INFO - [2025-04-09T06:56:18.240+0000] {dag.py:3036} INFO - Sync 1 DAGs
[2025-04-09T06:56:18.270+0000] {logging_mixin.py:188} INFO - [2025-04-09T06:56:18.270+0000] {dag.py:3823} INFO - Setting next_dagrun for example_sla_dag to 2025-04-09 06:54:00+00:00, run_after=2025-04-09 06:56:00+00:00
[2025-04-09T06:56:18.351+0000] {processor.py:183} INFO - Processing /home/airflow/.local/lib/python3.8/site-packages/airflow/example_dags/example_sla_dag.py took 0.150 seconds
[2025-04-09T06:56:49.331+0000] {processor.py:161} INFO - Started process (PID=546) to work on /home/airflow/.local/lib/python3.8/site-packages/airflow/example_dags/example_sla_dag.py
[2025-04-09T06:56:49.333+0000] {processor.py:830} INFO - Processing file /home/airflow/.local/lib/python3.8/site-packages/airflow/example_dags/example_sla_dag.py for tasks to queue
[2025-04-09T06:56:49.335+0000] {logging_mixin.py:188} INFO - [2025-04-09T06:56:49.334+0000] {dagbag.py:538} INFO - Filling up the DagBag from /home/airflow/.local/lib/python3.8/site-packages/airflow/example_dags/example_sla_dag.py
[2025-04-09T06:56:49.346+0000] {processor.py:840} INFO - DAG(s) 'example_sla_dag' retrieved from /home/airflow/.local/lib/python3.8/site-packages/airflow/example_dags/example_sla_dag.py
[2025-04-09T06:56:49.374+0000] {logging_mixin.py:188} INFO - [2025-04-09T06:56:49.374+0000] {dag.py:3036} INFO - Sync 1 DAGs
[2025-04-09T06:56:49.410+0000] {logging_mixin.py:188} INFO - [2025-04-09T06:56:49.409+0000] {dag.py:3823} INFO - Setting next_dagrun for example_sla_dag to 2025-04-09 06:54:00+00:00, run_after=2025-04-09 06:56:00+00:00
[2025-04-09T06:56:49.500+0000] {processor.py:183} INFO - Processing /home/airflow/.local/lib/python3.8/site-packages/airflow/example_dags/example_sla_dag.py took 0.173 seconds
[2025-04-09T06:57:24.466+0000] {processor.py:161} INFO - Started process (PID=74) to work on /home/airflow/.local/lib/python3.8/site-packages/airflow/example_dags/example_sla_dag.py
[2025-04-09T06:57:24.467+0000] {processor.py:830} INFO - Processing file /home/airflow/.local/lib/python3.8/site-packages/airflow/example_dags/example_sla_dag.py for tasks to queue
[2025-04-09T06:57:24.469+0000] {logging_mixin.py:188} INFO - [2025-04-09T06:57:24.468+0000] {dagbag.py:538} INFO - Filling up the DagBag from /home/airflow/.local/lib/python3.8/site-packages/airflow/example_dags/example_sla_dag.py
[2025-04-09T06:57:24.477+0000] {processor.py:840} INFO - DAG(s) 'example_sla_dag' retrieved from /home/airflow/.local/lib/python3.8/site-packages/airflow/example_dags/example_sla_dag.py
[2025-04-09T06:57:24.497+0000] {logging_mixin.py:188} INFO - [2025-04-09T06:57:24.497+0000] {dag.py:3036} INFO - Sync 1 DAGs
[2025-04-09T06:57:24.522+0000] {logging_mixin.py:188} INFO - [2025-04-09T06:57:24.522+0000] {dag.py:3823} INFO - Setting next_dagrun for example_sla_dag to 2025-04-09 06:54:00+00:00, run_after=2025-04-09 06:56:00+00:00
[2025-04-09T06:57:24.608+0000] {processor.py:183} INFO - Processing /home/airflow/.local/lib/python3.8/site-packages/airflow/example_dags/example_sla_dag.py took 0.145 seconds
[2025-04-09T06:57:54.704+0000] {processor.py:161} INFO - Started process (PID=126) to work on /home/airflow/.local/lib/python3.8/site-packages/airflow/example_dags/example_sla_dag.py
[2025-04-09T06:57:54.705+0000] {processor.py:830} INFO - Processing file /home/airflow/.local/lib/python3.8/site-packages/airflow/example_dags/example_sla_dag.py for tasks to queue
[2025-04-09T06:57:54.707+0000] {logging_mixin.py:188} INFO - [2025-04-09T06:57:54.707+0000] {dagbag.py:538} INFO - Filling up the DagBag from /home/airflow/.local/lib/python3.8/site-packages/airflow/example_dags/example_sla_dag.py
[2025-04-09T06:57:54.716+0000] {processor.py:840} INFO - DAG(s) 'example_sla_dag' retrieved from /home/airflow/.local/lib/python3.8/site-packages/airflow/example_dags/example_sla_dag.py
[2025-04-09T06:57:54.738+0000] {logging_mixin.py:188} INFO - [2025-04-09T06:57:54.738+0000] {dag.py:3036} INFO - Sync 1 DAGs
[2025-04-09T06:57:54.765+0000] {logging_mixin.py:188} INFO - [2025-04-09T06:57:54.765+0000] {dag.py:3823} INFO - Setting next_dagrun for example_sla_dag to 2025-04-09 06:54:00+00:00, run_after=2025-04-09 06:56:00+00:00
[2025-04-09T06:57:54.836+0000] {processor.py:183} INFO - Processing /home/airflow/.local/lib/python3.8/site-packages/airflow/example_dags/example_sla_dag.py took 0.135 seconds
[2025-04-09T06:58:25.093+0000] {processor.py:161} INFO - Started process (PID=184) to work on /home/airflow/.local/lib/python3.8/site-packages/airflow/example_dags/example_sla_dag.py
[2025-04-09T06:58:25.094+0000] {processor.py:830} INFO - Processing file /home/airflow/.local/lib/python3.8/site-packages/airflow/example_dags/example_sla_dag.py for tasks to queue
[2025-04-09T06:58:25.096+0000] {logging_mixin.py:188} INFO - [2025-04-09T06:58:25.095+0000] {dagbag.py:538} INFO - Filling up the DagBag from /home/airflow/.local/lib/python3.8/site-packages/airflow/example_dags/example_sla_dag.py
[2025-04-09T06:58:25.103+0000] {processor.py:840} INFO - DAG(s) 'example_sla_dag' retrieved from /home/airflow/.local/lib/python3.8/site-packages/airflow/example_dags/example_sla_dag.py
[2025-04-09T06:58:25.123+0000] {logging_mixin.py:188} INFO - [2025-04-09T06:58:25.122+0000] {dag.py:3036} INFO - Sync 1 DAGs
[2025-04-09T06:58:25.147+0000] {logging_mixin.py:188} INFO - [2025-04-09T06:58:25.146+0000] {dag.py:3823} INFO - Setting next_dagrun for example_sla_dag to 2025-04-09 06:56:00+00:00, run_after=2025-04-09 06:58:00+00:00
[2025-04-09T06:58:25.210+0000] {processor.py:183} INFO - Processing /home/airflow/.local/lib/python3.8/site-packages/airflow/example_dags/example_sla_dag.py took 0.119 seconds
[2025-04-09T06:58:55.348+0000] {processor.py:161} INFO - Started process (PID=251) to work on /home/airflow/.local/lib/python3.8/site-packages/airflow/example_dags/example_sla_dag.py
[2025-04-09T06:58:55.348+0000] {processor.py:830} INFO - Processing file /home/airflow/.local/lib/python3.8/site-packages/airflow/example_dags/example_sla_dag.py for tasks to queue
[2025-04-09T06:58:55.350+0000] {logging_mixin.py:188} INFO - [2025-04-09T06:58:55.350+0000] {dagbag.py:538} INFO - Filling up the DagBag from /home/airflow/.local/lib/python3.8/site-packages/airflow/example_dags/example_sla_dag.py
[2025-04-09T06:58:55.360+0000] {processor.py:840} INFO - DAG(s) 'example_sla_dag' retrieved from /home/airflow/.local/lib/python3.8/site-packages/airflow/example_dags/example_sla_dag.py
[2025-04-09T06:58:55.381+0000] {logging_mixin.py:188} INFO - [2025-04-09T06:58:55.381+0000] {dag.py:3036} INFO - Sync 1 DAGs
[2025-04-09T06:58:55.409+0000] {logging_mixin.py:188} INFO - [2025-04-09T06:58:55.409+0000] {dag.py:3823} INFO - Setting next_dagrun for example_sla_dag to 2025-04-09 06:56:00+00:00, run_after=2025-04-09 06:58:00+00:00
[2025-04-09T06:58:55.475+0000] {processor.py:183} INFO - Processing /home/airflow/.local/lib/python3.8/site-packages/airflow/example_dags/example_sla_dag.py took 0.130 seconds
[2025-04-09T06:59:28.886+0000] {processor.py:161} INFO - Started process (PID=309) to work on /home/airflow/.local/lib/python3.8/site-packages/airflow/example_dags/example_sla_dag.py
[2025-04-09T06:59:28.887+0000] {processor.py:830} INFO - Processing file /home/airflow/.local/lib/python3.8/site-packages/airflow/example_dags/example_sla_dag.py for tasks to queue
[2025-04-09T06:59:28.888+0000] {logging_mixin.py:188} INFO - [2025-04-09T06:59:28.888+0000] {dagbag.py:538} INFO - Filling up the DagBag from /home/airflow/.local/lib/python3.8/site-packages/airflow/example_dags/example_sla_dag.py
[2025-04-09T06:59:28.897+0000] {processor.py:840} INFO - DAG(s) 'example_sla_dag' retrieved from /home/airflow/.local/lib/python3.8/site-packages/airflow/example_dags/example_sla_dag.py
[2025-04-09T06:59:28.917+0000] {logging_mixin.py:188} INFO - [2025-04-09T06:59:28.917+0000] {dag.py:3036} INFO - Sync 1 DAGs
[2025-04-09T06:59:28.942+0000] {logging_mixin.py:188} INFO - [2025-04-09T06:59:28.942+0000] {dag.py:3823} INFO - Setting next_dagrun for example_sla_dag to 2025-04-09 06:56:00+00:00, run_after=2025-04-09 06:58:00+00:00
[2025-04-09T06:59:29.014+0000] {processor.py:183} INFO - Processing /home/airflow/.local/lib/python3.8/site-packages/airflow/example_dags/example_sla_dag.py took 0.132 seconds
[2025-04-09T06:59:59.604+0000] {processor.py:161} INFO - Started process (PID=367) to work on /home/airflow/.local/lib/python3.8/site-packages/airflow/example_dags/example_sla_dag.py
[2025-04-09T06:59:59.619+0000] {processor.py:830} INFO - Processing file /home/airflow/.local/lib/python3.8/site-packages/airflow/example_dags/example_sla_dag.py for tasks to queue
[2025-04-09T06:59:59.622+0000] {logging_mixin.py:188} INFO - [2025-04-09T06:59:59.621+0000] {dagbag.py:538} INFO - Filling up the DagBag from /home/airflow/.local/lib/python3.8/site-packages/airflow/example_dags/example_sla_dag.py
[2025-04-09T06:59:59.630+0000] {processor.py:840} INFO - DAG(s) 'example_sla_dag' retrieved from /home/airflow/.local/lib/python3.8/site-packages/airflow/example_dags/example_sla_dag.py
[2025-04-09T06:59:59.651+0000] {logging_mixin.py:188} INFO - [2025-04-09T06:59:59.650+0000] {dag.py:3036} INFO - Sync 1 DAGs
[2025-04-09T06:59:59.677+0000] {logging_mixin.py:188} INFO - [2025-04-09T06:59:59.677+0000] {dag.py:3823} INFO - Setting next_dagrun for example_sla_dag to 2025-04-09 06:56:00+00:00, run_after=2025-04-09 06:58:00+00:00
[2025-04-09T06:59:59.734+0000] {processor.py:183} INFO - Processing /home/airflow/.local/lib/python3.8/site-packages/airflow/example_dags/example_sla_dag.py took 0.133 seconds
[2025-04-09T07:00:30.039+0000] {processor.py:161} INFO - Started process (PID=425) to work on /home/airflow/.local/lib/python3.8/site-packages/airflow/example_dags/example_sla_dag.py
[2025-04-09T07:00:30.041+0000] {processor.py:830} INFO - Processing file /home/airflow/.local/lib/python3.8/site-packages/airflow/example_dags/example_sla_dag.py for tasks to queue
[2025-04-09T07:00:30.042+0000] {logging_mixin.py:188} INFO - [2025-04-09T07:00:30.042+0000] {dagbag.py:538} INFO - Filling up the DagBag from /home/airflow/.local/lib/python3.8/site-packages/airflow/example_dags/example_sla_dag.py
[2025-04-09T07:00:30.052+0000] {processor.py:840} INFO - DAG(s) 'example_sla_dag' retrieved from /home/airflow/.local/lib/python3.8/site-packages/airflow/example_dags/example_sla_dag.py
[2025-04-09T07:00:30.074+0000] {logging_mixin.py:188} INFO - [2025-04-09T07:00:30.073+0000] {dag.py:3036} INFO - Sync 1 DAGs
[2025-04-09T07:00:30.105+0000] {logging_mixin.py:188} INFO - [2025-04-09T07:00:30.105+0000] {dag.py:3823} INFO - Setting next_dagrun for example_sla_dag to 2025-04-09 06:58:00+00:00, run_after=2025-04-09 07:00:00+00:00
[2025-04-09T07:00:30.178+0000] {processor.py:183} INFO - Processing /home/airflow/.local/lib/python3.8/site-packages/airflow/example_dags/example_sla_dag.py took 0.143 seconds
[2025-04-09T07:01:00.570+0000] {processor.py:161} INFO - Started process (PID=483) to work on /home/airflow/.local/lib/python3.8/site-packages/airflow/example_dags/example_sla_dag.py
[2025-04-09T07:01:00.582+0000] {processor.py:830} INFO - Processing file /home/airflow/.local/lib/python3.8/site-packages/airflow/example_dags/example_sla_dag.py for tasks to queue
[2025-04-09T07:01:00.585+0000] {logging_mixin.py:188} INFO - [2025-04-09T07:01:00.584+0000] {dagbag.py:538} INFO - Filling up the DagBag from /home/airflow/.local/lib/python3.8/site-packages/airflow/example_dags/example_sla_dag.py
[2025-04-09T07:01:00.596+0000] {processor.py:840} INFO - DAG(s) 'example_sla_dag' retrieved from /home/airflow/.local/lib/python3.8/site-packages/airflow/example_dags/example_sla_dag.py
[2025-04-09T07:01:00.620+0000] {logging_mixin.py:188} INFO - [2025-04-09T07:01:00.620+0000] {dag.py:3036} INFO - Sync 1 DAGs
[2025-04-09T07:01:00.653+0000] {logging_mixin.py:188} INFO - [2025-04-09T07:01:00.653+0000] {dag.py:3823} INFO - Setting next_dagrun for example_sla_dag to 2025-04-09 06:58:00+00:00, run_after=2025-04-09 07:00:00+00:00
[2025-04-09T07:01:00.709+0000] {processor.py:183} INFO - Processing /home/airflow/.local/lib/python3.8/site-packages/airflow/example_dags/example_sla_dag.py took 0.141 seconds
[2025-04-09T07:01:30.963+0000] {processor.py:161} INFO - Started process (PID=542) to work on /home/airflow/.local/lib/python3.8/site-packages/airflow/example_dags/example_sla_dag.py
[2025-04-09T07:01:30.986+0000] {processor.py:830} INFO - Processing file /home/airflow/.local/lib/python3.8/site-packages/airflow/example_dags/example_sla_dag.py for tasks to queue
[2025-04-09T07:01:30.988+0000] {logging_mixin.py:188} INFO - [2025-04-09T07:01:30.988+0000] {dagbag.py:538} INFO - Filling up the DagBag from /home/airflow/.local/lib/python3.8/site-packages/airflow/example_dags/example_sla_dag.py
[2025-04-09T07:01:30.997+0000] {processor.py:840} INFO - DAG(s) 'example_sla_dag' retrieved from /home/airflow/.local/lib/python3.8/site-packages/airflow/example_dags/example_sla_dag.py
[2025-04-09T07:01:31.019+0000] {logging_mixin.py:188} INFO - [2025-04-09T07:01:31.019+0000] {dag.py:3036} INFO - Sync 1 DAGs
[2025-04-09T07:01:31.053+0000] {logging_mixin.py:188} INFO - [2025-04-09T07:01:31.053+0000] {dag.py:3823} INFO - Setting next_dagrun for example_sla_dag to 2025-04-09 06:58:00+00:00, run_after=2025-04-09 07:00:00+00:00
[2025-04-09T07:01:31.110+0000] {processor.py:183} INFO - Processing /home/airflow/.local/lib/python3.8/site-packages/airflow/example_dags/example_sla_dag.py took 0.150 seconds
[2025-04-09T07:02:01.357+0000] {processor.py:161} INFO - Started process (PID=600) to work on /home/airflow/.local/lib/python3.8/site-packages/airflow/example_dags/example_sla_dag.py
[2025-04-09T07:02:01.388+0000] {processor.py:830} INFO - Processing file /home/airflow/.local/lib/python3.8/site-packages/airflow/example_dags/example_sla_dag.py for tasks to queue
[2025-04-09T07:02:01.390+0000] {logging_mixin.py:188} INFO - [2025-04-09T07:02:01.389+0000] {dagbag.py:538} INFO - Filling up the DagBag from /home/airflow/.local/lib/python3.8/site-packages/airflow/example_dags/example_sla_dag.py
[2025-04-09T07:02:01.398+0000] {processor.py:840} INFO - DAG(s) 'example_sla_dag' retrieved from /home/airflow/.local/lib/python3.8/site-packages/airflow/example_dags/example_sla_dag.py
[2025-04-09T07:02:01.422+0000] {logging_mixin.py:188} INFO - [2025-04-09T07:02:01.421+0000] {dag.py:3036} INFO - Sync 1 DAGs
[2025-04-09T07:02:01.447+0000] {logging_mixin.py:188} INFO - [2025-04-09T07:02:01.447+0000] {dag.py:3823} INFO - Setting next_dagrun for example_sla_dag to 2025-04-09 07:00:00+00:00, run_after=2025-04-09 07:02:00+00:00
[2025-04-09T07:02:01.495+0000] {processor.py:183} INFO - Processing /home/airflow/.local/lib/python3.8/site-packages/airflow/example_dags/example_sla_dag.py took 0.141 seconds
[2025-04-09T07:02:32.257+0000] {processor.py:161} INFO - Started process (PID=658) to work on /home/airflow/.local/lib/python3.8/site-packages/airflow/example_dags/example_sla_dag.py
[2025-04-09T07:02:32.263+0000] {processor.py:830} INFO - Processing file /home/airflow/.local/lib/python3.8/site-packages/airflow/example_dags/example_sla_dag.py for tasks to queue
[2025-04-09T07:02:32.266+0000] {logging_mixin.py:188} INFO - [2025-04-09T07:02:32.265+0000] {dagbag.py:538} INFO - Filling up the DagBag from /home/airflow/.local/lib/python3.8/site-packages/airflow/example_dags/example_sla_dag.py
[2025-04-09T07:02:32.280+0000] {processor.py:840} INFO - DAG(s) 'example_sla_dag' retrieved from /home/airflow/.local/lib/python3.8/site-packages/airflow/example_dags/example_sla_dag.py
[2025-04-09T07:02:32.305+0000] {logging_mixin.py:188} INFO - [2025-04-09T07:02:32.305+0000] {dag.py:3036} INFO - Sync 1 DAGs
[2025-04-09T07:02:32.335+0000] {logging_mixin.py:188} INFO - [2025-04-09T07:02:32.335+0000] {dag.py:3823} INFO - Setting next_dagrun for example_sla_dag to 2025-04-09 07:00:00+00:00, run_after=2025-04-09 07:02:00+00:00
[2025-04-09T07:02:32.397+0000] {processor.py:183} INFO - Processing /home/airflow/.local/lib/python3.8/site-packages/airflow/example_dags/example_sla_dag.py took 0.143 seconds
[2025-04-09T07:03:04.962+0000] {processor.py:161} INFO - Started process (PID=716) to work on /home/airflow/.local/lib/python3.8/site-packages/airflow/example_dags/example_sla_dag.py
[2025-04-09T07:03:04.981+0000] {processor.py:830} INFO - Processing file /home/airflow/.local/lib/python3.8/site-packages/airflow/example_dags/example_sla_dag.py for tasks to queue
[2025-04-09T07:03:04.983+0000] {logging_mixin.py:188} INFO - [2025-04-09T07:03:04.982+0000] {dagbag.py:538} INFO - Filling up the DagBag from /home/airflow/.local/lib/python3.8/site-packages/airflow/example_dags/example_sla_dag.py
[2025-04-09T07:03:04.993+0000] {processor.py:840} INFO - DAG(s) 'example_sla_dag' retrieved from /home/airflow/.local/lib/python3.8/site-packages/airflow/example_dags/example_sla_dag.py
[2025-04-09T07:03:05.014+0000] {logging_mixin.py:188} INFO - [2025-04-09T07:03:05.014+0000] {dag.py:3036} INFO - Sync 1 DAGs
[2025-04-09T07:03:05.040+0000] {logging_mixin.py:188} INFO - [2025-04-09T07:03:05.039+0000] {dag.py:3823} INFO - Setting next_dagrun for example_sla_dag to 2025-04-09 07:00:00+00:00, run_after=2025-04-09 07:02:00+00:00
[2025-04-09T07:03:05.091+0000] {processor.py:183} INFO - Processing /home/airflow/.local/lib/python3.8/site-packages/airflow/example_dags/example_sla_dag.py took 0.132 seconds
[2025-04-09T07:03:39.185+0000] {processor.py:161} INFO - Started process (PID=774) to work on /home/airflow/.local/lib/python3.8/site-packages/airflow/example_dags/example_sla_dag.py
[2025-04-09T07:03:39.187+0000] {processor.py:830} INFO - Processing file /home/airflow/.local/lib/python3.8/site-packages/airflow/example_dags/example_sla_dag.py for tasks to queue
[2025-04-09T07:03:39.188+0000] {logging_mixin.py:188} INFO - [2025-04-09T07:03:39.188+0000] {dagbag.py:538} INFO - Filling up the DagBag from /home/airflow/.local/lib/python3.8/site-packages/airflow/example_dags/example_sla_dag.py
[2025-04-09T07:03:39.196+0000] {processor.py:840} INFO - DAG(s) 'example_sla_dag' retrieved from /home/airflow/.local/lib/python3.8/site-packages/airflow/example_dags/example_sla_dag.py
[2025-04-09T07:03:39.216+0000] {logging_mixin.py:188} INFO - [2025-04-09T07:03:39.215+0000] {dag.py:3036} INFO - Sync 1 DAGs
[2025-04-09T07:03:39.241+0000] {logging_mixin.py:188} INFO - [2025-04-09T07:03:39.241+0000] {dag.py:3823} INFO - Setting next_dagrun for example_sla_dag to 2025-04-09 07:00:00+00:00, run_after=2025-04-09 07:02:00+00:00
[2025-04-09T07:03:39.302+0000] {processor.py:183} INFO - Processing /home/airflow/.local/lib/python3.8/site-packages/airflow/example_dags/example_sla_dag.py took 0.120 seconds
[2025-04-09T07:04:10.057+0000] {processor.py:161} INFO - Started process (PID=833) to work on /home/airflow/.local/lib/python3.8/site-packages/airflow/example_dags/example_sla_dag.py
[2025-04-09T07:04:10.082+0000] {processor.py:830} INFO - Processing file /home/airflow/.local/lib/python3.8/site-packages/airflow/example_dags/example_sla_dag.py for tasks to queue
[2025-04-09T07:04:10.084+0000] {logging_mixin.py:188} INFO - [2025-04-09T07:04:10.083+0000] {dagbag.py:538} INFO - Filling up the DagBag from /home/airflow/.local/lib/python3.8/site-packages/airflow/example_dags/example_sla_dag.py
[2025-04-09T07:04:10.093+0000] {processor.py:840} INFO - DAG(s) 'example_sla_dag' retrieved from /home/airflow/.local/lib/python3.8/site-packages/airflow/example_dags/example_sla_dag.py
[2025-04-09T07:04:10.117+0000] {logging_mixin.py:188} INFO - [2025-04-09T07:04:10.117+0000] {dag.py:3036} INFO - Sync 1 DAGs
[2025-04-09T07:04:10.149+0000] {logging_mixin.py:188} INFO - [2025-04-09T07:04:10.148+0000] {dag.py:3823} INFO - Setting next_dagrun for example_sla_dag to 2025-04-09 07:02:00+00:00, run_after=2025-04-09 07:04:00+00:00
[2025-04-09T07:04:10.203+0000] {processor.py:183} INFO - Processing /home/airflow/.local/lib/python3.8/site-packages/airflow/example_dags/example_sla_dag.py took 0.150 seconds
[2025-04-09T07:04:40.492+0000] {processor.py:161} INFO - Started process (PID=891) to work on /home/airflow/.local/lib/python3.8/site-packages/airflow/example_dags/example_sla_dag.py
[2025-04-09T07:04:40.493+0000] {processor.py:830} INFO - Processing file /home/airflow/.local/lib/python3.8/site-packages/airflow/example_dags/example_sla_dag.py for tasks to queue
[2025-04-09T07:04:40.494+0000] {logging_mixin.py:188} INFO - [2025-04-09T07:04:40.494+0000] {dagbag.py:538} INFO - Filling up the DagBag from /home/airflow/.local/lib/python3.8/site-packages/airflow/example_dags/example_sla_dag.py
[2025-04-09T07:04:40.503+0000] {processor.py:840} INFO - DAG(s) 'example_sla_dag' retrieved from /home/airflow/.local/lib/python3.8/site-packages/airflow/example_dags/example_sla_dag.py
[2025-04-09T07:04:40.525+0000] {logging_mixin.py:188} INFO - [2025-04-09T07:04:40.525+0000] {dag.py:3036} INFO - Sync 1 DAGs
[2025-04-09T07:04:40.552+0000] {logging_mixin.py:188} INFO - [2025-04-09T07:04:40.552+0000] {dag.py:3823} INFO - Setting next_dagrun for example_sla_dag to 2025-04-09 07:02:00+00:00, run_after=2025-04-09 07:04:00+00:00
[2025-04-09T07:04:40.618+0000] {processor.py:183} INFO - Processing /home/airflow/.local/lib/python3.8/site-packages/airflow/example_dags/example_sla_dag.py took 0.130 seconds
[2025-04-09T07:05:11.022+0000] {processor.py:161} INFO - Started process (PID=949) to work on /home/airflow/.local/lib/python3.8/site-packages/airflow/example_dags/example_sla_dag.py
[2025-04-09T07:05:11.023+0000] {processor.py:830} INFO - Processing file /home/airflow/.local/lib/python3.8/site-packages/airflow/example_dags/example_sla_dag.py for tasks to queue
[2025-04-09T07:05:11.025+0000] {logging_mixin.py:188} INFO - [2025-04-09T07:05:11.025+0000] {dagbag.py:538} INFO - Filling up the DagBag from /home/airflow/.local/lib/python3.8/site-packages/airflow/example_dags/example_sla_dag.py
[2025-04-09T07:05:11.037+0000] {processor.py:840} INFO - DAG(s) 'example_sla_dag' retrieved from /home/airflow/.local/lib/python3.8/site-packages/airflow/example_dags/example_sla_dag.py
[2025-04-09T07:05:11.067+0000] {logging_mixin.py:188} INFO - [2025-04-09T07:05:11.067+0000] {dag.py:3036} INFO - Sync 1 DAGs
[2025-04-09T07:05:11.103+0000] {logging_mixin.py:188} INFO - [2025-04-09T07:05:11.103+0000] {dag.py:3823} INFO - Setting next_dagrun for example_sla_dag to 2025-04-09 07:02:00+00:00, run_after=2025-04-09 07:04:00+00:00
[2025-04-09T07:05:11.156+0000] {processor.py:183} INFO - Processing /home/airflow/.local/lib/python3.8/site-packages/airflow/example_dags/example_sla_dag.py took 0.138 seconds
[2025-04-09T07:05:41.482+0000] {processor.py:161} INFO - Started process (PID=1001) to work on /home/airflow/.local/lib/python3.8/site-packages/airflow/example_dags/example_sla_dag.py
[2025-04-09T07:05:41.483+0000] {processor.py:830} INFO - Processing file /home/airflow/.local/lib/python3.8/site-packages/airflow/example_dags/example_sla_dag.py for tasks to queue
[2025-04-09T07:05:41.484+0000] {logging_mixin.py:188} INFO - [2025-04-09T07:05:41.484+0000] {dagbag.py:538} INFO - Filling up the DagBag from /home/airflow/.local/lib/python3.8/site-packages/airflow/example_dags/example_sla_dag.py
[2025-04-09T07:05:41.493+0000] {processor.py:840} INFO - DAG(s) 'example_sla_dag' retrieved from /home/airflow/.local/lib/python3.8/site-packages/airflow/example_dags/example_sla_dag.py
[2025-04-09T07:05:41.512+0000] {logging_mixin.py:188} INFO - [2025-04-09T07:05:41.512+0000] {dag.py:3036} INFO - Sync 1 DAGs
[2025-04-09T07:05:41.539+0000] {logging_mixin.py:188} INFO - [2025-04-09T07:05:41.539+0000] {dag.py:3823} INFO - Setting next_dagrun for example_sla_dag to 2025-04-09 07:02:00+00:00, run_after=2025-04-09 07:04:00+00:00
[2025-04-09T07:05:41.623+0000] {processor.py:183} INFO - Processing /home/airflow/.local/lib/python3.8/site-packages/airflow/example_dags/example_sla_dag.py took 0.145 seconds
[2025-04-09T07:06:12.024+0000] {processor.py:161} INFO - Started process (PID=1059) to work on /home/airflow/.local/lib/python3.8/site-packages/airflow/example_dags/example_sla_dag.py
[2025-04-09T07:06:12.051+0000] {processor.py:830} INFO - Processing file /home/airflow/.local/lib/python3.8/site-packages/airflow/example_dags/example_sla_dag.py for tasks to queue
[2025-04-09T07:06:12.053+0000] {logging_mixin.py:188} INFO - [2025-04-09T07:06:12.053+0000] {dagbag.py:538} INFO - Filling up the DagBag from /home/airflow/.local/lib/python3.8/site-packages/airflow/example_dags/example_sla_dag.py
[2025-04-09T07:06:12.061+0000] {processor.py:840} INFO - DAG(s) 'example_sla_dag' retrieved from /home/airflow/.local/lib/python3.8/site-packages/airflow/example_dags/example_sla_dag.py
[2025-04-09T07:06:12.083+0000] {logging_mixin.py:188} INFO - [2025-04-09T07:06:12.082+0000] {dag.py:3036} INFO - Sync 1 DAGs
[2025-04-09T07:06:12.108+0000] {logging_mixin.py:188} INFO - [2025-04-09T07:06:12.107+0000] {dag.py:3823} INFO - Setting next_dagrun for example_sla_dag to 2025-04-09 07:04:00+00:00, run_after=2025-04-09 07:06:00+00:00
[2025-04-09T07:06:12.149+0000] {processor.py:183} INFO - Processing /home/airflow/.local/lib/python3.8/site-packages/airflow/example_dags/example_sla_dag.py took 0.128 seconds
[2025-04-09T07:09:59.688+0000] {processor.py:161} INFO - Started process (PID=93) to work on /home/airflow/.local/lib/python3.8/site-packages/airflow/example_dags/example_sla_dag.py
[2025-04-09T07:09:59.706+0000] {processor.py:830} INFO - Processing file /home/airflow/.local/lib/python3.8/site-packages/airflow/example_dags/example_sla_dag.py for tasks to queue
[2025-04-09T07:09:59.708+0000] {logging_mixin.py:188} INFO - [2025-04-09T07:09:59.707+0000] {dagbag.py:538} INFO - Filling up the DagBag from /home/airflow/.local/lib/python3.8/site-packages/airflow/example_dags/example_sla_dag.py
[2025-04-09T07:09:59.719+0000] {processor.py:840} INFO - DAG(s) 'example_sla_dag' retrieved from /home/airflow/.local/lib/python3.8/site-packages/airflow/example_dags/example_sla_dag.py
[2025-04-09T07:09:59.888+0000] {logging_mixin.py:188} INFO - [2025-04-09T07:09:59.887+0000] {dag.py:3036} INFO - Sync 1 DAGs
[2025-04-09T07:09:59.922+0000] {logging_mixin.py:188} INFO - [2025-04-09T07:09:59.922+0000] {dag.py:3823} INFO - Setting next_dagrun for example_sla_dag to 2025-04-09 07:06:00+00:00, run_after=2025-04-09 07:08:00+00:00
[2025-04-09T07:09:59.979+0000] {processor.py:183} INFO - Processing /home/airflow/.local/lib/python3.8/site-packages/airflow/example_dags/example_sla_dag.py took 0.295 seconds
[2025-04-09T07:10:31.050+0000] {processor.py:161} INFO - Started process (PID=151) to work on /home/airflow/.local/lib/python3.8/site-packages/airflow/example_dags/example_sla_dag.py
[2025-04-09T07:10:31.051+0000] {processor.py:830} INFO - Processing file /home/airflow/.local/lib/python3.8/site-packages/airflow/example_dags/example_sla_dag.py for tasks to queue
[2025-04-09T07:10:31.054+0000] {logging_mixin.py:188} INFO - [2025-04-09T07:10:31.054+0000] {dagbag.py:538} INFO - Filling up the DagBag from /home/airflow/.local/lib/python3.8/site-packages/airflow/example_dags/example_sla_dag.py
[2025-04-09T07:10:31.074+0000] {processor.py:840} INFO - DAG(s) 'example_sla_dag' retrieved from /home/airflow/.local/lib/python3.8/site-packages/airflow/example_dags/example_sla_dag.py
[2025-04-09T07:10:31.115+0000] {logging_mixin.py:188} INFO - [2025-04-09T07:10:31.114+0000] {dag.py:3036} INFO - Sync 1 DAGs
[2025-04-09T07:10:31.168+0000] {logging_mixin.py:188} INFO - [2025-04-09T07:10:31.167+0000] {dag.py:3823} INFO - Setting next_dagrun for example_sla_dag to 2025-04-09 07:08:00+00:00, run_after=2025-04-09 07:10:00+00:00
[2025-04-09T07:10:31.235+0000] {processor.py:183} INFO - Processing /home/airflow/.local/lib/python3.8/site-packages/airflow/example_dags/example_sla_dag.py took 0.190 seconds
[2025-04-09T07:11:01.482+0000] {processor.py:161} INFO - Started process (PID=203) to work on /home/airflow/.local/lib/python3.8/site-packages/airflow/example_dags/example_sla_dag.py
[2025-04-09T07:11:01.484+0000] {processor.py:830} INFO - Processing file /home/airflow/.local/lib/python3.8/site-packages/airflow/example_dags/example_sla_dag.py for tasks to queue
[2025-04-09T07:11:01.487+0000] {logging_mixin.py:188} INFO - [2025-04-09T07:11:01.487+0000] {dagbag.py:538} INFO - Filling up the DagBag from /home/airflow/.local/lib/python3.8/site-packages/airflow/example_dags/example_sla_dag.py
[2025-04-09T07:11:01.511+0000] {processor.py:840} INFO - DAG(s) 'example_sla_dag' retrieved from /home/airflow/.local/lib/python3.8/site-packages/airflow/example_dags/example_sla_dag.py
[2025-04-09T07:11:01.552+0000] {logging_mixin.py:188} INFO - [2025-04-09T07:11:01.552+0000] {dag.py:3036} INFO - Sync 1 DAGs
[2025-04-09T07:11:01.598+0000] {logging_mixin.py:188} INFO - [2025-04-09T07:11:01.598+0000] {dag.py:3823} INFO - Setting next_dagrun for example_sla_dag to 2025-04-09 07:08:00+00:00, run_after=2025-04-09 07:10:00+00:00
[2025-04-09T07:11:01.661+0000] {processor.py:183} INFO - Processing /home/airflow/.local/lib/python3.8/site-packages/airflow/example_dags/example_sla_dag.py took 0.184 seconds
[2025-04-09T07:11:31.863+0000] {processor.py:161} INFO - Started process (PID=270) to work on /home/airflow/.local/lib/python3.8/site-packages/airflow/example_dags/example_sla_dag.py
[2025-04-09T07:11:31.864+0000] {processor.py:830} INFO - Processing file /home/airflow/.local/lib/python3.8/site-packages/airflow/example_dags/example_sla_dag.py for tasks to queue
[2025-04-09T07:11:31.865+0000] {logging_mixin.py:188} INFO - [2025-04-09T07:11:31.865+0000] {dagbag.py:538} INFO - Filling up the DagBag from /home/airflow/.local/lib/python3.8/site-packages/airflow/example_dags/example_sla_dag.py
[2025-04-09T07:11:31.878+0000] {processor.py:840} INFO - DAG(s) 'example_sla_dag' retrieved from /home/airflow/.local/lib/python3.8/site-packages/airflow/example_dags/example_sla_dag.py
[2025-04-09T07:11:31.901+0000] {logging_mixin.py:188} INFO - [2025-04-09T07:11:31.900+0000] {dag.py:3036} INFO - Sync 1 DAGs
[2025-04-09T07:11:31.929+0000] {logging_mixin.py:188} INFO - [2025-04-09T07:11:31.929+0000] {dag.py:3823} INFO - Setting next_dagrun for example_sla_dag to 2025-04-09 07:08:00+00:00, run_after=2025-04-09 07:10:00+00:00
[2025-04-09T07:11:32.019+0000] {processor.py:183} INFO - Processing /home/airflow/.local/lib/python3.8/site-packages/airflow/example_dags/example_sla_dag.py took 0.161 seconds
[2025-04-09T07:12:02.933+0000] {processor.py:161} INFO - Started process (PID=328) to work on /home/airflow/.local/lib/python3.8/site-packages/airflow/example_dags/example_sla_dag.py
[2025-04-09T07:12:02.956+0000] {processor.py:830} INFO - Processing file /home/airflow/.local/lib/python3.8/site-packages/airflow/example_dags/example_sla_dag.py for tasks to queue
[2025-04-09T07:12:02.958+0000] {logging_mixin.py:188} INFO - [2025-04-09T07:12:02.957+0000] {dagbag.py:538} INFO - Filling up the DagBag from /home/airflow/.local/lib/python3.8/site-packages/airflow/example_dags/example_sla_dag.py
[2025-04-09T07:12:02.967+0000] {processor.py:840} INFO - DAG(s) 'example_sla_dag' retrieved from /home/airflow/.local/lib/python3.8/site-packages/airflow/example_dags/example_sla_dag.py
[2025-04-09T07:12:02.994+0000] {logging_mixin.py:188} INFO - [2025-04-09T07:12:02.993+0000] {dag.py:3036} INFO - Sync 1 DAGs
[2025-04-09T07:12:03.033+0000] {logging_mixin.py:188} INFO - [2025-04-09T07:12:03.032+0000] {dag.py:3823} INFO - Setting next_dagrun for example_sla_dag to 2025-04-09 07:10:00+00:00, run_after=2025-04-09 07:12:00+00:00
[2025-04-09T07:12:03.107+0000] {processor.py:183} INFO - Processing /home/airflow/.local/lib/python3.8/site-packages/airflow/example_dags/example_sla_dag.py took 0.177 seconds
[2025-04-09T07:12:36.791+0000] {processor.py:161} INFO - Started process (PID=386) to work on /home/airflow/.local/lib/python3.8/site-packages/airflow/example_dags/example_sla_dag.py
[2025-04-09T07:12:36.829+0000] {processor.py:830} INFO - Processing file /home/airflow/.local/lib/python3.8/site-packages/airflow/example_dags/example_sla_dag.py for tasks to queue
[2025-04-09T07:12:36.831+0000] {logging_mixin.py:188} INFO - [2025-04-09T07:12:36.831+0000] {dagbag.py:538} INFO - Filling up the DagBag from /home/airflow/.local/lib/python3.8/site-packages/airflow/example_dags/example_sla_dag.py
[2025-04-09T07:12:36.839+0000] {processor.py:840} INFO - DAG(s) 'example_sla_dag' retrieved from /home/airflow/.local/lib/python3.8/site-packages/airflow/example_dags/example_sla_dag.py
[2025-04-09T07:12:36.860+0000] {logging_mixin.py:188} INFO - [2025-04-09T07:12:36.859+0000] {dag.py:3036} INFO - Sync 1 DAGs
[2025-04-09T07:12:36.884+0000] {logging_mixin.py:188} INFO - [2025-04-09T07:12:36.884+0000] {dag.py:3823} INFO - Setting next_dagrun for example_sla_dag to 2025-04-09 07:10:00+00:00, run_after=2025-04-09 07:12:00+00:00
[2025-04-09T07:12:36.955+0000] {processor.py:183} INFO - Processing /home/airflow/.local/lib/python3.8/site-packages/airflow/example_dags/example_sla_dag.py took 0.167 seconds
[2025-04-09T07:13:08.058+0000] {processor.py:161} INFO - Started process (PID=444) to work on /home/airflow/.local/lib/python3.8/site-packages/airflow/example_dags/example_sla_dag.py
[2025-04-09T07:13:08.077+0000] {processor.py:830} INFO - Processing file /home/airflow/.local/lib/python3.8/site-packages/airflow/example_dags/example_sla_dag.py for tasks to queue
[2025-04-09T07:13:08.078+0000] {logging_mixin.py:188} INFO - [2025-04-09T07:13:08.078+0000] {dagbag.py:538} INFO - Filling up the DagBag from /home/airflow/.local/lib/python3.8/site-packages/airflow/example_dags/example_sla_dag.py
[2025-04-09T07:13:08.088+0000] {processor.py:840} INFO - DAG(s) 'example_sla_dag' retrieved from /home/airflow/.local/lib/python3.8/site-packages/airflow/example_dags/example_sla_dag.py
[2025-04-09T07:13:08.108+0000] {logging_mixin.py:188} INFO - [2025-04-09T07:13:08.107+0000] {dag.py:3036} INFO - Sync 1 DAGs
[2025-04-09T07:13:11.715+0000] {logging_mixin.py:188} INFO - [2025-04-09T07:13:11.714+0000] {dag.py:3823} INFO - Setting next_dagrun for example_sla_dag to 2025-04-09 07:10:00+00:00, run_after=2025-04-09 07:12:00+00:00
[2025-04-09T07:13:11.781+0000] {processor.py:183} INFO - Processing /home/airflow/.local/lib/python3.8/site-packages/airflow/example_dags/example_sla_dag.py took 0.146 seconds
[2025-04-09T07:13:42.237+0000] {processor.py:161} INFO - Started process (PID=502) to work on /home/airflow/.local/lib/python3.8/site-packages/airflow/example_dags/example_sla_dag.py
[2025-04-09T07:13:42.257+0000] {processor.py:830} INFO - Processing file /home/airflow/.local/lib/python3.8/site-packages/airflow/example_dags/example_sla_dag.py for tasks to queue
[2025-04-09T07:13:42.259+0000] {logging_mixin.py:188} INFO - [2025-04-09T07:13:42.259+0000] {dagbag.py:538} INFO - Filling up the DagBag from /home/airflow/.local/lib/python3.8/site-packages/airflow/example_dags/example_sla_dag.py
[2025-04-09T07:13:42.269+0000] {processor.py:840} INFO - DAG(s) 'example_sla_dag' retrieved from /home/airflow/.local/lib/python3.8/site-packages/airflow/example_dags/example_sla_dag.py
[2025-04-09T07:13:42.293+0000] {logging_mixin.py:188} INFO - [2025-04-09T07:13:42.293+0000] {dag.py:3036} INFO - Sync 1 DAGs
[2025-04-09T07:13:42.324+0000] {logging_mixin.py:188} INFO - [2025-04-09T07:13:42.323+0000] {dag.py:3823} INFO - Setting next_dagrun for example_sla_dag to 2025-04-09 07:10:00+00:00, run_after=2025-04-09 07:12:00+00:00
[2025-04-09T07:13:42.423+0000] {processor.py:183} INFO - Processing /home/airflow/.local/lib/python3.8/site-packages/airflow/example_dags/example_sla_dag.py took 0.190 seconds
[2025-04-09T07:14:12.708+0000] {processor.py:161} INFO - Started process (PID=560) to work on /home/airflow/.local/lib/python3.8/site-packages/airflow/example_dags/example_sla_dag.py
[2025-04-09T07:14:12.710+0000] {processor.py:830} INFO - Processing file /home/airflow/.local/lib/python3.8/site-packages/airflow/example_dags/example_sla_dag.py for tasks to queue
[2025-04-09T07:14:12.712+0000] {logging_mixin.py:188} INFO - [2025-04-09T07:14:12.711+0000] {dagbag.py:538} INFO - Filling up the DagBag from /home/airflow/.local/lib/python3.8/site-packages/airflow/example_dags/example_sla_dag.py
[2025-04-09T07:14:12.721+0000] {processor.py:840} INFO - DAG(s) 'example_sla_dag' retrieved from /home/airflow/.local/lib/python3.8/site-packages/airflow/example_dags/example_sla_dag.py
[2025-04-09T07:14:12.744+0000] {logging_mixin.py:188} INFO - [2025-04-09T07:14:12.744+0000] {dag.py:3036} INFO - Sync 1 DAGs
[2025-04-09T07:14:12.776+0000] {logging_mixin.py:188} INFO - [2025-04-09T07:14:12.775+0000] {dag.py:3823} INFO - Setting next_dagrun for example_sla_dag to 2025-04-09 07:12:00+00:00, run_after=2025-04-09 07:14:00+00:00
[2025-04-09T07:14:12.836+0000] {processor.py:183} INFO - Processing /home/airflow/.local/lib/python3.8/site-packages/airflow/example_dags/example_sla_dag.py took 0.132 seconds
[2025-04-09T07:14:42.860+0000] {processor.py:161} INFO - Started process (PID=617) to work on /home/airflow/.local/lib/python3.8/site-packages/airflow/example_dags/example_sla_dag.py
[2025-04-09T07:14:42.861+0000] {processor.py:830} INFO - Processing file /home/airflow/.local/lib/python3.8/site-packages/airflow/example_dags/example_sla_dag.py for tasks to queue
[2025-04-09T07:14:42.862+0000] {logging_mixin.py:188} INFO - [2025-04-09T07:14:42.862+0000] {dagbag.py:538} INFO - Filling up the DagBag from /home/airflow/.local/lib/python3.8/site-packages/airflow/example_dags/example_sla_dag.py
[2025-04-09T07:14:42.871+0000] {processor.py:840} INFO - DAG(s) 'example_sla_dag' retrieved from /home/airflow/.local/lib/python3.8/site-packages/airflow/example_dags/example_sla_dag.py
[2025-04-09T07:14:42.895+0000] {logging_mixin.py:188} INFO - [2025-04-09T07:14:42.895+0000] {dag.py:3036} INFO - Sync 1 DAGs
[2025-04-09T07:14:42.925+0000] {logging_mixin.py:188} INFO - [2025-04-09T07:14:42.925+0000] {dag.py:3823} INFO - Setting next_dagrun for example_sla_dag to 2025-04-09 07:12:00+00:00, run_after=2025-04-09 07:14:00+00:00
[2025-04-09T07:14:42.985+0000] {processor.py:183} INFO - Processing /home/airflow/.local/lib/python3.8/site-packages/airflow/example_dags/example_sla_dag.py took 0.128 seconds
[2025-04-09T07:15:13.082+0000] {processor.py:161} INFO - Started process (PID=676) to work on /home/airflow/.local/lib/python3.8/site-packages/airflow/example_dags/example_sla_dag.py
[2025-04-09T07:15:13.108+0000] {processor.py:830} INFO - Processing file /home/airflow/.local/lib/python3.8/site-packages/airflow/example_dags/example_sla_dag.py for tasks to queue
[2025-04-09T07:15:13.110+0000] {logging_mixin.py:188} INFO - [2025-04-09T07:15:13.109+0000] {dagbag.py:538} INFO - Filling up the DagBag from /home/airflow/.local/lib/python3.8/site-packages/airflow/example_dags/example_sla_dag.py
[2025-04-09T07:15:13.119+0000] {processor.py:840} INFO - DAG(s) 'example_sla_dag' retrieved from /home/airflow/.local/lib/python3.8/site-packages/airflow/example_dags/example_sla_dag.py
[2025-04-09T07:15:13.139+0000] {logging_mixin.py:188} INFO - [2025-04-09T07:15:13.139+0000] {dag.py:3036} INFO - Sync 1 DAGs
[2025-04-09T07:15:13.165+0000] {logging_mixin.py:188} INFO - [2025-04-09T07:15:13.165+0000] {dag.py:3823} INFO - Setting next_dagrun for example_sla_dag to 2025-04-09 07:12:00+00:00, run_after=2025-04-09 07:14:00+00:00
[2025-04-09T07:15:13.230+0000] {processor.py:183} INFO - Processing /home/airflow/.local/lib/python3.8/site-packages/airflow/example_dags/example_sla_dag.py took 0.151 seconds
[2025-04-09T07:15:43.571+0000] {processor.py:161} INFO - Started process (PID=734) to work on /home/airflow/.local/lib/python3.8/site-packages/airflow/example_dags/example_sla_dag.py
[2025-04-09T07:15:43.572+0000] {processor.py:830} INFO - Processing file /home/airflow/.local/lib/python3.8/site-packages/airflow/example_dags/example_sla_dag.py for tasks to queue
[2025-04-09T07:15:43.573+0000] {logging_mixin.py:188} INFO - [2025-04-09T07:15:43.573+0000] {dagbag.py:538} INFO - Filling up the DagBag from /home/airflow/.local/lib/python3.8/site-packages/airflow/example_dags/example_sla_dag.py
[2025-04-09T07:15:43.584+0000] {processor.py:840} INFO - DAG(s) 'example_sla_dag' retrieved from /home/airflow/.local/lib/python3.8/site-packages/airflow/example_dags/example_sla_dag.py
[2025-04-09T07:15:43.608+0000] {logging_mixin.py:188} INFO - [2025-04-09T07:15:43.607+0000] {dag.py:3036} INFO - Sync 1 DAGs
[2025-04-09T07:15:43.636+0000] {logging_mixin.py:188} INFO - [2025-04-09T07:15:43.636+0000] {dag.py:3823} INFO - Setting next_dagrun for example_sla_dag to 2025-04-09 07:12:00+00:00, run_after=2025-04-09 07:14:00+00:00
[2025-04-09T07:15:43.692+0000] {processor.py:183} INFO - Processing /home/airflow/.local/lib/python3.8/site-packages/airflow/example_dags/example_sla_dag.py took 0.125 seconds
[2025-04-09T07:16:13.829+0000] {processor.py:161} INFO - Started process (PID=792) to work on /home/airflow/.local/lib/python3.8/site-packages/airflow/example_dags/example_sla_dag.py
[2025-04-09T07:16:13.830+0000] {processor.py:830} INFO - Processing file /home/airflow/.local/lib/python3.8/site-packages/airflow/example_dags/example_sla_dag.py for tasks to queue
[2025-04-09T07:16:13.832+0000] {logging_mixin.py:188} INFO - [2025-04-09T07:16:13.832+0000] {dagbag.py:538} INFO - Filling up the DagBag from /home/airflow/.local/lib/python3.8/site-packages/airflow/example_dags/example_sla_dag.py
[2025-04-09T07:16:13.842+0000] {processor.py:840} INFO - DAG(s) 'example_sla_dag' retrieved from /home/airflow/.local/lib/python3.8/site-packages/airflow/example_dags/example_sla_dag.py
[2025-04-09T07:16:13.865+0000] {logging_mixin.py:188} INFO - [2025-04-09T07:16:13.865+0000] {dag.py:3036} INFO - Sync 1 DAGs
[2025-04-09T07:16:13.896+0000] {logging_mixin.py:188} INFO - [2025-04-09T07:16:13.895+0000] {dag.py:3823} INFO - Setting next_dagrun for example_sla_dag to 2025-04-09 07:14:00+00:00, run_after=2025-04-09 07:16:00+00:00
[2025-04-09T07:16:13.964+0000] {processor.py:183} INFO - Processing /home/airflow/.local/lib/python3.8/site-packages/airflow/example_dags/example_sla_dag.py took 0.139 seconds
[2025-04-09T07:16:47.241+0000] {processor.py:161} INFO - Started process (PID=850) to work on /home/airflow/.local/lib/python3.8/site-packages/airflow/example_dags/example_sla_dag.py
[2025-04-09T07:16:47.297+0000] {processor.py:830} INFO - Processing file /home/airflow/.local/lib/python3.8/site-packages/airflow/example_dags/example_sla_dag.py for tasks to queue
[2025-04-09T07:16:47.300+0000] {logging_mixin.py:188} INFO - [2025-04-09T07:16:47.299+0000] {dagbag.py:538} INFO - Filling up the DagBag from /home/airflow/.local/lib/python3.8/site-packages/airflow/example_dags/example_sla_dag.py
[2025-04-09T07:16:47.307+0000] {processor.py:840} INFO - DAG(s) 'example_sla_dag' retrieved from /home/airflow/.local/lib/python3.8/site-packages/airflow/example_dags/example_sla_dag.py
[2025-04-09T07:16:47.326+0000] {logging_mixin.py:188} INFO - [2025-04-09T07:16:47.326+0000] {dag.py:3036} INFO - Sync 1 DAGs
[2025-04-09T07:16:47.350+0000] {logging_mixin.py:188} INFO - [2025-04-09T07:16:47.350+0000] {dag.py:3823} INFO - Setting next_dagrun for example_sla_dag to 2025-04-09 07:14:00+00:00, run_after=2025-04-09 07:16:00+00:00
[2025-04-09T07:16:47.539+0000] {processor.py:183} INFO - Processing /home/airflow/.local/lib/python3.8/site-packages/airflow/example_dags/example_sla_dag.py took 0.301 seconds
[2025-04-09T07:17:17.868+0000] {processor.py:161} INFO - Started process (PID=908) to work on /home/airflow/.local/lib/python3.8/site-packages/airflow/example_dags/example_sla_dag.py
[2025-04-09T07:17:17.886+0000] {processor.py:830} INFO - Processing file /home/airflow/.local/lib/python3.8/site-packages/airflow/example_dags/example_sla_dag.py for tasks to queue
[2025-04-09T07:17:17.888+0000] {logging_mixin.py:188} INFO - [2025-04-09T07:17:17.887+0000] {dagbag.py:538} INFO - Filling up the DagBag from /home/airflow/.local/lib/python3.8/site-packages/airflow/example_dags/example_sla_dag.py
[2025-04-09T07:17:17.898+0000] {processor.py:840} INFO - DAG(s) 'example_sla_dag' retrieved from /home/airflow/.local/lib/python3.8/site-packages/airflow/example_dags/example_sla_dag.py
[2025-04-09T07:17:17.920+0000] {logging_mixin.py:188} INFO - [2025-04-09T07:17:17.920+0000] {dag.py:3036} INFO - Sync 1 DAGs
[2025-04-09T07:17:17.950+0000] {logging_mixin.py:188} INFO - [2025-04-09T07:17:17.949+0000] {dag.py:3823} INFO - Setting next_dagrun for example_sla_dag to 2025-04-09 07:14:00+00:00, run_after=2025-04-09 07:16:00+00:00
[2025-04-09T07:17:18.020+0000] {processor.py:183} INFO - Processing /home/airflow/.local/lib/python3.8/site-packages/airflow/example_dags/example_sla_dag.py took 0.155 seconds
[2025-04-09T07:17:48.238+0000] {processor.py:161} INFO - Started process (PID=966) to work on /home/airflow/.local/lib/python3.8/site-packages/airflow/example_dags/example_sla_dag.py
[2025-04-09T07:17:48.239+0000] {processor.py:830} INFO - Processing file /home/airflow/.local/lib/python3.8/site-packages/airflow/example_dags/example_sla_dag.py for tasks to queue
[2025-04-09T07:17:48.241+0000] {logging_mixin.py:188} INFO - [2025-04-09T07:17:48.240+0000] {dagbag.py:538} INFO - Filling up the DagBag from /home/airflow/.local/lib/python3.8/site-packages/airflow/example_dags/example_sla_dag.py
[2025-04-09T07:17:48.250+0000] {processor.py:840} INFO - DAG(s) 'example_sla_dag' retrieved from /home/airflow/.local/lib/python3.8/site-packages/airflow/example_dags/example_sla_dag.py
[2025-04-09T07:17:48.275+0000] {logging_mixin.py:188} INFO - [2025-04-09T07:17:48.275+0000] {dag.py:3036} INFO - Sync 1 DAGs
[2025-04-09T07:17:48.305+0000] {logging_mixin.py:188} INFO - [2025-04-09T07:17:48.305+0000] {dag.py:3823} INFO - Setting next_dagrun for example_sla_dag to 2025-04-09 07:14:00+00:00, run_after=2025-04-09 07:16:00+00:00
[2025-04-09T07:17:48.370+0000] {processor.py:183} INFO - Processing /home/airflow/.local/lib/python3.8/site-packages/airflow/example_dags/example_sla_dag.py took 0.135 seconds
[2025-04-09T07:18:19.325+0000] {processor.py:161} INFO - Started process (PID=1024) to work on /home/airflow/.local/lib/python3.8/site-packages/airflow/example_dags/example_sla_dag.py
[2025-04-09T07:18:19.326+0000] {processor.py:830} INFO - Processing file /home/airflow/.local/lib/python3.8/site-packages/airflow/example_dags/example_sla_dag.py for tasks to queue
[2025-04-09T07:18:19.328+0000] {logging_mixin.py:188} INFO - [2025-04-09T07:18:19.327+0000] {dagbag.py:538} INFO - Filling up the DagBag from /home/airflow/.local/lib/python3.8/site-packages/airflow/example_dags/example_sla_dag.py
[2025-04-09T07:18:19.337+0000] {processor.py:840} INFO - DAG(s) 'example_sla_dag' retrieved from /home/airflow/.local/lib/python3.8/site-packages/airflow/example_dags/example_sla_dag.py
[2025-04-09T07:18:19.361+0000] {logging_mixin.py:188} INFO - [2025-04-09T07:18:19.360+0000] {dag.py:3036} INFO - Sync 1 DAGs
[2025-04-09T07:18:19.388+0000] {logging_mixin.py:188} INFO - [2025-04-09T07:18:19.388+0000] {dag.py:3823} INFO - Setting next_dagrun for example_sla_dag to 2025-04-09 07:16:00+00:00, run_after=2025-04-09 07:18:00+00:00
[2025-04-09T07:18:19.436+0000] {processor.py:183} INFO - Processing /home/airflow/.local/lib/python3.8/site-packages/airflow/example_dags/example_sla_dag.py took 0.114 seconds
[2025-04-09T07:18:49.779+0000] {processor.py:161} INFO - Started process (PID=1076) to work on /home/airflow/.local/lib/python3.8/site-packages/airflow/example_dags/example_sla_dag.py
[2025-04-09T07:18:49.780+0000] {processor.py:830} INFO - Processing file /home/airflow/.local/lib/python3.8/site-packages/airflow/example_dags/example_sla_dag.py for tasks to queue
[2025-04-09T07:18:49.782+0000] {logging_mixin.py:188} INFO - [2025-04-09T07:18:49.782+0000] {dagbag.py:538} INFO - Filling up the DagBag from /home/airflow/.local/lib/python3.8/site-packages/airflow/example_dags/example_sla_dag.py
[2025-04-09T07:18:49.790+0000] {processor.py:840} INFO - DAG(s) 'example_sla_dag' retrieved from /home/airflow/.local/lib/python3.8/site-packages/airflow/example_dags/example_sla_dag.py
[2025-04-09T07:18:49.811+0000] {logging_mixin.py:188} INFO - [2025-04-09T07:18:49.810+0000] {dag.py:3036} INFO - Sync 1 DAGs
[2025-04-09T07:18:49.836+0000] {logging_mixin.py:188} INFO - [2025-04-09T07:18:49.836+0000] {dag.py:3823} INFO - Setting next_dagrun for example_sla_dag to 2025-04-09 07:16:00+00:00, run_after=2025-04-09 07:18:00+00:00
[2025-04-09T07:18:49.905+0000] {processor.py:183} INFO - Processing /home/airflow/.local/lib/python3.8/site-packages/airflow/example_dags/example_sla_dag.py took 0.128 seconds
[2025-04-09T07:19:20.050+0000] {processor.py:161} INFO - Started process (PID=1134) to work on /home/airflow/.local/lib/python3.8/site-packages/airflow/example_dags/example_sla_dag.py
[2025-04-09T07:19:20.051+0000] {processor.py:830} INFO - Processing file /home/airflow/.local/lib/python3.8/site-packages/airflow/example_dags/example_sla_dag.py for tasks to queue
[2025-04-09T07:19:20.052+0000] {logging_mixin.py:188} INFO - [2025-04-09T07:19:20.052+0000] {dagbag.py:538} INFO - Filling up the DagBag from /home/airflow/.local/lib/python3.8/site-packages/airflow/example_dags/example_sla_dag.py
[2025-04-09T07:19:20.061+0000] {processor.py:840} INFO - DAG(s) 'example_sla_dag' retrieved from /home/airflow/.local/lib/python3.8/site-packages/airflow/example_dags/example_sla_dag.py
[2025-04-09T07:19:20.082+0000] {logging_mixin.py:188} INFO - [2025-04-09T07:19:20.081+0000] {dag.py:3036} INFO - Sync 1 DAGs
[2025-04-09T07:19:20.111+0000] {logging_mixin.py:188} INFO - [2025-04-09T07:19:20.111+0000] {dag.py:3823} INFO - Setting next_dagrun for example_sla_dag to 2025-04-09 07:16:00+00:00, run_after=2025-04-09 07:18:00+00:00
[2025-04-09T07:19:20.167+0000] {processor.py:183} INFO - Processing /home/airflow/.local/lib/python3.8/site-packages/airflow/example_dags/example_sla_dag.py took 0.120 seconds
[2025-04-09T07:19:50.304+0000] {processor.py:161} INFO - Started process (PID=1192) to work on /home/airflow/.local/lib/python3.8/site-packages/airflow/example_dags/example_sla_dag.py
[2025-04-09T07:19:50.305+0000] {processor.py:830} INFO - Processing file /home/airflow/.local/lib/python3.8/site-packages/airflow/example_dags/example_sla_dag.py for tasks to queue
[2025-04-09T07:19:50.307+0000] {logging_mixin.py:188} INFO - [2025-04-09T07:19:50.307+0000] {dagbag.py:538} INFO - Filling up the DagBag from /home/airflow/.local/lib/python3.8/site-packages/airflow/example_dags/example_sla_dag.py
[2025-04-09T07:19:50.316+0000] {processor.py:840} INFO - DAG(s) 'example_sla_dag' retrieved from /home/airflow/.local/lib/python3.8/site-packages/airflow/example_dags/example_sla_dag.py
[2025-04-09T07:19:50.338+0000] {logging_mixin.py:188} INFO - [2025-04-09T07:19:50.337+0000] {dag.py:3036} INFO - Sync 1 DAGs
[2025-04-09T07:19:50.366+0000] {logging_mixin.py:188} INFO - [2025-04-09T07:19:50.366+0000] {dag.py:3823} INFO - Setting next_dagrun for example_sla_dag to 2025-04-09 07:16:00+00:00, run_after=2025-04-09 07:18:00+00:00
[2025-04-09T07:19:50.418+0000] {processor.py:183} INFO - Processing /home/airflow/.local/lib/python3.8/site-packages/airflow/example_dags/example_sla_dag.py took 0.116 seconds
[2025-04-09T07:20:22.523+0000] {processor.py:161} INFO - Started process (PID=1250) to work on /home/airflow/.local/lib/python3.8/site-packages/airflow/example_dags/example_sla_dag.py
[2025-04-09T07:20:22.594+0000] {processor.py:830} INFO - Processing file /home/airflow/.local/lib/python3.8/site-packages/airflow/example_dags/example_sla_dag.py for tasks to queue
[2025-04-09T07:20:22.595+0000] {logging_mixin.py:188} INFO - [2025-04-09T07:20:22.595+0000] {dagbag.py:538} INFO - Filling up the DagBag from /home/airflow/.local/lib/python3.8/site-packages/airflow/example_dags/example_sla_dag.py
[2025-04-09T07:20:22.604+0000] {processor.py:840} INFO - DAG(s) 'example_sla_dag' retrieved from /home/airflow/.local/lib/python3.8/site-packages/airflow/example_dags/example_sla_dag.py
[2025-04-09T07:20:22.623+0000] {logging_mixin.py:188} INFO - [2025-04-09T07:20:22.623+0000] {dag.py:3036} INFO - Sync 1 DAGs
[2025-04-09T07:20:22.647+0000] {logging_mixin.py:188} INFO - [2025-04-09T07:20:22.647+0000] {dag.py:3823} INFO - Setting next_dagrun for example_sla_dag to 2025-04-09 07:18:00+00:00, run_after=2025-04-09 07:20:00+00:00
[2025-04-09T07:20:22.704+0000] {processor.py:183} INFO - Processing /home/airflow/.local/lib/python3.8/site-packages/airflow/example_dags/example_sla_dag.py took 0.184 seconds
[2025-04-09T07:20:53.205+0000] {processor.py:161} INFO - Started process (PID=1308) to work on /home/airflow/.local/lib/python3.8/site-packages/airflow/example_dags/example_sla_dag.py
[2025-04-09T07:20:53.224+0000] {processor.py:830} INFO - Processing file /home/airflow/.local/lib/python3.8/site-packages/airflow/example_dags/example_sla_dag.py for tasks to queue
[2025-04-09T07:20:53.226+0000] {logging_mixin.py:188} INFO - [2025-04-09T07:20:53.225+0000] {dagbag.py:538} INFO - Filling up the DagBag from /home/airflow/.local/lib/python3.8/site-packages/airflow/example_dags/example_sla_dag.py
[2025-04-09T07:20:53.234+0000] {processor.py:840} INFO - DAG(s) 'example_sla_dag' retrieved from /home/airflow/.local/lib/python3.8/site-packages/airflow/example_dags/example_sla_dag.py
[2025-04-09T07:20:53.257+0000] {logging_mixin.py:188} INFO - [2025-04-09T07:20:53.257+0000] {dag.py:3036} INFO - Sync 1 DAGs
[2025-04-09T07:20:53.283+0000] {logging_mixin.py:188} INFO - [2025-04-09T07:20:53.283+0000] {dag.py:3823} INFO - Setting next_dagrun for example_sla_dag to 2025-04-09 07:18:00+00:00, run_after=2025-04-09 07:20:00+00:00
[2025-04-09T07:20:53.342+0000] {processor.py:183} INFO - Processing /home/airflow/.local/lib/python3.8/site-packages/airflow/example_dags/example_sla_dag.py took 0.140 seconds
[2025-04-09T07:21:23.630+0000] {processor.py:161} INFO - Started process (PID=1366) to work on /home/airflow/.local/lib/python3.8/site-packages/airflow/example_dags/example_sla_dag.py
[2025-04-09T07:21:23.657+0000] {processor.py:830} INFO - Processing file /home/airflow/.local/lib/python3.8/site-packages/airflow/example_dags/example_sla_dag.py for tasks to queue
[2025-04-09T07:21:23.658+0000] {logging_mixin.py:188} INFO - [2025-04-09T07:21:23.658+0000] {dagbag.py:538} INFO - Filling up the DagBag from /home/airflow/.local/lib/python3.8/site-packages/airflow/example_dags/example_sla_dag.py
[2025-04-09T07:21:23.670+0000] {processor.py:840} INFO - DAG(s) 'example_sla_dag' retrieved from /home/airflow/.local/lib/python3.8/site-packages/airflow/example_dags/example_sla_dag.py
[2025-04-09T07:21:23.692+0000] {logging_mixin.py:188} INFO - [2025-04-09T07:21:23.692+0000] {dag.py:3036} INFO - Sync 1 DAGs
[2025-04-09T07:21:23.722+0000] {logging_mixin.py:188} INFO - [2025-04-09T07:21:23.722+0000] {dag.py:3823} INFO - Setting next_dagrun for example_sla_dag to 2025-04-09 07:18:00+00:00, run_after=2025-04-09 07:20:00+00:00
[2025-04-09T07:21:23.777+0000] {processor.py:183} INFO - Processing /home/airflow/.local/lib/python3.8/site-packages/airflow/example_dags/example_sla_dag.py took 0.151 seconds
[2025-04-09T07:21:54.243+0000] {processor.py:161} INFO - Started process (PID=1424) to work on /home/airflow/.local/lib/python3.8/site-packages/airflow/example_dags/example_sla_dag.py
[2025-04-09T07:21:54.246+0000] {processor.py:830} INFO - Processing file /home/airflow/.local/lib/python3.8/site-packages/airflow/example_dags/example_sla_dag.py for tasks to queue
[2025-04-09T07:21:54.248+0000] {logging_mixin.py:188} INFO - [2025-04-09T07:21:54.248+0000] {dagbag.py:538} INFO - Filling up the DagBag from /home/airflow/.local/lib/python3.8/site-packages/airflow/example_dags/example_sla_dag.py
[2025-04-09T07:21:54.260+0000] {processor.py:840} INFO - DAG(s) 'example_sla_dag' retrieved from /home/airflow/.local/lib/python3.8/site-packages/airflow/example_dags/example_sla_dag.py
[2025-04-09T07:21:54.296+0000] {logging_mixin.py:188} INFO - [2025-04-09T07:21:54.295+0000] {dag.py:3036} INFO - Sync 1 DAGs
[2025-04-09T07:21:54.353+0000] {logging_mixin.py:188} INFO - [2025-04-09T07:21:54.353+0000] {dag.py:3823} INFO - Setting next_dagrun for example_sla_dag to 2025-04-09 07:18:00+00:00, run_after=2025-04-09 07:20:00+00:00
[2025-04-09T07:21:54.409+0000] {processor.py:183} INFO - Processing /home/airflow/.local/lib/python3.8/site-packages/airflow/example_dags/example_sla_dag.py took 0.179 seconds
[2025-04-09T07:22:24.570+0000] {processor.py:161} INFO - Started process (PID=1482) to work on /home/airflow/.local/lib/python3.8/site-packages/airflow/example_dags/example_sla_dag.py
[2025-04-09T07:22:24.591+0000] {processor.py:830} INFO - Processing file /home/airflow/.local/lib/python3.8/site-packages/airflow/example_dags/example_sla_dag.py for tasks to queue
[2025-04-09T07:22:24.594+0000] {logging_mixin.py:188} INFO - [2025-04-09T07:22:24.593+0000] {dagbag.py:538} INFO - Filling up the DagBag from /home/airflow/.local/lib/python3.8/site-packages/airflow/example_dags/example_sla_dag.py
[2025-04-09T07:22:24.603+0000] {processor.py:840} INFO - DAG(s) 'example_sla_dag' retrieved from /home/airflow/.local/lib/python3.8/site-packages/airflow/example_dags/example_sla_dag.py
[2025-04-09T07:22:24.624+0000] {logging_mixin.py:188} INFO - [2025-04-09T07:22:24.624+0000] {dag.py:3036} INFO - Sync 1 DAGs
[2025-04-09T07:22:24.650+0000] {logging_mixin.py:188} INFO - [2025-04-09T07:22:24.650+0000] {dag.py:3823} INFO - Setting next_dagrun for example_sla_dag to 2025-04-09 07:20:00+00:00, run_after=2025-04-09 07:22:00+00:00
[2025-04-09T07:22:24.709+0000] {processor.py:183} INFO - Processing /home/airflow/.local/lib/python3.8/site-packages/airflow/example_dags/example_sla_dag.py took 0.143 seconds
[2025-04-09T07:22:55.239+0000] {processor.py:161} INFO - Started process (PID=1540) to work on /home/airflow/.local/lib/python3.8/site-packages/airflow/example_dags/example_sla_dag.py
[2025-04-09T07:22:55.240+0000] {processor.py:830} INFO - Processing file /home/airflow/.local/lib/python3.8/site-packages/airflow/example_dags/example_sla_dag.py for tasks to queue
[2025-04-09T07:22:55.242+0000] {logging_mixin.py:188} INFO - [2025-04-09T07:22:55.242+0000] {dagbag.py:538} INFO - Filling up the DagBag from /home/airflow/.local/lib/python3.8/site-packages/airflow/example_dags/example_sla_dag.py
[2025-04-09T07:22:55.250+0000] {processor.py:840} INFO - DAG(s) 'example_sla_dag' retrieved from /home/airflow/.local/lib/python3.8/site-packages/airflow/example_dags/example_sla_dag.py
[2025-04-09T07:22:55.270+0000] {logging_mixin.py:188} INFO - [2025-04-09T07:22:55.270+0000] {dag.py:3036} INFO - Sync 1 DAGs
[2025-04-09T07:22:55.299+0000] {logging_mixin.py:188} INFO - [2025-04-09T07:22:55.298+0000] {dag.py:3823} INFO - Setting next_dagrun for example_sla_dag to 2025-04-09 07:20:00+00:00, run_after=2025-04-09 07:22:00+00:00
[2025-04-09T07:22:55.362+0000] {processor.py:183} INFO - Processing /home/airflow/.local/lib/python3.8/site-packages/airflow/example_dags/example_sla_dag.py took 0.126 seconds
[2025-04-09T07:23:25.936+0000] {processor.py:161} INFO - Started process (PID=1598) to work on /home/airflow/.local/lib/python3.8/site-packages/airflow/example_dags/example_sla_dag.py
[2025-04-09T07:23:25.937+0000] {processor.py:830} INFO - Processing file /home/airflow/.local/lib/python3.8/site-packages/airflow/example_dags/example_sla_dag.py for tasks to queue
[2025-04-09T07:23:25.939+0000] {logging_mixin.py:188} INFO - [2025-04-09T07:23:25.939+0000] {dagbag.py:538} INFO - Filling up the DagBag from /home/airflow/.local/lib/python3.8/site-packages/airflow/example_dags/example_sla_dag.py
[2025-04-09T07:23:25.948+0000] {processor.py:840} INFO - DAG(s) 'example_sla_dag' retrieved from /home/airflow/.local/lib/python3.8/site-packages/airflow/example_dags/example_sla_dag.py
[2025-04-09T07:23:25.972+0000] {logging_mixin.py:188} INFO - [2025-04-09T07:23:25.972+0000] {dag.py:3036} INFO - Sync 1 DAGs
[2025-04-09T07:23:26.006+0000] {logging_mixin.py:188} INFO - [2025-04-09T07:23:26.006+0000] {dag.py:3823} INFO - Setting next_dagrun for example_sla_dag to 2025-04-09 07:20:00+00:00, run_after=2025-04-09 07:22:00+00:00
[2025-04-09T07:23:26.051+0000] {processor.py:183} INFO - Processing /home/airflow/.local/lib/python3.8/site-packages/airflow/example_dags/example_sla_dag.py took 0.119 seconds
[2025-04-09T07:23:57.610+0000] {processor.py:161} INFO - Started process (PID=1656) to work on /home/airflow/.local/lib/python3.8/site-packages/airflow/example_dags/example_sla_dag.py
[2025-04-09T07:23:57.635+0000] {processor.py:830} INFO - Processing file /home/airflow/.local/lib/python3.8/site-packages/airflow/example_dags/example_sla_dag.py for tasks to queue
[2025-04-09T07:23:57.637+0000] {logging_mixin.py:188} INFO - [2025-04-09T07:23:57.637+0000] {dagbag.py:538} INFO - Filling up the DagBag from /home/airflow/.local/lib/python3.8/site-packages/airflow/example_dags/example_sla_dag.py
[2025-04-09T07:23:57.647+0000] {processor.py:840} INFO - DAG(s) 'example_sla_dag' retrieved from /home/airflow/.local/lib/python3.8/site-packages/airflow/example_dags/example_sla_dag.py
[2025-04-09T07:23:57.669+0000] {logging_mixin.py:188} INFO - [2025-04-09T07:23:57.669+0000] {dag.py:3036} INFO - Sync 1 DAGs
[2025-04-09T07:23:57.698+0000] {logging_mixin.py:188} INFO - [2025-04-09T07:23:57.698+0000] {dag.py:3823} INFO - Setting next_dagrun for example_sla_dag to 2025-04-09 07:20:00+00:00, run_after=2025-04-09 07:22:00+00:00
[2025-04-09T07:23:57.749+0000] {processor.py:183} INFO - Processing /home/airflow/.local/lib/python3.8/site-packages/airflow/example_dags/example_sla_dag.py took 0.141 seconds
[2025-04-09T07:24:28.701+0000] {processor.py:161} INFO - Started process (PID=1714) to work on /home/airflow/.local/lib/python3.8/site-packages/airflow/example_dags/example_sla_dag.py
[2025-04-09T07:24:28.702+0000] {processor.py:830} INFO - Processing file /home/airflow/.local/lib/python3.8/site-packages/airflow/example_dags/example_sla_dag.py for tasks to queue
[2025-04-09T07:24:28.703+0000] {logging_mixin.py:188} INFO - [2025-04-09T07:24:28.703+0000] {dagbag.py:538} INFO - Filling up the DagBag from /home/airflow/.local/lib/python3.8/site-packages/airflow/example_dags/example_sla_dag.py
[2025-04-09T07:24:28.713+0000] {processor.py:840} INFO - DAG(s) 'example_sla_dag' retrieved from /home/airflow/.local/lib/python3.8/site-packages/airflow/example_dags/example_sla_dag.py
[2025-04-09T07:24:28.735+0000] {logging_mixin.py:188} INFO - [2025-04-09T07:24:28.734+0000] {dag.py:3036} INFO - Sync 1 DAGs
[2025-04-09T07:24:28.764+0000] {logging_mixin.py:188} INFO - [2025-04-09T07:24:28.764+0000] {dag.py:3823} INFO - Setting next_dagrun for example_sla_dag to 2025-04-09 07:22:00+00:00, run_after=2025-04-09 07:24:00+00:00
[2025-04-09T07:24:28.806+0000] {processor.py:183} INFO - Processing /home/airflow/.local/lib/python3.8/site-packages/airflow/example_dags/example_sla_dag.py took 0.109 seconds
[2025-04-09T07:24:59.368+0000] {processor.py:161} INFO - Started process (PID=1772) to work on /home/airflow/.local/lib/python3.8/site-packages/airflow/example_dags/example_sla_dag.py
[2025-04-09T07:24:59.369+0000] {processor.py:830} INFO - Processing file /home/airflow/.local/lib/python3.8/site-packages/airflow/example_dags/example_sla_dag.py for tasks to queue
[2025-04-09T07:24:59.370+0000] {logging_mixin.py:188} INFO - [2025-04-09T07:24:59.370+0000] {dagbag.py:538} INFO - Filling up the DagBag from /home/airflow/.local/lib/python3.8/site-packages/airflow/example_dags/example_sla_dag.py
[2025-04-09T07:24:59.380+0000] {processor.py:840} INFO - DAG(s) 'example_sla_dag' retrieved from /home/airflow/.local/lib/python3.8/site-packages/airflow/example_dags/example_sla_dag.py
[2025-04-09T07:24:59.404+0000] {logging_mixin.py:188} INFO - [2025-04-09T07:24:59.404+0000] {dag.py:3036} INFO - Sync 1 DAGs
[2025-04-09T07:24:59.435+0000] {logging_mixin.py:188} INFO - [2025-04-09T07:24:59.435+0000] {dag.py:3823} INFO - Setting next_dagrun for example_sla_dag to 2025-04-09 07:22:00+00:00, run_after=2025-04-09 07:24:00+00:00
[2025-04-09T07:24:59.526+0000] {processor.py:183} INFO - Processing /home/airflow/.local/lib/python3.8/site-packages/airflow/example_dags/example_sla_dag.py took 0.162 seconds
[2025-04-09T07:25:29.683+0000] {processor.py:161} INFO - Started process (PID=1824) to work on /home/airflow/.local/lib/python3.8/site-packages/airflow/example_dags/example_sla_dag.py
[2025-04-09T07:25:29.684+0000] {processor.py:830} INFO - Processing file /home/airflow/.local/lib/python3.8/site-packages/airflow/example_dags/example_sla_dag.py for tasks to queue
[2025-04-09T07:25:29.686+0000] {logging_mixin.py:188} INFO - [2025-04-09T07:25:29.685+0000] {dagbag.py:538} INFO - Filling up the DagBag from /home/airflow/.local/lib/python3.8/site-packages/airflow/example_dags/example_sla_dag.py
[2025-04-09T07:25:29.693+0000] {processor.py:840} INFO - DAG(s) 'example_sla_dag' retrieved from /home/airflow/.local/lib/python3.8/site-packages/airflow/example_dags/example_sla_dag.py
[2025-04-09T07:25:29.714+0000] {logging_mixin.py:188} INFO - [2025-04-09T07:25:29.714+0000] {dag.py:3036} INFO - Sync 1 DAGs
[2025-04-09T07:25:29.739+0000] {logging_mixin.py:188} INFO - [2025-04-09T07:25:29.738+0000] {dag.py:3823} INFO - Setting next_dagrun for example_sla_dag to 2025-04-09 07:22:00+00:00, run_after=2025-04-09 07:24:00+00:00
[2025-04-09T07:25:29.795+0000] {processor.py:183} INFO - Processing /home/airflow/.local/lib/python3.8/site-packages/airflow/example_dags/example_sla_dag.py took 0.115 seconds
