[2025-04-09T06:43:08.273+0000] {processor.py:161} INFO - Started process (PID=769) to work on /home/airflow/.local/lib/python3.8/site-packages/airflow/example_dags/example_skip_dag.py
[2025-04-09T06:43:08.274+0000] {processor.py:830} INFO - Processing file /home/airflow/.local/lib/python3.8/site-packages/airflow/example_dags/example_skip_dag.py for tasks to queue
[2025-04-09T06:43:08.276+0000] {logging_mixin.py:188} INFO - [2025-04-09T06:43:08.276+0000] {dagbag.py:538} INFO - Filling up the DagBag from /home/airflow/.local/lib/python3.8/site-packages/airflow/example_dags/example_skip_dag.py
[2025-04-09T06:43:08.286+0000] {processor.py:840} INFO - DAG(s) 'example_skip_dag' retrieved from /home/airflow/.local/lib/python3.8/site-packages/airflow/example_dags/example_skip_dag.py
[2025-04-09T06:43:08.406+0000] {logging_mixin.py:188} INFO - [2025-04-09T06:43:08.406+0000] {dag.py:3036} INFO - Sync 1 DAGs
[2025-04-09T06:43:08.431+0000] {logging_mixin.py:188} INFO - [2025-04-09T06:43:08.430+0000] {dag.py:3823} INFO - Setting next_dagrun for example_skip_dag to 2025-04-08 00:00:00+00:00, run_after=2025-04-09 00:00:00+00:00
[2025-04-09T06:43:08.490+0000] {processor.py:183} INFO - Processing /home/airflow/.local/lib/python3.8/site-packages/airflow/example_dags/example_skip_dag.py took 0.220 seconds
[2025-04-09T06:44:54.575+0000] {processor.py:161} INFO - Started process (PID=79) to work on /home/airflow/.local/lib/python3.8/site-packages/airflow/example_dags/example_skip_dag.py
[2025-04-09T06:44:54.576+0000] {processor.py:830} INFO - Processing file /home/airflow/.local/lib/python3.8/site-packages/airflow/example_dags/example_skip_dag.py for tasks to queue
[2025-04-09T06:44:54.579+0000] {logging_mixin.py:188} INFO - [2025-04-09T06:44:54.579+0000] {dagbag.py:538} INFO - Filling up the DagBag from /home/airflow/.local/lib/python3.8/site-packages/airflow/example_dags/example_skip_dag.py
[2025-04-09T06:44:54.592+0000] {processor.py:840} INFO - DAG(s) 'example_skip_dag' retrieved from /home/airflow/.local/lib/python3.8/site-packages/airflow/example_dags/example_skip_dag.py
[2025-04-09T06:44:54.746+0000] {logging_mixin.py:188} INFO - [2025-04-09T06:44:54.745+0000] {dag.py:3036} INFO - Sync 1 DAGs
[2025-04-09T06:44:54.782+0000] {logging_mixin.py:188} INFO - [2025-04-09T06:44:54.781+0000] {dag.py:3823} INFO - Setting next_dagrun for example_skip_dag to 2025-04-08 00:00:00+00:00, run_after=2025-04-09 00:00:00+00:00
[2025-04-09T06:44:54.872+0000] {processor.py:183} INFO - Processing /home/airflow/.local/lib/python3.8/site-packages/airflow/example_dags/example_skip_dag.py took 0.302 seconds
[2025-04-09T06:45:24.324+0000] {processor.py:161} INFO - Started process (PID=67) to work on /home/airflow/.local/lib/python3.8/site-packages/airflow/example_dags/example_skip_dag.py
[2025-04-09T06:45:24.325+0000] {processor.py:830} INFO - Processing file /home/airflow/.local/lib/python3.8/site-packages/airflow/example_dags/example_skip_dag.py for tasks to queue
[2025-04-09T06:45:24.327+0000] {logging_mixin.py:188} INFO - [2025-04-09T06:45:24.327+0000] {dagbag.py:538} INFO - Filling up the DagBag from /home/airflow/.local/lib/python3.8/site-packages/airflow/example_dags/example_skip_dag.py
[2025-04-09T06:45:24.335+0000] {processor.py:840} INFO - DAG(s) 'example_skip_dag' retrieved from /home/airflow/.local/lib/python3.8/site-packages/airflow/example_dags/example_skip_dag.py
[2025-04-09T06:45:24.348+0000] {logging_mixin.py:188} INFO - [2025-04-09T06:45:24.348+0000] {dag.py:3036} INFO - Sync 1 DAGs
[2025-04-09T06:45:24.375+0000] {logging_mixin.py:188} INFO - [2025-04-09T06:45:24.375+0000] {dag.py:3823} INFO - Setting next_dagrun for example_skip_dag to 2025-04-08 00:00:00+00:00, run_after=2025-04-09 00:00:00+00:00
[2025-04-09T06:45:24.431+0000] {processor.py:183} INFO - Processing /home/airflow/.local/lib/python3.8/site-packages/airflow/example_dags/example_skip_dag.py took 0.111 seconds
[2025-04-09T06:45:54.881+0000] {processor.py:161} INFO - Started process (PID=125) to work on /home/airflow/.local/lib/python3.8/site-packages/airflow/example_dags/example_skip_dag.py
[2025-04-09T06:45:54.881+0000] {processor.py:830} INFO - Processing file /home/airflow/.local/lib/python3.8/site-packages/airflow/example_dags/example_skip_dag.py for tasks to queue
[2025-04-09T06:45:54.883+0000] {logging_mixin.py:188} INFO - [2025-04-09T06:45:54.883+0000] {dagbag.py:538} INFO - Filling up the DagBag from /home/airflow/.local/lib/python3.8/site-packages/airflow/example_dags/example_skip_dag.py
[2025-04-09T06:45:54.891+0000] {processor.py:840} INFO - DAG(s) 'example_skip_dag' retrieved from /home/airflow/.local/lib/python3.8/site-packages/airflow/example_dags/example_skip_dag.py
[2025-04-09T06:45:54.914+0000] {logging_mixin.py:188} INFO - [2025-04-09T06:45:54.914+0000] {dag.py:3036} INFO - Sync 1 DAGs
[2025-04-09T06:45:54.938+0000] {logging_mixin.py:188} INFO - [2025-04-09T06:45:54.938+0000] {dag.py:3823} INFO - Setting next_dagrun for example_skip_dag to 2025-04-08 00:00:00+00:00, run_after=2025-04-09 00:00:00+00:00
[2025-04-09T06:45:54.979+0000] {processor.py:183} INFO - Processing /home/airflow/.local/lib/python3.8/site-packages/airflow/example_dags/example_skip_dag.py took 0.101 seconds
[2025-04-09T06:46:25.596+0000] {processor.py:161} INFO - Started process (PID=183) to work on /home/airflow/.local/lib/python3.8/site-packages/airflow/example_dags/example_skip_dag.py
[2025-04-09T06:46:25.610+0000] {processor.py:830} INFO - Processing file /home/airflow/.local/lib/python3.8/site-packages/airflow/example_dags/example_skip_dag.py for tasks to queue
[2025-04-09T06:46:25.613+0000] {logging_mixin.py:188} INFO - [2025-04-09T06:46:25.612+0000] {dagbag.py:538} INFO - Filling up the DagBag from /home/airflow/.local/lib/python3.8/site-packages/airflow/example_dags/example_skip_dag.py
[2025-04-09T06:46:25.622+0000] {processor.py:840} INFO - DAG(s) 'example_skip_dag' retrieved from /home/airflow/.local/lib/python3.8/site-packages/airflow/example_dags/example_skip_dag.py
[2025-04-09T06:46:25.647+0000] {logging_mixin.py:188} INFO - [2025-04-09T06:46:25.647+0000] {dag.py:3036} INFO - Sync 1 DAGs
[2025-04-09T06:46:25.671+0000] {logging_mixin.py:188} INFO - [2025-04-09T06:46:25.670+0000] {dag.py:3823} INFO - Setting next_dagrun for example_skip_dag to 2025-04-08 00:00:00+00:00, run_after=2025-04-09 00:00:00+00:00
[2025-04-09T06:46:25.730+0000] {processor.py:183} INFO - Processing /home/airflow/.local/lib/python3.8/site-packages/airflow/example_dags/example_skip_dag.py took 0.138 seconds
[2025-04-09T06:46:57.199+0000] {processor.py:161} INFO - Started process (PID=241) to work on /home/airflow/.local/lib/python3.8/site-packages/airflow/example_dags/example_skip_dag.py
[2025-04-09T06:46:57.200+0000] {processor.py:830} INFO - Processing file /home/airflow/.local/lib/python3.8/site-packages/airflow/example_dags/example_skip_dag.py for tasks to queue
[2025-04-09T06:46:57.202+0000] {logging_mixin.py:188} INFO - [2025-04-09T06:46:57.202+0000] {dagbag.py:538} INFO - Filling up the DagBag from /home/airflow/.local/lib/python3.8/site-packages/airflow/example_dags/example_skip_dag.py
[2025-04-09T06:46:57.210+0000] {processor.py:840} INFO - DAG(s) 'example_skip_dag' retrieved from /home/airflow/.local/lib/python3.8/site-packages/airflow/example_dags/example_skip_dag.py
[2025-04-09T06:46:57.233+0000] {logging_mixin.py:188} INFO - [2025-04-09T06:46:57.233+0000] {dag.py:3036} INFO - Sync 1 DAGs
[2025-04-09T06:46:57.257+0000] {logging_mixin.py:188} INFO - [2025-04-09T06:46:57.256+0000] {dag.py:3823} INFO - Setting next_dagrun for example_skip_dag to 2025-04-08 00:00:00+00:00, run_after=2025-04-09 00:00:00+00:00
[2025-04-09T06:46:57.328+0000] {processor.py:183} INFO - Processing /home/airflow/.local/lib/python3.8/site-packages/airflow/example_dags/example_skip_dag.py took 0.133 seconds
[2025-04-09T06:47:31.842+0000] {processor.py:161} INFO - Started process (PID=299) to work on /home/airflow/.local/lib/python3.8/site-packages/airflow/example_dags/example_skip_dag.py
[2025-04-09T06:47:31.860+0000] {processor.py:830} INFO - Processing file /home/airflow/.local/lib/python3.8/site-packages/airflow/example_dags/example_skip_dag.py for tasks to queue
[2025-04-09T06:47:31.861+0000] {logging_mixin.py:188} INFO - [2025-04-09T06:47:31.861+0000] {dagbag.py:538} INFO - Filling up the DagBag from /home/airflow/.local/lib/python3.8/site-packages/airflow/example_dags/example_skip_dag.py
[2025-04-09T06:47:31.867+0000] {processor.py:840} INFO - DAG(s) 'example_skip_dag' retrieved from /home/airflow/.local/lib/python3.8/site-packages/airflow/example_dags/example_skip_dag.py
[2025-04-09T06:47:31.890+0000] {logging_mixin.py:188} INFO - [2025-04-09T06:47:31.890+0000] {dag.py:3036} INFO - Sync 1 DAGs
[2025-04-09T06:47:31.913+0000] {logging_mixin.py:188} INFO - [2025-04-09T06:47:31.913+0000] {dag.py:3823} INFO - Setting next_dagrun for example_skip_dag to 2025-04-08 00:00:00+00:00, run_after=2025-04-09 00:00:00+00:00
[2025-04-09T06:47:31.973+0000] {processor.py:183} INFO - Processing /home/airflow/.local/lib/python3.8/site-packages/airflow/example_dags/example_skip_dag.py took 0.134 seconds
[2025-04-09T06:48:02.959+0000] {processor.py:161} INFO - Started process (PID=357) to work on /home/airflow/.local/lib/python3.8/site-packages/airflow/example_dags/example_skip_dag.py
[2025-04-09T06:48:02.961+0000] {processor.py:830} INFO - Processing file /home/airflow/.local/lib/python3.8/site-packages/airflow/example_dags/example_skip_dag.py for tasks to queue
[2025-04-09T06:48:02.963+0000] {logging_mixin.py:188} INFO - [2025-04-09T06:48:02.962+0000] {dagbag.py:538} INFO - Filling up the DagBag from /home/airflow/.local/lib/python3.8/site-packages/airflow/example_dags/example_skip_dag.py
[2025-04-09T06:48:02.969+0000] {processor.py:840} INFO - DAG(s) 'example_skip_dag' retrieved from /home/airflow/.local/lib/python3.8/site-packages/airflow/example_dags/example_skip_dag.py
[2025-04-09T06:48:02.993+0000] {logging_mixin.py:188} INFO - [2025-04-09T06:48:02.992+0000] {dag.py:3036} INFO - Sync 1 DAGs
[2025-04-09T06:48:03.015+0000] {logging_mixin.py:188} INFO - [2025-04-09T06:48:03.015+0000] {dag.py:3823} INFO - Setting next_dagrun for example_skip_dag to 2025-04-08 00:00:00+00:00, run_after=2025-04-09 00:00:00+00:00
[2025-04-09T06:48:03.073+0000] {processor.py:183} INFO - Processing /home/airflow/.local/lib/python3.8/site-packages/airflow/example_dags/example_skip_dag.py took 0.116 seconds
[2025-04-09T06:48:33.850+0000] {processor.py:161} INFO - Started process (PID=415) to work on /home/airflow/.local/lib/python3.8/site-packages/airflow/example_dags/example_skip_dag.py
[2025-04-09T06:48:33.851+0000] {processor.py:830} INFO - Processing file /home/airflow/.local/lib/python3.8/site-packages/airflow/example_dags/example_skip_dag.py for tasks to queue
[2025-04-09T06:48:33.853+0000] {logging_mixin.py:188} INFO - [2025-04-09T06:48:33.852+0000] {dagbag.py:538} INFO - Filling up the DagBag from /home/airflow/.local/lib/python3.8/site-packages/airflow/example_dags/example_skip_dag.py
[2025-04-09T06:48:33.860+0000] {processor.py:840} INFO - DAG(s) 'example_skip_dag' retrieved from /home/airflow/.local/lib/python3.8/site-packages/airflow/example_dags/example_skip_dag.py
[2025-04-09T06:48:33.883+0000] {logging_mixin.py:188} INFO - [2025-04-09T06:48:33.883+0000] {dag.py:3036} INFO - Sync 1 DAGs
[2025-04-09T06:48:33.906+0000] {logging_mixin.py:188} INFO - [2025-04-09T06:48:33.905+0000] {dag.py:3823} INFO - Setting next_dagrun for example_skip_dag to 2025-04-08 00:00:00+00:00, run_after=2025-04-09 00:00:00+00:00
[2025-04-09T06:48:33.949+0000] {processor.py:183} INFO - Processing /home/airflow/.local/lib/python3.8/site-packages/airflow/example_dags/example_skip_dag.py took 0.102 seconds
[2025-04-09T06:49:04.880+0000] {processor.py:161} INFO - Started process (PID=473) to work on /home/airflow/.local/lib/python3.8/site-packages/airflow/example_dags/example_skip_dag.py
[2025-04-09T06:49:04.881+0000] {processor.py:830} INFO - Processing file /home/airflow/.local/lib/python3.8/site-packages/airflow/example_dags/example_skip_dag.py for tasks to queue
[2025-04-09T06:49:04.883+0000] {logging_mixin.py:188} INFO - [2025-04-09T06:49:04.883+0000] {dagbag.py:538} INFO - Filling up the DagBag from /home/airflow/.local/lib/python3.8/site-packages/airflow/example_dags/example_skip_dag.py
[2025-04-09T06:49:04.889+0000] {processor.py:840} INFO - DAG(s) 'example_skip_dag' retrieved from /home/airflow/.local/lib/python3.8/site-packages/airflow/example_dags/example_skip_dag.py
[2025-04-09T06:49:04.911+0000] {logging_mixin.py:188} INFO - [2025-04-09T06:49:04.910+0000] {dag.py:3036} INFO - Sync 1 DAGs
[2025-04-09T06:49:04.931+0000] {logging_mixin.py:188} INFO - [2025-04-09T06:49:04.931+0000] {dag.py:3823} INFO - Setting next_dagrun for example_skip_dag to 2025-04-08 00:00:00+00:00, run_after=2025-04-09 00:00:00+00:00
[2025-04-09T06:49:04.976+0000] {processor.py:183} INFO - Processing /home/airflow/.local/lib/python3.8/site-packages/airflow/example_dags/example_skip_dag.py took 0.099 seconds
[2025-04-09T06:49:35.283+0000] {processor.py:161} INFO - Started process (PID=531) to work on /home/airflow/.local/lib/python3.8/site-packages/airflow/example_dags/example_skip_dag.py
[2025-04-09T06:49:35.284+0000] {processor.py:830} INFO - Processing file /home/airflow/.local/lib/python3.8/site-packages/airflow/example_dags/example_skip_dag.py for tasks to queue
[2025-04-09T06:49:35.285+0000] {logging_mixin.py:188} INFO - [2025-04-09T06:49:35.285+0000] {dagbag.py:538} INFO - Filling up the DagBag from /home/airflow/.local/lib/python3.8/site-packages/airflow/example_dags/example_skip_dag.py
[2025-04-09T06:49:35.291+0000] {processor.py:840} INFO - DAG(s) 'example_skip_dag' retrieved from /home/airflow/.local/lib/python3.8/site-packages/airflow/example_dags/example_skip_dag.py
[2025-04-09T06:49:35.316+0000] {logging_mixin.py:188} INFO - [2025-04-09T06:49:35.315+0000] {dag.py:3036} INFO - Sync 1 DAGs
[2025-04-09T06:49:35.337+0000] {logging_mixin.py:188} INFO - [2025-04-09T06:49:35.337+0000] {dag.py:3823} INFO - Setting next_dagrun for example_skip_dag to 2025-04-08 00:00:00+00:00, run_after=2025-04-09 00:00:00+00:00
[2025-04-09T06:49:35.382+0000] {processor.py:183} INFO - Processing /home/airflow/.local/lib/python3.8/site-packages/airflow/example_dags/example_skip_dag.py took 0.102 seconds
[2025-04-09T06:50:05.630+0000] {processor.py:161} INFO - Started process (PID=589) to work on /home/airflow/.local/lib/python3.8/site-packages/airflow/example_dags/example_skip_dag.py
[2025-04-09T06:50:05.631+0000] {processor.py:830} INFO - Processing file /home/airflow/.local/lib/python3.8/site-packages/airflow/example_dags/example_skip_dag.py for tasks to queue
[2025-04-09T06:50:05.632+0000] {logging_mixin.py:188} INFO - [2025-04-09T06:50:05.632+0000] {dagbag.py:538} INFO - Filling up the DagBag from /home/airflow/.local/lib/python3.8/site-packages/airflow/example_dags/example_skip_dag.py
[2025-04-09T06:50:05.638+0000] {processor.py:840} INFO - DAG(s) 'example_skip_dag' retrieved from /home/airflow/.local/lib/python3.8/site-packages/airflow/example_dags/example_skip_dag.py
[2025-04-09T06:50:05.661+0000] {logging_mixin.py:188} INFO - [2025-04-09T06:50:05.661+0000] {dag.py:3036} INFO - Sync 1 DAGs
[2025-04-09T06:50:05.684+0000] {logging_mixin.py:188} INFO - [2025-04-09T06:50:05.683+0000] {dag.py:3823} INFO - Setting next_dagrun for example_skip_dag to 2025-04-08 00:00:00+00:00, run_after=2025-04-09 00:00:00+00:00
[2025-04-09T06:50:05.758+0000] {processor.py:183} INFO - Processing /home/airflow/.local/lib/python3.8/site-packages/airflow/example_dags/example_skip_dag.py took 0.131 seconds
[2025-04-09T06:50:36.764+0000] {processor.py:161} INFO - Started process (PID=647) to work on /home/airflow/.local/lib/python3.8/site-packages/airflow/example_dags/example_skip_dag.py
[2025-04-09T06:50:36.784+0000] {processor.py:830} INFO - Processing file /home/airflow/.local/lib/python3.8/site-packages/airflow/example_dags/example_skip_dag.py for tasks to queue
[2025-04-09T06:50:36.787+0000] {logging_mixin.py:188} INFO - [2025-04-09T06:50:36.787+0000] {dagbag.py:538} INFO - Filling up the DagBag from /home/airflow/.local/lib/python3.8/site-packages/airflow/example_dags/example_skip_dag.py
[2025-04-09T06:50:36.797+0000] {processor.py:840} INFO - DAG(s) 'example_skip_dag' retrieved from /home/airflow/.local/lib/python3.8/site-packages/airflow/example_dags/example_skip_dag.py
[2025-04-09T06:50:36.820+0000] {logging_mixin.py:188} INFO - [2025-04-09T06:50:36.820+0000] {dag.py:3036} INFO - Sync 1 DAGs
[2025-04-09T06:50:36.844+0000] {logging_mixin.py:188} INFO - [2025-04-09T06:50:36.844+0000] {dag.py:3823} INFO - Setting next_dagrun for example_skip_dag to 2025-04-08 00:00:00+00:00, run_after=2025-04-09 00:00:00+00:00
[2025-04-09T06:50:36.948+0000] {processor.py:183} INFO - Processing /home/airflow/.local/lib/python3.8/site-packages/airflow/example_dags/example_skip_dag.py took 0.187 seconds
[2025-04-09T06:51:07.696+0000] {processor.py:161} INFO - Started process (PID=706) to work on /home/airflow/.local/lib/python3.8/site-packages/airflow/example_dags/example_skip_dag.py
[2025-04-09T06:51:07.696+0000] {processor.py:830} INFO - Processing file /home/airflow/.local/lib/python3.8/site-packages/airflow/example_dags/example_skip_dag.py for tasks to queue
[2025-04-09T06:51:07.698+0000] {logging_mixin.py:188} INFO - [2025-04-09T06:51:07.698+0000] {dagbag.py:538} INFO - Filling up the DagBag from /home/airflow/.local/lib/python3.8/site-packages/airflow/example_dags/example_skip_dag.py
[2025-04-09T06:51:07.705+0000] {processor.py:840} INFO - DAG(s) 'example_skip_dag' retrieved from /home/airflow/.local/lib/python3.8/site-packages/airflow/example_dags/example_skip_dag.py
[2025-04-09T06:51:07.726+0000] {logging_mixin.py:188} INFO - [2025-04-09T06:51:07.725+0000] {dag.py:3036} INFO - Sync 1 DAGs
[2025-04-09T06:51:07.748+0000] {logging_mixin.py:188} INFO - [2025-04-09T06:51:07.748+0000] {dag.py:3823} INFO - Setting next_dagrun for example_skip_dag to 2025-04-08 00:00:00+00:00, run_after=2025-04-09 00:00:00+00:00
[2025-04-09T06:51:07.820+0000] {processor.py:183} INFO - Processing /home/airflow/.local/lib/python3.8/site-packages/airflow/example_dags/example_skip_dag.py took 0.127 seconds
[2025-04-09T06:51:42.298+0000] {processor.py:161} INFO - Started process (PID=765) to work on /home/airflow/.local/lib/python3.8/site-packages/airflow/example_dags/example_skip_dag.py
[2025-04-09T06:51:42.306+0000] {processor.py:830} INFO - Processing file /home/airflow/.local/lib/python3.8/site-packages/airflow/example_dags/example_skip_dag.py for tasks to queue
[2025-04-09T06:51:42.307+0000] {logging_mixin.py:188} INFO - [2025-04-09T06:51:42.307+0000] {dagbag.py:538} INFO - Filling up the DagBag from /home/airflow/.local/lib/python3.8/site-packages/airflow/example_dags/example_skip_dag.py
[2025-04-09T06:51:42.314+0000] {processor.py:840} INFO - DAG(s) 'example_skip_dag' retrieved from /home/airflow/.local/lib/python3.8/site-packages/airflow/example_dags/example_skip_dag.py
[2025-04-09T06:51:42.342+0000] {logging_mixin.py:188} INFO - [2025-04-09T06:51:42.342+0000] {dag.py:3036} INFO - Sync 1 DAGs
[2025-04-09T06:51:42.368+0000] {logging_mixin.py:188} INFO - [2025-04-09T06:51:42.368+0000] {dag.py:3823} INFO - Setting next_dagrun for example_skip_dag to 2025-04-08 00:00:00+00:00, run_after=2025-04-09 00:00:00+00:00
[2025-04-09T06:51:42.413+0000] {processor.py:183} INFO - Processing /home/airflow/.local/lib/python3.8/site-packages/airflow/example_dags/example_skip_dag.py took 0.118 seconds
[2025-04-09T06:52:32.049+0000] {processor.py:161} INFO - Started process (PID=75) to work on /home/airflow/.local/lib/python3.8/site-packages/airflow/example_dags/example_skip_dag.py
[2025-04-09T06:52:32.051+0000] {processor.py:830} INFO - Processing file /home/airflow/.local/lib/python3.8/site-packages/airflow/example_dags/example_skip_dag.py for tasks to queue
[2025-04-09T06:52:32.055+0000] {logging_mixin.py:188} INFO - [2025-04-09T06:52:32.054+0000] {dagbag.py:538} INFO - Filling up the DagBag from /home/airflow/.local/lib/python3.8/site-packages/airflow/example_dags/example_skip_dag.py
[2025-04-09T06:52:32.073+0000] {processor.py:840} INFO - DAG(s) 'example_skip_dag' retrieved from /home/airflow/.local/lib/python3.8/site-packages/airflow/example_dags/example_skip_dag.py
[2025-04-09T06:52:32.099+0000] {logging_mixin.py:188} INFO - [2025-04-09T06:52:32.099+0000] {dag.py:3036} INFO - Sync 1 DAGs
[2025-04-09T06:52:32.133+0000] {logging_mixin.py:188} INFO - [2025-04-09T06:52:32.133+0000] {dag.py:3823} INFO - Setting next_dagrun for example_skip_dag to 2025-04-08 00:00:00+00:00, run_after=2025-04-09 00:00:00+00:00
[2025-04-09T06:52:32.201+0000] {processor.py:183} INFO - Processing /home/airflow/.local/lib/python3.8/site-packages/airflow/example_dags/example_skip_dag.py took 0.155 seconds
[2025-04-09T06:53:04.188+0000] {processor.py:161} INFO - Started process (PID=133) to work on /home/airflow/.local/lib/python3.8/site-packages/airflow/example_dags/example_skip_dag.py
[2025-04-09T06:53:04.190+0000] {processor.py:830} INFO - Processing file /home/airflow/.local/lib/python3.8/site-packages/airflow/example_dags/example_skip_dag.py for tasks to queue
[2025-04-09T06:53:04.193+0000] {logging_mixin.py:188} INFO - [2025-04-09T06:53:04.192+0000] {dagbag.py:538} INFO - Filling up the DagBag from /home/airflow/.local/lib/python3.8/site-packages/airflow/example_dags/example_skip_dag.py
[2025-04-09T06:53:04.201+0000] {processor.py:840} INFO - DAG(s) 'example_skip_dag' retrieved from /home/airflow/.local/lib/python3.8/site-packages/airflow/example_dags/example_skip_dag.py
[2025-04-09T06:53:04.331+0000] {logging_mixin.py:188} INFO - [2025-04-09T06:53:04.331+0000] {dag.py:3036} INFO - Sync 1 DAGs
[2025-04-09T06:53:04.352+0000] {logging_mixin.py:188} INFO - [2025-04-09T06:53:04.352+0000] {dag.py:3823} INFO - Setting next_dagrun for example_skip_dag to 2025-04-08 00:00:00+00:00, run_after=2025-04-09 00:00:00+00:00
[2025-04-09T06:53:04.404+0000] {processor.py:183} INFO - Processing /home/airflow/.local/lib/python3.8/site-packages/airflow/example_dags/example_skip_dag.py took 0.219 seconds
[2025-04-09T06:53:34.955+0000] {processor.py:161} INFO - Started process (PID=191) to work on /home/airflow/.local/lib/python3.8/site-packages/airflow/example_dags/example_skip_dag.py
[2025-04-09T06:53:34.956+0000] {processor.py:830} INFO - Processing file /home/airflow/.local/lib/python3.8/site-packages/airflow/example_dags/example_skip_dag.py for tasks to queue
[2025-04-09T06:53:34.958+0000] {logging_mixin.py:188} INFO - [2025-04-09T06:53:34.958+0000] {dagbag.py:538} INFO - Filling up the DagBag from /home/airflow/.local/lib/python3.8/site-packages/airflow/example_dags/example_skip_dag.py
[2025-04-09T06:53:34.965+0000] {processor.py:840} INFO - DAG(s) 'example_skip_dag' retrieved from /home/airflow/.local/lib/python3.8/site-packages/airflow/example_dags/example_skip_dag.py
[2025-04-09T06:53:34.990+0000] {logging_mixin.py:188} INFO - [2025-04-09T06:53:34.989+0000] {dag.py:3036} INFO - Sync 1 DAGs
[2025-04-09T06:53:35.014+0000] {logging_mixin.py:188} INFO - [2025-04-09T06:53:35.014+0000] {dag.py:3823} INFO - Setting next_dagrun for example_skip_dag to 2025-04-08 00:00:00+00:00, run_after=2025-04-09 00:00:00+00:00
[2025-04-09T06:53:35.071+0000] {processor.py:183} INFO - Processing /home/airflow/.local/lib/python3.8/site-packages/airflow/example_dags/example_skip_dag.py took 0.120 seconds
[2025-04-09T06:54:07.372+0000] {processor.py:161} INFO - Started process (PID=249) to work on /home/airflow/.local/lib/python3.8/site-packages/airflow/example_dags/example_skip_dag.py
[2025-04-09T06:54:07.375+0000] {processor.py:830} INFO - Processing file /home/airflow/.local/lib/python3.8/site-packages/airflow/example_dags/example_skip_dag.py for tasks to queue
[2025-04-09T06:54:07.377+0000] {logging_mixin.py:188} INFO - [2025-04-09T06:54:07.376+0000] {dagbag.py:538} INFO - Filling up the DagBag from /home/airflow/.local/lib/python3.8/site-packages/airflow/example_dags/example_skip_dag.py
[2025-04-09T06:54:07.384+0000] {processor.py:840} INFO - DAG(s) 'example_skip_dag' retrieved from /home/airflow/.local/lib/python3.8/site-packages/airflow/example_dags/example_skip_dag.py
[2025-04-09T06:54:07.414+0000] {logging_mixin.py:188} INFO - [2025-04-09T06:54:07.414+0000] {dag.py:3036} INFO - Sync 1 DAGs
[2025-04-09T06:54:07.438+0000] {logging_mixin.py:188} INFO - [2025-04-09T06:54:07.437+0000] {dag.py:3823} INFO - Setting next_dagrun for example_skip_dag to 2025-04-08 00:00:00+00:00, run_after=2025-04-09 00:00:00+00:00
[2025-04-09T06:54:07.603+0000] {processor.py:183} INFO - Processing /home/airflow/.local/lib/python3.8/site-packages/airflow/example_dags/example_skip_dag.py took 0.235 seconds
[2025-04-09T06:54:42.425+0000] {processor.py:161} INFO - Started process (PID=307) to work on /home/airflow/.local/lib/python3.8/site-packages/airflow/example_dags/example_skip_dag.py
[2025-04-09T06:54:42.427+0000] {processor.py:830} INFO - Processing file /home/airflow/.local/lib/python3.8/site-packages/airflow/example_dags/example_skip_dag.py for tasks to queue
[2025-04-09T06:54:42.428+0000] {logging_mixin.py:188} INFO - [2025-04-09T06:54:42.428+0000] {dagbag.py:538} INFO - Filling up the DagBag from /home/airflow/.local/lib/python3.8/site-packages/airflow/example_dags/example_skip_dag.py
[2025-04-09T06:54:42.434+0000] {processor.py:840} INFO - DAG(s) 'example_skip_dag' retrieved from /home/airflow/.local/lib/python3.8/site-packages/airflow/example_dags/example_skip_dag.py
[2025-04-09T06:54:42.457+0000] {logging_mixin.py:188} INFO - [2025-04-09T06:54:42.457+0000] {dag.py:3036} INFO - Sync 1 DAGs
[2025-04-09T06:54:42.481+0000] {logging_mixin.py:188} INFO - [2025-04-09T06:54:42.480+0000] {dag.py:3823} INFO - Setting next_dagrun for example_skip_dag to 2025-04-08 00:00:00+00:00, run_after=2025-04-09 00:00:00+00:00
[2025-04-09T06:54:42.535+0000] {processor.py:183} INFO - Processing /home/airflow/.local/lib/python3.8/site-packages/airflow/example_dags/example_skip_dag.py took 0.113 seconds
[2025-04-09T06:55:12.772+0000] {processor.py:161} INFO - Started process (PID=365) to work on /home/airflow/.local/lib/python3.8/site-packages/airflow/example_dags/example_skip_dag.py
[2025-04-09T06:55:12.774+0000] {processor.py:830} INFO - Processing file /home/airflow/.local/lib/python3.8/site-packages/airflow/example_dags/example_skip_dag.py for tasks to queue
[2025-04-09T06:55:12.775+0000] {logging_mixin.py:188} INFO - [2025-04-09T06:55:12.775+0000] {dagbag.py:538} INFO - Filling up the DagBag from /home/airflow/.local/lib/python3.8/site-packages/airflow/example_dags/example_skip_dag.py
[2025-04-09T06:55:12.781+0000] {processor.py:840} INFO - DAG(s) 'example_skip_dag' retrieved from /home/airflow/.local/lib/python3.8/site-packages/airflow/example_dags/example_skip_dag.py
[2025-04-09T06:55:12.803+0000] {logging_mixin.py:188} INFO - [2025-04-09T06:55:12.803+0000] {dag.py:3036} INFO - Sync 1 DAGs
[2025-04-09T06:55:12.829+0000] {logging_mixin.py:188} INFO - [2025-04-09T06:55:12.828+0000] {dag.py:3823} INFO - Setting next_dagrun for example_skip_dag to 2025-04-08 00:00:00+00:00, run_after=2025-04-09 00:00:00+00:00
[2025-04-09T06:55:12.875+0000] {processor.py:183} INFO - Processing /home/airflow/.local/lib/python3.8/site-packages/airflow/example_dags/example_skip_dag.py took 0.106 seconds
[2025-04-09T06:55:43.779+0000] {processor.py:161} INFO - Started process (PID=423) to work on /home/airflow/.local/lib/python3.8/site-packages/airflow/example_dags/example_skip_dag.py
[2025-04-09T06:55:43.789+0000] {processor.py:830} INFO - Processing file /home/airflow/.local/lib/python3.8/site-packages/airflow/example_dags/example_skip_dag.py for tasks to queue
[2025-04-09T06:55:43.791+0000] {logging_mixin.py:188} INFO - [2025-04-09T06:55:43.791+0000] {dagbag.py:538} INFO - Filling up the DagBag from /home/airflow/.local/lib/python3.8/site-packages/airflow/example_dags/example_skip_dag.py
[2025-04-09T06:55:43.798+0000] {processor.py:840} INFO - DAG(s) 'example_skip_dag' retrieved from /home/airflow/.local/lib/python3.8/site-packages/airflow/example_dags/example_skip_dag.py
[2025-04-09T06:55:43.820+0000] {logging_mixin.py:188} INFO - [2025-04-09T06:55:43.819+0000] {dag.py:3036} INFO - Sync 1 DAGs
[2025-04-09T06:55:43.844+0000] {logging_mixin.py:188} INFO - [2025-04-09T06:55:43.844+0000] {dag.py:3823} INFO - Setting next_dagrun for example_skip_dag to 2025-04-08 00:00:00+00:00, run_after=2025-04-09 00:00:00+00:00
[2025-04-09T06:55:43.919+0000] {processor.py:183} INFO - Processing /home/airflow/.local/lib/python3.8/site-packages/airflow/example_dags/example_skip_dag.py took 0.143 seconds
[2025-04-09T06:56:14.729+0000] {processor.py:161} INFO - Started process (PID=481) to work on /home/airflow/.local/lib/python3.8/site-packages/airflow/example_dags/example_skip_dag.py
[2025-04-09T06:56:14.730+0000] {processor.py:830} INFO - Processing file /home/airflow/.local/lib/python3.8/site-packages/airflow/example_dags/example_skip_dag.py for tasks to queue
[2025-04-09T06:56:14.732+0000] {logging_mixin.py:188} INFO - [2025-04-09T06:56:14.732+0000] {dagbag.py:538} INFO - Filling up the DagBag from /home/airflow/.local/lib/python3.8/site-packages/airflow/example_dags/example_skip_dag.py
[2025-04-09T06:56:14.739+0000] {processor.py:840} INFO - DAG(s) 'example_skip_dag' retrieved from /home/airflow/.local/lib/python3.8/site-packages/airflow/example_dags/example_skip_dag.py
[2025-04-09T06:56:14.764+0000] {logging_mixin.py:188} INFO - [2025-04-09T06:56:14.764+0000] {dag.py:3036} INFO - Sync 1 DAGs
[2025-04-09T06:56:14.789+0000] {logging_mixin.py:188} INFO - [2025-04-09T06:56:14.789+0000] {dag.py:3823} INFO - Setting next_dagrun for example_skip_dag to 2025-04-08 00:00:00+00:00, run_after=2025-04-09 00:00:00+00:00
[2025-04-09T06:56:14.837+0000] {processor.py:183} INFO - Processing /home/airflow/.local/lib/python3.8/site-packages/airflow/example_dags/example_skip_dag.py took 0.111 seconds
[2025-04-09T06:56:46.359+0000] {processor.py:161} INFO - Started process (PID=539) to work on /home/airflow/.local/lib/python3.8/site-packages/airflow/example_dags/example_skip_dag.py
[2025-04-09T06:56:46.367+0000] {processor.py:830} INFO - Processing file /home/airflow/.local/lib/python3.8/site-packages/airflow/example_dags/example_skip_dag.py for tasks to queue
[2025-04-09T06:56:46.376+0000] {logging_mixin.py:188} INFO - [2025-04-09T06:56:46.376+0000] {dagbag.py:538} INFO - Filling up the DagBag from /home/airflow/.local/lib/python3.8/site-packages/airflow/example_dags/example_skip_dag.py
[2025-04-09T06:56:46.385+0000] {processor.py:840} INFO - DAG(s) 'example_skip_dag' retrieved from /home/airflow/.local/lib/python3.8/site-packages/airflow/example_dags/example_skip_dag.py
[2025-04-09T06:56:46.438+0000] {logging_mixin.py:188} INFO - [2025-04-09T06:56:46.438+0000] {dag.py:3036} INFO - Sync 1 DAGs
[2025-04-09T06:56:46.501+0000] {logging_mixin.py:188} INFO - [2025-04-09T06:56:46.500+0000] {dag.py:3823} INFO - Setting next_dagrun for example_skip_dag to 2025-04-08 00:00:00+00:00, run_after=2025-04-09 00:00:00+00:00
[2025-04-09T06:56:46.581+0000] {processor.py:183} INFO - Processing /home/airflow/.local/lib/python3.8/site-packages/airflow/example_dags/example_skip_dag.py took 0.228 seconds
[2025-04-09T06:57:23.867+0000] {processor.py:161} INFO - Started process (PID=67) to work on /home/airflow/.local/lib/python3.8/site-packages/airflow/example_dags/example_skip_dag.py
[2025-04-09T06:57:23.868+0000] {processor.py:830} INFO - Processing file /home/airflow/.local/lib/python3.8/site-packages/airflow/example_dags/example_skip_dag.py for tasks to queue
[2025-04-09T06:57:23.869+0000] {logging_mixin.py:188} INFO - [2025-04-09T06:57:23.869+0000] {dagbag.py:538} INFO - Filling up the DagBag from /home/airflow/.local/lib/python3.8/site-packages/airflow/example_dags/example_skip_dag.py
[2025-04-09T06:57:23.878+0000] {processor.py:840} INFO - DAG(s) 'example_skip_dag' retrieved from /home/airflow/.local/lib/python3.8/site-packages/airflow/example_dags/example_skip_dag.py
[2025-04-09T06:57:23.900+0000] {logging_mixin.py:188} INFO - [2025-04-09T06:57:23.900+0000] {dag.py:3036} INFO - Sync 1 DAGs
[2025-04-09T06:57:23.923+0000] {logging_mixin.py:188} INFO - [2025-04-09T06:57:23.923+0000] {dag.py:3823} INFO - Setting next_dagrun for example_skip_dag to 2025-04-08 00:00:00+00:00, run_after=2025-04-09 00:00:00+00:00
[2025-04-09T06:57:23.973+0000] {processor.py:183} INFO - Processing /home/airflow/.local/lib/python3.8/site-packages/airflow/example_dags/example_skip_dag.py took 0.109 seconds
[2025-04-09T06:57:54.229+0000] {processor.py:161} INFO - Started process (PID=119) to work on /home/airflow/.local/lib/python3.8/site-packages/airflow/example_dags/example_skip_dag.py
[2025-04-09T06:57:54.238+0000] {processor.py:830} INFO - Processing file /home/airflow/.local/lib/python3.8/site-packages/airflow/example_dags/example_skip_dag.py for tasks to queue
[2025-04-09T06:57:54.239+0000] {logging_mixin.py:188} INFO - [2025-04-09T06:57:54.239+0000] {dagbag.py:538} INFO - Filling up the DagBag from /home/airflow/.local/lib/python3.8/site-packages/airflow/example_dags/example_skip_dag.py
[2025-04-09T06:57:54.246+0000] {processor.py:840} INFO - DAG(s) 'example_skip_dag' retrieved from /home/airflow/.local/lib/python3.8/site-packages/airflow/example_dags/example_skip_dag.py
[2025-04-09T06:57:54.271+0000] {logging_mixin.py:188} INFO - [2025-04-09T06:57:54.271+0000] {dag.py:3036} INFO - Sync 1 DAGs
[2025-04-09T06:57:54.294+0000] {logging_mixin.py:188} INFO - [2025-04-09T06:57:54.294+0000] {dag.py:3823} INFO - Setting next_dagrun for example_skip_dag to 2025-04-08 00:00:00+00:00, run_after=2025-04-09 00:00:00+00:00
[2025-04-09T06:57:54.336+0000] {processor.py:183} INFO - Processing /home/airflow/.local/lib/python3.8/site-packages/airflow/example_dags/example_skip_dag.py took 0.110 seconds
[2025-04-09T06:58:24.577+0000] {processor.py:161} INFO - Started process (PID=177) to work on /home/airflow/.local/lib/python3.8/site-packages/airflow/example_dags/example_skip_dag.py
[2025-04-09T06:58:24.579+0000] {processor.py:830} INFO - Processing file /home/airflow/.local/lib/python3.8/site-packages/airflow/example_dags/example_skip_dag.py for tasks to queue
[2025-04-09T06:58:24.581+0000] {logging_mixin.py:188} INFO - [2025-04-09T06:58:24.580+0000] {dagbag.py:538} INFO - Filling up the DagBag from /home/airflow/.local/lib/python3.8/site-packages/airflow/example_dags/example_skip_dag.py
[2025-04-09T06:58:24.588+0000] {processor.py:840} INFO - DAG(s) 'example_skip_dag' retrieved from /home/airflow/.local/lib/python3.8/site-packages/airflow/example_dags/example_skip_dag.py
[2025-04-09T06:58:24.612+0000] {logging_mixin.py:188} INFO - [2025-04-09T06:58:24.612+0000] {dag.py:3036} INFO - Sync 1 DAGs
[2025-04-09T06:58:24.638+0000] {logging_mixin.py:188} INFO - [2025-04-09T06:58:24.638+0000] {dag.py:3823} INFO - Setting next_dagrun for example_skip_dag to 2025-04-08 00:00:00+00:00, run_after=2025-04-09 00:00:00+00:00
[2025-04-09T06:58:24.693+0000] {processor.py:183} INFO - Processing /home/airflow/.local/lib/python3.8/site-packages/airflow/example_dags/example_skip_dag.py took 0.119 seconds
[2025-04-09T06:58:54.873+0000] {processor.py:161} INFO - Started process (PID=244) to work on /home/airflow/.local/lib/python3.8/site-packages/airflow/example_dags/example_skip_dag.py
[2025-04-09T06:58:54.874+0000] {processor.py:830} INFO - Processing file /home/airflow/.local/lib/python3.8/site-packages/airflow/example_dags/example_skip_dag.py for tasks to queue
[2025-04-09T06:58:54.875+0000] {logging_mixin.py:188} INFO - [2025-04-09T06:58:54.875+0000] {dagbag.py:538} INFO - Filling up the DagBag from /home/airflow/.local/lib/python3.8/site-packages/airflow/example_dags/example_skip_dag.py
[2025-04-09T06:58:54.881+0000] {processor.py:840} INFO - DAG(s) 'example_skip_dag' retrieved from /home/airflow/.local/lib/python3.8/site-packages/airflow/example_dags/example_skip_dag.py
[2025-04-09T06:58:54.906+0000] {logging_mixin.py:188} INFO - [2025-04-09T06:58:54.905+0000] {dag.py:3036} INFO - Sync 1 DAGs
[2025-04-09T06:58:54.931+0000] {logging_mixin.py:188} INFO - [2025-04-09T06:58:54.931+0000] {dag.py:3823} INFO - Setting next_dagrun for example_skip_dag to 2025-04-08 00:00:00+00:00, run_after=2025-04-09 00:00:00+00:00
[2025-04-09T06:58:54.982+0000] {processor.py:183} INFO - Processing /home/airflow/.local/lib/python3.8/site-packages/airflow/example_dags/example_skip_dag.py took 0.112 seconds
[2025-04-09T06:59:28.427+0000] {processor.py:161} INFO - Started process (PID=302) to work on /home/airflow/.local/lib/python3.8/site-packages/airflow/example_dags/example_skip_dag.py
[2025-04-09T06:59:28.428+0000] {processor.py:830} INFO - Processing file /home/airflow/.local/lib/python3.8/site-packages/airflow/example_dags/example_skip_dag.py for tasks to queue
[2025-04-09T06:59:28.429+0000] {logging_mixin.py:188} INFO - [2025-04-09T06:59:28.429+0000] {dagbag.py:538} INFO - Filling up the DagBag from /home/airflow/.local/lib/python3.8/site-packages/airflow/example_dags/example_skip_dag.py
[2025-04-09T06:59:28.436+0000] {processor.py:840} INFO - DAG(s) 'example_skip_dag' retrieved from /home/airflow/.local/lib/python3.8/site-packages/airflow/example_dags/example_skip_dag.py
[2025-04-09T06:59:28.458+0000] {logging_mixin.py:188} INFO - [2025-04-09T06:59:28.458+0000] {dag.py:3036} INFO - Sync 1 DAGs
[2025-04-09T06:59:28.484+0000] {logging_mixin.py:188} INFO - [2025-04-09T06:59:28.484+0000] {dag.py:3823} INFO - Setting next_dagrun for example_skip_dag to 2025-04-08 00:00:00+00:00, run_after=2025-04-09 00:00:00+00:00
[2025-04-09T06:59:28.560+0000] {processor.py:183} INFO - Processing /home/airflow/.local/lib/python3.8/site-packages/airflow/example_dags/example_skip_dag.py took 0.137 seconds
[2025-04-09T06:59:59.084+0000] {processor.py:161} INFO - Started process (PID=360) to work on /home/airflow/.local/lib/python3.8/site-packages/airflow/example_dags/example_skip_dag.py
[2025-04-09T06:59:59.086+0000] {processor.py:830} INFO - Processing file /home/airflow/.local/lib/python3.8/site-packages/airflow/example_dags/example_skip_dag.py for tasks to queue
[2025-04-09T06:59:59.087+0000] {logging_mixin.py:188} INFO - [2025-04-09T06:59:59.087+0000] {dagbag.py:538} INFO - Filling up the DagBag from /home/airflow/.local/lib/python3.8/site-packages/airflow/example_dags/example_skip_dag.py
[2025-04-09T06:59:59.093+0000] {processor.py:840} INFO - DAG(s) 'example_skip_dag' retrieved from /home/airflow/.local/lib/python3.8/site-packages/airflow/example_dags/example_skip_dag.py
[2025-04-09T06:59:59.114+0000] {logging_mixin.py:188} INFO - [2025-04-09T06:59:59.114+0000] {dag.py:3036} INFO - Sync 1 DAGs
[2025-04-09T06:59:59.137+0000] {logging_mixin.py:188} INFO - [2025-04-09T06:59:59.137+0000] {dag.py:3823} INFO - Setting next_dagrun for example_skip_dag to 2025-04-08 00:00:00+00:00, run_after=2025-04-09 00:00:00+00:00
[2025-04-09T06:59:59.191+0000] {processor.py:183} INFO - Processing /home/airflow/.local/lib/python3.8/site-packages/airflow/example_dags/example_skip_dag.py took 0.109 seconds
[2025-04-09T07:00:29.483+0000] {processor.py:161} INFO - Started process (PID=418) to work on /home/airflow/.local/lib/python3.8/site-packages/airflow/example_dags/example_skip_dag.py
[2025-04-09T07:00:29.484+0000] {processor.py:830} INFO - Processing file /home/airflow/.local/lib/python3.8/site-packages/airflow/example_dags/example_skip_dag.py for tasks to queue
[2025-04-09T07:00:29.487+0000] {logging_mixin.py:188} INFO - [2025-04-09T07:00:29.486+0000] {dagbag.py:538} INFO - Filling up the DagBag from /home/airflow/.local/lib/python3.8/site-packages/airflow/example_dags/example_skip_dag.py
[2025-04-09T07:00:29.494+0000] {processor.py:840} INFO - DAG(s) 'example_skip_dag' retrieved from /home/airflow/.local/lib/python3.8/site-packages/airflow/example_dags/example_skip_dag.py
[2025-04-09T07:00:29.518+0000] {logging_mixin.py:188} INFO - [2025-04-09T07:00:29.518+0000] {dag.py:3036} INFO - Sync 1 DAGs
[2025-04-09T07:00:29.541+0000] {logging_mixin.py:188} INFO - [2025-04-09T07:00:29.541+0000] {dag.py:3823} INFO - Setting next_dagrun for example_skip_dag to 2025-04-08 00:00:00+00:00, run_after=2025-04-09 00:00:00+00:00
[2025-04-09T07:00:29.621+0000] {processor.py:183} INFO - Processing /home/airflow/.local/lib/python3.8/site-packages/airflow/example_dags/example_skip_dag.py took 0.141 seconds
[2025-04-09T07:01:00.031+0000] {processor.py:161} INFO - Started process (PID=476) to work on /home/airflow/.local/lib/python3.8/site-packages/airflow/example_dags/example_skip_dag.py
[2025-04-09T07:01:00.032+0000] {processor.py:830} INFO - Processing file /home/airflow/.local/lib/python3.8/site-packages/airflow/example_dags/example_skip_dag.py for tasks to queue
[2025-04-09T07:01:00.034+0000] {logging_mixin.py:188} INFO - [2025-04-09T07:01:00.034+0000] {dagbag.py:538} INFO - Filling up the DagBag from /home/airflow/.local/lib/python3.8/site-packages/airflow/example_dags/example_skip_dag.py
[2025-04-09T07:01:00.040+0000] {processor.py:840} INFO - DAG(s) 'example_skip_dag' retrieved from /home/airflow/.local/lib/python3.8/site-packages/airflow/example_dags/example_skip_dag.py
[2025-04-09T07:01:00.061+0000] {logging_mixin.py:188} INFO - [2025-04-09T07:01:00.061+0000] {dag.py:3036} INFO - Sync 1 DAGs
[2025-04-09T07:01:00.083+0000] {logging_mixin.py:188} INFO - [2025-04-09T07:01:00.082+0000] {dag.py:3823} INFO - Setting next_dagrun for example_skip_dag to 2025-04-08 00:00:00+00:00, run_after=2025-04-09 00:00:00+00:00
[2025-04-09T07:01:00.139+0000] {processor.py:183} INFO - Processing /home/airflow/.local/lib/python3.8/site-packages/airflow/example_dags/example_skip_dag.py took 0.111 seconds
[2025-04-09T07:01:30.394+0000] {processor.py:161} INFO - Started process (PID=535) to work on /home/airflow/.local/lib/python3.8/site-packages/airflow/example_dags/example_skip_dag.py
[2025-04-09T07:01:30.395+0000] {processor.py:830} INFO - Processing file /home/airflow/.local/lib/python3.8/site-packages/airflow/example_dags/example_skip_dag.py for tasks to queue
[2025-04-09T07:01:30.397+0000] {logging_mixin.py:188} INFO - [2025-04-09T07:01:30.397+0000] {dagbag.py:538} INFO - Filling up the DagBag from /home/airflow/.local/lib/python3.8/site-packages/airflow/example_dags/example_skip_dag.py
[2025-04-09T07:01:30.403+0000] {processor.py:840} INFO - DAG(s) 'example_skip_dag' retrieved from /home/airflow/.local/lib/python3.8/site-packages/airflow/example_dags/example_skip_dag.py
[2025-04-09T07:01:30.426+0000] {logging_mixin.py:188} INFO - [2025-04-09T07:01:30.426+0000] {dag.py:3036} INFO - Sync 1 DAGs
[2025-04-09T07:01:30.449+0000] {logging_mixin.py:188} INFO - [2025-04-09T07:01:30.449+0000] {dag.py:3823} INFO - Setting next_dagrun for example_skip_dag to 2025-04-08 00:00:00+00:00, run_after=2025-04-09 00:00:00+00:00
[2025-04-09T07:01:30.528+0000] {processor.py:183} INFO - Processing /home/airflow/.local/lib/python3.8/site-packages/airflow/example_dags/example_skip_dag.py took 0.137 seconds
[2025-04-09T07:02:00.809+0000] {processor.py:161} INFO - Started process (PID=593) to work on /home/airflow/.local/lib/python3.8/site-packages/airflow/example_dags/example_skip_dag.py
[2025-04-09T07:02:00.810+0000] {processor.py:830} INFO - Processing file /home/airflow/.local/lib/python3.8/site-packages/airflow/example_dags/example_skip_dag.py for tasks to queue
[2025-04-09T07:02:00.811+0000] {logging_mixin.py:188} INFO - [2025-04-09T07:02:00.811+0000] {dagbag.py:538} INFO - Filling up the DagBag from /home/airflow/.local/lib/python3.8/site-packages/airflow/example_dags/example_skip_dag.py
[2025-04-09T07:02:00.817+0000] {processor.py:840} INFO - DAG(s) 'example_skip_dag' retrieved from /home/airflow/.local/lib/python3.8/site-packages/airflow/example_dags/example_skip_dag.py
[2025-04-09T07:02:00.838+0000] {logging_mixin.py:188} INFO - [2025-04-09T07:02:00.838+0000] {dag.py:3036} INFO - Sync 1 DAGs
[2025-04-09T07:02:00.859+0000] {logging_mixin.py:188} INFO - [2025-04-09T07:02:00.858+0000] {dag.py:3823} INFO - Setting next_dagrun for example_skip_dag to 2025-04-08 00:00:00+00:00, run_after=2025-04-09 00:00:00+00:00
[2025-04-09T07:02:00.917+0000] {processor.py:183} INFO - Processing /home/airflow/.local/lib/python3.8/site-packages/airflow/example_dags/example_skip_dag.py took 0.111 seconds
[2025-04-09T07:02:31.682+0000] {processor.py:161} INFO - Started process (PID=651) to work on /home/airflow/.local/lib/python3.8/site-packages/airflow/example_dags/example_skip_dag.py
[2025-04-09T07:02:31.684+0000] {processor.py:830} INFO - Processing file /home/airflow/.local/lib/python3.8/site-packages/airflow/example_dags/example_skip_dag.py for tasks to queue
[2025-04-09T07:02:31.685+0000] {logging_mixin.py:188} INFO - [2025-04-09T07:02:31.685+0000] {dagbag.py:538} INFO - Filling up the DagBag from /home/airflow/.local/lib/python3.8/site-packages/airflow/example_dags/example_skip_dag.py
[2025-04-09T07:02:31.692+0000] {processor.py:840} INFO - DAG(s) 'example_skip_dag' retrieved from /home/airflow/.local/lib/python3.8/site-packages/airflow/example_dags/example_skip_dag.py
[2025-04-09T07:02:31.714+0000] {logging_mixin.py:188} INFO - [2025-04-09T07:02:31.713+0000] {dag.py:3036} INFO - Sync 1 DAGs
[2025-04-09T07:02:31.737+0000] {logging_mixin.py:188} INFO - [2025-04-09T07:02:31.737+0000] {dag.py:3823} INFO - Setting next_dagrun for example_skip_dag to 2025-04-08 00:00:00+00:00, run_after=2025-04-09 00:00:00+00:00
[2025-04-09T07:02:31.783+0000] {processor.py:183} INFO - Processing /home/airflow/.local/lib/python3.8/site-packages/airflow/example_dags/example_skip_dag.py took 0.103 seconds
[2025-04-09T07:03:04.403+0000] {processor.py:161} INFO - Started process (PID=709) to work on /home/airflow/.local/lib/python3.8/site-packages/airflow/example_dags/example_skip_dag.py
[2025-04-09T07:03:04.404+0000] {processor.py:830} INFO - Processing file /home/airflow/.local/lib/python3.8/site-packages/airflow/example_dags/example_skip_dag.py for tasks to queue
[2025-04-09T07:03:04.406+0000] {logging_mixin.py:188} INFO - [2025-04-09T07:03:04.405+0000] {dagbag.py:538} INFO - Filling up the DagBag from /home/airflow/.local/lib/python3.8/site-packages/airflow/example_dags/example_skip_dag.py
[2025-04-09T07:03:04.411+0000] {processor.py:840} INFO - DAG(s) 'example_skip_dag' retrieved from /home/airflow/.local/lib/python3.8/site-packages/airflow/example_dags/example_skip_dag.py
[2025-04-09T07:03:04.433+0000] {logging_mixin.py:188} INFO - [2025-04-09T07:03:04.432+0000] {dag.py:3036} INFO - Sync 1 DAGs
[2025-04-09T07:03:04.454+0000] {logging_mixin.py:188} INFO - [2025-04-09T07:03:04.453+0000] {dag.py:3823} INFO - Setting next_dagrun for example_skip_dag to 2025-04-08 00:00:00+00:00, run_after=2025-04-09 00:00:00+00:00
[2025-04-09T07:03:04.501+0000] {processor.py:183} INFO - Processing /home/airflow/.local/lib/python3.8/site-packages/airflow/example_dags/example_skip_dag.py took 0.101 seconds
[2025-04-09T07:03:38.727+0000] {processor.py:161} INFO - Started process (PID=767) to work on /home/airflow/.local/lib/python3.8/site-packages/airflow/example_dags/example_skip_dag.py
[2025-04-09T07:03:38.728+0000] {processor.py:830} INFO - Processing file /home/airflow/.local/lib/python3.8/site-packages/airflow/example_dags/example_skip_dag.py for tasks to queue
[2025-04-09T07:03:38.730+0000] {logging_mixin.py:188} INFO - [2025-04-09T07:03:38.729+0000] {dagbag.py:538} INFO - Filling up the DagBag from /home/airflow/.local/lib/python3.8/site-packages/airflow/example_dags/example_skip_dag.py
[2025-04-09T07:03:38.736+0000] {processor.py:840} INFO - DAG(s) 'example_skip_dag' retrieved from /home/airflow/.local/lib/python3.8/site-packages/airflow/example_dags/example_skip_dag.py
[2025-04-09T07:03:38.758+0000] {logging_mixin.py:188} INFO - [2025-04-09T07:03:38.757+0000] {dag.py:3036} INFO - Sync 1 DAGs
[2025-04-09T07:03:38.780+0000] {logging_mixin.py:188} INFO - [2025-04-09T07:03:38.780+0000] {dag.py:3823} INFO - Setting next_dagrun for example_skip_dag to 2025-04-08 00:00:00+00:00, run_after=2025-04-09 00:00:00+00:00
[2025-04-09T07:03:38.832+0000] {processor.py:183} INFO - Processing /home/airflow/.local/lib/python3.8/site-packages/airflow/example_dags/example_skip_dag.py took 0.109 seconds
[2025-04-09T07:04:09.471+0000] {processor.py:161} INFO - Started process (PID=826) to work on /home/airflow/.local/lib/python3.8/site-packages/airflow/example_dags/example_skip_dag.py
[2025-04-09T07:04:09.472+0000] {processor.py:830} INFO - Processing file /home/airflow/.local/lib/python3.8/site-packages/airflow/example_dags/example_skip_dag.py for tasks to queue
[2025-04-09T07:04:09.474+0000] {logging_mixin.py:188} INFO - [2025-04-09T07:04:09.474+0000] {dagbag.py:538} INFO - Filling up the DagBag from /home/airflow/.local/lib/python3.8/site-packages/airflow/example_dags/example_skip_dag.py
[2025-04-09T07:04:09.483+0000] {processor.py:840} INFO - DAG(s) 'example_skip_dag' retrieved from /home/airflow/.local/lib/python3.8/site-packages/airflow/example_dags/example_skip_dag.py
[2025-04-09T07:04:09.508+0000] {logging_mixin.py:188} INFO - [2025-04-09T07:04:09.507+0000] {dag.py:3036} INFO - Sync 1 DAGs
[2025-04-09T07:04:09.537+0000] {logging_mixin.py:188} INFO - [2025-04-09T07:04:09.536+0000] {dag.py:3823} INFO - Setting next_dagrun for example_skip_dag to 2025-04-08 00:00:00+00:00, run_after=2025-04-09 00:00:00+00:00
[2025-04-09T07:04:09.584+0000] {processor.py:183} INFO - Processing /home/airflow/.local/lib/python3.8/site-packages/airflow/example_dags/example_skip_dag.py took 0.116 seconds
[2025-04-09T07:04:40.003+0000] {processor.py:161} INFO - Started process (PID=884) to work on /home/airflow/.local/lib/python3.8/site-packages/airflow/example_dags/example_skip_dag.py
[2025-04-09T07:04:40.004+0000] {processor.py:830} INFO - Processing file /home/airflow/.local/lib/python3.8/site-packages/airflow/example_dags/example_skip_dag.py for tasks to queue
[2025-04-09T07:04:40.006+0000] {logging_mixin.py:188} INFO - [2025-04-09T07:04:40.005+0000] {dagbag.py:538} INFO - Filling up the DagBag from /home/airflow/.local/lib/python3.8/site-packages/airflow/example_dags/example_skip_dag.py
[2025-04-09T07:04:40.013+0000] {processor.py:840} INFO - DAG(s) 'example_skip_dag' retrieved from /home/airflow/.local/lib/python3.8/site-packages/airflow/example_dags/example_skip_dag.py
[2025-04-09T07:04:40.038+0000] {logging_mixin.py:188} INFO - [2025-04-09T07:04:40.038+0000] {dag.py:3036} INFO - Sync 1 DAGs
[2025-04-09T07:04:40.061+0000] {logging_mixin.py:188} INFO - [2025-04-09T07:04:40.061+0000] {dag.py:3823} INFO - Setting next_dagrun for example_skip_dag to 2025-04-08 00:00:00+00:00, run_after=2025-04-09 00:00:00+00:00
[2025-04-09T07:04:40.116+0000] {processor.py:183} INFO - Processing /home/airflow/.local/lib/python3.8/site-packages/airflow/example_dags/example_skip_dag.py took 0.117 seconds
[2025-04-09T07:05:10.490+0000] {processor.py:161} INFO - Started process (PID=942) to work on /home/airflow/.local/lib/python3.8/site-packages/airflow/example_dags/example_skip_dag.py
[2025-04-09T07:05:10.491+0000] {processor.py:830} INFO - Processing file /home/airflow/.local/lib/python3.8/site-packages/airflow/example_dags/example_skip_dag.py for tasks to queue
[2025-04-09T07:05:10.493+0000] {logging_mixin.py:188} INFO - [2025-04-09T07:05:10.493+0000] {dagbag.py:538} INFO - Filling up the DagBag from /home/airflow/.local/lib/python3.8/site-packages/airflow/example_dags/example_skip_dag.py
[2025-04-09T07:05:10.499+0000] {processor.py:840} INFO - DAG(s) 'example_skip_dag' retrieved from /home/airflow/.local/lib/python3.8/site-packages/airflow/example_dags/example_skip_dag.py
[2025-04-09T07:05:10.526+0000] {logging_mixin.py:188} INFO - [2025-04-09T07:05:10.526+0000] {dag.py:3036} INFO - Sync 1 DAGs
[2025-04-09T07:05:10.555+0000] {logging_mixin.py:188} INFO - [2025-04-09T07:05:10.554+0000] {dag.py:3823} INFO - Setting next_dagrun for example_skip_dag to 2025-04-08 00:00:00+00:00, run_after=2025-04-09 00:00:00+00:00
[2025-04-09T07:05:10.618+0000] {processor.py:183} INFO - Processing /home/airflow/.local/lib/python3.8/site-packages/airflow/example_dags/example_skip_dag.py took 0.132 seconds
[2025-04-09T07:05:40.990+0000] {processor.py:161} INFO - Started process (PID=994) to work on /home/airflow/.local/lib/python3.8/site-packages/airflow/example_dags/example_skip_dag.py
[2025-04-09T07:05:40.991+0000] {processor.py:830} INFO - Processing file /home/airflow/.local/lib/python3.8/site-packages/airflow/example_dags/example_skip_dag.py for tasks to queue
[2025-04-09T07:05:40.993+0000] {logging_mixin.py:188} INFO - [2025-04-09T07:05:40.992+0000] {dagbag.py:538} INFO - Filling up the DagBag from /home/airflow/.local/lib/python3.8/site-packages/airflow/example_dags/example_skip_dag.py
[2025-04-09T07:05:41.000+0000] {processor.py:840} INFO - DAG(s) 'example_skip_dag' retrieved from /home/airflow/.local/lib/python3.8/site-packages/airflow/example_dags/example_skip_dag.py
[2025-04-09T07:05:41.022+0000] {logging_mixin.py:188} INFO - [2025-04-09T07:05:41.022+0000] {dag.py:3036} INFO - Sync 1 DAGs
[2025-04-09T07:05:41.043+0000] {logging_mixin.py:188} INFO - [2025-04-09T07:05:41.043+0000] {dag.py:3823} INFO - Setting next_dagrun for example_skip_dag to 2025-04-08 00:00:00+00:00, run_after=2025-04-09 00:00:00+00:00
[2025-04-09T07:05:41.093+0000] {processor.py:183} INFO - Processing /home/airflow/.local/lib/python3.8/site-packages/airflow/example_dags/example_skip_dag.py took 0.106 seconds
[2025-04-09T07:06:11.484+0000] {processor.py:161} INFO - Started process (PID=1052) to work on /home/airflow/.local/lib/python3.8/site-packages/airflow/example_dags/example_skip_dag.py
[2025-04-09T07:06:11.485+0000] {processor.py:830} INFO - Processing file /home/airflow/.local/lib/python3.8/site-packages/airflow/example_dags/example_skip_dag.py for tasks to queue
[2025-04-09T07:06:11.487+0000] {logging_mixin.py:188} INFO - [2025-04-09T07:06:11.487+0000] {dagbag.py:538} INFO - Filling up the DagBag from /home/airflow/.local/lib/python3.8/site-packages/airflow/example_dags/example_skip_dag.py
[2025-04-09T07:06:11.493+0000] {processor.py:840} INFO - DAG(s) 'example_skip_dag' retrieved from /home/airflow/.local/lib/python3.8/site-packages/airflow/example_dags/example_skip_dag.py
[2025-04-09T07:06:11.514+0000] {logging_mixin.py:188} INFO - [2025-04-09T07:06:11.513+0000] {dag.py:3036} INFO - Sync 1 DAGs
[2025-04-09T07:06:11.535+0000] {logging_mixin.py:188} INFO - [2025-04-09T07:06:11.534+0000] {dag.py:3823} INFO - Setting next_dagrun for example_skip_dag to 2025-04-08 00:00:00+00:00, run_after=2025-04-09 00:00:00+00:00
[2025-04-09T07:06:11.595+0000] {processor.py:183} INFO - Processing /home/airflow/.local/lib/python3.8/site-packages/airflow/example_dags/example_skip_dag.py took 0.114 seconds
[2025-04-09T07:09:58.232+0000] {processor.py:161} INFO - Started process (PID=86) to work on /home/airflow/.local/lib/python3.8/site-packages/airflow/example_dags/example_skip_dag.py
[2025-04-09T07:09:58.234+0000] {processor.py:830} INFO - Processing file /home/airflow/.local/lib/python3.8/site-packages/airflow/example_dags/example_skip_dag.py for tasks to queue
[2025-04-09T07:09:58.235+0000] {logging_mixin.py:188} INFO - [2025-04-09T07:09:58.235+0000] {dagbag.py:538} INFO - Filling up the DagBag from /home/airflow/.local/lib/python3.8/site-packages/airflow/example_dags/example_skip_dag.py
[2025-04-09T07:09:58.250+0000] {processor.py:840} INFO - DAG(s) 'example_skip_dag' retrieved from /home/airflow/.local/lib/python3.8/site-packages/airflow/example_dags/example_skip_dag.py
[2025-04-09T07:09:58.458+0000] {logging_mixin.py:188} INFO - [2025-04-09T07:09:58.457+0000] {dag.py:3036} INFO - Sync 1 DAGs
[2025-04-09T07:09:58.510+0000] {logging_mixin.py:188} INFO - [2025-04-09T07:09:58.510+0000] {dag.py:3823} INFO - Setting next_dagrun for example_skip_dag to 2025-04-08 00:00:00+00:00, run_after=2025-04-09 00:00:00+00:00
[2025-04-09T07:09:58.603+0000] {processor.py:183} INFO - Processing /home/airflow/.local/lib/python3.8/site-packages/airflow/example_dags/example_skip_dag.py took 0.376 seconds
[2025-04-09T07:10:29.098+0000] {processor.py:161} INFO - Started process (PID=138) to work on /home/airflow/.local/lib/python3.8/site-packages/airflow/example_dags/example_skip_dag.py
[2025-04-09T07:10:29.099+0000] {processor.py:830} INFO - Processing file /home/airflow/.local/lib/python3.8/site-packages/airflow/example_dags/example_skip_dag.py for tasks to queue
[2025-04-09T07:10:29.100+0000] {logging_mixin.py:188} INFO - [2025-04-09T07:10:29.100+0000] {dagbag.py:538} INFO - Filling up the DagBag from /home/airflow/.local/lib/python3.8/site-packages/airflow/example_dags/example_skip_dag.py
[2025-04-09T07:10:29.110+0000] {processor.py:840} INFO - DAG(s) 'example_skip_dag' retrieved from /home/airflow/.local/lib/python3.8/site-packages/airflow/example_dags/example_skip_dag.py
[2025-04-09T07:10:29.139+0000] {logging_mixin.py:188} INFO - [2025-04-09T07:10:29.139+0000] {dag.py:3036} INFO - Sync 1 DAGs
[2025-04-09T07:10:29.168+0000] {logging_mixin.py:188} INFO - [2025-04-09T07:10:29.168+0000] {dag.py:3823} INFO - Setting next_dagrun for example_skip_dag to 2025-04-08 00:00:00+00:00, run_after=2025-04-09 00:00:00+00:00
[2025-04-09T07:10:29.261+0000] {processor.py:183} INFO - Processing /home/airflow/.local/lib/python3.8/site-packages/airflow/example_dags/example_skip_dag.py took 0.169 seconds
[2025-04-09T07:10:59.817+0000] {processor.py:161} INFO - Started process (PID=196) to work on /home/airflow/.local/lib/python3.8/site-packages/airflow/example_dags/example_skip_dag.py
[2025-04-09T07:10:59.830+0000] {processor.py:830} INFO - Processing file /home/airflow/.local/lib/python3.8/site-packages/airflow/example_dags/example_skip_dag.py for tasks to queue
[2025-04-09T07:10:59.833+0000] {logging_mixin.py:188} INFO - [2025-04-09T07:10:59.832+0000] {dagbag.py:538} INFO - Filling up the DagBag from /home/airflow/.local/lib/python3.8/site-packages/airflow/example_dags/example_skip_dag.py
[2025-04-09T07:10:59.844+0000] {processor.py:840} INFO - DAG(s) 'example_skip_dag' retrieved from /home/airflow/.local/lib/python3.8/site-packages/airflow/example_dags/example_skip_dag.py
[2025-04-09T07:10:59.878+0000] {logging_mixin.py:188} INFO - [2025-04-09T07:10:59.878+0000] {dag.py:3036} INFO - Sync 1 DAGs
[2025-04-09T07:10:59.911+0000] {logging_mixin.py:188} INFO - [2025-04-09T07:10:59.910+0000] {dag.py:3823} INFO - Setting next_dagrun for example_skip_dag to 2025-04-08 00:00:00+00:00, run_after=2025-04-09 00:00:00+00:00
[2025-04-09T07:10:59.988+0000] {processor.py:183} INFO - Processing /home/airflow/.local/lib/python3.8/site-packages/airflow/example_dags/example_skip_dag.py took 0.174 seconds
[2025-04-09T07:11:30.195+0000] {processor.py:161} INFO - Started process (PID=263) to work on /home/airflow/.local/lib/python3.8/site-packages/airflow/example_dags/example_skip_dag.py
[2025-04-09T07:11:30.196+0000] {processor.py:830} INFO - Processing file /home/airflow/.local/lib/python3.8/site-packages/airflow/example_dags/example_skip_dag.py for tasks to queue
[2025-04-09T07:11:30.197+0000] {logging_mixin.py:188} INFO - [2025-04-09T07:11:30.197+0000] {dagbag.py:538} INFO - Filling up the DagBag from /home/airflow/.local/lib/python3.8/site-packages/airflow/example_dags/example_skip_dag.py
[2025-04-09T07:11:30.203+0000] {processor.py:840} INFO - DAG(s) 'example_skip_dag' retrieved from /home/airflow/.local/lib/python3.8/site-packages/airflow/example_dags/example_skip_dag.py
[2025-04-09T07:11:30.229+0000] {logging_mixin.py:188} INFO - [2025-04-09T07:11:30.229+0000] {dag.py:3036} INFO - Sync 1 DAGs
[2025-04-09T07:11:30.252+0000] {logging_mixin.py:188} INFO - [2025-04-09T07:11:30.252+0000] {dag.py:3823} INFO - Setting next_dagrun for example_skip_dag to 2025-04-08 00:00:00+00:00, run_after=2025-04-09 00:00:00+00:00
[2025-04-09T07:11:30.403+0000] {processor.py:183} INFO - Processing /home/airflow/.local/lib/python3.8/site-packages/airflow/example_dags/example_skip_dag.py took 0.212 seconds
[2025-04-09T07:12:02.291+0000] {processor.py:161} INFO - Started process (PID=321) to work on /home/airflow/.local/lib/python3.8/site-packages/airflow/example_dags/example_skip_dag.py
[2025-04-09T07:12:02.313+0000] {processor.py:830} INFO - Processing file /home/airflow/.local/lib/python3.8/site-packages/airflow/example_dags/example_skip_dag.py for tasks to queue
[2025-04-09T07:12:02.315+0000] {logging_mixin.py:188} INFO - [2025-04-09T07:12:02.315+0000] {dagbag.py:538} INFO - Filling up the DagBag from /home/airflow/.local/lib/python3.8/site-packages/airflow/example_dags/example_skip_dag.py
[2025-04-09T07:12:02.322+0000] {processor.py:840} INFO - DAG(s) 'example_skip_dag' retrieved from /home/airflow/.local/lib/python3.8/site-packages/airflow/example_dags/example_skip_dag.py
[2025-04-09T07:12:02.346+0000] {logging_mixin.py:188} INFO - [2025-04-09T07:12:02.346+0000] {dag.py:3036} INFO - Sync 1 DAGs
[2025-04-09T07:12:02.371+0000] {logging_mixin.py:188} INFO - [2025-04-09T07:12:02.371+0000] {dag.py:3823} INFO - Setting next_dagrun for example_skip_dag to 2025-04-08 00:00:00+00:00, run_after=2025-04-09 00:00:00+00:00
[2025-04-09T07:12:02.428+0000] {processor.py:183} INFO - Processing /home/airflow/.local/lib/python3.8/site-packages/airflow/example_dags/example_skip_dag.py took 0.140 seconds
[2025-04-09T07:12:36.298+0000] {processor.py:161} INFO - Started process (PID=379) to work on /home/airflow/.local/lib/python3.8/site-packages/airflow/example_dags/example_skip_dag.py
[2025-04-09T07:12:36.299+0000] {processor.py:830} INFO - Processing file /home/airflow/.local/lib/python3.8/site-packages/airflow/example_dags/example_skip_dag.py for tasks to queue
[2025-04-09T07:12:36.302+0000] {logging_mixin.py:188} INFO - [2025-04-09T07:12:36.301+0000] {dagbag.py:538} INFO - Filling up the DagBag from /home/airflow/.local/lib/python3.8/site-packages/airflow/example_dags/example_skip_dag.py
[2025-04-09T07:12:36.311+0000] {processor.py:840} INFO - DAG(s) 'example_skip_dag' retrieved from /home/airflow/.local/lib/python3.8/site-packages/airflow/example_dags/example_skip_dag.py
[2025-04-09T07:12:36.333+0000] {logging_mixin.py:188} INFO - [2025-04-09T07:12:36.332+0000] {dag.py:3036} INFO - Sync 1 DAGs
[2025-04-09T07:12:36.353+0000] {logging_mixin.py:188} INFO - [2025-04-09T07:12:36.353+0000] {dag.py:3823} INFO - Setting next_dagrun for example_skip_dag to 2025-04-08 00:00:00+00:00, run_after=2025-04-09 00:00:00+00:00
[2025-04-09T07:12:36.411+0000] {processor.py:183} INFO - Processing /home/airflow/.local/lib/python3.8/site-packages/airflow/example_dags/example_skip_dag.py took 0.116 seconds
[2025-04-09T07:13:07.575+0000] {processor.py:161} INFO - Started process (PID=437) to work on /home/airflow/.local/lib/python3.8/site-packages/airflow/example_dags/example_skip_dag.py
[2025-04-09T07:13:07.576+0000] {processor.py:830} INFO - Processing file /home/airflow/.local/lib/python3.8/site-packages/airflow/example_dags/example_skip_dag.py for tasks to queue
[2025-04-09T07:13:07.578+0000] {logging_mixin.py:188} INFO - [2025-04-09T07:13:07.578+0000] {dagbag.py:538} INFO - Filling up the DagBag from /home/airflow/.local/lib/python3.8/site-packages/airflow/example_dags/example_skip_dag.py
[2025-04-09T07:13:07.585+0000] {processor.py:840} INFO - DAG(s) 'example_skip_dag' retrieved from /home/airflow/.local/lib/python3.8/site-packages/airflow/example_dags/example_skip_dag.py
[2025-04-09T07:13:07.612+0000] {logging_mixin.py:188} INFO - [2025-04-09T07:13:07.611+0000] {dag.py:3036} INFO - Sync 1 DAGs
[2025-04-09T07:13:07.634+0000] {logging_mixin.py:188} INFO - [2025-04-09T07:13:07.634+0000] {dag.py:3823} INFO - Setting next_dagrun for example_skip_dag to 2025-04-08 00:00:00+00:00, run_after=2025-04-09 00:00:00+00:00
[2025-04-09T07:13:07.690+0000] {processor.py:183} INFO - Processing /home/airflow/.local/lib/python3.8/site-packages/airflow/example_dags/example_skip_dag.py took 0.118 seconds
[2025-04-09T07:13:37.776+0000] {processor.py:161} INFO - Started process (PID=495) to work on /home/airflow/.local/lib/python3.8/site-packages/airflow/example_dags/example_skip_dag.py
[2025-04-09T07:13:37.778+0000] {processor.py:830} INFO - Processing file /home/airflow/.local/lib/python3.8/site-packages/airflow/example_dags/example_skip_dag.py for tasks to queue
[2025-04-09T07:13:37.780+0000] {logging_mixin.py:188} INFO - [2025-04-09T07:13:37.779+0000] {dagbag.py:538} INFO - Filling up the DagBag from /home/airflow/.local/lib/python3.8/site-packages/airflow/example_dags/example_skip_dag.py
[2025-04-09T07:13:37.789+0000] {processor.py:840} INFO - DAG(s) 'example_skip_dag' retrieved from /home/airflow/.local/lib/python3.8/site-packages/airflow/example_dags/example_skip_dag.py
[2025-04-09T07:13:37.832+0000] {logging_mixin.py:188} INFO - [2025-04-09T07:13:37.832+0000] {dag.py:3036} INFO - Sync 1 DAGs
[2025-04-09T07:13:37.886+0000] {logging_mixin.py:188} INFO - [2025-04-09T07:13:37.885+0000] {dag.py:3823} INFO - Setting next_dagrun for example_skip_dag to 2025-04-08 00:00:00+00:00, run_after=2025-04-09 00:00:00+00:00
[2025-04-09T07:13:37.945+0000] {processor.py:183} INFO - Processing /home/airflow/.local/lib/python3.8/site-packages/airflow/example_dags/example_skip_dag.py took 0.173 seconds
[2025-04-09T07:14:08.185+0000] {processor.py:161} INFO - Started process (PID=553) to work on /home/airflow/.local/lib/python3.8/site-packages/airflow/example_dags/example_skip_dag.py
[2025-04-09T07:14:08.202+0000] {processor.py:830} INFO - Processing file /home/airflow/.local/lib/python3.8/site-packages/airflow/example_dags/example_skip_dag.py for tasks to queue
[2025-04-09T07:14:08.204+0000] {logging_mixin.py:188} INFO - [2025-04-09T07:14:08.204+0000] {dagbag.py:538} INFO - Filling up the DagBag from /home/airflow/.local/lib/python3.8/site-packages/airflow/example_dags/example_skip_dag.py
[2025-04-09T07:14:08.211+0000] {processor.py:840} INFO - DAG(s) 'example_skip_dag' retrieved from /home/airflow/.local/lib/python3.8/site-packages/airflow/example_dags/example_skip_dag.py
[2025-04-09T07:14:08.236+0000] {logging_mixin.py:188} INFO - [2025-04-09T07:14:08.235+0000] {dag.py:3036} INFO - Sync 1 DAGs
[2025-04-09T07:14:08.262+0000] {logging_mixin.py:188} INFO - [2025-04-09T07:14:08.262+0000] {dag.py:3823} INFO - Setting next_dagrun for example_skip_dag to 2025-04-08 00:00:00+00:00, run_after=2025-04-09 00:00:00+00:00
[2025-04-09T07:14:08.313+0000] {processor.py:183} INFO - Processing /home/airflow/.local/lib/python3.8/site-packages/airflow/example_dags/example_skip_dag.py took 0.132 seconds
[2025-04-09T07:14:39.099+0000] {processor.py:161} INFO - Started process (PID=611) to work on /home/airflow/.local/lib/python3.8/site-packages/airflow/example_dags/example_skip_dag.py
[2025-04-09T07:14:39.100+0000] {processor.py:830} INFO - Processing file /home/airflow/.local/lib/python3.8/site-packages/airflow/example_dags/example_skip_dag.py for tasks to queue
[2025-04-09T07:14:39.103+0000] {logging_mixin.py:188} INFO - [2025-04-09T07:14:39.102+0000] {dagbag.py:538} INFO - Filling up the DagBag from /home/airflow/.local/lib/python3.8/site-packages/airflow/example_dags/example_skip_dag.py
[2025-04-09T07:14:39.111+0000] {processor.py:840} INFO - DAG(s) 'example_skip_dag' retrieved from /home/airflow/.local/lib/python3.8/site-packages/airflow/example_dags/example_skip_dag.py
[2025-04-09T07:14:39.136+0000] {logging_mixin.py:188} INFO - [2025-04-09T07:14:39.135+0000] {dag.py:3036} INFO - Sync 1 DAGs
[2025-04-09T07:14:39.163+0000] {logging_mixin.py:188} INFO - [2025-04-09T07:14:39.163+0000] {dag.py:3823} INFO - Setting next_dagrun for example_skip_dag to 2025-04-08 00:00:00+00:00, run_after=2025-04-09 00:00:00+00:00
[2025-04-09T07:14:39.236+0000] {processor.py:183} INFO - Processing /home/airflow/.local/lib/python3.8/site-packages/airflow/example_dags/example_skip_dag.py took 0.141 seconds
[2025-04-09T07:15:09.444+0000] {processor.py:161} INFO - Started process (PID=669) to work on /home/airflow/.local/lib/python3.8/site-packages/airflow/example_dags/example_skip_dag.py
[2025-04-09T07:15:09.487+0000] {processor.py:830} INFO - Processing file /home/airflow/.local/lib/python3.8/site-packages/airflow/example_dags/example_skip_dag.py for tasks to queue
[2025-04-09T07:15:09.490+0000] {logging_mixin.py:188} INFO - [2025-04-09T07:15:09.489+0000] {dagbag.py:538} INFO - Filling up the DagBag from /home/airflow/.local/lib/python3.8/site-packages/airflow/example_dags/example_skip_dag.py
[2025-04-09T07:15:09.496+0000] {processor.py:840} INFO - DAG(s) 'example_skip_dag' retrieved from /home/airflow/.local/lib/python3.8/site-packages/airflow/example_dags/example_skip_dag.py
[2025-04-09T07:15:09.520+0000] {logging_mixin.py:188} INFO - [2025-04-09T07:15:09.520+0000] {dag.py:3036} INFO - Sync 1 DAGs
[2025-04-09T07:15:09.542+0000] {logging_mixin.py:188} INFO - [2025-04-09T07:15:09.541+0000] {dag.py:3823} INFO - Setting next_dagrun for example_skip_dag to 2025-04-08 00:00:00+00:00, run_after=2025-04-09 00:00:00+00:00
[2025-04-09T07:15:09.609+0000] {processor.py:183} INFO - Processing /home/airflow/.local/lib/python3.8/site-packages/airflow/example_dags/example_skip_dag.py took 0.168 seconds
[2025-04-09T07:15:40.053+0000] {processor.py:161} INFO - Started process (PID=727) to work on /home/airflow/.local/lib/python3.8/site-packages/airflow/example_dags/example_skip_dag.py
[2025-04-09T07:15:40.054+0000] {processor.py:830} INFO - Processing file /home/airflow/.local/lib/python3.8/site-packages/airflow/example_dags/example_skip_dag.py for tasks to queue
[2025-04-09T07:15:40.056+0000] {logging_mixin.py:188} INFO - [2025-04-09T07:15:40.055+0000] {dagbag.py:538} INFO - Filling up the DagBag from /home/airflow/.local/lib/python3.8/site-packages/airflow/example_dags/example_skip_dag.py
[2025-04-09T07:15:40.063+0000] {processor.py:840} INFO - DAG(s) 'example_skip_dag' retrieved from /home/airflow/.local/lib/python3.8/site-packages/airflow/example_dags/example_skip_dag.py
[2025-04-09T07:15:40.085+0000] {logging_mixin.py:188} INFO - [2025-04-09T07:15:40.085+0000] {dag.py:3036} INFO - Sync 1 DAGs
[2025-04-09T07:15:40.107+0000] {logging_mixin.py:188} INFO - [2025-04-09T07:15:40.106+0000] {dag.py:3823} INFO - Setting next_dagrun for example_skip_dag to 2025-04-08 00:00:00+00:00, run_after=2025-04-09 00:00:00+00:00
[2025-04-09T07:15:40.160+0000] {processor.py:183} INFO - Processing /home/airflow/.local/lib/python3.8/site-packages/airflow/example_dags/example_skip_dag.py took 0.111 seconds
[2025-04-09T07:16:12.317+0000] {processor.py:161} INFO - Started process (PID=785) to work on /home/airflow/.local/lib/python3.8/site-packages/airflow/example_dags/example_skip_dag.py
[2025-04-09T07:16:12.318+0000] {processor.py:830} INFO - Processing file /home/airflow/.local/lib/python3.8/site-packages/airflow/example_dags/example_skip_dag.py for tasks to queue
[2025-04-09T07:16:12.319+0000] {logging_mixin.py:188} INFO - [2025-04-09T07:16:12.319+0000] {dagbag.py:538} INFO - Filling up the DagBag from /home/airflow/.local/lib/python3.8/site-packages/airflow/example_dags/example_skip_dag.py
[2025-04-09T07:16:12.326+0000] {processor.py:840} INFO - DAG(s) 'example_skip_dag' retrieved from /home/airflow/.local/lib/python3.8/site-packages/airflow/example_dags/example_skip_dag.py
[2025-04-09T07:16:12.350+0000] {logging_mixin.py:188} INFO - [2025-04-09T07:16:12.350+0000] {dag.py:3036} INFO - Sync 1 DAGs
[2025-04-09T07:16:12.378+0000] {logging_mixin.py:188} INFO - [2025-04-09T07:16:12.378+0000] {dag.py:3823} INFO - Setting next_dagrun for example_skip_dag to 2025-04-08 00:00:00+00:00, run_after=2025-04-09 00:00:00+00:00
[2025-04-09T07:16:12.463+0000] {processor.py:183} INFO - Processing /home/airflow/.local/lib/python3.8/site-packages/airflow/example_dags/example_skip_dag.py took 0.150 seconds
[2025-04-09T07:16:43.023+0000] {processor.py:161} INFO - Started process (PID=843) to work on /home/airflow/.local/lib/python3.8/site-packages/airflow/example_dags/example_skip_dag.py
[2025-04-09T07:16:43.024+0000] {processor.py:830} INFO - Processing file /home/airflow/.local/lib/python3.8/site-packages/airflow/example_dags/example_skip_dag.py for tasks to queue
[2025-04-09T07:16:43.026+0000] {logging_mixin.py:188} INFO - [2025-04-09T07:16:43.025+0000] {dagbag.py:538} INFO - Filling up the DagBag from /home/airflow/.local/lib/python3.8/site-packages/airflow/example_dags/example_skip_dag.py
[2025-04-09T07:16:43.033+0000] {processor.py:840} INFO - DAG(s) 'example_skip_dag' retrieved from /home/airflow/.local/lib/python3.8/site-packages/airflow/example_dags/example_skip_dag.py
[2025-04-09T07:16:43.060+0000] {logging_mixin.py:188} INFO - [2025-04-09T07:16:43.059+0000] {dag.py:3036} INFO - Sync 1 DAGs
[2025-04-09T07:16:43.086+0000] {logging_mixin.py:188} INFO - [2025-04-09T07:16:43.085+0000] {dag.py:3823} INFO - Setting next_dagrun for example_skip_dag to 2025-04-08 00:00:00+00:00, run_after=2025-04-09 00:00:00+00:00
[2025-04-09T07:16:46.727+0000] {processor.py:183} INFO - Processing /home/airflow/.local/lib/python3.8/site-packages/airflow/example_dags/example_skip_dag.py took 0.125 seconds
[2025-04-09T07:17:17.356+0000] {processor.py:161} INFO - Started process (PID=901) to work on /home/airflow/.local/lib/python3.8/site-packages/airflow/example_dags/example_skip_dag.py
[2025-04-09T07:17:17.357+0000] {processor.py:830} INFO - Processing file /home/airflow/.local/lib/python3.8/site-packages/airflow/example_dags/example_skip_dag.py for tasks to queue
[2025-04-09T07:17:17.359+0000] {logging_mixin.py:188} INFO - [2025-04-09T07:17:17.358+0000] {dagbag.py:538} INFO - Filling up the DagBag from /home/airflow/.local/lib/python3.8/site-packages/airflow/example_dags/example_skip_dag.py
[2025-04-09T07:17:17.367+0000] {processor.py:840} INFO - DAG(s) 'example_skip_dag' retrieved from /home/airflow/.local/lib/python3.8/site-packages/airflow/example_dags/example_skip_dag.py
[2025-04-09T07:17:17.395+0000] {logging_mixin.py:188} INFO - [2025-04-09T07:17:17.395+0000] {dag.py:3036} INFO - Sync 1 DAGs
[2025-04-09T07:17:17.423+0000] {logging_mixin.py:188} INFO - [2025-04-09T07:17:17.423+0000] {dag.py:3823} INFO - Setting next_dagrun for example_skip_dag to 2025-04-08 00:00:00+00:00, run_after=2025-04-09 00:00:00+00:00
[2025-04-09T07:17:17.479+0000] {processor.py:183} INFO - Processing /home/airflow/.local/lib/python3.8/site-packages/airflow/example_dags/example_skip_dag.py took 0.127 seconds
[2025-04-09T07:17:47.716+0000] {processor.py:161} INFO - Started process (PID=959) to work on /home/airflow/.local/lib/python3.8/site-packages/airflow/example_dags/example_skip_dag.py
[2025-04-09T07:17:47.739+0000] {processor.py:830} INFO - Processing file /home/airflow/.local/lib/python3.8/site-packages/airflow/example_dags/example_skip_dag.py for tasks to queue
[2025-04-09T07:17:47.741+0000] {logging_mixin.py:188} INFO - [2025-04-09T07:17:47.741+0000] {dagbag.py:538} INFO - Filling up the DagBag from /home/airflow/.local/lib/python3.8/site-packages/airflow/example_dags/example_skip_dag.py
[2025-04-09T07:17:47.748+0000] {processor.py:840} INFO - DAG(s) 'example_skip_dag' retrieved from /home/airflow/.local/lib/python3.8/site-packages/airflow/example_dags/example_skip_dag.py
[2025-04-09T07:17:47.773+0000] {logging_mixin.py:188} INFO - [2025-04-09T07:17:47.773+0000] {dag.py:3036} INFO - Sync 1 DAGs
[2025-04-09T07:17:47.801+0000] {logging_mixin.py:188} INFO - [2025-04-09T07:17:47.801+0000] {dag.py:3823} INFO - Setting next_dagrun for example_skip_dag to 2025-04-08 00:00:00+00:00, run_after=2025-04-09 00:00:00+00:00
[2025-04-09T07:17:47.889+0000] {processor.py:183} INFO - Processing /home/airflow/.local/lib/python3.8/site-packages/airflow/example_dags/example_skip_dag.py took 0.176 seconds
[2025-04-09T07:18:18.596+0000] {processor.py:161} INFO - Started process (PID=1017) to work on /home/airflow/.local/lib/python3.8/site-packages/airflow/example_dags/example_skip_dag.py
[2025-04-09T07:18:18.597+0000] {processor.py:830} INFO - Processing file /home/airflow/.local/lib/python3.8/site-packages/airflow/example_dags/example_skip_dag.py for tasks to queue
[2025-04-09T07:18:18.599+0000] {logging_mixin.py:188} INFO - [2025-04-09T07:18:18.598+0000] {dagbag.py:538} INFO - Filling up the DagBag from /home/airflow/.local/lib/python3.8/site-packages/airflow/example_dags/example_skip_dag.py
[2025-04-09T07:18:18.607+0000] {processor.py:840} INFO - DAG(s) 'example_skip_dag' retrieved from /home/airflow/.local/lib/python3.8/site-packages/airflow/example_dags/example_skip_dag.py
[2025-04-09T07:18:18.634+0000] {logging_mixin.py:188} INFO - [2025-04-09T07:18:18.633+0000] {dag.py:3036} INFO - Sync 1 DAGs
[2025-04-09T07:18:18.662+0000] {logging_mixin.py:188} INFO - [2025-04-09T07:18:18.661+0000] {dag.py:3823} INFO - Setting next_dagrun for example_skip_dag to 2025-04-08 00:00:00+00:00, run_after=2025-04-09 00:00:00+00:00
[2025-04-09T07:18:18.724+0000] {processor.py:183} INFO - Processing /home/airflow/.local/lib/python3.8/site-packages/airflow/example_dags/example_skip_dag.py took 0.132 seconds
[2025-04-09T07:18:49.294+0000] {processor.py:161} INFO - Started process (PID=1069) to work on /home/airflow/.local/lib/python3.8/site-packages/airflow/example_dags/example_skip_dag.py
[2025-04-09T07:18:49.295+0000] {processor.py:830} INFO - Processing file /home/airflow/.local/lib/python3.8/site-packages/airflow/example_dags/example_skip_dag.py for tasks to queue
[2025-04-09T07:18:49.297+0000] {logging_mixin.py:188} INFO - [2025-04-09T07:18:49.297+0000] {dagbag.py:538} INFO - Filling up the DagBag from /home/airflow/.local/lib/python3.8/site-packages/airflow/example_dags/example_skip_dag.py
[2025-04-09T07:18:49.304+0000] {processor.py:840} INFO - DAG(s) 'example_skip_dag' retrieved from /home/airflow/.local/lib/python3.8/site-packages/airflow/example_dags/example_skip_dag.py
[2025-04-09T07:18:49.330+0000] {logging_mixin.py:188} INFO - [2025-04-09T07:18:49.330+0000] {dag.py:3036} INFO - Sync 1 DAGs
[2025-04-09T07:18:49.357+0000] {logging_mixin.py:188} INFO - [2025-04-09T07:18:49.357+0000] {dag.py:3823} INFO - Setting next_dagrun for example_skip_dag to 2025-04-08 00:00:00+00:00, run_after=2025-04-09 00:00:00+00:00
[2025-04-09T07:18:49.405+0000] {processor.py:183} INFO - Processing /home/airflow/.local/lib/python3.8/site-packages/airflow/example_dags/example_skip_dag.py took 0.115 seconds
[2025-04-09T07:19:19.444+0000] {processor.py:161} INFO - Started process (PID=1127) to work on /home/airflow/.local/lib/python3.8/site-packages/airflow/example_dags/example_skip_dag.py
[2025-04-09T07:19:19.445+0000] {processor.py:830} INFO - Processing file /home/airflow/.local/lib/python3.8/site-packages/airflow/example_dags/example_skip_dag.py for tasks to queue
[2025-04-09T07:19:19.446+0000] {logging_mixin.py:188} INFO - [2025-04-09T07:19:19.446+0000] {dagbag.py:538} INFO - Filling up the DagBag from /home/airflow/.local/lib/python3.8/site-packages/airflow/example_dags/example_skip_dag.py
[2025-04-09T07:19:19.453+0000] {processor.py:840} INFO - DAG(s) 'example_skip_dag' retrieved from /home/airflow/.local/lib/python3.8/site-packages/airflow/example_dags/example_skip_dag.py
[2025-04-09T07:19:19.475+0000] {logging_mixin.py:188} INFO - [2025-04-09T07:19:19.475+0000] {dag.py:3036} INFO - Sync 1 DAGs
[2025-04-09T07:19:19.497+0000] {logging_mixin.py:188} INFO - [2025-04-09T07:19:19.497+0000] {dag.py:3823} INFO - Setting next_dagrun for example_skip_dag to 2025-04-08 00:00:00+00:00, run_after=2025-04-09 00:00:00+00:00
[2025-04-09T07:19:19.559+0000] {processor.py:183} INFO - Processing /home/airflow/.local/lib/python3.8/site-packages/airflow/example_dags/example_skip_dag.py took 0.118 seconds
[2025-04-09T07:19:49.602+0000] {processor.py:161} INFO - Started process (PID=1185) to work on /home/airflow/.local/lib/python3.8/site-packages/airflow/example_dags/example_skip_dag.py
[2025-04-09T07:19:49.603+0000] {processor.py:830} INFO - Processing file /home/airflow/.local/lib/python3.8/site-packages/airflow/example_dags/example_skip_dag.py for tasks to queue
[2025-04-09T07:19:49.605+0000] {logging_mixin.py:188} INFO - [2025-04-09T07:19:49.605+0000] {dagbag.py:538} INFO - Filling up the DagBag from /home/airflow/.local/lib/python3.8/site-packages/airflow/example_dags/example_skip_dag.py
[2025-04-09T07:19:49.611+0000] {processor.py:840} INFO - DAG(s) 'example_skip_dag' retrieved from /home/airflow/.local/lib/python3.8/site-packages/airflow/example_dags/example_skip_dag.py
[2025-04-09T07:19:49.633+0000] {logging_mixin.py:188} INFO - [2025-04-09T07:19:49.633+0000] {dag.py:3036} INFO - Sync 1 DAGs
[2025-04-09T07:19:49.656+0000] {logging_mixin.py:188} INFO - [2025-04-09T07:19:49.656+0000] {dag.py:3823} INFO - Setting next_dagrun for example_skip_dag to 2025-04-08 00:00:00+00:00, run_after=2025-04-09 00:00:00+00:00
[2025-04-09T07:19:49.707+0000] {processor.py:183} INFO - Processing /home/airflow/.local/lib/python3.8/site-packages/airflow/example_dags/example_skip_dag.py took 0.108 seconds
[2025-04-09T07:20:21.997+0000] {processor.py:161} INFO - Started process (PID=1243) to work on /home/airflow/.local/lib/python3.8/site-packages/airflow/example_dags/example_skip_dag.py
[2025-04-09T07:20:22.010+0000] {processor.py:830} INFO - Processing file /home/airflow/.local/lib/python3.8/site-packages/airflow/example_dags/example_skip_dag.py for tasks to queue
[2025-04-09T07:20:22.012+0000] {logging_mixin.py:188} INFO - [2025-04-09T07:20:22.012+0000] {dagbag.py:538} INFO - Filling up the DagBag from /home/airflow/.local/lib/python3.8/site-packages/airflow/example_dags/example_skip_dag.py
[2025-04-09T07:20:22.020+0000] {processor.py:840} INFO - DAG(s) 'example_skip_dag' retrieved from /home/airflow/.local/lib/python3.8/site-packages/airflow/example_dags/example_skip_dag.py
[2025-04-09T07:20:22.045+0000] {logging_mixin.py:188} INFO - [2025-04-09T07:20:22.045+0000] {dag.py:3036} INFO - Sync 1 DAGs
[2025-04-09T07:20:22.071+0000] {logging_mixin.py:188} INFO - [2025-04-09T07:20:22.071+0000] {dag.py:3823} INFO - Setting next_dagrun for example_skip_dag to 2025-04-08 00:00:00+00:00, run_after=2025-04-09 00:00:00+00:00
[2025-04-09T07:20:22.121+0000] {processor.py:183} INFO - Processing /home/airflow/.local/lib/python3.8/site-packages/airflow/example_dags/example_skip_dag.py took 0.127 seconds
[2025-04-09T07:20:52.593+0000] {processor.py:161} INFO - Started process (PID=1301) to work on /home/airflow/.local/lib/python3.8/site-packages/airflow/example_dags/example_skip_dag.py
[2025-04-09T07:20:52.599+0000] {processor.py:830} INFO - Processing file /home/airflow/.local/lib/python3.8/site-packages/airflow/example_dags/example_skip_dag.py for tasks to queue
[2025-04-09T07:20:52.601+0000] {logging_mixin.py:188} INFO - [2025-04-09T07:20:52.600+0000] {dagbag.py:538} INFO - Filling up the DagBag from /home/airflow/.local/lib/python3.8/site-packages/airflow/example_dags/example_skip_dag.py
[2025-04-09T07:20:52.608+0000] {processor.py:840} INFO - DAG(s) 'example_skip_dag' retrieved from /home/airflow/.local/lib/python3.8/site-packages/airflow/example_dags/example_skip_dag.py
[2025-04-09T07:20:52.632+0000] {logging_mixin.py:188} INFO - [2025-04-09T07:20:52.632+0000] {dag.py:3036} INFO - Sync 1 DAGs
[2025-04-09T07:20:52.659+0000] {logging_mixin.py:188} INFO - [2025-04-09T07:20:52.659+0000] {dag.py:3823} INFO - Setting next_dagrun for example_skip_dag to 2025-04-08 00:00:00+00:00, run_after=2025-04-09 00:00:00+00:00
[2025-04-09T07:20:52.758+0000] {processor.py:183} INFO - Processing /home/airflow/.local/lib/python3.8/site-packages/airflow/example_dags/example_skip_dag.py took 0.168 seconds
[2025-04-09T07:21:23.095+0000] {processor.py:161} INFO - Started process (PID=1359) to work on /home/airflow/.local/lib/python3.8/site-packages/airflow/example_dags/example_skip_dag.py
[2025-04-09T07:21:23.102+0000] {processor.py:830} INFO - Processing file /home/airflow/.local/lib/python3.8/site-packages/airflow/example_dags/example_skip_dag.py for tasks to queue
[2025-04-09T07:21:23.103+0000] {logging_mixin.py:188} INFO - [2025-04-09T07:21:23.103+0000] {dagbag.py:538} INFO - Filling up the DagBag from /home/airflow/.local/lib/python3.8/site-packages/airflow/example_dags/example_skip_dag.py
[2025-04-09T07:21:23.111+0000] {processor.py:840} INFO - DAG(s) 'example_skip_dag' retrieved from /home/airflow/.local/lib/python3.8/site-packages/airflow/example_dags/example_skip_dag.py
[2025-04-09T07:21:23.142+0000] {logging_mixin.py:188} INFO - [2025-04-09T07:21:23.141+0000] {dag.py:3036} INFO - Sync 1 DAGs
[2025-04-09T07:21:23.163+0000] {logging_mixin.py:188} INFO - [2025-04-09T07:21:23.163+0000] {dag.py:3823} INFO - Setting next_dagrun for example_skip_dag to 2025-04-08 00:00:00+00:00, run_after=2025-04-09 00:00:00+00:00
[2025-04-09T07:21:23.215+0000] {processor.py:183} INFO - Processing /home/airflow/.local/lib/python3.8/site-packages/airflow/example_dags/example_skip_dag.py took 0.122 seconds
[2025-04-09T07:21:53.597+0000] {processor.py:161} INFO - Started process (PID=1417) to work on /home/airflow/.local/lib/python3.8/site-packages/airflow/example_dags/example_skip_dag.py
[2025-04-09T07:21:53.622+0000] {processor.py:830} INFO - Processing file /home/airflow/.local/lib/python3.8/site-packages/airflow/example_dags/example_skip_dag.py for tasks to queue
[2025-04-09T07:21:53.625+0000] {logging_mixin.py:188} INFO - [2025-04-09T07:21:53.624+0000] {dagbag.py:538} INFO - Filling up the DagBag from /home/airflow/.local/lib/python3.8/site-packages/airflow/example_dags/example_skip_dag.py
[2025-04-09T07:21:53.633+0000] {processor.py:840} INFO - DAG(s) 'example_skip_dag' retrieved from /home/airflow/.local/lib/python3.8/site-packages/airflow/example_dags/example_skip_dag.py
[2025-04-09T07:21:53.658+0000] {logging_mixin.py:188} INFO - [2025-04-09T07:21:53.658+0000] {dag.py:3036} INFO - Sync 1 DAGs
[2025-04-09T07:21:53.683+0000] {logging_mixin.py:188} INFO - [2025-04-09T07:21:53.683+0000] {dag.py:3823} INFO - Setting next_dagrun for example_skip_dag to 2025-04-08 00:00:00+00:00, run_after=2025-04-09 00:00:00+00:00
[2025-04-09T07:21:53.733+0000] {processor.py:183} INFO - Processing /home/airflow/.local/lib/python3.8/site-packages/airflow/example_dags/example_skip_dag.py took 0.140 seconds
[2025-04-09T07:22:23.996+0000] {processor.py:161} INFO - Started process (PID=1475) to work on /home/airflow/.local/lib/python3.8/site-packages/airflow/example_dags/example_skip_dag.py
[2025-04-09T07:22:24.020+0000] {processor.py:830} INFO - Processing file /home/airflow/.local/lib/python3.8/site-packages/airflow/example_dags/example_skip_dag.py for tasks to queue
[2025-04-09T07:22:24.022+0000] {logging_mixin.py:188} INFO - [2025-04-09T07:22:24.022+0000] {dagbag.py:538} INFO - Filling up the DagBag from /home/airflow/.local/lib/python3.8/site-packages/airflow/example_dags/example_skip_dag.py
[2025-04-09T07:22:24.031+0000] {processor.py:840} INFO - DAG(s) 'example_skip_dag' retrieved from /home/airflow/.local/lib/python3.8/site-packages/airflow/example_dags/example_skip_dag.py
[2025-04-09T07:22:24.062+0000] {logging_mixin.py:188} INFO - [2025-04-09T07:22:24.061+0000] {dag.py:3036} INFO - Sync 1 DAGs
[2025-04-09T07:22:24.089+0000] {logging_mixin.py:188} INFO - [2025-04-09T07:22:24.089+0000] {dag.py:3823} INFO - Setting next_dagrun for example_skip_dag to 2025-04-08 00:00:00+00:00, run_after=2025-04-09 00:00:00+00:00
[2025-04-09T07:22:24.141+0000] {processor.py:183} INFO - Processing /home/airflow/.local/lib/python3.8/site-packages/airflow/example_dags/example_skip_dag.py took 0.148 seconds
[2025-04-09T07:22:54.786+0000] {processor.py:161} INFO - Started process (PID=1533) to work on /home/airflow/.local/lib/python3.8/site-packages/airflow/example_dags/example_skip_dag.py
[2025-04-09T07:22:54.788+0000] {processor.py:830} INFO - Processing file /home/airflow/.local/lib/python3.8/site-packages/airflow/example_dags/example_skip_dag.py for tasks to queue
[2025-04-09T07:22:54.789+0000] {logging_mixin.py:188} INFO - [2025-04-09T07:22:54.789+0000] {dagbag.py:538} INFO - Filling up the DagBag from /home/airflow/.local/lib/python3.8/site-packages/airflow/example_dags/example_skip_dag.py
[2025-04-09T07:22:54.796+0000] {processor.py:840} INFO - DAG(s) 'example_skip_dag' retrieved from /home/airflow/.local/lib/python3.8/site-packages/airflow/example_dags/example_skip_dag.py
[2025-04-09T07:22:54.818+0000] {logging_mixin.py:188} INFO - [2025-04-09T07:22:54.818+0000] {dag.py:3036} INFO - Sync 1 DAGs
[2025-04-09T07:22:54.840+0000] {logging_mixin.py:188} INFO - [2025-04-09T07:22:54.840+0000] {dag.py:3823} INFO - Setting next_dagrun for example_skip_dag to 2025-04-08 00:00:00+00:00, run_after=2025-04-09 00:00:00+00:00
[2025-04-09T07:22:54.892+0000] {processor.py:183} INFO - Processing /home/airflow/.local/lib/python3.8/site-packages/airflow/example_dags/example_skip_dag.py took 0.109 seconds
[2025-04-09T07:23:25.455+0000] {processor.py:161} INFO - Started process (PID=1591) to work on /home/airflow/.local/lib/python3.8/site-packages/airflow/example_dags/example_skip_dag.py
[2025-04-09T07:23:25.456+0000] {processor.py:830} INFO - Processing file /home/airflow/.local/lib/python3.8/site-packages/airflow/example_dags/example_skip_dag.py for tasks to queue
[2025-04-09T07:23:25.458+0000] {logging_mixin.py:188} INFO - [2025-04-09T07:23:25.458+0000] {dagbag.py:538} INFO - Filling up the DagBag from /home/airflow/.local/lib/python3.8/site-packages/airflow/example_dags/example_skip_dag.py
[2025-04-09T07:23:25.465+0000] {processor.py:840} INFO - DAG(s) 'example_skip_dag' retrieved from /home/airflow/.local/lib/python3.8/site-packages/airflow/example_dags/example_skip_dag.py
[2025-04-09T07:23:25.488+0000] {logging_mixin.py:188} INFO - [2025-04-09T07:23:25.488+0000] {dag.py:3036} INFO - Sync 1 DAGs
[2025-04-09T07:23:25.510+0000] {logging_mixin.py:188} INFO - [2025-04-09T07:23:25.510+0000] {dag.py:3823} INFO - Setting next_dagrun for example_skip_dag to 2025-04-08 00:00:00+00:00, run_after=2025-04-09 00:00:00+00:00
[2025-04-09T07:23:25.563+0000] {processor.py:183} INFO - Processing /home/airflow/.local/lib/python3.8/site-packages/airflow/example_dags/example_skip_dag.py took 0.111 seconds
[2025-04-09T07:23:57.033+0000] {processor.py:161} INFO - Started process (PID=1649) to work on /home/airflow/.local/lib/python3.8/site-packages/airflow/example_dags/example_skip_dag.py
[2025-04-09T07:23:57.034+0000] {processor.py:830} INFO - Processing file /home/airflow/.local/lib/python3.8/site-packages/airflow/example_dags/example_skip_dag.py for tasks to queue
[2025-04-09T07:23:57.036+0000] {logging_mixin.py:188} INFO - [2025-04-09T07:23:57.035+0000] {dagbag.py:538} INFO - Filling up the DagBag from /home/airflow/.local/lib/python3.8/site-packages/airflow/example_dags/example_skip_dag.py
[2025-04-09T07:23:57.042+0000] {processor.py:840} INFO - DAG(s) 'example_skip_dag' retrieved from /home/airflow/.local/lib/python3.8/site-packages/airflow/example_dags/example_skip_dag.py
[2025-04-09T07:23:57.064+0000] {logging_mixin.py:188} INFO - [2025-04-09T07:23:57.063+0000] {dag.py:3036} INFO - Sync 1 DAGs
[2025-04-09T07:23:57.086+0000] {logging_mixin.py:188} INFO - [2025-04-09T07:23:57.086+0000] {dag.py:3823} INFO - Setting next_dagrun for example_skip_dag to 2025-04-08 00:00:00+00:00, run_after=2025-04-09 00:00:00+00:00
[2025-04-09T07:23:57.200+0000] {processor.py:183} INFO - Processing /home/airflow/.local/lib/python3.8/site-packages/airflow/example_dags/example_skip_dag.py took 0.171 seconds
[2025-04-09T07:24:28.134+0000] {processor.py:161} INFO - Started process (PID=1707) to work on /home/airflow/.local/lib/python3.8/site-packages/airflow/example_dags/example_skip_dag.py
[2025-04-09T07:24:28.162+0000] {processor.py:830} INFO - Processing file /home/airflow/.local/lib/python3.8/site-packages/airflow/example_dags/example_skip_dag.py for tasks to queue
[2025-04-09T07:24:28.164+0000] {logging_mixin.py:188} INFO - [2025-04-09T07:24:28.164+0000] {dagbag.py:538} INFO - Filling up the DagBag from /home/airflow/.local/lib/python3.8/site-packages/airflow/example_dags/example_skip_dag.py
[2025-04-09T07:24:28.171+0000] {processor.py:840} INFO - DAG(s) 'example_skip_dag' retrieved from /home/airflow/.local/lib/python3.8/site-packages/airflow/example_dags/example_skip_dag.py
[2025-04-09T07:24:28.192+0000] {logging_mixin.py:188} INFO - [2025-04-09T07:24:28.192+0000] {dag.py:3036} INFO - Sync 1 DAGs
[2025-04-09T07:24:28.213+0000] {logging_mixin.py:188} INFO - [2025-04-09T07:24:28.213+0000] {dag.py:3823} INFO - Setting next_dagrun for example_skip_dag to 2025-04-08 00:00:00+00:00, run_after=2025-04-09 00:00:00+00:00
[2025-04-09T07:24:28.258+0000] {processor.py:183} INFO - Processing /home/airflow/.local/lib/python3.8/site-packages/airflow/example_dags/example_skip_dag.py took 0.127 seconds
[2025-04-09T07:24:58.657+0000] {processor.py:161} INFO - Started process (PID=1765) to work on /home/airflow/.local/lib/python3.8/site-packages/airflow/example_dags/example_skip_dag.py
[2025-04-09T07:24:58.658+0000] {processor.py:830} INFO - Processing file /home/airflow/.local/lib/python3.8/site-packages/airflow/example_dags/example_skip_dag.py for tasks to queue
[2025-04-09T07:24:58.660+0000] {logging_mixin.py:188} INFO - [2025-04-09T07:24:58.660+0000] {dagbag.py:538} INFO - Filling up the DagBag from /home/airflow/.local/lib/python3.8/site-packages/airflow/example_dags/example_skip_dag.py
[2025-04-09T07:24:58.667+0000] {processor.py:840} INFO - DAG(s) 'example_skip_dag' retrieved from /home/airflow/.local/lib/python3.8/site-packages/airflow/example_dags/example_skip_dag.py
[2025-04-09T07:24:58.690+0000] {logging_mixin.py:188} INFO - [2025-04-09T07:24:58.690+0000] {dag.py:3036} INFO - Sync 1 DAGs
[2025-04-09T07:24:58.713+0000] {logging_mixin.py:188} INFO - [2025-04-09T07:24:58.713+0000] {dag.py:3823} INFO - Setting next_dagrun for example_skip_dag to 2025-04-08 00:00:00+00:00, run_after=2025-04-09 00:00:00+00:00
[2025-04-09T07:24:58.790+0000] {processor.py:183} INFO - Processing /home/airflow/.local/lib/python3.8/site-packages/airflow/example_dags/example_skip_dag.py took 0.135 seconds
[2025-04-09T07:25:29.037+0000] {processor.py:161} INFO - Started process (PID=1817) to work on /home/airflow/.local/lib/python3.8/site-packages/airflow/example_dags/example_skip_dag.py
[2025-04-09T07:25:29.039+0000] {processor.py:830} INFO - Processing file /home/airflow/.local/lib/python3.8/site-packages/airflow/example_dags/example_skip_dag.py for tasks to queue
[2025-04-09T07:25:29.040+0000] {logging_mixin.py:188} INFO - [2025-04-09T07:25:29.040+0000] {dagbag.py:538} INFO - Filling up the DagBag from /home/airflow/.local/lib/python3.8/site-packages/airflow/example_dags/example_skip_dag.py
[2025-04-09T07:25:29.050+0000] {processor.py:840} INFO - DAG(s) 'example_skip_dag' retrieved from /home/airflow/.local/lib/python3.8/site-packages/airflow/example_dags/example_skip_dag.py
[2025-04-09T07:25:29.078+0000] {logging_mixin.py:188} INFO - [2025-04-09T07:25:29.078+0000] {dag.py:3036} INFO - Sync 1 DAGs
[2025-04-09T07:25:29.103+0000] {logging_mixin.py:188} INFO - [2025-04-09T07:25:29.103+0000] {dag.py:3823} INFO - Setting next_dagrun for example_skip_dag to 2025-04-08 00:00:00+00:00, run_after=2025-04-09 00:00:00+00:00
[2025-04-09T07:25:29.151+0000] {processor.py:183} INFO - Processing /home/airflow/.local/lib/python3.8/site-packages/airflow/example_dags/example_skip_dag.py took 0.118 seconds
