[2025-04-09T06:43:10.596+0000] {processor.py:161} INFO - Started process (PID=789) to work on /home/airflow/.local/lib/python3.8/site-packages/airflow/example_dags/example_setup_teardown.py
[2025-04-09T06:43:10.597+0000] {processor.py:830} INFO - Processing file /home/airflow/.local/lib/python3.8/site-packages/airflow/example_dags/example_setup_teardown.py for tasks to queue
[2025-04-09T06:43:10.598+0000] {logging_mixin.py:188} INFO - [2025-04-09T06:43:10.598+0000] {dagbag.py:538} INFO - Filling up the DagBag from /home/airflow/.local/lib/python3.8/site-packages/airflow/example_dags/example_setup_teardown.py
[2025-04-09T06:43:10.605+0000] {processor.py:840} INFO - DAG(s) 'example_setup_teardown' retrieved from /home/airflow/.local/lib/python3.8/site-packages/airflow/example_dags/example_setup_teardown.py
[2025-04-09T06:43:10.723+0000] {logging_mixin.py:188} INFO - [2025-04-09T06:43:10.722+0000] {dag.py:3036} INFO - Sync 1 DAGs
[2025-04-09T06:43:10.743+0000] {logging_mixin.py:188} INFO - [2025-04-09T06:43:10.743+0000] {dag.py:3823} INFO - Setting next_dagrun for example_setup_teardown to 2025-04-08 00:00:00+00:00, run_after=2025-04-09 00:00:00+00:00
[2025-04-09T06:43:10.948+0000] {processor.py:183} INFO - Processing /home/airflow/.local/lib/python3.8/site-packages/airflow/example_dags/example_setup_teardown.py took 0.355 seconds
[2025-04-09T06:45:26.598+0000] {processor.py:161} INFO - Started process (PID=87) to work on /home/airflow/.local/lib/python3.8/site-packages/airflow/example_dags/example_setup_teardown.py
[2025-04-09T06:45:26.599+0000] {processor.py:830} INFO - Processing file /home/airflow/.local/lib/python3.8/site-packages/airflow/example_dags/example_setup_teardown.py for tasks to queue
[2025-04-09T06:45:26.602+0000] {logging_mixin.py:188} INFO - [2025-04-09T06:45:26.601+0000] {dagbag.py:538} INFO - Filling up the DagBag from /home/airflow/.local/lib/python3.8/site-packages/airflow/example_dags/example_setup_teardown.py
[2025-04-09T06:45:26.610+0000] {processor.py:840} INFO - DAG(s) 'example_setup_teardown' retrieved from /home/airflow/.local/lib/python3.8/site-packages/airflow/example_dags/example_setup_teardown.py
[2025-04-09T06:45:26.761+0000] {logging_mixin.py:188} INFO - [2025-04-09T06:45:26.761+0000] {dag.py:3036} INFO - Sync 1 DAGs
[2025-04-09T06:45:26.788+0000] {logging_mixin.py:188} INFO - [2025-04-09T06:45:26.788+0000] {dag.py:3823} INFO - Setting next_dagrun for example_setup_teardown to 2025-04-08 00:00:00+00:00, run_after=2025-04-09 00:00:00+00:00
[2025-04-09T06:45:26.867+0000] {processor.py:183} INFO - Processing /home/airflow/.local/lib/python3.8/site-packages/airflow/example_dags/example_setup_teardown.py took 0.272 seconds
[2025-04-09T06:45:57.503+0000] {processor.py:161} INFO - Started process (PID=145) to work on /home/airflow/.local/lib/python3.8/site-packages/airflow/example_dags/example_setup_teardown.py
[2025-04-09T06:45:57.504+0000] {processor.py:830} INFO - Processing file /home/airflow/.local/lib/python3.8/site-packages/airflow/example_dags/example_setup_teardown.py for tasks to queue
[2025-04-09T06:45:57.506+0000] {logging_mixin.py:188} INFO - [2025-04-09T06:45:57.506+0000] {dagbag.py:538} INFO - Filling up the DagBag from /home/airflow/.local/lib/python3.8/site-packages/airflow/example_dags/example_setup_teardown.py
[2025-04-09T06:45:57.514+0000] {processor.py:840} INFO - DAG(s) 'example_setup_teardown' retrieved from /home/airflow/.local/lib/python3.8/site-packages/airflow/example_dags/example_setup_teardown.py
[2025-04-09T06:45:57.539+0000] {logging_mixin.py:188} INFO - [2025-04-09T06:45:57.539+0000] {dag.py:3036} INFO - Sync 1 DAGs
[2025-04-09T06:45:57.564+0000] {logging_mixin.py:188} INFO - [2025-04-09T06:45:57.563+0000] {dag.py:3823} INFO - Setting next_dagrun for example_setup_teardown to 2025-04-08 00:00:00+00:00, run_after=2025-04-09 00:00:00+00:00
[2025-04-09T06:45:57.612+0000] {processor.py:183} INFO - Processing /home/airflow/.local/lib/python3.8/site-packages/airflow/example_dags/example_setup_teardown.py took 0.113 seconds
[2025-04-09T06:46:28.107+0000] {processor.py:161} INFO - Started process (PID=203) to work on /home/airflow/.local/lib/python3.8/site-packages/airflow/example_dags/example_setup_teardown.py
[2025-04-09T06:46:28.108+0000] {processor.py:830} INFO - Processing file /home/airflow/.local/lib/python3.8/site-packages/airflow/example_dags/example_setup_teardown.py for tasks to queue
[2025-04-09T06:46:28.110+0000] {logging_mixin.py:188} INFO - [2025-04-09T06:46:28.109+0000] {dagbag.py:538} INFO - Filling up the DagBag from /home/airflow/.local/lib/python3.8/site-packages/airflow/example_dags/example_setup_teardown.py
[2025-04-09T06:46:28.118+0000] {processor.py:840} INFO - DAG(s) 'example_setup_teardown' retrieved from /home/airflow/.local/lib/python3.8/site-packages/airflow/example_dags/example_setup_teardown.py
[2025-04-09T06:46:28.138+0000] {logging_mixin.py:188} INFO - [2025-04-09T06:46:28.137+0000] {dag.py:3036} INFO - Sync 1 DAGs
[2025-04-09T06:46:28.166+0000] {logging_mixin.py:188} INFO - [2025-04-09T06:46:28.165+0000] {dag.py:3823} INFO - Setting next_dagrun for example_setup_teardown to 2025-04-08 00:00:00+00:00, run_after=2025-04-09 00:00:00+00:00
[2025-04-09T06:46:28.222+0000] {processor.py:183} INFO - Processing /home/airflow/.local/lib/python3.8/site-packages/airflow/example_dags/example_setup_teardown.py took 0.119 seconds
[2025-04-09T06:46:58.768+0000] {processor.py:161} INFO - Started process (PID=261) to work on /home/airflow/.local/lib/python3.8/site-packages/airflow/example_dags/example_setup_teardown.py
[2025-04-09T06:46:58.769+0000] {processor.py:830} INFO - Processing file /home/airflow/.local/lib/python3.8/site-packages/airflow/example_dags/example_setup_teardown.py for tasks to queue
[2025-04-09T06:46:58.771+0000] {logging_mixin.py:188} INFO - [2025-04-09T06:46:58.771+0000] {dagbag.py:538} INFO - Filling up the DagBag from /home/airflow/.local/lib/python3.8/site-packages/airflow/example_dags/example_setup_teardown.py
[2025-04-09T06:46:58.778+0000] {processor.py:840} INFO - DAG(s) 'example_setup_teardown' retrieved from /home/airflow/.local/lib/python3.8/site-packages/airflow/example_dags/example_setup_teardown.py
[2025-04-09T06:46:58.799+0000] {logging_mixin.py:188} INFO - [2025-04-09T06:46:58.799+0000] {dag.py:3036} INFO - Sync 1 DAGs
[2025-04-09T06:46:58.824+0000] {logging_mixin.py:188} INFO - [2025-04-09T06:46:58.824+0000] {dag.py:3823} INFO - Setting next_dagrun for example_setup_teardown to 2025-04-08 00:00:00+00:00, run_after=2025-04-09 00:00:00+00:00
[2025-04-09T06:46:58.882+0000] {processor.py:183} INFO - Processing /home/airflow/.local/lib/python3.8/site-packages/airflow/example_dags/example_setup_teardown.py took 0.117 seconds
[2025-04-09T06:47:33.273+0000] {processor.py:161} INFO - Started process (PID=319) to work on /home/airflow/.local/lib/python3.8/site-packages/airflow/example_dags/example_setup_teardown.py
[2025-04-09T06:47:33.274+0000] {processor.py:830} INFO - Processing file /home/airflow/.local/lib/python3.8/site-packages/airflow/example_dags/example_setup_teardown.py for tasks to queue
[2025-04-09T06:47:33.276+0000] {logging_mixin.py:188} INFO - [2025-04-09T06:47:33.275+0000] {dagbag.py:538} INFO - Filling up the DagBag from /home/airflow/.local/lib/python3.8/site-packages/airflow/example_dags/example_setup_teardown.py
[2025-04-09T06:47:33.283+0000] {processor.py:840} INFO - DAG(s) 'example_setup_teardown' retrieved from /home/airflow/.local/lib/python3.8/site-packages/airflow/example_dags/example_setup_teardown.py
[2025-04-09T06:47:33.306+0000] {logging_mixin.py:188} INFO - [2025-04-09T06:47:33.305+0000] {dag.py:3036} INFO - Sync 1 DAGs
[2025-04-09T06:47:33.329+0000] {logging_mixin.py:188} INFO - [2025-04-09T06:47:33.328+0000] {dag.py:3823} INFO - Setting next_dagrun for example_setup_teardown to 2025-04-08 00:00:00+00:00, run_after=2025-04-09 00:00:00+00:00
[2025-04-09T06:47:33.371+0000] {processor.py:183} INFO - Processing /home/airflow/.local/lib/python3.8/site-packages/airflow/example_dags/example_setup_teardown.py took 0.101 seconds
[2025-04-09T06:48:08.075+0000] {processor.py:161} INFO - Started process (PID=377) to work on /home/airflow/.local/lib/python3.8/site-packages/airflow/example_dags/example_setup_teardown.py
[2025-04-09T06:48:08.076+0000] {processor.py:830} INFO - Processing file /home/airflow/.local/lib/python3.8/site-packages/airflow/example_dags/example_setup_teardown.py for tasks to queue
[2025-04-09T06:48:08.078+0000] {logging_mixin.py:188} INFO - [2025-04-09T06:48:08.078+0000] {dagbag.py:538} INFO - Filling up the DagBag from /home/airflow/.local/lib/python3.8/site-packages/airflow/example_dags/example_setup_teardown.py
[2025-04-09T06:48:08.088+0000] {processor.py:840} INFO - DAG(s) 'example_setup_teardown' retrieved from /home/airflow/.local/lib/python3.8/site-packages/airflow/example_dags/example_setup_teardown.py
[2025-04-09T06:48:08.113+0000] {logging_mixin.py:188} INFO - [2025-04-09T06:48:08.113+0000] {dag.py:3036} INFO - Sync 1 DAGs
[2025-04-09T06:48:08.139+0000] {logging_mixin.py:188} INFO - [2025-04-09T06:48:08.139+0000] {dag.py:3823} INFO - Setting next_dagrun for example_setup_teardown to 2025-04-08 00:00:00+00:00, run_after=2025-04-09 00:00:00+00:00
[2025-04-09T06:48:08.192+0000] {processor.py:183} INFO - Processing /home/airflow/.local/lib/python3.8/site-packages/airflow/example_dags/example_setup_teardown.py took 0.121 seconds
[2025-04-09T06:48:38.504+0000] {processor.py:161} INFO - Started process (PID=435) to work on /home/airflow/.local/lib/python3.8/site-packages/airflow/example_dags/example_setup_teardown.py
[2025-04-09T06:48:38.505+0000] {processor.py:830} INFO - Processing file /home/airflow/.local/lib/python3.8/site-packages/airflow/example_dags/example_setup_teardown.py for tasks to queue
[2025-04-09T06:48:38.507+0000] {logging_mixin.py:188} INFO - [2025-04-09T06:48:38.507+0000] {dagbag.py:538} INFO - Filling up the DagBag from /home/airflow/.local/lib/python3.8/site-packages/airflow/example_dags/example_setup_teardown.py
[2025-04-09T06:48:38.513+0000] {processor.py:840} INFO - DAG(s) 'example_setup_teardown' retrieved from /home/airflow/.local/lib/python3.8/site-packages/airflow/example_dags/example_setup_teardown.py
[2025-04-09T06:48:38.534+0000] {logging_mixin.py:188} INFO - [2025-04-09T06:48:38.533+0000] {dag.py:3036} INFO - Sync 1 DAGs
[2025-04-09T06:48:38.556+0000] {logging_mixin.py:188} INFO - [2025-04-09T06:48:38.556+0000] {dag.py:3823} INFO - Setting next_dagrun for example_setup_teardown to 2025-04-08 00:00:00+00:00, run_after=2025-04-09 00:00:00+00:00
[2025-04-09T06:48:38.608+0000] {processor.py:183} INFO - Processing /home/airflow/.local/lib/python3.8/site-packages/airflow/example_dags/example_setup_teardown.py took 0.107 seconds
[2025-04-09T06:49:09.282+0000] {processor.py:161} INFO - Started process (PID=493) to work on /home/airflow/.local/lib/python3.8/site-packages/airflow/example_dags/example_setup_teardown.py
[2025-04-09T06:49:09.283+0000] {processor.py:830} INFO - Processing file /home/airflow/.local/lib/python3.8/site-packages/airflow/example_dags/example_setup_teardown.py for tasks to queue
[2025-04-09T06:49:09.286+0000] {logging_mixin.py:188} INFO - [2025-04-09T06:49:09.285+0000] {dagbag.py:538} INFO - Filling up the DagBag from /home/airflow/.local/lib/python3.8/site-packages/airflow/example_dags/example_setup_teardown.py
[2025-04-09T06:49:09.292+0000] {processor.py:840} INFO - DAG(s) 'example_setup_teardown' retrieved from /home/airflow/.local/lib/python3.8/site-packages/airflow/example_dags/example_setup_teardown.py
[2025-04-09T06:49:09.316+0000] {logging_mixin.py:188} INFO - [2025-04-09T06:49:09.316+0000] {dag.py:3036} INFO - Sync 1 DAGs
[2025-04-09T06:49:09.346+0000] {logging_mixin.py:188} INFO - [2025-04-09T06:49:09.345+0000] {dag.py:3823} INFO - Setting next_dagrun for example_setup_teardown to 2025-04-08 00:00:00+00:00, run_after=2025-04-09 00:00:00+00:00
[2025-04-09T06:49:09.402+0000] {processor.py:183} INFO - Processing /home/airflow/.local/lib/python3.8/site-packages/airflow/example_dags/example_setup_teardown.py took 0.125 seconds
[2025-04-09T06:49:39.787+0000] {processor.py:161} INFO - Started process (PID=551) to work on /home/airflow/.local/lib/python3.8/site-packages/airflow/example_dags/example_setup_teardown.py
[2025-04-09T06:49:39.788+0000] {processor.py:830} INFO - Processing file /home/airflow/.local/lib/python3.8/site-packages/airflow/example_dags/example_setup_teardown.py for tasks to queue
[2025-04-09T06:49:39.791+0000] {logging_mixin.py:188} INFO - [2025-04-09T06:49:39.790+0000] {dagbag.py:538} INFO - Filling up the DagBag from /home/airflow/.local/lib/python3.8/site-packages/airflow/example_dags/example_setup_teardown.py
[2025-04-09T06:49:39.798+0000] {processor.py:840} INFO - DAG(s) 'example_setup_teardown' retrieved from /home/airflow/.local/lib/python3.8/site-packages/airflow/example_dags/example_setup_teardown.py
[2025-04-09T06:49:39.819+0000] {logging_mixin.py:188} INFO - [2025-04-09T06:49:39.819+0000] {dag.py:3036} INFO - Sync 1 DAGs
[2025-04-09T06:49:39.844+0000] {logging_mixin.py:188} INFO - [2025-04-09T06:49:39.844+0000] {dag.py:3823} INFO - Setting next_dagrun for example_setup_teardown to 2025-04-08 00:00:00+00:00, run_after=2025-04-09 00:00:00+00:00
[2025-04-09T06:49:39.925+0000] {processor.py:183} INFO - Processing /home/airflow/.local/lib/python3.8/site-packages/airflow/example_dags/example_setup_teardown.py took 0.141 seconds
[2025-04-09T06:50:10.138+0000] {processor.py:161} INFO - Started process (PID=609) to work on /home/airflow/.local/lib/python3.8/site-packages/airflow/example_dags/example_setup_teardown.py
[2025-04-09T06:50:10.140+0000] {processor.py:830} INFO - Processing file /home/airflow/.local/lib/python3.8/site-packages/airflow/example_dags/example_setup_teardown.py for tasks to queue
[2025-04-09T06:50:10.141+0000] {logging_mixin.py:188} INFO - [2025-04-09T06:50:10.141+0000] {dagbag.py:538} INFO - Filling up the DagBag from /home/airflow/.local/lib/python3.8/site-packages/airflow/example_dags/example_setup_teardown.py
[2025-04-09T06:50:10.147+0000] {processor.py:840} INFO - DAG(s) 'example_setup_teardown' retrieved from /home/airflow/.local/lib/python3.8/site-packages/airflow/example_dags/example_setup_teardown.py
[2025-04-09T06:50:10.171+0000] {logging_mixin.py:188} INFO - [2025-04-09T06:50:10.170+0000] {dag.py:3036} INFO - Sync 1 DAGs
[2025-04-09T06:50:10.192+0000] {logging_mixin.py:188} INFO - [2025-04-09T06:50:10.191+0000] {dag.py:3823} INFO - Setting next_dagrun for example_setup_teardown to 2025-04-08 00:00:00+00:00, run_after=2025-04-09 00:00:00+00:00
[2025-04-09T06:50:10.236+0000] {processor.py:183} INFO - Processing /home/airflow/.local/lib/python3.8/site-packages/airflow/example_dags/example_setup_teardown.py took 0.101 seconds
[2025-04-09T06:50:40.260+0000] {processor.py:161} INFO - Started process (PID=666) to work on /home/airflow/.local/lib/python3.8/site-packages/airflow/example_dags/example_setup_teardown.py
[2025-04-09T06:50:40.262+0000] {processor.py:830} INFO - Processing file /home/airflow/.local/lib/python3.8/site-packages/airflow/example_dags/example_setup_teardown.py for tasks to queue
[2025-04-09T06:50:40.263+0000] {logging_mixin.py:188} INFO - [2025-04-09T06:50:40.263+0000] {dagbag.py:538} INFO - Filling up the DagBag from /home/airflow/.local/lib/python3.8/site-packages/airflow/example_dags/example_setup_teardown.py
[2025-04-09T06:50:40.271+0000] {processor.py:840} INFO - DAG(s) 'example_setup_teardown' retrieved from /home/airflow/.local/lib/python3.8/site-packages/airflow/example_dags/example_setup_teardown.py
[2025-04-09T06:50:40.291+0000] {logging_mixin.py:188} INFO - [2025-04-09T06:50:40.291+0000] {dag.py:3036} INFO - Sync 1 DAGs
[2025-04-09T06:50:40.313+0000] {logging_mixin.py:188} INFO - [2025-04-09T06:50:40.313+0000] {dag.py:3823} INFO - Setting next_dagrun for example_setup_teardown to 2025-04-08 00:00:00+00:00, run_after=2025-04-09 00:00:00+00:00
[2025-04-09T06:50:40.356+0000] {processor.py:183} INFO - Processing /home/airflow/.local/lib/python3.8/site-packages/airflow/example_dags/example_setup_teardown.py took 0.099 seconds
[2025-04-09T06:51:11.076+0000] {processor.py:161} INFO - Started process (PID=725) to work on /home/airflow/.local/lib/python3.8/site-packages/airflow/example_dags/example_setup_teardown.py
[2025-04-09T06:51:11.077+0000] {processor.py:830} INFO - Processing file /home/airflow/.local/lib/python3.8/site-packages/airflow/example_dags/example_setup_teardown.py for tasks to queue
[2025-04-09T06:51:11.078+0000] {logging_mixin.py:188} INFO - [2025-04-09T06:51:11.078+0000] {dagbag.py:538} INFO - Filling up the DagBag from /home/airflow/.local/lib/python3.8/site-packages/airflow/example_dags/example_setup_teardown.py
[2025-04-09T06:51:11.084+0000] {processor.py:840} INFO - DAG(s) 'example_setup_teardown' retrieved from /home/airflow/.local/lib/python3.8/site-packages/airflow/example_dags/example_setup_teardown.py
[2025-04-09T06:51:11.106+0000] {logging_mixin.py:188} INFO - [2025-04-09T06:51:11.106+0000] {dag.py:3036} INFO - Sync 1 DAGs
[2025-04-09T06:51:11.129+0000] {logging_mixin.py:188} INFO - [2025-04-09T06:51:11.128+0000] {dag.py:3823} INFO - Setting next_dagrun for example_setup_teardown to 2025-04-08 00:00:00+00:00, run_after=2025-04-09 00:00:00+00:00
[2025-04-09T06:51:11.186+0000] {processor.py:183} INFO - Processing /home/airflow/.local/lib/python3.8/site-packages/airflow/example_dags/example_setup_teardown.py took 0.113 seconds
[2025-04-09T06:51:43.761+0000] {processor.py:161} INFO - Started process (PID=785) to work on /home/airflow/.local/lib/python3.8/site-packages/airflow/example_dags/example_setup_teardown.py
[2025-04-09T06:51:43.762+0000] {processor.py:830} INFO - Processing file /home/airflow/.local/lib/python3.8/site-packages/airflow/example_dags/example_setup_teardown.py for tasks to queue
[2025-04-09T06:51:43.764+0000] {logging_mixin.py:188} INFO - [2025-04-09T06:51:43.763+0000] {dagbag.py:538} INFO - Filling up the DagBag from /home/airflow/.local/lib/python3.8/site-packages/airflow/example_dags/example_setup_teardown.py
[2025-04-09T06:51:43.771+0000] {processor.py:840} INFO - DAG(s) 'example_setup_teardown' retrieved from /home/airflow/.local/lib/python3.8/site-packages/airflow/example_dags/example_setup_teardown.py
[2025-04-09T06:51:43.795+0000] {logging_mixin.py:188} INFO - [2025-04-09T06:51:43.795+0000] {dag.py:3036} INFO - Sync 1 DAGs
[2025-04-09T06:51:43.818+0000] {logging_mixin.py:188} INFO - [2025-04-09T06:51:43.818+0000] {dag.py:3823} INFO - Setting next_dagrun for example_setup_teardown to 2025-04-08 00:00:00+00:00, run_after=2025-04-09 00:00:00+00:00
[2025-04-09T06:51:43.866+0000] {processor.py:183} INFO - Processing /home/airflow/.local/lib/python3.8/site-packages/airflow/example_dags/example_setup_teardown.py took 0.108 seconds
[2025-04-09T06:52:34.007+0000] {processor.py:161} INFO - Started process (PID=95) to work on /home/airflow/.local/lib/python3.8/site-packages/airflow/example_dags/example_setup_teardown.py
[2025-04-09T06:52:34.010+0000] {processor.py:830} INFO - Processing file /home/airflow/.local/lib/python3.8/site-packages/airflow/example_dags/example_setup_teardown.py for tasks to queue
[2025-04-09T06:52:34.012+0000] {logging_mixin.py:188} INFO - [2025-04-09T06:52:34.012+0000] {dagbag.py:538} INFO - Filling up the DagBag from /home/airflow/.local/lib/python3.8/site-packages/airflow/example_dags/example_setup_teardown.py
[2025-04-09T06:52:34.022+0000] {processor.py:840} INFO - DAG(s) 'example_setup_teardown' retrieved from /home/airflow/.local/lib/python3.8/site-packages/airflow/example_dags/example_setup_teardown.py
[2025-04-09T06:52:34.044+0000] {logging_mixin.py:188} INFO - [2025-04-09T06:52:34.043+0000] {dag.py:3036} INFO - Sync 1 DAGs
[2025-04-09T06:52:34.092+0000] {logging_mixin.py:188} INFO - [2025-04-09T06:52:34.091+0000] {dag.py:3823} INFO - Setting next_dagrun for example_setup_teardown to 2025-04-08 00:00:00+00:00, run_after=2025-04-09 00:00:00+00:00
[2025-04-09T06:52:34.181+0000] {processor.py:183} INFO - Processing /home/airflow/.local/lib/python3.8/site-packages/airflow/example_dags/example_setup_teardown.py took 0.178 seconds
[2025-04-09T06:53:06.598+0000] {processor.py:161} INFO - Started process (PID=153) to work on /home/airflow/.local/lib/python3.8/site-packages/airflow/example_dags/example_setup_teardown.py
[2025-04-09T06:53:06.600+0000] {processor.py:830} INFO - Processing file /home/airflow/.local/lib/python3.8/site-packages/airflow/example_dags/example_setup_teardown.py for tasks to queue
[2025-04-09T06:53:06.601+0000] {logging_mixin.py:188} INFO - [2025-04-09T06:53:06.601+0000] {dagbag.py:538} INFO - Filling up the DagBag from /home/airflow/.local/lib/python3.8/site-packages/airflow/example_dags/example_setup_teardown.py
[2025-04-09T06:53:06.606+0000] {processor.py:840} INFO - DAG(s) 'example_setup_teardown' retrieved from /home/airflow/.local/lib/python3.8/site-packages/airflow/example_dags/example_setup_teardown.py
[2025-04-09T06:53:06.710+0000] {logging_mixin.py:188} INFO - [2025-04-09T06:53:06.710+0000] {dag.py:3036} INFO - Sync 1 DAGs
[2025-04-09T06:53:06.733+0000] {logging_mixin.py:188} INFO - [2025-04-09T06:53:06.733+0000] {dag.py:3823} INFO - Setting next_dagrun for example_setup_teardown to 2025-04-08 00:00:00+00:00, run_after=2025-04-09 00:00:00+00:00
[2025-04-09T06:53:06.785+0000] {processor.py:183} INFO - Processing /home/airflow/.local/lib/python3.8/site-packages/airflow/example_dags/example_setup_teardown.py took 0.190 seconds
[2025-04-09T06:53:37.244+0000] {processor.py:161} INFO - Started process (PID=211) to work on /home/airflow/.local/lib/python3.8/site-packages/airflow/example_dags/example_setup_teardown.py
[2025-04-09T06:53:37.245+0000] {processor.py:830} INFO - Processing file /home/airflow/.local/lib/python3.8/site-packages/airflow/example_dags/example_setup_teardown.py for tasks to queue
[2025-04-09T06:53:37.246+0000] {logging_mixin.py:188} INFO - [2025-04-09T06:53:37.246+0000] {dagbag.py:538} INFO - Filling up the DagBag from /home/airflow/.local/lib/python3.8/site-packages/airflow/example_dags/example_setup_teardown.py
[2025-04-09T06:53:37.252+0000] {processor.py:840} INFO - DAG(s) 'example_setup_teardown' retrieved from /home/airflow/.local/lib/python3.8/site-packages/airflow/example_dags/example_setup_teardown.py
[2025-04-09T06:53:37.273+0000] {logging_mixin.py:188} INFO - [2025-04-09T06:53:37.272+0000] {dag.py:3036} INFO - Sync 1 DAGs
[2025-04-09T06:53:37.296+0000] {logging_mixin.py:188} INFO - [2025-04-09T06:53:37.296+0000] {dag.py:3823} INFO - Setting next_dagrun for example_setup_teardown to 2025-04-08 00:00:00+00:00, run_after=2025-04-09 00:00:00+00:00
[2025-04-09T06:53:37.368+0000] {processor.py:183} INFO - Processing /home/airflow/.local/lib/python3.8/site-packages/airflow/example_dags/example_setup_teardown.py took 0.127 seconds
[2025-04-09T06:54:10.769+0000] {processor.py:161} INFO - Started process (PID=269) to work on /home/airflow/.local/lib/python3.8/site-packages/airflow/example_dags/example_setup_teardown.py
[2025-04-09T06:54:10.831+0000] {processor.py:830} INFO - Processing file /home/airflow/.local/lib/python3.8/site-packages/airflow/example_dags/example_setup_teardown.py for tasks to queue
[2025-04-09T06:54:10.834+0000] {logging_mixin.py:188} INFO - [2025-04-09T06:54:10.833+0000] {dagbag.py:538} INFO - Filling up the DagBag from /home/airflow/.local/lib/python3.8/site-packages/airflow/example_dags/example_setup_teardown.py
[2025-04-09T06:54:10.841+0000] {processor.py:840} INFO - DAG(s) 'example_setup_teardown' retrieved from /home/airflow/.local/lib/python3.8/site-packages/airflow/example_dags/example_setup_teardown.py
[2025-04-09T06:54:10.866+0000] {logging_mixin.py:188} INFO - [2025-04-09T06:54:10.866+0000] {dag.py:3036} INFO - Sync 1 DAGs
[2025-04-09T06:54:10.891+0000] {logging_mixin.py:188} INFO - [2025-04-09T06:54:10.891+0000] {dag.py:3823} INFO - Setting next_dagrun for example_setup_teardown to 2025-04-08 00:00:00+00:00, run_after=2025-04-09 00:00:00+00:00
[2025-04-09T06:54:11.012+0000] {processor.py:183} INFO - Processing /home/airflow/.local/lib/python3.8/site-packages/airflow/example_dags/example_setup_teardown.py took 0.247 seconds
[2025-04-09T06:54:43.759+0000] {processor.py:161} INFO - Started process (PID=327) to work on /home/airflow/.local/lib/python3.8/site-packages/airflow/example_dags/example_setup_teardown.py
[2025-04-09T06:54:43.761+0000] {processor.py:830} INFO - Processing file /home/airflow/.local/lib/python3.8/site-packages/airflow/example_dags/example_setup_teardown.py for tasks to queue
[2025-04-09T06:54:43.762+0000] {logging_mixin.py:188} INFO - [2025-04-09T06:54:43.762+0000] {dagbag.py:538} INFO - Filling up the DagBag from /home/airflow/.local/lib/python3.8/site-packages/airflow/example_dags/example_setup_teardown.py
[2025-04-09T06:54:43.768+0000] {processor.py:840} INFO - DAG(s) 'example_setup_teardown' retrieved from /home/airflow/.local/lib/python3.8/site-packages/airflow/example_dags/example_setup_teardown.py
[2025-04-09T06:54:43.791+0000] {logging_mixin.py:188} INFO - [2025-04-09T06:54:43.791+0000] {dag.py:3036} INFO - Sync 1 DAGs
[2025-04-09T06:54:43.816+0000] {logging_mixin.py:188} INFO - [2025-04-09T06:54:43.815+0000] {dag.py:3823} INFO - Setting next_dagrun for example_setup_teardown to 2025-04-08 00:00:00+00:00, run_after=2025-04-09 00:00:00+00:00
[2025-04-09T06:54:43.871+0000] {processor.py:183} INFO - Processing /home/airflow/.local/lib/python3.8/site-packages/airflow/example_dags/example_setup_teardown.py took 0.115 seconds
[2025-04-09T06:55:17.823+0000] {processor.py:161} INFO - Started process (PID=385) to work on /home/airflow/.local/lib/python3.8/site-packages/airflow/example_dags/example_setup_teardown.py
[2025-04-09T06:55:17.824+0000] {processor.py:830} INFO - Processing file /home/airflow/.local/lib/python3.8/site-packages/airflow/example_dags/example_setup_teardown.py for tasks to queue
[2025-04-09T06:55:17.825+0000] {logging_mixin.py:188} INFO - [2025-04-09T06:55:17.825+0000] {dagbag.py:538} INFO - Filling up the DagBag from /home/airflow/.local/lib/python3.8/site-packages/airflow/example_dags/example_setup_teardown.py
[2025-04-09T06:55:17.833+0000] {processor.py:840} INFO - DAG(s) 'example_setup_teardown' retrieved from /home/airflow/.local/lib/python3.8/site-packages/airflow/example_dags/example_setup_teardown.py
[2025-04-09T06:55:17.855+0000] {logging_mixin.py:188} INFO - [2025-04-09T06:55:17.854+0000] {dag.py:3036} INFO - Sync 1 DAGs
[2025-04-09T06:55:17.879+0000] {logging_mixin.py:188} INFO - [2025-04-09T06:55:17.878+0000] {dag.py:3823} INFO - Setting next_dagrun for example_setup_teardown to 2025-04-08 00:00:00+00:00, run_after=2025-04-09 00:00:00+00:00
[2025-04-09T06:55:17.936+0000] {processor.py:183} INFO - Processing /home/airflow/.local/lib/python3.8/site-packages/airflow/example_dags/example_setup_teardown.py took 0.116 seconds
[2025-04-09T06:55:48.457+0000] {processor.py:161} INFO - Started process (PID=443) to work on /home/airflow/.local/lib/python3.8/site-packages/airflow/example_dags/example_setup_teardown.py
[2025-04-09T06:55:48.458+0000] {processor.py:830} INFO - Processing file /home/airflow/.local/lib/python3.8/site-packages/airflow/example_dags/example_setup_teardown.py for tasks to queue
[2025-04-09T06:55:48.460+0000] {logging_mixin.py:188} INFO - [2025-04-09T06:55:48.459+0000] {dagbag.py:538} INFO - Filling up the DagBag from /home/airflow/.local/lib/python3.8/site-packages/airflow/example_dags/example_setup_teardown.py
[2025-04-09T06:55:48.466+0000] {processor.py:840} INFO - DAG(s) 'example_setup_teardown' retrieved from /home/airflow/.local/lib/python3.8/site-packages/airflow/example_dags/example_setup_teardown.py
[2025-04-09T06:55:48.491+0000] {logging_mixin.py:188} INFO - [2025-04-09T06:55:48.491+0000] {dag.py:3036} INFO - Sync 1 DAGs
[2025-04-09T06:55:48.516+0000] {logging_mixin.py:188} INFO - [2025-04-09T06:55:48.516+0000] {dag.py:3823} INFO - Setting next_dagrun for example_setup_teardown to 2025-04-08 00:00:00+00:00, run_after=2025-04-09 00:00:00+00:00
[2025-04-09T06:55:48.570+0000] {processor.py:183} INFO - Processing /home/airflow/.local/lib/python3.8/site-packages/airflow/example_dags/example_setup_teardown.py took 0.116 seconds
[2025-04-09T06:56:19.399+0000] {processor.py:161} INFO - Started process (PID=501) to work on /home/airflow/.local/lib/python3.8/site-packages/airflow/example_dags/example_setup_teardown.py
[2025-04-09T06:56:19.400+0000] {processor.py:830} INFO - Processing file /home/airflow/.local/lib/python3.8/site-packages/airflow/example_dags/example_setup_teardown.py for tasks to queue
[2025-04-09T06:56:19.401+0000] {logging_mixin.py:188} INFO - [2025-04-09T06:56:19.401+0000] {dagbag.py:538} INFO - Filling up the DagBag from /home/airflow/.local/lib/python3.8/site-packages/airflow/example_dags/example_setup_teardown.py
[2025-04-09T06:56:19.407+0000] {processor.py:840} INFO - DAG(s) 'example_setup_teardown' retrieved from /home/airflow/.local/lib/python3.8/site-packages/airflow/example_dags/example_setup_teardown.py
[2025-04-09T06:56:19.428+0000] {logging_mixin.py:188} INFO - [2025-04-09T06:56:19.427+0000] {dag.py:3036} INFO - Sync 1 DAGs
[2025-04-09T06:56:19.449+0000] {logging_mixin.py:188} INFO - [2025-04-09T06:56:19.449+0000] {dag.py:3823} INFO - Setting next_dagrun for example_setup_teardown to 2025-04-08 00:00:00+00:00, run_after=2025-04-09 00:00:00+00:00
[2025-04-09T06:56:19.498+0000] {processor.py:183} INFO - Processing /home/airflow/.local/lib/python3.8/site-packages/airflow/example_dags/example_setup_teardown.py took 0.101 seconds
[2025-04-09T06:56:51.152+0000] {processor.py:161} INFO - Started process (PID=559) to work on /home/airflow/.local/lib/python3.8/site-packages/airflow/example_dags/example_setup_teardown.py
[2025-04-09T06:56:51.243+0000] {processor.py:830} INFO - Processing file /home/airflow/.local/lib/python3.8/site-packages/airflow/example_dags/example_setup_teardown.py for tasks to queue
[2025-04-09T06:56:51.245+0000] {logging_mixin.py:188} INFO - [2025-04-09T06:56:51.245+0000] {dagbag.py:538} INFO - Filling up the DagBag from /home/airflow/.local/lib/python3.8/site-packages/airflow/example_dags/example_setup_teardown.py
[2025-04-09T06:56:51.258+0000] {processor.py:840} INFO - DAG(s) 'example_setup_teardown' retrieved from /home/airflow/.local/lib/python3.8/site-packages/airflow/example_dags/example_setup_teardown.py
[2025-04-09T06:56:51.295+0000] {logging_mixin.py:188} INFO - [2025-04-09T06:56:51.295+0000] {dag.py:3036} INFO - Sync 1 DAGs
[2025-04-09T06:56:51.335+0000] {logging_mixin.py:188} INFO - [2025-04-09T06:56:51.335+0000] {dag.py:3823} INFO - Setting next_dagrun for example_setup_teardown to 2025-04-08 00:00:00+00:00, run_after=2025-04-09 00:00:00+00:00
[2025-04-09T06:56:51.824+0000] {processor.py:183} INFO - Processing /home/airflow/.local/lib/python3.8/site-packages/airflow/example_dags/example_setup_teardown.py took 0.677 seconds
[2025-04-09T06:57:25.599+0000] {processor.py:161} INFO - Started process (PID=87) to work on /home/airflow/.local/lib/python3.8/site-packages/airflow/example_dags/example_setup_teardown.py
[2025-04-09T06:57:25.600+0000] {processor.py:830} INFO - Processing file /home/airflow/.local/lib/python3.8/site-packages/airflow/example_dags/example_setup_teardown.py for tasks to queue
[2025-04-09T06:57:25.603+0000] {logging_mixin.py:188} INFO - [2025-04-09T06:57:25.602+0000] {dagbag.py:538} INFO - Filling up the DagBag from /home/airflow/.local/lib/python3.8/site-packages/airflow/example_dags/example_setup_teardown.py
[2025-04-09T06:57:25.609+0000] {processor.py:840} INFO - DAG(s) 'example_setup_teardown' retrieved from /home/airflow/.local/lib/python3.8/site-packages/airflow/example_dags/example_setup_teardown.py
[2025-04-09T06:57:25.634+0000] {logging_mixin.py:188} INFO - [2025-04-09T06:57:25.634+0000] {dag.py:3036} INFO - Sync 1 DAGs
[2025-04-09T06:57:25.661+0000] {logging_mixin.py:188} INFO - [2025-04-09T06:57:25.661+0000] {dag.py:3823} INFO - Setting next_dagrun for example_setup_teardown to 2025-04-08 00:00:00+00:00, run_after=2025-04-09 00:00:00+00:00
[2025-04-09T06:57:25.712+0000] {processor.py:183} INFO - Processing /home/airflow/.local/lib/python3.8/site-packages/airflow/example_dags/example_setup_teardown.py took 0.117 seconds
[2025-04-09T06:57:55.750+0000] {processor.py:161} INFO - Started process (PID=138) to work on /home/airflow/.local/lib/python3.8/site-packages/airflow/example_dags/example_setup_teardown.py
[2025-04-09T06:57:55.751+0000] {processor.py:830} INFO - Processing file /home/airflow/.local/lib/python3.8/site-packages/airflow/example_dags/example_setup_teardown.py for tasks to queue
[2025-04-09T06:57:55.753+0000] {logging_mixin.py:188} INFO - [2025-04-09T06:57:55.753+0000] {dagbag.py:538} INFO - Filling up the DagBag from /home/airflow/.local/lib/python3.8/site-packages/airflow/example_dags/example_setup_teardown.py
[2025-04-09T06:57:55.759+0000] {processor.py:840} INFO - DAG(s) 'example_setup_teardown' retrieved from /home/airflow/.local/lib/python3.8/site-packages/airflow/example_dags/example_setup_teardown.py
[2025-04-09T06:57:55.779+0000] {logging_mixin.py:188} INFO - [2025-04-09T06:57:55.779+0000] {dag.py:3036} INFO - Sync 1 DAGs
[2025-04-09T06:57:55.800+0000] {logging_mixin.py:188} INFO - [2025-04-09T06:57:55.800+0000] {dag.py:3823} INFO - Setting next_dagrun for example_setup_teardown to 2025-04-08 00:00:00+00:00, run_after=2025-04-09 00:00:00+00:00
[2025-04-09T06:57:55.847+0000] {processor.py:183} INFO - Processing /home/airflow/.local/lib/python3.8/site-packages/airflow/example_dags/example_setup_teardown.py took 0.100 seconds
[2025-04-09T06:58:25.953+0000] {processor.py:161} INFO - Started process (PID=196) to work on /home/airflow/.local/lib/python3.8/site-packages/airflow/example_dags/example_setup_teardown.py
[2025-04-09T06:58:25.955+0000] {processor.py:830} INFO - Processing file /home/airflow/.local/lib/python3.8/site-packages/airflow/example_dags/example_setup_teardown.py for tasks to queue
[2025-04-09T06:58:25.957+0000] {logging_mixin.py:188} INFO - [2025-04-09T06:58:25.956+0000] {dagbag.py:538} INFO - Filling up the DagBag from /home/airflow/.local/lib/python3.8/site-packages/airflow/example_dags/example_setup_teardown.py
[2025-04-09T06:58:25.964+0000] {processor.py:840} INFO - DAG(s) 'example_setup_teardown' retrieved from /home/airflow/.local/lib/python3.8/site-packages/airflow/example_dags/example_setup_teardown.py
[2025-04-09T06:58:25.986+0000] {logging_mixin.py:188} INFO - [2025-04-09T06:58:25.986+0000] {dag.py:3036} INFO - Sync 1 DAGs
[2025-04-09T06:58:26.010+0000] {logging_mixin.py:188} INFO - [2025-04-09T06:58:26.009+0000] {dag.py:3823} INFO - Setting next_dagrun for example_setup_teardown to 2025-04-08 00:00:00+00:00, run_after=2025-04-09 00:00:00+00:00
[2025-04-09T06:58:26.065+0000] {processor.py:183} INFO - Processing /home/airflow/.local/lib/python3.8/site-packages/airflow/example_dags/example_setup_teardown.py took 0.115 seconds
[2025-04-09T06:58:56.204+0000] {processor.py:161} INFO - Started process (PID=263) to work on /home/airflow/.local/lib/python3.8/site-packages/airflow/example_dags/example_setup_teardown.py
[2025-04-09T06:58:56.204+0000] {processor.py:830} INFO - Processing file /home/airflow/.local/lib/python3.8/site-packages/airflow/example_dags/example_setup_teardown.py for tasks to queue
[2025-04-09T06:58:56.206+0000] {logging_mixin.py:188} INFO - [2025-04-09T06:58:56.206+0000] {dagbag.py:538} INFO - Filling up the DagBag from /home/airflow/.local/lib/python3.8/site-packages/airflow/example_dags/example_setup_teardown.py
[2025-04-09T06:58:56.212+0000] {processor.py:840} INFO - DAG(s) 'example_setup_teardown' retrieved from /home/airflow/.local/lib/python3.8/site-packages/airflow/example_dags/example_setup_teardown.py
[2025-04-09T06:58:56.233+0000] {logging_mixin.py:188} INFO - [2025-04-09T06:58:56.233+0000] {dag.py:3036} INFO - Sync 1 DAGs
[2025-04-09T06:58:56.256+0000] {logging_mixin.py:188} INFO - [2025-04-09T06:58:56.256+0000] {dag.py:3823} INFO - Setting next_dagrun for example_setup_teardown to 2025-04-08 00:00:00+00:00, run_after=2025-04-09 00:00:00+00:00
[2025-04-09T06:58:56.303+0000] {processor.py:183} INFO - Processing /home/airflow/.local/lib/python3.8/site-packages/airflow/example_dags/example_setup_teardown.py took 0.103 seconds
[2025-04-09T06:59:29.802+0000] {processor.py:161} INFO - Started process (PID=322) to work on /home/airflow/.local/lib/python3.8/site-packages/airflow/example_dags/example_setup_teardown.py
[2025-04-09T06:59:29.803+0000] {processor.py:830} INFO - Processing file /home/airflow/.local/lib/python3.8/site-packages/airflow/example_dags/example_setup_teardown.py for tasks to queue
[2025-04-09T06:59:29.805+0000] {logging_mixin.py:188} INFO - [2025-04-09T06:59:29.805+0000] {dagbag.py:538} INFO - Filling up the DagBag from /home/airflow/.local/lib/python3.8/site-packages/airflow/example_dags/example_setup_teardown.py
[2025-04-09T06:59:29.812+0000] {processor.py:840} INFO - DAG(s) 'example_setup_teardown' retrieved from /home/airflow/.local/lib/python3.8/site-packages/airflow/example_dags/example_setup_teardown.py
[2025-04-09T06:59:29.833+0000] {logging_mixin.py:188} INFO - [2025-04-09T06:59:29.833+0000] {dag.py:3036} INFO - Sync 1 DAGs
[2025-04-09T06:59:29.857+0000] {logging_mixin.py:188} INFO - [2025-04-09T06:59:29.857+0000] {dag.py:3823} INFO - Setting next_dagrun for example_setup_teardown to 2025-04-08 00:00:00+00:00, run_after=2025-04-09 00:00:00+00:00
[2025-04-09T06:59:29.925+0000] {processor.py:183} INFO - Processing /home/airflow/.local/lib/python3.8/site-packages/airflow/example_dags/example_setup_teardown.py took 0.126 seconds
[2025-04-09T07:00:04.049+0000] {processor.py:161} INFO - Started process (PID=380) to work on /home/airflow/.local/lib/python3.8/site-packages/airflow/example_dags/example_setup_teardown.py
[2025-04-09T07:00:04.050+0000] {processor.py:830} INFO - Processing file /home/airflow/.local/lib/python3.8/site-packages/airflow/example_dags/example_setup_teardown.py for tasks to queue
[2025-04-09T07:00:04.052+0000] {logging_mixin.py:188} INFO - [2025-04-09T07:00:04.051+0000] {dagbag.py:538} INFO - Filling up the DagBag from /home/airflow/.local/lib/python3.8/site-packages/airflow/example_dags/example_setup_teardown.py
[2025-04-09T07:00:04.057+0000] {processor.py:840} INFO - DAG(s) 'example_setup_teardown' retrieved from /home/airflow/.local/lib/python3.8/site-packages/airflow/example_dags/example_setup_teardown.py
[2025-04-09T07:00:04.078+0000] {logging_mixin.py:188} INFO - [2025-04-09T07:00:04.078+0000] {dag.py:3036} INFO - Sync 1 DAGs
[2025-04-09T07:00:04.100+0000] {logging_mixin.py:188} INFO - [2025-04-09T07:00:04.099+0000] {dag.py:3823} INFO - Setting next_dagrun for example_setup_teardown to 2025-04-08 00:00:00+00:00, run_after=2025-04-09 00:00:00+00:00
[2025-04-09T07:00:04.157+0000] {processor.py:183} INFO - Processing /home/airflow/.local/lib/python3.8/site-packages/airflow/example_dags/example_setup_teardown.py took 0.111 seconds
[2025-04-09T07:00:34.986+0000] {processor.py:161} INFO - Started process (PID=438) to work on /home/airflow/.local/lib/python3.8/site-packages/airflow/example_dags/example_setup_teardown.py
[2025-04-09T07:00:34.987+0000] {processor.py:830} INFO - Processing file /home/airflow/.local/lib/python3.8/site-packages/airflow/example_dags/example_setup_teardown.py for tasks to queue
[2025-04-09T07:00:34.988+0000] {logging_mixin.py:188} INFO - [2025-04-09T07:00:34.988+0000] {dagbag.py:538} INFO - Filling up the DagBag from /home/airflow/.local/lib/python3.8/site-packages/airflow/example_dags/example_setup_teardown.py
[2025-04-09T07:00:34.994+0000] {processor.py:840} INFO - DAG(s) 'example_setup_teardown' retrieved from /home/airflow/.local/lib/python3.8/site-packages/airflow/example_dags/example_setup_teardown.py
[2025-04-09T07:00:35.015+0000] {logging_mixin.py:188} INFO - [2025-04-09T07:00:35.015+0000] {dag.py:3036} INFO - Sync 1 DAGs
[2025-04-09T07:00:35.040+0000] {logging_mixin.py:188} INFO - [2025-04-09T07:00:35.039+0000] {dag.py:3823} INFO - Setting next_dagrun for example_setup_teardown to 2025-04-08 00:00:00+00:00, run_after=2025-04-09 00:00:00+00:00
[2025-04-09T07:00:35.085+0000] {processor.py:183} INFO - Processing /home/airflow/.local/lib/python3.8/site-packages/airflow/example_dags/example_setup_teardown.py took 0.102 seconds
[2025-04-09T07:01:05.504+0000] {processor.py:161} INFO - Started process (PID=496) to work on /home/airflow/.local/lib/python3.8/site-packages/airflow/example_dags/example_setup_teardown.py
[2025-04-09T07:01:05.505+0000] {processor.py:830} INFO - Processing file /home/airflow/.local/lib/python3.8/site-packages/airflow/example_dags/example_setup_teardown.py for tasks to queue
[2025-04-09T07:01:05.506+0000] {logging_mixin.py:188} INFO - [2025-04-09T07:01:05.506+0000] {dagbag.py:538} INFO - Filling up the DagBag from /home/airflow/.local/lib/python3.8/site-packages/airflow/example_dags/example_setup_teardown.py
[2025-04-09T07:01:05.515+0000] {processor.py:840} INFO - DAG(s) 'example_setup_teardown' retrieved from /home/airflow/.local/lib/python3.8/site-packages/airflow/example_dags/example_setup_teardown.py
[2025-04-09T07:01:05.537+0000] {logging_mixin.py:188} INFO - [2025-04-09T07:01:05.537+0000] {dag.py:3036} INFO - Sync 1 DAGs
[2025-04-09T07:01:05.565+0000] {logging_mixin.py:188} INFO - [2025-04-09T07:01:05.564+0000] {dag.py:3823} INFO - Setting next_dagrun for example_setup_teardown to 2025-04-08 00:00:00+00:00, run_after=2025-04-09 00:00:00+00:00
[2025-04-09T07:01:05.639+0000] {processor.py:183} INFO - Processing /home/airflow/.local/lib/python3.8/site-packages/airflow/example_dags/example_setup_teardown.py took 0.138 seconds
[2025-04-09T07:01:36.060+0000] {processor.py:161} INFO - Started process (PID=555) to work on /home/airflow/.local/lib/python3.8/site-packages/airflow/example_dags/example_setup_teardown.py
[2025-04-09T07:01:36.061+0000] {processor.py:830} INFO - Processing file /home/airflow/.local/lib/python3.8/site-packages/airflow/example_dags/example_setup_teardown.py for tasks to queue
[2025-04-09T07:01:36.062+0000] {logging_mixin.py:188} INFO - [2025-04-09T07:01:36.062+0000] {dagbag.py:538} INFO - Filling up the DagBag from /home/airflow/.local/lib/python3.8/site-packages/airflow/example_dags/example_setup_teardown.py
[2025-04-09T07:01:36.068+0000] {processor.py:840} INFO - DAG(s) 'example_setup_teardown' retrieved from /home/airflow/.local/lib/python3.8/site-packages/airflow/example_dags/example_setup_teardown.py
[2025-04-09T07:01:36.089+0000] {logging_mixin.py:188} INFO - [2025-04-09T07:01:36.089+0000] {dag.py:3036} INFO - Sync 1 DAGs
[2025-04-09T07:01:36.113+0000] {logging_mixin.py:188} INFO - [2025-04-09T07:01:36.112+0000] {dag.py:3823} INFO - Setting next_dagrun for example_setup_teardown to 2025-04-08 00:00:00+00:00, run_after=2025-04-09 00:00:00+00:00
[2025-04-09T07:01:36.159+0000] {processor.py:183} INFO - Processing /home/airflow/.local/lib/python3.8/site-packages/airflow/example_dags/example_setup_teardown.py took 0.102 seconds
[2025-04-09T07:02:06.313+0000] {processor.py:161} INFO - Started process (PID=613) to work on /home/airflow/.local/lib/python3.8/site-packages/airflow/example_dags/example_setup_teardown.py
[2025-04-09T07:02:06.314+0000] {processor.py:830} INFO - Processing file /home/airflow/.local/lib/python3.8/site-packages/airflow/example_dags/example_setup_teardown.py for tasks to queue
[2025-04-09T07:02:06.316+0000] {logging_mixin.py:188} INFO - [2025-04-09T07:02:06.315+0000] {dagbag.py:538} INFO - Filling up the DagBag from /home/airflow/.local/lib/python3.8/site-packages/airflow/example_dags/example_setup_teardown.py
[2025-04-09T07:02:06.323+0000] {processor.py:840} INFO - DAG(s) 'example_setup_teardown' retrieved from /home/airflow/.local/lib/python3.8/site-packages/airflow/example_dags/example_setup_teardown.py
[2025-04-09T07:02:06.346+0000] {logging_mixin.py:188} INFO - [2025-04-09T07:02:06.346+0000] {dag.py:3036} INFO - Sync 1 DAGs
[2025-04-09T07:02:06.375+0000] {logging_mixin.py:188} INFO - [2025-04-09T07:02:06.375+0000] {dag.py:3823} INFO - Setting next_dagrun for example_setup_teardown to 2025-04-08 00:00:00+00:00, run_after=2025-04-09 00:00:00+00:00
[2025-04-09T07:02:06.429+0000] {processor.py:183} INFO - Processing /home/airflow/.local/lib/python3.8/site-packages/airflow/example_dags/example_setup_teardown.py took 0.120 seconds
[2025-04-09T07:02:37.178+0000] {processor.py:161} INFO - Started process (PID=671) to work on /home/airflow/.local/lib/python3.8/site-packages/airflow/example_dags/example_setup_teardown.py
[2025-04-09T07:02:37.179+0000] {processor.py:830} INFO - Processing file /home/airflow/.local/lib/python3.8/site-packages/airflow/example_dags/example_setup_teardown.py for tasks to queue
[2025-04-09T07:02:37.181+0000] {logging_mixin.py:188} INFO - [2025-04-09T07:02:37.181+0000] {dagbag.py:538} INFO - Filling up the DagBag from /home/airflow/.local/lib/python3.8/site-packages/airflow/example_dags/example_setup_teardown.py
[2025-04-09T07:02:37.189+0000] {processor.py:840} INFO - DAG(s) 'example_setup_teardown' retrieved from /home/airflow/.local/lib/python3.8/site-packages/airflow/example_dags/example_setup_teardown.py
[2025-04-09T07:02:37.209+0000] {logging_mixin.py:188} INFO - [2025-04-09T07:02:37.209+0000] {dag.py:3036} INFO - Sync 1 DAGs
[2025-04-09T07:02:37.233+0000] {logging_mixin.py:188} INFO - [2025-04-09T07:02:37.233+0000] {dag.py:3823} INFO - Setting next_dagrun for example_setup_teardown to 2025-04-08 00:00:00+00:00, run_after=2025-04-09 00:00:00+00:00
[2025-04-09T07:02:37.285+0000] {processor.py:183} INFO - Processing /home/airflow/.local/lib/python3.8/site-packages/airflow/example_dags/example_setup_teardown.py took 0.109 seconds
[2025-04-09T07:03:07.858+0000] {processor.py:161} INFO - Started process (PID=729) to work on /home/airflow/.local/lib/python3.8/site-packages/airflow/example_dags/example_setup_teardown.py
[2025-04-09T07:03:07.859+0000] {processor.py:830} INFO - Processing file /home/airflow/.local/lib/python3.8/site-packages/airflow/example_dags/example_setup_teardown.py for tasks to queue
[2025-04-09T07:03:07.861+0000] {logging_mixin.py:188} INFO - [2025-04-09T07:03:07.861+0000] {dagbag.py:538} INFO - Filling up the DagBag from /home/airflow/.local/lib/python3.8/site-packages/airflow/example_dags/example_setup_teardown.py
[2025-04-09T07:03:07.868+0000] {processor.py:840} INFO - DAG(s) 'example_setup_teardown' retrieved from /home/airflow/.local/lib/python3.8/site-packages/airflow/example_dags/example_setup_teardown.py
[2025-04-09T07:03:07.891+0000] {logging_mixin.py:188} INFO - [2025-04-09T07:03:07.890+0000] {dag.py:3036} INFO - Sync 1 DAGs
[2025-04-09T07:03:07.917+0000] {logging_mixin.py:188} INFO - [2025-04-09T07:03:07.917+0000] {dag.py:3823} INFO - Setting next_dagrun for example_setup_teardown to 2025-04-08 00:00:00+00:00, run_after=2025-04-09 00:00:00+00:00
[2025-04-09T07:03:07.973+0000] {processor.py:183} INFO - Processing /home/airflow/.local/lib/python3.8/site-packages/airflow/example_dags/example_setup_teardown.py took 0.118 seconds
[2025-04-09T07:03:40.125+0000] {processor.py:161} INFO - Started process (PID=787) to work on /home/airflow/.local/lib/python3.8/site-packages/airflow/example_dags/example_setup_teardown.py
[2025-04-09T07:03:40.126+0000] {processor.py:830} INFO - Processing file /home/airflow/.local/lib/python3.8/site-packages/airflow/example_dags/example_setup_teardown.py for tasks to queue
[2025-04-09T07:03:40.127+0000] {logging_mixin.py:188} INFO - [2025-04-09T07:03:40.127+0000] {dagbag.py:538} INFO - Filling up the DagBag from /home/airflow/.local/lib/python3.8/site-packages/airflow/example_dags/example_setup_teardown.py
[2025-04-09T07:03:40.133+0000] {processor.py:840} INFO - DAG(s) 'example_setup_teardown' retrieved from /home/airflow/.local/lib/python3.8/site-packages/airflow/example_dags/example_setup_teardown.py
[2025-04-09T07:03:40.154+0000] {logging_mixin.py:188} INFO - [2025-04-09T07:03:40.154+0000] {dag.py:3036} INFO - Sync 1 DAGs
[2025-04-09T07:03:40.175+0000] {logging_mixin.py:188} INFO - [2025-04-09T07:03:40.175+0000] {dag.py:3823} INFO - Setting next_dagrun for example_setup_teardown to 2025-04-08 00:00:00+00:00, run_after=2025-04-09 00:00:00+00:00
[2025-04-09T07:03:40.224+0000] {processor.py:183} INFO - Processing /home/airflow/.local/lib/python3.8/site-packages/airflow/example_dags/example_setup_teardown.py took 0.102 seconds
[2025-04-09T07:04:14.767+0000] {processor.py:161} INFO - Started process (PID=846) to work on /home/airflow/.local/lib/python3.8/site-packages/airflow/example_dags/example_setup_teardown.py
[2025-04-09T07:04:14.768+0000] {processor.py:830} INFO - Processing file /home/airflow/.local/lib/python3.8/site-packages/airflow/example_dags/example_setup_teardown.py for tasks to queue
[2025-04-09T07:04:14.770+0000] {logging_mixin.py:188} INFO - [2025-04-09T07:04:14.770+0000] {dagbag.py:538} INFO - Filling up the DagBag from /home/airflow/.local/lib/python3.8/site-packages/airflow/example_dags/example_setup_teardown.py
[2025-04-09T07:04:14.777+0000] {processor.py:840} INFO - DAG(s) 'example_setup_teardown' retrieved from /home/airflow/.local/lib/python3.8/site-packages/airflow/example_dags/example_setup_teardown.py
[2025-04-09T07:04:14.800+0000] {logging_mixin.py:188} INFO - [2025-04-09T07:04:14.800+0000] {dag.py:3036} INFO - Sync 1 DAGs
[2025-04-09T07:04:14.823+0000] {logging_mixin.py:188} INFO - [2025-04-09T07:04:14.823+0000] {dag.py:3823} INFO - Setting next_dagrun for example_setup_teardown to 2025-04-08 00:00:00+00:00, run_after=2025-04-09 00:00:00+00:00
[2025-04-09T07:04:14.873+0000] {processor.py:183} INFO - Processing /home/airflow/.local/lib/python3.8/site-packages/airflow/example_dags/example_setup_teardown.py took 0.108 seconds
[2025-04-09T07:04:45.448+0000] {processor.py:161} INFO - Started process (PID=904) to work on /home/airflow/.local/lib/python3.8/site-packages/airflow/example_dags/example_setup_teardown.py
[2025-04-09T07:04:45.450+0000] {processor.py:830} INFO - Processing file /home/airflow/.local/lib/python3.8/site-packages/airflow/example_dags/example_setup_teardown.py for tasks to queue
[2025-04-09T07:04:45.451+0000] {logging_mixin.py:188} INFO - [2025-04-09T07:04:45.451+0000] {dagbag.py:538} INFO - Filling up the DagBag from /home/airflow/.local/lib/python3.8/site-packages/airflow/example_dags/example_setup_teardown.py
[2025-04-09T07:04:45.456+0000] {processor.py:840} INFO - DAG(s) 'example_setup_teardown' retrieved from /home/airflow/.local/lib/python3.8/site-packages/airflow/example_dags/example_setup_teardown.py
[2025-04-09T07:04:45.478+0000] {logging_mixin.py:188} INFO - [2025-04-09T07:04:45.477+0000] {dag.py:3036} INFO - Sync 1 DAGs
[2025-04-09T07:04:45.499+0000] {logging_mixin.py:188} INFO - [2025-04-09T07:04:45.499+0000] {dag.py:3823} INFO - Setting next_dagrun for example_setup_teardown to 2025-04-08 00:00:00+00:00, run_after=2025-04-09 00:00:00+00:00
[2025-04-09T07:04:45.544+0000] {processor.py:183} INFO - Processing /home/airflow/.local/lib/python3.8/site-packages/airflow/example_dags/example_setup_teardown.py took 0.098 seconds
[2025-04-09T07:05:16.223+0000] {processor.py:161} INFO - Started process (PID=962) to work on /home/airflow/.local/lib/python3.8/site-packages/airflow/example_dags/example_setup_teardown.py
[2025-04-09T07:05:16.225+0000] {processor.py:830} INFO - Processing file /home/airflow/.local/lib/python3.8/site-packages/airflow/example_dags/example_setup_teardown.py for tasks to queue
[2025-04-09T07:05:16.227+0000] {logging_mixin.py:188} INFO - [2025-04-09T07:05:16.226+0000] {dagbag.py:538} INFO - Filling up the DagBag from /home/airflow/.local/lib/python3.8/site-packages/airflow/example_dags/example_setup_teardown.py
[2025-04-09T07:05:16.232+0000] {processor.py:840} INFO - DAG(s) 'example_setup_teardown' retrieved from /home/airflow/.local/lib/python3.8/site-packages/airflow/example_dags/example_setup_teardown.py
[2025-04-09T07:05:16.259+0000] {logging_mixin.py:188} INFO - [2025-04-09T07:05:16.259+0000] {dag.py:3036} INFO - Sync 1 DAGs
[2025-04-09T07:05:16.282+0000] {logging_mixin.py:188} INFO - [2025-04-09T07:05:16.282+0000] {dag.py:3823} INFO - Setting next_dagrun for example_setup_teardown to 2025-04-08 00:00:00+00:00, run_after=2025-04-09 00:00:00+00:00
[2025-04-09T07:05:16.338+0000] {processor.py:183} INFO - Processing /home/airflow/.local/lib/python3.8/site-packages/airflow/example_dags/example_setup_teardown.py took 0.117 seconds
[2025-04-09T07:05:46.532+0000] {processor.py:161} INFO - Started process (PID=1020) to work on /home/airflow/.local/lib/python3.8/site-packages/airflow/example_dags/example_setup_teardown.py
[2025-04-09T07:05:46.533+0000] {processor.py:830} INFO - Processing file /home/airflow/.local/lib/python3.8/site-packages/airflow/example_dags/example_setup_teardown.py for tasks to queue
[2025-04-09T07:05:46.535+0000] {logging_mixin.py:188} INFO - [2025-04-09T07:05:46.535+0000] {dagbag.py:538} INFO - Filling up the DagBag from /home/airflow/.local/lib/python3.8/site-packages/airflow/example_dags/example_setup_teardown.py
[2025-04-09T07:05:46.542+0000] {processor.py:840} INFO - DAG(s) 'example_setup_teardown' retrieved from /home/airflow/.local/lib/python3.8/site-packages/airflow/example_dags/example_setup_teardown.py
[2025-04-09T07:05:46.567+0000] {logging_mixin.py:188} INFO - [2025-04-09T07:05:46.566+0000] {dag.py:3036} INFO - Sync 1 DAGs
[2025-04-09T07:05:46.598+0000] {logging_mixin.py:188} INFO - [2025-04-09T07:05:46.597+0000] {dag.py:3823} INFO - Setting next_dagrun for example_setup_teardown to 2025-04-08 00:00:00+00:00, run_after=2025-04-09 00:00:00+00:00
[2025-04-09T07:05:46.642+0000] {processor.py:183} INFO - Processing /home/airflow/.local/lib/python3.8/site-packages/airflow/example_dags/example_setup_teardown.py took 0.114 seconds
[2025-04-09T07:06:17.006+0000] {processor.py:161} INFO - Started process (PID=1072) to work on /home/airflow/.local/lib/python3.8/site-packages/airflow/example_dags/example_setup_teardown.py
[2025-04-09T07:06:17.007+0000] {processor.py:830} INFO - Processing file /home/airflow/.local/lib/python3.8/site-packages/airflow/example_dags/example_setup_teardown.py for tasks to queue
[2025-04-09T07:06:17.009+0000] {logging_mixin.py:188} INFO - [2025-04-09T07:06:17.009+0000] {dagbag.py:538} INFO - Filling up the DagBag from /home/airflow/.local/lib/python3.8/site-packages/airflow/example_dags/example_setup_teardown.py
[2025-04-09T07:06:17.015+0000] {processor.py:840} INFO - DAG(s) 'example_setup_teardown' retrieved from /home/airflow/.local/lib/python3.8/site-packages/airflow/example_dags/example_setup_teardown.py
[2025-04-09T07:06:17.036+0000] {logging_mixin.py:188} INFO - [2025-04-09T07:06:17.036+0000] {dag.py:3036} INFO - Sync 1 DAGs
[2025-04-09T07:06:17.057+0000] {logging_mixin.py:188} INFO - [2025-04-09T07:06:17.057+0000] {dag.py:3823} INFO - Setting next_dagrun for example_setup_teardown to 2025-04-08 00:00:00+00:00, run_after=2025-04-09 00:00:00+00:00
[2025-04-09T07:06:17.101+0000] {processor.py:183} INFO - Processing /home/airflow/.local/lib/python3.8/site-packages/airflow/example_dags/example_setup_teardown.py took 0.098 seconds
[2025-04-09T07:10:02.125+0000] {processor.py:161} INFO - Started process (PID=106) to work on /home/airflow/.local/lib/python3.8/site-packages/airflow/example_dags/example_setup_teardown.py
[2025-04-09T07:10:02.127+0000] {processor.py:830} INFO - Processing file /home/airflow/.local/lib/python3.8/site-packages/airflow/example_dags/example_setup_teardown.py for tasks to queue
[2025-04-09T07:10:02.130+0000] {logging_mixin.py:188} INFO - [2025-04-09T07:10:02.129+0000] {dagbag.py:538} INFO - Filling up the DagBag from /home/airflow/.local/lib/python3.8/site-packages/airflow/example_dags/example_setup_teardown.py
[2025-04-09T07:10:02.146+0000] {processor.py:840} INFO - DAG(s) 'example_setup_teardown' retrieved from /home/airflow/.local/lib/python3.8/site-packages/airflow/example_dags/example_setup_teardown.py
[2025-04-09T07:10:02.296+0000] {logging_mixin.py:188} INFO - [2025-04-09T07:10:02.296+0000] {dag.py:3036} INFO - Sync 1 DAGs
[2025-04-09T07:10:02.330+0000] {logging_mixin.py:188} INFO - [2025-04-09T07:10:02.330+0000] {dag.py:3823} INFO - Setting next_dagrun for example_setup_teardown to 2025-04-08 00:00:00+00:00, run_after=2025-04-09 00:00:00+00:00
[2025-04-09T07:10:02.392+0000] {processor.py:183} INFO - Processing /home/airflow/.local/lib/python3.8/site-packages/airflow/example_dags/example_setup_teardown.py took 0.277 seconds
[2025-04-09T07:10:33.168+0000] {processor.py:161} INFO - Started process (PID=164) to work on /home/airflow/.local/lib/python3.8/site-packages/airflow/example_dags/example_setup_teardown.py
[2025-04-09T07:10:33.170+0000] {processor.py:830} INFO - Processing file /home/airflow/.local/lib/python3.8/site-packages/airflow/example_dags/example_setup_teardown.py for tasks to queue
[2025-04-09T07:10:33.173+0000] {logging_mixin.py:188} INFO - [2025-04-09T07:10:33.172+0000] {dagbag.py:538} INFO - Filling up the DagBag from /home/airflow/.local/lib/python3.8/site-packages/airflow/example_dags/example_setup_teardown.py
[2025-04-09T07:10:33.183+0000] {processor.py:840} INFO - DAG(s) 'example_setup_teardown' retrieved from /home/airflow/.local/lib/python3.8/site-packages/airflow/example_dags/example_setup_teardown.py
[2025-04-09T07:10:33.219+0000] {logging_mixin.py:188} INFO - [2025-04-09T07:10:33.219+0000] {dag.py:3036} INFO - Sync 1 DAGs
[2025-04-09T07:10:33.258+0000] {logging_mixin.py:188} INFO - [2025-04-09T07:10:33.258+0000] {dag.py:3823} INFO - Setting next_dagrun for example_setup_teardown to 2025-04-08 00:00:00+00:00, run_after=2025-04-09 00:00:00+00:00
[2025-04-09T07:10:33.341+0000] {processor.py:183} INFO - Processing /home/airflow/.local/lib/python3.8/site-packages/airflow/example_dags/example_setup_teardown.py took 0.179 seconds
[2025-04-09T07:11:03.696+0000] {processor.py:161} INFO - Started process (PID=216) to work on /home/airflow/.local/lib/python3.8/site-packages/airflow/example_dags/example_setup_teardown.py
[2025-04-09T07:11:03.716+0000] {processor.py:830} INFO - Processing file /home/airflow/.local/lib/python3.8/site-packages/airflow/example_dags/example_setup_teardown.py for tasks to queue
[2025-04-09T07:11:03.719+0000] {logging_mixin.py:188} INFO - [2025-04-09T07:11:03.718+0000] {dagbag.py:538} INFO - Filling up the DagBag from /home/airflow/.local/lib/python3.8/site-packages/airflow/example_dags/example_setup_teardown.py
[2025-04-09T07:11:03.727+0000] {processor.py:840} INFO - DAG(s) 'example_setup_teardown' retrieved from /home/airflow/.local/lib/python3.8/site-packages/airflow/example_dags/example_setup_teardown.py
[2025-04-09T07:11:03.757+0000] {logging_mixin.py:188} INFO - [2025-04-09T07:11:03.756+0000] {dag.py:3036} INFO - Sync 1 DAGs
[2025-04-09T07:11:03.782+0000] {logging_mixin.py:188} INFO - [2025-04-09T07:11:03.781+0000] {dag.py:3823} INFO - Setting next_dagrun for example_setup_teardown to 2025-04-08 00:00:00+00:00, run_after=2025-04-09 00:00:00+00:00
[2025-04-09T07:11:03.919+0000] {processor.py:183} INFO - Processing /home/airflow/.local/lib/python3.8/site-packages/airflow/example_dags/example_setup_teardown.py took 0.225 seconds
[2025-04-09T07:11:34.358+0000] {processor.py:161} INFO - Started process (PID=283) to work on /home/airflow/.local/lib/python3.8/site-packages/airflow/example_dags/example_setup_teardown.py
[2025-04-09T07:11:34.359+0000] {processor.py:830} INFO - Processing file /home/airflow/.local/lib/python3.8/site-packages/airflow/example_dags/example_setup_teardown.py for tasks to queue
[2025-04-09T07:11:34.362+0000] {logging_mixin.py:188} INFO - [2025-04-09T07:11:34.361+0000] {dagbag.py:538} INFO - Filling up the DagBag from /home/airflow/.local/lib/python3.8/site-packages/airflow/example_dags/example_setup_teardown.py
[2025-04-09T07:11:34.374+0000] {processor.py:840} INFO - DAG(s) 'example_setup_teardown' retrieved from /home/airflow/.local/lib/python3.8/site-packages/airflow/example_dags/example_setup_teardown.py
[2025-04-09T07:11:34.401+0000] {logging_mixin.py:188} INFO - [2025-04-09T07:11:34.400+0000] {dag.py:3036} INFO - Sync 1 DAGs
[2025-04-09T07:11:34.429+0000] {logging_mixin.py:188} INFO - [2025-04-09T07:11:34.428+0000] {dag.py:3823} INFO - Setting next_dagrun for example_setup_teardown to 2025-04-08 00:00:00+00:00, run_after=2025-04-09 00:00:00+00:00
[2025-04-09T07:11:34.512+0000] {processor.py:183} INFO - Processing /home/airflow/.local/lib/python3.8/site-packages/airflow/example_dags/example_setup_teardown.py took 0.157 seconds
[2025-04-09T07:12:04.891+0000] {processor.py:161} INFO - Started process (PID=341) to work on /home/airflow/.local/lib/python3.8/site-packages/airflow/example_dags/example_setup_teardown.py
[2025-04-09T07:12:04.892+0000] {processor.py:830} INFO - Processing file /home/airflow/.local/lib/python3.8/site-packages/airflow/example_dags/example_setup_teardown.py for tasks to queue
[2025-04-09T07:12:04.894+0000] {logging_mixin.py:188} INFO - [2025-04-09T07:12:04.894+0000] {dagbag.py:538} INFO - Filling up the DagBag from /home/airflow/.local/lib/python3.8/site-packages/airflow/example_dags/example_setup_teardown.py
[2025-04-09T07:12:04.901+0000] {processor.py:840} INFO - DAG(s) 'example_setup_teardown' retrieved from /home/airflow/.local/lib/python3.8/site-packages/airflow/example_dags/example_setup_teardown.py
[2025-04-09T07:12:04.926+0000] {logging_mixin.py:188} INFO - [2025-04-09T07:12:04.926+0000] {dag.py:3036} INFO - Sync 1 DAGs
[2025-04-09T07:12:04.955+0000] {logging_mixin.py:188} INFO - [2025-04-09T07:12:04.954+0000] {dag.py:3823} INFO - Setting next_dagrun for example_setup_teardown to 2025-04-08 00:00:00+00:00, run_after=2025-04-09 00:00:00+00:00
[2025-04-09T07:12:05.016+0000] {processor.py:183} INFO - Processing /home/airflow/.local/lib/python3.8/site-packages/airflow/example_dags/example_setup_teardown.py took 0.129 seconds
[2025-04-09T07:12:37.832+0000] {processor.py:161} INFO - Started process (PID=399) to work on /home/airflow/.local/lib/python3.8/site-packages/airflow/example_dags/example_setup_teardown.py
[2025-04-09T07:12:37.833+0000] {processor.py:830} INFO - Processing file /home/airflow/.local/lib/python3.8/site-packages/airflow/example_dags/example_setup_teardown.py for tasks to queue
[2025-04-09T07:12:37.834+0000] {logging_mixin.py:188} INFO - [2025-04-09T07:12:37.834+0000] {dagbag.py:538} INFO - Filling up the DagBag from /home/airflow/.local/lib/python3.8/site-packages/airflow/example_dags/example_setup_teardown.py
[2025-04-09T07:12:37.841+0000] {processor.py:840} INFO - DAG(s) 'example_setup_teardown' retrieved from /home/airflow/.local/lib/python3.8/site-packages/airflow/example_dags/example_setup_teardown.py
[2025-04-09T07:12:37.862+0000] {logging_mixin.py:188} INFO - [2025-04-09T07:12:37.861+0000] {dag.py:3036} INFO - Sync 1 DAGs
[2025-04-09T07:12:37.885+0000] {logging_mixin.py:188} INFO - [2025-04-09T07:12:37.885+0000] {dag.py:3823} INFO - Setting next_dagrun for example_setup_teardown to 2025-04-08 00:00:00+00:00, run_after=2025-04-09 00:00:00+00:00
[2025-04-09T07:12:37.943+0000] {processor.py:183} INFO - Processing /home/airflow/.local/lib/python3.8/site-packages/airflow/example_dags/example_setup_teardown.py took 0.114 seconds
[2025-04-09T07:13:12.664+0000] {processor.py:161} INFO - Started process (PID=457) to work on /home/airflow/.local/lib/python3.8/site-packages/airflow/example_dags/example_setup_teardown.py
[2025-04-09T07:13:12.665+0000] {processor.py:830} INFO - Processing file /home/airflow/.local/lib/python3.8/site-packages/airflow/example_dags/example_setup_teardown.py for tasks to queue
[2025-04-09T07:13:12.667+0000] {logging_mixin.py:188} INFO - [2025-04-09T07:13:12.666+0000] {dagbag.py:538} INFO - Filling up the DagBag from /home/airflow/.local/lib/python3.8/site-packages/airflow/example_dags/example_setup_teardown.py
[2025-04-09T07:13:12.675+0000] {processor.py:840} INFO - DAG(s) 'example_setup_teardown' retrieved from /home/airflow/.local/lib/python3.8/site-packages/airflow/example_dags/example_setup_teardown.py
[2025-04-09T07:13:12.699+0000] {logging_mixin.py:188} INFO - [2025-04-09T07:13:12.699+0000] {dag.py:3036} INFO - Sync 1 DAGs
[2025-04-09T07:13:12.723+0000] {logging_mixin.py:188} INFO - [2025-04-09T07:13:12.723+0000] {dag.py:3823} INFO - Setting next_dagrun for example_setup_teardown to 2025-04-08 00:00:00+00:00, run_after=2025-04-09 00:00:00+00:00
[2025-04-09T07:13:12.784+0000] {processor.py:183} INFO - Processing /home/airflow/.local/lib/python3.8/site-packages/airflow/example_dags/example_setup_teardown.py took 0.123 seconds
[2025-04-09T07:13:43.372+0000] {processor.py:161} INFO - Started process (PID=515) to work on /home/airflow/.local/lib/python3.8/site-packages/airflow/example_dags/example_setup_teardown.py
[2025-04-09T07:13:43.399+0000] {processor.py:830} INFO - Processing file /home/airflow/.local/lib/python3.8/site-packages/airflow/example_dags/example_setup_teardown.py for tasks to queue
[2025-04-09T07:13:43.401+0000] {logging_mixin.py:188} INFO - [2025-04-09T07:13:43.401+0000] {dagbag.py:538} INFO - Filling up the DagBag from /home/airflow/.local/lib/python3.8/site-packages/airflow/example_dags/example_setup_teardown.py
[2025-04-09T07:13:43.409+0000] {processor.py:840} INFO - DAG(s) 'example_setup_teardown' retrieved from /home/airflow/.local/lib/python3.8/site-packages/airflow/example_dags/example_setup_teardown.py
[2025-04-09T07:13:43.434+0000] {logging_mixin.py:188} INFO - [2025-04-09T07:13:43.434+0000] {dag.py:3036} INFO - Sync 1 DAGs
[2025-04-09T07:13:43.465+0000] {logging_mixin.py:188} INFO - [2025-04-09T07:13:43.464+0000] {dag.py:3823} INFO - Setting next_dagrun for example_setup_teardown to 2025-04-08 00:00:00+00:00, run_after=2025-04-09 00:00:00+00:00
[2025-04-09T07:13:43.527+0000] {processor.py:183} INFO - Processing /home/airflow/.local/lib/python3.8/site-packages/airflow/example_dags/example_setup_teardown.py took 0.158 seconds
[2025-04-09T07:14:13.793+0000] {processor.py:161} INFO - Started process (PID=573) to work on /home/airflow/.local/lib/python3.8/site-packages/airflow/example_dags/example_setup_teardown.py
[2025-04-09T07:14:13.800+0000] {processor.py:830} INFO - Processing file /home/airflow/.local/lib/python3.8/site-packages/airflow/example_dags/example_setup_teardown.py for tasks to queue
[2025-04-09T07:14:13.802+0000] {logging_mixin.py:188} INFO - [2025-04-09T07:14:13.802+0000] {dagbag.py:538} INFO - Filling up the DagBag from /home/airflow/.local/lib/python3.8/site-packages/airflow/example_dags/example_setup_teardown.py
[2025-04-09T07:14:13.809+0000] {processor.py:840} INFO - DAG(s) 'example_setup_teardown' retrieved from /home/airflow/.local/lib/python3.8/site-packages/airflow/example_dags/example_setup_teardown.py
[2025-04-09T07:14:13.832+0000] {logging_mixin.py:188} INFO - [2025-04-09T07:14:13.832+0000] {dag.py:3036} INFO - Sync 1 DAGs
[2025-04-09T07:14:13.854+0000] {logging_mixin.py:188} INFO - [2025-04-09T07:14:13.853+0000] {dag.py:3823} INFO - Setting next_dagrun for example_setup_teardown to 2025-04-08 00:00:00+00:00, run_after=2025-04-09 00:00:00+00:00
[2025-04-09T07:14:13.917+0000] {processor.py:183} INFO - Processing /home/airflow/.local/lib/python3.8/site-packages/airflow/example_dags/example_setup_teardown.py took 0.127 seconds
[2025-04-09T07:14:44.030+0000] {processor.py:161} INFO - Started process (PID=631) to work on /home/airflow/.local/lib/python3.8/site-packages/airflow/example_dags/example_setup_teardown.py
[2025-04-09T07:14:44.031+0000] {processor.py:830} INFO - Processing file /home/airflow/.local/lib/python3.8/site-packages/airflow/example_dags/example_setup_teardown.py for tasks to queue
[2025-04-09T07:14:44.033+0000] {logging_mixin.py:188} INFO - [2025-04-09T07:14:44.032+0000] {dagbag.py:538} INFO - Filling up the DagBag from /home/airflow/.local/lib/python3.8/site-packages/airflow/example_dags/example_setup_teardown.py
[2025-04-09T07:14:44.039+0000] {processor.py:840} INFO - DAG(s) 'example_setup_teardown' retrieved from /home/airflow/.local/lib/python3.8/site-packages/airflow/example_dags/example_setup_teardown.py
[2025-04-09T07:14:44.064+0000] {logging_mixin.py:188} INFO - [2025-04-09T07:14:44.064+0000] {dag.py:3036} INFO - Sync 1 DAGs
[2025-04-09T07:14:44.091+0000] {logging_mixin.py:188} INFO - [2025-04-09T07:14:44.091+0000] {dag.py:3823} INFO - Setting next_dagrun for example_setup_teardown to 2025-04-08 00:00:00+00:00, run_after=2025-04-09 00:00:00+00:00
[2025-04-09T07:14:44.175+0000] {processor.py:183} INFO - Processing /home/airflow/.local/lib/python3.8/site-packages/airflow/example_dags/example_setup_teardown.py took 0.148 seconds
[2025-04-09T07:15:14.434+0000] {processor.py:161} INFO - Started process (PID=689) to work on /home/airflow/.local/lib/python3.8/site-packages/airflow/example_dags/example_setup_teardown.py
[2025-04-09T07:15:14.448+0000] {processor.py:830} INFO - Processing file /home/airflow/.local/lib/python3.8/site-packages/airflow/example_dags/example_setup_teardown.py for tasks to queue
[2025-04-09T07:15:14.450+0000] {logging_mixin.py:188} INFO - [2025-04-09T07:15:14.449+0000] {dagbag.py:538} INFO - Filling up the DagBag from /home/airflow/.local/lib/python3.8/site-packages/airflow/example_dags/example_setup_teardown.py
[2025-04-09T07:15:14.457+0000] {processor.py:840} INFO - DAG(s) 'example_setup_teardown' retrieved from /home/airflow/.local/lib/python3.8/site-packages/airflow/example_dags/example_setup_teardown.py
[2025-04-09T07:15:14.483+0000] {logging_mixin.py:188} INFO - [2025-04-09T07:15:14.482+0000] {dag.py:3036} INFO - Sync 1 DAGs
[2025-04-09T07:15:14.509+0000] {logging_mixin.py:188} INFO - [2025-04-09T07:15:14.509+0000] {dag.py:3823} INFO - Setting next_dagrun for example_setup_teardown to 2025-04-08 00:00:00+00:00, run_after=2025-04-09 00:00:00+00:00
[2025-04-09T07:15:14.568+0000] {processor.py:183} INFO - Processing /home/airflow/.local/lib/python3.8/site-packages/airflow/example_dags/example_setup_teardown.py took 0.137 seconds
[2025-04-09T07:15:44.677+0000] {processor.py:161} INFO - Started process (PID=747) to work on /home/airflow/.local/lib/python3.8/site-packages/airflow/example_dags/example_setup_teardown.py
[2025-04-09T07:15:44.678+0000] {processor.py:830} INFO - Processing file /home/airflow/.local/lib/python3.8/site-packages/airflow/example_dags/example_setup_teardown.py for tasks to queue
[2025-04-09T07:15:44.680+0000] {logging_mixin.py:188} INFO - [2025-04-09T07:15:44.679+0000] {dagbag.py:538} INFO - Filling up the DagBag from /home/airflow/.local/lib/python3.8/site-packages/airflow/example_dags/example_setup_teardown.py
[2025-04-09T07:15:44.686+0000] {processor.py:840} INFO - DAG(s) 'example_setup_teardown' retrieved from /home/airflow/.local/lib/python3.8/site-packages/airflow/example_dags/example_setup_teardown.py
[2025-04-09T07:15:44.709+0000] {logging_mixin.py:188} INFO - [2025-04-09T07:15:44.708+0000] {dag.py:3036} INFO - Sync 1 DAGs
[2025-04-09T07:15:44.731+0000] {logging_mixin.py:188} INFO - [2025-04-09T07:15:44.731+0000] {dag.py:3823} INFO - Setting next_dagrun for example_setup_teardown to 2025-04-08 00:00:00+00:00, run_after=2025-04-09 00:00:00+00:00
[2025-04-09T07:15:44.792+0000] {processor.py:183} INFO - Processing /home/airflow/.local/lib/python3.8/site-packages/airflow/example_dags/example_setup_teardown.py took 0.119 seconds
[2025-04-09T07:16:14.839+0000] {processor.py:161} INFO - Started process (PID=805) to work on /home/airflow/.local/lib/python3.8/site-packages/airflow/example_dags/example_setup_teardown.py
[2025-04-09T07:16:14.840+0000] {processor.py:830} INFO - Processing file /home/airflow/.local/lib/python3.8/site-packages/airflow/example_dags/example_setup_teardown.py for tasks to queue
[2025-04-09T07:16:14.842+0000] {logging_mixin.py:188} INFO - [2025-04-09T07:16:14.842+0000] {dagbag.py:538} INFO - Filling up the DagBag from /home/airflow/.local/lib/python3.8/site-packages/airflow/example_dags/example_setup_teardown.py
[2025-04-09T07:16:14.848+0000] {processor.py:840} INFO - DAG(s) 'example_setup_teardown' retrieved from /home/airflow/.local/lib/python3.8/site-packages/airflow/example_dags/example_setup_teardown.py
[2025-04-09T07:16:14.870+0000] {logging_mixin.py:188} INFO - [2025-04-09T07:16:14.869+0000] {dag.py:3036} INFO - Sync 1 DAGs
[2025-04-09T07:16:14.893+0000] {logging_mixin.py:188} INFO - [2025-04-09T07:16:14.892+0000] {dag.py:3823} INFO - Setting next_dagrun for example_setup_teardown to 2025-04-08 00:00:00+00:00, run_after=2025-04-09 00:00:00+00:00
[2025-04-09T07:16:14.986+0000] {processor.py:183} INFO - Processing /home/airflow/.local/lib/python3.8/site-packages/airflow/example_dags/example_setup_teardown.py took 0.149 seconds
[2025-04-09T07:16:48.519+0000] {processor.py:161} INFO - Started process (PID=863) to work on /home/airflow/.local/lib/python3.8/site-packages/airflow/example_dags/example_setup_teardown.py
[2025-04-09T07:16:48.526+0000] {processor.py:830} INFO - Processing file /home/airflow/.local/lib/python3.8/site-packages/airflow/example_dags/example_setup_teardown.py for tasks to queue
[2025-04-09T07:16:48.527+0000] {logging_mixin.py:188} INFO - [2025-04-09T07:16:48.527+0000] {dagbag.py:538} INFO - Filling up the DagBag from /home/airflow/.local/lib/python3.8/site-packages/airflow/example_dags/example_setup_teardown.py
[2025-04-09T07:16:48.535+0000] {processor.py:840} INFO - DAG(s) 'example_setup_teardown' retrieved from /home/airflow/.local/lib/python3.8/site-packages/airflow/example_dags/example_setup_teardown.py
[2025-04-09T07:16:48.556+0000] {logging_mixin.py:188} INFO - [2025-04-09T07:16:48.556+0000] {dag.py:3036} INFO - Sync 1 DAGs
[2025-04-09T07:16:48.581+0000] {logging_mixin.py:188} INFO - [2025-04-09T07:16:48.581+0000] {dag.py:3823} INFO - Setting next_dagrun for example_setup_teardown to 2025-04-08 00:00:00+00:00, run_after=2025-04-09 00:00:00+00:00
[2025-04-09T07:16:48.628+0000] {processor.py:183} INFO - Processing /home/airflow/.local/lib/python3.8/site-packages/airflow/example_dags/example_setup_teardown.py took 0.111 seconds
[2025-04-09T07:17:18.914+0000] {processor.py:161} INFO - Started process (PID=921) to work on /home/airflow/.local/lib/python3.8/site-packages/airflow/example_dags/example_setup_teardown.py
[2025-04-09T07:17:18.915+0000] {processor.py:830} INFO - Processing file /home/airflow/.local/lib/python3.8/site-packages/airflow/example_dags/example_setup_teardown.py for tasks to queue
[2025-04-09T07:17:18.917+0000] {logging_mixin.py:188} INFO - [2025-04-09T07:17:18.916+0000] {dagbag.py:538} INFO - Filling up the DagBag from /home/airflow/.local/lib/python3.8/site-packages/airflow/example_dags/example_setup_teardown.py
[2025-04-09T07:17:18.924+0000] {processor.py:840} INFO - DAG(s) 'example_setup_teardown' retrieved from /home/airflow/.local/lib/python3.8/site-packages/airflow/example_dags/example_setup_teardown.py
[2025-04-09T07:17:18.944+0000] {logging_mixin.py:188} INFO - [2025-04-09T07:17:18.944+0000] {dag.py:3036} INFO - Sync 1 DAGs
[2025-04-09T07:17:22.547+0000] {logging_mixin.py:188} INFO - [2025-04-09T07:17:22.547+0000] {dag.py:3823} INFO - Setting next_dagrun for example_setup_teardown to 2025-04-08 00:00:00+00:00, run_after=2025-04-09 00:00:00+00:00
[2025-04-09T07:17:22.609+0000] {processor.py:183} INFO - Processing /home/airflow/.local/lib/python3.8/site-packages/airflow/example_dags/example_setup_teardown.py took 0.118 seconds
[2025-04-09T07:17:53.263+0000] {processor.py:161} INFO - Started process (PID=979) to work on /home/airflow/.local/lib/python3.8/site-packages/airflow/example_dags/example_setup_teardown.py
[2025-04-09T07:17:53.266+0000] {processor.py:830} INFO - Processing file /home/airflow/.local/lib/python3.8/site-packages/airflow/example_dags/example_setup_teardown.py for tasks to queue
[2025-04-09T07:17:53.268+0000] {logging_mixin.py:188} INFO - [2025-04-09T07:17:53.268+0000] {dagbag.py:538} INFO - Filling up the DagBag from /home/airflow/.local/lib/python3.8/site-packages/airflow/example_dags/example_setup_teardown.py
[2025-04-09T07:17:53.275+0000] {processor.py:840} INFO - DAG(s) 'example_setup_teardown' retrieved from /home/airflow/.local/lib/python3.8/site-packages/airflow/example_dags/example_setup_teardown.py
[2025-04-09T07:17:53.300+0000] {logging_mixin.py:188} INFO - [2025-04-09T07:17:53.300+0000] {dag.py:3036} INFO - Sync 1 DAGs
[2025-04-09T07:17:53.332+0000] {logging_mixin.py:188} INFO - [2025-04-09T07:17:53.331+0000] {dag.py:3823} INFO - Setting next_dagrun for example_setup_teardown to 2025-04-08 00:00:00+00:00, run_after=2025-04-09 00:00:00+00:00
[2025-04-09T07:17:53.407+0000] {processor.py:183} INFO - Processing /home/airflow/.local/lib/python3.8/site-packages/airflow/example_dags/example_setup_teardown.py took 0.149 seconds
[2025-04-09T07:18:24.251+0000] {processor.py:161} INFO - Started process (PID=1037) to work on /home/airflow/.local/lib/python3.8/site-packages/airflow/example_dags/example_setup_teardown.py
[2025-04-09T07:18:24.252+0000] {processor.py:830} INFO - Processing file /home/airflow/.local/lib/python3.8/site-packages/airflow/example_dags/example_setup_teardown.py for tasks to queue
[2025-04-09T07:18:24.255+0000] {logging_mixin.py:188} INFO - [2025-04-09T07:18:24.254+0000] {dagbag.py:538} INFO - Filling up the DagBag from /home/airflow/.local/lib/python3.8/site-packages/airflow/example_dags/example_setup_teardown.py
[2025-04-09T07:18:24.262+0000] {processor.py:840} INFO - DAG(s) 'example_setup_teardown' retrieved from /home/airflow/.local/lib/python3.8/site-packages/airflow/example_dags/example_setup_teardown.py
[2025-04-09T07:18:24.286+0000] {logging_mixin.py:188} INFO - [2025-04-09T07:18:24.285+0000] {dag.py:3036} INFO - Sync 1 DAGs
[2025-04-09T07:18:24.313+0000] {logging_mixin.py:188} INFO - [2025-04-09T07:18:24.313+0000] {dag.py:3823} INFO - Setting next_dagrun for example_setup_teardown to 2025-04-08 00:00:00+00:00, run_after=2025-04-09 00:00:00+00:00
[2025-04-09T07:18:24.398+0000] {processor.py:183} INFO - Processing /home/airflow/.local/lib/python3.8/site-packages/airflow/example_dags/example_setup_teardown.py took 0.152 seconds
[2025-04-09T07:18:54.704+0000] {processor.py:161} INFO - Started process (PID=1095) to work on /home/airflow/.local/lib/python3.8/site-packages/airflow/example_dags/example_setup_teardown.py
[2025-04-09T07:18:54.738+0000] {processor.py:830} INFO - Processing file /home/airflow/.local/lib/python3.8/site-packages/airflow/example_dags/example_setup_teardown.py for tasks to queue
[2025-04-09T07:18:54.740+0000] {logging_mixin.py:188} INFO - [2025-04-09T07:18:54.740+0000] {dagbag.py:538} INFO - Filling up the DagBag from /home/airflow/.local/lib/python3.8/site-packages/airflow/example_dags/example_setup_teardown.py
[2025-04-09T07:18:54.748+0000] {processor.py:840} INFO - DAG(s) 'example_setup_teardown' retrieved from /home/airflow/.local/lib/python3.8/site-packages/airflow/example_dags/example_setup_teardown.py
[2025-04-09T07:18:54.771+0000] {logging_mixin.py:188} INFO - [2025-04-09T07:18:54.770+0000] {dag.py:3036} INFO - Sync 1 DAGs
[2025-04-09T07:18:54.798+0000] {logging_mixin.py:188} INFO - [2025-04-09T07:18:54.798+0000] {dag.py:3823} INFO - Setting next_dagrun for example_setup_teardown to 2025-04-08 00:00:00+00:00, run_after=2025-04-09 00:00:00+00:00
[2025-04-09T07:18:54.864+0000] {processor.py:183} INFO - Processing /home/airflow/.local/lib/python3.8/site-packages/airflow/example_dags/example_setup_teardown.py took 0.163 seconds
[2025-04-09T07:19:24.911+0000] {processor.py:161} INFO - Started process (PID=1146) to work on /home/airflow/.local/lib/python3.8/site-packages/airflow/example_dags/example_setup_teardown.py
[2025-04-09T07:19:24.912+0000] {processor.py:830} INFO - Processing file /home/airflow/.local/lib/python3.8/site-packages/airflow/example_dags/example_setup_teardown.py for tasks to queue
[2025-04-09T07:19:24.914+0000] {logging_mixin.py:188} INFO - [2025-04-09T07:19:24.914+0000] {dagbag.py:538} INFO - Filling up the DagBag from /home/airflow/.local/lib/python3.8/site-packages/airflow/example_dags/example_setup_teardown.py
[2025-04-09T07:19:24.922+0000] {processor.py:840} INFO - DAG(s) 'example_setup_teardown' retrieved from /home/airflow/.local/lib/python3.8/site-packages/airflow/example_dags/example_setup_teardown.py
[2025-04-09T07:19:24.945+0000] {logging_mixin.py:188} INFO - [2025-04-09T07:19:24.945+0000] {dag.py:3036} INFO - Sync 1 DAGs
[2025-04-09T07:19:24.971+0000] {logging_mixin.py:188} INFO - [2025-04-09T07:19:24.970+0000] {dag.py:3823} INFO - Setting next_dagrun for example_setup_teardown to 2025-04-08 00:00:00+00:00, run_after=2025-04-09 00:00:00+00:00
[2025-04-09T07:19:25.089+0000] {processor.py:183} INFO - Processing /home/airflow/.local/lib/python3.8/site-packages/airflow/example_dags/example_setup_teardown.py took 0.181 seconds
[2025-04-09T07:19:55.270+0000] {processor.py:161} INFO - Started process (PID=1205) to work on /home/airflow/.local/lib/python3.8/site-packages/airflow/example_dags/example_setup_teardown.py
[2025-04-09T07:19:55.291+0000] {processor.py:830} INFO - Processing file /home/airflow/.local/lib/python3.8/site-packages/airflow/example_dags/example_setup_teardown.py for tasks to queue
[2025-04-09T07:19:55.294+0000] {logging_mixin.py:188} INFO - [2025-04-09T07:19:55.293+0000] {dagbag.py:538} INFO - Filling up the DagBag from /home/airflow/.local/lib/python3.8/site-packages/airflow/example_dags/example_setup_teardown.py
[2025-04-09T07:19:55.301+0000] {processor.py:840} INFO - DAG(s) 'example_setup_teardown' retrieved from /home/airflow/.local/lib/python3.8/site-packages/airflow/example_dags/example_setup_teardown.py
[2025-04-09T07:19:55.323+0000] {logging_mixin.py:188} INFO - [2025-04-09T07:19:55.323+0000] {dag.py:3036} INFO - Sync 1 DAGs
[2025-04-09T07:19:55.346+0000] {logging_mixin.py:188} INFO - [2025-04-09T07:19:55.345+0000] {dag.py:3823} INFO - Setting next_dagrun for example_setup_teardown to 2025-04-08 00:00:00+00:00, run_after=2025-04-09 00:00:00+00:00
[2025-04-09T07:19:55.396+0000] {processor.py:183} INFO - Processing /home/airflow/.local/lib/python3.8/site-packages/airflow/example_dags/example_setup_teardown.py took 0.130 seconds
[2025-04-09T07:20:25.426+0000] {processor.py:161} INFO - Started process (PID=1262) to work on /home/airflow/.local/lib/python3.8/site-packages/airflow/example_dags/example_setup_teardown.py
[2025-04-09T07:20:25.430+0000] {processor.py:830} INFO - Processing file /home/airflow/.local/lib/python3.8/site-packages/airflow/example_dags/example_setup_teardown.py for tasks to queue
[2025-04-09T07:20:25.432+0000] {logging_mixin.py:188} INFO - [2025-04-09T07:20:25.432+0000] {dagbag.py:538} INFO - Filling up the DagBag from /home/airflow/.local/lib/python3.8/site-packages/airflow/example_dags/example_setup_teardown.py
[2025-04-09T07:20:25.439+0000] {processor.py:840} INFO - DAG(s) 'example_setup_teardown' retrieved from /home/airflow/.local/lib/python3.8/site-packages/airflow/example_dags/example_setup_teardown.py
[2025-04-09T07:20:25.462+0000] {logging_mixin.py:188} INFO - [2025-04-09T07:20:25.462+0000] {dag.py:3036} INFO - Sync 1 DAGs
[2025-04-09T07:20:25.488+0000] {logging_mixin.py:188} INFO - [2025-04-09T07:20:25.487+0000] {dag.py:3823} INFO - Setting next_dagrun for example_setup_teardown to 2025-04-08 00:00:00+00:00, run_after=2025-04-09 00:00:00+00:00
[2025-04-09T07:20:25.543+0000] {processor.py:183} INFO - Processing /home/airflow/.local/lib/python3.8/site-packages/airflow/example_dags/example_setup_teardown.py took 0.120 seconds
[2025-04-09T07:20:57.807+0000] {processor.py:161} INFO - Started process (PID=1321) to work on /home/airflow/.local/lib/python3.8/site-packages/airflow/example_dags/example_setup_teardown.py
[2025-04-09T07:20:57.808+0000] {processor.py:830} INFO - Processing file /home/airflow/.local/lib/python3.8/site-packages/airflow/example_dags/example_setup_teardown.py for tasks to queue
[2025-04-09T07:20:57.809+0000] {logging_mixin.py:188} INFO - [2025-04-09T07:20:57.809+0000] {dagbag.py:538} INFO - Filling up the DagBag from /home/airflow/.local/lib/python3.8/site-packages/airflow/example_dags/example_setup_teardown.py
[2025-04-09T07:20:57.815+0000] {processor.py:840} INFO - DAG(s) 'example_setup_teardown' retrieved from /home/airflow/.local/lib/python3.8/site-packages/airflow/example_dags/example_setup_teardown.py
[2025-04-09T07:20:57.838+0000] {logging_mixin.py:188} INFO - [2025-04-09T07:20:57.838+0000] {dag.py:3036} INFO - Sync 1 DAGs
[2025-04-09T07:20:57.860+0000] {logging_mixin.py:188} INFO - [2025-04-09T07:20:57.860+0000] {dag.py:3823} INFO - Setting next_dagrun for example_setup_teardown to 2025-04-08 00:00:00+00:00, run_after=2025-04-09 00:00:00+00:00
[2025-04-09T07:20:57.918+0000] {processor.py:183} INFO - Processing /home/airflow/.local/lib/python3.8/site-packages/airflow/example_dags/example_setup_teardown.py took 0.115 seconds
[2025-04-09T07:21:28.830+0000] {processor.py:161} INFO - Started process (PID=1379) to work on /home/airflow/.local/lib/python3.8/site-packages/airflow/example_dags/example_setup_teardown.py
[2025-04-09T07:21:28.834+0000] {processor.py:830} INFO - Processing file /home/airflow/.local/lib/python3.8/site-packages/airflow/example_dags/example_setup_teardown.py for tasks to queue
[2025-04-09T07:21:28.836+0000] {logging_mixin.py:188} INFO - [2025-04-09T07:21:28.835+0000] {dagbag.py:538} INFO - Filling up the DagBag from /home/airflow/.local/lib/python3.8/site-packages/airflow/example_dags/example_setup_teardown.py
[2025-04-09T07:21:28.842+0000] {processor.py:840} INFO - DAG(s) 'example_setup_teardown' retrieved from /home/airflow/.local/lib/python3.8/site-packages/airflow/example_dags/example_setup_teardown.py
[2025-04-09T07:21:28.865+0000] {logging_mixin.py:188} INFO - [2025-04-09T07:21:28.864+0000] {dag.py:3036} INFO - Sync 1 DAGs
[2025-04-09T07:21:28.891+0000] {logging_mixin.py:188} INFO - [2025-04-09T07:21:28.891+0000] {dag.py:3823} INFO - Setting next_dagrun for example_setup_teardown to 2025-04-08 00:00:00+00:00, run_after=2025-04-09 00:00:00+00:00
[2025-04-09T07:21:28.944+0000] {processor.py:183} INFO - Processing /home/airflow/.local/lib/python3.8/site-packages/airflow/example_dags/example_setup_teardown.py took 0.120 seconds
[2025-04-09T07:21:59.332+0000] {processor.py:161} INFO - Started process (PID=1437) to work on /home/airflow/.local/lib/python3.8/site-packages/airflow/example_dags/example_setup_teardown.py
[2025-04-09T07:21:59.333+0000] {processor.py:830} INFO - Processing file /home/airflow/.local/lib/python3.8/site-packages/airflow/example_dags/example_setup_teardown.py for tasks to queue
[2025-04-09T07:21:59.335+0000] {logging_mixin.py:188} INFO - [2025-04-09T07:21:59.335+0000] {dagbag.py:538} INFO - Filling up the DagBag from /home/airflow/.local/lib/python3.8/site-packages/airflow/example_dags/example_setup_teardown.py
[2025-04-09T07:21:59.342+0000] {processor.py:840} INFO - DAG(s) 'example_setup_teardown' retrieved from /home/airflow/.local/lib/python3.8/site-packages/airflow/example_dags/example_setup_teardown.py
[2025-04-09T07:21:59.365+0000] {logging_mixin.py:188} INFO - [2025-04-09T07:21:59.364+0000] {dag.py:3036} INFO - Sync 1 DAGs
[2025-04-09T07:21:59.388+0000] {logging_mixin.py:188} INFO - [2025-04-09T07:21:59.388+0000] {dag.py:3823} INFO - Setting next_dagrun for example_setup_teardown to 2025-04-08 00:00:00+00:00, run_after=2025-04-09 00:00:00+00:00
[2025-04-09T07:21:59.495+0000] {processor.py:183} INFO - Processing /home/airflow/.local/lib/python3.8/site-packages/airflow/example_dags/example_setup_teardown.py took 0.166 seconds
[2025-04-09T07:22:29.600+0000] {processor.py:161} INFO - Started process (PID=1495) to work on /home/airflow/.local/lib/python3.8/site-packages/airflow/example_dags/example_setup_teardown.py
[2025-04-09T07:22:29.602+0000] {processor.py:830} INFO - Processing file /home/airflow/.local/lib/python3.8/site-packages/airflow/example_dags/example_setup_teardown.py for tasks to queue
[2025-04-09T07:22:29.605+0000] {logging_mixin.py:188} INFO - [2025-04-09T07:22:29.604+0000] {dagbag.py:538} INFO - Filling up the DagBag from /home/airflow/.local/lib/python3.8/site-packages/airflow/example_dags/example_setup_teardown.py
[2025-04-09T07:22:29.612+0000] {processor.py:840} INFO - DAG(s) 'example_setup_teardown' retrieved from /home/airflow/.local/lib/python3.8/site-packages/airflow/example_dags/example_setup_teardown.py
[2025-04-09T07:22:29.638+0000] {logging_mixin.py:188} INFO - [2025-04-09T07:22:29.637+0000] {dag.py:3036} INFO - Sync 1 DAGs
[2025-04-09T07:22:29.664+0000] {logging_mixin.py:188} INFO - [2025-04-09T07:22:29.664+0000] {dag.py:3823} INFO - Setting next_dagrun for example_setup_teardown to 2025-04-08 00:00:00+00:00, run_after=2025-04-09 00:00:00+00:00
[2025-04-09T07:22:29.711+0000] {processor.py:183} INFO - Processing /home/airflow/.local/lib/python3.8/site-packages/airflow/example_dags/example_setup_teardown.py took 0.115 seconds
[2025-04-09T07:23:00.171+0000] {processor.py:161} INFO - Started process (PID=1553) to work on /home/airflow/.local/lib/python3.8/site-packages/airflow/example_dags/example_setup_teardown.py
[2025-04-09T07:23:00.173+0000] {processor.py:830} INFO - Processing file /home/airflow/.local/lib/python3.8/site-packages/airflow/example_dags/example_setup_teardown.py for tasks to queue
[2025-04-09T07:23:00.175+0000] {logging_mixin.py:188} INFO - [2025-04-09T07:23:00.175+0000] {dagbag.py:538} INFO - Filling up the DagBag from /home/airflow/.local/lib/python3.8/site-packages/airflow/example_dags/example_setup_teardown.py
[2025-04-09T07:23:00.182+0000] {processor.py:840} INFO - DAG(s) 'example_setup_teardown' retrieved from /home/airflow/.local/lib/python3.8/site-packages/airflow/example_dags/example_setup_teardown.py
[2025-04-09T07:23:00.210+0000] {logging_mixin.py:188} INFO - [2025-04-09T07:23:00.209+0000] {dag.py:3036} INFO - Sync 1 DAGs
[2025-04-09T07:23:00.236+0000] {logging_mixin.py:188} INFO - [2025-04-09T07:23:00.235+0000] {dag.py:3823} INFO - Setting next_dagrun for example_setup_teardown to 2025-04-08 00:00:00+00:00, run_after=2025-04-09 00:00:00+00:00
[2025-04-09T07:23:00.293+0000] {processor.py:183} INFO - Processing /home/airflow/.local/lib/python3.8/site-packages/airflow/example_dags/example_setup_teardown.py took 0.125 seconds
[2025-04-09T07:23:30.926+0000] {processor.py:161} INFO - Started process (PID=1611) to work on /home/airflow/.local/lib/python3.8/site-packages/airflow/example_dags/example_setup_teardown.py
[2025-04-09T07:23:30.945+0000] {processor.py:830} INFO - Processing file /home/airflow/.local/lib/python3.8/site-packages/airflow/example_dags/example_setup_teardown.py for tasks to queue
[2025-04-09T07:23:30.947+0000] {logging_mixin.py:188} INFO - [2025-04-09T07:23:30.947+0000] {dagbag.py:538} INFO - Filling up the DagBag from /home/airflow/.local/lib/python3.8/site-packages/airflow/example_dags/example_setup_teardown.py
[2025-04-09T07:23:30.953+0000] {processor.py:840} INFO - DAG(s) 'example_setup_teardown' retrieved from /home/airflow/.local/lib/python3.8/site-packages/airflow/example_dags/example_setup_teardown.py
[2025-04-09T07:23:30.982+0000] {logging_mixin.py:188} INFO - [2025-04-09T07:23:30.981+0000] {dag.py:3036} INFO - Sync 1 DAGs
[2025-04-09T07:23:31.012+0000] {logging_mixin.py:188} INFO - [2025-04-09T07:23:31.012+0000] {dag.py:3823} INFO - Setting next_dagrun for example_setup_teardown to 2025-04-08 00:00:00+00:00, run_after=2025-04-09 00:00:00+00:00
[2025-04-09T07:23:31.085+0000] {processor.py:183} INFO - Processing /home/airflow/.local/lib/python3.8/site-packages/airflow/example_dags/example_setup_teardown.py took 0.162 seconds
[2025-04-09T07:24:01.643+0000] {processor.py:161} INFO - Started process (PID=1669) to work on /home/airflow/.local/lib/python3.8/site-packages/airflow/example_dags/example_setup_teardown.py
[2025-04-09T07:24:01.644+0000] {processor.py:830} INFO - Processing file /home/airflow/.local/lib/python3.8/site-packages/airflow/example_dags/example_setup_teardown.py for tasks to queue
[2025-04-09T07:24:01.645+0000] {logging_mixin.py:188} INFO - [2025-04-09T07:24:01.645+0000] {dagbag.py:538} INFO - Filling up the DagBag from /home/airflow/.local/lib/python3.8/site-packages/airflow/example_dags/example_setup_teardown.py
[2025-04-09T07:24:01.653+0000] {processor.py:840} INFO - DAG(s) 'example_setup_teardown' retrieved from /home/airflow/.local/lib/python3.8/site-packages/airflow/example_dags/example_setup_teardown.py
[2025-04-09T07:24:01.675+0000] {logging_mixin.py:188} INFO - [2025-04-09T07:24:01.675+0000] {dag.py:3036} INFO - Sync 1 DAGs
[2025-04-09T07:24:01.700+0000] {logging_mixin.py:188} INFO - [2025-04-09T07:24:01.700+0000] {dag.py:3823} INFO - Setting next_dagrun for example_setup_teardown to 2025-04-08 00:00:00+00:00, run_after=2025-04-09 00:00:00+00:00
[2025-04-09T07:24:01.747+0000] {processor.py:183} INFO - Processing /home/airflow/.local/lib/python3.8/site-packages/airflow/example_dags/example_setup_teardown.py took 0.107 seconds
[2025-04-09T07:24:33.279+0000] {processor.py:161} INFO - Started process (PID=1727) to work on /home/airflow/.local/lib/python3.8/site-packages/airflow/example_dags/example_setup_teardown.py
[2025-04-09T07:24:33.280+0000] {processor.py:830} INFO - Processing file /home/airflow/.local/lib/python3.8/site-packages/airflow/example_dags/example_setup_teardown.py for tasks to queue
[2025-04-09T07:24:33.283+0000] {logging_mixin.py:188} INFO - [2025-04-09T07:24:33.283+0000] {dagbag.py:538} INFO - Filling up the DagBag from /home/airflow/.local/lib/python3.8/site-packages/airflow/example_dags/example_setup_teardown.py
[2025-04-09T07:24:33.289+0000] {processor.py:840} INFO - DAG(s) 'example_setup_teardown' retrieved from /home/airflow/.local/lib/python3.8/site-packages/airflow/example_dags/example_setup_teardown.py
[2025-04-09T07:24:33.313+0000] {logging_mixin.py:188} INFO - [2025-04-09T07:24:33.312+0000] {dag.py:3036} INFO - Sync 1 DAGs
[2025-04-09T07:24:33.337+0000] {logging_mixin.py:188} INFO - [2025-04-09T07:24:33.337+0000] {dag.py:3823} INFO - Setting next_dagrun for example_setup_teardown to 2025-04-08 00:00:00+00:00, run_after=2025-04-09 00:00:00+00:00
[2025-04-09T07:24:33.389+0000] {processor.py:183} INFO - Processing /home/airflow/.local/lib/python3.8/site-packages/airflow/example_dags/example_setup_teardown.py took 0.115 seconds
[2025-04-09T07:25:03.521+0000] {processor.py:161} INFO - Started process (PID=1785) to work on /home/airflow/.local/lib/python3.8/site-packages/airflow/example_dags/example_setup_teardown.py
[2025-04-09T07:25:03.521+0000] {processor.py:830} INFO - Processing file /home/airflow/.local/lib/python3.8/site-packages/airflow/example_dags/example_setup_teardown.py for tasks to queue
[2025-04-09T07:25:03.523+0000] {logging_mixin.py:188} INFO - [2025-04-09T07:25:03.523+0000] {dagbag.py:538} INFO - Filling up the DagBag from /home/airflow/.local/lib/python3.8/site-packages/airflow/example_dags/example_setup_teardown.py
[2025-04-09T07:25:03.529+0000] {processor.py:840} INFO - DAG(s) 'example_setup_teardown' retrieved from /home/airflow/.local/lib/python3.8/site-packages/airflow/example_dags/example_setup_teardown.py
[2025-04-09T07:25:03.550+0000] {logging_mixin.py:188} INFO - [2025-04-09T07:25:03.549+0000] {dag.py:3036} INFO - Sync 1 DAGs
[2025-04-09T07:25:03.571+0000] {logging_mixin.py:188} INFO - [2025-04-09T07:25:03.571+0000] {dag.py:3823} INFO - Setting next_dagrun for example_setup_teardown to 2025-04-08 00:00:00+00:00, run_after=2025-04-09 00:00:00+00:00
[2025-04-09T07:25:03.620+0000] {processor.py:183} INFO - Processing /home/airflow/.local/lib/python3.8/site-packages/airflow/example_dags/example_setup_teardown.py took 0.102 seconds
[2025-04-09T07:25:33.870+0000] {processor.py:161} INFO - Started process (PID=1843) to work on /home/airflow/.local/lib/python3.8/site-packages/airflow/example_dags/example_setup_teardown.py
[2025-04-09T07:25:33.872+0000] {processor.py:830} INFO - Processing file /home/airflow/.local/lib/python3.8/site-packages/airflow/example_dags/example_setup_teardown.py for tasks to queue
[2025-04-09T07:25:33.874+0000] {logging_mixin.py:188} INFO - [2025-04-09T07:25:33.873+0000] {dagbag.py:538} INFO - Filling up the DagBag from /home/airflow/.local/lib/python3.8/site-packages/airflow/example_dags/example_setup_teardown.py
[2025-04-09T07:25:33.883+0000] {processor.py:840} INFO - DAG(s) 'example_setup_teardown' retrieved from /home/airflow/.local/lib/python3.8/site-packages/airflow/example_dags/example_setup_teardown.py
[2025-04-09T07:25:33.909+0000] {logging_mixin.py:188} INFO - [2025-04-09T07:25:33.909+0000] {dag.py:3036} INFO - Sync 1 DAGs
[2025-04-09T07:25:33.937+0000] {logging_mixin.py:188} INFO - [2025-04-09T07:25:33.936+0000] {dag.py:3823} INFO - Setting next_dagrun for example_setup_teardown to 2025-04-08 00:00:00+00:00, run_after=2025-04-09 00:00:00+00:00
[2025-04-09T07:25:33.998+0000] {processor.py:183} INFO - Processing /home/airflow/.local/lib/python3.8/site-packages/airflow/example_dags/example_setup_teardown.py took 0.132 seconds
