[2025-04-09T06:43:10.034+0000] {processor.py:161} INFO - Started process (PID=784) to work on /home/airflow/.local/lib/python3.8/site-packages/airflow/example_dags/example_sensor_decorator.py
[2025-04-09T06:43:10.035+0000] {processor.py:830} INFO - Processing file /home/airflow/.local/lib/python3.8/site-packages/airflow/example_dags/example_sensor_decorator.py for tasks to queue
[2025-04-09T06:43:10.037+0000] {logging_mixin.py:188} INFO - [2025-04-09T06:43:10.036+0000] {dagbag.py:538} INFO - Filling up the DagBag from /home/airflow/.local/lib/python3.8/site-packages/airflow/example_dags/example_sensor_decorator.py
[2025-04-09T06:43:10.043+0000] {processor.py:840} INFO - DAG(s) 'example_sensor_decorator' retrieved from /home/airflow/.local/lib/python3.8/site-packages/airflow/example_dags/example_sensor_decorator.py
[2025-04-09T06:43:10.149+0000] {logging_mixin.py:188} INFO - [2025-04-09T06:43:10.149+0000] {dag.py:3036} INFO - Sync 1 DAGs
[2025-04-09T06:43:10.160+0000] {logging_mixin.py:188} INFO - [2025-04-09T06:43:10.160+0000] {dag.py:3823} INFO - Setting next_dagrun for example_sensor_decorator to None, run_after=None
[2025-04-09T06:43:10.209+0000] {processor.py:183} INFO - Processing /home/airflow/.local/lib/python3.8/site-packages/airflow/example_dags/example_sensor_decorator.py took 0.178 seconds
[2025-04-09T06:45:25.859+0000] {processor.py:161} INFO - Started process (PID=82) to work on /home/airflow/.local/lib/python3.8/site-packages/airflow/example_dags/example_sensor_decorator.py
[2025-04-09T06:45:25.860+0000] {processor.py:830} INFO - Processing file /home/airflow/.local/lib/python3.8/site-packages/airflow/example_dags/example_sensor_decorator.py for tasks to queue
[2025-04-09T06:45:25.862+0000] {logging_mixin.py:188} INFO - [2025-04-09T06:45:25.862+0000] {dagbag.py:538} INFO - Filling up the DagBag from /home/airflow/.local/lib/python3.8/site-packages/airflow/example_dags/example_sensor_decorator.py
[2025-04-09T06:45:25.868+0000] {processor.py:840} INFO - DAG(s) 'example_sensor_decorator' retrieved from /home/airflow/.local/lib/python3.8/site-packages/airflow/example_dags/example_sensor_decorator.py
[2025-04-09T06:45:25.989+0000] {logging_mixin.py:188} INFO - [2025-04-09T06:45:25.989+0000] {dag.py:3036} INFO - Sync 1 DAGs
[2025-04-09T06:45:26.011+0000] {logging_mixin.py:188} INFO - [2025-04-09T06:45:26.010+0000] {dag.py:3823} INFO - Setting next_dagrun for example_sensor_decorator to None, run_after=None
[2025-04-09T06:45:26.081+0000] {processor.py:183} INFO - Processing /home/airflow/.local/lib/python3.8/site-packages/airflow/example_dags/example_sensor_decorator.py took 0.225 seconds
[2025-04-09T06:45:56.960+0000] {processor.py:161} INFO - Started process (PID=140) to work on /home/airflow/.local/lib/python3.8/site-packages/airflow/example_dags/example_sensor_decorator.py
[2025-04-09T06:45:56.961+0000] {processor.py:830} INFO - Processing file /home/airflow/.local/lib/python3.8/site-packages/airflow/example_dags/example_sensor_decorator.py for tasks to queue
[2025-04-09T06:45:56.963+0000] {logging_mixin.py:188} INFO - [2025-04-09T06:45:56.962+0000] {dagbag.py:538} INFO - Filling up the DagBag from /home/airflow/.local/lib/python3.8/site-packages/airflow/example_dags/example_sensor_decorator.py
[2025-04-09T06:45:56.970+0000] {processor.py:840} INFO - DAG(s) 'example_sensor_decorator' retrieved from /home/airflow/.local/lib/python3.8/site-packages/airflow/example_dags/example_sensor_decorator.py
[2025-04-09T06:45:57.004+0000] {logging_mixin.py:188} INFO - [2025-04-09T06:45:57.004+0000] {dag.py:3036} INFO - Sync 1 DAGs
[2025-04-09T06:45:57.073+0000] {logging_mixin.py:188} INFO - [2025-04-09T06:45:57.072+0000] {dag.py:3823} INFO - Setting next_dagrun for example_sensor_decorator to None, run_after=None
[2025-04-09T06:45:57.191+0000] {processor.py:183} INFO - Processing /home/airflow/.local/lib/python3.8/site-packages/airflow/example_dags/example_sensor_decorator.py took 0.235 seconds
[2025-04-09T06:46:27.697+0000] {processor.py:161} INFO - Started process (PID=198) to work on /home/airflow/.local/lib/python3.8/site-packages/airflow/example_dags/example_sensor_decorator.py
[2025-04-09T06:46:27.699+0000] {processor.py:830} INFO - Processing file /home/airflow/.local/lib/python3.8/site-packages/airflow/example_dags/example_sensor_decorator.py for tasks to queue
[2025-04-09T06:46:27.700+0000] {logging_mixin.py:188} INFO - [2025-04-09T06:46:27.700+0000] {dagbag.py:538} INFO - Filling up the DagBag from /home/airflow/.local/lib/python3.8/site-packages/airflow/example_dags/example_sensor_decorator.py
[2025-04-09T06:46:27.707+0000] {processor.py:840} INFO - DAG(s) 'example_sensor_decorator' retrieved from /home/airflow/.local/lib/python3.8/site-packages/airflow/example_dags/example_sensor_decorator.py
[2025-04-09T06:46:27.727+0000] {logging_mixin.py:188} INFO - [2025-04-09T06:46:27.727+0000] {dag.py:3036} INFO - Sync 1 DAGs
[2025-04-09T06:46:27.738+0000] {logging_mixin.py:188} INFO - [2025-04-09T06:46:27.738+0000] {dag.py:3823} INFO - Setting next_dagrun for example_sensor_decorator to None, run_after=None
[2025-04-09T06:46:27.828+0000] {processor.py:183} INFO - Processing /home/airflow/.local/lib/python3.8/site-packages/airflow/example_dags/example_sensor_decorator.py took 0.134 seconds
[2025-04-09T06:46:58.388+0000] {processor.py:161} INFO - Started process (PID=256) to work on /home/airflow/.local/lib/python3.8/site-packages/airflow/example_dags/example_sensor_decorator.py
[2025-04-09T06:46:58.389+0000] {processor.py:830} INFO - Processing file /home/airflow/.local/lib/python3.8/site-packages/airflow/example_dags/example_sensor_decorator.py for tasks to queue
[2025-04-09T06:46:58.391+0000] {logging_mixin.py:188} INFO - [2025-04-09T06:46:58.391+0000] {dagbag.py:538} INFO - Filling up the DagBag from /home/airflow/.local/lib/python3.8/site-packages/airflow/example_dags/example_sensor_decorator.py
[2025-04-09T06:46:58.399+0000] {processor.py:840} INFO - DAG(s) 'example_sensor_decorator' retrieved from /home/airflow/.local/lib/python3.8/site-packages/airflow/example_dags/example_sensor_decorator.py
[2025-04-09T06:46:58.422+0000] {logging_mixin.py:188} INFO - [2025-04-09T06:46:58.422+0000] {dag.py:3036} INFO - Sync 1 DAGs
[2025-04-09T06:46:58.435+0000] {logging_mixin.py:188} INFO - [2025-04-09T06:46:58.435+0000] {dag.py:3823} INFO - Setting next_dagrun for example_sensor_decorator to None, run_after=None
[2025-04-09T06:46:58.499+0000] {processor.py:183} INFO - Processing /home/airflow/.local/lib/python3.8/site-packages/airflow/example_dags/example_sensor_decorator.py took 0.114 seconds
[2025-04-09T06:47:32.916+0000] {processor.py:161} INFO - Started process (PID=314) to work on /home/airflow/.local/lib/python3.8/site-packages/airflow/example_dags/example_sensor_decorator.py
[2025-04-09T06:47:32.940+0000] {processor.py:830} INFO - Processing file /home/airflow/.local/lib/python3.8/site-packages/airflow/example_dags/example_sensor_decorator.py for tasks to queue
[2025-04-09T06:47:32.941+0000] {logging_mixin.py:188} INFO - [2025-04-09T06:47:32.941+0000] {dagbag.py:538} INFO - Filling up the DagBag from /home/airflow/.local/lib/python3.8/site-packages/airflow/example_dags/example_sensor_decorator.py
[2025-04-09T06:47:32.947+0000] {processor.py:840} INFO - DAG(s) 'example_sensor_decorator' retrieved from /home/airflow/.local/lib/python3.8/site-packages/airflow/example_dags/example_sensor_decorator.py
[2025-04-09T06:47:32.969+0000] {logging_mixin.py:188} INFO - [2025-04-09T06:47:32.969+0000] {dag.py:3036} INFO - Sync 1 DAGs
[2025-04-09T06:47:32.981+0000] {logging_mixin.py:188} INFO - [2025-04-09T06:47:32.981+0000] {dag.py:3823} INFO - Setting next_dagrun for example_sensor_decorator to None, run_after=None
[2025-04-09T06:47:33.032+0000] {processor.py:183} INFO - Processing /home/airflow/.local/lib/python3.8/site-packages/airflow/example_dags/example_sensor_decorator.py took 0.119 seconds
[2025-04-09T06:48:07.633+0000] {processor.py:161} INFO - Started process (PID=372) to work on /home/airflow/.local/lib/python3.8/site-packages/airflow/example_dags/example_sensor_decorator.py
[2025-04-09T06:48:07.635+0000] {processor.py:830} INFO - Processing file /home/airflow/.local/lib/python3.8/site-packages/airflow/example_dags/example_sensor_decorator.py for tasks to queue
[2025-04-09T06:48:07.636+0000] {logging_mixin.py:188} INFO - [2025-04-09T06:48:07.636+0000] {dagbag.py:538} INFO - Filling up the DagBag from /home/airflow/.local/lib/python3.8/site-packages/airflow/example_dags/example_sensor_decorator.py
[2025-04-09T06:48:07.643+0000] {processor.py:840} INFO - DAG(s) 'example_sensor_decorator' retrieved from /home/airflow/.local/lib/python3.8/site-packages/airflow/example_dags/example_sensor_decorator.py
[2025-04-09T06:48:07.664+0000] {logging_mixin.py:188} INFO - [2025-04-09T06:48:07.664+0000] {dag.py:3036} INFO - Sync 1 DAGs
[2025-04-09T06:48:07.683+0000] {logging_mixin.py:188} INFO - [2025-04-09T06:48:07.683+0000] {dag.py:3823} INFO - Setting next_dagrun for example_sensor_decorator to None, run_after=None
[2025-04-09T06:48:07.748+0000] {processor.py:183} INFO - Processing /home/airflow/.local/lib/python3.8/site-packages/airflow/example_dags/example_sensor_decorator.py took 0.118 seconds
[2025-04-09T06:48:38.089+0000] {processor.py:161} INFO - Started process (PID=430) to work on /home/airflow/.local/lib/python3.8/site-packages/airflow/example_dags/example_sensor_decorator.py
[2025-04-09T06:48:38.110+0000] {processor.py:830} INFO - Processing file /home/airflow/.local/lib/python3.8/site-packages/airflow/example_dags/example_sensor_decorator.py for tasks to queue
[2025-04-09T06:48:38.112+0000] {logging_mixin.py:188} INFO - [2025-04-09T06:48:38.112+0000] {dagbag.py:538} INFO - Filling up the DagBag from /home/airflow/.local/lib/python3.8/site-packages/airflow/example_dags/example_sensor_decorator.py
[2025-04-09T06:48:38.120+0000] {processor.py:840} INFO - DAG(s) 'example_sensor_decorator' retrieved from /home/airflow/.local/lib/python3.8/site-packages/airflow/example_dags/example_sensor_decorator.py
[2025-04-09T06:48:38.142+0000] {logging_mixin.py:188} INFO - [2025-04-09T06:48:38.141+0000] {dag.py:3036} INFO - Sync 1 DAGs
[2025-04-09T06:48:38.156+0000] {logging_mixin.py:188} INFO - [2025-04-09T06:48:38.155+0000] {dag.py:3823} INFO - Setting next_dagrun for example_sensor_decorator to None, run_after=None
[2025-04-09T06:48:38.209+0000] {processor.py:183} INFO - Processing /home/airflow/.local/lib/python3.8/site-packages/airflow/example_dags/example_sensor_decorator.py took 0.123 seconds
[2025-04-09T06:49:08.937+0000] {processor.py:161} INFO - Started process (PID=488) to work on /home/airflow/.local/lib/python3.8/site-packages/airflow/example_dags/example_sensor_decorator.py
[2025-04-09T06:49:08.939+0000] {processor.py:830} INFO - Processing file /home/airflow/.local/lib/python3.8/site-packages/airflow/example_dags/example_sensor_decorator.py for tasks to queue
[2025-04-09T06:49:08.940+0000] {logging_mixin.py:188} INFO - [2025-04-09T06:49:08.940+0000] {dagbag.py:538} INFO - Filling up the DagBag from /home/airflow/.local/lib/python3.8/site-packages/airflow/example_dags/example_sensor_decorator.py
[2025-04-09T06:49:08.945+0000] {processor.py:840} INFO - DAG(s) 'example_sensor_decorator' retrieved from /home/airflow/.local/lib/python3.8/site-packages/airflow/example_dags/example_sensor_decorator.py
[2025-04-09T06:49:08.967+0000] {logging_mixin.py:188} INFO - [2025-04-09T06:49:08.966+0000] {dag.py:3036} INFO - Sync 1 DAGs
[2025-04-09T06:49:08.978+0000] {logging_mixin.py:188} INFO - [2025-04-09T06:49:08.978+0000] {dag.py:3823} INFO - Setting next_dagrun for example_sensor_decorator to None, run_after=None
[2025-04-09T06:49:09.030+0000] {processor.py:183} INFO - Processing /home/airflow/.local/lib/python3.8/site-packages/airflow/example_dags/example_sensor_decorator.py took 0.097 seconds
[2025-04-09T06:49:39.343+0000] {processor.py:161} INFO - Started process (PID=546) to work on /home/airflow/.local/lib/python3.8/site-packages/airflow/example_dags/example_sensor_decorator.py
[2025-04-09T06:49:39.344+0000] {processor.py:830} INFO - Processing file /home/airflow/.local/lib/python3.8/site-packages/airflow/example_dags/example_sensor_decorator.py for tasks to queue
[2025-04-09T06:49:39.346+0000] {logging_mixin.py:188} INFO - [2025-04-09T06:49:39.345+0000] {dagbag.py:538} INFO - Filling up the DagBag from /home/airflow/.local/lib/python3.8/site-packages/airflow/example_dags/example_sensor_decorator.py
[2025-04-09T06:49:39.351+0000] {processor.py:840} INFO - DAG(s) 'example_sensor_decorator' retrieved from /home/airflow/.local/lib/python3.8/site-packages/airflow/example_dags/example_sensor_decorator.py
[2025-04-09T06:49:39.371+0000] {logging_mixin.py:188} INFO - [2025-04-09T06:49:39.371+0000] {dag.py:3036} INFO - Sync 1 DAGs
[2025-04-09T06:49:39.384+0000] {logging_mixin.py:188} INFO - [2025-04-09T06:49:39.384+0000] {dag.py:3823} INFO - Setting next_dagrun for example_sensor_decorator to None, run_after=None
[2025-04-09T06:49:39.523+0000] {processor.py:183} INFO - Processing /home/airflow/.local/lib/python3.8/site-packages/airflow/example_dags/example_sensor_decorator.py took 0.184 seconds
[2025-04-09T06:50:09.818+0000] {processor.py:161} INFO - Started process (PID=604) to work on /home/airflow/.local/lib/python3.8/site-packages/airflow/example_dags/example_sensor_decorator.py
[2025-04-09T06:50:09.846+0000] {processor.py:830} INFO - Processing file /home/airflow/.local/lib/python3.8/site-packages/airflow/example_dags/example_sensor_decorator.py for tasks to queue
[2025-04-09T06:50:09.848+0000] {logging_mixin.py:188} INFO - [2025-04-09T06:50:09.848+0000] {dagbag.py:538} INFO - Filling up the DagBag from /home/airflow/.local/lib/python3.8/site-packages/airflow/example_dags/example_sensor_decorator.py
[2025-04-09T06:50:09.853+0000] {processor.py:840} INFO - DAG(s) 'example_sensor_decorator' retrieved from /home/airflow/.local/lib/python3.8/site-packages/airflow/example_dags/example_sensor_decorator.py
[2025-04-09T06:50:09.875+0000] {logging_mixin.py:188} INFO - [2025-04-09T06:50:09.875+0000] {dag.py:3036} INFO - Sync 1 DAGs
[2025-04-09T06:50:09.889+0000] {logging_mixin.py:188} INFO - [2025-04-09T06:50:09.888+0000] {dag.py:3823} INFO - Setting next_dagrun for example_sensor_decorator to None, run_after=None
[2025-04-09T06:50:09.935+0000] {processor.py:183} INFO - Processing /home/airflow/.local/lib/python3.8/site-packages/airflow/example_dags/example_sensor_decorator.py took 0.119 seconds
[2025-04-09T06:50:40.000+0000] {processor.py:161} INFO - Started process (PID=662) to work on /home/airflow/.local/lib/python3.8/site-packages/airflow/example_dags/example_sensor_decorator.py
[2025-04-09T06:50:40.001+0000] {processor.py:830} INFO - Processing file /home/airflow/.local/lib/python3.8/site-packages/airflow/example_dags/example_sensor_decorator.py for tasks to queue
[2025-04-09T06:50:40.003+0000] {logging_mixin.py:188} INFO - [2025-04-09T06:50:40.002+0000] {dagbag.py:538} INFO - Filling up the DagBag from /home/airflow/.local/lib/python3.8/site-packages/airflow/example_dags/example_sensor_decorator.py
[2025-04-09T06:50:40.008+0000] {processor.py:840} INFO - DAG(s) 'example_sensor_decorator' retrieved from /home/airflow/.local/lib/python3.8/site-packages/airflow/example_dags/example_sensor_decorator.py
[2025-04-09T06:50:40.028+0000] {logging_mixin.py:188} INFO - [2025-04-09T06:50:40.027+0000] {dag.py:3036} INFO - Sync 1 DAGs
[2025-04-09T06:50:40.039+0000] {logging_mixin.py:188} INFO - [2025-04-09T06:50:40.039+0000] {dag.py:3823} INFO - Setting next_dagrun for example_sensor_decorator to None, run_after=None
[2025-04-09T06:50:40.096+0000] {processor.py:183} INFO - Processing /home/airflow/.local/lib/python3.8/site-packages/airflow/example_dags/example_sensor_decorator.py took 0.099 seconds
[2025-04-09T06:51:10.806+0000] {processor.py:161} INFO - Started process (PID=721) to work on /home/airflow/.local/lib/python3.8/site-packages/airflow/example_dags/example_sensor_decorator.py
[2025-04-09T06:51:10.807+0000] {processor.py:830} INFO - Processing file /home/airflow/.local/lib/python3.8/site-packages/airflow/example_dags/example_sensor_decorator.py for tasks to queue
[2025-04-09T06:51:10.808+0000] {logging_mixin.py:188} INFO - [2025-04-09T06:51:10.808+0000] {dagbag.py:538} INFO - Filling up the DagBag from /home/airflow/.local/lib/python3.8/site-packages/airflow/example_dags/example_sensor_decorator.py
[2025-04-09T06:51:10.813+0000] {processor.py:840} INFO - DAG(s) 'example_sensor_decorator' retrieved from /home/airflow/.local/lib/python3.8/site-packages/airflow/example_dags/example_sensor_decorator.py
[2025-04-09T06:51:10.833+0000] {logging_mixin.py:188} INFO - [2025-04-09T06:51:10.833+0000] {dag.py:3036} INFO - Sync 1 DAGs
[2025-04-09T06:51:10.845+0000] {logging_mixin.py:188} INFO - [2025-04-09T06:51:10.844+0000] {dag.py:3823} INFO - Setting next_dagrun for example_sensor_decorator to None, run_after=None
[2025-04-09T06:51:10.905+0000] {processor.py:183} INFO - Processing /home/airflow/.local/lib/python3.8/site-packages/airflow/example_dags/example_sensor_decorator.py took 0.102 seconds
[2025-04-09T06:51:43.386+0000] {processor.py:161} INFO - Started process (PID=780) to work on /home/airflow/.local/lib/python3.8/site-packages/airflow/example_dags/example_sensor_decorator.py
[2025-04-09T06:51:43.415+0000] {processor.py:830} INFO - Processing file /home/airflow/.local/lib/python3.8/site-packages/airflow/example_dags/example_sensor_decorator.py for tasks to queue
[2025-04-09T06:51:43.417+0000] {logging_mixin.py:188} INFO - [2025-04-09T06:51:43.417+0000] {dagbag.py:538} INFO - Filling up the DagBag from /home/airflow/.local/lib/python3.8/site-packages/airflow/example_dags/example_sensor_decorator.py
[2025-04-09T06:51:43.423+0000] {processor.py:840} INFO - DAG(s) 'example_sensor_decorator' retrieved from /home/airflow/.local/lib/python3.8/site-packages/airflow/example_dags/example_sensor_decorator.py
[2025-04-09T06:51:43.448+0000] {logging_mixin.py:188} INFO - [2025-04-09T06:51:43.447+0000] {dag.py:3036} INFO - Sync 1 DAGs
[2025-04-09T06:51:43.463+0000] {logging_mixin.py:188} INFO - [2025-04-09T06:51:43.463+0000] {dag.py:3823} INFO - Setting next_dagrun for example_sensor_decorator to None, run_after=None
[2025-04-09T06:51:43.517+0000] {processor.py:183} INFO - Processing /home/airflow/.local/lib/python3.8/site-packages/airflow/example_dags/example_sensor_decorator.py took 0.134 seconds
[2025-04-09T06:52:33.498+0000] {processor.py:161} INFO - Started process (PID=90) to work on /home/airflow/.local/lib/python3.8/site-packages/airflow/example_dags/example_sensor_decorator.py
[2025-04-09T06:52:33.501+0000] {processor.py:830} INFO - Processing file /home/airflow/.local/lib/python3.8/site-packages/airflow/example_dags/example_sensor_decorator.py for tasks to queue
[2025-04-09T06:52:33.503+0000] {logging_mixin.py:188} INFO - [2025-04-09T06:52:33.503+0000] {dagbag.py:538} INFO - Filling up the DagBag from /home/airflow/.local/lib/python3.8/site-packages/airflow/example_dags/example_sensor_decorator.py
[2025-04-09T06:52:33.513+0000] {processor.py:840} INFO - DAG(s) 'example_sensor_decorator' retrieved from /home/airflow/.local/lib/python3.8/site-packages/airflow/example_dags/example_sensor_decorator.py
[2025-04-09T06:52:33.531+0000] {logging_mixin.py:188} INFO - [2025-04-09T06:52:33.531+0000] {dag.py:3036} INFO - Sync 1 DAGs
[2025-04-09T06:52:33.550+0000] {logging_mixin.py:188} INFO - [2025-04-09T06:52:33.550+0000] {dag.py:3823} INFO - Setting next_dagrun for example_sensor_decorator to None, run_after=None
[2025-04-09T06:52:33.628+0000] {processor.py:183} INFO - Processing /home/airflow/.local/lib/python3.8/site-packages/airflow/example_dags/example_sensor_decorator.py took 0.134 seconds
[2025-04-09T06:53:06.085+0000] {processor.py:161} INFO - Started process (PID=148) to work on /home/airflow/.local/lib/python3.8/site-packages/airflow/example_dags/example_sensor_decorator.py
[2025-04-09T06:53:06.112+0000] {processor.py:830} INFO - Processing file /home/airflow/.local/lib/python3.8/site-packages/airflow/example_dags/example_sensor_decorator.py for tasks to queue
[2025-04-09T06:53:06.114+0000] {logging_mixin.py:188} INFO - [2025-04-09T06:53:06.113+0000] {dagbag.py:538} INFO - Filling up the DagBag from /home/airflow/.local/lib/python3.8/site-packages/airflow/example_dags/example_sensor_decorator.py
[2025-04-09T06:53:06.120+0000] {processor.py:840} INFO - DAG(s) 'example_sensor_decorator' retrieved from /home/airflow/.local/lib/python3.8/site-packages/airflow/example_dags/example_sensor_decorator.py
[2025-04-09T06:53:06.232+0000] {logging_mixin.py:188} INFO - [2025-04-09T06:53:06.232+0000] {dag.py:3036} INFO - Sync 1 DAGs
[2025-04-09T06:53:06.242+0000] {logging_mixin.py:188} INFO - [2025-04-09T06:53:06.242+0000] {dag.py:3823} INFO - Setting next_dagrun for example_sensor_decorator to None, run_after=None
[2025-04-09T06:53:06.295+0000] {processor.py:183} INFO - Processing /home/airflow/.local/lib/python3.8/site-packages/airflow/example_dags/example_sensor_decorator.py took 0.214 seconds
[2025-04-09T06:53:36.934+0000] {processor.py:161} INFO - Started process (PID=206) to work on /home/airflow/.local/lib/python3.8/site-packages/airflow/example_dags/example_sensor_decorator.py
[2025-04-09T06:53:36.935+0000] {processor.py:830} INFO - Processing file /home/airflow/.local/lib/python3.8/site-packages/airflow/example_dags/example_sensor_decorator.py for tasks to queue
[2025-04-09T06:53:36.936+0000] {logging_mixin.py:188} INFO - [2025-04-09T06:53:36.936+0000] {dagbag.py:538} INFO - Filling up the DagBag from /home/airflow/.local/lib/python3.8/site-packages/airflow/example_dags/example_sensor_decorator.py
[2025-04-09T06:53:36.943+0000] {processor.py:840} INFO - DAG(s) 'example_sensor_decorator' retrieved from /home/airflow/.local/lib/python3.8/site-packages/airflow/example_dags/example_sensor_decorator.py
[2025-04-09T06:53:36.965+0000] {logging_mixin.py:188} INFO - [2025-04-09T06:53:36.965+0000] {dag.py:3036} INFO - Sync 1 DAGs
[2025-04-09T06:53:36.977+0000] {logging_mixin.py:188} INFO - [2025-04-09T06:53:36.977+0000] {dag.py:3823} INFO - Setting next_dagrun for example_sensor_decorator to None, run_after=None
[2025-04-09T06:53:37.029+0000] {processor.py:183} INFO - Processing /home/airflow/.local/lib/python3.8/site-packages/airflow/example_dags/example_sensor_decorator.py took 0.099 seconds
[2025-04-09T06:54:09.726+0000] {processor.py:161} INFO - Started process (PID=264) to work on /home/airflow/.local/lib/python3.8/site-packages/airflow/example_dags/example_sensor_decorator.py
[2025-04-09T06:54:09.733+0000] {processor.py:830} INFO - Processing file /home/airflow/.local/lib/python3.8/site-packages/airflow/example_dags/example_sensor_decorator.py for tasks to queue
[2025-04-09T06:54:09.735+0000] {logging_mixin.py:188} INFO - [2025-04-09T06:54:09.735+0000] {dagbag.py:538} INFO - Filling up the DagBag from /home/airflow/.local/lib/python3.8/site-packages/airflow/example_dags/example_sensor_decorator.py
[2025-04-09T06:54:09.742+0000] {processor.py:840} INFO - DAG(s) 'example_sensor_decorator' retrieved from /home/airflow/.local/lib/python3.8/site-packages/airflow/example_dags/example_sensor_decorator.py
[2025-04-09T06:54:09.776+0000] {logging_mixin.py:188} INFO - [2025-04-09T06:54:09.776+0000] {dag.py:3036} INFO - Sync 1 DAGs
[2025-04-09T06:54:09.793+0000] {logging_mixin.py:188} INFO - [2025-04-09T06:54:09.793+0000] {dag.py:3823} INFO - Setting next_dagrun for example_sensor_decorator to None, run_after=None
[2025-04-09T06:54:09.964+0000] {processor.py:183} INFO - Processing /home/airflow/.local/lib/python3.8/site-packages/airflow/example_dags/example_sensor_decorator.py took 0.242 seconds
[2025-04-09T06:54:43.398+0000] {processor.py:161} INFO - Started process (PID=322) to work on /home/airflow/.local/lib/python3.8/site-packages/airflow/example_dags/example_sensor_decorator.py
[2025-04-09T06:54:43.399+0000] {processor.py:830} INFO - Processing file /home/airflow/.local/lib/python3.8/site-packages/airflow/example_dags/example_sensor_decorator.py for tasks to queue
[2025-04-09T06:54:43.401+0000] {logging_mixin.py:188} INFO - [2025-04-09T06:54:43.400+0000] {dagbag.py:538} INFO - Filling up the DagBag from /home/airflow/.local/lib/python3.8/site-packages/airflow/example_dags/example_sensor_decorator.py
[2025-04-09T06:54:43.406+0000] {processor.py:840} INFO - DAG(s) 'example_sensor_decorator' retrieved from /home/airflow/.local/lib/python3.8/site-packages/airflow/example_dags/example_sensor_decorator.py
[2025-04-09T06:54:43.426+0000] {logging_mixin.py:188} INFO - [2025-04-09T06:54:43.426+0000] {dag.py:3036} INFO - Sync 1 DAGs
[2025-04-09T06:54:43.437+0000] {logging_mixin.py:188} INFO - [2025-04-09T06:54:43.437+0000] {dag.py:3823} INFO - Setting next_dagrun for example_sensor_decorator to None, run_after=None
[2025-04-09T06:54:43.496+0000] {processor.py:183} INFO - Processing /home/airflow/.local/lib/python3.8/site-packages/airflow/example_dags/example_sensor_decorator.py took 0.101 seconds
[2025-04-09T06:55:17.446+0000] {processor.py:161} INFO - Started process (PID=380) to work on /home/airflow/.local/lib/python3.8/site-packages/airflow/example_dags/example_sensor_decorator.py
[2025-04-09T06:55:17.448+0000] {processor.py:830} INFO - Processing file /home/airflow/.local/lib/python3.8/site-packages/airflow/example_dags/example_sensor_decorator.py for tasks to queue
[2025-04-09T06:55:17.450+0000] {logging_mixin.py:188} INFO - [2025-04-09T06:55:17.449+0000] {dagbag.py:538} INFO - Filling up the DagBag from /home/airflow/.local/lib/python3.8/site-packages/airflow/example_dags/example_sensor_decorator.py
[2025-04-09T06:55:17.455+0000] {processor.py:840} INFO - DAG(s) 'example_sensor_decorator' retrieved from /home/airflow/.local/lib/python3.8/site-packages/airflow/example_dags/example_sensor_decorator.py
[2025-04-09T06:55:17.477+0000] {logging_mixin.py:188} INFO - [2025-04-09T06:55:17.477+0000] {dag.py:3036} INFO - Sync 1 DAGs
[2025-04-09T06:55:17.491+0000] {logging_mixin.py:188} INFO - [2025-04-09T06:55:17.490+0000] {dag.py:3823} INFO - Setting next_dagrun for example_sensor_decorator to None, run_after=None
[2025-04-09T06:55:17.559+0000] {processor.py:183} INFO - Processing /home/airflow/.local/lib/python3.8/site-packages/airflow/example_dags/example_sensor_decorator.py took 0.116 seconds
[2025-04-09T06:55:48.094+0000] {processor.py:161} INFO - Started process (PID=438) to work on /home/airflow/.local/lib/python3.8/site-packages/airflow/example_dags/example_sensor_decorator.py
[2025-04-09T06:55:48.100+0000] {processor.py:830} INFO - Processing file /home/airflow/.local/lib/python3.8/site-packages/airflow/example_dags/example_sensor_decorator.py for tasks to queue
[2025-04-09T06:55:48.102+0000] {logging_mixin.py:188} INFO - [2025-04-09T06:55:48.102+0000] {dagbag.py:538} INFO - Filling up the DagBag from /home/airflow/.local/lib/python3.8/site-packages/airflow/example_dags/example_sensor_decorator.py
[2025-04-09T06:55:48.108+0000] {processor.py:840} INFO - DAG(s) 'example_sensor_decorator' retrieved from /home/airflow/.local/lib/python3.8/site-packages/airflow/example_dags/example_sensor_decorator.py
[2025-04-09T06:55:48.132+0000] {logging_mixin.py:188} INFO - [2025-04-09T06:55:48.132+0000] {dag.py:3036} INFO - Sync 1 DAGs
[2025-04-09T06:55:48.146+0000] {logging_mixin.py:188} INFO - [2025-04-09T06:55:48.145+0000] {dag.py:3823} INFO - Setting next_dagrun for example_sensor_decorator to None, run_after=None
[2025-04-09T06:55:48.201+0000] {processor.py:183} INFO - Processing /home/airflow/.local/lib/python3.8/site-packages/airflow/example_dags/example_sensor_decorator.py took 0.110 seconds
[2025-04-09T06:56:19.065+0000] {processor.py:161} INFO - Started process (PID=496) to work on /home/airflow/.local/lib/python3.8/site-packages/airflow/example_dags/example_sensor_decorator.py
[2025-04-09T06:56:19.095+0000] {processor.py:830} INFO - Processing file /home/airflow/.local/lib/python3.8/site-packages/airflow/example_dags/example_sensor_decorator.py for tasks to queue
[2025-04-09T06:56:19.097+0000] {logging_mixin.py:188} INFO - [2025-04-09T06:56:19.097+0000] {dagbag.py:538} INFO - Filling up the DagBag from /home/airflow/.local/lib/python3.8/site-packages/airflow/example_dags/example_sensor_decorator.py
[2025-04-09T06:56:19.103+0000] {processor.py:840} INFO - DAG(s) 'example_sensor_decorator' retrieved from /home/airflow/.local/lib/python3.8/site-packages/airflow/example_dags/example_sensor_decorator.py
[2025-04-09T06:56:19.126+0000] {logging_mixin.py:188} INFO - [2025-04-09T06:56:19.126+0000] {dag.py:3036} INFO - Sync 1 DAGs
[2025-04-09T06:56:19.142+0000] {logging_mixin.py:188} INFO - [2025-04-09T06:56:19.142+0000] {dag.py:3823} INFO - Setting next_dagrun for example_sensor_decorator to None, run_after=None
[2025-04-09T06:56:19.197+0000] {processor.py:183} INFO - Processing /home/airflow/.local/lib/python3.8/site-packages/airflow/example_dags/example_sensor_decorator.py took 0.135 seconds
[2025-04-09T06:56:50.175+0000] {processor.py:161} INFO - Started process (PID=554) to work on /home/airflow/.local/lib/python3.8/site-packages/airflow/example_dags/example_sensor_decorator.py
[2025-04-09T06:56:50.193+0000] {processor.py:830} INFO - Processing file /home/airflow/.local/lib/python3.8/site-packages/airflow/example_dags/example_sensor_decorator.py for tasks to queue
[2025-04-09T06:56:50.195+0000] {logging_mixin.py:188} INFO - [2025-04-09T06:56:50.195+0000] {dagbag.py:538} INFO - Filling up the DagBag from /home/airflow/.local/lib/python3.8/site-packages/airflow/example_dags/example_sensor_decorator.py
[2025-04-09T06:56:50.202+0000] {processor.py:840} INFO - DAG(s) 'example_sensor_decorator' retrieved from /home/airflow/.local/lib/python3.8/site-packages/airflow/example_dags/example_sensor_decorator.py
[2025-04-09T06:56:50.234+0000] {logging_mixin.py:188} INFO - [2025-04-09T06:56:50.234+0000] {dag.py:3036} INFO - Sync 1 DAGs
[2025-04-09T06:56:50.255+0000] {logging_mixin.py:188} INFO - [2025-04-09T06:56:50.255+0000] {dag.py:3823} INFO - Setting next_dagrun for example_sensor_decorator to None, run_after=None
[2025-04-09T06:56:50.389+0000] {processor.py:183} INFO - Processing /home/airflow/.local/lib/python3.8/site-packages/airflow/example_dags/example_sensor_decorator.py took 0.219 seconds
[2025-04-09T06:57:25.188+0000] {processor.py:161} INFO - Started process (PID=82) to work on /home/airflow/.local/lib/python3.8/site-packages/airflow/example_dags/example_sensor_decorator.py
[2025-04-09T06:57:25.221+0000] {processor.py:830} INFO - Processing file /home/airflow/.local/lib/python3.8/site-packages/airflow/example_dags/example_sensor_decorator.py for tasks to queue
[2025-04-09T06:57:25.224+0000] {logging_mixin.py:188} INFO - [2025-04-09T06:57:25.223+0000] {dagbag.py:538} INFO - Filling up the DagBag from /home/airflow/.local/lib/python3.8/site-packages/airflow/example_dags/example_sensor_decorator.py
[2025-04-09T06:57:25.229+0000] {processor.py:840} INFO - DAG(s) 'example_sensor_decorator' retrieved from /home/airflow/.local/lib/python3.8/site-packages/airflow/example_dags/example_sensor_decorator.py
[2025-04-09T06:57:25.251+0000] {logging_mixin.py:188} INFO - [2025-04-09T06:57:25.251+0000] {dag.py:3036} INFO - Sync 1 DAGs
[2025-04-09T06:57:25.265+0000] {logging_mixin.py:188} INFO - [2025-04-09T06:57:25.265+0000] {dag.py:3823} INFO - Setting next_dagrun for example_sensor_decorator to None, run_after=None
[2025-04-09T06:57:25.313+0000] {processor.py:183} INFO - Processing /home/airflow/.local/lib/python3.8/site-packages/airflow/example_dags/example_sensor_decorator.py took 0.128 seconds
[2025-04-09T06:57:55.438+0000] {processor.py:161} INFO - Started process (PID=134) to work on /home/airflow/.local/lib/python3.8/site-packages/airflow/example_dags/example_sensor_decorator.py
[2025-04-09T06:57:55.455+0000] {processor.py:830} INFO - Processing file /home/airflow/.local/lib/python3.8/site-packages/airflow/example_dags/example_sensor_decorator.py for tasks to queue
[2025-04-09T06:57:55.458+0000] {logging_mixin.py:188} INFO - [2025-04-09T06:57:55.457+0000] {dagbag.py:538} INFO - Filling up the DagBag from /home/airflow/.local/lib/python3.8/site-packages/airflow/example_dags/example_sensor_decorator.py
[2025-04-09T06:57:55.472+0000] {processor.py:840} INFO - DAG(s) 'example_sensor_decorator' retrieved from /home/airflow/.local/lib/python3.8/site-packages/airflow/example_dags/example_sensor_decorator.py
[2025-04-09T06:57:55.508+0000] {logging_mixin.py:188} INFO - [2025-04-09T06:57:55.508+0000] {dag.py:3036} INFO - Sync 1 DAGs
[2025-04-09T06:57:55.521+0000] {logging_mixin.py:188} INFO - [2025-04-09T06:57:55.520+0000] {dag.py:3823} INFO - Setting next_dagrun for example_sensor_decorator to None, run_after=None
[2025-04-09T06:57:55.587+0000] {processor.py:183} INFO - Processing /home/airflow/.local/lib/python3.8/site-packages/airflow/example_dags/example_sensor_decorator.py took 0.152 seconds
[2025-04-09T06:58:25.697+0000] {processor.py:161} INFO - Started process (PID=192) to work on /home/airflow/.local/lib/python3.8/site-packages/airflow/example_dags/example_sensor_decorator.py
[2025-04-09T06:58:25.698+0000] {processor.py:830} INFO - Processing file /home/airflow/.local/lib/python3.8/site-packages/airflow/example_dags/example_sensor_decorator.py for tasks to queue
[2025-04-09T06:58:25.700+0000] {logging_mixin.py:188} INFO - [2025-04-09T06:58:25.699+0000] {dagbag.py:538} INFO - Filling up the DagBag from /home/airflow/.local/lib/python3.8/site-packages/airflow/example_dags/example_sensor_decorator.py
[2025-04-09T06:58:25.706+0000] {processor.py:840} INFO - DAG(s) 'example_sensor_decorator' retrieved from /home/airflow/.local/lib/python3.8/site-packages/airflow/example_dags/example_sensor_decorator.py
[2025-04-09T06:58:25.725+0000] {logging_mixin.py:188} INFO - [2025-04-09T06:58:25.724+0000] {dag.py:3036} INFO - Sync 1 DAGs
[2025-04-09T06:58:25.736+0000] {logging_mixin.py:188} INFO - [2025-04-09T06:58:25.736+0000] {dag.py:3823} INFO - Setting next_dagrun for example_sensor_decorator to None, run_after=None
[2025-04-09T06:58:25.793+0000] {processor.py:183} INFO - Processing /home/airflow/.local/lib/python3.8/site-packages/airflow/example_dags/example_sensor_decorator.py took 0.099 seconds
[2025-04-09T06:58:55.906+0000] {processor.py:161} INFO - Started process (PID=259) to work on /home/airflow/.local/lib/python3.8/site-packages/airflow/example_dags/example_sensor_decorator.py
[2025-04-09T06:58:55.908+0000] {processor.py:830} INFO - Processing file /home/airflow/.local/lib/python3.8/site-packages/airflow/example_dags/example_sensor_decorator.py for tasks to queue
[2025-04-09T06:58:55.910+0000] {logging_mixin.py:188} INFO - [2025-04-09T06:58:55.909+0000] {dagbag.py:538} INFO - Filling up the DagBag from /home/airflow/.local/lib/python3.8/site-packages/airflow/example_dags/example_sensor_decorator.py
[2025-04-09T06:58:55.916+0000] {processor.py:840} INFO - DAG(s) 'example_sensor_decorator' retrieved from /home/airflow/.local/lib/python3.8/site-packages/airflow/example_dags/example_sensor_decorator.py
[2025-04-09T06:58:55.938+0000] {logging_mixin.py:188} INFO - [2025-04-09T06:58:55.938+0000] {dag.py:3036} INFO - Sync 1 DAGs
[2025-04-09T06:58:55.950+0000] {logging_mixin.py:188} INFO - [2025-04-09T06:58:55.950+0000] {dag.py:3823} INFO - Setting next_dagrun for example_sensor_decorator to None, run_after=None
[2025-04-09T06:58:56.006+0000] {processor.py:183} INFO - Processing /home/airflow/.local/lib/python3.8/site-packages/airflow/example_dags/example_sensor_decorator.py took 0.102 seconds
[2025-04-09T06:59:29.428+0000] {processor.py:161} INFO - Started process (PID=317) to work on /home/airflow/.local/lib/python3.8/site-packages/airflow/example_dags/example_sensor_decorator.py
[2025-04-09T06:59:29.430+0000] {processor.py:830} INFO - Processing file /home/airflow/.local/lib/python3.8/site-packages/airflow/example_dags/example_sensor_decorator.py for tasks to queue
[2025-04-09T06:59:29.431+0000] {logging_mixin.py:188} INFO - [2025-04-09T06:59:29.431+0000] {dagbag.py:538} INFO - Filling up the DagBag from /home/airflow/.local/lib/python3.8/site-packages/airflow/example_dags/example_sensor_decorator.py
[2025-04-09T06:59:29.437+0000] {processor.py:840} INFO - DAG(s) 'example_sensor_decorator' retrieved from /home/airflow/.local/lib/python3.8/site-packages/airflow/example_dags/example_sensor_decorator.py
[2025-04-09T06:59:29.457+0000] {logging_mixin.py:188} INFO - [2025-04-09T06:59:29.457+0000] {dag.py:3036} INFO - Sync 1 DAGs
[2025-04-09T06:59:29.469+0000] {logging_mixin.py:188} INFO - [2025-04-09T06:59:29.469+0000] {dag.py:3823} INFO - Setting next_dagrun for example_sensor_decorator to None, run_after=None
[2025-04-09T06:59:29.531+0000] {processor.py:183} INFO - Processing /home/airflow/.local/lib/python3.8/site-packages/airflow/example_dags/example_sensor_decorator.py took 0.109 seconds
[2025-04-09T07:00:03.759+0000] {processor.py:161} INFO - Started process (PID=375) to work on /home/airflow/.local/lib/python3.8/site-packages/airflow/example_dags/example_sensor_decorator.py
[2025-04-09T07:00:03.760+0000] {processor.py:830} INFO - Processing file /home/airflow/.local/lib/python3.8/site-packages/airflow/example_dags/example_sensor_decorator.py for tasks to queue
[2025-04-09T07:00:03.762+0000] {logging_mixin.py:188} INFO - [2025-04-09T07:00:03.761+0000] {dagbag.py:538} INFO - Filling up the DagBag from /home/airflow/.local/lib/python3.8/site-packages/airflow/example_dags/example_sensor_decorator.py
[2025-04-09T07:00:03.768+0000] {processor.py:840} INFO - DAG(s) 'example_sensor_decorator' retrieved from /home/airflow/.local/lib/python3.8/site-packages/airflow/example_dags/example_sensor_decorator.py
[2025-04-09T07:00:03.788+0000] {logging_mixin.py:188} INFO - [2025-04-09T07:00:03.788+0000] {dag.py:3036} INFO - Sync 1 DAGs
[2025-04-09T07:00:03.802+0000] {logging_mixin.py:188} INFO - [2025-04-09T07:00:03.801+0000] {dag.py:3823} INFO - Setting next_dagrun for example_sensor_decorator to None, run_after=None
[2025-04-09T07:00:03.859+0000] {processor.py:183} INFO - Processing /home/airflow/.local/lib/python3.8/site-packages/airflow/example_dags/example_sensor_decorator.py took 0.103 seconds
[2025-04-09T07:00:34.644+0000] {processor.py:161} INFO - Started process (PID=433) to work on /home/airflow/.local/lib/python3.8/site-packages/airflow/example_dags/example_sensor_decorator.py
[2025-04-09T07:00:34.647+0000] {processor.py:830} INFO - Processing file /home/airflow/.local/lib/python3.8/site-packages/airflow/example_dags/example_sensor_decorator.py for tasks to queue
[2025-04-09T07:00:34.648+0000] {logging_mixin.py:188} INFO - [2025-04-09T07:00:34.648+0000] {dagbag.py:538} INFO - Filling up the DagBag from /home/airflow/.local/lib/python3.8/site-packages/airflow/example_dags/example_sensor_decorator.py
[2025-04-09T07:00:34.654+0000] {processor.py:840} INFO - DAG(s) 'example_sensor_decorator' retrieved from /home/airflow/.local/lib/python3.8/site-packages/airflow/example_dags/example_sensor_decorator.py
[2025-04-09T07:00:34.673+0000] {logging_mixin.py:188} INFO - [2025-04-09T07:00:34.672+0000] {dag.py:3036} INFO - Sync 1 DAGs
[2025-04-09T07:00:34.685+0000] {logging_mixin.py:188} INFO - [2025-04-09T07:00:34.684+0000] {dag.py:3823} INFO - Setting next_dagrun for example_sensor_decorator to None, run_after=None
[2025-04-09T07:00:34.734+0000] {processor.py:183} INFO - Processing /home/airflow/.local/lib/python3.8/site-packages/airflow/example_dags/example_sensor_decorator.py took 0.092 seconds
[2025-04-09T07:01:05.173+0000] {processor.py:161} INFO - Started process (PID=491) to work on /home/airflow/.local/lib/python3.8/site-packages/airflow/example_dags/example_sensor_decorator.py
[2025-04-09T07:01:05.174+0000] {processor.py:830} INFO - Processing file /home/airflow/.local/lib/python3.8/site-packages/airflow/example_dags/example_sensor_decorator.py for tasks to queue
[2025-04-09T07:01:05.177+0000] {logging_mixin.py:188} INFO - [2025-04-09T07:01:05.176+0000] {dagbag.py:538} INFO - Filling up the DagBag from /home/airflow/.local/lib/python3.8/site-packages/airflow/example_dags/example_sensor_decorator.py
[2025-04-09T07:01:05.185+0000] {processor.py:840} INFO - DAG(s) 'example_sensor_decorator' retrieved from /home/airflow/.local/lib/python3.8/site-packages/airflow/example_dags/example_sensor_decorator.py
[2025-04-09T07:01:05.210+0000] {logging_mixin.py:188} INFO - [2025-04-09T07:01:05.209+0000] {dag.py:3036} INFO - Sync 1 DAGs
[2025-04-09T07:01:05.224+0000] {logging_mixin.py:188} INFO - [2025-04-09T07:01:05.223+0000] {dag.py:3823} INFO - Setting next_dagrun for example_sensor_decorator to None, run_after=None
[2025-04-09T07:01:05.278+0000] {processor.py:183} INFO - Processing /home/airflow/.local/lib/python3.8/site-packages/airflow/example_dags/example_sensor_decorator.py took 0.108 seconds
[2025-04-09T07:01:35.622+0000] {processor.py:161} INFO - Started process (PID=550) to work on /home/airflow/.local/lib/python3.8/site-packages/airflow/example_dags/example_sensor_decorator.py
[2025-04-09T07:01:35.623+0000] {processor.py:830} INFO - Processing file /home/airflow/.local/lib/python3.8/site-packages/airflow/example_dags/example_sensor_decorator.py for tasks to queue
[2025-04-09T07:01:35.625+0000] {logging_mixin.py:188} INFO - [2025-04-09T07:01:35.625+0000] {dagbag.py:538} INFO - Filling up the DagBag from /home/airflow/.local/lib/python3.8/site-packages/airflow/example_dags/example_sensor_decorator.py
[2025-04-09T07:01:35.631+0000] {processor.py:840} INFO - DAG(s) 'example_sensor_decorator' retrieved from /home/airflow/.local/lib/python3.8/site-packages/airflow/example_dags/example_sensor_decorator.py
[2025-04-09T07:01:35.651+0000] {logging_mixin.py:188} INFO - [2025-04-09T07:01:35.651+0000] {dag.py:3036} INFO - Sync 1 DAGs
[2025-04-09T07:01:35.664+0000] {logging_mixin.py:188} INFO - [2025-04-09T07:01:35.663+0000] {dag.py:3823} INFO - Setting next_dagrun for example_sensor_decorator to None, run_after=None
[2025-04-09T07:01:35.711+0000] {processor.py:183} INFO - Processing /home/airflow/.local/lib/python3.8/site-packages/airflow/example_dags/example_sensor_decorator.py took 0.092 seconds
[2025-04-09T07:02:05.972+0000] {processor.py:161} INFO - Started process (PID=608) to work on /home/airflow/.local/lib/python3.8/site-packages/airflow/example_dags/example_sensor_decorator.py
[2025-04-09T07:02:05.994+0000] {processor.py:830} INFO - Processing file /home/airflow/.local/lib/python3.8/site-packages/airflow/example_dags/example_sensor_decorator.py for tasks to queue
[2025-04-09T07:02:05.996+0000] {logging_mixin.py:188} INFO - [2025-04-09T07:02:05.996+0000] {dagbag.py:538} INFO - Filling up the DagBag from /home/airflow/.local/lib/python3.8/site-packages/airflow/example_dags/example_sensor_decorator.py
[2025-04-09T07:02:06.002+0000] {processor.py:840} INFO - DAG(s) 'example_sensor_decorator' retrieved from /home/airflow/.local/lib/python3.8/site-packages/airflow/example_dags/example_sensor_decorator.py
[2025-04-09T07:02:06.025+0000] {logging_mixin.py:188} INFO - [2025-04-09T07:02:06.025+0000] {dag.py:3036} INFO - Sync 1 DAGs
[2025-04-09T07:02:06.040+0000] {logging_mixin.py:188} INFO - [2025-04-09T07:02:06.039+0000] {dag.py:3823} INFO - Setting next_dagrun for example_sensor_decorator to None, run_after=None
[2025-04-09T07:02:06.100+0000] {processor.py:183} INFO - Processing /home/airflow/.local/lib/python3.8/site-packages/airflow/example_dags/example_sensor_decorator.py took 0.132 seconds
[2025-04-09T07:02:36.874+0000] {processor.py:161} INFO - Started process (PID=666) to work on /home/airflow/.local/lib/python3.8/site-packages/airflow/example_dags/example_sensor_decorator.py
[2025-04-09T07:02:36.876+0000] {processor.py:830} INFO - Processing file /home/airflow/.local/lib/python3.8/site-packages/airflow/example_dags/example_sensor_decorator.py for tasks to queue
[2025-04-09T07:02:36.877+0000] {logging_mixin.py:188} INFO - [2025-04-09T07:02:36.877+0000] {dagbag.py:538} INFO - Filling up the DagBag from /home/airflow/.local/lib/python3.8/site-packages/airflow/example_dags/example_sensor_decorator.py
[2025-04-09T07:02:36.883+0000] {processor.py:840} INFO - DAG(s) 'example_sensor_decorator' retrieved from /home/airflow/.local/lib/python3.8/site-packages/airflow/example_dags/example_sensor_decorator.py
[2025-04-09T07:02:36.903+0000] {logging_mixin.py:188} INFO - [2025-04-09T07:02:36.903+0000] {dag.py:3036} INFO - Sync 1 DAGs
[2025-04-09T07:02:36.916+0000] {logging_mixin.py:188} INFO - [2025-04-09T07:02:36.916+0000] {dag.py:3823} INFO - Setting next_dagrun for example_sensor_decorator to None, run_after=None
[2025-04-09T07:02:36.965+0000] {processor.py:183} INFO - Processing /home/airflow/.local/lib/python3.8/site-packages/airflow/example_dags/example_sensor_decorator.py took 0.094 seconds
[2025-04-09T07:03:07.534+0000] {processor.py:161} INFO - Started process (PID=724) to work on /home/airflow/.local/lib/python3.8/site-packages/airflow/example_dags/example_sensor_decorator.py
[2025-04-09T07:03:07.536+0000] {processor.py:830} INFO - Processing file /home/airflow/.local/lib/python3.8/site-packages/airflow/example_dags/example_sensor_decorator.py for tasks to queue
[2025-04-09T07:03:07.537+0000] {logging_mixin.py:188} INFO - [2025-04-09T07:03:07.537+0000] {dagbag.py:538} INFO - Filling up the DagBag from /home/airflow/.local/lib/python3.8/site-packages/airflow/example_dags/example_sensor_decorator.py
[2025-04-09T07:03:07.545+0000] {processor.py:840} INFO - DAG(s) 'example_sensor_decorator' retrieved from /home/airflow/.local/lib/python3.8/site-packages/airflow/example_dags/example_sensor_decorator.py
[2025-04-09T07:03:07.568+0000] {logging_mixin.py:188} INFO - [2025-04-09T07:03:07.568+0000] {dag.py:3036} INFO - Sync 1 DAGs
[2025-04-09T07:03:07.582+0000] {logging_mixin.py:188} INFO - [2025-04-09T07:03:07.582+0000] {dag.py:3823} INFO - Setting next_dagrun for example_sensor_decorator to None, run_after=None
[2025-04-09T07:03:07.632+0000] {processor.py:183} INFO - Processing /home/airflow/.local/lib/python3.8/site-packages/airflow/example_dags/example_sensor_decorator.py took 0.101 seconds
[2025-04-09T07:03:39.785+0000] {processor.py:161} INFO - Started process (PID=782) to work on /home/airflow/.local/lib/python3.8/site-packages/airflow/example_dags/example_sensor_decorator.py
[2025-04-09T07:03:39.786+0000] {processor.py:830} INFO - Processing file /home/airflow/.local/lib/python3.8/site-packages/airflow/example_dags/example_sensor_decorator.py for tasks to queue
[2025-04-09T07:03:39.788+0000] {logging_mixin.py:188} INFO - [2025-04-09T07:03:39.787+0000] {dagbag.py:538} INFO - Filling up the DagBag from /home/airflow/.local/lib/python3.8/site-packages/airflow/example_dags/example_sensor_decorator.py
[2025-04-09T07:03:39.793+0000] {processor.py:840} INFO - DAG(s) 'example_sensor_decorator' retrieved from /home/airflow/.local/lib/python3.8/site-packages/airflow/example_dags/example_sensor_decorator.py
[2025-04-09T07:03:39.813+0000] {logging_mixin.py:188} INFO - [2025-04-09T07:03:39.813+0000] {dag.py:3036} INFO - Sync 1 DAGs
[2025-04-09T07:03:39.824+0000] {logging_mixin.py:188} INFO - [2025-04-09T07:03:39.824+0000] {dag.py:3823} INFO - Setting next_dagrun for example_sensor_decorator to None, run_after=None
[2025-04-09T07:03:39.883+0000] {processor.py:183} INFO - Processing /home/airflow/.local/lib/python3.8/site-packages/airflow/example_dags/example_sensor_decorator.py took 0.100 seconds
[2025-04-09T07:04:14.463+0000] {processor.py:161} INFO - Started process (PID=841) to work on /home/airflow/.local/lib/python3.8/site-packages/airflow/example_dags/example_sensor_decorator.py
[2025-04-09T07:04:14.465+0000] {processor.py:830} INFO - Processing file /home/airflow/.local/lib/python3.8/site-packages/airflow/example_dags/example_sensor_decorator.py for tasks to queue
[2025-04-09T07:04:14.467+0000] {logging_mixin.py:188} INFO - [2025-04-09T07:04:14.466+0000] {dagbag.py:538} INFO - Filling up the DagBag from /home/airflow/.local/lib/python3.8/site-packages/airflow/example_dags/example_sensor_decorator.py
[2025-04-09T07:04:14.475+0000] {processor.py:840} INFO - DAG(s) 'example_sensor_decorator' retrieved from /home/airflow/.local/lib/python3.8/site-packages/airflow/example_dags/example_sensor_decorator.py
[2025-04-09T07:04:14.497+0000] {logging_mixin.py:188} INFO - [2025-04-09T07:04:14.497+0000] {dag.py:3036} INFO - Sync 1 DAGs
[2025-04-09T07:04:14.510+0000] {logging_mixin.py:188} INFO - [2025-04-09T07:04:14.510+0000] {dag.py:3823} INFO - Setting next_dagrun for example_sensor_decorator to None, run_after=None
[2025-04-09T07:04:14.553+0000] {processor.py:183} INFO - Processing /home/airflow/.local/lib/python3.8/site-packages/airflow/example_dags/example_sensor_decorator.py took 0.092 seconds
[2025-04-09T07:04:45.148+0000] {processor.py:161} INFO - Started process (PID=899) to work on /home/airflow/.local/lib/python3.8/site-packages/airflow/example_dags/example_sensor_decorator.py
[2025-04-09T07:04:45.149+0000] {processor.py:830} INFO - Processing file /home/airflow/.local/lib/python3.8/site-packages/airflow/example_dags/example_sensor_decorator.py for tasks to queue
[2025-04-09T07:04:45.151+0000] {logging_mixin.py:188} INFO - [2025-04-09T07:04:45.150+0000] {dagbag.py:538} INFO - Filling up the DagBag from /home/airflow/.local/lib/python3.8/site-packages/airflow/example_dags/example_sensor_decorator.py
[2025-04-09T07:04:45.157+0000] {processor.py:840} INFO - DAG(s) 'example_sensor_decorator' retrieved from /home/airflow/.local/lib/python3.8/site-packages/airflow/example_dags/example_sensor_decorator.py
[2025-04-09T07:04:45.177+0000] {logging_mixin.py:188} INFO - [2025-04-09T07:04:45.177+0000] {dag.py:3036} INFO - Sync 1 DAGs
[2025-04-09T07:04:45.189+0000] {logging_mixin.py:188} INFO - [2025-04-09T07:04:45.189+0000] {dag.py:3823} INFO - Setting next_dagrun for example_sensor_decorator to None, run_after=None
[2025-04-09T07:04:45.253+0000] {processor.py:183} INFO - Processing /home/airflow/.local/lib/python3.8/site-packages/airflow/example_dags/example_sensor_decorator.py took 0.109 seconds
[2025-04-09T07:05:15.873+0000] {processor.py:161} INFO - Started process (PID=957) to work on /home/airflow/.local/lib/python3.8/site-packages/airflow/example_dags/example_sensor_decorator.py
[2025-04-09T07:05:15.874+0000] {processor.py:830} INFO - Processing file /home/airflow/.local/lib/python3.8/site-packages/airflow/example_dags/example_sensor_decorator.py for tasks to queue
[2025-04-09T07:05:15.877+0000] {logging_mixin.py:188} INFO - [2025-04-09T07:05:15.876+0000] {dagbag.py:538} INFO - Filling up the DagBag from /home/airflow/.local/lib/python3.8/site-packages/airflow/example_dags/example_sensor_decorator.py
[2025-04-09T07:05:15.887+0000] {processor.py:840} INFO - DAG(s) 'example_sensor_decorator' retrieved from /home/airflow/.local/lib/python3.8/site-packages/airflow/example_dags/example_sensor_decorator.py
[2025-04-09T07:05:15.915+0000] {logging_mixin.py:188} INFO - [2025-04-09T07:05:15.914+0000] {dag.py:3036} INFO - Sync 1 DAGs
[2025-04-09T07:05:15.932+0000] {logging_mixin.py:188} INFO - [2025-04-09T07:05:15.932+0000] {dag.py:3823} INFO - Setting next_dagrun for example_sensor_decorator to None, run_after=None
[2025-04-09T07:05:15.989+0000] {processor.py:183} INFO - Processing /home/airflow/.local/lib/python3.8/site-packages/airflow/example_dags/example_sensor_decorator.py took 0.122 seconds
[2025-04-09T07:05:46.197+0000] {processor.py:161} INFO - Started process (PID=1015) to work on /home/airflow/.local/lib/python3.8/site-packages/airflow/example_dags/example_sensor_decorator.py
[2025-04-09T07:05:46.198+0000] {processor.py:830} INFO - Processing file /home/airflow/.local/lib/python3.8/site-packages/airflow/example_dags/example_sensor_decorator.py for tasks to queue
[2025-04-09T07:05:46.200+0000] {logging_mixin.py:188} INFO - [2025-04-09T07:05:46.200+0000] {dagbag.py:538} INFO - Filling up the DagBag from /home/airflow/.local/lib/python3.8/site-packages/airflow/example_dags/example_sensor_decorator.py
[2025-04-09T07:05:46.207+0000] {processor.py:840} INFO - DAG(s) 'example_sensor_decorator' retrieved from /home/airflow/.local/lib/python3.8/site-packages/airflow/example_dags/example_sensor_decorator.py
[2025-04-09T07:05:46.232+0000] {logging_mixin.py:188} INFO - [2025-04-09T07:05:46.231+0000] {dag.py:3036} INFO - Sync 1 DAGs
[2025-04-09T07:05:46.245+0000] {logging_mixin.py:188} INFO - [2025-04-09T07:05:46.245+0000] {dag.py:3823} INFO - Setting next_dagrun for example_sensor_decorator to None, run_after=None
[2025-04-09T07:05:46.290+0000] {processor.py:183} INFO - Processing /home/airflow/.local/lib/python3.8/site-packages/airflow/example_dags/example_sensor_decorator.py took 0.097 seconds
[2025-04-09T07:06:16.684+0000] {processor.py:161} INFO - Started process (PID=1067) to work on /home/airflow/.local/lib/python3.8/site-packages/airflow/example_dags/example_sensor_decorator.py
[2025-04-09T07:06:16.685+0000] {processor.py:830} INFO - Processing file /home/airflow/.local/lib/python3.8/site-packages/airflow/example_dags/example_sensor_decorator.py for tasks to queue
[2025-04-09T07:06:16.687+0000] {logging_mixin.py:188} INFO - [2025-04-09T07:06:16.687+0000] {dagbag.py:538} INFO - Filling up the DagBag from /home/airflow/.local/lib/python3.8/site-packages/airflow/example_dags/example_sensor_decorator.py
[2025-04-09T07:06:16.693+0000] {processor.py:840} INFO - DAG(s) 'example_sensor_decorator' retrieved from /home/airflow/.local/lib/python3.8/site-packages/airflow/example_dags/example_sensor_decorator.py
[2025-04-09T07:06:16.716+0000] {logging_mixin.py:188} INFO - [2025-04-09T07:06:16.716+0000] {dag.py:3036} INFO - Sync 1 DAGs
[2025-04-09T07:06:16.732+0000] {logging_mixin.py:188} INFO - [2025-04-09T07:06:16.732+0000] {dag.py:3823} INFO - Setting next_dagrun for example_sensor_decorator to None, run_after=None
[2025-04-09T07:06:16.781+0000] {processor.py:183} INFO - Processing /home/airflow/.local/lib/python3.8/site-packages/airflow/example_dags/example_sensor_decorator.py took 0.101 seconds
[2025-04-09T07:10:01.449+0000] {processor.py:161} INFO - Started process (PID=101) to work on /home/airflow/.local/lib/python3.8/site-packages/airflow/example_dags/example_sensor_decorator.py
[2025-04-09T07:10:01.450+0000] {processor.py:830} INFO - Processing file /home/airflow/.local/lib/python3.8/site-packages/airflow/example_dags/example_sensor_decorator.py for tasks to queue
[2025-04-09T07:10:01.452+0000] {logging_mixin.py:188} INFO - [2025-04-09T07:10:01.451+0000] {dagbag.py:538} INFO - Filling up the DagBag from /home/airflow/.local/lib/python3.8/site-packages/airflow/example_dags/example_sensor_decorator.py
[2025-04-09T07:10:01.459+0000] {processor.py:840} INFO - DAG(s) 'example_sensor_decorator' retrieved from /home/airflow/.local/lib/python3.8/site-packages/airflow/example_dags/example_sensor_decorator.py
[2025-04-09T07:10:01.630+0000] {logging_mixin.py:188} INFO - [2025-04-09T07:10:01.630+0000] {dag.py:3036} INFO - Sync 1 DAGs
[2025-04-09T07:10:01.647+0000] {logging_mixin.py:188} INFO - [2025-04-09T07:10:01.647+0000] {dag.py:3823} INFO - Setting next_dagrun for example_sensor_decorator to None, run_after=None
[2025-04-09T07:10:01.704+0000] {processor.py:183} INFO - Processing /home/airflow/.local/lib/python3.8/site-packages/airflow/example_dags/example_sensor_decorator.py took 0.260 seconds
[2025-04-09T07:10:31.877+0000] {processor.py:161} INFO - Started process (PID=159) to work on /home/airflow/.local/lib/python3.8/site-packages/airflow/example_dags/example_sensor_decorator.py
[2025-04-09T07:10:31.878+0000] {processor.py:830} INFO - Processing file /home/airflow/.local/lib/python3.8/site-packages/airflow/example_dags/example_sensor_decorator.py for tasks to queue
[2025-04-09T07:10:31.881+0000] {logging_mixin.py:188} INFO - [2025-04-09T07:10:31.881+0000] {dagbag.py:538} INFO - Filling up the DagBag from /home/airflow/.local/lib/python3.8/site-packages/airflow/example_dags/example_sensor_decorator.py
[2025-04-09T07:10:31.890+0000] {processor.py:840} INFO - DAG(s) 'example_sensor_decorator' retrieved from /home/airflow/.local/lib/python3.8/site-packages/airflow/example_dags/example_sensor_decorator.py
[2025-04-09T07:10:31.925+0000] {logging_mixin.py:188} INFO - [2025-04-09T07:10:31.924+0000] {dag.py:3036} INFO - Sync 1 DAGs
[2025-04-09T07:10:31.950+0000] {logging_mixin.py:188} INFO - [2025-04-09T07:10:31.950+0000] {dag.py:3823} INFO - Setting next_dagrun for example_sensor_decorator to None, run_after=None
[2025-04-09T07:10:32.038+0000] {processor.py:183} INFO - Processing /home/airflow/.local/lib/python3.8/site-packages/airflow/example_dags/example_sensor_decorator.py took 0.166 seconds
[2025-04-09T07:11:02.395+0000] {processor.py:161} INFO - Started process (PID=211) to work on /home/airflow/.local/lib/python3.8/site-packages/airflow/example_dags/example_sensor_decorator.py
[2025-04-09T07:11:02.396+0000] {processor.py:830} INFO - Processing file /home/airflow/.local/lib/python3.8/site-packages/airflow/example_dags/example_sensor_decorator.py for tasks to queue
[2025-04-09T07:11:02.397+0000] {logging_mixin.py:188} INFO - [2025-04-09T07:11:02.397+0000] {dagbag.py:538} INFO - Filling up the DagBag from /home/airflow/.local/lib/python3.8/site-packages/airflow/example_dags/example_sensor_decorator.py
[2025-04-09T07:11:02.403+0000] {processor.py:840} INFO - DAG(s) 'example_sensor_decorator' retrieved from /home/airflow/.local/lib/python3.8/site-packages/airflow/example_dags/example_sensor_decorator.py
[2025-04-09T07:11:02.425+0000] {logging_mixin.py:188} INFO - [2025-04-09T07:11:02.424+0000] {dag.py:3036} INFO - Sync 1 DAGs
[2025-04-09T07:11:02.437+0000] {logging_mixin.py:188} INFO - [2025-04-09T07:11:02.436+0000] {dag.py:3823} INFO - Setting next_dagrun for example_sensor_decorator to None, run_after=None
[2025-04-09T07:11:02.493+0000] {processor.py:183} INFO - Processing /home/airflow/.local/lib/python3.8/site-packages/airflow/example_dags/example_sensor_decorator.py took 0.102 seconds
[2025-04-09T07:11:32.870+0000] {processor.py:161} INFO - Started process (PID=278) to work on /home/airflow/.local/lib/python3.8/site-packages/airflow/example_dags/example_sensor_decorator.py
[2025-04-09T07:11:32.871+0000] {processor.py:830} INFO - Processing file /home/airflow/.local/lib/python3.8/site-packages/airflow/example_dags/example_sensor_decorator.py for tasks to queue
[2025-04-09T07:11:32.873+0000] {logging_mixin.py:188} INFO - [2025-04-09T07:11:32.872+0000] {dagbag.py:538} INFO - Filling up the DagBag from /home/airflow/.local/lib/python3.8/site-packages/airflow/example_dags/example_sensor_decorator.py
[2025-04-09T07:11:32.892+0000] {processor.py:840} INFO - DAG(s) 'example_sensor_decorator' retrieved from /home/airflow/.local/lib/python3.8/site-packages/airflow/example_dags/example_sensor_decorator.py
[2025-04-09T07:11:32.964+0000] {logging_mixin.py:188} INFO - [2025-04-09T07:11:32.963+0000] {dag.py:3036} INFO - Sync 1 DAGs
[2025-04-09T07:11:32.990+0000] {logging_mixin.py:188} INFO - [2025-04-09T07:11:32.990+0000] {dag.py:3823} INFO - Setting next_dagrun for example_sensor_decorator to None, run_after=None
[2025-04-09T07:11:33.066+0000] {processor.py:183} INFO - Processing /home/airflow/.local/lib/python3.8/site-packages/airflow/example_dags/example_sensor_decorator.py took 0.206 seconds
[2025-04-09T07:12:03.597+0000] {processor.py:161} INFO - Started process (PID=336) to work on /home/airflow/.local/lib/python3.8/site-packages/airflow/example_dags/example_sensor_decorator.py
[2025-04-09T07:12:03.599+0000] {processor.py:830} INFO - Processing file /home/airflow/.local/lib/python3.8/site-packages/airflow/example_dags/example_sensor_decorator.py for tasks to queue
[2025-04-09T07:12:03.601+0000] {logging_mixin.py:188} INFO - [2025-04-09T07:12:03.600+0000] {dagbag.py:538} INFO - Filling up the DagBag from /home/airflow/.local/lib/python3.8/site-packages/airflow/example_dags/example_sensor_decorator.py
[2025-04-09T07:12:03.606+0000] {processor.py:840} INFO - DAG(s) 'example_sensor_decorator' retrieved from /home/airflow/.local/lib/python3.8/site-packages/airflow/example_dags/example_sensor_decorator.py
[2025-04-09T07:12:03.625+0000] {logging_mixin.py:188} INFO - [2025-04-09T07:12:03.625+0000] {dag.py:3036} INFO - Sync 1 DAGs
[2025-04-09T07:12:03.638+0000] {logging_mixin.py:188} INFO - [2025-04-09T07:12:03.637+0000] {dag.py:3823} INFO - Setting next_dagrun for example_sensor_decorator to None, run_after=None
[2025-04-09T07:12:03.692+0000] {processor.py:183} INFO - Processing /home/airflow/.local/lib/python3.8/site-packages/airflow/example_dags/example_sensor_decorator.py took 0.097 seconds
[2025-04-09T07:12:37.402+0000] {processor.py:161} INFO - Started process (PID=394) to work on /home/airflow/.local/lib/python3.8/site-packages/airflow/example_dags/example_sensor_decorator.py
[2025-04-09T07:12:37.403+0000] {processor.py:830} INFO - Processing file /home/airflow/.local/lib/python3.8/site-packages/airflow/example_dags/example_sensor_decorator.py for tasks to queue
[2025-04-09T07:12:37.405+0000] {logging_mixin.py:188} INFO - [2025-04-09T07:12:37.405+0000] {dagbag.py:538} INFO - Filling up the DagBag from /home/airflow/.local/lib/python3.8/site-packages/airflow/example_dags/example_sensor_decorator.py
[2025-04-09T07:12:37.411+0000] {processor.py:840} INFO - DAG(s) 'example_sensor_decorator' retrieved from /home/airflow/.local/lib/python3.8/site-packages/airflow/example_dags/example_sensor_decorator.py
[2025-04-09T07:12:37.433+0000] {logging_mixin.py:188} INFO - [2025-04-09T07:12:37.433+0000] {dag.py:3036} INFO - Sync 1 DAGs
[2025-04-09T07:12:37.445+0000] {logging_mixin.py:188} INFO - [2025-04-09T07:12:37.444+0000] {dag.py:3823} INFO - Setting next_dagrun for example_sensor_decorator to None, run_after=None
[2025-04-09T07:12:37.510+0000] {processor.py:183} INFO - Processing /home/airflow/.local/lib/python3.8/site-packages/airflow/example_dags/example_sensor_decorator.py took 0.111 seconds
[2025-04-09T07:13:12.277+0000] {processor.py:161} INFO - Started process (PID=452) to work on /home/airflow/.local/lib/python3.8/site-packages/airflow/example_dags/example_sensor_decorator.py
[2025-04-09T07:13:12.278+0000] {processor.py:830} INFO - Processing file /home/airflow/.local/lib/python3.8/site-packages/airflow/example_dags/example_sensor_decorator.py for tasks to queue
[2025-04-09T07:13:12.280+0000] {logging_mixin.py:188} INFO - [2025-04-09T07:13:12.280+0000] {dagbag.py:538} INFO - Filling up the DagBag from /home/airflow/.local/lib/python3.8/site-packages/airflow/example_dags/example_sensor_decorator.py
[2025-04-09T07:13:12.287+0000] {processor.py:840} INFO - DAG(s) 'example_sensor_decorator' retrieved from /home/airflow/.local/lib/python3.8/site-packages/airflow/example_dags/example_sensor_decorator.py
[2025-04-09T07:13:12.308+0000] {logging_mixin.py:188} INFO - [2025-04-09T07:13:12.308+0000] {dag.py:3036} INFO - Sync 1 DAGs
[2025-04-09T07:13:12.320+0000] {logging_mixin.py:188} INFO - [2025-04-09T07:13:12.319+0000] {dag.py:3823} INFO - Setting next_dagrun for example_sensor_decorator to None, run_after=None
[2025-04-09T07:13:12.381+0000] {processor.py:183} INFO - Processing /home/airflow/.local/lib/python3.8/site-packages/airflow/example_dags/example_sensor_decorator.py took 0.106 seconds
[2025-04-09T07:13:42.948+0000] {processor.py:161} INFO - Started process (PID=510) to work on /home/airflow/.local/lib/python3.8/site-packages/airflow/example_dags/example_sensor_decorator.py
[2025-04-09T07:13:42.949+0000] {processor.py:830} INFO - Processing file /home/airflow/.local/lib/python3.8/site-packages/airflow/example_dags/example_sensor_decorator.py for tasks to queue
[2025-04-09T07:13:42.951+0000] {logging_mixin.py:188} INFO - [2025-04-09T07:13:42.951+0000] {dagbag.py:538} INFO - Filling up the DagBag from /home/airflow/.local/lib/python3.8/site-packages/airflow/example_dags/example_sensor_decorator.py
[2025-04-09T07:13:42.957+0000] {processor.py:840} INFO - DAG(s) 'example_sensor_decorator' retrieved from /home/airflow/.local/lib/python3.8/site-packages/airflow/example_dags/example_sensor_decorator.py
[2025-04-09T07:13:42.976+0000] {logging_mixin.py:188} INFO - [2025-04-09T07:13:42.976+0000] {dag.py:3036} INFO - Sync 1 DAGs
[2025-04-09T07:13:42.988+0000] {logging_mixin.py:188} INFO - [2025-04-09T07:13:42.988+0000] {dag.py:3823} INFO - Setting next_dagrun for example_sensor_decorator to None, run_after=None
[2025-04-09T07:13:43.049+0000] {processor.py:183} INFO - Processing /home/airflow/.local/lib/python3.8/site-packages/airflow/example_dags/example_sensor_decorator.py took 0.103 seconds
[2025-04-09T07:14:13.368+0000] {processor.py:161} INFO - Started process (PID=568) to work on /home/airflow/.local/lib/python3.8/site-packages/airflow/example_dags/example_sensor_decorator.py
[2025-04-09T07:14:13.369+0000] {processor.py:830} INFO - Processing file /home/airflow/.local/lib/python3.8/site-packages/airflow/example_dags/example_sensor_decorator.py for tasks to queue
[2025-04-09T07:14:13.370+0000] {logging_mixin.py:188} INFO - [2025-04-09T07:14:13.370+0000] {dagbag.py:538} INFO - Filling up the DagBag from /home/airflow/.local/lib/python3.8/site-packages/airflow/example_dags/example_sensor_decorator.py
[2025-04-09T07:14:13.377+0000] {processor.py:840} INFO - DAG(s) 'example_sensor_decorator' retrieved from /home/airflow/.local/lib/python3.8/site-packages/airflow/example_dags/example_sensor_decorator.py
[2025-04-09T07:14:13.404+0000] {logging_mixin.py:188} INFO - [2025-04-09T07:14:13.403+0000] {dag.py:3036} INFO - Sync 1 DAGs
[2025-04-09T07:14:13.416+0000] {logging_mixin.py:188} INFO - [2025-04-09T07:14:13.416+0000] {dag.py:3823} INFO - Setting next_dagrun for example_sensor_decorator to None, run_after=None
[2025-04-09T07:14:13.478+0000] {processor.py:183} INFO - Processing /home/airflow/.local/lib/python3.8/site-packages/airflow/example_dags/example_sensor_decorator.py took 0.113 seconds
[2025-04-09T07:14:43.581+0000] {processor.py:161} INFO - Started process (PID=626) to work on /home/airflow/.local/lib/python3.8/site-packages/airflow/example_dags/example_sensor_decorator.py
[2025-04-09T07:14:43.582+0000] {processor.py:830} INFO - Processing file /home/airflow/.local/lib/python3.8/site-packages/airflow/example_dags/example_sensor_decorator.py for tasks to queue
[2025-04-09T07:14:43.584+0000] {logging_mixin.py:188} INFO - [2025-04-09T07:14:43.583+0000] {dagbag.py:538} INFO - Filling up the DagBag from /home/airflow/.local/lib/python3.8/site-packages/airflow/example_dags/example_sensor_decorator.py
[2025-04-09T07:14:43.590+0000] {processor.py:840} INFO - DAG(s) 'example_sensor_decorator' retrieved from /home/airflow/.local/lib/python3.8/site-packages/airflow/example_dags/example_sensor_decorator.py
[2025-04-09T07:14:43.613+0000] {logging_mixin.py:188} INFO - [2025-04-09T07:14:43.613+0000] {dag.py:3036} INFO - Sync 1 DAGs
[2025-04-09T07:14:43.627+0000] {logging_mixin.py:188} INFO - [2025-04-09T07:14:43.626+0000] {dag.py:3823} INFO - Setting next_dagrun for example_sensor_decorator to None, run_after=None
[2025-04-09T07:14:43.716+0000] {processor.py:183} INFO - Processing /home/airflow/.local/lib/python3.8/site-packages/airflow/example_dags/example_sensor_decorator.py took 0.138 seconds
[2025-04-09T07:15:13.772+0000] {processor.py:161} INFO - Started process (PID=684) to work on /home/airflow/.local/lib/python3.8/site-packages/airflow/example_dags/example_sensor_decorator.py
[2025-04-09T07:15:13.792+0000] {processor.py:830} INFO - Processing file /home/airflow/.local/lib/python3.8/site-packages/airflow/example_dags/example_sensor_decorator.py for tasks to queue
[2025-04-09T07:15:13.794+0000] {logging_mixin.py:188} INFO - [2025-04-09T07:15:13.793+0000] {dagbag.py:538} INFO - Filling up the DagBag from /home/airflow/.local/lib/python3.8/site-packages/airflow/example_dags/example_sensor_decorator.py
[2025-04-09T07:15:13.800+0000] {processor.py:840} INFO - DAG(s) 'example_sensor_decorator' retrieved from /home/airflow/.local/lib/python3.8/site-packages/airflow/example_dags/example_sensor_decorator.py
[2025-04-09T07:15:13.818+0000] {logging_mixin.py:188} INFO - [2025-04-09T07:15:13.818+0000] {dag.py:3036} INFO - Sync 1 DAGs
[2025-04-09T07:15:13.830+0000] {logging_mixin.py:188} INFO - [2025-04-09T07:15:13.830+0000] {dag.py:3823} INFO - Setting next_dagrun for example_sensor_decorator to None, run_after=None
[2025-04-09T07:15:13.908+0000] {processor.py:183} INFO - Processing /home/airflow/.local/lib/python3.8/site-packages/airflow/example_dags/example_sensor_decorator.py took 0.140 seconds
[2025-04-09T07:15:44.251+0000] {processor.py:161} INFO - Started process (PID=742) to work on /home/airflow/.local/lib/python3.8/site-packages/airflow/example_dags/example_sensor_decorator.py
[2025-04-09T07:15:44.252+0000] {processor.py:830} INFO - Processing file /home/airflow/.local/lib/python3.8/site-packages/airflow/example_dags/example_sensor_decorator.py for tasks to queue
[2025-04-09T07:15:44.254+0000] {logging_mixin.py:188} INFO - [2025-04-09T07:15:44.253+0000] {dagbag.py:538} INFO - Filling up the DagBag from /home/airflow/.local/lib/python3.8/site-packages/airflow/example_dags/example_sensor_decorator.py
[2025-04-09T07:15:44.262+0000] {processor.py:840} INFO - DAG(s) 'example_sensor_decorator' retrieved from /home/airflow/.local/lib/python3.8/site-packages/airflow/example_dags/example_sensor_decorator.py
[2025-04-09T07:15:44.288+0000] {logging_mixin.py:188} INFO - [2025-04-09T07:15:44.287+0000] {dag.py:3036} INFO - Sync 1 DAGs
[2025-04-09T07:15:44.299+0000] {logging_mixin.py:188} INFO - [2025-04-09T07:15:44.299+0000] {dag.py:3823} INFO - Setting next_dagrun for example_sensor_decorator to None, run_after=None
[2025-04-09T07:15:44.361+0000] {processor.py:183} INFO - Processing /home/airflow/.local/lib/python3.8/site-packages/airflow/example_dags/example_sensor_decorator.py took 0.113 seconds
[2025-04-09T07:16:14.458+0000] {processor.py:161} INFO - Started process (PID=800) to work on /home/airflow/.local/lib/python3.8/site-packages/airflow/example_dags/example_sensor_decorator.py
[2025-04-09T07:16:14.459+0000] {processor.py:830} INFO - Processing file /home/airflow/.local/lib/python3.8/site-packages/airflow/example_dags/example_sensor_decorator.py for tasks to queue
[2025-04-09T07:16:14.460+0000] {logging_mixin.py:188} INFO - [2025-04-09T07:16:14.460+0000] {dagbag.py:538} INFO - Filling up the DagBag from /home/airflow/.local/lib/python3.8/site-packages/airflow/example_dags/example_sensor_decorator.py
[2025-04-09T07:16:14.466+0000] {processor.py:840} INFO - DAG(s) 'example_sensor_decorator' retrieved from /home/airflow/.local/lib/python3.8/site-packages/airflow/example_dags/example_sensor_decorator.py
[2025-04-09T07:16:14.486+0000] {logging_mixin.py:188} INFO - [2025-04-09T07:16:14.486+0000] {dag.py:3036} INFO - Sync 1 DAGs
[2025-04-09T07:16:14.497+0000] {logging_mixin.py:188} INFO - [2025-04-09T07:16:14.497+0000] {dag.py:3823} INFO - Setting next_dagrun for example_sensor_decorator to None, run_after=None
[2025-04-09T07:16:14.573+0000] {processor.py:183} INFO - Processing /home/airflow/.local/lib/python3.8/site-packages/airflow/example_dags/example_sensor_decorator.py took 0.118 seconds
[2025-04-09T07:16:48.169+0000] {processor.py:161} INFO - Started process (PID=858) to work on /home/airflow/.local/lib/python3.8/site-packages/airflow/example_dags/example_sensor_decorator.py
[2025-04-09T07:16:48.177+0000] {processor.py:830} INFO - Processing file /home/airflow/.local/lib/python3.8/site-packages/airflow/example_dags/example_sensor_decorator.py for tasks to queue
[2025-04-09T07:16:48.179+0000] {logging_mixin.py:188} INFO - [2025-04-09T07:16:48.178+0000] {dagbag.py:538} INFO - Filling up the DagBag from /home/airflow/.local/lib/python3.8/site-packages/airflow/example_dags/example_sensor_decorator.py
[2025-04-09T07:16:48.185+0000] {processor.py:840} INFO - DAG(s) 'example_sensor_decorator' retrieved from /home/airflow/.local/lib/python3.8/site-packages/airflow/example_dags/example_sensor_decorator.py
[2025-04-09T07:16:48.206+0000] {logging_mixin.py:188} INFO - [2025-04-09T07:16:48.206+0000] {dag.py:3036} INFO - Sync 1 DAGs
[2025-04-09T07:16:48.218+0000] {logging_mixin.py:188} INFO - [2025-04-09T07:16:48.218+0000] {dag.py:3823} INFO - Setting next_dagrun for example_sensor_decorator to None, run_after=None
[2025-04-09T07:16:48.287+0000] {processor.py:183} INFO - Processing /home/airflow/.local/lib/python3.8/site-packages/airflow/example_dags/example_sensor_decorator.py took 0.122 seconds
[2025-04-09T07:17:18.562+0000] {processor.py:161} INFO - Started process (PID=916) to work on /home/airflow/.local/lib/python3.8/site-packages/airflow/example_dags/example_sensor_decorator.py
[2025-04-09T07:17:18.567+0000] {processor.py:830} INFO - Processing file /home/airflow/.local/lib/python3.8/site-packages/airflow/example_dags/example_sensor_decorator.py for tasks to queue
[2025-04-09T07:17:18.569+0000] {logging_mixin.py:188} INFO - [2025-04-09T07:17:18.568+0000] {dagbag.py:538} INFO - Filling up the DagBag from /home/airflow/.local/lib/python3.8/site-packages/airflow/example_dags/example_sensor_decorator.py
[2025-04-09T07:17:18.576+0000] {processor.py:840} INFO - DAG(s) 'example_sensor_decorator' retrieved from /home/airflow/.local/lib/python3.8/site-packages/airflow/example_dags/example_sensor_decorator.py
[2025-04-09T07:17:18.600+0000] {logging_mixin.py:188} INFO - [2025-04-09T07:17:18.600+0000] {dag.py:3036} INFO - Sync 1 DAGs
[2025-04-09T07:17:18.616+0000] {logging_mixin.py:188} INFO - [2025-04-09T07:17:18.615+0000] {dag.py:3823} INFO - Setting next_dagrun for example_sensor_decorator to None, run_after=None
[2025-04-09T07:17:18.678+0000] {processor.py:183} INFO - Processing /home/airflow/.local/lib/python3.8/site-packages/airflow/example_dags/example_sensor_decorator.py took 0.119 seconds
[2025-04-09T07:17:48.950+0000] {processor.py:161} INFO - Started process (PID=974) to work on /home/airflow/.local/lib/python3.8/site-packages/airflow/example_dags/example_sensor_decorator.py
[2025-04-09T07:17:48.951+0000] {processor.py:830} INFO - Processing file /home/airflow/.local/lib/python3.8/site-packages/airflow/example_dags/example_sensor_decorator.py for tasks to queue
[2025-04-09T07:17:48.953+0000] {logging_mixin.py:188} INFO - [2025-04-09T07:17:48.953+0000] {dagbag.py:538} INFO - Filling up the DagBag from /home/airflow/.local/lib/python3.8/site-packages/airflow/example_dags/example_sensor_decorator.py
[2025-04-09T07:17:48.959+0000] {processor.py:840} INFO - DAG(s) 'example_sensor_decorator' retrieved from /home/airflow/.local/lib/python3.8/site-packages/airflow/example_dags/example_sensor_decorator.py
[2025-04-09T07:17:48.978+0000] {logging_mixin.py:188} INFO - [2025-04-09T07:17:48.978+0000] {dag.py:3036} INFO - Sync 1 DAGs
[2025-04-09T07:17:48.991+0000] {logging_mixin.py:188} INFO - [2025-04-09T07:17:48.990+0000] {dag.py:3823} INFO - Setting next_dagrun for example_sensor_decorator to None, run_after=None
[2025-04-09T07:17:49.053+0000] {processor.py:183} INFO - Processing /home/airflow/.local/lib/python3.8/site-packages/airflow/example_dags/example_sensor_decorator.py took 0.106 seconds
[2025-04-09T07:18:19.923+0000] {processor.py:161} INFO - Started process (PID=1032) to work on /home/airflow/.local/lib/python3.8/site-packages/airflow/example_dags/example_sensor_decorator.py
[2025-04-09T07:18:19.924+0000] {processor.py:830} INFO - Processing file /home/airflow/.local/lib/python3.8/site-packages/airflow/example_dags/example_sensor_decorator.py for tasks to queue
[2025-04-09T07:18:19.925+0000] {logging_mixin.py:188} INFO - [2025-04-09T07:18:19.925+0000] {dagbag.py:538} INFO - Filling up the DagBag from /home/airflow/.local/lib/python3.8/site-packages/airflow/example_dags/example_sensor_decorator.py
[2025-04-09T07:18:19.934+0000] {processor.py:840} INFO - DAG(s) 'example_sensor_decorator' retrieved from /home/airflow/.local/lib/python3.8/site-packages/airflow/example_dags/example_sensor_decorator.py
[2025-04-09T07:18:19.960+0000] {logging_mixin.py:188} INFO - [2025-04-09T07:18:19.960+0000] {dag.py:3036} INFO - Sync 1 DAGs
[2025-04-09T07:18:19.974+0000] {logging_mixin.py:188} INFO - [2025-04-09T07:18:19.973+0000] {dag.py:3823} INFO - Setting next_dagrun for example_sensor_decorator to None, run_after=None
[2025-04-09T07:18:20.047+0000] {processor.py:183} INFO - Processing /home/airflow/.local/lib/python3.8/site-packages/airflow/example_dags/example_sensor_decorator.py took 0.127 seconds
[2025-04-09T07:18:50.368+0000] {processor.py:161} INFO - Started process (PID=1084) to work on /home/airflow/.local/lib/python3.8/site-packages/airflow/example_dags/example_sensor_decorator.py
[2025-04-09T07:18:50.369+0000] {processor.py:830} INFO - Processing file /home/airflow/.local/lib/python3.8/site-packages/airflow/example_dags/example_sensor_decorator.py for tasks to queue
[2025-04-09T07:18:50.370+0000] {logging_mixin.py:188} INFO - [2025-04-09T07:18:50.370+0000] {dagbag.py:538} INFO - Filling up the DagBag from /home/airflow/.local/lib/python3.8/site-packages/airflow/example_dags/example_sensor_decorator.py
[2025-04-09T07:18:50.377+0000] {processor.py:840} INFO - DAG(s) 'example_sensor_decorator' retrieved from /home/airflow/.local/lib/python3.8/site-packages/airflow/example_dags/example_sensor_decorator.py
[2025-04-09T07:18:50.396+0000] {logging_mixin.py:188} INFO - [2025-04-09T07:18:50.396+0000] {dag.py:3036} INFO - Sync 1 DAGs
[2025-04-09T07:18:50.408+0000] {logging_mixin.py:188} INFO - [2025-04-09T07:18:50.408+0000] {dag.py:3823} INFO - Setting next_dagrun for example_sensor_decorator to None, run_after=None
[2025-04-09T07:18:50.468+0000] {processor.py:183} INFO - Processing /home/airflow/.local/lib/python3.8/site-packages/airflow/example_dags/example_sensor_decorator.py took 0.103 seconds
[2025-04-09T07:19:20.573+0000] {processor.py:161} INFO - Started process (PID=1142) to work on /home/airflow/.local/lib/python3.8/site-packages/airflow/example_dags/example_sensor_decorator.py
[2025-04-09T07:19:20.574+0000] {processor.py:830} INFO - Processing file /home/airflow/.local/lib/python3.8/site-packages/airflow/example_dags/example_sensor_decorator.py for tasks to queue
[2025-04-09T07:19:20.576+0000] {logging_mixin.py:188} INFO - [2025-04-09T07:19:20.576+0000] {dagbag.py:538} INFO - Filling up the DagBag from /home/airflow/.local/lib/python3.8/site-packages/airflow/example_dags/example_sensor_decorator.py
[2025-04-09T07:19:20.582+0000] {processor.py:840} INFO - DAG(s) 'example_sensor_decorator' retrieved from /home/airflow/.local/lib/python3.8/site-packages/airflow/example_dags/example_sensor_decorator.py
[2025-04-09T07:19:20.602+0000] {logging_mixin.py:188} INFO - [2025-04-09T07:19:20.602+0000] {dag.py:3036} INFO - Sync 1 DAGs
[2025-04-09T07:19:20.615+0000] {logging_mixin.py:188} INFO - [2025-04-09T07:19:20.614+0000] {dag.py:3823} INFO - Setting next_dagrun for example_sensor_decorator to None, run_after=None
[2025-04-09T07:19:20.678+0000] {processor.py:183} INFO - Processing /home/airflow/.local/lib/python3.8/site-packages/airflow/example_dags/example_sensor_decorator.py took 0.108 seconds
[2025-04-09T07:19:50.949+0000] {processor.py:161} INFO - Started process (PID=1200) to work on /home/airflow/.local/lib/python3.8/site-packages/airflow/example_dags/example_sensor_decorator.py
[2025-04-09T07:19:50.950+0000] {processor.py:830} INFO - Processing file /home/airflow/.local/lib/python3.8/site-packages/airflow/example_dags/example_sensor_decorator.py for tasks to queue
[2025-04-09T07:19:50.952+0000] {logging_mixin.py:188} INFO - [2025-04-09T07:19:50.952+0000] {dagbag.py:538} INFO - Filling up the DagBag from /home/airflow/.local/lib/python3.8/site-packages/airflow/example_dags/example_sensor_decorator.py
[2025-04-09T07:19:50.958+0000] {processor.py:840} INFO - DAG(s) 'example_sensor_decorator' retrieved from /home/airflow/.local/lib/python3.8/site-packages/airflow/example_dags/example_sensor_decorator.py
[2025-04-09T07:19:50.979+0000] {logging_mixin.py:188} INFO - [2025-04-09T07:19:50.979+0000] {dag.py:3036} INFO - Sync 1 DAGs
[2025-04-09T07:19:50.991+0000] {logging_mixin.py:188} INFO - [2025-04-09T07:19:50.991+0000] {dag.py:3823} INFO - Setting next_dagrun for example_sensor_decorator to None, run_after=None
[2025-04-09T07:19:51.045+0000] {processor.py:183} INFO - Processing /home/airflow/.local/lib/python3.8/site-packages/airflow/example_dags/example_sensor_decorator.py took 0.100 seconds
[2025-04-09T07:20:23.144+0000] {processor.py:161} INFO - Started process (PID=1258) to work on /home/airflow/.local/lib/python3.8/site-packages/airflow/example_dags/example_sensor_decorator.py
[2025-04-09T07:20:23.145+0000] {processor.py:830} INFO - Processing file /home/airflow/.local/lib/python3.8/site-packages/airflow/example_dags/example_sensor_decorator.py for tasks to queue
[2025-04-09T07:20:23.147+0000] {logging_mixin.py:188} INFO - [2025-04-09T07:20:23.146+0000] {dagbag.py:538} INFO - Filling up the DagBag from /home/airflow/.local/lib/python3.8/site-packages/airflow/example_dags/example_sensor_decorator.py
[2025-04-09T07:20:23.154+0000] {processor.py:840} INFO - DAG(s) 'example_sensor_decorator' retrieved from /home/airflow/.local/lib/python3.8/site-packages/airflow/example_dags/example_sensor_decorator.py
[2025-04-09T07:20:23.174+0000] {logging_mixin.py:188} INFO - [2025-04-09T07:20:23.174+0000] {dag.py:3036} INFO - Sync 1 DAGs
[2025-04-09T07:20:23.186+0000] {logging_mixin.py:188} INFO - [2025-04-09T07:20:23.186+0000] {dag.py:3823} INFO - Setting next_dagrun for example_sensor_decorator to None, run_after=None
[2025-04-09T07:20:23.251+0000] {processor.py:183} INFO - Processing /home/airflow/.local/lib/python3.8/site-packages/airflow/example_dags/example_sensor_decorator.py took 0.110 seconds
[2025-04-09T07:20:53.824+0000] {processor.py:161} INFO - Started process (PID=1316) to work on /home/airflow/.local/lib/python3.8/site-packages/airflow/example_dags/example_sensor_decorator.py
[2025-04-09T07:20:53.825+0000] {processor.py:830} INFO - Processing file /home/airflow/.local/lib/python3.8/site-packages/airflow/example_dags/example_sensor_decorator.py for tasks to queue
[2025-04-09T07:20:53.827+0000] {logging_mixin.py:188} INFO - [2025-04-09T07:20:53.827+0000] {dagbag.py:538} INFO - Filling up the DagBag from /home/airflow/.local/lib/python3.8/site-packages/airflow/example_dags/example_sensor_decorator.py
[2025-04-09T07:20:53.833+0000] {processor.py:840} INFO - DAG(s) 'example_sensor_decorator' retrieved from /home/airflow/.local/lib/python3.8/site-packages/airflow/example_dags/example_sensor_decorator.py
[2025-04-09T07:20:53.853+0000] {logging_mixin.py:188} INFO - [2025-04-09T07:20:53.853+0000] {dag.py:3036} INFO - Sync 1 DAGs
[2025-04-09T07:20:53.868+0000] {logging_mixin.py:188} INFO - [2025-04-09T07:20:53.867+0000] {dag.py:3823} INFO - Setting next_dagrun for example_sensor_decorator to None, run_after=None
[2025-04-09T07:20:53.944+0000] {processor.py:183} INFO - Processing /home/airflow/.local/lib/python3.8/site-packages/airflow/example_dags/example_sensor_decorator.py took 0.124 seconds
[2025-04-09T07:21:28.452+0000] {processor.py:161} INFO - Started process (PID=1374) to work on /home/airflow/.local/lib/python3.8/site-packages/airflow/example_dags/example_sensor_decorator.py
[2025-04-09T07:21:28.477+0000] {processor.py:830} INFO - Processing file /home/airflow/.local/lib/python3.8/site-packages/airflow/example_dags/example_sensor_decorator.py for tasks to queue
[2025-04-09T07:21:28.479+0000] {logging_mixin.py:188} INFO - [2025-04-09T07:21:28.478+0000] {dagbag.py:538} INFO - Filling up the DagBag from /home/airflow/.local/lib/python3.8/site-packages/airflow/example_dags/example_sensor_decorator.py
[2025-04-09T07:21:28.485+0000] {processor.py:840} INFO - DAG(s) 'example_sensor_decorator' retrieved from /home/airflow/.local/lib/python3.8/site-packages/airflow/example_dags/example_sensor_decorator.py
[2025-04-09T07:21:28.505+0000] {logging_mixin.py:188} INFO - [2025-04-09T07:21:28.505+0000] {dag.py:3036} INFO - Sync 1 DAGs
[2025-04-09T07:21:28.518+0000] {logging_mixin.py:188} INFO - [2025-04-09T07:21:28.517+0000] {dag.py:3823} INFO - Setting next_dagrun for example_sensor_decorator to None, run_after=None
[2025-04-09T07:21:28.566+0000] {processor.py:183} INFO - Processing /home/airflow/.local/lib/python3.8/site-packages/airflow/example_dags/example_sensor_decorator.py took 0.118 seconds
[2025-04-09T07:21:59.000+0000] {processor.py:161} INFO - Started process (PID=1432) to work on /home/airflow/.local/lib/python3.8/site-packages/airflow/example_dags/example_sensor_decorator.py
[2025-04-09T07:21:59.017+0000] {processor.py:830} INFO - Processing file /home/airflow/.local/lib/python3.8/site-packages/airflow/example_dags/example_sensor_decorator.py for tasks to queue
[2025-04-09T07:21:59.018+0000] {logging_mixin.py:188} INFO - [2025-04-09T07:21:59.018+0000] {dagbag.py:538} INFO - Filling up the DagBag from /home/airflow/.local/lib/python3.8/site-packages/airflow/example_dags/example_sensor_decorator.py
[2025-04-09T07:21:59.024+0000] {processor.py:840} INFO - DAG(s) 'example_sensor_decorator' retrieved from /home/airflow/.local/lib/python3.8/site-packages/airflow/example_dags/example_sensor_decorator.py
[2025-04-09T07:21:59.048+0000] {logging_mixin.py:188} INFO - [2025-04-09T07:21:59.047+0000] {dag.py:3036} INFO - Sync 1 DAGs
[2025-04-09T07:21:59.064+0000] {logging_mixin.py:188} INFO - [2025-04-09T07:21:59.064+0000] {dag.py:3823} INFO - Setting next_dagrun for example_sensor_decorator to None, run_after=None
[2025-04-09T07:21:59.115+0000] {processor.py:183} INFO - Processing /home/airflow/.local/lib/python3.8/site-packages/airflow/example_dags/example_sensor_decorator.py took 0.120 seconds
[2025-04-09T07:22:29.249+0000] {processor.py:161} INFO - Started process (PID=1490) to work on /home/airflow/.local/lib/python3.8/site-packages/airflow/example_dags/example_sensor_decorator.py
[2025-04-09T07:22:29.251+0000] {processor.py:830} INFO - Processing file /home/airflow/.local/lib/python3.8/site-packages/airflow/example_dags/example_sensor_decorator.py for tasks to queue
[2025-04-09T07:22:29.253+0000] {logging_mixin.py:188} INFO - [2025-04-09T07:22:29.253+0000] {dagbag.py:538} INFO - Filling up the DagBag from /home/airflow/.local/lib/python3.8/site-packages/airflow/example_dags/example_sensor_decorator.py
[2025-04-09T07:22:29.259+0000] {processor.py:840} INFO - DAG(s) 'example_sensor_decorator' retrieved from /home/airflow/.local/lib/python3.8/site-packages/airflow/example_dags/example_sensor_decorator.py
[2025-04-09T07:22:29.283+0000] {logging_mixin.py:188} INFO - [2025-04-09T07:22:29.282+0000] {dag.py:3036} INFO - Sync 1 DAGs
[2025-04-09T07:22:29.298+0000] {logging_mixin.py:188} INFO - [2025-04-09T07:22:29.298+0000] {dag.py:3823} INFO - Setting next_dagrun for example_sensor_decorator to None, run_after=None
[2025-04-09T07:22:29.350+0000] {processor.py:183} INFO - Processing /home/airflow/.local/lib/python3.8/site-packages/airflow/example_dags/example_sensor_decorator.py took 0.104 seconds
[2025-04-09T07:22:59.850+0000] {processor.py:161} INFO - Started process (PID=1548) to work on /home/airflow/.local/lib/python3.8/site-packages/airflow/example_dags/example_sensor_decorator.py
[2025-04-09T07:22:59.851+0000] {processor.py:830} INFO - Processing file /home/airflow/.local/lib/python3.8/site-packages/airflow/example_dags/example_sensor_decorator.py for tasks to queue
[2025-04-09T07:22:59.853+0000] {logging_mixin.py:188} INFO - [2025-04-09T07:22:59.853+0000] {dagbag.py:538} INFO - Filling up the DagBag from /home/airflow/.local/lib/python3.8/site-packages/airflow/example_dags/example_sensor_decorator.py
[2025-04-09T07:22:59.860+0000] {processor.py:840} INFO - DAG(s) 'example_sensor_decorator' retrieved from /home/airflow/.local/lib/python3.8/site-packages/airflow/example_dags/example_sensor_decorator.py
[2025-04-09T07:22:59.884+0000] {logging_mixin.py:188} INFO - [2025-04-09T07:22:59.884+0000] {dag.py:3036} INFO - Sync 1 DAGs
[2025-04-09T07:22:59.900+0000] {logging_mixin.py:188} INFO - [2025-04-09T07:22:59.899+0000] {dag.py:3823} INFO - Setting next_dagrun for example_sensor_decorator to None, run_after=None
[2025-04-09T07:22:59.952+0000] {processor.py:183} INFO - Processing /home/airflow/.local/lib/python3.8/site-packages/airflow/example_dags/example_sensor_decorator.py took 0.106 seconds
[2025-04-09T07:23:30.626+0000] {processor.py:161} INFO - Started process (PID=1606) to work on /home/airflow/.local/lib/python3.8/site-packages/airflow/example_dags/example_sensor_decorator.py
[2025-04-09T07:23:30.628+0000] {processor.py:830} INFO - Processing file /home/airflow/.local/lib/python3.8/site-packages/airflow/example_dags/example_sensor_decorator.py for tasks to queue
[2025-04-09T07:23:30.629+0000] {logging_mixin.py:188} INFO - [2025-04-09T07:23:30.629+0000] {dagbag.py:538} INFO - Filling up the DagBag from /home/airflow/.local/lib/python3.8/site-packages/airflow/example_dags/example_sensor_decorator.py
[2025-04-09T07:23:30.638+0000] {processor.py:840} INFO - DAG(s) 'example_sensor_decorator' retrieved from /home/airflow/.local/lib/python3.8/site-packages/airflow/example_dags/example_sensor_decorator.py
[2025-04-09T07:23:30.662+0000] {logging_mixin.py:188} INFO - [2025-04-09T07:23:30.662+0000] {dag.py:3036} INFO - Sync 1 DAGs
[2025-04-09T07:23:30.677+0000] {logging_mixin.py:188} INFO - [2025-04-09T07:23:30.677+0000] {dag.py:3823} INFO - Setting next_dagrun for example_sensor_decorator to None, run_after=None
[2025-04-09T07:23:30.732+0000] {processor.py:183} INFO - Processing /home/airflow/.local/lib/python3.8/site-packages/airflow/example_dags/example_sensor_decorator.py took 0.109 seconds
[2025-04-09T07:24:01.220+0000] {processor.py:161} INFO - Started process (PID=1664) to work on /home/airflow/.local/lib/python3.8/site-packages/airflow/example_dags/example_sensor_decorator.py
[2025-04-09T07:24:01.236+0000] {processor.py:830} INFO - Processing file /home/airflow/.local/lib/python3.8/site-packages/airflow/example_dags/example_sensor_decorator.py for tasks to queue
[2025-04-09T07:24:01.238+0000] {logging_mixin.py:188} INFO - [2025-04-09T07:24:01.237+0000] {dagbag.py:538} INFO - Filling up the DagBag from /home/airflow/.local/lib/python3.8/site-packages/airflow/example_dags/example_sensor_decorator.py
[2025-04-09T07:24:01.243+0000] {processor.py:840} INFO - DAG(s) 'example_sensor_decorator' retrieved from /home/airflow/.local/lib/python3.8/site-packages/airflow/example_dags/example_sensor_decorator.py
[2025-04-09T07:24:01.266+0000] {logging_mixin.py:188} INFO - [2025-04-09T07:24:01.266+0000] {dag.py:3036} INFO - Sync 1 DAGs
[2025-04-09T07:24:01.281+0000] {logging_mixin.py:188} INFO - [2025-04-09T07:24:01.281+0000] {dag.py:3823} INFO - Setting next_dagrun for example_sensor_decorator to None, run_after=None
[2025-04-09T07:24:01.408+0000] {processor.py:183} INFO - Processing /home/airflow/.local/lib/python3.8/site-packages/airflow/example_dags/example_sensor_decorator.py took 0.191 seconds
[2025-04-09T07:24:32.848+0000] {processor.py:161} INFO - Started process (PID=1722) to work on /home/airflow/.local/lib/python3.8/site-packages/airflow/example_dags/example_sensor_decorator.py
[2025-04-09T07:24:32.849+0000] {processor.py:830} INFO - Processing file /home/airflow/.local/lib/python3.8/site-packages/airflow/example_dags/example_sensor_decorator.py for tasks to queue
[2025-04-09T07:24:32.851+0000] {logging_mixin.py:188} INFO - [2025-04-09T07:24:32.851+0000] {dagbag.py:538} INFO - Filling up the DagBag from /home/airflow/.local/lib/python3.8/site-packages/airflow/example_dags/example_sensor_decorator.py
[2025-04-09T07:24:32.857+0000] {processor.py:840} INFO - DAG(s) 'example_sensor_decorator' retrieved from /home/airflow/.local/lib/python3.8/site-packages/airflow/example_dags/example_sensor_decorator.py
[2025-04-09T07:24:32.880+0000] {logging_mixin.py:188} INFO - [2025-04-09T07:24:32.880+0000] {dag.py:3036} INFO - Sync 1 DAGs
[2025-04-09T07:24:32.893+0000] {logging_mixin.py:188} INFO - [2025-04-09T07:24:32.892+0000] {dag.py:3823} INFO - Setting next_dagrun for example_sensor_decorator to None, run_after=None
[2025-04-09T07:24:32.959+0000] {processor.py:183} INFO - Processing /home/airflow/.local/lib/python3.8/site-packages/airflow/example_dags/example_sensor_decorator.py took 0.114 seconds
[2025-04-09T07:25:03.183+0000] {processor.py:161} INFO - Started process (PID=1780) to work on /home/airflow/.local/lib/python3.8/site-packages/airflow/example_dags/example_sensor_decorator.py
[2025-04-09T07:25:03.183+0000] {processor.py:830} INFO - Processing file /home/airflow/.local/lib/python3.8/site-packages/airflow/example_dags/example_sensor_decorator.py for tasks to queue
[2025-04-09T07:25:03.185+0000] {logging_mixin.py:188} INFO - [2025-04-09T07:25:03.184+0000] {dagbag.py:538} INFO - Filling up the DagBag from /home/airflow/.local/lib/python3.8/site-packages/airflow/example_dags/example_sensor_decorator.py
[2025-04-09T07:25:03.190+0000] {processor.py:840} INFO - DAG(s) 'example_sensor_decorator' retrieved from /home/airflow/.local/lib/python3.8/site-packages/airflow/example_dags/example_sensor_decorator.py
[2025-04-09T07:25:03.212+0000] {logging_mixin.py:188} INFO - [2025-04-09T07:25:03.212+0000] {dag.py:3036} INFO - Sync 1 DAGs
[2025-04-09T07:25:03.223+0000] {logging_mixin.py:188} INFO - [2025-04-09T07:25:03.223+0000] {dag.py:3823} INFO - Setting next_dagrun for example_sensor_decorator to None, run_after=None
[2025-04-09T07:25:03.270+0000] {processor.py:183} INFO - Processing /home/airflow/.local/lib/python3.8/site-packages/airflow/example_dags/example_sensor_decorator.py took 0.091 seconds
[2025-04-09T07:25:33.468+0000] {processor.py:161} INFO - Started process (PID=1838) to work on /home/airflow/.local/lib/python3.8/site-packages/airflow/example_dags/example_sensor_decorator.py
[2025-04-09T07:25:33.469+0000] {processor.py:830} INFO - Processing file /home/airflow/.local/lib/python3.8/site-packages/airflow/example_dags/example_sensor_decorator.py for tasks to queue
[2025-04-09T07:25:33.471+0000] {logging_mixin.py:188} INFO - [2025-04-09T07:25:33.470+0000] {dagbag.py:538} INFO - Filling up the DagBag from /home/airflow/.local/lib/python3.8/site-packages/airflow/example_dags/example_sensor_decorator.py
[2025-04-09T07:25:33.479+0000] {processor.py:840} INFO - DAG(s) 'example_sensor_decorator' retrieved from /home/airflow/.local/lib/python3.8/site-packages/airflow/example_dags/example_sensor_decorator.py
[2025-04-09T07:25:33.503+0000] {logging_mixin.py:188} INFO - [2025-04-09T07:25:33.502+0000] {dag.py:3036} INFO - Sync 1 DAGs
[2025-04-09T07:25:33.517+0000] {logging_mixin.py:188} INFO - [2025-04-09T07:25:33.517+0000] {dag.py:3823} INFO - Setting next_dagrun for example_sensor_decorator to None, run_after=None
[2025-04-09T07:25:33.599+0000] {processor.py:183} INFO - Processing /home/airflow/.local/lib/python3.8/site-packages/airflow/example_dags/example_sensor_decorator.py took 0.135 seconds
