[2025-04-09T06:43:07.346+0000] {processor.py:161} INFO - Started process (PID=764) to work on /home/airflow/.local/lib/python3.8/site-packages/airflow/example_dags/example_dag_decorator.py
[2025-04-09T06:43:07.347+0000] {processor.py:830} INFO - Processing file /home/airflow/.local/lib/python3.8/site-packages/airflow/example_dags/example_dag_decorator.py for tasks to queue
[2025-04-09T06:43:07.348+0000] {logging_mixin.py:188} INFO - [2025-04-09T06:43:07.348+0000] {dagbag.py:538} INFO - Filling up the DagBag from /home/airflow/.local/lib/python3.8/site-packages/airflow/example_dags/example_dag_decorator.py
[2025-04-09T06:43:07.593+0000] {processor.py:840} INFO - DAG(s) 'example_dag_decorator' retrieved from /home/airflow/.local/lib/python3.8/site-packages/airflow/example_dags/example_dag_decorator.py
[2025-04-09T06:43:07.704+0000] {logging_mixin.py:188} INFO - [2025-04-09T06:43:07.703+0000] {dag.py:3036} INFO - Sync 1 DAGs
[2025-04-09T06:43:07.716+0000] {logging_mixin.py:188} INFO - [2025-04-09T06:43:07.716+0000] {dag.py:3823} INFO - Setting next_dagrun for example_dag_decorator to None, run_after=None
[2025-04-09T06:43:08.042+0000] {processor.py:183} INFO - Processing /home/airflow/.local/lib/python3.8/site-packages/airflow/example_dags/example_dag_decorator.py took 0.699 seconds
[2025-04-09T06:44:53.497+0000] {processor.py:161} INFO - Started process (PID=74) to work on /home/airflow/.local/lib/python3.8/site-packages/airflow/example_dags/example_dag_decorator.py
[2025-04-09T06:44:53.498+0000] {processor.py:830} INFO - Processing file /home/airflow/.local/lib/python3.8/site-packages/airflow/example_dags/example_dag_decorator.py for tasks to queue
[2025-04-09T06:44:53.500+0000] {logging_mixin.py:188} INFO - [2025-04-09T06:44:53.500+0000] {dagbag.py:538} INFO - Filling up the DagBag from /home/airflow/.local/lib/python3.8/site-packages/airflow/example_dags/example_dag_decorator.py
[2025-04-09T06:44:53.844+0000] {processor.py:840} INFO - DAG(s) 'example_dag_decorator' retrieved from /home/airflow/.local/lib/python3.8/site-packages/airflow/example_dags/example_dag_decorator.py
[2025-04-09T06:44:54.024+0000] {logging_mixin.py:188} INFO - [2025-04-09T06:44:54.024+0000] {dag.py:3036} INFO - Sync 1 DAGs
[2025-04-09T06:44:54.039+0000] {logging_mixin.py:188} INFO - [2025-04-09T06:44:54.038+0000] {dag.py:3823} INFO - Setting next_dagrun for example_dag_decorator to None, run_after=None
[2025-04-09T06:44:54.119+0000] {processor.py:183} INFO - Processing /home/airflow/.local/lib/python3.8/site-packages/airflow/example_dags/example_dag_decorator.py took 0.627 seconds
[2025-04-09T06:45:23.799+0000] {processor.py:161} INFO - Started process (PID=62) to work on /home/airflow/.local/lib/python3.8/site-packages/airflow/example_dags/example_dag_decorator.py
[2025-04-09T06:45:23.801+0000] {processor.py:830} INFO - Processing file /home/airflow/.local/lib/python3.8/site-packages/airflow/example_dags/example_dag_decorator.py for tasks to queue
[2025-04-09T06:45:23.803+0000] {logging_mixin.py:188} INFO - [2025-04-09T06:45:23.803+0000] {dagbag.py:538} INFO - Filling up the DagBag from /home/airflow/.local/lib/python3.8/site-packages/airflow/example_dags/example_dag_decorator.py
[2025-04-09T06:45:23.903+0000] {processor.py:840} INFO - DAG(s) 'example_dag_decorator' retrieved from /home/airflow/.local/lib/python3.8/site-packages/airflow/example_dags/example_dag_decorator.py
[2025-04-09T06:45:24.040+0000] {logging_mixin.py:188} INFO - [2025-04-09T06:45:24.040+0000] {dag.py:3036} INFO - Sync 1 DAGs
[2025-04-09T06:45:24.054+0000] {logging_mixin.py:188} INFO - [2025-04-09T06:45:24.054+0000] {dag.py:3823} INFO - Setting next_dagrun for example_dag_decorator to None, run_after=None
[2025-04-09T06:45:24.103+0000] {processor.py:183} INFO - Processing /home/airflow/.local/lib/python3.8/site-packages/airflow/example_dags/example_dag_decorator.py took 0.307 seconds
[2025-04-09T06:45:54.425+0000] {processor.py:161} INFO - Started process (PID=120) to work on /home/airflow/.local/lib/python3.8/site-packages/airflow/example_dags/example_dag_decorator.py
[2025-04-09T06:45:54.425+0000] {processor.py:830} INFO - Processing file /home/airflow/.local/lib/python3.8/site-packages/airflow/example_dags/example_dag_decorator.py for tasks to queue
[2025-04-09T06:45:54.428+0000] {logging_mixin.py:188} INFO - [2025-04-09T06:45:54.427+0000] {dagbag.py:538} INFO - Filling up the DagBag from /home/airflow/.local/lib/python3.8/site-packages/airflow/example_dags/example_dag_decorator.py
[2025-04-09T06:45:54.521+0000] {processor.py:840} INFO - DAG(s) 'example_dag_decorator' retrieved from /home/airflow/.local/lib/python3.8/site-packages/airflow/example_dags/example_dag_decorator.py
[2025-04-09T06:45:54.644+0000] {logging_mixin.py:188} INFO - [2025-04-09T06:45:54.644+0000] {dag.py:3036} INFO - Sync 1 DAGs
[2025-04-09T06:45:54.656+0000] {logging_mixin.py:188} INFO - [2025-04-09T06:45:54.655+0000] {dag.py:3823} INFO - Setting next_dagrun for example_dag_decorator to None, run_after=None
[2025-04-09T06:45:54.715+0000] {processor.py:183} INFO - Processing /home/airflow/.local/lib/python3.8/site-packages/airflow/example_dags/example_dag_decorator.py took 0.293 seconds
[2025-04-09T06:46:25.142+0000] {processor.py:161} INFO - Started process (PID=178) to work on /home/airflow/.local/lib/python3.8/site-packages/airflow/example_dags/example_dag_decorator.py
[2025-04-09T06:46:25.143+0000] {processor.py:830} INFO - Processing file /home/airflow/.local/lib/python3.8/site-packages/airflow/example_dags/example_dag_decorator.py for tasks to queue
[2025-04-09T06:46:25.145+0000] {logging_mixin.py:188} INFO - [2025-04-09T06:46:25.144+0000] {dagbag.py:538} INFO - Filling up the DagBag from /home/airflow/.local/lib/python3.8/site-packages/airflow/example_dags/example_dag_decorator.py
[2025-04-09T06:46:25.243+0000] {processor.py:840} INFO - DAG(s) 'example_dag_decorator' retrieved from /home/airflow/.local/lib/python3.8/site-packages/airflow/example_dags/example_dag_decorator.py
[2025-04-09T06:46:25.364+0000] {logging_mixin.py:188} INFO - [2025-04-09T06:46:25.364+0000] {dag.py:3036} INFO - Sync 1 DAGs
[2025-04-09T06:46:25.376+0000] {logging_mixin.py:188} INFO - [2025-04-09T06:46:25.376+0000] {dag.py:3823} INFO - Setting next_dagrun for example_dag_decorator to None, run_after=None
[2025-04-09T06:46:25.419+0000] {processor.py:183} INFO - Processing /home/airflow/.local/lib/python3.8/site-packages/airflow/example_dags/example_dag_decorator.py took 0.280 seconds
[2025-04-09T06:46:56.706+0000] {processor.py:161} INFO - Started process (PID=236) to work on /home/airflow/.local/lib/python3.8/site-packages/airflow/example_dags/example_dag_decorator.py
[2025-04-09T06:46:56.716+0000] {processor.py:830} INFO - Processing file /home/airflow/.local/lib/python3.8/site-packages/airflow/example_dags/example_dag_decorator.py for tasks to queue
[2025-04-09T06:46:56.718+0000] {logging_mixin.py:188} INFO - [2025-04-09T06:46:56.718+0000] {dagbag.py:538} INFO - Filling up the DagBag from /home/airflow/.local/lib/python3.8/site-packages/airflow/example_dags/example_dag_decorator.py
[2025-04-09T06:46:56.838+0000] {processor.py:840} INFO - DAG(s) 'example_dag_decorator' retrieved from /home/airflow/.local/lib/python3.8/site-packages/airflow/example_dags/example_dag_decorator.py
[2025-04-09T06:46:56.962+0000] {logging_mixin.py:188} INFO - [2025-04-09T06:46:56.961+0000] {dag.py:3036} INFO - Sync 1 DAGs
[2025-04-09T06:46:56.975+0000] {logging_mixin.py:188} INFO - [2025-04-09T06:46:56.975+0000] {dag.py:3823} INFO - Setting next_dagrun for example_dag_decorator to None, run_after=None
[2025-04-09T06:46:57.030+0000] {processor.py:183} INFO - Processing /home/airflow/.local/lib/python3.8/site-packages/airflow/example_dags/example_dag_decorator.py took 0.327 seconds
[2025-04-09T06:47:31.359+0000] {processor.py:161} INFO - Started process (PID=294) to work on /home/airflow/.local/lib/python3.8/site-packages/airflow/example_dags/example_dag_decorator.py
[2025-04-09T06:47:31.361+0000] {processor.py:830} INFO - Processing file /home/airflow/.local/lib/python3.8/site-packages/airflow/example_dags/example_dag_decorator.py for tasks to queue
[2025-04-09T06:47:31.362+0000] {logging_mixin.py:188} INFO - [2025-04-09T06:47:31.362+0000] {dagbag.py:538} INFO - Filling up the DagBag from /home/airflow/.local/lib/python3.8/site-packages/airflow/example_dags/example_dag_decorator.py
[2025-04-09T06:47:31.466+0000] {processor.py:840} INFO - DAG(s) 'example_dag_decorator' retrieved from /home/airflow/.local/lib/python3.8/site-packages/airflow/example_dags/example_dag_decorator.py
[2025-04-09T06:47:31.594+0000] {logging_mixin.py:188} INFO - [2025-04-09T06:47:31.594+0000] {dag.py:3036} INFO - Sync 1 DAGs
[2025-04-09T06:47:31.606+0000] {logging_mixin.py:188} INFO - [2025-04-09T06:47:31.606+0000] {dag.py:3823} INFO - Setting next_dagrun for example_dag_decorator to None, run_after=None
[2025-04-09T06:47:31.651+0000] {processor.py:183} INFO - Processing /home/airflow/.local/lib/python3.8/site-packages/airflow/example_dags/example_dag_decorator.py took 0.295 seconds
[2025-04-09T06:48:02.460+0000] {processor.py:161} INFO - Started process (PID=352) to work on /home/airflow/.local/lib/python3.8/site-packages/airflow/example_dags/example_dag_decorator.py
[2025-04-09T06:48:02.462+0000] {processor.py:830} INFO - Processing file /home/airflow/.local/lib/python3.8/site-packages/airflow/example_dags/example_dag_decorator.py for tasks to queue
[2025-04-09T06:48:02.464+0000] {logging_mixin.py:188} INFO - [2025-04-09T06:48:02.463+0000] {dagbag.py:538} INFO - Filling up the DagBag from /home/airflow/.local/lib/python3.8/site-packages/airflow/example_dags/example_dag_decorator.py
[2025-04-09T06:48:02.571+0000] {processor.py:840} INFO - DAG(s) 'example_dag_decorator' retrieved from /home/airflow/.local/lib/python3.8/site-packages/airflow/example_dags/example_dag_decorator.py
[2025-04-09T06:48:02.694+0000] {logging_mixin.py:188} INFO - [2025-04-09T06:48:02.694+0000] {dag.py:3036} INFO - Sync 1 DAGs
[2025-04-09T06:48:02.705+0000] {logging_mixin.py:188} INFO - [2025-04-09T06:48:02.705+0000] {dag.py:3823} INFO - Setting next_dagrun for example_dag_decorator to None, run_after=None
[2025-04-09T06:48:02.784+0000] {processor.py:183} INFO - Processing /home/airflow/.local/lib/python3.8/site-packages/airflow/example_dags/example_dag_decorator.py took 0.328 seconds
[2025-04-09T06:48:33.375+0000] {processor.py:161} INFO - Started process (PID=410) to work on /home/airflow/.local/lib/python3.8/site-packages/airflow/example_dags/example_dag_decorator.py
[2025-04-09T06:48:33.400+0000] {processor.py:830} INFO - Processing file /home/airflow/.local/lib/python3.8/site-packages/airflow/example_dags/example_dag_decorator.py for tasks to queue
[2025-04-09T06:48:33.402+0000] {logging_mixin.py:188} INFO - [2025-04-09T06:48:33.402+0000] {dagbag.py:538} INFO - Filling up the DagBag from /home/airflow/.local/lib/python3.8/site-packages/airflow/example_dags/example_dag_decorator.py
[2025-04-09T06:48:33.499+0000] {processor.py:840} INFO - DAG(s) 'example_dag_decorator' retrieved from /home/airflow/.local/lib/python3.8/site-packages/airflow/example_dags/example_dag_decorator.py
[2025-04-09T06:48:33.614+0000] {logging_mixin.py:188} INFO - [2025-04-09T06:48:33.614+0000] {dag.py:3036} INFO - Sync 1 DAGs
[2025-04-09T06:48:33.635+0000] {logging_mixin.py:188} INFO - [2025-04-09T06:48:33.635+0000] {dag.py:3823} INFO - Setting next_dagrun for example_dag_decorator to None, run_after=None
[2025-04-09T06:48:33.678+0000] {processor.py:183} INFO - Processing /home/airflow/.local/lib/python3.8/site-packages/airflow/example_dags/example_dag_decorator.py took 0.306 seconds
[2025-04-09T06:49:04.292+0000] {processor.py:161} INFO - Started process (PID=468) to work on /home/airflow/.local/lib/python3.8/site-packages/airflow/example_dags/example_dag_decorator.py
[2025-04-09T06:49:04.294+0000] {processor.py:830} INFO - Processing file /home/airflow/.local/lib/python3.8/site-packages/airflow/example_dags/example_dag_decorator.py for tasks to queue
[2025-04-09T06:49:04.296+0000] {logging_mixin.py:188} INFO - [2025-04-09T06:49:04.295+0000] {dagbag.py:538} INFO - Filling up the DagBag from /home/airflow/.local/lib/python3.8/site-packages/airflow/example_dags/example_dag_decorator.py
[2025-04-09T06:49:04.400+0000] {processor.py:840} INFO - DAG(s) 'example_dag_decorator' retrieved from /home/airflow/.local/lib/python3.8/site-packages/airflow/example_dags/example_dag_decorator.py
[2025-04-09T06:49:04.533+0000] {logging_mixin.py:188} INFO - [2025-04-09T06:49:04.533+0000] {dag.py:3036} INFO - Sync 1 DAGs
[2025-04-09T06:49:04.545+0000] {logging_mixin.py:188} INFO - [2025-04-09T06:49:04.544+0000] {dag.py:3823} INFO - Setting next_dagrun for example_dag_decorator to None, run_after=None
[2025-04-09T06:49:04.633+0000] {processor.py:183} INFO - Processing /home/airflow/.local/lib/python3.8/site-packages/airflow/example_dags/example_dag_decorator.py took 0.345 seconds
[2025-04-09T06:49:34.695+0000] {processor.py:161} INFO - Started process (PID=526) to work on /home/airflow/.local/lib/python3.8/site-packages/airflow/example_dags/example_dag_decorator.py
[2025-04-09T06:49:34.696+0000] {processor.py:830} INFO - Processing file /home/airflow/.local/lib/python3.8/site-packages/airflow/example_dags/example_dag_decorator.py for tasks to queue
[2025-04-09T06:49:34.698+0000] {logging_mixin.py:188} INFO - [2025-04-09T06:49:34.698+0000] {dagbag.py:538} INFO - Filling up the DagBag from /home/airflow/.local/lib/python3.8/site-packages/airflow/example_dags/example_dag_decorator.py
[2025-04-09T06:49:34.798+0000] {processor.py:840} INFO - DAG(s) 'example_dag_decorator' retrieved from /home/airflow/.local/lib/python3.8/site-packages/airflow/example_dags/example_dag_decorator.py
[2025-04-09T06:49:34.923+0000] {logging_mixin.py:188} INFO - [2025-04-09T06:49:34.922+0000] {dag.py:3036} INFO - Sync 1 DAGs
[2025-04-09T06:49:34.935+0000] {logging_mixin.py:188} INFO - [2025-04-09T06:49:34.934+0000] {dag.py:3823} INFO - Setting next_dagrun for example_dag_decorator to None, run_after=None
[2025-04-09T06:49:34.982+0000] {processor.py:183} INFO - Processing /home/airflow/.local/lib/python3.8/site-packages/airflow/example_dags/example_dag_decorator.py took 0.290 seconds
[2025-04-09T06:50:05.166+0000] {processor.py:161} INFO - Started process (PID=584) to work on /home/airflow/.local/lib/python3.8/site-packages/airflow/example_dags/example_dag_decorator.py
[2025-04-09T06:50:05.174+0000] {processor.py:830} INFO - Processing file /home/airflow/.local/lib/python3.8/site-packages/airflow/example_dags/example_dag_decorator.py for tasks to queue
[2025-04-09T06:50:05.175+0000] {logging_mixin.py:188} INFO - [2025-04-09T06:50:05.175+0000] {dagbag.py:538} INFO - Filling up the DagBag from /home/airflow/.local/lib/python3.8/site-packages/airflow/example_dags/example_dag_decorator.py
[2025-04-09T06:50:05.266+0000] {processor.py:840} INFO - DAG(s) 'example_dag_decorator' retrieved from /home/airflow/.local/lib/python3.8/site-packages/airflow/example_dags/example_dag_decorator.py
[2025-04-09T06:50:05.376+0000] {logging_mixin.py:188} INFO - [2025-04-09T06:50:05.376+0000] {dag.py:3036} INFO - Sync 1 DAGs
[2025-04-09T06:50:05.387+0000] {logging_mixin.py:188} INFO - [2025-04-09T06:50:05.387+0000] {dag.py:3823} INFO - Setting next_dagrun for example_dag_decorator to None, run_after=None
[2025-04-09T06:50:05.467+0000] {processor.py:183} INFO - Processing /home/airflow/.local/lib/python3.8/site-packages/airflow/example_dags/example_dag_decorator.py took 0.304 seconds
[2025-04-09T06:50:36.269+0000] {processor.py:161} INFO - Started process (PID=642) to work on /home/airflow/.local/lib/python3.8/site-packages/airflow/example_dags/example_dag_decorator.py
[2025-04-09T06:50:36.270+0000] {processor.py:830} INFO - Processing file /home/airflow/.local/lib/python3.8/site-packages/airflow/example_dags/example_dag_decorator.py for tasks to queue
[2025-04-09T06:50:36.272+0000] {logging_mixin.py:188} INFO - [2025-04-09T06:50:36.271+0000] {dagbag.py:538} INFO - Filling up the DagBag from /home/airflow/.local/lib/python3.8/site-packages/airflow/example_dags/example_dag_decorator.py
[2025-04-09T06:50:36.362+0000] {processor.py:840} INFO - DAG(s) 'example_dag_decorator' retrieved from /home/airflow/.local/lib/python3.8/site-packages/airflow/example_dags/example_dag_decorator.py
[2025-04-09T06:50:36.494+0000] {logging_mixin.py:188} INFO - [2025-04-09T06:50:36.494+0000] {dag.py:3036} INFO - Sync 1 DAGs
[2025-04-09T06:50:36.506+0000] {logging_mixin.py:188} INFO - [2025-04-09T06:50:36.506+0000] {dag.py:3823} INFO - Setting next_dagrun for example_dag_decorator to None, run_after=None
[2025-04-09T06:50:36.558+0000] {processor.py:183} INFO - Processing /home/airflow/.local/lib/python3.8/site-packages/airflow/example_dags/example_dag_decorator.py took 0.292 seconds
[2025-04-09T06:51:07.253+0000] {processor.py:161} INFO - Started process (PID=701) to work on /home/airflow/.local/lib/python3.8/site-packages/airflow/example_dags/example_dag_decorator.py
[2025-04-09T06:51:07.254+0000] {processor.py:830} INFO - Processing file /home/airflow/.local/lib/python3.8/site-packages/airflow/example_dags/example_dag_decorator.py for tasks to queue
[2025-04-09T06:51:07.255+0000] {logging_mixin.py:188} INFO - [2025-04-09T06:51:07.255+0000] {dagbag.py:538} INFO - Filling up the DagBag from /home/airflow/.local/lib/python3.8/site-packages/airflow/example_dags/example_dag_decorator.py
[2025-04-09T06:51:07.359+0000] {processor.py:840} INFO - DAG(s) 'example_dag_decorator' retrieved from /home/airflow/.local/lib/python3.8/site-packages/airflow/example_dags/example_dag_decorator.py
[2025-04-09T06:51:07.469+0000] {logging_mixin.py:188} INFO - [2025-04-09T06:51:07.469+0000] {dag.py:3036} INFO - Sync 1 DAGs
[2025-04-09T06:51:07.480+0000] {logging_mixin.py:188} INFO - [2025-04-09T06:51:07.480+0000] {dag.py:3823} INFO - Setting next_dagrun for example_dag_decorator to None, run_after=None
[2025-04-09T06:51:07.529+0000] {processor.py:183} INFO - Processing /home/airflow/.local/lib/python3.8/site-packages/airflow/example_dags/example_dag_decorator.py took 0.280 seconds
[2025-04-09T06:51:41.790+0000] {processor.py:161} INFO - Started process (PID=760) to work on /home/airflow/.local/lib/python3.8/site-packages/airflow/example_dags/example_dag_decorator.py
[2025-04-09T06:51:41.810+0000] {processor.py:830} INFO - Processing file /home/airflow/.local/lib/python3.8/site-packages/airflow/example_dags/example_dag_decorator.py for tasks to queue
[2025-04-09T06:51:41.812+0000] {logging_mixin.py:188} INFO - [2025-04-09T06:51:41.811+0000] {dagbag.py:538} INFO - Filling up the DagBag from /home/airflow/.local/lib/python3.8/site-packages/airflow/example_dags/example_dag_decorator.py
[2025-04-09T06:51:41.921+0000] {processor.py:840} INFO - DAG(s) 'example_dag_decorator' retrieved from /home/airflow/.local/lib/python3.8/site-packages/airflow/example_dags/example_dag_decorator.py
[2025-04-09T06:51:42.053+0000] {logging_mixin.py:188} INFO - [2025-04-09T06:51:42.052+0000] {dag.py:3036} INFO - Sync 1 DAGs
[2025-04-09T06:51:42.067+0000] {logging_mixin.py:188} INFO - [2025-04-09T06:51:42.067+0000] {dag.py:3823} INFO - Setting next_dagrun for example_dag_decorator to None, run_after=None
[2025-04-09T06:51:42.114+0000] {processor.py:183} INFO - Processing /home/airflow/.local/lib/python3.8/site-packages/airflow/example_dags/example_dag_decorator.py took 0.327 seconds
[2025-04-09T06:52:31.589+0000] {processor.py:161} INFO - Started process (PID=70) to work on /home/airflow/.local/lib/python3.8/site-packages/airflow/example_dags/example_dag_decorator.py
[2025-04-09T06:52:31.591+0000] {processor.py:830} INFO - Processing file /home/airflow/.local/lib/python3.8/site-packages/airflow/example_dags/example_dag_decorator.py for tasks to queue
[2025-04-09T06:52:31.593+0000] {logging_mixin.py:188} INFO - [2025-04-09T06:52:31.593+0000] {dagbag.py:538} INFO - Filling up the DagBag from /home/airflow/.local/lib/python3.8/site-packages/airflow/example_dags/example_dag_decorator.py
[2025-04-09T06:52:31.723+0000] {processor.py:840} INFO - DAG(s) 'example_dag_decorator' retrieved from /home/airflow/.local/lib/python3.8/site-packages/airflow/example_dags/example_dag_decorator.py
[2025-04-09T06:52:31.748+0000] {logging_mixin.py:188} INFO - [2025-04-09T06:52:31.747+0000] {dag.py:3036} INFO - Sync 1 DAGs
[2025-04-09T06:52:31.766+0000] {logging_mixin.py:188} INFO - [2025-04-09T06:52:31.766+0000] {dag.py:3823} INFO - Setting next_dagrun for example_dag_decorator to None, run_after=None
[2025-04-09T06:52:31.823+0000] {processor.py:183} INFO - Processing /home/airflow/.local/lib/python3.8/site-packages/airflow/example_dags/example_dag_decorator.py took 0.238 seconds
[2025-04-09T06:53:03.601+0000] {processor.py:161} INFO - Started process (PID=128) to work on /home/airflow/.local/lib/python3.8/site-packages/airflow/example_dags/example_dag_decorator.py
[2025-04-09T06:53:03.602+0000] {processor.py:830} INFO - Processing file /home/airflow/.local/lib/python3.8/site-packages/airflow/example_dags/example_dag_decorator.py for tasks to queue
[2025-04-09T06:53:03.605+0000] {logging_mixin.py:188} INFO - [2025-04-09T06:53:03.604+0000] {dagbag.py:538} INFO - Filling up the DagBag from /home/airflow/.local/lib/python3.8/site-packages/airflow/example_dags/example_dag_decorator.py
[2025-04-09T06:53:03.712+0000] {processor.py:840} INFO - DAG(s) 'example_dag_decorator' retrieved from /home/airflow/.local/lib/python3.8/site-packages/airflow/example_dags/example_dag_decorator.py
[2025-04-09T06:53:03.838+0000] {logging_mixin.py:188} INFO - [2025-04-09T06:53:03.838+0000] {dag.py:3036} INFO - Sync 1 DAGs
[2025-04-09T06:53:03.850+0000] {logging_mixin.py:188} INFO - [2025-04-09T06:53:03.850+0000] {dag.py:3823} INFO - Setting next_dagrun for example_dag_decorator to None, run_after=None
[2025-04-09T06:53:03.903+0000] {processor.py:183} INFO - Processing /home/airflow/.local/lib/python3.8/site-packages/airflow/example_dags/example_dag_decorator.py took 0.307 seconds
[2025-04-09T06:53:34.425+0000] {processor.py:161} INFO - Started process (PID=186) to work on /home/airflow/.local/lib/python3.8/site-packages/airflow/example_dags/example_dag_decorator.py
[2025-04-09T06:53:34.440+0000] {processor.py:830} INFO - Processing file /home/airflow/.local/lib/python3.8/site-packages/airflow/example_dags/example_dag_decorator.py for tasks to queue
[2025-04-09T06:53:34.442+0000] {logging_mixin.py:188} INFO - [2025-04-09T06:53:34.442+0000] {dagbag.py:538} INFO - Filling up the DagBag from /home/airflow/.local/lib/python3.8/site-packages/airflow/example_dags/example_dag_decorator.py
[2025-04-09T06:53:34.565+0000] {processor.py:840} INFO - DAG(s) 'example_dag_decorator' retrieved from /home/airflow/.local/lib/python3.8/site-packages/airflow/example_dags/example_dag_decorator.py
[2025-04-09T06:53:34.694+0000] {logging_mixin.py:188} INFO - [2025-04-09T06:53:34.693+0000] {dag.py:3036} INFO - Sync 1 DAGs
[2025-04-09T06:53:34.712+0000] {logging_mixin.py:188} INFO - [2025-04-09T06:53:34.712+0000] {dag.py:3823} INFO - Setting next_dagrun for example_dag_decorator to None, run_after=None
[2025-04-09T06:53:34.790+0000] {processor.py:183} INFO - Processing /home/airflow/.local/lib/python3.8/site-packages/airflow/example_dags/example_dag_decorator.py took 0.369 seconds
[2025-04-09T06:54:06.717+0000] {processor.py:161} INFO - Started process (PID=244) to work on /home/airflow/.local/lib/python3.8/site-packages/airflow/example_dags/example_dag_decorator.py
[2025-04-09T06:54:06.718+0000] {processor.py:830} INFO - Processing file /home/airflow/.local/lib/python3.8/site-packages/airflow/example_dags/example_dag_decorator.py for tasks to queue
[2025-04-09T06:54:06.719+0000] {logging_mixin.py:188} INFO - [2025-04-09T06:54:06.719+0000] {dagbag.py:538} INFO - Filling up the DagBag from /home/airflow/.local/lib/python3.8/site-packages/airflow/example_dags/example_dag_decorator.py
[2025-04-09T06:54:06.824+0000] {processor.py:840} INFO - DAG(s) 'example_dag_decorator' retrieved from /home/airflow/.local/lib/python3.8/site-packages/airflow/example_dags/example_dag_decorator.py
[2025-04-09T06:54:06.967+0000] {logging_mixin.py:188} INFO - [2025-04-09T06:54:06.967+0000] {dag.py:3036} INFO - Sync 1 DAGs
[2025-04-09T06:54:06.978+0000] {logging_mixin.py:188} INFO - [2025-04-09T06:54:06.977+0000] {dag.py:3823} INFO - Setting next_dagrun for example_dag_decorator to None, run_after=None
[2025-04-09T06:54:07.098+0000] {processor.py:183} INFO - Processing /home/airflow/.local/lib/python3.8/site-packages/airflow/example_dags/example_dag_decorator.py took 0.384 seconds
[2025-04-09T06:54:41.939+0000] {processor.py:161} INFO - Started process (PID=302) to work on /home/airflow/.local/lib/python3.8/site-packages/airflow/example_dags/example_dag_decorator.py
[2025-04-09T06:54:41.941+0000] {processor.py:830} INFO - Processing file /home/airflow/.local/lib/python3.8/site-packages/airflow/example_dags/example_dag_decorator.py for tasks to queue
[2025-04-09T06:54:41.943+0000] {logging_mixin.py:188} INFO - [2025-04-09T06:54:41.942+0000] {dagbag.py:538} INFO - Filling up the DagBag from /home/airflow/.local/lib/python3.8/site-packages/airflow/example_dags/example_dag_decorator.py
[2025-04-09T06:54:42.053+0000] {processor.py:840} INFO - DAG(s) 'example_dag_decorator' retrieved from /home/airflow/.local/lib/python3.8/site-packages/airflow/example_dags/example_dag_decorator.py
[2025-04-09T06:54:42.179+0000] {logging_mixin.py:188} INFO - [2025-04-09T06:54:42.179+0000] {dag.py:3036} INFO - Sync 1 DAGs
[2025-04-09T06:54:42.195+0000] {logging_mixin.py:188} INFO - [2025-04-09T06:54:42.194+0000] {dag.py:3823} INFO - Setting next_dagrun for example_dag_decorator to None, run_after=None
[2025-04-09T06:54:42.265+0000] {processor.py:183} INFO - Processing /home/airflow/.local/lib/python3.8/site-packages/airflow/example_dags/example_dag_decorator.py took 0.328 seconds
[2025-04-09T06:55:12.318+0000] {processor.py:161} INFO - Started process (PID=360) to work on /home/airflow/.local/lib/python3.8/site-packages/airflow/example_dags/example_dag_decorator.py
[2025-04-09T06:55:12.319+0000] {processor.py:830} INFO - Processing file /home/airflow/.local/lib/python3.8/site-packages/airflow/example_dags/example_dag_decorator.py for tasks to queue
[2025-04-09T06:55:12.322+0000] {logging_mixin.py:188} INFO - [2025-04-09T06:55:12.321+0000] {dagbag.py:538} INFO - Filling up the DagBag from /home/airflow/.local/lib/python3.8/site-packages/airflow/example_dags/example_dag_decorator.py
[2025-04-09T06:55:12.419+0000] {processor.py:840} INFO - DAG(s) 'example_dag_decorator' retrieved from /home/airflow/.local/lib/python3.8/site-packages/airflow/example_dags/example_dag_decorator.py
[2025-04-09T06:55:12.530+0000] {logging_mixin.py:188} INFO - [2025-04-09T06:55:12.530+0000] {dag.py:3036} INFO - Sync 1 DAGs
[2025-04-09T06:55:12.544+0000] {logging_mixin.py:188} INFO - [2025-04-09T06:55:12.544+0000] {dag.py:3823} INFO - Setting next_dagrun for example_dag_decorator to None, run_after=None
[2025-04-09T06:55:12.606+0000] {processor.py:183} INFO - Processing /home/airflow/.local/lib/python3.8/site-packages/airflow/example_dags/example_dag_decorator.py took 0.292 seconds
[2025-04-09T06:55:43.315+0000] {processor.py:161} INFO - Started process (PID=418) to work on /home/airflow/.local/lib/python3.8/site-packages/airflow/example_dags/example_dag_decorator.py
[2025-04-09T06:55:43.316+0000] {processor.py:830} INFO - Processing file /home/airflow/.local/lib/python3.8/site-packages/airflow/example_dags/example_dag_decorator.py for tasks to queue
[2025-04-09T06:55:43.318+0000] {logging_mixin.py:188} INFO - [2025-04-09T06:55:43.317+0000] {dagbag.py:538} INFO - Filling up the DagBag from /home/airflow/.local/lib/python3.8/site-packages/airflow/example_dags/example_dag_decorator.py
[2025-04-09T06:55:43.429+0000] {processor.py:840} INFO - DAG(s) 'example_dag_decorator' retrieved from /home/airflow/.local/lib/python3.8/site-packages/airflow/example_dags/example_dag_decorator.py
[2025-04-09T06:55:43.559+0000] {logging_mixin.py:188} INFO - [2025-04-09T06:55:43.558+0000] {dag.py:3036} INFO - Sync 1 DAGs
[2025-04-09T06:55:43.569+0000] {logging_mixin.py:188} INFO - [2025-04-09T06:55:43.569+0000] {dag.py:3823} INFO - Setting next_dagrun for example_dag_decorator to None, run_after=None
[2025-04-09T06:55:43.649+0000] {processor.py:183} INFO - Processing /home/airflow/.local/lib/python3.8/site-packages/airflow/example_dags/example_dag_decorator.py took 0.340 seconds
[2025-04-09T06:56:14.261+0000] {processor.py:161} INFO - Started process (PID=476) to work on /home/airflow/.local/lib/python3.8/site-packages/airflow/example_dags/example_dag_decorator.py
[2025-04-09T06:56:14.267+0000] {processor.py:830} INFO - Processing file /home/airflow/.local/lib/python3.8/site-packages/airflow/example_dags/example_dag_decorator.py for tasks to queue
[2025-04-09T06:56:14.269+0000] {logging_mixin.py:188} INFO - [2025-04-09T06:56:14.269+0000] {dagbag.py:538} INFO - Filling up the DagBag from /home/airflow/.local/lib/python3.8/site-packages/airflow/example_dags/example_dag_decorator.py
[2025-04-09T06:56:14.371+0000] {processor.py:840} INFO - DAG(s) 'example_dag_decorator' retrieved from /home/airflow/.local/lib/python3.8/site-packages/airflow/example_dags/example_dag_decorator.py
[2025-04-09T06:56:14.489+0000] {logging_mixin.py:188} INFO - [2025-04-09T06:56:14.488+0000] {dag.py:3036} INFO - Sync 1 DAGs
[2025-04-09T06:56:14.500+0000] {logging_mixin.py:188} INFO - [2025-04-09T06:56:14.499+0000] {dag.py:3823} INFO - Setting next_dagrun for example_dag_decorator to None, run_after=None
[2025-04-09T06:56:14.548+0000] {processor.py:183} INFO - Processing /home/airflow/.local/lib/python3.8/site-packages/airflow/example_dags/example_dag_decorator.py took 0.291 seconds
[2025-04-09T06:56:45.344+0000] {processor.py:161} INFO - Started process (PID=534) to work on /home/airflow/.local/lib/python3.8/site-packages/airflow/example_dags/example_dag_decorator.py
[2025-04-09T06:56:45.348+0000] {processor.py:830} INFO - Processing file /home/airflow/.local/lib/python3.8/site-packages/airflow/example_dags/example_dag_decorator.py for tasks to queue
[2025-04-09T06:56:45.353+0000] {logging_mixin.py:188} INFO - [2025-04-09T06:56:45.350+0000] {dagbag.py:538} INFO - Filling up the DagBag from /home/airflow/.local/lib/python3.8/site-packages/airflow/example_dags/example_dag_decorator.py
[2025-04-09T06:56:45.630+0000] {processor.py:840} INFO - DAG(s) 'example_dag_decorator' retrieved from /home/airflow/.local/lib/python3.8/site-packages/airflow/example_dags/example_dag_decorator.py
[2025-04-09T06:56:45.979+0000] {logging_mixin.py:188} INFO - [2025-04-09T06:56:45.978+0000] {dag.py:3036} INFO - Sync 1 DAGs
[2025-04-09T06:56:46.010+0000] {logging_mixin.py:188} INFO - [2025-04-09T06:56:46.009+0000] {dag.py:3823} INFO - Setting next_dagrun for example_dag_decorator to None, run_after=None
[2025-04-09T06:56:46.087+0000] {processor.py:183} INFO - Processing /home/airflow/.local/lib/python3.8/site-packages/airflow/example_dags/example_dag_decorator.py took 0.750 seconds
[2025-04-09T06:57:23.428+0000] {processor.py:161} INFO - Started process (PID=62) to work on /home/airflow/.local/lib/python3.8/site-packages/airflow/example_dags/example_dag_decorator.py
[2025-04-09T06:57:23.429+0000] {processor.py:830} INFO - Processing file /home/airflow/.local/lib/python3.8/site-packages/airflow/example_dags/example_dag_decorator.py for tasks to queue
[2025-04-09T06:57:23.431+0000] {logging_mixin.py:188} INFO - [2025-04-09T06:57:23.431+0000] {dagbag.py:538} INFO - Filling up the DagBag from /home/airflow/.local/lib/python3.8/site-packages/airflow/example_dags/example_dag_decorator.py
[2025-04-09T06:57:23.522+0000] {processor.py:840} INFO - DAG(s) 'example_dag_decorator' retrieved from /home/airflow/.local/lib/python3.8/site-packages/airflow/example_dags/example_dag_decorator.py
[2025-04-09T06:57:23.638+0000] {logging_mixin.py:188} INFO - [2025-04-09T06:57:23.638+0000] {dag.py:3036} INFO - Sync 1 DAGs
[2025-04-09T06:57:23.649+0000] {logging_mixin.py:188} INFO - [2025-04-09T06:57:23.649+0000] {dag.py:3823} INFO - Setting next_dagrun for example_dag_decorator to None, run_after=None
[2025-04-09T06:57:23.703+0000] {processor.py:183} INFO - Processing /home/airflow/.local/lib/python3.8/site-packages/airflow/example_dags/example_dag_decorator.py took 0.279 seconds
[2025-04-09T06:57:53.770+0000] {processor.py:161} INFO - Started process (PID=114) to work on /home/airflow/.local/lib/python3.8/site-packages/airflow/example_dags/example_dag_decorator.py
[2025-04-09T06:57:53.771+0000] {processor.py:830} INFO - Processing file /home/airflow/.local/lib/python3.8/site-packages/airflow/example_dags/example_dag_decorator.py for tasks to queue
[2025-04-09T06:57:53.773+0000] {logging_mixin.py:188} INFO - [2025-04-09T06:57:53.773+0000] {dagbag.py:538} INFO - Filling up the DagBag from /home/airflow/.local/lib/python3.8/site-packages/airflow/example_dags/example_dag_decorator.py
[2025-04-09T06:57:53.871+0000] {processor.py:840} INFO - DAG(s) 'example_dag_decorator' retrieved from /home/airflow/.local/lib/python3.8/site-packages/airflow/example_dags/example_dag_decorator.py
[2025-04-09T06:57:54.010+0000] {logging_mixin.py:188} INFO - [2025-04-09T06:57:54.010+0000] {dag.py:3036} INFO - Sync 1 DAGs
[2025-04-09T06:57:54.025+0000] {logging_mixin.py:188} INFO - [2025-04-09T06:57:54.024+0000] {dag.py:3823} INFO - Setting next_dagrun for example_dag_decorator to None, run_after=None
[2025-04-09T06:57:54.103+0000] {processor.py:183} INFO - Processing /home/airflow/.local/lib/python3.8/site-packages/airflow/example_dags/example_dag_decorator.py took 0.337 seconds
[2025-04-09T06:58:24.159+0000] {processor.py:161} INFO - Started process (PID=173) to work on /home/airflow/.local/lib/python3.8/site-packages/airflow/example_dags/example_dag_decorator.py
[2025-04-09T06:58:24.160+0000] {processor.py:830} INFO - Processing file /home/airflow/.local/lib/python3.8/site-packages/airflow/example_dags/example_dag_decorator.py for tasks to queue
[2025-04-09T06:58:24.162+0000] {logging_mixin.py:188} INFO - [2025-04-09T06:58:24.162+0000] {dagbag.py:538} INFO - Filling up the DagBag from /home/airflow/.local/lib/python3.8/site-packages/airflow/example_dags/example_dag_decorator.py
[2025-04-09T06:58:24.281+0000] {processor.py:840} INFO - DAG(s) 'example_dag_decorator' retrieved from /home/airflow/.local/lib/python3.8/site-packages/airflow/example_dags/example_dag_decorator.py
[2025-04-09T06:58:24.415+0000] {logging_mixin.py:188} INFO - [2025-04-09T06:58:24.415+0000] {dag.py:3036} INFO - Sync 1 DAGs
[2025-04-09T06:58:24.429+0000] {logging_mixin.py:188} INFO - [2025-04-09T06:58:24.429+0000] {dag.py:3823} INFO - Setting next_dagrun for example_dag_decorator to None, run_after=None
[2025-04-09T06:58:24.484+0000] {processor.py:183} INFO - Processing /home/airflow/.local/lib/python3.8/site-packages/airflow/example_dags/example_dag_decorator.py took 0.331 seconds
[2025-04-09T06:58:54.593+0000] {processor.py:161} INFO - Started process (PID=241) to work on /home/airflow/.local/lib/python3.8/site-packages/airflow/example_dags/example_dag_decorator.py
[2025-04-09T06:58:54.594+0000] {processor.py:830} INFO - Processing file /home/airflow/.local/lib/python3.8/site-packages/airflow/example_dags/example_dag_decorator.py for tasks to queue
[2025-04-09T06:58:54.596+0000] {logging_mixin.py:188} INFO - [2025-04-09T06:58:54.595+0000] {dagbag.py:538} INFO - Filling up the DagBag from /home/airflow/.local/lib/python3.8/site-packages/airflow/example_dags/example_dag_decorator.py
[2025-04-09T06:58:54.695+0000] {processor.py:840} INFO - DAG(s) 'example_dag_decorator' retrieved from /home/airflow/.local/lib/python3.8/site-packages/airflow/example_dags/example_dag_decorator.py
[2025-04-09T06:58:54.831+0000] {logging_mixin.py:188} INFO - [2025-04-09T06:58:54.830+0000] {dag.py:3036} INFO - Sync 1 DAGs
[2025-04-09T06:58:54.842+0000] {logging_mixin.py:188} INFO - [2025-04-09T06:58:54.841+0000] {dag.py:3823} INFO - Setting next_dagrun for example_dag_decorator to None, run_after=None
[2025-04-09T06:58:54.896+0000] {processor.py:183} INFO - Processing /home/airflow/.local/lib/python3.8/site-packages/airflow/example_dags/example_dag_decorator.py took 0.306 seconds
[2025-04-09T06:59:27.976+0000] {processor.py:161} INFO - Started process (PID=297) to work on /home/airflow/.local/lib/python3.8/site-packages/airflow/example_dags/example_dag_decorator.py
[2025-04-09T06:59:27.977+0000] {processor.py:830} INFO - Processing file /home/airflow/.local/lib/python3.8/site-packages/airflow/example_dags/example_dag_decorator.py for tasks to queue
[2025-04-09T06:59:27.979+0000] {logging_mixin.py:188} INFO - [2025-04-09T06:59:27.979+0000] {dagbag.py:538} INFO - Filling up the DagBag from /home/airflow/.local/lib/python3.8/site-packages/airflow/example_dags/example_dag_decorator.py
[2025-04-09T06:59:28.070+0000] {processor.py:840} INFO - DAG(s) 'example_dag_decorator' retrieved from /home/airflow/.local/lib/python3.8/site-packages/airflow/example_dags/example_dag_decorator.py
[2025-04-09T06:59:28.177+0000] {logging_mixin.py:188} INFO - [2025-04-09T06:59:28.177+0000] {dag.py:3036} INFO - Sync 1 DAGs
[2025-04-09T06:59:28.189+0000] {logging_mixin.py:188} INFO - [2025-04-09T06:59:28.188+0000] {dag.py:3823} INFO - Setting next_dagrun for example_dag_decorator to None, run_after=None
[2025-04-09T06:59:28.239+0000] {processor.py:183} INFO - Processing /home/airflow/.local/lib/python3.8/site-packages/airflow/example_dags/example_dag_decorator.py took 0.267 seconds
[2025-04-09T06:59:58.768+0000] {processor.py:161} INFO - Started process (PID=356) to work on /home/airflow/.local/lib/python3.8/site-packages/airflow/example_dags/example_dag_decorator.py
[2025-04-09T06:59:58.772+0000] {processor.py:830} INFO - Processing file /home/airflow/.local/lib/python3.8/site-packages/airflow/example_dags/example_dag_decorator.py for tasks to queue
[2025-04-09T06:59:58.774+0000] {logging_mixin.py:188} INFO - [2025-04-09T06:59:58.773+0000] {dagbag.py:538} INFO - Filling up the DagBag from /home/airflow/.local/lib/python3.8/site-packages/airflow/example_dags/example_dag_decorator.py
[2025-04-09T06:59:58.866+0000] {processor.py:840} INFO - DAG(s) 'example_dag_decorator' retrieved from /home/airflow/.local/lib/python3.8/site-packages/airflow/example_dags/example_dag_decorator.py
[2025-04-09T06:59:58.972+0000] {logging_mixin.py:188} INFO - [2025-04-09T06:59:58.972+0000] {dag.py:3036} INFO - Sync 1 DAGs
[2025-04-09T06:59:58.984+0000] {logging_mixin.py:188} INFO - [2025-04-09T06:59:58.983+0000] {dag.py:3823} INFO - Setting next_dagrun for example_dag_decorator to None, run_after=None
[2025-04-09T06:59:59.033+0000] {processor.py:183} INFO - Processing /home/airflow/.local/lib/python3.8/site-packages/airflow/example_dags/example_dag_decorator.py took 0.268 seconds
[2025-04-09T07:00:29.082+0000] {processor.py:161} INFO - Started process (PID=414) to work on /home/airflow/.local/lib/python3.8/site-packages/airflow/example_dags/example_dag_decorator.py
[2025-04-09T07:00:29.107+0000] {processor.py:830} INFO - Processing file /home/airflow/.local/lib/python3.8/site-packages/airflow/example_dags/example_dag_decorator.py for tasks to queue
[2025-04-09T07:00:29.109+0000] {logging_mixin.py:188} INFO - [2025-04-09T07:00:29.109+0000] {dagbag.py:538} INFO - Filling up the DagBag from /home/airflow/.local/lib/python3.8/site-packages/airflow/example_dags/example_dag_decorator.py
[2025-04-09T07:00:29.224+0000] {processor.py:840} INFO - DAG(s) 'example_dag_decorator' retrieved from /home/airflow/.local/lib/python3.8/site-packages/airflow/example_dags/example_dag_decorator.py
[2025-04-09T07:00:29.363+0000] {logging_mixin.py:188} INFO - [2025-04-09T07:00:29.363+0000] {dag.py:3036} INFO - Sync 1 DAGs
[2025-04-09T07:00:29.376+0000] {logging_mixin.py:188} INFO - [2025-04-09T07:00:29.376+0000] {dag.py:3823} INFO - Setting next_dagrun for example_dag_decorator to None, run_after=None
[2025-04-09T07:00:29.426+0000] {processor.py:183} INFO - Processing /home/airflow/.local/lib/python3.8/site-packages/airflow/example_dags/example_dag_decorator.py took 0.347 seconds
[2025-04-09T07:00:59.675+0000] {processor.py:161} INFO - Started process (PID=472) to work on /home/airflow/.local/lib/python3.8/site-packages/airflow/example_dags/example_dag_decorator.py
[2025-04-09T07:00:59.676+0000] {processor.py:830} INFO - Processing file /home/airflow/.local/lib/python3.8/site-packages/airflow/example_dags/example_dag_decorator.py for tasks to queue
[2025-04-09T07:00:59.678+0000] {logging_mixin.py:188} INFO - [2025-04-09T07:00:59.678+0000] {dagbag.py:538} INFO - Filling up the DagBag from /home/airflow/.local/lib/python3.8/site-packages/airflow/example_dags/example_dag_decorator.py
[2025-04-09T07:00:59.773+0000] {processor.py:840} INFO - DAG(s) 'example_dag_decorator' retrieved from /home/airflow/.local/lib/python3.8/site-packages/airflow/example_dags/example_dag_decorator.py
[2025-04-09T07:00:59.888+0000] {logging_mixin.py:188} INFO - [2025-04-09T07:00:59.888+0000] {dag.py:3036} INFO - Sync 1 DAGs
[2025-04-09T07:00:59.899+0000] {logging_mixin.py:188} INFO - [2025-04-09T07:00:59.899+0000] {dag.py:3823} INFO - Setting next_dagrun for example_dag_decorator to None, run_after=None
[2025-04-09T07:00:59.945+0000] {processor.py:183} INFO - Processing /home/airflow/.local/lib/python3.8/site-packages/airflow/example_dags/example_dag_decorator.py took 0.273 seconds
[2025-04-09T07:01:30.073+0000] {processor.py:161} INFO - Started process (PID=532) to work on /home/airflow/.local/lib/python3.8/site-packages/airflow/example_dags/example_dag_decorator.py
[2025-04-09T07:01:30.074+0000] {processor.py:830} INFO - Processing file /home/airflow/.local/lib/python3.8/site-packages/airflow/example_dags/example_dag_decorator.py for tasks to queue
[2025-04-09T07:01:30.076+0000] {logging_mixin.py:188} INFO - [2025-04-09T07:01:30.076+0000] {dagbag.py:538} INFO - Filling up the DagBag from /home/airflow/.local/lib/python3.8/site-packages/airflow/example_dags/example_dag_decorator.py
[2025-04-09T07:01:30.181+0000] {processor.py:840} INFO - DAG(s) 'example_dag_decorator' retrieved from /home/airflow/.local/lib/python3.8/site-packages/airflow/example_dags/example_dag_decorator.py
[2025-04-09T07:01:30.291+0000] {logging_mixin.py:188} INFO - [2025-04-09T07:01:30.291+0000] {dag.py:3036} INFO - Sync 1 DAGs
[2025-04-09T07:01:30.302+0000] {logging_mixin.py:188} INFO - [2025-04-09T07:01:30.302+0000] {dag.py:3823} INFO - Setting next_dagrun for example_dag_decorator to None, run_after=None
[2025-04-09T07:01:30.370+0000] {processor.py:183} INFO - Processing /home/airflow/.local/lib/python3.8/site-packages/airflow/example_dags/example_dag_decorator.py took 0.300 seconds
[2025-04-09T07:02:00.471+0000] {processor.py:161} INFO - Started process (PID=589) to work on /home/airflow/.local/lib/python3.8/site-packages/airflow/example_dags/example_dag_decorator.py
[2025-04-09T07:02:00.472+0000] {processor.py:830} INFO - Processing file /home/airflow/.local/lib/python3.8/site-packages/airflow/example_dags/example_dag_decorator.py for tasks to queue
[2025-04-09T07:02:00.473+0000] {logging_mixin.py:188} INFO - [2025-04-09T07:02:00.473+0000] {dagbag.py:538} INFO - Filling up the DagBag from /home/airflow/.local/lib/python3.8/site-packages/airflow/example_dags/example_dag_decorator.py
[2025-04-09T07:02:00.564+0000] {processor.py:840} INFO - DAG(s) 'example_dag_decorator' retrieved from /home/airflow/.local/lib/python3.8/site-packages/airflow/example_dags/example_dag_decorator.py
[2025-04-09T07:02:00.685+0000] {logging_mixin.py:188} INFO - [2025-04-09T07:02:00.685+0000] {dag.py:3036} INFO - Sync 1 DAGs
[2025-04-09T07:02:00.697+0000] {logging_mixin.py:188} INFO - [2025-04-09T07:02:00.697+0000] {dag.py:3823} INFO - Setting next_dagrun for example_dag_decorator to None, run_after=None
[2025-04-09T07:02:00.759+0000] {processor.py:183} INFO - Processing /home/airflow/.local/lib/python3.8/site-packages/airflow/example_dags/example_dag_decorator.py took 0.292 seconds
[2025-04-09T07:02:31.398+0000] {processor.py:161} INFO - Started process (PID=648) to work on /home/airflow/.local/lib/python3.8/site-packages/airflow/example_dags/example_dag_decorator.py
[2025-04-09T07:02:31.399+0000] {processor.py:830} INFO - Processing file /home/airflow/.local/lib/python3.8/site-packages/airflow/example_dags/example_dag_decorator.py for tasks to queue
[2025-04-09T07:02:31.401+0000] {logging_mixin.py:188} INFO - [2025-04-09T07:02:31.400+0000] {dagbag.py:538} INFO - Filling up the DagBag from /home/airflow/.local/lib/python3.8/site-packages/airflow/example_dags/example_dag_decorator.py
[2025-04-09T07:02:31.486+0000] {processor.py:840} INFO - DAG(s) 'example_dag_decorator' retrieved from /home/airflow/.local/lib/python3.8/site-packages/airflow/example_dags/example_dag_decorator.py
[2025-04-09T07:02:31.611+0000] {logging_mixin.py:188} INFO - [2025-04-09T07:02:31.611+0000] {dag.py:3036} INFO - Sync 1 DAGs
[2025-04-09T07:02:31.626+0000] {logging_mixin.py:188} INFO - [2025-04-09T07:02:31.626+0000] {dag.py:3823} INFO - Setting next_dagrun for example_dag_decorator to None, run_after=None
[2025-04-09T07:02:31.685+0000] {processor.py:183} INFO - Processing /home/airflow/.local/lib/python3.8/site-packages/airflow/example_dags/example_dag_decorator.py took 0.290 seconds
[2025-04-09T07:03:03.986+0000] {processor.py:161} INFO - Started process (PID=704) to work on /home/airflow/.local/lib/python3.8/site-packages/airflow/example_dags/example_dag_decorator.py
[2025-04-09T07:03:03.987+0000] {processor.py:830} INFO - Processing file /home/airflow/.local/lib/python3.8/site-packages/airflow/example_dags/example_dag_decorator.py for tasks to queue
[2025-04-09T07:03:03.988+0000] {logging_mixin.py:188} INFO - [2025-04-09T07:03:03.988+0000] {dagbag.py:538} INFO - Filling up the DagBag from /home/airflow/.local/lib/python3.8/site-packages/airflow/example_dags/example_dag_decorator.py
[2025-04-09T07:03:04.072+0000] {processor.py:840} INFO - DAG(s) 'example_dag_decorator' retrieved from /home/airflow/.local/lib/python3.8/site-packages/airflow/example_dags/example_dag_decorator.py
[2025-04-09T07:03:04.181+0000] {logging_mixin.py:188} INFO - [2025-04-09T07:03:04.180+0000] {dag.py:3036} INFO - Sync 1 DAGs
[2025-04-09T07:03:04.191+0000] {logging_mixin.py:188} INFO - [2025-04-09T07:03:04.190+0000] {dag.py:3823} INFO - Setting next_dagrun for example_dag_decorator to None, run_after=None
[2025-04-09T07:03:04.242+0000] {processor.py:183} INFO - Processing /home/airflow/.local/lib/python3.8/site-packages/airflow/example_dags/example_dag_decorator.py took 0.259 seconds
[2025-04-09T07:03:34.736+0000] {processor.py:161} INFO - Started process (PID=762) to work on /home/airflow/.local/lib/python3.8/site-packages/airflow/example_dags/example_dag_decorator.py
[2025-04-09T07:03:34.737+0000] {processor.py:830} INFO - Processing file /home/airflow/.local/lib/python3.8/site-packages/airflow/example_dags/example_dag_decorator.py for tasks to queue
[2025-04-09T07:03:34.739+0000] {logging_mixin.py:188} INFO - [2025-04-09T07:03:34.739+0000] {dagbag.py:538} INFO - Filling up the DagBag from /home/airflow/.local/lib/python3.8/site-packages/airflow/example_dags/example_dag_decorator.py
[2025-04-09T07:03:38.406+0000] {processor.py:840} INFO - DAG(s) 'example_dag_decorator' retrieved from /home/airflow/.local/lib/python3.8/site-packages/airflow/example_dags/example_dag_decorator.py
[2025-04-09T07:03:38.514+0000] {logging_mixin.py:188} INFO - [2025-04-09T07:03:38.514+0000] {dag.py:3036} INFO - Sync 1 DAGs
[2025-04-09T07:03:38.525+0000] {logging_mixin.py:188} INFO - [2025-04-09T07:03:38.524+0000] {dag.py:3823} INFO - Setting next_dagrun for example_dag_decorator to None, run_after=None
[2025-04-09T07:03:38.572+0000] {processor.py:183} INFO - Processing /home/airflow/.local/lib/python3.8/site-packages/airflow/example_dags/example_dag_decorator.py took 0.259 seconds
[2025-04-09T07:04:08.964+0000] {processor.py:161} INFO - Started process (PID=821) to work on /home/airflow/.local/lib/python3.8/site-packages/airflow/example_dags/example_dag_decorator.py
[2025-04-09T07:04:08.974+0000] {processor.py:830} INFO - Processing file /home/airflow/.local/lib/python3.8/site-packages/airflow/example_dags/example_dag_decorator.py for tasks to queue
[2025-04-09T07:04:08.975+0000] {logging_mixin.py:188} INFO - [2025-04-09T07:04:08.975+0000] {dagbag.py:538} INFO - Filling up the DagBag from /home/airflow/.local/lib/python3.8/site-packages/airflow/example_dags/example_dag_decorator.py
[2025-04-09T07:04:09.079+0000] {processor.py:840} INFO - DAG(s) 'example_dag_decorator' retrieved from /home/airflow/.local/lib/python3.8/site-packages/airflow/example_dags/example_dag_decorator.py
[2025-04-09T07:04:09.208+0000] {logging_mixin.py:188} INFO - [2025-04-09T07:04:09.207+0000] {dag.py:3036} INFO - Sync 1 DAGs
[2025-04-09T07:04:09.221+0000] {logging_mixin.py:188} INFO - [2025-04-09T07:04:09.221+0000] {dag.py:3823} INFO - Setting next_dagrun for example_dag_decorator to None, run_after=None
[2025-04-09T07:04:09.288+0000] {processor.py:183} INFO - Processing /home/airflow/.local/lib/python3.8/site-packages/airflow/example_dags/example_dag_decorator.py took 0.328 seconds
[2025-04-09T07:04:39.464+0000] {processor.py:161} INFO - Started process (PID=879) to work on /home/airflow/.local/lib/python3.8/site-packages/airflow/example_dags/example_dag_decorator.py
[2025-04-09T07:04:39.508+0000] {processor.py:830} INFO - Processing file /home/airflow/.local/lib/python3.8/site-packages/airflow/example_dags/example_dag_decorator.py for tasks to queue
[2025-04-09T07:04:39.510+0000] {logging_mixin.py:188} INFO - [2025-04-09T07:04:39.509+0000] {dagbag.py:538} INFO - Filling up the DagBag from /home/airflow/.local/lib/python3.8/site-packages/airflow/example_dags/example_dag_decorator.py
[2025-04-09T07:04:39.592+0000] {processor.py:840} INFO - DAG(s) 'example_dag_decorator' retrieved from /home/airflow/.local/lib/python3.8/site-packages/airflow/example_dags/example_dag_decorator.py
[2025-04-09T07:04:39.700+0000] {logging_mixin.py:188} INFO - [2025-04-09T07:04:39.699+0000] {dag.py:3036} INFO - Sync 1 DAGs
[2025-04-09T07:04:39.713+0000] {logging_mixin.py:188} INFO - [2025-04-09T07:04:39.713+0000] {dag.py:3823} INFO - Setting next_dagrun for example_dag_decorator to None, run_after=None
[2025-04-09T07:04:39.775+0000] {processor.py:183} INFO - Processing /home/airflow/.local/lib/python3.8/site-packages/airflow/example_dags/example_dag_decorator.py took 0.315 seconds
[2025-04-09T07:05:09.838+0000] {processor.py:161} INFO - Started process (PID=931) to work on /home/airflow/.local/lib/python3.8/site-packages/airflow/example_dags/example_dag_decorator.py
[2025-04-09T07:05:09.851+0000] {processor.py:830} INFO - Processing file /home/airflow/.local/lib/python3.8/site-packages/airflow/example_dags/example_dag_decorator.py for tasks to queue
[2025-04-09T07:05:09.852+0000] {logging_mixin.py:188} INFO - [2025-04-09T07:05:09.852+0000] {dagbag.py:538} INFO - Filling up the DagBag from /home/airflow/.local/lib/python3.8/site-packages/airflow/example_dags/example_dag_decorator.py
[2025-04-09T07:05:09.993+0000] {processor.py:840} INFO - DAG(s) 'example_dag_decorator' retrieved from /home/airflow/.local/lib/python3.8/site-packages/airflow/example_dags/example_dag_decorator.py
[2025-04-09T07:05:10.130+0000] {logging_mixin.py:188} INFO - [2025-04-09T07:05:10.130+0000] {dag.py:3036} INFO - Sync 1 DAGs
[2025-04-09T07:05:10.143+0000] {logging_mixin.py:188} INFO - [2025-04-09T07:05:10.142+0000] {dag.py:3823} INFO - Setting next_dagrun for example_dag_decorator to None, run_after=None
[2025-04-09T07:05:10.350+0000] {processor.py:183} INFO - Processing /home/airflow/.local/lib/python3.8/site-packages/airflow/example_dags/example_dag_decorator.py took 0.516 seconds
[2025-04-09T07:05:40.487+0000] {processor.py:161} INFO - Started process (PID=989) to work on /home/airflow/.local/lib/python3.8/site-packages/airflow/example_dags/example_dag_decorator.py
[2025-04-09T07:05:40.515+0000] {processor.py:830} INFO - Processing file /home/airflow/.local/lib/python3.8/site-packages/airflow/example_dags/example_dag_decorator.py for tasks to queue
[2025-04-09T07:05:40.517+0000] {logging_mixin.py:188} INFO - [2025-04-09T07:05:40.517+0000] {dagbag.py:538} INFO - Filling up the DagBag from /home/airflow/.local/lib/python3.8/site-packages/airflow/example_dags/example_dag_decorator.py
[2025-04-09T07:05:40.621+0000] {processor.py:840} INFO - DAG(s) 'example_dag_decorator' retrieved from /home/airflow/.local/lib/python3.8/site-packages/airflow/example_dags/example_dag_decorator.py
[2025-04-09T07:05:40.746+0000] {logging_mixin.py:188} INFO - [2025-04-09T07:05:40.746+0000] {dag.py:3036} INFO - Sync 1 DAGs
[2025-04-09T07:05:40.758+0000] {logging_mixin.py:188} INFO - [2025-04-09T07:05:40.758+0000] {dag.py:3823} INFO - Setting next_dagrun for example_dag_decorator to None, run_after=None
[2025-04-09T07:05:40.822+0000] {processor.py:183} INFO - Processing /home/airflow/.local/lib/python3.8/site-packages/airflow/example_dags/example_dag_decorator.py took 0.338 seconds
[2025-04-09T07:06:10.997+0000] {processor.py:161} INFO - Started process (PID=1047) to work on /home/airflow/.local/lib/python3.8/site-packages/airflow/example_dags/example_dag_decorator.py
[2025-04-09T07:06:11.024+0000] {processor.py:830} INFO - Processing file /home/airflow/.local/lib/python3.8/site-packages/airflow/example_dags/example_dag_decorator.py for tasks to queue
[2025-04-09T07:06:11.025+0000] {logging_mixin.py:188} INFO - [2025-04-09T07:06:11.025+0000] {dagbag.py:538} INFO - Filling up the DagBag from /home/airflow/.local/lib/python3.8/site-packages/airflow/example_dags/example_dag_decorator.py
[2025-04-09T07:06:11.111+0000] {processor.py:840} INFO - DAG(s) 'example_dag_decorator' retrieved from /home/airflow/.local/lib/python3.8/site-packages/airflow/example_dags/example_dag_decorator.py
[2025-04-09T07:06:11.231+0000] {logging_mixin.py:188} INFO - [2025-04-09T07:06:11.231+0000] {dag.py:3036} INFO - Sync 1 DAGs
[2025-04-09T07:06:11.242+0000] {logging_mixin.py:188} INFO - [2025-04-09T07:06:11.242+0000] {dag.py:3823} INFO - Setting next_dagrun for example_dag_decorator to None, run_after=None
[2025-04-09T07:06:11.322+0000] {processor.py:183} INFO - Processing /home/airflow/.local/lib/python3.8/site-packages/airflow/example_dags/example_dag_decorator.py took 0.327 seconds
[2025-04-09T07:09:56.911+0000] {processor.py:161} INFO - Started process (PID=81) to work on /home/airflow/.local/lib/python3.8/site-packages/airflow/example_dags/example_dag_decorator.py
[2025-04-09T07:09:56.932+0000] {processor.py:830} INFO - Processing file /home/airflow/.local/lib/python3.8/site-packages/airflow/example_dags/example_dag_decorator.py for tasks to queue
[2025-04-09T07:09:56.936+0000] {logging_mixin.py:188} INFO - [2025-04-09T07:09:56.935+0000] {dagbag.py:538} INFO - Filling up the DagBag from /home/airflow/.local/lib/python3.8/site-packages/airflow/example_dags/example_dag_decorator.py
[2025-04-09T07:09:57.392+0000] {processor.py:840} INFO - DAG(s) 'example_dag_decorator' retrieved from /home/airflow/.local/lib/python3.8/site-packages/airflow/example_dags/example_dag_decorator.py
[2025-04-09T07:09:57.609+0000] {logging_mixin.py:188} INFO - [2025-04-09T07:09:57.609+0000] {dag.py:3036} INFO - Sync 1 DAGs
[2025-04-09T07:09:57.633+0000] {logging_mixin.py:188} INFO - [2025-04-09T07:09:57.632+0000] {dag.py:3823} INFO - Setting next_dagrun for example_dag_decorator to None, run_after=None
[2025-04-09T07:09:57.704+0000] {processor.py:183} INFO - Processing /home/airflow/.local/lib/python3.8/site-packages/airflow/example_dags/example_dag_decorator.py took 0.798 seconds
[2025-04-09T07:10:28.513+0000] {processor.py:161} INFO - Started process (PID=133) to work on /home/airflow/.local/lib/python3.8/site-packages/airflow/example_dags/example_dag_decorator.py
[2025-04-09T07:10:28.514+0000] {processor.py:830} INFO - Processing file /home/airflow/.local/lib/python3.8/site-packages/airflow/example_dags/example_dag_decorator.py for tasks to queue
[2025-04-09T07:10:28.517+0000] {logging_mixin.py:188} INFO - [2025-04-09T07:10:28.516+0000] {dagbag.py:538} INFO - Filling up the DagBag from /home/airflow/.local/lib/python3.8/site-packages/airflow/example_dags/example_dag_decorator.py
[2025-04-09T07:10:28.633+0000] {processor.py:840} INFO - DAG(s) 'example_dag_decorator' retrieved from /home/airflow/.local/lib/python3.8/site-packages/airflow/example_dags/example_dag_decorator.py
[2025-04-09T07:10:28.823+0000] {logging_mixin.py:188} INFO - [2025-04-09T07:10:28.822+0000] {dag.py:3036} INFO - Sync 1 DAGs
[2025-04-09T07:10:28.843+0000] {logging_mixin.py:188} INFO - [2025-04-09T07:10:28.843+0000] {dag.py:3823} INFO - Setting next_dagrun for example_dag_decorator to None, run_after=None
[2025-04-09T07:10:28.904+0000] {processor.py:183} INFO - Processing /home/airflow/.local/lib/python3.8/site-packages/airflow/example_dags/example_dag_decorator.py took 0.397 seconds
[2025-04-09T07:10:59.096+0000] {processor.py:161} INFO - Started process (PID=191) to work on /home/airflow/.local/lib/python3.8/site-packages/airflow/example_dags/example_dag_decorator.py
[2025-04-09T07:10:59.116+0000] {processor.py:830} INFO - Processing file /home/airflow/.local/lib/python3.8/site-packages/airflow/example_dags/example_dag_decorator.py for tasks to queue
[2025-04-09T07:10:59.118+0000] {logging_mixin.py:188} INFO - [2025-04-09T07:10:59.118+0000] {dagbag.py:538} INFO - Filling up the DagBag from /home/airflow/.local/lib/python3.8/site-packages/airflow/example_dags/example_dag_decorator.py
[2025-04-09T07:10:59.219+0000] {processor.py:840} INFO - DAG(s) 'example_dag_decorator' retrieved from /home/airflow/.local/lib/python3.8/site-packages/airflow/example_dags/example_dag_decorator.py
[2025-04-09T07:10:59.334+0000] {logging_mixin.py:188} INFO - [2025-04-09T07:10:59.333+0000] {dag.py:3036} INFO - Sync 1 DAGs
[2025-04-09T07:10:59.343+0000] {logging_mixin.py:188} INFO - [2025-04-09T07:10:59.343+0000] {dag.py:3823} INFO - Setting next_dagrun for example_dag_decorator to None, run_after=None
[2025-04-09T07:10:59.589+0000] {processor.py:183} INFO - Processing /home/airflow/.local/lib/python3.8/site-packages/airflow/example_dags/example_dag_decorator.py took 0.497 seconds
[2025-04-09T07:11:29.647+0000] {processor.py:161} INFO - Started process (PID=259) to work on /home/airflow/.local/lib/python3.8/site-packages/airflow/example_dags/example_dag_decorator.py
[2025-04-09T07:11:29.648+0000] {processor.py:830} INFO - Processing file /home/airflow/.local/lib/python3.8/site-packages/airflow/example_dags/example_dag_decorator.py for tasks to queue
[2025-04-09T07:11:29.650+0000] {logging_mixin.py:188} INFO - [2025-04-09T07:11:29.649+0000] {dagbag.py:538} INFO - Filling up the DagBag from /home/airflow/.local/lib/python3.8/site-packages/airflow/example_dags/example_dag_decorator.py
[2025-04-09T07:11:29.744+0000] {processor.py:840} INFO - DAG(s) 'example_dag_decorator' retrieved from /home/airflow/.local/lib/python3.8/site-packages/airflow/example_dags/example_dag_decorator.py
[2025-04-09T07:11:29.854+0000] {logging_mixin.py:188} INFO - [2025-04-09T07:11:29.854+0000] {dag.py:3036} INFO - Sync 1 DAGs
[2025-04-09T07:11:29.866+0000] {logging_mixin.py:188} INFO - [2025-04-09T07:11:29.866+0000] {dag.py:3823} INFO - Setting next_dagrun for example_dag_decorator to None, run_after=None
[2025-04-09T07:11:29.922+0000] {processor.py:183} INFO - Processing /home/airflow/.local/lib/python3.8/site-packages/airflow/example_dags/example_dag_decorator.py took 0.279 seconds
[2025-04-09T07:12:01.640+0000] {processor.py:161} INFO - Started process (PID=316) to work on /home/airflow/.local/lib/python3.8/site-packages/airflow/example_dags/example_dag_decorator.py
[2025-04-09T07:12:01.795+0000] {processor.py:830} INFO - Processing file /home/airflow/.local/lib/python3.8/site-packages/airflow/example_dags/example_dag_decorator.py for tasks to queue
[2025-04-09T07:12:01.797+0000] {logging_mixin.py:188} INFO - [2025-04-09T07:12:01.797+0000] {dagbag.py:538} INFO - Filling up the DagBag from /home/airflow/.local/lib/python3.8/site-packages/airflow/example_dags/example_dag_decorator.py
[2025-04-09T07:12:01.906+0000] {processor.py:840} INFO - DAG(s) 'example_dag_decorator' retrieved from /home/airflow/.local/lib/python3.8/site-packages/airflow/example_dags/example_dag_decorator.py
[2025-04-09T07:12:02.036+0000] {logging_mixin.py:188} INFO - [2025-04-09T07:12:02.036+0000] {dag.py:3036} INFO - Sync 1 DAGs
[2025-04-09T07:12:02.051+0000] {logging_mixin.py:188} INFO - [2025-04-09T07:12:02.051+0000] {dag.py:3823} INFO - Setting next_dagrun for example_dag_decorator to None, run_after=None
[2025-04-09T07:12:02.106+0000] {processor.py:183} INFO - Processing /home/airflow/.local/lib/python3.8/site-packages/airflow/example_dags/example_dag_decorator.py took 0.469 seconds
[2025-04-09T07:12:32.273+0000] {processor.py:161} INFO - Started process (PID=374) to work on /home/airflow/.local/lib/python3.8/site-packages/airflow/example_dags/example_dag_decorator.py
[2025-04-09T07:12:32.274+0000] {processor.py:830} INFO - Processing file /home/airflow/.local/lib/python3.8/site-packages/airflow/example_dags/example_dag_decorator.py for tasks to queue
[2025-04-09T07:12:32.275+0000] {logging_mixin.py:188} INFO - [2025-04-09T07:12:32.275+0000] {dagbag.py:538} INFO - Filling up the DagBag from /home/airflow/.local/lib/python3.8/site-packages/airflow/example_dags/example_dag_decorator.py
[2025-04-09T07:12:35.944+0000] {processor.py:840} INFO - DAG(s) 'example_dag_decorator' retrieved from /home/airflow/.local/lib/python3.8/site-packages/airflow/example_dags/example_dag_decorator.py
[2025-04-09T07:12:36.055+0000] {logging_mixin.py:188} INFO - [2025-04-09T07:12:36.055+0000] {dag.py:3036} INFO - Sync 1 DAGs
[2025-04-09T07:12:36.066+0000] {logging_mixin.py:188} INFO - [2025-04-09T07:12:36.065+0000] {dag.py:3823} INFO - Setting next_dagrun for example_dag_decorator to None, run_after=None
[2025-04-09T07:12:36.126+0000] {processor.py:183} INFO - Processing /home/airflow/.local/lib/python3.8/site-packages/airflow/example_dags/example_dag_decorator.py took 0.273 seconds
[2025-04-09T07:13:06.883+0000] {processor.py:161} INFO - Started process (PID=432) to work on /home/airflow/.local/lib/python3.8/site-packages/airflow/example_dags/example_dag_decorator.py
[2025-04-09T07:13:06.884+0000] {processor.py:830} INFO - Processing file /home/airflow/.local/lib/python3.8/site-packages/airflow/example_dags/example_dag_decorator.py for tasks to queue
[2025-04-09T07:13:06.885+0000] {logging_mixin.py:188} INFO - [2025-04-09T07:13:06.885+0000] {dagbag.py:538} INFO - Filling up the DagBag from /home/airflow/.local/lib/python3.8/site-packages/airflow/example_dags/example_dag_decorator.py
[2025-04-09T07:13:06.971+0000] {processor.py:840} INFO - DAG(s) 'example_dag_decorator' retrieved from /home/airflow/.local/lib/python3.8/site-packages/airflow/example_dags/example_dag_decorator.py
[2025-04-09T07:13:07.081+0000] {logging_mixin.py:188} INFO - [2025-04-09T07:13:07.081+0000] {dag.py:3036} INFO - Sync 1 DAGs
[2025-04-09T07:13:07.092+0000] {logging_mixin.py:188} INFO - [2025-04-09T07:13:07.091+0000] {dag.py:3823} INFO - Setting next_dagrun for example_dag_decorator to None, run_after=None
[2025-04-09T07:13:07.173+0000] {processor.py:183} INFO - Processing /home/airflow/.local/lib/python3.8/site-packages/airflow/example_dags/example_dag_decorator.py took 0.294 seconds
[2025-04-09T07:13:37.227+0000] {processor.py:161} INFO - Started process (PID=490) to work on /home/airflow/.local/lib/python3.8/site-packages/airflow/example_dags/example_dag_decorator.py
[2025-04-09T07:13:37.254+0000] {processor.py:830} INFO - Processing file /home/airflow/.local/lib/python3.8/site-packages/airflow/example_dags/example_dag_decorator.py for tasks to queue
[2025-04-09T07:13:37.256+0000] {logging_mixin.py:188} INFO - [2025-04-09T07:13:37.255+0000] {dagbag.py:538} INFO - Filling up the DagBag from /home/airflow/.local/lib/python3.8/site-packages/airflow/example_dags/example_dag_decorator.py
[2025-04-09T07:13:37.372+0000] {processor.py:840} INFO - DAG(s) 'example_dag_decorator' retrieved from /home/airflow/.local/lib/python3.8/site-packages/airflow/example_dags/example_dag_decorator.py
[2025-04-09T07:13:37.490+0000] {logging_mixin.py:188} INFO - [2025-04-09T07:13:37.490+0000] {dag.py:3036} INFO - Sync 1 DAGs
[2025-04-09T07:13:37.502+0000] {logging_mixin.py:188} INFO - [2025-04-09T07:13:37.501+0000] {dag.py:3823} INFO - Setting next_dagrun for example_dag_decorator to None, run_after=None
[2025-04-09T07:13:37.569+0000] {processor.py:183} INFO - Processing /home/airflow/.local/lib/python3.8/site-packages/airflow/example_dags/example_dag_decorator.py took 0.346 seconds
[2025-04-09T07:14:07.786+0000] {processor.py:161} INFO - Started process (PID=549) to work on /home/airflow/.local/lib/python3.8/site-packages/airflow/example_dags/example_dag_decorator.py
[2025-04-09T07:14:07.803+0000] {processor.py:830} INFO - Processing file /home/airflow/.local/lib/python3.8/site-packages/airflow/example_dags/example_dag_decorator.py for tasks to queue
[2025-04-09T07:14:07.804+0000] {logging_mixin.py:188} INFO - [2025-04-09T07:14:07.804+0000] {dagbag.py:538} INFO - Filling up the DagBag from /home/airflow/.local/lib/python3.8/site-packages/airflow/example_dags/example_dag_decorator.py
[2025-04-09T07:14:07.908+0000] {processor.py:840} INFO - DAG(s) 'example_dag_decorator' retrieved from /home/airflow/.local/lib/python3.8/site-packages/airflow/example_dags/example_dag_decorator.py
[2025-04-09T07:14:07.940+0000] {logging_mixin.py:188} INFO - [2025-04-09T07:14:07.939+0000] {dag.py:3036} INFO - Sync 1 DAGs
[2025-04-09T07:14:07.957+0000] {logging_mixin.py:188} INFO - [2025-04-09T07:14:07.957+0000] {dag.py:3823} INFO - Setting next_dagrun for example_dag_decorator to None, run_after=None
[2025-04-09T07:14:08.011+0000] {processor.py:183} INFO - Processing /home/airflow/.local/lib/python3.8/site-packages/airflow/example_dags/example_dag_decorator.py took 0.229 seconds
[2025-04-09T07:14:38.628+0000] {processor.py:161} INFO - Started process (PID=606) to work on /home/airflow/.local/lib/python3.8/site-packages/airflow/example_dags/example_dag_decorator.py
[2025-04-09T07:14:38.629+0000] {processor.py:830} INFO - Processing file /home/airflow/.local/lib/python3.8/site-packages/airflow/example_dags/example_dag_decorator.py for tasks to queue
[2025-04-09T07:14:38.630+0000] {logging_mixin.py:188} INFO - [2025-04-09T07:14:38.630+0000] {dagbag.py:538} INFO - Filling up the DagBag from /home/airflow/.local/lib/python3.8/site-packages/airflow/example_dags/example_dag_decorator.py
[2025-04-09T07:14:38.716+0000] {processor.py:840} INFO - DAG(s) 'example_dag_decorator' retrieved from /home/airflow/.local/lib/python3.8/site-packages/airflow/example_dags/example_dag_decorator.py
[2025-04-09T07:14:38.843+0000] {logging_mixin.py:188} INFO - [2025-04-09T07:14:38.842+0000] {dag.py:3036} INFO - Sync 1 DAGs
[2025-04-09T07:14:38.854+0000] {logging_mixin.py:188} INFO - [2025-04-09T07:14:38.853+0000] {dag.py:3823} INFO - Setting next_dagrun for example_dag_decorator to None, run_after=None
[2025-04-09T07:14:38.945+0000] {processor.py:183} INFO - Processing /home/airflow/.local/lib/python3.8/site-packages/airflow/example_dags/example_dag_decorator.py took 0.321 seconds
[2025-04-09T07:15:09.104+0000] {processor.py:161} INFO - Started process (PID=666) to work on /home/airflow/.local/lib/python3.8/site-packages/airflow/example_dags/example_dag_decorator.py
[2025-04-09T07:15:09.123+0000] {processor.py:830} INFO - Processing file /home/airflow/.local/lib/python3.8/site-packages/airflow/example_dags/example_dag_decorator.py for tasks to queue
[2025-04-09T07:15:09.125+0000] {logging_mixin.py:188} INFO - [2025-04-09T07:15:09.125+0000] {dagbag.py:538} INFO - Filling up the DagBag from /home/airflow/.local/lib/python3.8/site-packages/airflow/example_dags/example_dag_decorator.py
[2025-04-09T07:15:09.219+0000] {processor.py:840} INFO - DAG(s) 'example_dag_decorator' retrieved from /home/airflow/.local/lib/python3.8/site-packages/airflow/example_dags/example_dag_decorator.py
[2025-04-09T07:15:09.342+0000] {logging_mixin.py:188} INFO - [2025-04-09T07:15:09.342+0000] {dag.py:3036} INFO - Sync 1 DAGs
[2025-04-09T07:15:09.353+0000] {logging_mixin.py:188} INFO - [2025-04-09T07:15:09.353+0000] {dag.py:3823} INFO - Setting next_dagrun for example_dag_decorator to None, run_after=None
[2025-04-09T07:15:09.419+0000] {processor.py:183} INFO - Processing /home/airflow/.local/lib/python3.8/site-packages/airflow/example_dags/example_dag_decorator.py took 0.318 seconds
[2025-04-09T07:15:39.547+0000] {processor.py:161} INFO - Started process (PID=722) to work on /home/airflow/.local/lib/python3.8/site-packages/airflow/example_dags/example_dag_decorator.py
[2025-04-09T07:15:39.548+0000] {processor.py:830} INFO - Processing file /home/airflow/.local/lib/python3.8/site-packages/airflow/example_dags/example_dag_decorator.py for tasks to queue
[2025-04-09T07:15:39.550+0000] {logging_mixin.py:188} INFO - [2025-04-09T07:15:39.550+0000] {dagbag.py:538} INFO - Filling up the DagBag from /home/airflow/.local/lib/python3.8/site-packages/airflow/example_dags/example_dag_decorator.py
[2025-04-09T07:15:39.649+0000] {processor.py:840} INFO - DAG(s) 'example_dag_decorator' retrieved from /home/airflow/.local/lib/python3.8/site-packages/airflow/example_dags/example_dag_decorator.py
[2025-04-09T07:15:39.761+0000] {logging_mixin.py:188} INFO - [2025-04-09T07:15:39.761+0000] {dag.py:3036} INFO - Sync 1 DAGs
[2025-04-09T07:15:39.775+0000] {logging_mixin.py:188} INFO - [2025-04-09T07:15:39.775+0000] {dag.py:3823} INFO - Setting next_dagrun for example_dag_decorator to None, run_after=None
[2025-04-09T07:15:39.839+0000] {processor.py:183} INFO - Processing /home/airflow/.local/lib/python3.8/site-packages/airflow/example_dags/example_dag_decorator.py took 0.296 seconds
[2025-04-09T07:16:11.586+0000] {processor.py:161} INFO - Started process (PID=780) to work on /home/airflow/.local/lib/python3.8/site-packages/airflow/example_dags/example_dag_decorator.py
[2025-04-09T07:16:11.587+0000] {processor.py:830} INFO - Processing file /home/airflow/.local/lib/python3.8/site-packages/airflow/example_dags/example_dag_decorator.py for tasks to queue
[2025-04-09T07:16:11.590+0000] {logging_mixin.py:188} INFO - [2025-04-09T07:16:11.589+0000] {dagbag.py:538} INFO - Filling up the DagBag from /home/airflow/.local/lib/python3.8/site-packages/airflow/example_dags/example_dag_decorator.py
[2025-04-09T07:16:11.686+0000] {processor.py:840} INFO - DAG(s) 'example_dag_decorator' retrieved from /home/airflow/.local/lib/python3.8/site-packages/airflow/example_dags/example_dag_decorator.py
[2025-04-09T07:16:11.792+0000] {logging_mixin.py:188} INFO - [2025-04-09T07:16:11.792+0000] {dag.py:3036} INFO - Sync 1 DAGs
[2025-04-09T07:16:11.803+0000] {logging_mixin.py:188} INFO - [2025-04-09T07:16:11.802+0000] {dag.py:3823} INFO - Setting next_dagrun for example_dag_decorator to None, run_after=None
[2025-04-09T07:16:12.035+0000] {processor.py:183} INFO - Processing /home/airflow/.local/lib/python3.8/site-packages/airflow/example_dags/example_dag_decorator.py took 0.453 seconds
[2025-04-09T07:16:42.443+0000] {processor.py:161} INFO - Started process (PID=838) to work on /home/airflow/.local/lib/python3.8/site-packages/airflow/example_dags/example_dag_decorator.py
[2025-04-09T07:16:42.445+0000] {processor.py:830} INFO - Processing file /home/airflow/.local/lib/python3.8/site-packages/airflow/example_dags/example_dag_decorator.py for tasks to queue
[2025-04-09T07:16:42.446+0000] {logging_mixin.py:188} INFO - [2025-04-09T07:16:42.446+0000] {dagbag.py:538} INFO - Filling up the DagBag from /home/airflow/.local/lib/python3.8/site-packages/airflow/example_dags/example_dag_decorator.py
[2025-04-09T07:16:42.556+0000] {processor.py:840} INFO - DAG(s) 'example_dag_decorator' retrieved from /home/airflow/.local/lib/python3.8/site-packages/airflow/example_dags/example_dag_decorator.py
[2025-04-09T07:16:42.686+0000] {logging_mixin.py:188} INFO - [2025-04-09T07:16:42.686+0000] {dag.py:3036} INFO - Sync 1 DAGs
[2025-04-09T07:16:42.699+0000] {logging_mixin.py:188} INFO - [2025-04-09T07:16:42.698+0000] {dag.py:3823} INFO - Setting next_dagrun for example_dag_decorator to None, run_after=None
[2025-04-09T07:16:42.755+0000] {processor.py:183} INFO - Processing /home/airflow/.local/lib/python3.8/site-packages/airflow/example_dags/example_dag_decorator.py took 0.315 seconds
[2025-04-09T07:17:12.821+0000] {processor.py:161} INFO - Started process (PID=896) to work on /home/airflow/.local/lib/python3.8/site-packages/airflow/example_dags/example_dag_decorator.py
[2025-04-09T07:17:12.824+0000] {processor.py:830} INFO - Processing file /home/airflow/.local/lib/python3.8/site-packages/airflow/example_dags/example_dag_decorator.py for tasks to queue
[2025-04-09T07:17:12.826+0000] {logging_mixin.py:188} INFO - [2025-04-09T07:17:12.826+0000] {dagbag.py:538} INFO - Filling up the DagBag from /home/airflow/.local/lib/python3.8/site-packages/airflow/example_dags/example_dag_decorator.py
[2025-04-09T07:17:12.912+0000] {processor.py:840} INFO - DAG(s) 'example_dag_decorator' retrieved from /home/airflow/.local/lib/python3.8/site-packages/airflow/example_dags/example_dag_decorator.py
[2025-04-09T07:17:13.020+0000] {logging_mixin.py:188} INFO - [2025-04-09T07:17:13.020+0000] {dag.py:3036} INFO - Sync 1 DAGs
[2025-04-09T07:17:13.031+0000] {logging_mixin.py:188} INFO - [2025-04-09T07:17:13.031+0000] {dag.py:3823} INFO - Setting next_dagrun for example_dag_decorator to None, run_after=None
[2025-04-09T07:17:13.107+0000] {processor.py:183} INFO - Processing /home/airflow/.local/lib/python3.8/site-packages/airflow/example_dags/example_dag_decorator.py took 0.290 seconds
[2025-04-09T07:17:43.153+0000] {processor.py:161} INFO - Started process (PID=949) to work on /home/airflow/.local/lib/python3.8/site-packages/airflow/example_dags/example_dag_decorator.py
[2025-04-09T07:17:43.155+0000] {processor.py:830} INFO - Processing file /home/airflow/.local/lib/python3.8/site-packages/airflow/example_dags/example_dag_decorator.py for tasks to queue
[2025-04-09T07:17:43.157+0000] {logging_mixin.py:188} INFO - [2025-04-09T07:17:43.156+0000] {dagbag.py:538} INFO - Filling up the DagBag from /home/airflow/.local/lib/python3.8/site-packages/airflow/example_dags/example_dag_decorator.py
[2025-04-09T07:17:43.258+0000] {processor.py:840} INFO - DAG(s) 'example_dag_decorator' retrieved from /home/airflow/.local/lib/python3.8/site-packages/airflow/example_dags/example_dag_decorator.py
[2025-04-09T07:17:43.376+0000] {logging_mixin.py:188} INFO - [2025-04-09T07:17:43.375+0000] {dag.py:3036} INFO - Sync 1 DAGs
[2025-04-09T07:17:43.389+0000] {logging_mixin.py:188} INFO - [2025-04-09T07:17:43.388+0000] {dag.py:3823} INFO - Setting next_dagrun for example_dag_decorator to None, run_after=None
[2025-04-09T07:17:43.476+0000] {processor.py:183} INFO - Processing /home/airflow/.local/lib/python3.8/site-packages/airflow/example_dags/example_dag_decorator.py took 0.325 seconds
[2025-04-09T07:18:14.229+0000] {processor.py:161} INFO - Started process (PID=1007) to work on /home/airflow/.local/lib/python3.8/site-packages/airflow/example_dags/example_dag_decorator.py
[2025-04-09T07:18:14.268+0000] {processor.py:830} INFO - Processing file /home/airflow/.local/lib/python3.8/site-packages/airflow/example_dags/example_dag_decorator.py for tasks to queue
[2025-04-09T07:18:14.270+0000] {logging_mixin.py:188} INFO - [2025-04-09T07:18:14.270+0000] {dagbag.py:538} INFO - Filling up the DagBag from /home/airflow/.local/lib/python3.8/site-packages/airflow/example_dags/example_dag_decorator.py
[2025-04-09T07:18:14.364+0000] {processor.py:840} INFO - DAG(s) 'example_dag_decorator' retrieved from /home/airflow/.local/lib/python3.8/site-packages/airflow/example_dags/example_dag_decorator.py
[2025-04-09T07:18:14.479+0000] {logging_mixin.py:188} INFO - [2025-04-09T07:18:14.478+0000] {dag.py:3036} INFO - Sync 1 DAGs
[2025-04-09T07:18:14.489+0000] {logging_mixin.py:188} INFO - [2025-04-09T07:18:14.489+0000] {dag.py:3823} INFO - Setting next_dagrun for example_dag_decorator to None, run_after=None
[2025-04-09T07:18:14.547+0000] {processor.py:183} INFO - Processing /home/airflow/.local/lib/python3.8/site-packages/airflow/example_dags/example_dag_decorator.py took 0.323 seconds
[2025-04-09T07:18:44.901+0000] {processor.py:161} INFO - Started process (PID=1065) to work on /home/airflow/.local/lib/python3.8/site-packages/airflow/example_dags/example_dag_decorator.py
[2025-04-09T07:18:44.902+0000] {processor.py:830} INFO - Processing file /home/airflow/.local/lib/python3.8/site-packages/airflow/example_dags/example_dag_decorator.py for tasks to queue
[2025-04-09T07:18:44.904+0000] {logging_mixin.py:188} INFO - [2025-04-09T07:18:44.904+0000] {dagbag.py:538} INFO - Filling up the DagBag from /home/airflow/.local/lib/python3.8/site-packages/airflow/example_dags/example_dag_decorator.py
[2025-04-09T07:18:45.013+0000] {processor.py:840} INFO - DAG(s) 'example_dag_decorator' retrieved from /home/airflow/.local/lib/python3.8/site-packages/airflow/example_dags/example_dag_decorator.py
[2025-04-09T07:18:45.152+0000] {logging_mixin.py:188} INFO - [2025-04-09T07:18:45.152+0000] {dag.py:3036} INFO - Sync 1 DAGs
[2025-04-09T07:18:45.165+0000] {logging_mixin.py:188} INFO - [2025-04-09T07:18:45.164+0000] {dag.py:3823} INFO - Setting next_dagrun for example_dag_decorator to None, run_after=None
[2025-04-09T07:18:45.244+0000] {processor.py:183} INFO - Processing /home/airflow/.local/lib/python3.8/site-packages/airflow/example_dags/example_dag_decorator.py took 0.347 seconds
[2025-04-09T07:19:15.938+0000] {processor.py:161} INFO - Started process (PID=1123) to work on /home/airflow/.local/lib/python3.8/site-packages/airflow/example_dags/example_dag_decorator.py
[2025-04-09T07:19:15.952+0000] {processor.py:830} INFO - Processing file /home/airflow/.local/lib/python3.8/site-packages/airflow/example_dags/example_dag_decorator.py for tasks to queue
[2025-04-09T07:19:15.954+0000] {logging_mixin.py:188} INFO - [2025-04-09T07:19:15.954+0000] {dagbag.py:538} INFO - Filling up the DagBag from /home/airflow/.local/lib/python3.8/site-packages/airflow/example_dags/example_dag_decorator.py
[2025-04-09T07:19:16.059+0000] {processor.py:840} INFO - DAG(s) 'example_dag_decorator' retrieved from /home/airflow/.local/lib/python3.8/site-packages/airflow/example_dags/example_dag_decorator.py
[2025-04-09T07:19:16.189+0000] {logging_mixin.py:188} INFO - [2025-04-09T07:19:16.189+0000] {dag.py:3036} INFO - Sync 1 DAGs
[2025-04-09T07:19:16.201+0000] {logging_mixin.py:188} INFO - [2025-04-09T07:19:16.201+0000] {dag.py:3823} INFO - Setting next_dagrun for example_dag_decorator to None, run_after=None
[2025-04-09T07:19:16.248+0000] {processor.py:183} INFO - Processing /home/airflow/.local/lib/python3.8/site-packages/airflow/example_dags/example_dag_decorator.py took 0.314 seconds
[2025-04-09T07:19:46.774+0000] {processor.py:161} INFO - Started process (PID=1180) to work on /home/airflow/.local/lib/python3.8/site-packages/airflow/example_dags/example_dag_decorator.py
[2025-04-09T07:19:46.775+0000] {processor.py:830} INFO - Processing file /home/airflow/.local/lib/python3.8/site-packages/airflow/example_dags/example_dag_decorator.py for tasks to queue
[2025-04-09T07:19:46.777+0000] {logging_mixin.py:188} INFO - [2025-04-09T07:19:46.777+0000] {dagbag.py:538} INFO - Filling up the DagBag from /home/airflow/.local/lib/python3.8/site-packages/airflow/example_dags/example_dag_decorator.py
[2025-04-09T07:19:46.882+0000] {processor.py:840} INFO - DAG(s) 'example_dag_decorator' retrieved from /home/airflow/.local/lib/python3.8/site-packages/airflow/example_dags/example_dag_decorator.py
[2025-04-09T07:19:47.001+0000] {logging_mixin.py:188} INFO - [2025-04-09T07:19:47.000+0000] {dag.py:3036} INFO - Sync 1 DAGs
[2025-04-09T07:19:47.013+0000] {logging_mixin.py:188} INFO - [2025-04-09T07:19:47.012+0000] {dag.py:3823} INFO - Setting next_dagrun for example_dag_decorator to None, run_after=None
[2025-04-09T07:19:47.237+0000] {processor.py:183} INFO - Processing /home/airflow/.local/lib/python3.8/site-packages/airflow/example_dags/example_dag_decorator.py took 0.467 seconds
[2025-04-09T07:20:17.560+0000] {processor.py:161} INFO - Started process (PID=1238) to work on /home/airflow/.local/lib/python3.8/site-packages/airflow/example_dags/example_dag_decorator.py
[2025-04-09T07:20:17.581+0000] {processor.py:830} INFO - Processing file /home/airflow/.local/lib/python3.8/site-packages/airflow/example_dags/example_dag_decorator.py for tasks to queue
[2025-04-09T07:20:17.583+0000] {logging_mixin.py:188} INFO - [2025-04-09T07:20:17.582+0000] {dagbag.py:538} INFO - Filling up the DagBag from /home/airflow/.local/lib/python3.8/site-packages/airflow/example_dags/example_dag_decorator.py
[2025-04-09T07:20:17.666+0000] {processor.py:840} INFO - DAG(s) 'example_dag_decorator' retrieved from /home/airflow/.local/lib/python3.8/site-packages/airflow/example_dags/example_dag_decorator.py
[2025-04-09T07:20:17.764+0000] {logging_mixin.py:188} INFO - [2025-04-09T07:20:17.764+0000] {dag.py:3036} INFO - Sync 1 DAGs
[2025-04-09T07:20:17.775+0000] {logging_mixin.py:188} INFO - [2025-04-09T07:20:17.775+0000] {dag.py:3823} INFO - Setting next_dagrun for example_dag_decorator to None, run_after=None
[2025-04-09T07:20:18.087+0000] {processor.py:183} INFO - Processing /home/airflow/.local/lib/python3.8/site-packages/airflow/example_dags/example_dag_decorator.py took 0.530 seconds
[2025-04-09T07:20:49.000+0000] {processor.py:161} INFO - Started process (PID=1296) to work on /home/airflow/.local/lib/python3.8/site-packages/airflow/example_dags/example_dag_decorator.py
[2025-04-09T07:20:49.036+0000] {processor.py:830} INFO - Processing file /home/airflow/.local/lib/python3.8/site-packages/airflow/example_dags/example_dag_decorator.py for tasks to queue
[2025-04-09T07:20:49.038+0000] {logging_mixin.py:188} INFO - [2025-04-09T07:20:49.038+0000] {dagbag.py:538} INFO - Filling up the DagBag from /home/airflow/.local/lib/python3.8/site-packages/airflow/example_dags/example_dag_decorator.py
[2025-04-09T07:20:49.136+0000] {processor.py:840} INFO - DAG(s) 'example_dag_decorator' retrieved from /home/airflow/.local/lib/python3.8/site-packages/airflow/example_dags/example_dag_decorator.py
[2025-04-09T07:20:49.255+0000] {logging_mixin.py:188} INFO - [2025-04-09T07:20:49.255+0000] {dag.py:3036} INFO - Sync 1 DAGs
[2025-04-09T07:20:49.267+0000] {logging_mixin.py:188} INFO - [2025-04-09T07:20:49.266+0000] {dag.py:3823} INFO - Setting next_dagrun for example_dag_decorator to None, run_after=None
[2025-04-09T07:20:49.314+0000] {processor.py:183} INFO - Processing /home/airflow/.local/lib/python3.8/site-packages/airflow/example_dags/example_dag_decorator.py took 0.316 seconds
[2025-04-09T07:21:19.582+0000] {processor.py:161} INFO - Started process (PID=1354) to work on /home/airflow/.local/lib/python3.8/site-packages/airflow/example_dags/example_dag_decorator.py
[2025-04-09T07:21:19.629+0000] {processor.py:830} INFO - Processing file /home/airflow/.local/lib/python3.8/site-packages/airflow/example_dags/example_dag_decorator.py for tasks to queue
[2025-04-09T07:21:19.630+0000] {logging_mixin.py:188} INFO - [2025-04-09T07:21:19.630+0000] {dagbag.py:538} INFO - Filling up the DagBag from /home/airflow/.local/lib/python3.8/site-packages/airflow/example_dags/example_dag_decorator.py
[2025-04-09T07:21:19.717+0000] {processor.py:840} INFO - DAG(s) 'example_dag_decorator' retrieved from /home/airflow/.local/lib/python3.8/site-packages/airflow/example_dags/example_dag_decorator.py
[2025-04-09T07:21:19.744+0000] {logging_mixin.py:188} INFO - [2025-04-09T07:21:19.744+0000] {dag.py:3036} INFO - Sync 1 DAGs
[2025-04-09T07:21:19.757+0000] {logging_mixin.py:188} INFO - [2025-04-09T07:21:19.757+0000] {dag.py:3823} INFO - Setting next_dagrun for example_dag_decorator to None, run_after=None
[2025-04-09T07:21:19.836+0000] {processor.py:183} INFO - Processing /home/airflow/.local/lib/python3.8/site-packages/airflow/example_dags/example_dag_decorator.py took 0.257 seconds
[2025-04-09T07:21:50.088+0000] {processor.py:161} INFO - Started process (PID=1412) to work on /home/airflow/.local/lib/python3.8/site-packages/airflow/example_dags/example_dag_decorator.py
[2025-04-09T07:21:50.129+0000] {processor.py:830} INFO - Processing file /home/airflow/.local/lib/python3.8/site-packages/airflow/example_dags/example_dag_decorator.py for tasks to queue
[2025-04-09T07:21:50.131+0000] {logging_mixin.py:188} INFO - [2025-04-09T07:21:50.130+0000] {dagbag.py:538} INFO - Filling up the DagBag from /home/airflow/.local/lib/python3.8/site-packages/airflow/example_dags/example_dag_decorator.py
[2025-04-09T07:21:50.235+0000] {processor.py:840} INFO - DAG(s) 'example_dag_decorator' retrieved from /home/airflow/.local/lib/python3.8/site-packages/airflow/example_dags/example_dag_decorator.py
[2025-04-09T07:21:50.276+0000] {logging_mixin.py:188} INFO - [2025-04-09T07:21:50.275+0000] {dag.py:3036} INFO - Sync 1 DAGs
[2025-04-09T07:21:50.291+0000] {logging_mixin.py:188} INFO - [2025-04-09T07:21:50.291+0000] {dag.py:3823} INFO - Setting next_dagrun for example_dag_decorator to None, run_after=None
[2025-04-09T07:21:50.344+0000] {processor.py:183} INFO - Processing /home/airflow/.local/lib/python3.8/site-packages/airflow/example_dags/example_dag_decorator.py took 0.260 seconds
[2025-04-09T07:22:20.457+0000] {processor.py:161} INFO - Started process (PID=1470) to work on /home/airflow/.local/lib/python3.8/site-packages/airflow/example_dags/example_dag_decorator.py
[2025-04-09T07:22:20.483+0000] {processor.py:830} INFO - Processing file /home/airflow/.local/lib/python3.8/site-packages/airflow/example_dags/example_dag_decorator.py for tasks to queue
[2025-04-09T07:22:20.485+0000] {logging_mixin.py:188} INFO - [2025-04-09T07:22:20.485+0000] {dagbag.py:538} INFO - Filling up the DagBag from /home/airflow/.local/lib/python3.8/site-packages/airflow/example_dags/example_dag_decorator.py
[2025-04-09T07:22:20.580+0000] {processor.py:840} INFO - DAG(s) 'example_dag_decorator' retrieved from /home/airflow/.local/lib/python3.8/site-packages/airflow/example_dags/example_dag_decorator.py
[2025-04-09T07:22:20.605+0000] {logging_mixin.py:188} INFO - [2025-04-09T07:22:20.605+0000] {dag.py:3036} INFO - Sync 1 DAGs
[2025-04-09T07:22:20.622+0000] {logging_mixin.py:188} INFO - [2025-04-09T07:22:20.622+0000] {dag.py:3823} INFO - Setting next_dagrun for example_dag_decorator to None, run_after=None
[2025-04-09T07:22:20.669+0000] {processor.py:183} INFO - Processing /home/airflow/.local/lib/python3.8/site-packages/airflow/example_dags/example_dag_decorator.py took 0.215 seconds
[2025-04-09T07:22:51.326+0000] {processor.py:161} INFO - Started process (PID=1528) to work on /home/airflow/.local/lib/python3.8/site-packages/airflow/example_dags/example_dag_decorator.py
[2025-04-09T07:22:51.342+0000] {processor.py:830} INFO - Processing file /home/airflow/.local/lib/python3.8/site-packages/airflow/example_dags/example_dag_decorator.py for tasks to queue
[2025-04-09T07:22:51.344+0000] {logging_mixin.py:188} INFO - [2025-04-09T07:22:51.344+0000] {dagbag.py:538} INFO - Filling up the DagBag from /home/airflow/.local/lib/python3.8/site-packages/airflow/example_dags/example_dag_decorator.py
[2025-04-09T07:22:51.431+0000] {processor.py:840} INFO - DAG(s) 'example_dag_decorator' retrieved from /home/airflow/.local/lib/python3.8/site-packages/airflow/example_dags/example_dag_decorator.py
[2025-04-09T07:22:51.453+0000] {logging_mixin.py:188} INFO - [2025-04-09T07:22:51.453+0000] {dag.py:3036} INFO - Sync 1 DAGs
[2025-04-09T07:22:51.465+0000] {logging_mixin.py:188} INFO - [2025-04-09T07:22:51.465+0000] {dag.py:3823} INFO - Setting next_dagrun for example_dag_decorator to None, run_after=None
[2025-04-09T07:22:51.511+0000] {processor.py:183} INFO - Processing /home/airflow/.local/lib/python3.8/site-packages/airflow/example_dags/example_dag_decorator.py took 0.188 seconds
[2025-04-09T07:23:21.958+0000] {processor.py:161} INFO - Started process (PID=1586) to work on /home/airflow/.local/lib/python3.8/site-packages/airflow/example_dags/example_dag_decorator.py
[2025-04-09T07:23:21.960+0000] {processor.py:830} INFO - Processing file /home/airflow/.local/lib/python3.8/site-packages/airflow/example_dags/example_dag_decorator.py for tasks to queue
[2025-04-09T07:23:21.962+0000] {logging_mixin.py:188} INFO - [2025-04-09T07:23:21.961+0000] {dagbag.py:538} INFO - Filling up the DagBag from /home/airflow/.local/lib/python3.8/site-packages/airflow/example_dags/example_dag_decorator.py
[2025-04-09T07:23:22.071+0000] {processor.py:840} INFO - DAG(s) 'example_dag_decorator' retrieved from /home/airflow/.local/lib/python3.8/site-packages/airflow/example_dags/example_dag_decorator.py
[2025-04-09T07:23:22.098+0000] {logging_mixin.py:188} INFO - [2025-04-09T07:23:22.097+0000] {dag.py:3036} INFO - Sync 1 DAGs
[2025-04-09T07:23:22.112+0000] {logging_mixin.py:188} INFO - [2025-04-09T07:23:22.112+0000] {dag.py:3823} INFO - Setting next_dagrun for example_dag_decorator to None, run_after=None
[2025-04-09T07:23:22.162+0000] {processor.py:183} INFO - Processing /home/airflow/.local/lib/python3.8/site-packages/airflow/example_dags/example_dag_decorator.py took 0.207 seconds
[2025-04-09T07:23:52.963+0000] {processor.py:161} INFO - Started process (PID=1644) to work on /home/airflow/.local/lib/python3.8/site-packages/airflow/example_dags/example_dag_decorator.py
[2025-04-09T07:23:52.992+0000] {processor.py:830} INFO - Processing file /home/airflow/.local/lib/python3.8/site-packages/airflow/example_dags/example_dag_decorator.py for tasks to queue
[2025-04-09T07:23:52.994+0000] {logging_mixin.py:188} INFO - [2025-04-09T07:23:52.994+0000] {dagbag.py:538} INFO - Filling up the DagBag from /home/airflow/.local/lib/python3.8/site-packages/airflow/example_dags/example_dag_decorator.py
[2025-04-09T07:23:53.090+0000] {processor.py:840} INFO - DAG(s) 'example_dag_decorator' retrieved from /home/airflow/.local/lib/python3.8/site-packages/airflow/example_dags/example_dag_decorator.py
[2025-04-09T07:23:56.789+0000] {logging_mixin.py:188} INFO - [2025-04-09T07:23:56.788+0000] {dag.py:3036} INFO - Sync 1 DAGs
[2025-04-09T07:23:56.800+0000] {logging_mixin.py:188} INFO - [2025-04-09T07:23:56.800+0000] {dag.py:3823} INFO - Setting next_dagrun for example_dag_decorator to None, run_after=None
[2025-04-09T07:23:56.867+0000] {processor.py:183} INFO - Processing /home/airflow/.local/lib/python3.8/site-packages/airflow/example_dags/example_dag_decorator.py took 0.322 seconds
[2025-04-09T07:24:27.586+0000] {processor.py:161} INFO - Started process (PID=1702) to work on /home/airflow/.local/lib/python3.8/site-packages/airflow/example_dags/example_dag_decorator.py
[2025-04-09T07:24:27.616+0000] {processor.py:830} INFO - Processing file /home/airflow/.local/lib/python3.8/site-packages/airflow/example_dags/example_dag_decorator.py for tasks to queue
[2025-04-09T07:24:27.617+0000] {logging_mixin.py:188} INFO - [2025-04-09T07:24:27.617+0000] {dagbag.py:538} INFO - Filling up the DagBag from /home/airflow/.local/lib/python3.8/site-packages/airflow/example_dags/example_dag_decorator.py
[2025-04-09T07:24:27.719+0000] {processor.py:840} INFO - DAG(s) 'example_dag_decorator' retrieved from /home/airflow/.local/lib/python3.8/site-packages/airflow/example_dags/example_dag_decorator.py
[2025-04-09T07:24:27.866+0000] {logging_mixin.py:188} INFO - [2025-04-09T07:24:27.866+0000] {dag.py:3036} INFO - Sync 1 DAGs
[2025-04-09T07:24:27.879+0000] {logging_mixin.py:188} INFO - [2025-04-09T07:24:27.879+0000] {dag.py:3823} INFO - Setting next_dagrun for example_dag_decorator to None, run_after=None
[2025-04-09T07:24:27.944+0000] {processor.py:183} INFO - Processing /home/airflow/.local/lib/python3.8/site-packages/airflow/example_dags/example_dag_decorator.py took 0.361 seconds
[2025-04-09T07:24:58.145+0000] {processor.py:161} INFO - Started process (PID=1760) to work on /home/airflow/.local/lib/python3.8/site-packages/airflow/example_dags/example_dag_decorator.py
[2025-04-09T07:24:58.146+0000] {processor.py:830} INFO - Processing file /home/airflow/.local/lib/python3.8/site-packages/airflow/example_dags/example_dag_decorator.py for tasks to queue
[2025-04-09T07:24:58.147+0000] {logging_mixin.py:188} INFO - [2025-04-09T07:24:58.147+0000] {dagbag.py:538} INFO - Filling up the DagBag from /home/airflow/.local/lib/python3.8/site-packages/airflow/example_dags/example_dag_decorator.py
[2025-04-09T07:24:58.255+0000] {processor.py:840} INFO - DAG(s) 'example_dag_decorator' retrieved from /home/airflow/.local/lib/python3.8/site-packages/airflow/example_dags/example_dag_decorator.py
[2025-04-09T07:24:58.285+0000] {logging_mixin.py:188} INFO - [2025-04-09T07:24:58.285+0000] {dag.py:3036} INFO - Sync 1 DAGs
[2025-04-09T07:24:58.299+0000] {logging_mixin.py:188} INFO - [2025-04-09T07:24:58.299+0000] {dag.py:3823} INFO - Setting next_dagrun for example_dag_decorator to None, run_after=None
[2025-04-09T07:24:58.347+0000] {processor.py:183} INFO - Processing /home/airflow/.local/lib/python3.8/site-packages/airflow/example_dags/example_dag_decorator.py took 0.206 seconds
[2025-04-09T07:25:28.479+0000] {processor.py:161} INFO - Started process (PID=1812) to work on /home/airflow/.local/lib/python3.8/site-packages/airflow/example_dags/example_dag_decorator.py
[2025-04-09T07:25:28.481+0000] {processor.py:830} INFO - Processing file /home/airflow/.local/lib/python3.8/site-packages/airflow/example_dags/example_dag_decorator.py for tasks to queue
[2025-04-09T07:25:28.484+0000] {logging_mixin.py:188} INFO - [2025-04-09T07:25:28.483+0000] {dagbag.py:538} INFO - Filling up the DagBag from /home/airflow/.local/lib/python3.8/site-packages/airflow/example_dags/example_dag_decorator.py
[2025-04-09T07:25:28.594+0000] {processor.py:840} INFO - DAG(s) 'example_dag_decorator' retrieved from /home/airflow/.local/lib/python3.8/site-packages/airflow/example_dags/example_dag_decorator.py
[2025-04-09T07:25:28.752+0000] {logging_mixin.py:188} INFO - [2025-04-09T07:25:28.752+0000] {dag.py:3036} INFO - Sync 1 DAGs
[2025-04-09T07:25:28.767+0000] {logging_mixin.py:188} INFO - [2025-04-09T07:25:28.767+0000] {dag.py:3823} INFO - Setting next_dagrun for example_dag_decorator to None, run_after=None
[2025-04-09T07:25:29.003+0000] {processor.py:183} INFO - Processing /home/airflow/.local/lib/python3.8/site-packages/airflow/example_dags/example_dag_decorator.py took 0.528 seconds
