[2025-04-09T06:43:06.898+0000] {processor.py:161} INFO - Started process (PID=760) to work on /home/airflow/.local/lib/python3.8/site-packages/airflow/example_dags/example_task_group.py
[2025-04-09T06:43:06.899+0000] {processor.py:830} INFO - Processing file /home/airflow/.local/lib/python3.8/site-packages/airflow/example_dags/example_task_group.py for tasks to queue
[2025-04-09T06:43:06.900+0000] {logging_mixin.py:188} INFO - [2025-04-09T06:43:06.900+0000] {dagbag.py:538} INFO - Filling up the DagBag from /home/airflow/.local/lib/python3.8/site-packages/airflow/example_dags/example_task_group.py
[2025-04-09T06:43:06.910+0000] {processor.py:840} INFO - DAG(s) 'example_task_group' retrieved from /home/airflow/.local/lib/python3.8/site-packages/airflow/example_dags/example_task_group.py
[2025-04-09T06:43:07.019+0000] {logging_mixin.py:188} INFO - [2025-04-09T06:43:07.019+0000] {dag.py:3036} INFO - Sync 1 DAGs
[2025-04-09T06:43:07.039+0000] {logging_mixin.py:188} INFO - [2025-04-09T06:43:07.039+0000] {dag.py:3823} INFO - Setting next_dagrun for example_task_group to 2025-04-08 00:00:00+00:00, run_after=2025-04-09 00:00:00+00:00
[2025-04-09T06:43:07.092+0000] {processor.py:183} INFO - Processing /home/airflow/.local/lib/python3.8/site-packages/airflow/example_dags/example_task_group.py took 0.197 seconds
[2025-04-09T06:44:52.741+0000] {processor.py:161} INFO - Started process (PID=70) to work on /home/airflow/.local/lib/python3.8/site-packages/airflow/example_dags/example_task_group.py
[2025-04-09T06:44:52.743+0000] {processor.py:830} INFO - Processing file /home/airflow/.local/lib/python3.8/site-packages/airflow/example_dags/example_task_group.py for tasks to queue
[2025-04-09T06:44:52.747+0000] {logging_mixin.py:188} INFO - [2025-04-09T06:44:52.746+0000] {dagbag.py:538} INFO - Filling up the DagBag from /home/airflow/.local/lib/python3.8/site-packages/airflow/example_dags/example_task_group.py
[2025-04-09T06:44:52.768+0000] {processor.py:840} INFO - DAG(s) 'example_task_group' retrieved from /home/airflow/.local/lib/python3.8/site-packages/airflow/example_dags/example_task_group.py
[2025-04-09T06:44:52.972+0000] {logging_mixin.py:188} INFO - [2025-04-09T06:44:52.972+0000] {dag.py:3036} INFO - Sync 1 DAGs
[2025-04-09T06:44:53.012+0000] {logging_mixin.py:188} INFO - [2025-04-09T06:44:53.012+0000] {dag.py:3823} INFO - Setting next_dagrun for example_task_group to 2025-04-08 00:00:00+00:00, run_after=2025-04-09 00:00:00+00:00
[2025-04-09T06:44:53.078+0000] {processor.py:183} INFO - Processing /home/airflow/.local/lib/python3.8/site-packages/airflow/example_dags/example_task_group.py took 0.341 seconds
[2025-04-09T06:45:23.527+0000] {processor.py:161} INFO - Started process (PID=58) to work on /home/airflow/.local/lib/python3.8/site-packages/airflow/example_dags/example_task_group.py
[2025-04-09T06:45:23.528+0000] {processor.py:830} INFO - Processing file /home/airflow/.local/lib/python3.8/site-packages/airflow/example_dags/example_task_group.py for tasks to queue
[2025-04-09T06:45:23.530+0000] {logging_mixin.py:188} INFO - [2025-04-09T06:45:23.529+0000] {dagbag.py:538} INFO - Filling up the DagBag from /home/airflow/.local/lib/python3.8/site-packages/airflow/example_dags/example_task_group.py
[2025-04-09T06:45:23.538+0000] {processor.py:840} INFO - DAG(s) 'example_task_group' retrieved from /home/airflow/.local/lib/python3.8/site-packages/airflow/example_dags/example_task_group.py
[2025-04-09T06:45:23.561+0000] {logging_mixin.py:188} INFO - [2025-04-09T06:45:23.561+0000] {dag.py:3036} INFO - Sync 1 DAGs
[2025-04-09T06:45:23.583+0000] {logging_mixin.py:188} INFO - [2025-04-09T06:45:23.582+0000] {dag.py:3823} INFO - Setting next_dagrun for example_task_group to 2025-04-08 00:00:00+00:00, run_after=2025-04-09 00:00:00+00:00
[2025-04-09T06:45:23.634+0000] {processor.py:183} INFO - Processing /home/airflow/.local/lib/python3.8/site-packages/airflow/example_dags/example_task_group.py took 0.110 seconds
[2025-04-09T06:45:54.100+0000] {processor.py:161} INFO - Started process (PID=116) to work on /home/airflow/.local/lib/python3.8/site-packages/airflow/example_dags/example_task_group.py
[2025-04-09T06:45:54.101+0000] {processor.py:830} INFO - Processing file /home/airflow/.local/lib/python3.8/site-packages/airflow/example_dags/example_task_group.py for tasks to queue
[2025-04-09T06:45:54.103+0000] {logging_mixin.py:188} INFO - [2025-04-09T06:45:54.103+0000] {dagbag.py:538} INFO - Filling up the DagBag from /home/airflow/.local/lib/python3.8/site-packages/airflow/example_dags/example_task_group.py
[2025-04-09T06:45:54.111+0000] {processor.py:840} INFO - DAG(s) 'example_task_group' retrieved from /home/airflow/.local/lib/python3.8/site-packages/airflow/example_dags/example_task_group.py
[2025-04-09T06:45:54.137+0000] {logging_mixin.py:188} INFO - [2025-04-09T06:45:54.136+0000] {dag.py:3036} INFO - Sync 1 DAGs
[2025-04-09T06:45:54.160+0000] {logging_mixin.py:188} INFO - [2025-04-09T06:45:54.159+0000] {dag.py:3823} INFO - Setting next_dagrun for example_task_group to 2025-04-08 00:00:00+00:00, run_after=2025-04-09 00:00:00+00:00
[2025-04-09T06:45:54.214+0000] {processor.py:183} INFO - Processing /home/airflow/.local/lib/python3.8/site-packages/airflow/example_dags/example_task_group.py took 0.117 seconds
[2025-04-09T06:46:24.705+0000] {processor.py:161} INFO - Started process (PID=174) to work on /home/airflow/.local/lib/python3.8/site-packages/airflow/example_dags/example_task_group.py
[2025-04-09T06:46:24.710+0000] {processor.py:830} INFO - Processing file /home/airflow/.local/lib/python3.8/site-packages/airflow/example_dags/example_task_group.py for tasks to queue
[2025-04-09T06:46:24.713+0000] {logging_mixin.py:188} INFO - [2025-04-09T06:46:24.713+0000] {dagbag.py:538} INFO - Filling up the DagBag from /home/airflow/.local/lib/python3.8/site-packages/airflow/example_dags/example_task_group.py
[2025-04-09T06:46:24.742+0000] {processor.py:840} INFO - DAG(s) 'example_task_group' retrieved from /home/airflow/.local/lib/python3.8/site-packages/airflow/example_dags/example_task_group.py
[2025-04-09T06:46:24.803+0000] {logging_mixin.py:188} INFO - [2025-04-09T06:46:24.802+0000] {dag.py:3036} INFO - Sync 1 DAGs
[2025-04-09T06:46:24.868+0000] {logging_mixin.py:188} INFO - [2025-04-09T06:46:24.868+0000] {dag.py:3823} INFO - Setting next_dagrun for example_task_group to 2025-04-08 00:00:00+00:00, run_after=2025-04-09 00:00:00+00:00
[2025-04-09T06:46:24.957+0000] {processor.py:183} INFO - Processing /home/airflow/.local/lib/python3.8/site-packages/airflow/example_dags/example_task_group.py took 0.259 seconds
[2025-04-09T06:46:56.391+0000] {processor.py:161} INFO - Started process (PID=232) to work on /home/airflow/.local/lib/python3.8/site-packages/airflow/example_dags/example_task_group.py
[2025-04-09T06:46:56.401+0000] {processor.py:830} INFO - Processing file /home/airflow/.local/lib/python3.8/site-packages/airflow/example_dags/example_task_group.py for tasks to queue
[2025-04-09T06:46:56.403+0000] {logging_mixin.py:188} INFO - [2025-04-09T06:46:56.402+0000] {dagbag.py:538} INFO - Filling up the DagBag from /home/airflow/.local/lib/python3.8/site-packages/airflow/example_dags/example_task_group.py
[2025-04-09T06:46:56.411+0000] {processor.py:840} INFO - DAG(s) 'example_task_group' retrieved from /home/airflow/.local/lib/python3.8/site-packages/airflow/example_dags/example_task_group.py
[2025-04-09T06:46:56.438+0000] {logging_mixin.py:188} INFO - [2025-04-09T06:46:56.438+0000] {dag.py:3036} INFO - Sync 1 DAGs
[2025-04-09T06:46:56.463+0000] {logging_mixin.py:188} INFO - [2025-04-09T06:46:56.463+0000] {dag.py:3823} INFO - Setting next_dagrun for example_task_group to 2025-04-08 00:00:00+00:00, run_after=2025-04-09 00:00:00+00:00
[2025-04-09T06:46:56.507+0000] {processor.py:183} INFO - Processing /home/airflow/.local/lib/python3.8/site-packages/airflow/example_dags/example_task_group.py took 0.120 seconds
[2025-04-09T06:47:31.063+0000] {processor.py:161} INFO - Started process (PID=290) to work on /home/airflow/.local/lib/python3.8/site-packages/airflow/example_dags/example_task_group.py
[2025-04-09T06:47:31.065+0000] {processor.py:830} INFO - Processing file /home/airflow/.local/lib/python3.8/site-packages/airflow/example_dags/example_task_group.py for tasks to queue
[2025-04-09T06:47:31.066+0000] {logging_mixin.py:188} INFO - [2025-04-09T06:47:31.066+0000] {dagbag.py:538} INFO - Filling up the DagBag from /home/airflow/.local/lib/python3.8/site-packages/airflow/example_dags/example_task_group.py
[2025-04-09T06:47:31.074+0000] {processor.py:840} INFO - DAG(s) 'example_task_group' retrieved from /home/airflow/.local/lib/python3.8/site-packages/airflow/example_dags/example_task_group.py
[2025-04-09T06:47:31.098+0000] {logging_mixin.py:188} INFO - [2025-04-09T06:47:31.098+0000] {dag.py:3036} INFO - Sync 1 DAGs
[2025-04-09T06:47:31.121+0000] {logging_mixin.py:188} INFO - [2025-04-09T06:47:31.120+0000] {dag.py:3823} INFO - Setting next_dagrun for example_task_group to 2025-04-08 00:00:00+00:00, run_after=2025-04-09 00:00:00+00:00
[2025-04-09T06:47:31.197+0000] {processor.py:183} INFO - Processing /home/airflow/.local/lib/python3.8/site-packages/airflow/example_dags/example_task_group.py took 0.137 seconds
[2025-04-09T06:48:02.177+0000] {processor.py:161} INFO - Started process (PID=348) to work on /home/airflow/.local/lib/python3.8/site-packages/airflow/example_dags/example_task_group.py
[2025-04-09T06:48:02.178+0000] {processor.py:830} INFO - Processing file /home/airflow/.local/lib/python3.8/site-packages/airflow/example_dags/example_task_group.py for tasks to queue
[2025-04-09T06:48:02.180+0000] {logging_mixin.py:188} INFO - [2025-04-09T06:48:02.180+0000] {dagbag.py:538} INFO - Filling up the DagBag from /home/airflow/.local/lib/python3.8/site-packages/airflow/example_dags/example_task_group.py
[2025-04-09T06:48:02.186+0000] {processor.py:840} INFO - DAG(s) 'example_task_group' retrieved from /home/airflow/.local/lib/python3.8/site-packages/airflow/example_dags/example_task_group.py
[2025-04-09T06:48:02.209+0000] {logging_mixin.py:188} INFO - [2025-04-09T06:48:02.209+0000] {dag.py:3036} INFO - Sync 1 DAGs
[2025-04-09T06:48:02.231+0000] {logging_mixin.py:188} INFO - [2025-04-09T06:48:02.231+0000] {dag.py:3823} INFO - Setting next_dagrun for example_task_group to 2025-04-08 00:00:00+00:00, run_after=2025-04-09 00:00:00+00:00
[2025-04-09T06:48:02.296+0000] {processor.py:183} INFO - Processing /home/airflow/.local/lib/python3.8/site-packages/airflow/example_dags/example_task_group.py took 0.123 seconds
[2025-04-09T06:48:33.045+0000] {processor.py:161} INFO - Started process (PID=406) to work on /home/airflow/.local/lib/python3.8/site-packages/airflow/example_dags/example_task_group.py
[2025-04-09T06:48:33.073+0000] {processor.py:830} INFO - Processing file /home/airflow/.local/lib/python3.8/site-packages/airflow/example_dags/example_task_group.py for tasks to queue
[2025-04-09T06:48:33.075+0000] {logging_mixin.py:188} INFO - [2025-04-09T06:48:33.075+0000] {dagbag.py:538} INFO - Filling up the DagBag from /home/airflow/.local/lib/python3.8/site-packages/airflow/example_dags/example_task_group.py
[2025-04-09T06:48:33.083+0000] {processor.py:840} INFO - DAG(s) 'example_task_group' retrieved from /home/airflow/.local/lib/python3.8/site-packages/airflow/example_dags/example_task_group.py
[2025-04-09T06:48:33.106+0000] {logging_mixin.py:188} INFO - [2025-04-09T06:48:33.105+0000] {dag.py:3036} INFO - Sync 1 DAGs
[2025-04-09T06:48:33.130+0000] {logging_mixin.py:188} INFO - [2025-04-09T06:48:33.130+0000] {dag.py:3823} INFO - Setting next_dagrun for example_task_group to 2025-04-08 00:00:00+00:00, run_after=2025-04-09 00:00:00+00:00
[2025-04-09T06:48:33.180+0000] {processor.py:183} INFO - Processing /home/airflow/.local/lib/python3.8/site-packages/airflow/example_dags/example_task_group.py took 0.138 seconds
[2025-04-09T06:49:03.986+0000] {processor.py:161} INFO - Started process (PID=464) to work on /home/airflow/.local/lib/python3.8/site-packages/airflow/example_dags/example_task_group.py
[2025-04-09T06:49:03.987+0000] {processor.py:830} INFO - Processing file /home/airflow/.local/lib/python3.8/site-packages/airflow/example_dags/example_task_group.py for tasks to queue
[2025-04-09T06:49:03.989+0000] {logging_mixin.py:188} INFO - [2025-04-09T06:49:03.988+0000] {dagbag.py:538} INFO - Filling up the DagBag from /home/airflow/.local/lib/python3.8/site-packages/airflow/example_dags/example_task_group.py
[2025-04-09T06:49:03.996+0000] {processor.py:840} INFO - DAG(s) 'example_task_group' retrieved from /home/airflow/.local/lib/python3.8/site-packages/airflow/example_dags/example_task_group.py
[2025-04-09T06:49:04.019+0000] {logging_mixin.py:188} INFO - [2025-04-09T06:49:04.019+0000] {dag.py:3036} INFO - Sync 1 DAGs
[2025-04-09T06:49:04.043+0000] {logging_mixin.py:188} INFO - [2025-04-09T06:49:04.043+0000] {dag.py:3823} INFO - Setting next_dagrun for example_task_group to 2025-04-08 00:00:00+00:00, run_after=2025-04-09 00:00:00+00:00
[2025-04-09T06:49:04.125+0000] {processor.py:183} INFO - Processing /home/airflow/.local/lib/python3.8/site-packages/airflow/example_dags/example_task_group.py took 0.142 seconds
[2025-04-09T06:49:34.303+0000] {processor.py:161} INFO - Started process (PID=522) to work on /home/airflow/.local/lib/python3.8/site-packages/airflow/example_dags/example_task_group.py
[2025-04-09T06:49:34.304+0000] {processor.py:830} INFO - Processing file /home/airflow/.local/lib/python3.8/site-packages/airflow/example_dags/example_task_group.py for tasks to queue
[2025-04-09T06:49:34.306+0000] {logging_mixin.py:188} INFO - [2025-04-09T06:49:34.305+0000] {dagbag.py:538} INFO - Filling up the DagBag from /home/airflow/.local/lib/python3.8/site-packages/airflow/example_dags/example_task_group.py
[2025-04-09T06:49:34.317+0000] {processor.py:840} INFO - DAG(s) 'example_task_group' retrieved from /home/airflow/.local/lib/python3.8/site-packages/airflow/example_dags/example_task_group.py
[2025-04-09T06:49:34.346+0000] {logging_mixin.py:188} INFO - [2025-04-09T06:49:34.346+0000] {dag.py:3036} INFO - Sync 1 DAGs
[2025-04-09T06:49:34.371+0000] {logging_mixin.py:188} INFO - [2025-04-09T06:49:34.371+0000] {dag.py:3823} INFO - Setting next_dagrun for example_task_group to 2025-04-08 00:00:00+00:00, run_after=2025-04-09 00:00:00+00:00
[2025-04-09T06:49:34.424+0000] {processor.py:183} INFO - Processing /home/airflow/.local/lib/python3.8/site-packages/airflow/example_dags/example_task_group.py took 0.125 seconds
[2025-04-09T06:50:04.776+0000] {processor.py:161} INFO - Started process (PID=580) to work on /home/airflow/.local/lib/python3.8/site-packages/airflow/example_dags/example_task_group.py
[2025-04-09T06:50:04.776+0000] {processor.py:830} INFO - Processing file /home/airflow/.local/lib/python3.8/site-packages/airflow/example_dags/example_task_group.py for tasks to queue
[2025-04-09T06:50:04.778+0000] {logging_mixin.py:188} INFO - [2025-04-09T06:50:04.778+0000] {dagbag.py:538} INFO - Filling up the DagBag from /home/airflow/.local/lib/python3.8/site-packages/airflow/example_dags/example_task_group.py
[2025-04-09T06:50:04.786+0000] {processor.py:840} INFO - DAG(s) 'example_task_group' retrieved from /home/airflow/.local/lib/python3.8/site-packages/airflow/example_dags/example_task_group.py
[2025-04-09T06:50:04.811+0000] {logging_mixin.py:188} INFO - [2025-04-09T06:50:04.811+0000] {dag.py:3036} INFO - Sync 1 DAGs
[2025-04-09T06:50:04.844+0000] {logging_mixin.py:188} INFO - [2025-04-09T06:50:04.844+0000] {dag.py:3823} INFO - Setting next_dagrun for example_task_group to 2025-04-08 00:00:00+00:00, run_after=2025-04-09 00:00:00+00:00
[2025-04-09T06:50:04.967+0000] {processor.py:183} INFO - Processing /home/airflow/.local/lib/python3.8/site-packages/airflow/example_dags/example_task_group.py took 0.194 seconds
[2025-04-09T06:50:34.995+0000] {processor.py:161} INFO - Started process (PID=638) to work on /home/airflow/.local/lib/python3.8/site-packages/airflow/example_dags/example_task_group.py
[2025-04-09T06:50:34.996+0000] {processor.py:830} INFO - Processing file /home/airflow/.local/lib/python3.8/site-packages/airflow/example_dags/example_task_group.py for tasks to queue
[2025-04-09T06:50:34.997+0000] {logging_mixin.py:188} INFO - [2025-04-09T06:50:34.997+0000] {dagbag.py:538} INFO - Filling up the DagBag from /home/airflow/.local/lib/python3.8/site-packages/airflow/example_dags/example_task_group.py
[2025-04-09T06:50:35.004+0000] {processor.py:840} INFO - DAG(s) 'example_task_group' retrieved from /home/airflow/.local/lib/python3.8/site-packages/airflow/example_dags/example_task_group.py
[2025-04-09T06:50:35.030+0000] {logging_mixin.py:188} INFO - [2025-04-09T06:50:35.030+0000] {dag.py:3036} INFO - Sync 1 DAGs
[2025-04-09T06:50:35.053+0000] {logging_mixin.py:188} INFO - [2025-04-09T06:50:35.053+0000] {dag.py:3823} INFO - Setting next_dagrun for example_task_group to 2025-04-08 00:00:00+00:00, run_after=2025-04-09 00:00:00+00:00
[2025-04-09T06:50:35.108+0000] {processor.py:183} INFO - Processing /home/airflow/.local/lib/python3.8/site-packages/airflow/example_dags/example_task_group.py took 0.117 seconds
[2025-04-09T06:51:06.955+0000] {processor.py:161} INFO - Started process (PID=697) to work on /home/airflow/.local/lib/python3.8/site-packages/airflow/example_dags/example_task_group.py
[2025-04-09T06:51:06.956+0000] {processor.py:830} INFO - Processing file /home/airflow/.local/lib/python3.8/site-packages/airflow/example_dags/example_task_group.py for tasks to queue
[2025-04-09T06:51:06.957+0000] {logging_mixin.py:188} INFO - [2025-04-09T06:51:06.957+0000] {dagbag.py:538} INFO - Filling up the DagBag from /home/airflow/.local/lib/python3.8/site-packages/airflow/example_dags/example_task_group.py
[2025-04-09T06:51:06.966+0000] {processor.py:840} INFO - DAG(s) 'example_task_group' retrieved from /home/airflow/.local/lib/python3.8/site-packages/airflow/example_dags/example_task_group.py
[2025-04-09T06:51:06.994+0000] {logging_mixin.py:188} INFO - [2025-04-09T06:51:06.993+0000] {dag.py:3036} INFO - Sync 1 DAGs
[2025-04-09T06:51:07.018+0000] {logging_mixin.py:188} INFO - [2025-04-09T06:51:07.018+0000] {dag.py:3823} INFO - Setting next_dagrun for example_task_group to 2025-04-08 00:00:00+00:00, run_after=2025-04-09 00:00:00+00:00
[2025-04-09T06:51:07.075+0000] {processor.py:183} INFO - Processing /home/airflow/.local/lib/python3.8/site-packages/airflow/example_dags/example_task_group.py took 0.125 seconds
[2025-04-09T06:51:37.749+0000] {processor.py:161} INFO - Started process (PID=756) to work on /home/airflow/.local/lib/python3.8/site-packages/airflow/example_dags/example_task_group.py
[2025-04-09T06:51:37.789+0000] {processor.py:830} INFO - Processing file /home/airflow/.local/lib/python3.8/site-packages/airflow/example_dags/example_task_group.py for tasks to queue
[2025-04-09T06:51:37.791+0000] {logging_mixin.py:188} INFO - [2025-04-09T06:51:37.791+0000] {dagbag.py:538} INFO - Filling up the DagBag from /home/airflow/.local/lib/python3.8/site-packages/airflow/example_dags/example_task_group.py
[2025-04-09T06:51:37.800+0000] {processor.py:840} INFO - DAG(s) 'example_task_group' retrieved from /home/airflow/.local/lib/python3.8/site-packages/airflow/example_dags/example_task_group.py
[2025-04-09T06:51:37.830+0000] {logging_mixin.py:188} INFO - [2025-04-09T06:51:37.830+0000] {dag.py:3036} INFO - Sync 1 DAGs
[2025-04-09T06:51:37.859+0000] {logging_mixin.py:188} INFO - [2025-04-09T06:51:37.859+0000] {dag.py:3823} INFO - Setting next_dagrun for example_task_group to 2025-04-08 00:00:00+00:00, run_after=2025-04-09 00:00:00+00:00
[2025-04-09T06:51:37.915+0000] {processor.py:183} INFO - Processing /home/airflow/.local/lib/python3.8/site-packages/airflow/example_dags/example_task_group.py took 0.170 seconds
[2025-04-09T06:52:31.225+0000] {processor.py:161} INFO - Started process (PID=66) to work on /home/airflow/.local/lib/python3.8/site-packages/airflow/example_dags/example_task_group.py
[2025-04-09T06:52:31.240+0000] {processor.py:830} INFO - Processing file /home/airflow/.local/lib/python3.8/site-packages/airflow/example_dags/example_task_group.py for tasks to queue
[2025-04-09T06:52:31.243+0000] {logging_mixin.py:188} INFO - [2025-04-09T06:52:31.243+0000] {dagbag.py:538} INFO - Filling up the DagBag from /home/airflow/.local/lib/python3.8/site-packages/airflow/example_dags/example_task_group.py
[2025-04-09T06:52:31.257+0000] {processor.py:840} INFO - DAG(s) 'example_task_group' retrieved from /home/airflow/.local/lib/python3.8/site-packages/airflow/example_dags/example_task_group.py
[2025-04-09T06:52:31.275+0000] {logging_mixin.py:188} INFO - [2025-04-09T06:52:31.275+0000] {dag.py:3036} INFO - Sync 1 DAGs
[2025-04-09T06:52:31.304+0000] {logging_mixin.py:188} INFO - [2025-04-09T06:52:31.304+0000] {dag.py:3823} INFO - Setting next_dagrun for example_task_group to 2025-04-08 00:00:00+00:00, run_after=2025-04-09 00:00:00+00:00
[2025-04-09T06:52:31.377+0000] {processor.py:183} INFO - Processing /home/airflow/.local/lib/python3.8/site-packages/airflow/example_dags/example_task_group.py took 0.155 seconds
[2025-04-09T06:53:03.070+0000] {processor.py:161} INFO - Started process (PID=124) to work on /home/airflow/.local/lib/python3.8/site-packages/airflow/example_dags/example_task_group.py
[2025-04-09T06:53:03.085+0000] {processor.py:830} INFO - Processing file /home/airflow/.local/lib/python3.8/site-packages/airflow/example_dags/example_task_group.py for tasks to queue
[2025-04-09T06:53:03.087+0000] {logging_mixin.py:188} INFO - [2025-04-09T06:53:03.087+0000] {dagbag.py:538} INFO - Filling up the DagBag from /home/airflow/.local/lib/python3.8/site-packages/airflow/example_dags/example_task_group.py
[2025-04-09T06:53:03.095+0000] {processor.py:840} INFO - DAG(s) 'example_task_group' retrieved from /home/airflow/.local/lib/python3.8/site-packages/airflow/example_dags/example_task_group.py
[2025-04-09T06:53:03.215+0000] {logging_mixin.py:188} INFO - [2025-04-09T06:53:03.214+0000] {dag.py:3036} INFO - Sync 1 DAGs
[2025-04-09T06:53:03.240+0000] {logging_mixin.py:188} INFO - [2025-04-09T06:53:03.239+0000] {dag.py:3823} INFO - Setting next_dagrun for example_task_group to 2025-04-08 00:00:00+00:00, run_after=2025-04-09 00:00:00+00:00
[2025-04-09T06:53:03.293+0000] {processor.py:183} INFO - Processing /home/airflow/.local/lib/python3.8/site-packages/airflow/example_dags/example_task_group.py took 0.226 seconds
[2025-04-09T06:53:34.107+0000] {processor.py:161} INFO - Started process (PID=182) to work on /home/airflow/.local/lib/python3.8/site-packages/airflow/example_dags/example_task_group.py
[2025-04-09T06:53:34.108+0000] {processor.py:830} INFO - Processing file /home/airflow/.local/lib/python3.8/site-packages/airflow/example_dags/example_task_group.py for tasks to queue
[2025-04-09T06:53:34.111+0000] {logging_mixin.py:188} INFO - [2025-04-09T06:53:34.110+0000] {dagbag.py:538} INFO - Filling up the DagBag from /home/airflow/.local/lib/python3.8/site-packages/airflow/example_dags/example_task_group.py
[2025-04-09T06:53:34.123+0000] {processor.py:840} INFO - DAG(s) 'example_task_group' retrieved from /home/airflow/.local/lib/python3.8/site-packages/airflow/example_dags/example_task_group.py
[2025-04-09T06:53:34.152+0000] {logging_mixin.py:188} INFO - [2025-04-09T06:53:34.152+0000] {dag.py:3036} INFO - Sync 1 DAGs
[2025-04-09T06:53:34.178+0000] {logging_mixin.py:188} INFO - [2025-04-09T06:53:34.178+0000] {dag.py:3823} INFO - Setting next_dagrun for example_task_group to 2025-04-08 00:00:00+00:00, run_after=2025-04-09 00:00:00+00:00
[2025-04-09T06:53:34.232+0000] {processor.py:183} INFO - Processing /home/airflow/.local/lib/python3.8/site-packages/airflow/example_dags/example_task_group.py took 0.132 seconds
[2025-04-09T06:54:06.448+0000] {processor.py:161} INFO - Started process (PID=240) to work on /home/airflow/.local/lib/python3.8/site-packages/airflow/example_dags/example_task_group.py
[2025-04-09T06:54:06.449+0000] {processor.py:830} INFO - Processing file /home/airflow/.local/lib/python3.8/site-packages/airflow/example_dags/example_task_group.py for tasks to queue
[2025-04-09T06:54:06.451+0000] {logging_mixin.py:188} INFO - [2025-04-09T06:54:06.450+0000] {dagbag.py:538} INFO - Filling up the DagBag from /home/airflow/.local/lib/python3.8/site-packages/airflow/example_dags/example_task_group.py
[2025-04-09T06:54:06.458+0000] {processor.py:840} INFO - DAG(s) 'example_task_group' retrieved from /home/airflow/.local/lib/python3.8/site-packages/airflow/example_dags/example_task_group.py
[2025-04-09T06:54:06.481+0000] {logging_mixin.py:188} INFO - [2025-04-09T06:54:06.480+0000] {dag.py:3036} INFO - Sync 1 DAGs
[2025-04-09T06:54:06.503+0000] {logging_mixin.py:188} INFO - [2025-04-09T06:54:06.503+0000] {dag.py:3823} INFO - Setting next_dagrun for example_task_group to 2025-04-08 00:00:00+00:00, run_after=2025-04-09 00:00:00+00:00
[2025-04-09T06:54:06.554+0000] {processor.py:183} INFO - Processing /home/airflow/.local/lib/python3.8/site-packages/airflow/example_dags/example_task_group.py took 0.108 seconds
[2025-04-09T06:54:41.222+0000] {processor.py:161} INFO - Started process (PID=298) to work on /home/airflow/.local/lib/python3.8/site-packages/airflow/example_dags/example_task_group.py
[2025-04-09T06:54:41.234+0000] {processor.py:830} INFO - Processing file /home/airflow/.local/lib/python3.8/site-packages/airflow/example_dags/example_task_group.py for tasks to queue
[2025-04-09T06:54:41.236+0000] {logging_mixin.py:188} INFO - [2025-04-09T06:54:41.236+0000] {dagbag.py:538} INFO - Filling up the DagBag from /home/airflow/.local/lib/python3.8/site-packages/airflow/example_dags/example_task_group.py
[2025-04-09T06:54:41.244+0000] {processor.py:840} INFO - DAG(s) 'example_task_group' retrieved from /home/airflow/.local/lib/python3.8/site-packages/airflow/example_dags/example_task_group.py
[2025-04-09T06:54:41.275+0000] {logging_mixin.py:188} INFO - [2025-04-09T06:54:41.275+0000] {dag.py:3036} INFO - Sync 1 DAGs
[2025-04-09T06:54:41.304+0000] {logging_mixin.py:188} INFO - [2025-04-09T06:54:41.304+0000] {dag.py:3823} INFO - Setting next_dagrun for example_task_group to 2025-04-08 00:00:00+00:00, run_after=2025-04-09 00:00:00+00:00
[2025-04-09T06:54:41.597+0000] {processor.py:183} INFO - Processing /home/airflow/.local/lib/python3.8/site-packages/airflow/example_dags/example_task_group.py took 0.378 seconds
[2025-04-09T06:55:11.776+0000] {processor.py:161} INFO - Started process (PID=356) to work on /home/airflow/.local/lib/python3.8/site-packages/airflow/example_dags/example_task_group.py
[2025-04-09T06:55:11.778+0000] {processor.py:830} INFO - Processing file /home/airflow/.local/lib/python3.8/site-packages/airflow/example_dags/example_task_group.py for tasks to queue
[2025-04-09T06:55:11.780+0000] {logging_mixin.py:188} INFO - [2025-04-09T06:55:11.780+0000] {dagbag.py:538} INFO - Filling up the DagBag from /home/airflow/.local/lib/python3.8/site-packages/airflow/example_dags/example_task_group.py
[2025-04-09T06:55:11.788+0000] {processor.py:840} INFO - DAG(s) 'example_task_group' retrieved from /home/airflow/.local/lib/python3.8/site-packages/airflow/example_dags/example_task_group.py
[2025-04-09T06:55:11.808+0000] {logging_mixin.py:188} INFO - [2025-04-09T06:55:11.808+0000] {dag.py:3036} INFO - Sync 1 DAGs
[2025-04-09T06:55:11.832+0000] {logging_mixin.py:188} INFO - [2025-04-09T06:55:11.831+0000] {dag.py:3823} INFO - Setting next_dagrun for example_task_group to 2025-04-08 00:00:00+00:00, run_after=2025-04-09 00:00:00+00:00
[2025-04-09T06:55:11.887+0000] {processor.py:183} INFO - Processing /home/airflow/.local/lib/python3.8/site-packages/airflow/example_dags/example_task_group.py took 0.114 seconds
[2025-04-09T06:55:42.965+0000] {processor.py:161} INFO - Started process (PID=414) to work on /home/airflow/.local/lib/python3.8/site-packages/airflow/example_dags/example_task_group.py
[2025-04-09T06:55:42.990+0000] {processor.py:830} INFO - Processing file /home/airflow/.local/lib/python3.8/site-packages/airflow/example_dags/example_task_group.py for tasks to queue
[2025-04-09T06:55:42.993+0000] {logging_mixin.py:188} INFO - [2025-04-09T06:55:42.992+0000] {dagbag.py:538} INFO - Filling up the DagBag from /home/airflow/.local/lib/python3.8/site-packages/airflow/example_dags/example_task_group.py
[2025-04-09T06:55:43.003+0000] {processor.py:840} INFO - DAG(s) 'example_task_group' retrieved from /home/airflow/.local/lib/python3.8/site-packages/airflow/example_dags/example_task_group.py
[2025-04-09T06:55:43.035+0000] {logging_mixin.py:188} INFO - [2025-04-09T06:55:43.034+0000] {dag.py:3036} INFO - Sync 1 DAGs
[2025-04-09T06:55:43.060+0000] {logging_mixin.py:188} INFO - [2025-04-09T06:55:43.059+0000] {dag.py:3823} INFO - Setting next_dagrun for example_task_group to 2025-04-08 00:00:00+00:00, run_after=2025-04-09 00:00:00+00:00
[2025-04-09T06:55:43.140+0000] {processor.py:183} INFO - Processing /home/airflow/.local/lib/python3.8/site-packages/airflow/example_dags/example_task_group.py took 0.182 seconds
[2025-04-09T06:56:13.968+0000] {processor.py:161} INFO - Started process (PID=472) to work on /home/airflow/.local/lib/python3.8/site-packages/airflow/example_dags/example_task_group.py
[2025-04-09T06:56:13.988+0000] {processor.py:830} INFO - Processing file /home/airflow/.local/lib/python3.8/site-packages/airflow/example_dags/example_task_group.py for tasks to queue
[2025-04-09T06:56:13.990+0000] {logging_mixin.py:188} INFO - [2025-04-09T06:56:13.990+0000] {dagbag.py:538} INFO - Filling up the DagBag from /home/airflow/.local/lib/python3.8/site-packages/airflow/example_dags/example_task_group.py
[2025-04-09T06:56:13.997+0000] {processor.py:840} INFO - DAG(s) 'example_task_group' retrieved from /home/airflow/.local/lib/python3.8/site-packages/airflow/example_dags/example_task_group.py
[2025-04-09T06:56:14.023+0000] {logging_mixin.py:188} INFO - [2025-04-09T06:56:14.022+0000] {dag.py:3036} INFO - Sync 1 DAGs
[2025-04-09T06:56:14.047+0000] {logging_mixin.py:188} INFO - [2025-04-09T06:56:14.047+0000] {dag.py:3823} INFO - Setting next_dagrun for example_task_group to 2025-04-08 00:00:00+00:00, run_after=2025-04-09 00:00:00+00:00
[2025-04-09T06:56:14.127+0000] {processor.py:183} INFO - Processing /home/airflow/.local/lib/python3.8/site-packages/airflow/example_dags/example_task_group.py took 0.163 seconds
[2025-04-09T06:56:44.499+0000] {processor.py:161} INFO - Started process (PID=530) to work on /home/airflow/.local/lib/python3.8/site-packages/airflow/example_dags/example_task_group.py
[2025-04-09T06:56:44.535+0000] {processor.py:830} INFO - Processing file /home/airflow/.local/lib/python3.8/site-packages/airflow/example_dags/example_task_group.py for tasks to queue
[2025-04-09T06:56:44.537+0000] {logging_mixin.py:188} INFO - [2025-04-09T06:56:44.537+0000] {dagbag.py:538} INFO - Filling up the DagBag from /home/airflow/.local/lib/python3.8/site-packages/airflow/example_dags/example_task_group.py
[2025-04-09T06:56:44.546+0000] {processor.py:840} INFO - DAG(s) 'example_task_group' retrieved from /home/airflow/.local/lib/python3.8/site-packages/airflow/example_dags/example_task_group.py
[2025-04-09T06:56:44.571+0000] {logging_mixin.py:188} INFO - [2025-04-09T06:56:44.570+0000] {dag.py:3036} INFO - Sync 1 DAGs
[2025-04-09T06:56:44.596+0000] {logging_mixin.py:188} INFO - [2025-04-09T06:56:44.596+0000] {dag.py:3823} INFO - Setting next_dagrun for example_task_group to 2025-04-08 00:00:00+00:00, run_after=2025-04-09 00:00:00+00:00
[2025-04-09T06:56:44.729+0000] {processor.py:183} INFO - Processing /home/airflow/.local/lib/python3.8/site-packages/airflow/example_dags/example_task_group.py took 0.234 seconds
[2025-04-09T06:57:23.085+0000] {processor.py:161} INFO - Started process (PID=58) to work on /home/airflow/.local/lib/python3.8/site-packages/airflow/example_dags/example_task_group.py
[2025-04-09T06:57:23.134+0000] {processor.py:830} INFO - Processing file /home/airflow/.local/lib/python3.8/site-packages/airflow/example_dags/example_task_group.py for tasks to queue
[2025-04-09T06:57:23.136+0000] {logging_mixin.py:188} INFO - [2025-04-09T06:57:23.136+0000] {dagbag.py:538} INFO - Filling up the DagBag from /home/airflow/.local/lib/python3.8/site-packages/airflow/example_dags/example_task_group.py
[2025-04-09T06:57:23.144+0000] {processor.py:840} INFO - DAG(s) 'example_task_group' retrieved from /home/airflow/.local/lib/python3.8/site-packages/airflow/example_dags/example_task_group.py
[2025-04-09T06:57:23.164+0000] {logging_mixin.py:188} INFO - [2025-04-09T06:57:23.164+0000] {dag.py:3036} INFO - Sync 1 DAGs
[2025-04-09T06:57:23.187+0000] {logging_mixin.py:188} INFO - [2025-04-09T06:57:23.187+0000] {dag.py:3823} INFO - Setting next_dagrun for example_task_group to 2025-04-08 00:00:00+00:00, run_after=2025-04-09 00:00:00+00:00
[2025-04-09T06:57:23.262+0000] {processor.py:183} INFO - Processing /home/airflow/.local/lib/python3.8/site-packages/airflow/example_dags/example_task_group.py took 0.181 seconds
[2025-04-09T06:57:53.469+0000] {processor.py:161} INFO - Started process (PID=110) to work on /home/airflow/.local/lib/python3.8/site-packages/airflow/example_dags/example_task_group.py
[2025-04-09T06:57:53.470+0000] {processor.py:830} INFO - Processing file /home/airflow/.local/lib/python3.8/site-packages/airflow/example_dags/example_task_group.py for tasks to queue
[2025-04-09T06:57:53.472+0000] {logging_mixin.py:188} INFO - [2025-04-09T06:57:53.471+0000] {dagbag.py:538} INFO - Filling up the DagBag from /home/airflow/.local/lib/python3.8/site-packages/airflow/example_dags/example_task_group.py
[2025-04-09T06:57:53.480+0000] {processor.py:840} INFO - DAG(s) 'example_task_group' retrieved from /home/airflow/.local/lib/python3.8/site-packages/airflow/example_dags/example_task_group.py
[2025-04-09T06:57:53.508+0000] {logging_mixin.py:188} INFO - [2025-04-09T06:57:53.508+0000] {dag.py:3036} INFO - Sync 1 DAGs
[2025-04-09T06:57:53.531+0000] {logging_mixin.py:188} INFO - [2025-04-09T06:57:53.531+0000] {dag.py:3823} INFO - Setting next_dagrun for example_task_group to 2025-04-08 00:00:00+00:00, run_after=2025-04-09 00:00:00+00:00
[2025-04-09T06:57:53.587+0000] {processor.py:183} INFO - Processing /home/airflow/.local/lib/python3.8/site-packages/airflow/example_dags/example_task_group.py took 0.121 seconds
[2025-04-09T06:58:23.708+0000] {processor.py:161} INFO - Started process (PID=168) to work on /home/airflow/.local/lib/python3.8/site-packages/airflow/example_dags/example_task_group.py
[2025-04-09T06:58:23.712+0000] {processor.py:830} INFO - Processing file /home/airflow/.local/lib/python3.8/site-packages/airflow/example_dags/example_task_group.py for tasks to queue
[2025-04-09T06:58:23.714+0000] {logging_mixin.py:188} INFO - [2025-04-09T06:58:23.713+0000] {dagbag.py:538} INFO - Filling up the DagBag from /home/airflow/.local/lib/python3.8/site-packages/airflow/example_dags/example_task_group.py
[2025-04-09T06:58:23.725+0000] {processor.py:840} INFO - DAG(s) 'example_task_group' retrieved from /home/airflow/.local/lib/python3.8/site-packages/airflow/example_dags/example_task_group.py
[2025-04-09T06:58:23.754+0000] {logging_mixin.py:188} INFO - [2025-04-09T06:58:23.754+0000] {dag.py:3036} INFO - Sync 1 DAGs
[2025-04-09T06:58:23.780+0000] {logging_mixin.py:188} INFO - [2025-04-09T06:58:23.779+0000] {dag.py:3823} INFO - Setting next_dagrun for example_task_group to 2025-04-08 00:00:00+00:00, run_after=2025-04-09 00:00:00+00:00
[2025-04-09T06:58:23.833+0000] {processor.py:183} INFO - Processing /home/airflow/.local/lib/python3.8/site-packages/airflow/example_dags/example_task_group.py took 0.130 seconds
[2025-04-09T06:58:53.876+0000] {processor.py:161} INFO - Started process (PID=235) to work on /home/airflow/.local/lib/python3.8/site-packages/airflow/example_dags/example_task_group.py
[2025-04-09T06:58:53.877+0000] {processor.py:830} INFO - Processing file /home/airflow/.local/lib/python3.8/site-packages/airflow/example_dags/example_task_group.py for tasks to queue
[2025-04-09T06:58:53.878+0000] {logging_mixin.py:188} INFO - [2025-04-09T06:58:53.878+0000] {dagbag.py:538} INFO - Filling up the DagBag from /home/airflow/.local/lib/python3.8/site-packages/airflow/example_dags/example_task_group.py
[2025-04-09T06:58:53.886+0000] {processor.py:840} INFO - DAG(s) 'example_task_group' retrieved from /home/airflow/.local/lib/python3.8/site-packages/airflow/example_dags/example_task_group.py
[2025-04-09T06:58:53.910+0000] {logging_mixin.py:188} INFO - [2025-04-09T06:58:53.910+0000] {dag.py:3036} INFO - Sync 1 DAGs
[2025-04-09T06:58:53.933+0000] {logging_mixin.py:188} INFO - [2025-04-09T06:58:53.933+0000] {dag.py:3823} INFO - Setting next_dagrun for example_task_group to 2025-04-08 00:00:00+00:00, run_after=2025-04-09 00:00:00+00:00
[2025-04-09T06:58:53.986+0000] {processor.py:183} INFO - Processing /home/airflow/.local/lib/python3.8/site-packages/airflow/example_dags/example_task_group.py took 0.112 seconds
[2025-04-09T06:59:27.705+0000] {processor.py:161} INFO - Started process (PID=293) to work on /home/airflow/.local/lib/python3.8/site-packages/airflow/example_dags/example_task_group.py
[2025-04-09T06:59:27.706+0000] {processor.py:830} INFO - Processing file /home/airflow/.local/lib/python3.8/site-packages/airflow/example_dags/example_task_group.py for tasks to queue
[2025-04-09T06:59:27.707+0000] {logging_mixin.py:188} INFO - [2025-04-09T06:59:27.707+0000] {dagbag.py:538} INFO - Filling up the DagBag from /home/airflow/.local/lib/python3.8/site-packages/airflow/example_dags/example_task_group.py
[2025-04-09T06:59:27.714+0000] {processor.py:840} INFO - DAG(s) 'example_task_group' retrieved from /home/airflow/.local/lib/python3.8/site-packages/airflow/example_dags/example_task_group.py
[2025-04-09T06:59:27.736+0000] {logging_mixin.py:188} INFO - [2025-04-09T06:59:27.736+0000] {dag.py:3036} INFO - Sync 1 DAGs
[2025-04-09T06:59:27.759+0000] {logging_mixin.py:188} INFO - [2025-04-09T06:59:27.759+0000] {dag.py:3823} INFO - Setting next_dagrun for example_task_group to 2025-04-08 00:00:00+00:00, run_after=2025-04-09 00:00:00+00:00
[2025-04-09T06:59:27.814+0000] {processor.py:183} INFO - Processing /home/airflow/.local/lib/python3.8/site-packages/airflow/example_dags/example_task_group.py took 0.112 seconds
[2025-04-09T06:59:58.322+0000] {processor.py:161} INFO - Started process (PID=351) to work on /home/airflow/.local/lib/python3.8/site-packages/airflow/example_dags/example_task_group.py
[2025-04-09T06:59:58.324+0000] {processor.py:830} INFO - Processing file /home/airflow/.local/lib/python3.8/site-packages/airflow/example_dags/example_task_group.py for tasks to queue
[2025-04-09T06:59:58.325+0000] {logging_mixin.py:188} INFO - [2025-04-09T06:59:58.325+0000] {dagbag.py:538} INFO - Filling up the DagBag from /home/airflow/.local/lib/python3.8/site-packages/airflow/example_dags/example_task_group.py
[2025-04-09T06:59:58.333+0000] {processor.py:840} INFO - DAG(s) 'example_task_group' retrieved from /home/airflow/.local/lib/python3.8/site-packages/airflow/example_dags/example_task_group.py
[2025-04-09T06:59:58.358+0000] {logging_mixin.py:188} INFO - [2025-04-09T06:59:58.357+0000] {dag.py:3036} INFO - Sync 1 DAGs
[2025-04-09T06:59:58.384+0000] {logging_mixin.py:188} INFO - [2025-04-09T06:59:58.384+0000] {dag.py:3823} INFO - Setting next_dagrun for example_task_group to 2025-04-08 00:00:00+00:00, run_after=2025-04-09 00:00:00+00:00
[2025-04-09T06:59:58.442+0000] {processor.py:183} INFO - Processing /home/airflow/.local/lib/python3.8/site-packages/airflow/example_dags/example_task_group.py took 0.123 seconds
[2025-04-09T07:00:28.691+0000] {processor.py:161} INFO - Started process (PID=409) to work on /home/airflow/.local/lib/python3.8/site-packages/airflow/example_dags/example_task_group.py
[2025-04-09T07:00:28.692+0000] {processor.py:830} INFO - Processing file /home/airflow/.local/lib/python3.8/site-packages/airflow/example_dags/example_task_group.py for tasks to queue
[2025-04-09T07:00:28.694+0000] {logging_mixin.py:188} INFO - [2025-04-09T07:00:28.693+0000] {dagbag.py:538} INFO - Filling up the DagBag from /home/airflow/.local/lib/python3.8/site-packages/airflow/example_dags/example_task_group.py
[2025-04-09T07:00:28.700+0000] {processor.py:840} INFO - DAG(s) 'example_task_group' retrieved from /home/airflow/.local/lib/python3.8/site-packages/airflow/example_dags/example_task_group.py
[2025-04-09T07:00:28.724+0000] {logging_mixin.py:188} INFO - [2025-04-09T07:00:28.723+0000] {dag.py:3036} INFO - Sync 1 DAGs
[2025-04-09T07:00:28.746+0000] {logging_mixin.py:188} INFO - [2025-04-09T07:00:28.746+0000] {dag.py:3823} INFO - Setting next_dagrun for example_task_group to 2025-04-08 00:00:00+00:00, run_after=2025-04-09 00:00:00+00:00
[2025-04-09T07:00:28.800+0000] {processor.py:183} INFO - Processing /home/airflow/.local/lib/python3.8/site-packages/airflow/example_dags/example_task_group.py took 0.112 seconds
[2025-04-09T07:00:59.309+0000] {processor.py:161} INFO - Started process (PID=467) to work on /home/airflow/.local/lib/python3.8/site-packages/airflow/example_dags/example_task_group.py
[2025-04-09T07:00:59.310+0000] {processor.py:830} INFO - Processing file /home/airflow/.local/lib/python3.8/site-packages/airflow/example_dags/example_task_group.py for tasks to queue
[2025-04-09T07:00:59.311+0000] {logging_mixin.py:188} INFO - [2025-04-09T07:00:59.311+0000] {dagbag.py:538} INFO - Filling up the DagBag from /home/airflow/.local/lib/python3.8/site-packages/airflow/example_dags/example_task_group.py
[2025-04-09T07:00:59.318+0000] {processor.py:840} INFO - DAG(s) 'example_task_group' retrieved from /home/airflow/.local/lib/python3.8/site-packages/airflow/example_dags/example_task_group.py
[2025-04-09T07:00:59.339+0000] {logging_mixin.py:188} INFO - [2025-04-09T07:00:59.339+0000] {dag.py:3036} INFO - Sync 1 DAGs
[2025-04-09T07:00:59.360+0000] {logging_mixin.py:188} INFO - [2025-04-09T07:00:59.360+0000] {dag.py:3823} INFO - Setting next_dagrun for example_task_group to 2025-04-08 00:00:00+00:00, run_after=2025-04-09 00:00:00+00:00
[2025-04-09T07:00:59.419+0000] {processor.py:183} INFO - Processing /home/airflow/.local/lib/python3.8/site-packages/airflow/example_dags/example_task_group.py took 0.114 seconds
[2025-04-09T07:01:29.583+0000] {processor.py:161} INFO - Started process (PID=526) to work on /home/airflow/.local/lib/python3.8/site-packages/airflow/example_dags/example_task_group.py
[2025-04-09T07:01:29.585+0000] {processor.py:830} INFO - Processing file /home/airflow/.local/lib/python3.8/site-packages/airflow/example_dags/example_task_group.py for tasks to queue
[2025-04-09T07:01:29.587+0000] {logging_mixin.py:188} INFO - [2025-04-09T07:01:29.586+0000] {dagbag.py:538} INFO - Filling up the DagBag from /home/airflow/.local/lib/python3.8/site-packages/airflow/example_dags/example_task_group.py
[2025-04-09T07:01:29.594+0000] {processor.py:840} INFO - DAG(s) 'example_task_group' retrieved from /home/airflow/.local/lib/python3.8/site-packages/airflow/example_dags/example_task_group.py
[2025-04-09T07:01:29.622+0000] {logging_mixin.py:188} INFO - [2025-04-09T07:01:29.622+0000] {dag.py:3036} INFO - Sync 1 DAGs
[2025-04-09T07:01:29.649+0000] {logging_mixin.py:188} INFO - [2025-04-09T07:01:29.648+0000] {dag.py:3823} INFO - Setting next_dagrun for example_task_group to 2025-04-08 00:00:00+00:00, run_after=2025-04-09 00:00:00+00:00
[2025-04-09T07:01:29.699+0000] {processor.py:183} INFO - Processing /home/airflow/.local/lib/python3.8/site-packages/airflow/example_dags/example_task_group.py took 0.118 seconds
[2025-04-09T07:02:00.039+0000] {processor.py:161} INFO - Started process (PID=584) to work on /home/airflow/.local/lib/python3.8/site-packages/airflow/example_dags/example_task_group.py
[2025-04-09T07:02:00.040+0000] {processor.py:830} INFO - Processing file /home/airflow/.local/lib/python3.8/site-packages/airflow/example_dags/example_task_group.py for tasks to queue
[2025-04-09T07:02:00.041+0000] {logging_mixin.py:188} INFO - [2025-04-09T07:02:00.041+0000] {dagbag.py:538} INFO - Filling up the DagBag from /home/airflow/.local/lib/python3.8/site-packages/airflow/example_dags/example_task_group.py
[2025-04-09T07:02:00.047+0000] {processor.py:840} INFO - DAG(s) 'example_task_group' retrieved from /home/airflow/.local/lib/python3.8/site-packages/airflow/example_dags/example_task_group.py
[2025-04-09T07:02:00.068+0000] {logging_mixin.py:188} INFO - [2025-04-09T07:02:00.068+0000] {dag.py:3036} INFO - Sync 1 DAGs
[2025-04-09T07:02:00.090+0000] {logging_mixin.py:188} INFO - [2025-04-09T07:02:00.089+0000] {dag.py:3823} INFO - Setting next_dagrun for example_task_group to 2025-04-08 00:00:00+00:00, run_after=2025-04-09 00:00:00+00:00
[2025-04-09T07:02:00.166+0000] {processor.py:183} INFO - Processing /home/airflow/.local/lib/python3.8/site-packages/airflow/example_dags/example_task_group.py took 0.130 seconds
[2025-04-09T07:02:30.858+0000] {processor.py:161} INFO - Started process (PID=642) to work on /home/airflow/.local/lib/python3.8/site-packages/airflow/example_dags/example_task_group.py
[2025-04-09T07:02:30.859+0000] {processor.py:830} INFO - Processing file /home/airflow/.local/lib/python3.8/site-packages/airflow/example_dags/example_task_group.py for tasks to queue
[2025-04-09T07:02:30.861+0000] {logging_mixin.py:188} INFO - [2025-04-09T07:02:30.861+0000] {dagbag.py:538} INFO - Filling up the DagBag from /home/airflow/.local/lib/python3.8/site-packages/airflow/example_dags/example_task_group.py
[2025-04-09T07:02:30.867+0000] {processor.py:840} INFO - DAG(s) 'example_task_group' retrieved from /home/airflow/.local/lib/python3.8/site-packages/airflow/example_dags/example_task_group.py
[2025-04-09T07:02:30.890+0000] {logging_mixin.py:188} INFO - [2025-04-09T07:02:30.890+0000] {dag.py:3036} INFO - Sync 1 DAGs
[2025-04-09T07:02:30.912+0000] {logging_mixin.py:188} INFO - [2025-04-09T07:02:30.912+0000] {dag.py:3823} INFO - Setting next_dagrun for example_task_group to 2025-04-08 00:00:00+00:00, run_after=2025-04-09 00:00:00+00:00
[2025-04-09T07:02:30.987+0000] {processor.py:183} INFO - Processing /home/airflow/.local/lib/python3.8/site-packages/airflow/example_dags/example_task_group.py took 0.132 seconds
[2025-04-09T07:03:03.683+0000] {processor.py:161} INFO - Started process (PID=700) to work on /home/airflow/.local/lib/python3.8/site-packages/airflow/example_dags/example_task_group.py
[2025-04-09T07:03:03.685+0000] {processor.py:830} INFO - Processing file /home/airflow/.local/lib/python3.8/site-packages/airflow/example_dags/example_task_group.py for tasks to queue
[2025-04-09T07:03:03.687+0000] {logging_mixin.py:188} INFO - [2025-04-09T07:03:03.686+0000] {dagbag.py:538} INFO - Filling up the DagBag from /home/airflow/.local/lib/python3.8/site-packages/airflow/example_dags/example_task_group.py
[2025-04-09T07:03:03.696+0000] {processor.py:840} INFO - DAG(s) 'example_task_group' retrieved from /home/airflow/.local/lib/python3.8/site-packages/airflow/example_dags/example_task_group.py
[2025-04-09T07:03:03.723+0000] {logging_mixin.py:188} INFO - [2025-04-09T07:03:03.722+0000] {dag.py:3036} INFO - Sync 1 DAGs
[2025-04-09T07:03:03.748+0000] {logging_mixin.py:188} INFO - [2025-04-09T07:03:03.748+0000] {dag.py:3823} INFO - Setting next_dagrun for example_task_group to 2025-04-08 00:00:00+00:00, run_after=2025-04-09 00:00:00+00:00
[2025-04-09T07:03:03.812+0000] {processor.py:183} INFO - Processing /home/airflow/.local/lib/python3.8/site-packages/airflow/example_dags/example_task_group.py took 0.132 seconds
[2025-04-09T07:03:34.454+0000] {processor.py:161} INFO - Started process (PID=758) to work on /home/airflow/.local/lib/python3.8/site-packages/airflow/example_dags/example_task_group.py
[2025-04-09T07:03:34.462+0000] {processor.py:830} INFO - Processing file /home/airflow/.local/lib/python3.8/site-packages/airflow/example_dags/example_task_group.py for tasks to queue
[2025-04-09T07:03:34.465+0000] {logging_mixin.py:188} INFO - [2025-04-09T07:03:34.464+0000] {dagbag.py:538} INFO - Filling up the DagBag from /home/airflow/.local/lib/python3.8/site-packages/airflow/example_dags/example_task_group.py
[2025-04-09T07:03:34.472+0000] {processor.py:840} INFO - DAG(s) 'example_task_group' retrieved from /home/airflow/.local/lib/python3.8/site-packages/airflow/example_dags/example_task_group.py
[2025-04-09T07:03:34.498+0000] {logging_mixin.py:188} INFO - [2025-04-09T07:03:34.498+0000] {dag.py:3036} INFO - Sync 1 DAGs
[2025-04-09T07:03:34.524+0000] {logging_mixin.py:188} INFO - [2025-04-09T07:03:34.524+0000] {dag.py:3823} INFO - Setting next_dagrun for example_task_group to 2025-04-08 00:00:00+00:00, run_after=2025-04-09 00:00:00+00:00
[2025-04-09T07:03:34.583+0000] {processor.py:183} INFO - Processing /home/airflow/.local/lib/python3.8/site-packages/airflow/example_dags/example_task_group.py took 0.133 seconds
[2025-04-09T07:04:04.691+0000] {processor.py:161} INFO - Started process (PID=817) to work on /home/airflow/.local/lib/python3.8/site-packages/airflow/example_dags/example_task_group.py
[2025-04-09T07:04:04.702+0000] {processor.py:830} INFO - Processing file /home/airflow/.local/lib/python3.8/site-packages/airflow/example_dags/example_task_group.py for tasks to queue
[2025-04-09T07:04:04.704+0000] {logging_mixin.py:188} INFO - [2025-04-09T07:04:04.704+0000] {dagbag.py:538} INFO - Filling up the DagBag from /home/airflow/.local/lib/python3.8/site-packages/airflow/example_dags/example_task_group.py
[2025-04-09T07:04:04.713+0000] {processor.py:840} INFO - DAG(s) 'example_task_group' retrieved from /home/airflow/.local/lib/python3.8/site-packages/airflow/example_dags/example_task_group.py
[2025-04-09T07:04:04.736+0000] {logging_mixin.py:188} INFO - [2025-04-09T07:04:04.736+0000] {dag.py:3036} INFO - Sync 1 DAGs
[2025-04-09T07:04:04.759+0000] {logging_mixin.py:188} INFO - [2025-04-09T07:04:04.759+0000] {dag.py:3823} INFO - Setting next_dagrun for example_task_group to 2025-04-08 00:00:00+00:00, run_after=2025-04-09 00:00:00+00:00
[2025-04-09T07:04:04.824+0000] {processor.py:183} INFO - Processing /home/airflow/.local/lib/python3.8/site-packages/airflow/example_dags/example_task_group.py took 0.136 seconds
[2025-04-09T07:04:35.229+0000] {processor.py:161} INFO - Started process (PID=869) to work on /home/airflow/.local/lib/python3.8/site-packages/airflow/example_dags/example_task_group.py
[2025-04-09T07:04:35.230+0000] {processor.py:830} INFO - Processing file /home/airflow/.local/lib/python3.8/site-packages/airflow/example_dags/example_task_group.py for tasks to queue
[2025-04-09T07:04:35.232+0000] {logging_mixin.py:188} INFO - [2025-04-09T07:04:35.232+0000] {dagbag.py:538} INFO - Filling up the DagBag from /home/airflow/.local/lib/python3.8/site-packages/airflow/example_dags/example_task_group.py
[2025-04-09T07:04:35.238+0000] {processor.py:840} INFO - DAG(s) 'example_task_group' retrieved from /home/airflow/.local/lib/python3.8/site-packages/airflow/example_dags/example_task_group.py
[2025-04-09T07:04:35.261+0000] {logging_mixin.py:188} INFO - [2025-04-09T07:04:35.261+0000] {dag.py:3036} INFO - Sync 1 DAGs
[2025-04-09T07:04:35.284+0000] {logging_mixin.py:188} INFO - [2025-04-09T07:04:35.284+0000] {dag.py:3823} INFO - Setting next_dagrun for example_task_group to 2025-04-08 00:00:00+00:00, run_after=2025-04-09 00:00:00+00:00
[2025-04-09T07:04:35.335+0000] {processor.py:183} INFO - Processing /home/airflow/.local/lib/python3.8/site-packages/airflow/example_dags/example_task_group.py took 0.109 seconds
[2025-04-09T07:05:05.505+0000] {processor.py:161} INFO - Started process (PID=927) to work on /home/airflow/.local/lib/python3.8/site-packages/airflow/example_dags/example_task_group.py
[2025-04-09T07:05:05.506+0000] {processor.py:830} INFO - Processing file /home/airflow/.local/lib/python3.8/site-packages/airflow/example_dags/example_task_group.py for tasks to queue
[2025-04-09T07:05:05.507+0000] {logging_mixin.py:188} INFO - [2025-04-09T07:05:05.507+0000] {dagbag.py:538} INFO - Filling up the DagBag from /home/airflow/.local/lib/python3.8/site-packages/airflow/example_dags/example_task_group.py
[2025-04-09T07:05:05.513+0000] {processor.py:840} INFO - DAG(s) 'example_task_group' retrieved from /home/airflow/.local/lib/python3.8/site-packages/airflow/example_dags/example_task_group.py
[2025-04-09T07:05:05.538+0000] {logging_mixin.py:188} INFO - [2025-04-09T07:05:05.538+0000] {dag.py:3036} INFO - Sync 1 DAGs
[2025-04-09T07:05:05.560+0000] {logging_mixin.py:188} INFO - [2025-04-09T07:05:05.560+0000] {dag.py:3823} INFO - Setting next_dagrun for example_task_group to 2025-04-08 00:00:00+00:00, run_after=2025-04-09 00:00:00+00:00
[2025-04-09T07:05:05.608+0000] {processor.py:183} INFO - Processing /home/airflow/.local/lib/python3.8/site-packages/airflow/example_dags/example_task_group.py took 0.106 seconds
[2025-04-09T07:05:36.200+0000] {processor.py:161} INFO - Started process (PID=985) to work on /home/airflow/.local/lib/python3.8/site-packages/airflow/example_dags/example_task_group.py
[2025-04-09T07:05:36.201+0000] {processor.py:830} INFO - Processing file /home/airflow/.local/lib/python3.8/site-packages/airflow/example_dags/example_task_group.py for tasks to queue
[2025-04-09T07:05:36.203+0000] {logging_mixin.py:188} INFO - [2025-04-09T07:05:36.202+0000] {dagbag.py:538} INFO - Filling up the DagBag from /home/airflow/.local/lib/python3.8/site-packages/airflow/example_dags/example_task_group.py
[2025-04-09T07:05:36.211+0000] {processor.py:840} INFO - DAG(s) 'example_task_group' retrieved from /home/airflow/.local/lib/python3.8/site-packages/airflow/example_dags/example_task_group.py
[2025-04-09T07:05:36.237+0000] {logging_mixin.py:188} INFO - [2025-04-09T07:05:36.237+0000] {dag.py:3036} INFO - Sync 1 DAGs
[2025-04-09T07:05:36.263+0000] {logging_mixin.py:188} INFO - [2025-04-09T07:05:36.263+0000] {dag.py:3823} INFO - Setting next_dagrun for example_task_group to 2025-04-08 00:00:00+00:00, run_after=2025-04-09 00:00:00+00:00
[2025-04-09T07:05:36.313+0000] {processor.py:183} INFO - Processing /home/airflow/.local/lib/python3.8/site-packages/airflow/example_dags/example_task_group.py took 0.117 seconds
[2025-04-09T07:06:06.725+0000] {processor.py:161} INFO - Started process (PID=1043) to work on /home/airflow/.local/lib/python3.8/site-packages/airflow/example_dags/example_task_group.py
[2025-04-09T07:06:06.767+0000] {processor.py:830} INFO - Processing file /home/airflow/.local/lib/python3.8/site-packages/airflow/example_dags/example_task_group.py for tasks to queue
[2025-04-09T07:06:06.770+0000] {logging_mixin.py:188} INFO - [2025-04-09T07:06:06.769+0000] {dagbag.py:538} INFO - Filling up the DagBag from /home/airflow/.local/lib/python3.8/site-packages/airflow/example_dags/example_task_group.py
[2025-04-09T07:06:06.776+0000] {processor.py:840} INFO - DAG(s) 'example_task_group' retrieved from /home/airflow/.local/lib/python3.8/site-packages/airflow/example_dags/example_task_group.py
[2025-04-09T07:06:06.799+0000] {logging_mixin.py:188} INFO - [2025-04-09T07:06:06.798+0000] {dag.py:3036} INFO - Sync 1 DAGs
[2025-04-09T07:06:06.822+0000] {logging_mixin.py:188} INFO - [2025-04-09T07:06:06.822+0000] {dag.py:3823} INFO - Setting next_dagrun for example_task_group to 2025-04-08 00:00:00+00:00, run_after=2025-04-09 00:00:00+00:00
[2025-04-09T07:06:06.876+0000] {processor.py:183} INFO - Processing /home/airflow/.local/lib/python3.8/site-packages/airflow/example_dags/example_task_group.py took 0.153 seconds
[2025-04-09T07:09:56.171+0000] {processor.py:161} INFO - Started process (PID=70) to work on /home/airflow/.local/lib/python3.8/site-packages/airflow/example_dags/example_task_group.py
[2025-04-09T07:09:56.173+0000] {processor.py:830} INFO - Processing file /home/airflow/.local/lib/python3.8/site-packages/airflow/example_dags/example_task_group.py for tasks to queue
[2025-04-09T07:09:56.177+0000] {logging_mixin.py:188} INFO - [2025-04-09T07:09:56.176+0000] {dagbag.py:538} INFO - Filling up the DagBag from /home/airflow/.local/lib/python3.8/site-packages/airflow/example_dags/example_task_group.py
[2025-04-09T07:09:56.196+0000] {processor.py:840} INFO - DAG(s) 'example_task_group' retrieved from /home/airflow/.local/lib/python3.8/site-packages/airflow/example_dags/example_task_group.py
[2025-04-09T07:09:56.401+0000] {logging_mixin.py:188} INFO - [2025-04-09T07:09:56.400+0000] {dag.py:3036} INFO - Sync 1 DAGs
[2025-04-09T07:09:56.439+0000] {logging_mixin.py:188} INFO - [2025-04-09T07:09:56.438+0000] {dag.py:3823} INFO - Setting next_dagrun for example_task_group to 2025-04-08 00:00:00+00:00, run_after=2025-04-09 00:00:00+00:00
[2025-04-09T07:09:56.510+0000] {processor.py:183} INFO - Processing /home/airflow/.local/lib/python3.8/site-packages/airflow/example_dags/example_task_group.py took 0.345 seconds
[2025-04-09T07:10:27.110+0000] {processor.py:161} INFO - Started process (PID=129) to work on /home/airflow/.local/lib/python3.8/site-packages/airflow/example_dags/example_task_group.py
[2025-04-09T07:10:27.111+0000] {processor.py:830} INFO - Processing file /home/airflow/.local/lib/python3.8/site-packages/airflow/example_dags/example_task_group.py for tasks to queue
[2025-04-09T07:10:27.114+0000] {logging_mixin.py:188} INFO - [2025-04-09T07:10:27.113+0000] {dagbag.py:538} INFO - Filling up the DagBag from /home/airflow/.local/lib/python3.8/site-packages/airflow/example_dags/example_task_group.py
[2025-04-09T07:10:27.128+0000] {processor.py:840} INFO - DAG(s) 'example_task_group' retrieved from /home/airflow/.local/lib/python3.8/site-packages/airflow/example_dags/example_task_group.py
[2025-04-09T07:10:27.158+0000] {logging_mixin.py:188} INFO - [2025-04-09T07:10:27.158+0000] {dag.py:3036} INFO - Sync 1 DAGs
[2025-04-09T07:10:27.194+0000] {logging_mixin.py:188} INFO - [2025-04-09T07:10:27.194+0000] {dag.py:3823} INFO - Setting next_dagrun for example_task_group to 2025-04-08 00:00:00+00:00, run_after=2025-04-09 00:00:00+00:00
[2025-04-09T07:10:27.262+0000] {processor.py:183} INFO - Processing /home/airflow/.local/lib/python3.8/site-packages/airflow/example_dags/example_task_group.py took 0.155 seconds
[2025-04-09T07:10:57.696+0000] {processor.py:161} INFO - Started process (PID=187) to work on /home/airflow/.local/lib/python3.8/site-packages/airflow/example_dags/example_task_group.py
[2025-04-09T07:10:57.720+0000] {processor.py:830} INFO - Processing file /home/airflow/.local/lib/python3.8/site-packages/airflow/example_dags/example_task_group.py for tasks to queue
[2025-04-09T07:10:57.722+0000] {logging_mixin.py:188} INFO - [2025-04-09T07:10:57.721+0000] {dagbag.py:538} INFO - Filling up the DagBag from /home/airflow/.local/lib/python3.8/site-packages/airflow/example_dags/example_task_group.py
[2025-04-09T07:10:57.730+0000] {processor.py:840} INFO - DAG(s) 'example_task_group' retrieved from /home/airflow/.local/lib/python3.8/site-packages/airflow/example_dags/example_task_group.py
[2025-04-09T07:10:57.757+0000] {logging_mixin.py:188} INFO - [2025-04-09T07:10:57.756+0000] {dag.py:3036} INFO - Sync 1 DAGs
[2025-04-09T07:10:57.788+0000] {logging_mixin.py:188} INFO - [2025-04-09T07:10:57.787+0000] {dag.py:3823} INFO - Setting next_dagrun for example_task_group to 2025-04-08 00:00:00+00:00, run_after=2025-04-09 00:00:00+00:00
[2025-04-09T07:10:57.866+0000] {processor.py:183} INFO - Processing /home/airflow/.local/lib/python3.8/site-packages/airflow/example_dags/example_task_group.py took 0.173 seconds
[2025-04-09T07:11:28.242+0000] {processor.py:161} INFO - Started process (PID=254) to work on /home/airflow/.local/lib/python3.8/site-packages/airflow/example_dags/example_task_group.py
[2025-04-09T07:11:28.243+0000] {processor.py:830} INFO - Processing file /home/airflow/.local/lib/python3.8/site-packages/airflow/example_dags/example_task_group.py for tasks to queue
[2025-04-09T07:11:28.247+0000] {logging_mixin.py:188} INFO - [2025-04-09T07:11:28.246+0000] {dagbag.py:538} INFO - Filling up the DagBag from /home/airflow/.local/lib/python3.8/site-packages/airflow/example_dags/example_task_group.py
[2025-04-09T07:11:28.259+0000] {processor.py:840} INFO - DAG(s) 'example_task_group' retrieved from /home/airflow/.local/lib/python3.8/site-packages/airflow/example_dags/example_task_group.py
[2025-04-09T07:11:28.288+0000] {logging_mixin.py:188} INFO - [2025-04-09T07:11:28.288+0000] {dag.py:3036} INFO - Sync 1 DAGs
[2025-04-09T07:11:28.324+0000] {logging_mixin.py:188} INFO - [2025-04-09T07:11:28.324+0000] {dag.py:3823} INFO - Setting next_dagrun for example_task_group to 2025-04-08 00:00:00+00:00, run_after=2025-04-09 00:00:00+00:00
[2025-04-09T07:11:28.408+0000] {processor.py:183} INFO - Processing /home/airflow/.local/lib/python3.8/site-packages/airflow/example_dags/example_task_group.py took 0.171 seconds
[2025-04-09T07:12:01.315+0000] {processor.py:161} INFO - Started process (PID=312) to work on /home/airflow/.local/lib/python3.8/site-packages/airflow/example_dags/example_task_group.py
[2025-04-09T07:12:01.333+0000] {processor.py:830} INFO - Processing file /home/airflow/.local/lib/python3.8/site-packages/airflow/example_dags/example_task_group.py for tasks to queue
[2025-04-09T07:12:01.335+0000] {logging_mixin.py:188} INFO - [2025-04-09T07:12:01.334+0000] {dagbag.py:538} INFO - Filling up the DagBag from /home/airflow/.local/lib/python3.8/site-packages/airflow/example_dags/example_task_group.py
[2025-04-09T07:12:01.343+0000] {processor.py:840} INFO - DAG(s) 'example_task_group' retrieved from /home/airflow/.local/lib/python3.8/site-packages/airflow/example_dags/example_task_group.py
[2025-04-09T07:12:01.364+0000] {logging_mixin.py:188} INFO - [2025-04-09T07:12:01.364+0000] {dag.py:3036} INFO - Sync 1 DAGs
[2025-04-09T07:12:01.388+0000] {logging_mixin.py:188} INFO - [2025-04-09T07:12:01.387+0000] {dag.py:3823} INFO - Setting next_dagrun for example_task_group to 2025-04-08 00:00:00+00:00, run_after=2025-04-09 00:00:00+00:00
[2025-04-09T07:12:01.465+0000] {processor.py:183} INFO - Processing /home/airflow/.local/lib/python3.8/site-packages/airflow/example_dags/example_task_group.py took 0.154 seconds
[2025-04-09T07:12:31.979+0000] {processor.py:161} INFO - Started process (PID=370) to work on /home/airflow/.local/lib/python3.8/site-packages/airflow/example_dags/example_task_group.py
[2025-04-09T07:12:31.980+0000] {processor.py:830} INFO - Processing file /home/airflow/.local/lib/python3.8/site-packages/airflow/example_dags/example_task_group.py for tasks to queue
[2025-04-09T07:12:31.983+0000] {logging_mixin.py:188} INFO - [2025-04-09T07:12:31.982+0000] {dagbag.py:538} INFO - Filling up the DagBag from /home/airflow/.local/lib/python3.8/site-packages/airflow/example_dags/example_task_group.py
[2025-04-09T07:12:31.990+0000] {processor.py:840} INFO - DAG(s) 'example_task_group' retrieved from /home/airflow/.local/lib/python3.8/site-packages/airflow/example_dags/example_task_group.py
[2025-04-09T07:12:32.012+0000] {logging_mixin.py:188} INFO - [2025-04-09T07:12:32.012+0000] {dag.py:3036} INFO - Sync 1 DAGs
[2025-04-09T07:12:32.034+0000] {logging_mixin.py:188} INFO - [2025-04-09T07:12:32.034+0000] {dag.py:3823} INFO - Setting next_dagrun for example_task_group to 2025-04-08 00:00:00+00:00, run_after=2025-04-09 00:00:00+00:00
[2025-04-09T07:12:32.091+0000] {processor.py:183} INFO - Processing /home/airflow/.local/lib/python3.8/site-packages/airflow/example_dags/example_task_group.py took 0.115 seconds
[2025-04-09T07:13:02.602+0000] {processor.py:161} INFO - Started process (PID=428) to work on /home/airflow/.local/lib/python3.8/site-packages/airflow/example_dags/example_task_group.py
[2025-04-09T07:13:02.627+0000] {processor.py:830} INFO - Processing file /home/airflow/.local/lib/python3.8/site-packages/airflow/example_dags/example_task_group.py for tasks to queue
[2025-04-09T07:13:02.629+0000] {logging_mixin.py:188} INFO - [2025-04-09T07:13:02.629+0000] {dagbag.py:538} INFO - Filling up the DagBag from /home/airflow/.local/lib/python3.8/site-packages/airflow/example_dags/example_task_group.py
[2025-04-09T07:13:02.639+0000] {processor.py:840} INFO - DAG(s) 'example_task_group' retrieved from /home/airflow/.local/lib/python3.8/site-packages/airflow/example_dags/example_task_group.py
[2025-04-09T07:13:02.661+0000] {logging_mixin.py:188} INFO - [2025-04-09T07:13:02.661+0000] {dag.py:3036} INFO - Sync 1 DAGs
[2025-04-09T07:13:02.683+0000] {logging_mixin.py:188} INFO - [2025-04-09T07:13:02.682+0000] {dag.py:3823} INFO - Setting next_dagrun for example_task_group to 2025-04-08 00:00:00+00:00, run_after=2025-04-09 00:00:00+00:00
[2025-04-09T07:13:02.736+0000] {processor.py:183} INFO - Processing /home/airflow/.local/lib/python3.8/site-packages/airflow/example_dags/example_task_group.py took 0.138 seconds
[2025-04-09T07:13:32.762+0000] {processor.py:161} INFO - Started process (PID=486) to work on /home/airflow/.local/lib/python3.8/site-packages/airflow/example_dags/example_task_group.py
[2025-04-09T07:13:32.807+0000] {processor.py:830} INFO - Processing file /home/airflow/.local/lib/python3.8/site-packages/airflow/example_dags/example_task_group.py for tasks to queue
[2025-04-09T07:13:32.809+0000] {logging_mixin.py:188} INFO - [2025-04-09T07:13:32.809+0000] {dagbag.py:538} INFO - Filling up the DagBag from /home/airflow/.local/lib/python3.8/site-packages/airflow/example_dags/example_task_group.py
[2025-04-09T07:13:32.816+0000] {processor.py:840} INFO - DAG(s) 'example_task_group' retrieved from /home/airflow/.local/lib/python3.8/site-packages/airflow/example_dags/example_task_group.py
[2025-04-09T07:13:32.838+0000] {logging_mixin.py:188} INFO - [2025-04-09T07:13:32.838+0000] {dag.py:3036} INFO - Sync 1 DAGs
[2025-04-09T07:13:32.862+0000] {logging_mixin.py:188} INFO - [2025-04-09T07:13:32.862+0000] {dag.py:3823} INFO - Setting next_dagrun for example_task_group to 2025-04-08 00:00:00+00:00, run_after=2025-04-09 00:00:00+00:00
[2025-04-09T07:13:32.919+0000] {processor.py:183} INFO - Processing /home/airflow/.local/lib/python3.8/site-packages/airflow/example_dags/example_task_group.py took 0.160 seconds
[2025-04-09T07:14:03.045+0000] {processor.py:161} INFO - Started process (PID=544) to work on /home/airflow/.local/lib/python3.8/site-packages/airflow/example_dags/example_task_group.py
[2025-04-09T07:14:03.095+0000] {processor.py:830} INFO - Processing file /home/airflow/.local/lib/python3.8/site-packages/airflow/example_dags/example_task_group.py for tasks to queue
[2025-04-09T07:14:03.096+0000] {logging_mixin.py:188} INFO - [2025-04-09T07:14:03.096+0000] {dagbag.py:538} INFO - Filling up the DagBag from /home/airflow/.local/lib/python3.8/site-packages/airflow/example_dags/example_task_group.py
[2025-04-09T07:14:03.106+0000] {processor.py:840} INFO - DAG(s) 'example_task_group' retrieved from /home/airflow/.local/lib/python3.8/site-packages/airflow/example_dags/example_task_group.py
[2025-04-09T07:14:03.131+0000] {logging_mixin.py:188} INFO - [2025-04-09T07:14:03.130+0000] {dag.py:3036} INFO - Sync 1 DAGs
[2025-04-09T07:14:03.158+0000] {logging_mixin.py:188} INFO - [2025-04-09T07:14:03.157+0000] {dag.py:3823} INFO - Setting next_dagrun for example_task_group to 2025-04-08 00:00:00+00:00, run_after=2025-04-09 00:00:00+00:00
[2025-04-09T07:14:03.217+0000] {processor.py:183} INFO - Processing /home/airflow/.local/lib/python3.8/site-packages/airflow/example_dags/example_task_group.py took 0.175 seconds
[2025-04-09T07:14:33.327+0000] {processor.py:161} INFO - Started process (PID=602) to work on /home/airflow/.local/lib/python3.8/site-packages/airflow/example_dags/example_task_group.py
[2025-04-09T07:14:33.328+0000] {processor.py:830} INFO - Processing file /home/airflow/.local/lib/python3.8/site-packages/airflow/example_dags/example_task_group.py for tasks to queue
[2025-04-09T07:14:33.329+0000] {logging_mixin.py:188} INFO - [2025-04-09T07:14:33.329+0000] {dagbag.py:538} INFO - Filling up the DagBag from /home/airflow/.local/lib/python3.8/site-packages/airflow/example_dags/example_task_group.py
[2025-04-09T07:14:33.336+0000] {processor.py:840} INFO - DAG(s) 'example_task_group' retrieved from /home/airflow/.local/lib/python3.8/site-packages/airflow/example_dags/example_task_group.py
[2025-04-09T07:14:33.359+0000] {logging_mixin.py:188} INFO - [2025-04-09T07:14:33.359+0000] {dag.py:3036} INFO - Sync 1 DAGs
[2025-04-09T07:14:33.382+0000] {logging_mixin.py:188} INFO - [2025-04-09T07:14:33.382+0000] {dag.py:3823} INFO - Setting next_dagrun for example_task_group to 2025-04-08 00:00:00+00:00, run_after=2025-04-09 00:00:00+00:00
[2025-04-09T07:14:33.444+0000] {processor.py:183} INFO - Processing /home/airflow/.local/lib/python3.8/site-packages/airflow/example_dags/example_task_group.py took 0.120 seconds
[2025-04-09T07:15:04.409+0000] {processor.py:161} INFO - Started process (PID=660) to work on /home/airflow/.local/lib/python3.8/site-packages/airflow/example_dags/example_task_group.py
[2025-04-09T07:15:04.433+0000] {processor.py:830} INFO - Processing file /home/airflow/.local/lib/python3.8/site-packages/airflow/example_dags/example_task_group.py for tasks to queue
[2025-04-09T07:15:04.435+0000] {logging_mixin.py:188} INFO - [2025-04-09T07:15:04.434+0000] {dagbag.py:538} INFO - Filling up the DagBag from /home/airflow/.local/lib/python3.8/site-packages/airflow/example_dags/example_task_group.py
[2025-04-09T07:15:04.442+0000] {processor.py:840} INFO - DAG(s) 'example_task_group' retrieved from /home/airflow/.local/lib/python3.8/site-packages/airflow/example_dags/example_task_group.py
[2025-04-09T07:15:04.465+0000] {logging_mixin.py:188} INFO - [2025-04-09T07:15:04.464+0000] {dag.py:3036} INFO - Sync 1 DAGs
[2025-04-09T07:15:04.487+0000] {logging_mixin.py:188} INFO - [2025-04-09T07:15:04.486+0000] {dag.py:3823} INFO - Setting next_dagrun for example_task_group to 2025-04-08 00:00:00+00:00, run_after=2025-04-09 00:00:00+00:00
[2025-04-09T07:15:04.548+0000] {processor.py:183} INFO - Processing /home/airflow/.local/lib/python3.8/site-packages/airflow/example_dags/example_task_group.py took 0.142 seconds
[2025-04-09T07:15:36.229+0000] {processor.py:161} INFO - Started process (PID=718) to work on /home/airflow/.local/lib/python3.8/site-packages/airflow/example_dags/example_task_group.py
[2025-04-09T07:15:36.230+0000] {processor.py:830} INFO - Processing file /home/airflow/.local/lib/python3.8/site-packages/airflow/example_dags/example_task_group.py for tasks to queue
[2025-04-09T07:15:36.233+0000] {logging_mixin.py:188} INFO - [2025-04-09T07:15:36.232+0000] {dagbag.py:538} INFO - Filling up the DagBag from /home/airflow/.local/lib/python3.8/site-packages/airflow/example_dags/example_task_group.py
[2025-04-09T07:15:36.240+0000] {processor.py:840} INFO - DAG(s) 'example_task_group' retrieved from /home/airflow/.local/lib/python3.8/site-packages/airflow/example_dags/example_task_group.py
[2025-04-09T07:15:36.264+0000] {logging_mixin.py:188} INFO - [2025-04-09T07:15:36.263+0000] {dag.py:3036} INFO - Sync 1 DAGs
[2025-04-09T07:15:36.287+0000] {logging_mixin.py:188} INFO - [2025-04-09T07:15:36.286+0000] {dag.py:3823} INFO - Setting next_dagrun for example_task_group to 2025-04-08 00:00:00+00:00, run_after=2025-04-09 00:00:00+00:00
[2025-04-09T07:15:36.342+0000] {processor.py:183} INFO - Processing /home/airflow/.local/lib/python3.8/site-packages/airflow/example_dags/example_task_group.py took 0.116 seconds
[2025-04-09T07:16:06.802+0000] {processor.py:161} INFO - Started process (PID=776) to work on /home/airflow/.local/lib/python3.8/site-packages/airflow/example_dags/example_task_group.py
[2025-04-09T07:16:06.803+0000] {processor.py:830} INFO - Processing file /home/airflow/.local/lib/python3.8/site-packages/airflow/example_dags/example_task_group.py for tasks to queue
[2025-04-09T07:16:06.804+0000] {logging_mixin.py:188} INFO - [2025-04-09T07:16:06.804+0000] {dagbag.py:538} INFO - Filling up the DagBag from /home/airflow/.local/lib/python3.8/site-packages/airflow/example_dags/example_task_group.py
[2025-04-09T07:16:06.812+0000] {processor.py:840} INFO - DAG(s) 'example_task_group' retrieved from /home/airflow/.local/lib/python3.8/site-packages/airflow/example_dags/example_task_group.py
[2025-04-09T07:16:06.840+0000] {logging_mixin.py:188} INFO - [2025-04-09T07:16:06.840+0000] {dag.py:3036} INFO - Sync 1 DAGs
[2025-04-09T07:16:06.864+0000] {logging_mixin.py:188} INFO - [2025-04-09T07:16:06.864+0000] {dag.py:3823} INFO - Setting next_dagrun for example_task_group to 2025-04-08 00:00:00+00:00, run_after=2025-04-09 00:00:00+00:00
[2025-04-09T07:16:06.922+0000] {processor.py:183} INFO - Processing /home/airflow/.local/lib/python3.8/site-packages/airflow/example_dags/example_task_group.py took 0.122 seconds
[2025-04-09T07:16:37.139+0000] {processor.py:161} INFO - Started process (PID=834) to work on /home/airflow/.local/lib/python3.8/site-packages/airflow/example_dags/example_task_group.py
[2025-04-09T07:16:37.182+0000] {processor.py:830} INFO - Processing file /home/airflow/.local/lib/python3.8/site-packages/airflow/example_dags/example_task_group.py for tasks to queue
[2025-04-09T07:16:37.185+0000] {logging_mixin.py:188} INFO - [2025-04-09T07:16:37.184+0000] {dagbag.py:538} INFO - Filling up the DagBag from /home/airflow/.local/lib/python3.8/site-packages/airflow/example_dags/example_task_group.py
[2025-04-09T07:16:37.193+0000] {processor.py:840} INFO - DAG(s) 'example_task_group' retrieved from /home/airflow/.local/lib/python3.8/site-packages/airflow/example_dags/example_task_group.py
[2025-04-09T07:16:37.221+0000] {logging_mixin.py:188} INFO - [2025-04-09T07:16:37.221+0000] {dag.py:3036} INFO - Sync 1 DAGs
[2025-04-09T07:16:37.250+0000] {logging_mixin.py:188} INFO - [2025-04-09T07:16:37.250+0000] {dag.py:3823} INFO - Setting next_dagrun for example_task_group to 2025-04-08 00:00:00+00:00, run_after=2025-04-09 00:00:00+00:00
[2025-04-09T07:16:37.329+0000] {processor.py:183} INFO - Processing /home/airflow/.local/lib/python3.8/site-packages/airflow/example_dags/example_task_group.py took 0.192 seconds
[2025-04-09T07:17:07.442+0000] {processor.py:161} INFO - Started process (PID=886) to work on /home/airflow/.local/lib/python3.8/site-packages/airflow/example_dags/example_task_group.py
[2025-04-09T07:17:07.443+0000] {processor.py:830} INFO - Processing file /home/airflow/.local/lib/python3.8/site-packages/airflow/example_dags/example_task_group.py for tasks to queue
[2025-04-09T07:17:07.445+0000] {logging_mixin.py:188} INFO - [2025-04-09T07:17:07.445+0000] {dagbag.py:538} INFO - Filling up the DagBag from /home/airflow/.local/lib/python3.8/site-packages/airflow/example_dags/example_task_group.py
[2025-04-09T07:17:07.454+0000] {processor.py:840} INFO - DAG(s) 'example_task_group' retrieved from /home/airflow/.local/lib/python3.8/site-packages/airflow/example_dags/example_task_group.py
[2025-04-09T07:17:07.480+0000] {logging_mixin.py:188} INFO - [2025-04-09T07:17:07.480+0000] {dag.py:3036} INFO - Sync 1 DAGs
[2025-04-09T07:17:07.507+0000] {logging_mixin.py:188} INFO - [2025-04-09T07:17:07.507+0000] {dag.py:3823} INFO - Setting next_dagrun for example_task_group to 2025-04-08 00:00:00+00:00, run_after=2025-04-09 00:00:00+00:00
[2025-04-09T07:17:07.588+0000] {processor.py:183} INFO - Processing /home/airflow/.local/lib/python3.8/site-packages/airflow/example_dags/example_task_group.py took 0.150 seconds
[2025-04-09T07:17:37.693+0000] {processor.py:161} INFO - Started process (PID=945) to work on /home/airflow/.local/lib/python3.8/site-packages/airflow/example_dags/example_task_group.py
[2025-04-09T07:17:37.694+0000] {processor.py:830} INFO - Processing file /home/airflow/.local/lib/python3.8/site-packages/airflow/example_dags/example_task_group.py for tasks to queue
[2025-04-09T07:17:37.696+0000] {logging_mixin.py:188} INFO - [2025-04-09T07:17:37.695+0000] {dagbag.py:538} INFO - Filling up the DagBag from /home/airflow/.local/lib/python3.8/site-packages/airflow/example_dags/example_task_group.py
[2025-04-09T07:17:37.704+0000] {processor.py:840} INFO - DAG(s) 'example_task_group' retrieved from /home/airflow/.local/lib/python3.8/site-packages/airflow/example_dags/example_task_group.py
[2025-04-09T07:17:37.729+0000] {logging_mixin.py:188} INFO - [2025-04-09T07:17:37.728+0000] {dag.py:3036} INFO - Sync 1 DAGs
[2025-04-09T07:17:37.754+0000] {logging_mixin.py:188} INFO - [2025-04-09T07:17:37.754+0000] {dag.py:3823} INFO - Setting next_dagrun for example_task_group to 2025-04-08 00:00:00+00:00, run_after=2025-04-09 00:00:00+00:00
[2025-04-09T07:17:37.812+0000] {processor.py:183} INFO - Processing /home/airflow/.local/lib/python3.8/site-packages/airflow/example_dags/example_task_group.py took 0.122 seconds
[2025-04-09T07:18:07.922+0000] {processor.py:161} INFO - Started process (PID=1003) to work on /home/airflow/.local/lib/python3.8/site-packages/airflow/example_dags/example_task_group.py
[2025-04-09T07:18:07.923+0000] {processor.py:830} INFO - Processing file /home/airflow/.local/lib/python3.8/site-packages/airflow/example_dags/example_task_group.py for tasks to queue
[2025-04-09T07:18:07.925+0000] {logging_mixin.py:188} INFO - [2025-04-09T07:18:07.924+0000] {dagbag.py:538} INFO - Filling up the DagBag from /home/airflow/.local/lib/python3.8/site-packages/airflow/example_dags/example_task_group.py
[2025-04-09T07:18:07.933+0000] {processor.py:840} INFO - DAG(s) 'example_task_group' retrieved from /home/airflow/.local/lib/python3.8/site-packages/airflow/example_dags/example_task_group.py
[2025-04-09T07:18:07.954+0000] {logging_mixin.py:188} INFO - [2025-04-09T07:18:07.953+0000] {dag.py:3036} INFO - Sync 1 DAGs
[2025-04-09T07:18:07.976+0000] {logging_mixin.py:188} INFO - [2025-04-09T07:18:07.975+0000] {dag.py:3823} INFO - Setting next_dagrun for example_task_group to 2025-04-08 00:00:00+00:00, run_after=2025-04-09 00:00:00+00:00
[2025-04-09T07:18:08.025+0000] {processor.py:183} INFO - Processing /home/airflow/.local/lib/python3.8/site-packages/airflow/example_dags/example_task_group.py took 0.106 seconds
[2025-04-09T07:18:38.373+0000] {processor.py:161} INFO - Started process (PID=1060) to work on /home/airflow/.local/lib/python3.8/site-packages/airflow/example_dags/example_task_group.py
[2025-04-09T07:18:38.374+0000] {processor.py:830} INFO - Processing file /home/airflow/.local/lib/python3.8/site-packages/airflow/example_dags/example_task_group.py for tasks to queue
[2025-04-09T07:18:38.375+0000] {logging_mixin.py:188} INFO - [2025-04-09T07:18:38.375+0000] {dagbag.py:538} INFO - Filling up the DagBag from /home/airflow/.local/lib/python3.8/site-packages/airflow/example_dags/example_task_group.py
[2025-04-09T07:18:38.382+0000] {processor.py:840} INFO - DAG(s) 'example_task_group' retrieved from /home/airflow/.local/lib/python3.8/site-packages/airflow/example_dags/example_task_group.py
[2025-04-09T07:18:38.405+0000] {logging_mixin.py:188} INFO - [2025-04-09T07:18:38.405+0000] {dag.py:3036} INFO - Sync 1 DAGs
[2025-04-09T07:18:38.427+0000] {logging_mixin.py:188} INFO - [2025-04-09T07:18:38.426+0000] {dag.py:3823} INFO - Setting next_dagrun for example_task_group to 2025-04-08 00:00:00+00:00, run_after=2025-04-09 00:00:00+00:00
[2025-04-09T07:18:38.492+0000] {processor.py:183} INFO - Processing /home/airflow/.local/lib/python3.8/site-packages/airflow/example_dags/example_task_group.py took 0.123 seconds
[2025-04-09T07:19:11.475+0000] {processor.py:161} INFO - Started process (PID=1118) to work on /home/airflow/.local/lib/python3.8/site-packages/airflow/example_dags/example_task_group.py
[2025-04-09T07:19:11.477+0000] {processor.py:830} INFO - Processing file /home/airflow/.local/lib/python3.8/site-packages/airflow/example_dags/example_task_group.py for tasks to queue
[2025-04-09T07:19:11.479+0000] {logging_mixin.py:188} INFO - [2025-04-09T07:19:11.478+0000] {dagbag.py:538} INFO - Filling up the DagBag from /home/airflow/.local/lib/python3.8/site-packages/airflow/example_dags/example_task_group.py
[2025-04-09T07:19:11.491+0000] {processor.py:840} INFO - DAG(s) 'example_task_group' retrieved from /home/airflow/.local/lib/python3.8/site-packages/airflow/example_dags/example_task_group.py
[2025-04-09T07:19:11.518+0000] {logging_mixin.py:188} INFO - [2025-04-09T07:19:11.517+0000] {dag.py:3036} INFO - Sync 1 DAGs
[2025-04-09T07:19:11.544+0000] {logging_mixin.py:188} INFO - [2025-04-09T07:19:11.544+0000] {dag.py:3823} INFO - Setting next_dagrun for example_task_group to 2025-04-08 00:00:00+00:00, run_after=2025-04-09 00:00:00+00:00
[2025-04-09T07:19:11.687+0000] {processor.py:183} INFO - Processing /home/airflow/.local/lib/python3.8/site-packages/airflow/example_dags/example_task_group.py took 0.215 seconds
[2025-04-09T07:19:41.971+0000] {processor.py:161} INFO - Started process (PID=1176) to work on /home/airflow/.local/lib/python3.8/site-packages/airflow/example_dags/example_task_group.py
[2025-04-09T07:19:41.972+0000] {processor.py:830} INFO - Processing file /home/airflow/.local/lib/python3.8/site-packages/airflow/example_dags/example_task_group.py for tasks to queue
[2025-04-09T07:19:41.975+0000] {logging_mixin.py:188} INFO - [2025-04-09T07:19:41.974+0000] {dagbag.py:538} INFO - Filling up the DagBag from /home/airflow/.local/lib/python3.8/site-packages/airflow/example_dags/example_task_group.py
[2025-04-09T07:19:41.982+0000] {processor.py:840} INFO - DAG(s) 'example_task_group' retrieved from /home/airflow/.local/lib/python3.8/site-packages/airflow/example_dags/example_task_group.py
[2025-04-09T07:19:42.004+0000] {logging_mixin.py:188} INFO - [2025-04-09T07:19:42.004+0000] {dag.py:3036} INFO - Sync 1 DAGs
[2025-04-09T07:19:42.024+0000] {logging_mixin.py:188} INFO - [2025-04-09T07:19:42.024+0000] {dag.py:3823} INFO - Setting next_dagrun for example_task_group to 2025-04-08 00:00:00+00:00, run_after=2025-04-09 00:00:00+00:00
[2025-04-09T07:19:42.079+0000] {processor.py:183} INFO - Processing /home/airflow/.local/lib/python3.8/site-packages/airflow/example_dags/example_task_group.py took 0.111 seconds
[2025-04-09T07:20:12.282+0000] {processor.py:161} INFO - Started process (PID=1234) to work on /home/airflow/.local/lib/python3.8/site-packages/airflow/example_dags/example_task_group.py
[2025-04-09T07:20:12.284+0000] {processor.py:830} INFO - Processing file /home/airflow/.local/lib/python3.8/site-packages/airflow/example_dags/example_task_group.py for tasks to queue
[2025-04-09T07:20:12.285+0000] {logging_mixin.py:188} INFO - [2025-04-09T07:20:12.285+0000] {dagbag.py:538} INFO - Filling up the DagBag from /home/airflow/.local/lib/python3.8/site-packages/airflow/example_dags/example_task_group.py
[2025-04-09T07:20:12.293+0000] {processor.py:840} INFO - DAG(s) 'example_task_group' retrieved from /home/airflow/.local/lib/python3.8/site-packages/airflow/example_dags/example_task_group.py
[2025-04-09T07:20:12.316+0000] {logging_mixin.py:188} INFO - [2025-04-09T07:20:12.315+0000] {dag.py:3036} INFO - Sync 1 DAGs
[2025-04-09T07:20:12.340+0000] {logging_mixin.py:188} INFO - [2025-04-09T07:20:12.339+0000] {dag.py:3823} INFO - Setting next_dagrun for example_task_group to 2025-04-08 00:00:00+00:00, run_after=2025-04-09 00:00:00+00:00
[2025-04-09T07:20:12.406+0000] {processor.py:183} INFO - Processing /home/airflow/.local/lib/python3.8/site-packages/airflow/example_dags/example_task_group.py took 0.127 seconds
[2025-04-09T07:20:42.647+0000] {processor.py:161} INFO - Started process (PID=1292) to work on /home/airflow/.local/lib/python3.8/site-packages/airflow/example_dags/example_task_group.py
[2025-04-09T07:20:42.649+0000] {processor.py:830} INFO - Processing file /home/airflow/.local/lib/python3.8/site-packages/airflow/example_dags/example_task_group.py for tasks to queue
[2025-04-09T07:20:42.651+0000] {logging_mixin.py:188} INFO - [2025-04-09T07:20:42.650+0000] {dagbag.py:538} INFO - Filling up the DagBag from /home/airflow/.local/lib/python3.8/site-packages/airflow/example_dags/example_task_group.py
[2025-04-09T07:20:42.659+0000] {processor.py:840} INFO - DAG(s) 'example_task_group' retrieved from /home/airflow/.local/lib/python3.8/site-packages/airflow/example_dags/example_task_group.py
[2025-04-09T07:20:42.684+0000] {logging_mixin.py:188} INFO - [2025-04-09T07:20:42.684+0000] {dag.py:3036} INFO - Sync 1 DAGs
[2025-04-09T07:20:42.714+0000] {logging_mixin.py:188} INFO - [2025-04-09T07:20:42.713+0000] {dag.py:3823} INFO - Setting next_dagrun for example_task_group to 2025-04-08 00:00:00+00:00, run_after=2025-04-09 00:00:00+00:00
[2025-04-09T07:20:42.800+0000] {processor.py:183} INFO - Processing /home/airflow/.local/lib/python3.8/site-packages/airflow/example_dags/example_task_group.py took 0.156 seconds
[2025-04-09T07:21:13.271+0000] {processor.py:161} INFO - Started process (PID=1350) to work on /home/airflow/.local/lib/python3.8/site-packages/airflow/example_dags/example_task_group.py
[2025-04-09T07:21:13.272+0000] {processor.py:830} INFO - Processing file /home/airflow/.local/lib/python3.8/site-packages/airflow/example_dags/example_task_group.py for tasks to queue
[2025-04-09T07:21:13.274+0000] {logging_mixin.py:188} INFO - [2025-04-09T07:21:13.273+0000] {dagbag.py:538} INFO - Filling up the DagBag from /home/airflow/.local/lib/python3.8/site-packages/airflow/example_dags/example_task_group.py
[2025-04-09T07:21:13.283+0000] {processor.py:840} INFO - DAG(s) 'example_task_group' retrieved from /home/airflow/.local/lib/python3.8/site-packages/airflow/example_dags/example_task_group.py
[2025-04-09T07:21:13.309+0000] {logging_mixin.py:188} INFO - [2025-04-09T07:21:13.308+0000] {dag.py:3036} INFO - Sync 1 DAGs
[2025-04-09T07:21:13.335+0000] {logging_mixin.py:188} INFO - [2025-04-09T07:21:13.334+0000] {dag.py:3823} INFO - Setting next_dagrun for example_task_group to 2025-04-08 00:00:00+00:00, run_after=2025-04-09 00:00:00+00:00
[2025-04-09T07:21:13.415+0000] {processor.py:183} INFO - Processing /home/airflow/.local/lib/python3.8/site-packages/airflow/example_dags/example_task_group.py took 0.147 seconds
[2025-04-09T07:21:43.784+0000] {processor.py:161} INFO - Started process (PID=1408) to work on /home/airflow/.local/lib/python3.8/site-packages/airflow/example_dags/example_task_group.py
[2025-04-09T07:21:43.803+0000] {processor.py:830} INFO - Processing file /home/airflow/.local/lib/python3.8/site-packages/airflow/example_dags/example_task_group.py for tasks to queue
[2025-04-09T07:21:43.805+0000] {logging_mixin.py:188} INFO - [2025-04-09T07:21:43.805+0000] {dagbag.py:538} INFO - Filling up the DagBag from /home/airflow/.local/lib/python3.8/site-packages/airflow/example_dags/example_task_group.py
[2025-04-09T07:21:43.814+0000] {processor.py:840} INFO - DAG(s) 'example_task_group' retrieved from /home/airflow/.local/lib/python3.8/site-packages/airflow/example_dags/example_task_group.py
[2025-04-09T07:21:43.840+0000] {logging_mixin.py:188} INFO - [2025-04-09T07:21:43.840+0000] {dag.py:3036} INFO - Sync 1 DAGs
[2025-04-09T07:21:43.863+0000] {logging_mixin.py:188} INFO - [2025-04-09T07:21:43.862+0000] {dag.py:3823} INFO - Setting next_dagrun for example_task_group to 2025-04-08 00:00:00+00:00, run_after=2025-04-09 00:00:00+00:00
[2025-04-09T07:21:43.916+0000] {processor.py:183} INFO - Processing /home/airflow/.local/lib/python3.8/site-packages/airflow/example_dags/example_task_group.py took 0.135 seconds
[2025-04-09T07:22:14.167+0000] {processor.py:161} INFO - Started process (PID=1466) to work on /home/airflow/.local/lib/python3.8/site-packages/airflow/example_dags/example_task_group.py
[2025-04-09T07:22:14.168+0000] {processor.py:830} INFO - Processing file /home/airflow/.local/lib/python3.8/site-packages/airflow/example_dags/example_task_group.py for tasks to queue
[2025-04-09T07:22:14.170+0000] {logging_mixin.py:188} INFO - [2025-04-09T07:22:14.169+0000] {dagbag.py:538} INFO - Filling up the DagBag from /home/airflow/.local/lib/python3.8/site-packages/airflow/example_dags/example_task_group.py
[2025-04-09T07:22:14.177+0000] {processor.py:840} INFO - DAG(s) 'example_task_group' retrieved from /home/airflow/.local/lib/python3.8/site-packages/airflow/example_dags/example_task_group.py
[2025-04-09T07:22:14.202+0000] {logging_mixin.py:188} INFO - [2025-04-09T07:22:14.202+0000] {dag.py:3036} INFO - Sync 1 DAGs
[2025-04-09T07:22:14.225+0000] {logging_mixin.py:188} INFO - [2025-04-09T07:22:14.225+0000] {dag.py:3823} INFO - Setting next_dagrun for example_task_group to 2025-04-08 00:00:00+00:00, run_after=2025-04-09 00:00:00+00:00
[2025-04-09T07:22:14.279+0000] {processor.py:183} INFO - Processing /home/airflow/.local/lib/python3.8/site-packages/airflow/example_dags/example_task_group.py took 0.115 seconds
[2025-04-09T07:22:46.000+0000] {processor.py:161} INFO - Started process (PID=1518) to work on /home/airflow/.local/lib/python3.8/site-packages/airflow/example_dags/example_task_group.py
[2025-04-09T07:22:46.001+0000] {processor.py:830} INFO - Processing file /home/airflow/.local/lib/python3.8/site-packages/airflow/example_dags/example_task_group.py for tasks to queue
[2025-04-09T07:22:46.004+0000] {logging_mixin.py:188} INFO - [2025-04-09T07:22:46.003+0000] {dagbag.py:538} INFO - Filling up the DagBag from /home/airflow/.local/lib/python3.8/site-packages/airflow/example_dags/example_task_group.py
[2025-04-09T07:22:46.013+0000] {processor.py:840} INFO - DAG(s) 'example_task_group' retrieved from /home/airflow/.local/lib/python3.8/site-packages/airflow/example_dags/example_task_group.py
[2025-04-09T07:22:46.040+0000] {logging_mixin.py:188} INFO - [2025-04-09T07:22:46.039+0000] {dag.py:3036} INFO - Sync 1 DAGs
[2025-04-09T07:22:46.068+0000] {logging_mixin.py:188} INFO - [2025-04-09T07:22:46.068+0000] {dag.py:3823} INFO - Setting next_dagrun for example_task_group to 2025-04-08 00:00:00+00:00, run_after=2025-04-09 00:00:00+00:00
[2025-04-09T07:22:46.134+0000] {processor.py:183} INFO - Processing /home/airflow/.local/lib/python3.8/site-packages/airflow/example_dags/example_task_group.py took 0.138 seconds
[2025-04-09T07:23:17.067+0000] {processor.py:161} INFO - Started process (PID=1582) to work on /home/airflow/.local/lib/python3.8/site-packages/airflow/example_dags/example_task_group.py
[2025-04-09T07:23:17.092+0000] {processor.py:830} INFO - Processing file /home/airflow/.local/lib/python3.8/site-packages/airflow/example_dags/example_task_group.py for tasks to queue
[2025-04-09T07:23:17.094+0000] {logging_mixin.py:188} INFO - [2025-04-09T07:23:17.093+0000] {dagbag.py:538} INFO - Filling up the DagBag from /home/airflow/.local/lib/python3.8/site-packages/airflow/example_dags/example_task_group.py
[2025-04-09T07:23:17.101+0000] {processor.py:840} INFO - DAG(s) 'example_task_group' retrieved from /home/airflow/.local/lib/python3.8/site-packages/airflow/example_dags/example_task_group.py
[2025-04-09T07:23:17.126+0000] {logging_mixin.py:188} INFO - [2025-04-09T07:23:17.125+0000] {dag.py:3036} INFO - Sync 1 DAGs
[2025-04-09T07:23:17.149+0000] {logging_mixin.py:188} INFO - [2025-04-09T07:23:17.148+0000] {dag.py:3823} INFO - Setting next_dagrun for example_task_group to 2025-04-08 00:00:00+00:00, run_after=2025-04-09 00:00:00+00:00
[2025-04-09T07:23:17.203+0000] {processor.py:183} INFO - Processing /home/airflow/.local/lib/python3.8/site-packages/airflow/example_dags/example_task_group.py took 0.140 seconds
[2025-04-09T07:23:47.618+0000] {processor.py:161} INFO - Started process (PID=1634) to work on /home/airflow/.local/lib/python3.8/site-packages/airflow/example_dags/example_task_group.py
[2025-04-09T07:23:47.619+0000] {processor.py:830} INFO - Processing file /home/airflow/.local/lib/python3.8/site-packages/airflow/example_dags/example_task_group.py for tasks to queue
[2025-04-09T07:23:47.623+0000] {logging_mixin.py:188} INFO - [2025-04-09T07:23:47.622+0000] {dagbag.py:538} INFO - Filling up the DagBag from /home/airflow/.local/lib/python3.8/site-packages/airflow/example_dags/example_task_group.py
[2025-04-09T07:23:47.636+0000] {processor.py:840} INFO - DAG(s) 'example_task_group' retrieved from /home/airflow/.local/lib/python3.8/site-packages/airflow/example_dags/example_task_group.py
[2025-04-09T07:23:47.666+0000] {logging_mixin.py:188} INFO - [2025-04-09T07:23:47.666+0000] {dag.py:3036} INFO - Sync 1 DAGs
[2025-04-09T07:23:47.696+0000] {logging_mixin.py:188} INFO - [2025-04-09T07:23:47.696+0000] {dag.py:3823} INFO - Setting next_dagrun for example_task_group to 2025-04-08 00:00:00+00:00, run_after=2025-04-09 00:00:00+00:00
[2025-04-09T07:23:47.774+0000] {processor.py:183} INFO - Processing /home/airflow/.local/lib/python3.8/site-packages/airflow/example_dags/example_task_group.py took 0.160 seconds
[2025-04-09T07:24:18.263+0000] {processor.py:161} INFO - Started process (PID=1692) to work on /home/airflow/.local/lib/python3.8/site-packages/airflow/example_dags/example_task_group.py
[2025-04-09T07:24:18.264+0000] {processor.py:830} INFO - Processing file /home/airflow/.local/lib/python3.8/site-packages/airflow/example_dags/example_task_group.py for tasks to queue
[2025-04-09T07:24:18.267+0000] {logging_mixin.py:188} INFO - [2025-04-09T07:24:18.266+0000] {dagbag.py:538} INFO - Filling up the DagBag from /home/airflow/.local/lib/python3.8/site-packages/airflow/example_dags/example_task_group.py
[2025-04-09T07:24:18.274+0000] {processor.py:840} INFO - DAG(s) 'example_task_group' retrieved from /home/airflow/.local/lib/python3.8/site-packages/airflow/example_dags/example_task_group.py
[2025-04-09T07:24:18.298+0000] {logging_mixin.py:188} INFO - [2025-04-09T07:24:18.298+0000] {dag.py:3036} INFO - Sync 1 DAGs
[2025-04-09T07:24:18.322+0000] {logging_mixin.py:188} INFO - [2025-04-09T07:24:18.322+0000] {dag.py:3823} INFO - Setting next_dagrun for example_task_group to 2025-04-08 00:00:00+00:00, run_after=2025-04-09 00:00:00+00:00
[2025-04-09T07:24:18.366+0000] {processor.py:183} INFO - Processing /home/airflow/.local/lib/python3.8/site-packages/airflow/example_dags/example_task_group.py took 0.107 seconds
[2025-04-09T07:24:48.751+0000] {processor.py:161} INFO - Started process (PID=1750) to work on /home/airflow/.local/lib/python3.8/site-packages/airflow/example_dags/example_task_group.py
[2025-04-09T07:24:48.783+0000] {processor.py:830} INFO - Processing file /home/airflow/.local/lib/python3.8/site-packages/airflow/example_dags/example_task_group.py for tasks to queue
[2025-04-09T07:24:48.785+0000] {logging_mixin.py:188} INFO - [2025-04-09T07:24:48.784+0000] {dagbag.py:538} INFO - Filling up the DagBag from /home/airflow/.local/lib/python3.8/site-packages/airflow/example_dags/example_task_group.py
[2025-04-09T07:24:48.793+0000] {processor.py:840} INFO - DAG(s) 'example_task_group' retrieved from /home/airflow/.local/lib/python3.8/site-packages/airflow/example_dags/example_task_group.py
[2025-04-09T07:24:48.820+0000] {logging_mixin.py:188} INFO - [2025-04-09T07:24:48.819+0000] {dag.py:3036} INFO - Sync 1 DAGs
[2025-04-09T07:24:48.854+0000] {logging_mixin.py:188} INFO - [2025-04-09T07:24:48.854+0000] {dag.py:3823} INFO - Setting next_dagrun for example_task_group to 2025-04-08 00:00:00+00:00, run_after=2025-04-09 00:00:00+00:00
[2025-04-09T07:24:48.919+0000] {processor.py:183} INFO - Processing /home/airflow/.local/lib/python3.8/site-packages/airflow/example_dags/example_task_group.py took 0.172 seconds
[2025-04-09T07:25:19.008+0000] {processor.py:161} INFO - Started process (PID=1808) to work on /home/airflow/.local/lib/python3.8/site-packages/airflow/example_dags/example_task_group.py
[2025-04-09T07:25:19.009+0000] {processor.py:830} INFO - Processing file /home/airflow/.local/lib/python3.8/site-packages/airflow/example_dags/example_task_group.py for tasks to queue
[2025-04-09T07:25:19.011+0000] {logging_mixin.py:188} INFO - [2025-04-09T07:25:19.010+0000] {dagbag.py:538} INFO - Filling up the DagBag from /home/airflow/.local/lib/python3.8/site-packages/airflow/example_dags/example_task_group.py
[2025-04-09T07:25:19.018+0000] {processor.py:840} INFO - DAG(s) 'example_task_group' retrieved from /home/airflow/.local/lib/python3.8/site-packages/airflow/example_dags/example_task_group.py
[2025-04-09T07:25:19.039+0000] {logging_mixin.py:188} INFO - [2025-04-09T07:25:19.039+0000] {dag.py:3036} INFO - Sync 1 DAGs
[2025-04-09T07:25:19.062+0000] {logging_mixin.py:188} INFO - [2025-04-09T07:25:19.062+0000] {dag.py:3823} INFO - Setting next_dagrun for example_task_group to 2025-04-08 00:00:00+00:00, run_after=2025-04-09 00:00:00+00:00
[2025-04-09T07:25:19.113+0000] {processor.py:183} INFO - Processing /home/airflow/.local/lib/python3.8/site-packages/airflow/example_dags/example_task_group.py took 0.108 seconds
