[2025-04-09T06:43:09.331+0000] {processor.py:161} INFO - Started process (PID=778) to work on /home/airflow/.local/lib/python3.8/site-packages/airflow/example_dags/example_python_operator.py
[2025-04-09T06:43:09.332+0000] {processor.py:830} INFO - Processing file /home/airflow/.local/lib/python3.8/site-packages/airflow/example_dags/example_python_operator.py for tasks to queue
[2025-04-09T06:43:09.334+0000] {logging_mixin.py:188} INFO - [2025-04-09T06:43:09.334+0000] {dagbag.py:538} INFO - Filling up the DagBag from /home/airflow/.local/lib/python3.8/site-packages/airflow/example_dags/example_python_operator.py
[2025-04-09T06:43:09.346+0000] {processor.py:840} INFO - DAG(s) 'example_python_operator' retrieved from /home/airflow/.local/lib/python3.8/site-packages/airflow/example_dags/example_python_operator.py
[2025-04-09T06:43:09.481+0000] {logging_mixin.py:188} INFO - [2025-04-09T06:43:09.480+0000] {dag.py:3036} INFO - Sync 1 DAGs
[2025-04-09T06:43:09.491+0000] {logging_mixin.py:188} INFO - [2025-04-09T06:43:09.491+0000] {dag.py:3823} INFO - Setting next_dagrun for example_python_operator to None, run_after=None
[2025-04-09T06:43:09.569+0000] {processor.py:183} INFO - Processing /home/airflow/.local/lib/python3.8/site-packages/airflow/example_dags/example_python_operator.py took 0.242 seconds
[2025-04-09T06:44:57.351+0000] {processor.py:161} INFO - Started process (PID=94) to work on /home/airflow/.local/lib/python3.8/site-packages/airflow/example_dags/example_python_operator.py
[2025-04-09T06:44:57.352+0000] {processor.py:830} INFO - Processing file /home/airflow/.local/lib/python3.8/site-packages/airflow/example_dags/example_python_operator.py for tasks to queue
[2025-04-09T06:44:57.355+0000] {logging_mixin.py:188} INFO - [2025-04-09T06:44:57.354+0000] {dagbag.py:538} INFO - Filling up the DagBag from /home/airflow/.local/lib/python3.8/site-packages/airflow/example_dags/example_python_operator.py
[2025-04-09T06:44:57.377+0000] {processor.py:840} INFO - DAG(s) 'example_python_operator' retrieved from /home/airflow/.local/lib/python3.8/site-packages/airflow/example_dags/example_python_operator.py
[2025-04-09T06:44:57.969+0000] {logging_mixin.py:188} INFO - [2025-04-09T06:44:57.969+0000] {process_utils.py:262} INFO - Waiting up to 5 seconds for processes to exit...
[2025-04-09T06:45:25.077+0000] {processor.py:161} INFO - Started process (PID=76) to work on /home/airflow/.local/lib/python3.8/site-packages/airflow/example_dags/example_python_operator.py
[2025-04-09T06:45:25.079+0000] {processor.py:830} INFO - Processing file /home/airflow/.local/lib/python3.8/site-packages/airflow/example_dags/example_python_operator.py for tasks to queue
[2025-04-09T06:45:25.081+0000] {logging_mixin.py:188} INFO - [2025-04-09T06:45:25.080+0000] {dagbag.py:538} INFO - Filling up the DagBag from /home/airflow/.local/lib/python3.8/site-packages/airflow/example_dags/example_python_operator.py
[2025-04-09T06:45:25.092+0000] {processor.py:840} INFO - DAG(s) 'example_python_operator' retrieved from /home/airflow/.local/lib/python3.8/site-packages/airflow/example_dags/example_python_operator.py
[2025-04-09T06:45:25.240+0000] {logging_mixin.py:188} INFO - [2025-04-09T06:45:25.240+0000] {dag.py:3036} INFO - Sync 1 DAGs
[2025-04-09T06:45:25.255+0000] {logging_mixin.py:188} INFO - [2025-04-09T06:45:25.254+0000] {dag.py:3823} INFO - Setting next_dagrun for example_python_operator to None, run_after=None
[2025-04-09T06:45:25.337+0000] {processor.py:183} INFO - Processing /home/airflow/.local/lib/python3.8/site-packages/airflow/example_dags/example_python_operator.py took 0.262 seconds
[2025-04-09T06:45:55.546+0000] {processor.py:161} INFO - Started process (PID=134) to work on /home/airflow/.local/lib/python3.8/site-packages/airflow/example_dags/example_python_operator.py
[2025-04-09T06:45:55.547+0000] {processor.py:830} INFO - Processing file /home/airflow/.local/lib/python3.8/site-packages/airflow/example_dags/example_python_operator.py for tasks to queue
[2025-04-09T06:45:55.548+0000] {logging_mixin.py:188} INFO - [2025-04-09T06:45:55.548+0000] {dagbag.py:538} INFO - Filling up the DagBag from /home/airflow/.local/lib/python3.8/site-packages/airflow/example_dags/example_python_operator.py
[2025-04-09T06:45:55.560+0000] {processor.py:840} INFO - DAG(s) 'example_python_operator' retrieved from /home/airflow/.local/lib/python3.8/site-packages/airflow/example_dags/example_python_operator.py
[2025-04-09T06:45:55.584+0000] {logging_mixin.py:188} INFO - [2025-04-09T06:45:55.583+0000] {dag.py:3036} INFO - Sync 1 DAGs
[2025-04-09T06:45:55.596+0000] {logging_mixin.py:188} INFO - [2025-04-09T06:45:55.596+0000] {dag.py:3823} INFO - Setting next_dagrun for example_python_operator to None, run_after=None
[2025-04-09T06:45:55.654+0000] {processor.py:183} INFO - Processing /home/airflow/.local/lib/python3.8/site-packages/airflow/example_dags/example_python_operator.py took 0.111 seconds
[2025-04-09T06:46:26.324+0000] {processor.py:161} INFO - Started process (PID=192) to work on /home/airflow/.local/lib/python3.8/site-packages/airflow/example_dags/example_python_operator.py
[2025-04-09T06:46:26.340+0000] {processor.py:830} INFO - Processing file /home/airflow/.local/lib/python3.8/site-packages/airflow/example_dags/example_python_operator.py for tasks to queue
[2025-04-09T06:46:26.342+0000] {logging_mixin.py:188} INFO - [2025-04-09T06:46:26.341+0000] {dagbag.py:538} INFO - Filling up the DagBag from /home/airflow/.local/lib/python3.8/site-packages/airflow/example_dags/example_python_operator.py
[2025-04-09T06:46:26.352+0000] {processor.py:840} INFO - DAG(s) 'example_python_operator' retrieved from /home/airflow/.local/lib/python3.8/site-packages/airflow/example_dags/example_python_operator.py
[2025-04-09T06:46:26.379+0000] {logging_mixin.py:188} INFO - [2025-04-09T06:46:26.378+0000] {dag.py:3036} INFO - Sync 1 DAGs
[2025-04-09T06:46:26.391+0000] {logging_mixin.py:188} INFO - [2025-04-09T06:46:26.391+0000] {dag.py:3823} INFO - Setting next_dagrun for example_python_operator to None, run_after=None
[2025-04-09T06:46:26.456+0000] {processor.py:183} INFO - Processing /home/airflow/.local/lib/python3.8/site-packages/airflow/example_dags/example_python_operator.py took 0.135 seconds
[2025-04-09T06:46:57.880+0000] {processor.py:161} INFO - Started process (PID=250) to work on /home/airflow/.local/lib/python3.8/site-packages/airflow/example_dags/example_python_operator.py
[2025-04-09T06:46:57.882+0000] {processor.py:830} INFO - Processing file /home/airflow/.local/lib/python3.8/site-packages/airflow/example_dags/example_python_operator.py for tasks to queue
[2025-04-09T06:46:57.883+0000] {logging_mixin.py:188} INFO - [2025-04-09T06:46:57.883+0000] {dagbag.py:538} INFO - Filling up the DagBag from /home/airflow/.local/lib/python3.8/site-packages/airflow/example_dags/example_python_operator.py
[2025-04-09T06:46:57.896+0000] {processor.py:840} INFO - DAG(s) 'example_python_operator' retrieved from /home/airflow/.local/lib/python3.8/site-packages/airflow/example_dags/example_python_operator.py
[2025-04-09T06:46:57.934+0000] {logging_mixin.py:188} INFO - [2025-04-09T06:46:57.933+0000] {dag.py:3036} INFO - Sync 1 DAGs
[2025-04-09T06:46:57.951+0000] {logging_mixin.py:188} INFO - [2025-04-09T06:46:57.950+0000] {dag.py:3823} INFO - Setting next_dagrun for example_python_operator to None, run_after=None
[2025-04-09T06:46:58.009+0000] {processor.py:183} INFO - Processing /home/airflow/.local/lib/python3.8/site-packages/airflow/example_dags/example_python_operator.py took 0.132 seconds
[2025-04-09T06:47:32.507+0000] {processor.py:161} INFO - Started process (PID=308) to work on /home/airflow/.local/lib/python3.8/site-packages/airflow/example_dags/example_python_operator.py
[2025-04-09T06:47:32.508+0000] {processor.py:830} INFO - Processing file /home/airflow/.local/lib/python3.8/site-packages/airflow/example_dags/example_python_operator.py for tasks to queue
[2025-04-09T06:47:32.510+0000] {logging_mixin.py:188} INFO - [2025-04-09T06:47:32.509+0000] {dagbag.py:538} INFO - Filling up the DagBag from /home/airflow/.local/lib/python3.8/site-packages/airflow/example_dags/example_python_operator.py
[2025-04-09T06:47:32.520+0000] {processor.py:840} INFO - DAG(s) 'example_python_operator' retrieved from /home/airflow/.local/lib/python3.8/site-packages/airflow/example_dags/example_python_operator.py
[2025-04-09T06:47:32.542+0000] {logging_mixin.py:188} INFO - [2025-04-09T06:47:32.542+0000] {dag.py:3036} INFO - Sync 1 DAGs
[2025-04-09T06:47:32.555+0000] {logging_mixin.py:188} INFO - [2025-04-09T06:47:32.555+0000] {dag.py:3823} INFO - Setting next_dagrun for example_python_operator to None, run_after=None
[2025-04-09T06:47:32.615+0000] {processor.py:183} INFO - Processing /home/airflow/.local/lib/python3.8/site-packages/airflow/example_dags/example_python_operator.py took 0.110 seconds
[2025-04-09T06:48:07.211+0000] {processor.py:161} INFO - Started process (PID=366) to work on /home/airflow/.local/lib/python3.8/site-packages/airflow/example_dags/example_python_operator.py
[2025-04-09T06:48:07.212+0000] {processor.py:830} INFO - Processing file /home/airflow/.local/lib/python3.8/site-packages/airflow/example_dags/example_python_operator.py for tasks to queue
[2025-04-09T06:48:07.214+0000] {logging_mixin.py:188} INFO - [2025-04-09T06:48:07.213+0000] {dagbag.py:538} INFO - Filling up the DagBag from /home/airflow/.local/lib/python3.8/site-packages/airflow/example_dags/example_python_operator.py
[2025-04-09T06:48:07.225+0000] {processor.py:840} INFO - DAG(s) 'example_python_operator' retrieved from /home/airflow/.local/lib/python3.8/site-packages/airflow/example_dags/example_python_operator.py
[2025-04-09T06:48:07.248+0000] {logging_mixin.py:188} INFO - [2025-04-09T06:48:07.248+0000] {dag.py:3036} INFO - Sync 1 DAGs
[2025-04-09T06:48:07.262+0000] {logging_mixin.py:188} INFO - [2025-04-09T06:48:07.262+0000] {dag.py:3823} INFO - Setting next_dagrun for example_python_operator to None, run_after=None
[2025-04-09T06:48:07.322+0000] {processor.py:183} INFO - Processing /home/airflow/.local/lib/python3.8/site-packages/airflow/example_dags/example_python_operator.py took 0.115 seconds
[2025-04-09T06:48:37.604+0000] {processor.py:161} INFO - Started process (PID=424) to work on /home/airflow/.local/lib/python3.8/site-packages/airflow/example_dags/example_python_operator.py
[2025-04-09T06:48:37.605+0000] {processor.py:830} INFO - Processing file /home/airflow/.local/lib/python3.8/site-packages/airflow/example_dags/example_python_operator.py for tasks to queue
[2025-04-09T06:48:37.607+0000] {logging_mixin.py:188} INFO - [2025-04-09T06:48:37.606+0000] {dagbag.py:538} INFO - Filling up the DagBag from /home/airflow/.local/lib/python3.8/site-packages/airflow/example_dags/example_python_operator.py
[2025-04-09T06:48:37.618+0000] {processor.py:840} INFO - DAG(s) 'example_python_operator' retrieved from /home/airflow/.local/lib/python3.8/site-packages/airflow/example_dags/example_python_operator.py
[2025-04-09T06:48:37.645+0000] {logging_mixin.py:188} INFO - [2025-04-09T06:48:37.645+0000] {dag.py:3036} INFO - Sync 1 DAGs
[2025-04-09T06:48:37.660+0000] {logging_mixin.py:188} INFO - [2025-04-09T06:48:37.660+0000] {dag.py:3823} INFO - Setting next_dagrun for example_python_operator to None, run_after=None
[2025-04-09T06:48:37.720+0000] {processor.py:183} INFO - Processing /home/airflow/.local/lib/python3.8/site-packages/airflow/example_dags/example_python_operator.py took 0.120 seconds
[2025-04-09T06:49:08.496+0000] {processor.py:161} INFO - Started process (PID=482) to work on /home/airflow/.local/lib/python3.8/site-packages/airflow/example_dags/example_python_operator.py
[2025-04-09T06:49:08.497+0000] {processor.py:830} INFO - Processing file /home/airflow/.local/lib/python3.8/site-packages/airflow/example_dags/example_python_operator.py for tasks to queue
[2025-04-09T06:49:08.499+0000] {logging_mixin.py:188} INFO - [2025-04-09T06:49:08.498+0000] {dagbag.py:538} INFO - Filling up the DagBag from /home/airflow/.local/lib/python3.8/site-packages/airflow/example_dags/example_python_operator.py
[2025-04-09T06:49:08.509+0000] {processor.py:840} INFO - DAG(s) 'example_python_operator' retrieved from /home/airflow/.local/lib/python3.8/site-packages/airflow/example_dags/example_python_operator.py
[2025-04-09T06:49:08.535+0000] {logging_mixin.py:188} INFO - [2025-04-09T06:49:08.535+0000] {dag.py:3036} INFO - Sync 1 DAGs
[2025-04-09T06:49:08.548+0000] {logging_mixin.py:188} INFO - [2025-04-09T06:49:08.548+0000] {dag.py:3823} INFO - Setting next_dagrun for example_python_operator to None, run_after=None
[2025-04-09T06:49:08.600+0000] {processor.py:183} INFO - Processing /home/airflow/.local/lib/python3.8/site-packages/airflow/example_dags/example_python_operator.py took 0.108 seconds
[2025-04-09T06:49:38.897+0000] {processor.py:161} INFO - Started process (PID=539) to work on /home/airflow/.local/lib/python3.8/site-packages/airflow/example_dags/example_python_operator.py
[2025-04-09T06:49:38.898+0000] {processor.py:830} INFO - Processing file /home/airflow/.local/lib/python3.8/site-packages/airflow/example_dags/example_python_operator.py for tasks to queue
[2025-04-09T06:49:38.900+0000] {logging_mixin.py:188} INFO - [2025-04-09T06:49:38.900+0000] {dagbag.py:538} INFO - Filling up the DagBag from /home/airflow/.local/lib/python3.8/site-packages/airflow/example_dags/example_python_operator.py
[2025-04-09T06:49:38.913+0000] {processor.py:840} INFO - DAG(s) 'example_python_operator' retrieved from /home/airflow/.local/lib/python3.8/site-packages/airflow/example_dags/example_python_operator.py
[2025-04-09T06:49:38.941+0000] {logging_mixin.py:188} INFO - [2025-04-09T06:49:38.941+0000] {dag.py:3036} INFO - Sync 1 DAGs
[2025-04-09T06:49:38.955+0000] {logging_mixin.py:188} INFO - [2025-04-09T06:49:38.955+0000] {dag.py:3823} INFO - Setting next_dagrun for example_python_operator to None, run_after=None
[2025-04-09T06:49:39.001+0000] {processor.py:183} INFO - Processing /home/airflow/.local/lib/python3.8/site-packages/airflow/example_dags/example_python_operator.py took 0.108 seconds
[2025-04-09T06:50:09.218+0000] {processor.py:161} INFO - Started process (PID=597) to work on /home/airflow/.local/lib/python3.8/site-packages/airflow/example_dags/example_python_operator.py
[2025-04-09T06:50:09.220+0000] {processor.py:830} INFO - Processing file /home/airflow/.local/lib/python3.8/site-packages/airflow/example_dags/example_python_operator.py for tasks to queue
[2025-04-09T06:50:09.221+0000] {logging_mixin.py:188} INFO - [2025-04-09T06:50:09.221+0000] {dagbag.py:538} INFO - Filling up the DagBag from /home/airflow/.local/lib/python3.8/site-packages/airflow/example_dags/example_python_operator.py
[2025-04-09T06:50:09.231+0000] {processor.py:840} INFO - DAG(s) 'example_python_operator' retrieved from /home/airflow/.local/lib/python3.8/site-packages/airflow/example_dags/example_python_operator.py
[2025-04-09T06:50:09.254+0000] {logging_mixin.py:188} INFO - [2025-04-09T06:50:09.253+0000] {dag.py:3036} INFO - Sync 1 DAGs
[2025-04-09T06:50:09.266+0000] {logging_mixin.py:188} INFO - [2025-04-09T06:50:09.266+0000] {dag.py:3823} INFO - Setting next_dagrun for example_python_operator to None, run_after=None
[2025-04-09T06:50:09.347+0000] {processor.py:183} INFO - Processing /home/airflow/.local/lib/python3.8/site-packages/airflow/example_dags/example_python_operator.py took 0.132 seconds
[2025-04-09T06:50:39.546+0000] {processor.py:161} INFO - Started process (PID=655) to work on /home/airflow/.local/lib/python3.8/site-packages/airflow/example_dags/example_python_operator.py
[2025-04-09T06:50:39.547+0000] {processor.py:830} INFO - Processing file /home/airflow/.local/lib/python3.8/site-packages/airflow/example_dags/example_python_operator.py for tasks to queue
[2025-04-09T06:50:39.549+0000] {logging_mixin.py:188} INFO - [2025-04-09T06:50:39.548+0000] {dagbag.py:538} INFO - Filling up the DagBag from /home/airflow/.local/lib/python3.8/site-packages/airflow/example_dags/example_python_operator.py
[2025-04-09T06:50:39.560+0000] {processor.py:840} INFO - DAG(s) 'example_python_operator' retrieved from /home/airflow/.local/lib/python3.8/site-packages/airflow/example_dags/example_python_operator.py
[2025-04-09T06:50:39.589+0000] {logging_mixin.py:188} INFO - [2025-04-09T06:50:39.589+0000] {dag.py:3036} INFO - Sync 1 DAGs
[2025-04-09T06:50:39.604+0000] {logging_mixin.py:188} INFO - [2025-04-09T06:50:39.604+0000] {dag.py:3823} INFO - Setting next_dagrun for example_python_operator to None, run_after=None
[2025-04-09T06:50:39.656+0000] {processor.py:183} INFO - Processing /home/airflow/.local/lib/python3.8/site-packages/airflow/example_dags/example_python_operator.py took 0.113 seconds
[2025-04-09T06:51:10.368+0000] {processor.py:161} INFO - Started process (PID=715) to work on /home/airflow/.local/lib/python3.8/site-packages/airflow/example_dags/example_python_operator.py
[2025-04-09T06:51:10.368+0000] {processor.py:830} INFO - Processing file /home/airflow/.local/lib/python3.8/site-packages/airflow/example_dags/example_python_operator.py for tasks to queue
[2025-04-09T06:51:10.370+0000] {logging_mixin.py:188} INFO - [2025-04-09T06:51:10.370+0000] {dagbag.py:538} INFO - Filling up the DagBag from /home/airflow/.local/lib/python3.8/site-packages/airflow/example_dags/example_python_operator.py
[2025-04-09T06:51:10.380+0000] {processor.py:840} INFO - DAG(s) 'example_python_operator' retrieved from /home/airflow/.local/lib/python3.8/site-packages/airflow/example_dags/example_python_operator.py
[2025-04-09T06:51:10.403+0000] {logging_mixin.py:188} INFO - [2025-04-09T06:51:10.403+0000] {dag.py:3036} INFO - Sync 1 DAGs
[2025-04-09T06:51:10.416+0000] {logging_mixin.py:188} INFO - [2025-04-09T06:51:10.416+0000] {dag.py:3823} INFO - Setting next_dagrun for example_python_operator to None, run_after=None
[2025-04-09T06:51:10.495+0000] {processor.py:183} INFO - Processing /home/airflow/.local/lib/python3.8/site-packages/airflow/example_dags/example_python_operator.py took 0.130 seconds
[2025-04-09T06:51:42.921+0000] {processor.py:161} INFO - Started process (PID=774) to work on /home/airflow/.local/lib/python3.8/site-packages/airflow/example_dags/example_python_operator.py
[2025-04-09T06:51:42.922+0000] {processor.py:830} INFO - Processing file /home/airflow/.local/lib/python3.8/site-packages/airflow/example_dags/example_python_operator.py for tasks to queue
[2025-04-09T06:51:42.924+0000] {logging_mixin.py:188} INFO - [2025-04-09T06:51:42.924+0000] {dagbag.py:538} INFO - Filling up the DagBag from /home/airflow/.local/lib/python3.8/site-packages/airflow/example_dags/example_python_operator.py
[2025-04-09T06:51:42.933+0000] {processor.py:840} INFO - DAG(s) 'example_python_operator' retrieved from /home/airflow/.local/lib/python3.8/site-packages/airflow/example_dags/example_python_operator.py
[2025-04-09T06:51:42.958+0000] {logging_mixin.py:188} INFO - [2025-04-09T06:51:42.957+0000] {dag.py:3036} INFO - Sync 1 DAGs
[2025-04-09T06:51:42.970+0000] {logging_mixin.py:188} INFO - [2025-04-09T06:51:42.969+0000] {dag.py:3823} INFO - Setting next_dagrun for example_python_operator to None, run_after=None
[2025-04-09T06:51:43.044+0000] {processor.py:183} INFO - Processing /home/airflow/.local/lib/python3.8/site-packages/airflow/example_dags/example_python_operator.py took 0.126 seconds
[2025-04-09T06:52:32.991+0000] {processor.py:161} INFO - Started process (PID=84) to work on /home/airflow/.local/lib/python3.8/site-packages/airflow/example_dags/example_python_operator.py
[2025-04-09T06:52:32.993+0000] {processor.py:830} INFO - Processing file /home/airflow/.local/lib/python3.8/site-packages/airflow/example_dags/example_python_operator.py for tasks to queue
[2025-04-09T06:52:32.995+0000] {logging_mixin.py:188} INFO - [2025-04-09T06:52:32.994+0000] {dagbag.py:538} INFO - Filling up the DagBag from /home/airflow/.local/lib/python3.8/site-packages/airflow/example_dags/example_python_operator.py
[2025-04-09T06:52:33.009+0000] {processor.py:840} INFO - DAG(s) 'example_python_operator' retrieved from /home/airflow/.local/lib/python3.8/site-packages/airflow/example_dags/example_python_operator.py
[2025-04-09T06:52:33.029+0000] {logging_mixin.py:188} INFO - [2025-04-09T06:52:33.028+0000] {dag.py:3036} INFO - Sync 1 DAGs
[2025-04-09T06:52:33.043+0000] {logging_mixin.py:188} INFO - [2025-04-09T06:52:33.043+0000] {dag.py:3823} INFO - Setting next_dagrun for example_python_operator to None, run_after=None
[2025-04-09T06:52:33.105+0000] {processor.py:183} INFO - Processing /home/airflow/.local/lib/python3.8/site-packages/airflow/example_dags/example_python_operator.py took 0.118 seconds
[2025-04-09T06:53:05.396+0000] {processor.py:161} INFO - Started process (PID=142) to work on /home/airflow/.local/lib/python3.8/site-packages/airflow/example_dags/example_python_operator.py
[2025-04-09T06:53:05.402+0000] {processor.py:830} INFO - Processing file /home/airflow/.local/lib/python3.8/site-packages/airflow/example_dags/example_python_operator.py for tasks to queue
[2025-04-09T06:53:05.404+0000] {logging_mixin.py:188} INFO - [2025-04-09T06:53:05.404+0000] {dagbag.py:538} INFO - Filling up the DagBag from /home/airflow/.local/lib/python3.8/site-packages/airflow/example_dags/example_python_operator.py
[2025-04-09T06:53:05.415+0000] {processor.py:840} INFO - DAG(s) 'example_python_operator' retrieved from /home/airflow/.local/lib/python3.8/site-packages/airflow/example_dags/example_python_operator.py
[2025-04-09T06:53:05.539+0000] {logging_mixin.py:188} INFO - [2025-04-09T06:53:05.539+0000] {dag.py:3036} INFO - Sync 1 DAGs
[2025-04-09T06:53:05.553+0000] {logging_mixin.py:188} INFO - [2025-04-09T06:53:05.552+0000] {dag.py:3823} INFO - Setting next_dagrun for example_python_operator to None, run_after=None
[2025-04-09T06:53:05.602+0000] {processor.py:183} INFO - Processing /home/airflow/.local/lib/python3.8/site-packages/airflow/example_dags/example_python_operator.py took 0.209 seconds
[2025-04-09T06:53:36.541+0000] {processor.py:161} INFO - Started process (PID=200) to work on /home/airflow/.local/lib/python3.8/site-packages/airflow/example_dags/example_python_operator.py
[2025-04-09T06:53:36.547+0000] {processor.py:830} INFO - Processing file /home/airflow/.local/lib/python3.8/site-packages/airflow/example_dags/example_python_operator.py for tasks to queue
[2025-04-09T06:53:36.549+0000] {logging_mixin.py:188} INFO - [2025-04-09T06:53:36.549+0000] {dagbag.py:538} INFO - Filling up the DagBag from /home/airflow/.local/lib/python3.8/site-packages/airflow/example_dags/example_python_operator.py
[2025-04-09T06:53:36.560+0000] {processor.py:840} INFO - DAG(s) 'example_python_operator' retrieved from /home/airflow/.local/lib/python3.8/site-packages/airflow/example_dags/example_python_operator.py
[2025-04-09T06:53:36.588+0000] {logging_mixin.py:188} INFO - [2025-04-09T06:53:36.588+0000] {dag.py:3036} INFO - Sync 1 DAGs
[2025-04-09T06:53:36.601+0000] {logging_mixin.py:188} INFO - [2025-04-09T06:53:36.601+0000] {dag.py:3823} INFO - Setting next_dagrun for example_python_operator to None, run_after=None
[2025-04-09T06:53:36.650+0000] {processor.py:183} INFO - Processing /home/airflow/.local/lib/python3.8/site-packages/airflow/example_dags/example_python_operator.py took 0.113 seconds
[2025-04-09T06:54:08.761+0000] {processor.py:161} INFO - Started process (PID=258) to work on /home/airflow/.local/lib/python3.8/site-packages/airflow/example_dags/example_python_operator.py
[2025-04-09T06:54:08.765+0000] {processor.py:830} INFO - Processing file /home/airflow/.local/lib/python3.8/site-packages/airflow/example_dags/example_python_operator.py for tasks to queue
[2025-04-09T06:54:08.769+0000] {logging_mixin.py:188} INFO - [2025-04-09T06:54:08.768+0000] {dagbag.py:538} INFO - Filling up the DagBag from /home/airflow/.local/lib/python3.8/site-packages/airflow/example_dags/example_python_operator.py
[2025-04-09T06:54:08.790+0000] {processor.py:840} INFO - DAG(s) 'example_python_operator' retrieved from /home/airflow/.local/lib/python3.8/site-packages/airflow/example_dags/example_python_operator.py
[2025-04-09T06:54:08.864+0000] {logging_mixin.py:188} INFO - [2025-04-09T06:54:08.863+0000] {dag.py:3036} INFO - Sync 1 DAGs
[2025-04-09T06:54:08.905+0000] {logging_mixin.py:188} INFO - [2025-04-09T06:54:08.905+0000] {dag.py:3823} INFO - Setting next_dagrun for example_python_operator to None, run_after=None
[2025-04-09T06:54:09.130+0000] {processor.py:183} INFO - Processing /home/airflow/.local/lib/python3.8/site-packages/airflow/example_dags/example_python_operator.py took 0.376 seconds
[2025-04-09T06:54:43.009+0000] {processor.py:161} INFO - Started process (PID=316) to work on /home/airflow/.local/lib/python3.8/site-packages/airflow/example_dags/example_python_operator.py
[2025-04-09T06:54:43.010+0000] {processor.py:830} INFO - Processing file /home/airflow/.local/lib/python3.8/site-packages/airflow/example_dags/example_python_operator.py for tasks to queue
[2025-04-09T06:54:43.012+0000] {logging_mixin.py:188} INFO - [2025-04-09T06:54:43.011+0000] {dagbag.py:538} INFO - Filling up the DagBag from /home/airflow/.local/lib/python3.8/site-packages/airflow/example_dags/example_python_operator.py
[2025-04-09T06:54:43.021+0000] {processor.py:840} INFO - DAG(s) 'example_python_operator' retrieved from /home/airflow/.local/lib/python3.8/site-packages/airflow/example_dags/example_python_operator.py
[2025-04-09T06:54:43.043+0000] {logging_mixin.py:188} INFO - [2025-04-09T06:54:43.043+0000] {dag.py:3036} INFO - Sync 1 DAGs
[2025-04-09T06:54:43.055+0000] {logging_mixin.py:188} INFO - [2025-04-09T06:54:43.055+0000] {dag.py:3823} INFO - Setting next_dagrun for example_python_operator to None, run_after=None
[2025-04-09T06:54:43.115+0000] {processor.py:183} INFO - Processing /home/airflow/.local/lib/python3.8/site-packages/airflow/example_dags/example_python_operator.py took 0.108 seconds
[2025-04-09T06:55:16.998+0000] {processor.py:161} INFO - Started process (PID=374) to work on /home/airflow/.local/lib/python3.8/site-packages/airflow/example_dags/example_python_operator.py
[2025-04-09T06:55:17.000+0000] {processor.py:830} INFO - Processing file /home/airflow/.local/lib/python3.8/site-packages/airflow/example_dags/example_python_operator.py for tasks to queue
[2025-04-09T06:55:17.002+0000] {logging_mixin.py:188} INFO - [2025-04-09T06:55:17.002+0000] {dagbag.py:538} INFO - Filling up the DagBag from /home/airflow/.local/lib/python3.8/site-packages/airflow/example_dags/example_python_operator.py
[2025-04-09T06:55:17.013+0000] {processor.py:840} INFO - DAG(s) 'example_python_operator' retrieved from /home/airflow/.local/lib/python3.8/site-packages/airflow/example_dags/example_python_operator.py
[2025-04-09T06:55:17.037+0000] {logging_mixin.py:188} INFO - [2025-04-09T06:55:17.037+0000] {dag.py:3036} INFO - Sync 1 DAGs
[2025-04-09T06:55:17.050+0000] {logging_mixin.py:188} INFO - [2025-04-09T06:55:17.050+0000] {dag.py:3823} INFO - Setting next_dagrun for example_python_operator to None, run_after=None
[2025-04-09T06:55:17.110+0000] {processor.py:183} INFO - Processing /home/airflow/.local/lib/python3.8/site-packages/airflow/example_dags/example_python_operator.py took 0.116 seconds
[2025-04-09T06:55:47.404+0000] {processor.py:161} INFO - Started process (PID=432) to work on /home/airflow/.local/lib/python3.8/site-packages/airflow/example_dags/example_python_operator.py
[2025-04-09T06:55:47.406+0000] {processor.py:830} INFO - Processing file /home/airflow/.local/lib/python3.8/site-packages/airflow/example_dags/example_python_operator.py for tasks to queue
[2025-04-09T06:55:47.407+0000] {logging_mixin.py:188} INFO - [2025-04-09T06:55:47.407+0000] {dagbag.py:538} INFO - Filling up the DagBag from /home/airflow/.local/lib/python3.8/site-packages/airflow/example_dags/example_python_operator.py
[2025-04-09T06:55:47.416+0000] {processor.py:840} INFO - DAG(s) 'example_python_operator' retrieved from /home/airflow/.local/lib/python3.8/site-packages/airflow/example_dags/example_python_operator.py
[2025-04-09T06:55:47.439+0000] {logging_mixin.py:188} INFO - [2025-04-09T06:55:47.439+0000] {dag.py:3036} INFO - Sync 1 DAGs
[2025-04-09T06:55:47.452+0000] {logging_mixin.py:188} INFO - [2025-04-09T06:55:47.451+0000] {dag.py:3823} INFO - Setting next_dagrun for example_python_operator to None, run_after=None
[2025-04-09T06:55:47.510+0000] {processor.py:183} INFO - Processing /home/airflow/.local/lib/python3.8/site-packages/airflow/example_dags/example_python_operator.py took 0.109 seconds
[2025-04-09T06:56:18.377+0000] {processor.py:161} INFO - Started process (PID=490) to work on /home/airflow/.local/lib/python3.8/site-packages/airflow/example_dags/example_python_operator.py
[2025-04-09T06:56:18.378+0000] {processor.py:830} INFO - Processing file /home/airflow/.local/lib/python3.8/site-packages/airflow/example_dags/example_python_operator.py for tasks to queue
[2025-04-09T06:56:18.380+0000] {logging_mixin.py:188} INFO - [2025-04-09T06:56:18.379+0000] {dagbag.py:538} INFO - Filling up the DagBag from /home/airflow/.local/lib/python3.8/site-packages/airflow/example_dags/example_python_operator.py
[2025-04-09T06:56:18.391+0000] {processor.py:840} INFO - DAG(s) 'example_python_operator' retrieved from /home/airflow/.local/lib/python3.8/site-packages/airflow/example_dags/example_python_operator.py
[2025-04-09T06:56:18.418+0000] {logging_mixin.py:188} INFO - [2025-04-09T06:56:18.417+0000] {dag.py:3036} INFO - Sync 1 DAGs
[2025-04-09T06:56:18.431+0000] {logging_mixin.py:188} INFO - [2025-04-09T06:56:18.431+0000] {dag.py:3823} INFO - Setting next_dagrun for example_python_operator to None, run_after=None
[2025-04-09T06:56:18.489+0000] {processor.py:183} INFO - Processing /home/airflow/.local/lib/python3.8/site-packages/airflow/example_dags/example_python_operator.py took 0.115 seconds
[2025-04-09T06:56:49.535+0000] {processor.py:161} INFO - Started process (PID=548) to work on /home/airflow/.local/lib/python3.8/site-packages/airflow/example_dags/example_python_operator.py
[2025-04-09T06:56:49.537+0000] {processor.py:830} INFO - Processing file /home/airflow/.local/lib/python3.8/site-packages/airflow/example_dags/example_python_operator.py for tasks to queue
[2025-04-09T06:56:49.540+0000] {logging_mixin.py:188} INFO - [2025-04-09T06:56:49.539+0000] {dagbag.py:538} INFO - Filling up the DagBag from /home/airflow/.local/lib/python3.8/site-packages/airflow/example_dags/example_python_operator.py
[2025-04-09T06:56:49.556+0000] {processor.py:840} INFO - DAG(s) 'example_python_operator' retrieved from /home/airflow/.local/lib/python3.8/site-packages/airflow/example_dags/example_python_operator.py
[2025-04-09T06:56:49.591+0000] {logging_mixin.py:188} INFO - [2025-04-09T06:56:49.591+0000] {dag.py:3036} INFO - Sync 1 DAGs
[2025-04-09T06:56:49.616+0000] {logging_mixin.py:188} INFO - [2025-04-09T06:56:49.616+0000] {dag.py:3823} INFO - Setting next_dagrun for example_python_operator to None, run_after=None
[2025-04-09T06:56:49.723+0000] {processor.py:183} INFO - Processing /home/airflow/.local/lib/python3.8/site-packages/airflow/example_dags/example_python_operator.py took 0.192 seconds
[2025-04-09T06:57:24.633+0000] {processor.py:161} INFO - Started process (PID=76) to work on /home/airflow/.local/lib/python3.8/site-packages/airflow/example_dags/example_python_operator.py
[2025-04-09T06:57:24.635+0000] {processor.py:830} INFO - Processing file /home/airflow/.local/lib/python3.8/site-packages/airflow/example_dags/example_python_operator.py for tasks to queue
[2025-04-09T06:57:24.636+0000] {logging_mixin.py:188} INFO - [2025-04-09T06:57:24.636+0000] {dagbag.py:538} INFO - Filling up the DagBag from /home/airflow/.local/lib/python3.8/site-packages/airflow/example_dags/example_python_operator.py
[2025-04-09T06:57:24.646+0000] {processor.py:840} INFO - DAG(s) 'example_python_operator' retrieved from /home/airflow/.local/lib/python3.8/site-packages/airflow/example_dags/example_python_operator.py
[2025-04-09T06:57:24.745+0000] {logging_mixin.py:188} INFO - [2025-04-09T06:57:24.745+0000] {dag.py:3036} INFO - Sync 1 DAGs
[2025-04-09T06:57:24.755+0000] {logging_mixin.py:188} INFO - [2025-04-09T06:57:24.755+0000] {dag.py:3823} INFO - Setting next_dagrun for example_python_operator to None, run_after=None
[2025-04-09T06:57:24.876+0000] {processor.py:183} INFO - Processing /home/airflow/.local/lib/python3.8/site-packages/airflow/example_dags/example_python_operator.py took 0.246 seconds
[2025-04-09T06:57:55.009+0000] {processor.py:161} INFO - Started process (PID=128) to work on /home/airflow/.local/lib/python3.8/site-packages/airflow/example_dags/example_python_operator.py
[2025-04-09T06:57:55.011+0000] {processor.py:830} INFO - Processing file /home/airflow/.local/lib/python3.8/site-packages/airflow/example_dags/example_python_operator.py for tasks to queue
[2025-04-09T06:57:55.013+0000] {logging_mixin.py:188} INFO - [2025-04-09T06:57:55.013+0000] {dagbag.py:538} INFO - Filling up the DagBag from /home/airflow/.local/lib/python3.8/site-packages/airflow/example_dags/example_python_operator.py
[2025-04-09T06:57:55.024+0000] {processor.py:840} INFO - DAG(s) 'example_python_operator' retrieved from /home/airflow/.local/lib/python3.8/site-packages/airflow/example_dags/example_python_operator.py
[2025-04-09T06:57:55.053+0000] {logging_mixin.py:188} INFO - [2025-04-09T06:57:55.053+0000] {dag.py:3036} INFO - Sync 1 DAGs
[2025-04-09T06:57:55.066+0000] {logging_mixin.py:188} INFO - [2025-04-09T06:57:55.066+0000] {dag.py:3823} INFO - Setting next_dagrun for example_python_operator to None, run_after=None
[2025-04-09T06:57:55.116+0000] {processor.py:183} INFO - Processing /home/airflow/.local/lib/python3.8/site-packages/airflow/example_dags/example_python_operator.py took 0.111 seconds
[2025-04-09T06:58:25.231+0000] {processor.py:161} INFO - Started process (PID=186) to work on /home/airflow/.local/lib/python3.8/site-packages/airflow/example_dags/example_python_operator.py
[2025-04-09T06:58:25.232+0000] {processor.py:830} INFO - Processing file /home/airflow/.local/lib/python3.8/site-packages/airflow/example_dags/example_python_operator.py for tasks to queue
[2025-04-09T06:58:25.233+0000] {logging_mixin.py:188} INFO - [2025-04-09T06:58:25.233+0000] {dagbag.py:538} INFO - Filling up the DagBag from /home/airflow/.local/lib/python3.8/site-packages/airflow/example_dags/example_python_operator.py
[2025-04-09T06:58:25.243+0000] {processor.py:840} INFO - DAG(s) 'example_python_operator' retrieved from /home/airflow/.local/lib/python3.8/site-packages/airflow/example_dags/example_python_operator.py
[2025-04-09T06:58:25.263+0000] {logging_mixin.py:188} INFO - [2025-04-09T06:58:25.262+0000] {dag.py:3036} INFO - Sync 1 DAGs
[2025-04-09T06:58:25.274+0000] {logging_mixin.py:188} INFO - [2025-04-09T06:58:25.274+0000] {dag.py:3823} INFO - Setting next_dagrun for example_python_operator to None, run_after=None
[2025-04-09T06:58:25.331+0000] {processor.py:183} INFO - Processing /home/airflow/.local/lib/python3.8/site-packages/airflow/example_dags/example_python_operator.py took 0.103 seconds
[2025-04-09T06:58:55.498+0000] {processor.py:161} INFO - Started process (PID=253) to work on /home/airflow/.local/lib/python3.8/site-packages/airflow/example_dags/example_python_operator.py
[2025-04-09T06:58:55.498+0000] {processor.py:830} INFO - Processing file /home/airflow/.local/lib/python3.8/site-packages/airflow/example_dags/example_python_operator.py for tasks to queue
[2025-04-09T06:58:55.500+0000] {logging_mixin.py:188} INFO - [2025-04-09T06:58:55.500+0000] {dagbag.py:538} INFO - Filling up the DagBag from /home/airflow/.local/lib/python3.8/site-packages/airflow/example_dags/example_python_operator.py
[2025-04-09T06:58:55.509+0000] {processor.py:840} INFO - DAG(s) 'example_python_operator' retrieved from /home/airflow/.local/lib/python3.8/site-packages/airflow/example_dags/example_python_operator.py
[2025-04-09T06:58:55.532+0000] {logging_mixin.py:188} INFO - [2025-04-09T06:58:55.531+0000] {dag.py:3036} INFO - Sync 1 DAGs
[2025-04-09T06:58:55.543+0000] {logging_mixin.py:188} INFO - [2025-04-09T06:58:55.542+0000] {dag.py:3823} INFO - Setting next_dagrun for example_python_operator to None, run_after=None
[2025-04-09T06:58:55.605+0000] {processor.py:183} INFO - Processing /home/airflow/.local/lib/python3.8/site-packages/airflow/example_dags/example_python_operator.py took 0.111 seconds
[2025-04-09T06:59:29.036+0000] {processor.py:161} INFO - Started process (PID=311) to work on /home/airflow/.local/lib/python3.8/site-packages/airflow/example_dags/example_python_operator.py
[2025-04-09T06:59:29.037+0000] {processor.py:830} INFO - Processing file /home/airflow/.local/lib/python3.8/site-packages/airflow/example_dags/example_python_operator.py for tasks to queue
[2025-04-09T06:59:29.039+0000] {logging_mixin.py:188} INFO - [2025-04-09T06:59:29.039+0000] {dagbag.py:538} INFO - Filling up the DagBag from /home/airflow/.local/lib/python3.8/site-packages/airflow/example_dags/example_python_operator.py
[2025-04-09T06:59:29.050+0000] {processor.py:840} INFO - DAG(s) 'example_python_operator' retrieved from /home/airflow/.local/lib/python3.8/site-packages/airflow/example_dags/example_python_operator.py
[2025-04-09T06:59:29.072+0000] {logging_mixin.py:188} INFO - [2025-04-09T06:59:29.072+0000] {dag.py:3036} INFO - Sync 1 DAGs
[2025-04-09T06:59:29.084+0000] {logging_mixin.py:188} INFO - [2025-04-09T06:59:29.084+0000] {dag.py:3823} INFO - Setting next_dagrun for example_python_operator to None, run_after=None
[2025-04-09T06:59:29.135+0000] {processor.py:183} INFO - Processing /home/airflow/.local/lib/python3.8/site-packages/airflow/example_dags/example_python_operator.py took 0.101 seconds
[2025-04-09T06:59:59.756+0000] {processor.py:161} INFO - Started process (PID=369) to work on /home/airflow/.local/lib/python3.8/site-packages/airflow/example_dags/example_python_operator.py
[2025-04-09T06:59:59.757+0000] {processor.py:830} INFO - Processing file /home/airflow/.local/lib/python3.8/site-packages/airflow/example_dags/example_python_operator.py for tasks to queue
[2025-04-09T06:59:59.758+0000] {logging_mixin.py:188} INFO - [2025-04-09T06:59:59.758+0000] {dagbag.py:538} INFO - Filling up the DagBag from /home/airflow/.local/lib/python3.8/site-packages/airflow/example_dags/example_python_operator.py
[2025-04-09T06:59:59.770+0000] {processor.py:840} INFO - DAG(s) 'example_python_operator' retrieved from /home/airflow/.local/lib/python3.8/site-packages/airflow/example_dags/example_python_operator.py
[2025-04-09T06:59:59.795+0000] {logging_mixin.py:188} INFO - [2025-04-09T06:59:59.795+0000] {dag.py:3036} INFO - Sync 1 DAGs
[2025-04-09T06:59:59.808+0000] {logging_mixin.py:188} INFO - [2025-04-09T06:59:59.808+0000] {dag.py:3823} INFO - Setting next_dagrun for example_python_operator to None, run_after=None
[2025-04-09T07:00:03.452+0000] {processor.py:183} INFO - Processing /home/airflow/.local/lib/python3.8/site-packages/airflow/example_dags/example_python_operator.py took 0.116 seconds
[2025-04-09T07:00:34.222+0000] {processor.py:161} INFO - Started process (PID=427) to work on /home/airflow/.local/lib/python3.8/site-packages/airflow/example_dags/example_python_operator.py
[2025-04-09T07:00:34.245+0000] {processor.py:830} INFO - Processing file /home/airflow/.local/lib/python3.8/site-packages/airflow/example_dags/example_python_operator.py for tasks to queue
[2025-04-09T07:00:34.247+0000] {logging_mixin.py:188} INFO - [2025-04-09T07:00:34.247+0000] {dagbag.py:538} INFO - Filling up the DagBag from /home/airflow/.local/lib/python3.8/site-packages/airflow/example_dags/example_python_operator.py
[2025-04-09T07:00:34.256+0000] {processor.py:840} INFO - DAG(s) 'example_python_operator' retrieved from /home/airflow/.local/lib/python3.8/site-packages/airflow/example_dags/example_python_operator.py
[2025-04-09T07:00:34.279+0000] {logging_mixin.py:188} INFO - [2025-04-09T07:00:34.279+0000] {dag.py:3036} INFO - Sync 1 DAGs
[2025-04-09T07:00:34.292+0000] {logging_mixin.py:188} INFO - [2025-04-09T07:00:34.292+0000] {dag.py:3823} INFO - Setting next_dagrun for example_python_operator to None, run_after=None
[2025-04-09T07:00:34.333+0000] {processor.py:183} INFO - Processing /home/airflow/.local/lib/python3.8/site-packages/airflow/example_dags/example_python_operator.py took 0.114 seconds
[2025-04-09T07:01:04.748+0000] {processor.py:161} INFO - Started process (PID=485) to work on /home/airflow/.local/lib/python3.8/site-packages/airflow/example_dags/example_python_operator.py
[2025-04-09T07:01:04.762+0000] {processor.py:830} INFO - Processing file /home/airflow/.local/lib/python3.8/site-packages/airflow/example_dags/example_python_operator.py for tasks to queue
[2025-04-09T07:01:04.764+0000] {logging_mixin.py:188} INFO - [2025-04-09T07:01:04.764+0000] {dagbag.py:538} INFO - Filling up the DagBag from /home/airflow/.local/lib/python3.8/site-packages/airflow/example_dags/example_python_operator.py
[2025-04-09T07:01:04.774+0000] {processor.py:840} INFO - DAG(s) 'example_python_operator' retrieved from /home/airflow/.local/lib/python3.8/site-packages/airflow/example_dags/example_python_operator.py
[2025-04-09T07:01:04.798+0000] {logging_mixin.py:188} INFO - [2025-04-09T07:01:04.798+0000] {dag.py:3036} INFO - Sync 1 DAGs
[2025-04-09T07:01:04.812+0000] {logging_mixin.py:188} INFO - [2025-04-09T07:01:04.812+0000] {dag.py:3823} INFO - Setting next_dagrun for example_python_operator to None, run_after=None
[2025-04-09T07:01:04.867+0000] {processor.py:183} INFO - Processing /home/airflow/.local/lib/python3.8/site-packages/airflow/example_dags/example_python_operator.py took 0.123 seconds
[2025-04-09T07:01:35.152+0000] {processor.py:161} INFO - Started process (PID=544) to work on /home/airflow/.local/lib/python3.8/site-packages/airflow/example_dags/example_python_operator.py
[2025-04-09T07:01:35.171+0000] {processor.py:830} INFO - Processing file /home/airflow/.local/lib/python3.8/site-packages/airflow/example_dags/example_python_operator.py for tasks to queue
[2025-04-09T07:01:35.173+0000] {logging_mixin.py:188} INFO - [2025-04-09T07:01:35.173+0000] {dagbag.py:538} INFO - Filling up the DagBag from /home/airflow/.local/lib/python3.8/site-packages/airflow/example_dags/example_python_operator.py
[2025-04-09T07:01:35.183+0000] {processor.py:840} INFO - DAG(s) 'example_python_operator' retrieved from /home/airflow/.local/lib/python3.8/site-packages/airflow/example_dags/example_python_operator.py
[2025-04-09T07:01:35.210+0000] {logging_mixin.py:188} INFO - [2025-04-09T07:01:35.209+0000] {dag.py:3036} INFO - Sync 1 DAGs
[2025-04-09T07:01:35.225+0000] {logging_mixin.py:188} INFO - [2025-04-09T07:01:35.225+0000] {dag.py:3823} INFO - Setting next_dagrun for example_python_operator to None, run_after=None
[2025-04-09T07:01:35.298+0000] {processor.py:183} INFO - Processing /home/airflow/.local/lib/python3.8/site-packages/airflow/example_dags/example_python_operator.py took 0.149 seconds
[2025-04-09T07:02:05.536+0000] {processor.py:161} INFO - Started process (PID=602) to work on /home/airflow/.local/lib/python3.8/site-packages/airflow/example_dags/example_python_operator.py
[2025-04-09T07:02:05.538+0000] {processor.py:830} INFO - Processing file /home/airflow/.local/lib/python3.8/site-packages/airflow/example_dags/example_python_operator.py for tasks to queue
[2025-04-09T07:02:05.540+0000] {logging_mixin.py:188} INFO - [2025-04-09T07:02:05.540+0000] {dagbag.py:538} INFO - Filling up the DagBag from /home/airflow/.local/lib/python3.8/site-packages/airflow/example_dags/example_python_operator.py
[2025-04-09T07:02:05.551+0000] {processor.py:840} INFO - DAG(s) 'example_python_operator' retrieved from /home/airflow/.local/lib/python3.8/site-packages/airflow/example_dags/example_python_operator.py
[2025-04-09T07:02:05.575+0000] {logging_mixin.py:188} INFO - [2025-04-09T07:02:05.575+0000] {dag.py:3036} INFO - Sync 1 DAGs
[2025-04-09T07:02:05.589+0000] {logging_mixin.py:188} INFO - [2025-04-09T07:02:05.589+0000] {dag.py:3823} INFO - Setting next_dagrun for example_python_operator to None, run_after=None
[2025-04-09T07:02:05.637+0000] {processor.py:183} INFO - Processing /home/airflow/.local/lib/python3.8/site-packages/airflow/example_dags/example_python_operator.py took 0.104 seconds
[2025-04-09T07:02:36.447+0000] {processor.py:161} INFO - Started process (PID=660) to work on /home/airflow/.local/lib/python3.8/site-packages/airflow/example_dags/example_python_operator.py
[2025-04-09T07:02:36.448+0000] {processor.py:830} INFO - Processing file /home/airflow/.local/lib/python3.8/site-packages/airflow/example_dags/example_python_operator.py for tasks to queue
[2025-04-09T07:02:36.451+0000] {logging_mixin.py:188} INFO - [2025-04-09T07:02:36.450+0000] {dagbag.py:538} INFO - Filling up the DagBag from /home/airflow/.local/lib/python3.8/site-packages/airflow/example_dags/example_python_operator.py
[2025-04-09T07:02:36.466+0000] {processor.py:840} INFO - DAG(s) 'example_python_operator' retrieved from /home/airflow/.local/lib/python3.8/site-packages/airflow/example_dags/example_python_operator.py
[2025-04-09T07:02:36.491+0000] {logging_mixin.py:188} INFO - [2025-04-09T07:02:36.491+0000] {dag.py:3036} INFO - Sync 1 DAGs
[2025-04-09T07:02:36.504+0000] {logging_mixin.py:188} INFO - [2025-04-09T07:02:36.504+0000] {dag.py:3823} INFO - Setting next_dagrun for example_python_operator to None, run_after=None
[2025-04-09T07:02:36.554+0000] {processor.py:183} INFO - Processing /home/airflow/.local/lib/python3.8/site-packages/airflow/example_dags/example_python_operator.py took 0.111 seconds
[2025-04-09T07:03:07.123+0000] {processor.py:161} INFO - Started process (PID=718) to work on /home/airflow/.local/lib/python3.8/site-packages/airflow/example_dags/example_python_operator.py
[2025-04-09T07:03:07.125+0000] {processor.py:830} INFO - Processing file /home/airflow/.local/lib/python3.8/site-packages/airflow/example_dags/example_python_operator.py for tasks to queue
[2025-04-09T07:03:07.126+0000] {logging_mixin.py:188} INFO - [2025-04-09T07:03:07.126+0000] {dagbag.py:538} INFO - Filling up the DagBag from /home/airflow/.local/lib/python3.8/site-packages/airflow/example_dags/example_python_operator.py
[2025-04-09T07:03:07.137+0000] {processor.py:840} INFO - DAG(s) 'example_python_operator' retrieved from /home/airflow/.local/lib/python3.8/site-packages/airflow/example_dags/example_python_operator.py
[2025-04-09T07:03:07.163+0000] {logging_mixin.py:188} INFO - [2025-04-09T07:03:07.162+0000] {dag.py:3036} INFO - Sync 1 DAGs
[2025-04-09T07:03:07.176+0000] {logging_mixin.py:188} INFO - [2025-04-09T07:03:07.176+0000] {dag.py:3823} INFO - Setting next_dagrun for example_python_operator to None, run_after=None
[2025-04-09T07:03:07.222+0000] {processor.py:183} INFO - Processing /home/airflow/.local/lib/python3.8/site-packages/airflow/example_dags/example_python_operator.py took 0.102 seconds
[2025-04-09T07:03:39.333+0000] {processor.py:161} INFO - Started process (PID=776) to work on /home/airflow/.local/lib/python3.8/site-packages/airflow/example_dags/example_python_operator.py
[2025-04-09T07:03:39.334+0000] {processor.py:830} INFO - Processing file /home/airflow/.local/lib/python3.8/site-packages/airflow/example_dags/example_python_operator.py for tasks to queue
[2025-04-09T07:03:39.336+0000] {logging_mixin.py:188} INFO - [2025-04-09T07:03:39.336+0000] {dagbag.py:538} INFO - Filling up the DagBag from /home/airflow/.local/lib/python3.8/site-packages/airflow/example_dags/example_python_operator.py
[2025-04-09T07:03:39.345+0000] {processor.py:840} INFO - DAG(s) 'example_python_operator' retrieved from /home/airflow/.local/lib/python3.8/site-packages/airflow/example_dags/example_python_operator.py
[2025-04-09T07:03:39.368+0000] {logging_mixin.py:188} INFO - [2025-04-09T07:03:39.367+0000] {dag.py:3036} INFO - Sync 1 DAGs
[2025-04-09T07:03:39.380+0000] {logging_mixin.py:188} INFO - [2025-04-09T07:03:39.379+0000] {dag.py:3823} INFO - Setting next_dagrun for example_python_operator to None, run_after=None
[2025-04-09T07:03:39.432+0000] {processor.py:183} INFO - Processing /home/airflow/.local/lib/python3.8/site-packages/airflow/example_dags/example_python_operator.py took 0.103 seconds
[2025-04-09T07:04:10.223+0000] {processor.py:161} INFO - Started process (PID=835) to work on /home/airflow/.local/lib/python3.8/site-packages/airflow/example_dags/example_python_operator.py
[2025-04-09T07:04:10.426+0000] {processor.py:830} INFO - Processing file /home/airflow/.local/lib/python3.8/site-packages/airflow/example_dags/example_python_operator.py for tasks to queue
[2025-04-09T07:04:10.428+0000] {logging_mixin.py:188} INFO - [2025-04-09T07:04:10.428+0000] {dagbag.py:538} INFO - Filling up the DagBag from /home/airflow/.local/lib/python3.8/site-packages/airflow/example_dags/example_python_operator.py
[2025-04-09T07:04:10.441+0000] {processor.py:840} INFO - DAG(s) 'example_python_operator' retrieved from /home/airflow/.local/lib/python3.8/site-packages/airflow/example_dags/example_python_operator.py
[2025-04-09T07:04:10.469+0000] {logging_mixin.py:188} INFO - [2025-04-09T07:04:10.469+0000] {dag.py:3036} INFO - Sync 1 DAGs
[2025-04-09T07:04:10.483+0000] {logging_mixin.py:188} INFO - [2025-04-09T07:04:10.482+0000] {dag.py:3823} INFO - Setting next_dagrun for example_python_operator to None, run_after=None
[2025-04-09T07:04:10.564+0000] {processor.py:183} INFO - Processing /home/airflow/.local/lib/python3.8/site-packages/airflow/example_dags/example_python_operator.py took 0.343 seconds
[2025-04-09T07:04:40.647+0000] {processor.py:161} INFO - Started process (PID=893) to work on /home/airflow/.local/lib/python3.8/site-packages/airflow/example_dags/example_python_operator.py
[2025-04-09T07:04:40.648+0000] {processor.py:830} INFO - Processing file /home/airflow/.local/lib/python3.8/site-packages/airflow/example_dags/example_python_operator.py for tasks to queue
[2025-04-09T07:04:40.650+0000] {logging_mixin.py:188} INFO - [2025-04-09T07:04:40.650+0000] {dagbag.py:538} INFO - Filling up the DagBag from /home/airflow/.local/lib/python3.8/site-packages/airflow/example_dags/example_python_operator.py
[2025-04-09T07:04:40.662+0000] {processor.py:840} INFO - DAG(s) 'example_python_operator' retrieved from /home/airflow/.local/lib/python3.8/site-packages/airflow/example_dags/example_python_operator.py
[2025-04-09T07:04:40.688+0000] {logging_mixin.py:188} INFO - [2025-04-09T07:04:40.687+0000] {dag.py:3036} INFO - Sync 1 DAGs
[2025-04-09T07:04:40.699+0000] {logging_mixin.py:188} INFO - [2025-04-09T07:04:40.699+0000] {dag.py:3823} INFO - Setting next_dagrun for example_python_operator to None, run_after=None
[2025-04-09T07:04:40.810+0000] {processor.py:183} INFO - Processing /home/airflow/.local/lib/python3.8/site-packages/airflow/example_dags/example_python_operator.py took 0.167 seconds
[2025-04-09T07:05:11.211+0000] {processor.py:161} INFO - Started process (PID=951) to work on /home/airflow/.local/lib/python3.8/site-packages/airflow/example_dags/example_python_operator.py
[2025-04-09T07:05:11.212+0000] {processor.py:830} INFO - Processing file /home/airflow/.local/lib/python3.8/site-packages/airflow/example_dags/example_python_operator.py for tasks to queue
[2025-04-09T07:05:11.214+0000] {logging_mixin.py:188} INFO - [2025-04-09T07:05:11.214+0000] {dagbag.py:538} INFO - Filling up the DagBag from /home/airflow/.local/lib/python3.8/site-packages/airflow/example_dags/example_python_operator.py
[2025-04-09T07:05:11.226+0000] {processor.py:840} INFO - DAG(s) 'example_python_operator' retrieved from /home/airflow/.local/lib/python3.8/site-packages/airflow/example_dags/example_python_operator.py
[2025-04-09T07:05:11.250+0000] {logging_mixin.py:188} INFO - [2025-04-09T07:05:11.249+0000] {dag.py:3036} INFO - Sync 1 DAGs
[2025-04-09T07:05:11.267+0000] {logging_mixin.py:188} INFO - [2025-04-09T07:05:11.267+0000] {dag.py:3823} INFO - Setting next_dagrun for example_python_operator to None, run_after=None
[2025-04-09T07:05:11.337+0000] {processor.py:183} INFO - Processing /home/airflow/.local/lib/python3.8/site-packages/airflow/example_dags/example_python_operator.py took 0.129 seconds
[2025-04-09T07:05:41.656+0000] {processor.py:161} INFO - Started process (PID=1003) to work on /home/airflow/.local/lib/python3.8/site-packages/airflow/example_dags/example_python_operator.py
[2025-04-09T07:05:41.673+0000] {processor.py:830} INFO - Processing file /home/airflow/.local/lib/python3.8/site-packages/airflow/example_dags/example_python_operator.py for tasks to queue
[2025-04-09T07:05:41.676+0000] {logging_mixin.py:188} INFO - [2025-04-09T07:05:41.675+0000] {dagbag.py:538} INFO - Filling up the DagBag from /home/airflow/.local/lib/python3.8/site-packages/airflow/example_dags/example_python_operator.py
[2025-04-09T07:05:41.687+0000] {processor.py:840} INFO - DAG(s) 'example_python_operator' retrieved from /home/airflow/.local/lib/python3.8/site-packages/airflow/example_dags/example_python_operator.py
[2025-04-09T07:05:41.714+0000] {logging_mixin.py:188} INFO - [2025-04-09T07:05:41.713+0000] {dag.py:3036} INFO - Sync 1 DAGs
[2025-04-09T07:05:41.729+0000] {logging_mixin.py:188} INFO - [2025-04-09T07:05:41.729+0000] {dag.py:3823} INFO - Setting next_dagrun for example_python_operator to None, run_after=None
[2025-04-09T07:05:41.802+0000] {processor.py:183} INFO - Processing /home/airflow/.local/lib/python3.8/site-packages/airflow/example_dags/example_python_operator.py took 0.150 seconds
[2025-04-09T07:06:12.172+0000] {processor.py:161} INFO - Started process (PID=1061) to work on /home/airflow/.local/lib/python3.8/site-packages/airflow/example_dags/example_python_operator.py
[2025-04-09T07:06:12.181+0000] {processor.py:830} INFO - Processing file /home/airflow/.local/lib/python3.8/site-packages/airflow/example_dags/example_python_operator.py for tasks to queue
[2025-04-09T07:06:12.183+0000] {logging_mixin.py:188} INFO - [2025-04-09T07:06:12.183+0000] {dagbag.py:538} INFO - Filling up the DagBag from /home/airflow/.local/lib/python3.8/site-packages/airflow/example_dags/example_python_operator.py
[2025-04-09T07:06:12.194+0000] {processor.py:840} INFO - DAG(s) 'example_python_operator' retrieved from /home/airflow/.local/lib/python3.8/site-packages/airflow/example_dags/example_python_operator.py
[2025-04-09T07:06:12.221+0000] {logging_mixin.py:188} INFO - [2025-04-09T07:06:12.221+0000] {dag.py:3036} INFO - Sync 1 DAGs
[2025-04-09T07:06:12.233+0000] {logging_mixin.py:188} INFO - [2025-04-09T07:06:12.233+0000] {dag.py:3823} INFO - Setting next_dagrun for example_python_operator to None, run_after=None
[2025-04-09T07:06:12.291+0000] {processor.py:183} INFO - Processing /home/airflow/.local/lib/python3.8/site-packages/airflow/example_dags/example_python_operator.py took 0.121 seconds
[2025-04-09T07:10:00.047+0000] {processor.py:161} INFO - Started process (PID=95) to work on /home/airflow/.local/lib/python3.8/site-packages/airflow/example_dags/example_python_operator.py
[2025-04-09T07:10:00.060+0000] {processor.py:830} INFO - Processing file /home/airflow/.local/lib/python3.8/site-packages/airflow/example_dags/example_python_operator.py for tasks to queue
[2025-04-09T07:10:00.063+0000] {logging_mixin.py:188} INFO - [2025-04-09T07:10:00.062+0000] {dagbag.py:538} INFO - Filling up the DagBag from /home/airflow/.local/lib/python3.8/site-packages/airflow/example_dags/example_python_operator.py
[2025-04-09T07:10:00.078+0000] {processor.py:840} INFO - DAG(s) 'example_python_operator' retrieved from /home/airflow/.local/lib/python3.8/site-packages/airflow/example_dags/example_python_operator.py
[2025-04-09T07:10:00.240+0000] {logging_mixin.py:188} INFO - [2025-04-09T07:10:00.240+0000] {dag.py:3036} INFO - Sync 1 DAGs
[2025-04-09T07:10:00.256+0000] {logging_mixin.py:188} INFO - [2025-04-09T07:10:00.256+0000] {dag.py:3823} INFO - Setting next_dagrun for example_python_operator to None, run_after=None
[2025-04-09T07:10:00.328+0000] {processor.py:183} INFO - Processing /home/airflow/.local/lib/python3.8/site-packages/airflow/example_dags/example_python_operator.py took 0.286 seconds
[2025-04-09T07:10:31.269+0000] {processor.py:161} INFO - Started process (PID=153) to work on /home/airflow/.local/lib/python3.8/site-packages/airflow/example_dags/example_python_operator.py
[2025-04-09T07:10:31.270+0000] {processor.py:830} INFO - Processing file /home/airflow/.local/lib/python3.8/site-packages/airflow/example_dags/example_python_operator.py for tasks to queue
[2025-04-09T07:10:31.272+0000] {logging_mixin.py:188} INFO - [2025-04-09T07:10:31.271+0000] {dagbag.py:538} INFO - Filling up the DagBag from /home/airflow/.local/lib/python3.8/site-packages/airflow/example_dags/example_python_operator.py
[2025-04-09T07:10:31.290+0000] {processor.py:840} INFO - DAG(s) 'example_python_operator' retrieved from /home/airflow/.local/lib/python3.8/site-packages/airflow/example_dags/example_python_operator.py
[2025-04-09T07:10:31.328+0000] {logging_mixin.py:188} INFO - [2025-04-09T07:10:31.328+0000] {dag.py:3036} INFO - Sync 1 DAGs
[2025-04-09T07:10:31.345+0000] {logging_mixin.py:188} INFO - [2025-04-09T07:10:31.344+0000] {dag.py:3823} INFO - Setting next_dagrun for example_python_operator to None, run_after=None
[2025-04-09T07:10:31.421+0000] {processor.py:183} INFO - Processing /home/airflow/.local/lib/python3.8/site-packages/airflow/example_dags/example_python_operator.py took 0.157 seconds
[2025-04-09T07:11:01.876+0000] {processor.py:161} INFO - Started process (PID=205) to work on /home/airflow/.local/lib/python3.8/site-packages/airflow/example_dags/example_python_operator.py
[2025-04-09T07:11:01.877+0000] {processor.py:830} INFO - Processing file /home/airflow/.local/lib/python3.8/site-packages/airflow/example_dags/example_python_operator.py for tasks to queue
[2025-04-09T07:11:01.879+0000] {logging_mixin.py:188} INFO - [2025-04-09T07:11:01.879+0000] {dagbag.py:538} INFO - Filling up the DagBag from /home/airflow/.local/lib/python3.8/site-packages/airflow/example_dags/example_python_operator.py
[2025-04-09T07:11:01.893+0000] {processor.py:840} INFO - DAG(s) 'example_python_operator' retrieved from /home/airflow/.local/lib/python3.8/site-packages/airflow/example_dags/example_python_operator.py
[2025-04-09T07:11:01.925+0000] {logging_mixin.py:188} INFO - [2025-04-09T07:11:01.925+0000] {dag.py:3036} INFO - Sync 1 DAGs
[2025-04-09T07:11:01.943+0000] {logging_mixin.py:188} INFO - [2025-04-09T07:11:01.943+0000] {dag.py:3823} INFO - Setting next_dagrun for example_python_operator to None, run_after=None
[2025-04-09T07:11:01.998+0000] {processor.py:183} INFO - Processing /home/airflow/.local/lib/python3.8/site-packages/airflow/example_dags/example_python_operator.py took 0.127 seconds
[2025-04-09T07:11:32.049+0000] {processor.py:161} INFO - Started process (PID=272) to work on /home/airflow/.local/lib/python3.8/site-packages/airflow/example_dags/example_python_operator.py
[2025-04-09T07:11:32.050+0000] {processor.py:830} INFO - Processing file /home/airflow/.local/lib/python3.8/site-packages/airflow/example_dags/example_python_operator.py for tasks to queue
[2025-04-09T07:11:32.051+0000] {logging_mixin.py:188} INFO - [2025-04-09T07:11:32.051+0000] {dagbag.py:538} INFO - Filling up the DagBag from /home/airflow/.local/lib/python3.8/site-packages/airflow/example_dags/example_python_operator.py
[2025-04-09T07:11:32.066+0000] {processor.py:840} INFO - DAG(s) 'example_python_operator' retrieved from /home/airflow/.local/lib/python3.8/site-packages/airflow/example_dags/example_python_operator.py
[2025-04-09T07:11:32.094+0000] {logging_mixin.py:188} INFO - [2025-04-09T07:11:32.093+0000] {dag.py:3036} INFO - Sync 1 DAGs
[2025-04-09T07:11:32.110+0000] {logging_mixin.py:188} INFO - [2025-04-09T07:11:32.110+0000] {dag.py:3823} INFO - Setting next_dagrun for example_python_operator to None, run_after=None
[2025-04-09T07:11:32.185+0000] {processor.py:183} INFO - Processing /home/airflow/.local/lib/python3.8/site-packages/airflow/example_dags/example_python_operator.py took 0.140 seconds
[2025-04-09T07:12:03.130+0000] {processor.py:161} INFO - Started process (PID=330) to work on /home/airflow/.local/lib/python3.8/site-packages/airflow/example_dags/example_python_operator.py
[2025-04-09T07:12:03.131+0000] {processor.py:830} INFO - Processing file /home/airflow/.local/lib/python3.8/site-packages/airflow/example_dags/example_python_operator.py for tasks to queue
[2025-04-09T07:12:03.132+0000] {logging_mixin.py:188} INFO - [2025-04-09T07:12:03.132+0000] {dagbag.py:538} INFO - Filling up the DagBag from /home/airflow/.local/lib/python3.8/site-packages/airflow/example_dags/example_python_operator.py
[2025-04-09T07:12:03.142+0000] {processor.py:840} INFO - DAG(s) 'example_python_operator' retrieved from /home/airflow/.local/lib/python3.8/site-packages/airflow/example_dags/example_python_operator.py
[2025-04-09T07:12:03.167+0000] {logging_mixin.py:188} INFO - [2025-04-09T07:12:03.167+0000] {dag.py:3036} INFO - Sync 1 DAGs
[2025-04-09T07:12:03.179+0000] {logging_mixin.py:188} INFO - [2025-04-09T07:12:03.179+0000] {dag.py:3823} INFO - Setting next_dagrun for example_python_operator to None, run_after=None
[2025-04-09T07:12:03.246+0000] {processor.py:183} INFO - Processing /home/airflow/.local/lib/python3.8/site-packages/airflow/example_dags/example_python_operator.py took 0.119 seconds
[2025-04-09T07:12:36.979+0000] {processor.py:161} INFO - Started process (PID=388) to work on /home/airflow/.local/lib/python3.8/site-packages/airflow/example_dags/example_python_operator.py
[2025-04-09T07:12:36.981+0000] {processor.py:830} INFO - Processing file /home/airflow/.local/lib/python3.8/site-packages/airflow/example_dags/example_python_operator.py for tasks to queue
[2025-04-09T07:12:36.982+0000] {logging_mixin.py:188} INFO - [2025-04-09T07:12:36.982+0000] {dagbag.py:538} INFO - Filling up the DagBag from /home/airflow/.local/lib/python3.8/site-packages/airflow/example_dags/example_python_operator.py
[2025-04-09T07:12:36.993+0000] {processor.py:840} INFO - DAG(s) 'example_python_operator' retrieved from /home/airflow/.local/lib/python3.8/site-packages/airflow/example_dags/example_python_operator.py
[2025-04-09T07:12:37.018+0000] {logging_mixin.py:188} INFO - [2025-04-09T07:12:37.017+0000] {dag.py:3036} INFO - Sync 1 DAGs
[2025-04-09T07:12:37.029+0000] {logging_mixin.py:188} INFO - [2025-04-09T07:12:37.029+0000] {dag.py:3823} INFO - Setting next_dagrun for example_python_operator to None, run_after=None
[2025-04-09T07:12:37.100+0000] {processor.py:183} INFO - Processing /home/airflow/.local/lib/python3.8/site-packages/airflow/example_dags/example_python_operator.py took 0.124 seconds
[2025-04-09T07:13:11.805+0000] {processor.py:161} INFO - Started process (PID=446) to work on /home/airflow/.local/lib/python3.8/site-packages/airflow/example_dags/example_python_operator.py
[2025-04-09T07:13:11.807+0000] {processor.py:830} INFO - Processing file /home/airflow/.local/lib/python3.8/site-packages/airflow/example_dags/example_python_operator.py for tasks to queue
[2025-04-09T07:13:11.808+0000] {logging_mixin.py:188} INFO - [2025-04-09T07:13:11.808+0000] {dagbag.py:538} INFO - Filling up the DagBag from /home/airflow/.local/lib/python3.8/site-packages/airflow/example_dags/example_python_operator.py
[2025-04-09T07:13:11.819+0000] {processor.py:840} INFO - DAG(s) 'example_python_operator' retrieved from /home/airflow/.local/lib/python3.8/site-packages/airflow/example_dags/example_python_operator.py
[2025-04-09T07:13:11.842+0000] {logging_mixin.py:188} INFO - [2025-04-09T07:13:11.842+0000] {dag.py:3036} INFO - Sync 1 DAGs
[2025-04-09T07:13:11.854+0000] {logging_mixin.py:188} INFO - [2025-04-09T07:13:11.853+0000] {dag.py:3823} INFO - Setting next_dagrun for example_python_operator to None, run_after=None
[2025-04-09T07:13:11.921+0000] {processor.py:183} INFO - Processing /home/airflow/.local/lib/python3.8/site-packages/airflow/example_dags/example_python_operator.py took 0.118 seconds
[2025-04-09T07:13:42.451+0000] {processor.py:161} INFO - Started process (PID=504) to work on /home/airflow/.local/lib/python3.8/site-packages/airflow/example_dags/example_python_operator.py
[2025-04-09T07:13:42.487+0000] {processor.py:830} INFO - Processing file /home/airflow/.local/lib/python3.8/site-packages/airflow/example_dags/example_python_operator.py for tasks to queue
[2025-04-09T07:13:42.490+0000] {logging_mixin.py:188} INFO - [2025-04-09T07:13:42.490+0000] {dagbag.py:538} INFO - Filling up the DagBag from /home/airflow/.local/lib/python3.8/site-packages/airflow/example_dags/example_python_operator.py
[2025-04-09T07:13:42.504+0000] {processor.py:840} INFO - DAG(s) 'example_python_operator' retrieved from /home/airflow/.local/lib/python3.8/site-packages/airflow/example_dags/example_python_operator.py
[2025-04-09T07:13:42.534+0000] {logging_mixin.py:188} INFO - [2025-04-09T07:13:42.534+0000] {dag.py:3036} INFO - Sync 1 DAGs
[2025-04-09T07:13:42.555+0000] {logging_mixin.py:188} INFO - [2025-04-09T07:13:42.554+0000] {dag.py:3823} INFO - Setting next_dagrun for example_python_operator to None, run_after=None
[2025-04-09T07:13:42.623+0000] {processor.py:183} INFO - Processing /home/airflow/.local/lib/python3.8/site-packages/airflow/example_dags/example_python_operator.py took 0.175 seconds
[2025-04-09T07:14:12.899+0000] {processor.py:161} INFO - Started process (PID=562) to work on /home/airflow/.local/lib/python3.8/site-packages/airflow/example_dags/example_python_operator.py
[2025-04-09T07:14:12.901+0000] {processor.py:830} INFO - Processing file /home/airflow/.local/lib/python3.8/site-packages/airflow/example_dags/example_python_operator.py for tasks to queue
[2025-04-09T07:14:12.903+0000] {logging_mixin.py:188} INFO - [2025-04-09T07:14:12.902+0000] {dagbag.py:538} INFO - Filling up the DagBag from /home/airflow/.local/lib/python3.8/site-packages/airflow/example_dags/example_python_operator.py
[2025-04-09T07:14:12.914+0000] {processor.py:840} INFO - DAG(s) 'example_python_operator' retrieved from /home/airflow/.local/lib/python3.8/site-packages/airflow/example_dags/example_python_operator.py
[2025-04-09T07:14:12.940+0000] {logging_mixin.py:188} INFO - [2025-04-09T07:14:12.940+0000] {dag.py:3036} INFO - Sync 1 DAGs
[2025-04-09T07:14:12.953+0000] {logging_mixin.py:188} INFO - [2025-04-09T07:14:12.953+0000] {dag.py:3823} INFO - Setting next_dagrun for example_python_operator to None, run_after=None
[2025-04-09T07:14:13.036+0000] {processor.py:183} INFO - Processing /home/airflow/.local/lib/python3.8/site-packages/airflow/example_dags/example_python_operator.py took 0.140 seconds
[2025-04-09T07:14:43.076+0000] {processor.py:161} INFO - Started process (PID=620) to work on /home/airflow/.local/lib/python3.8/site-packages/airflow/example_dags/example_python_operator.py
[2025-04-09T07:14:43.076+0000] {processor.py:830} INFO - Processing file /home/airflow/.local/lib/python3.8/site-packages/airflow/example_dags/example_python_operator.py for tasks to queue
[2025-04-09T07:14:43.078+0000] {logging_mixin.py:188} INFO - [2025-04-09T07:14:43.078+0000] {dagbag.py:538} INFO - Filling up the DagBag from /home/airflow/.local/lib/python3.8/site-packages/airflow/example_dags/example_python_operator.py
[2025-04-09T07:14:43.089+0000] {processor.py:840} INFO - DAG(s) 'example_python_operator' retrieved from /home/airflow/.local/lib/python3.8/site-packages/airflow/example_dags/example_python_operator.py
[2025-04-09T07:14:43.116+0000] {logging_mixin.py:188} INFO - [2025-04-09T07:14:43.116+0000] {dag.py:3036} INFO - Sync 1 DAGs
[2025-04-09T07:14:43.131+0000] {logging_mixin.py:188} INFO - [2025-04-09T07:14:43.130+0000] {dag.py:3823} INFO - Setting next_dagrun for example_python_operator to None, run_after=None
[2025-04-09T07:14:43.195+0000] {processor.py:183} INFO - Processing /home/airflow/.local/lib/python3.8/site-packages/airflow/example_dags/example_python_operator.py took 0.123 seconds
[2025-04-09T07:15:13.253+0000] {processor.py:161} INFO - Started process (PID=677) to work on /home/airflow/.local/lib/python3.8/site-packages/airflow/example_dags/example_python_operator.py
[2025-04-09T07:15:13.256+0000] {processor.py:830} INFO - Processing file /home/airflow/.local/lib/python3.8/site-packages/airflow/example_dags/example_python_operator.py for tasks to queue
[2025-04-09T07:15:13.258+0000] {logging_mixin.py:188} INFO - [2025-04-09T07:15:13.258+0000] {dagbag.py:538} INFO - Filling up the DagBag from /home/airflow/.local/lib/python3.8/site-packages/airflow/example_dags/example_python_operator.py
[2025-04-09T07:15:13.269+0000] {processor.py:840} INFO - DAG(s) 'example_python_operator' retrieved from /home/airflow/.local/lib/python3.8/site-packages/airflow/example_dags/example_python_operator.py
[2025-04-09T07:15:13.295+0000] {logging_mixin.py:188} INFO - [2025-04-09T07:15:13.295+0000] {dag.py:3036} INFO - Sync 1 DAGs
[2025-04-09T07:15:13.310+0000] {logging_mixin.py:188} INFO - [2025-04-09T07:15:13.310+0000] {dag.py:3823} INFO - Setting next_dagrun for example_python_operator to None, run_after=None
[2025-04-09T07:15:13.359+0000] {processor.py:183} INFO - Processing /home/airflow/.local/lib/python3.8/site-packages/airflow/example_dags/example_python_operator.py took 0.109 seconds
[2025-04-09T07:15:43.759+0000] {processor.py:161} INFO - Started process (PID=736) to work on /home/airflow/.local/lib/python3.8/site-packages/airflow/example_dags/example_python_operator.py
[2025-04-09T07:15:43.760+0000] {processor.py:830} INFO - Processing file /home/airflow/.local/lib/python3.8/site-packages/airflow/example_dags/example_python_operator.py for tasks to queue
[2025-04-09T07:15:43.762+0000] {logging_mixin.py:188} INFO - [2025-04-09T07:15:43.761+0000] {dagbag.py:538} INFO - Filling up the DagBag from /home/airflow/.local/lib/python3.8/site-packages/airflow/example_dags/example_python_operator.py
[2025-04-09T07:15:43.772+0000] {processor.py:840} INFO - DAG(s) 'example_python_operator' retrieved from /home/airflow/.local/lib/python3.8/site-packages/airflow/example_dags/example_python_operator.py
[2025-04-09T07:15:43.796+0000] {logging_mixin.py:188} INFO - [2025-04-09T07:15:43.795+0000] {dag.py:3036} INFO - Sync 1 DAGs
[2025-04-09T07:15:43.811+0000] {logging_mixin.py:188} INFO - [2025-04-09T07:15:43.810+0000] {dag.py:3823} INFO - Setting next_dagrun for example_python_operator to None, run_after=None
[2025-04-09T07:15:43.883+0000] {processor.py:183} INFO - Processing /home/airflow/.local/lib/python3.8/site-packages/airflow/example_dags/example_python_operator.py took 0.129 seconds
[2025-04-09T07:16:14.029+0000] {processor.py:161} INFO - Started process (PID=794) to work on /home/airflow/.local/lib/python3.8/site-packages/airflow/example_dags/example_python_operator.py
[2025-04-09T07:16:14.030+0000] {processor.py:830} INFO - Processing file /home/airflow/.local/lib/python3.8/site-packages/airflow/example_dags/example_python_operator.py for tasks to queue
[2025-04-09T07:16:14.032+0000] {logging_mixin.py:188} INFO - [2025-04-09T07:16:14.031+0000] {dagbag.py:538} INFO - Filling up the DagBag from /home/airflow/.local/lib/python3.8/site-packages/airflow/example_dags/example_python_operator.py
[2025-04-09T07:16:14.041+0000] {processor.py:840} INFO - DAG(s) 'example_python_operator' retrieved from /home/airflow/.local/lib/python3.8/site-packages/airflow/example_dags/example_python_operator.py
[2025-04-09T07:16:14.064+0000] {logging_mixin.py:188} INFO - [2025-04-09T07:16:14.064+0000] {dag.py:3036} INFO - Sync 1 DAGs
[2025-04-09T07:16:14.076+0000] {logging_mixin.py:188} INFO - [2025-04-09T07:16:14.075+0000] {dag.py:3823} INFO - Setting next_dagrun for example_python_operator to None, run_after=None
[2025-04-09T07:16:14.153+0000] {processor.py:183} INFO - Processing /home/airflow/.local/lib/python3.8/site-packages/airflow/example_dags/example_python_operator.py took 0.126 seconds
[2025-04-09T07:16:47.704+0000] {processor.py:161} INFO - Started process (PID=852) to work on /home/airflow/.local/lib/python3.8/site-packages/airflow/example_dags/example_python_operator.py
[2025-04-09T07:16:47.706+0000] {processor.py:830} INFO - Processing file /home/airflow/.local/lib/python3.8/site-packages/airflow/example_dags/example_python_operator.py for tasks to queue
[2025-04-09T07:16:47.708+0000] {logging_mixin.py:188} INFO - [2025-04-09T07:16:47.708+0000] {dagbag.py:538} INFO - Filling up the DagBag from /home/airflow/.local/lib/python3.8/site-packages/airflow/example_dags/example_python_operator.py
[2025-04-09T07:16:47.719+0000] {processor.py:840} INFO - DAG(s) 'example_python_operator' retrieved from /home/airflow/.local/lib/python3.8/site-packages/airflow/example_dags/example_python_operator.py
[2025-04-09T07:16:47.746+0000] {logging_mixin.py:188} INFO - [2025-04-09T07:16:47.745+0000] {dag.py:3036} INFO - Sync 1 DAGs
[2025-04-09T07:16:47.759+0000] {logging_mixin.py:188} INFO - [2025-04-09T07:16:47.759+0000] {dag.py:3823} INFO - Setting next_dagrun for example_python_operator to None, run_after=None
[2025-04-09T07:16:47.817+0000] {processor.py:183} INFO - Processing /home/airflow/.local/lib/python3.8/site-packages/airflow/example_dags/example_python_operator.py took 0.116 seconds
[2025-04-09T07:17:18.050+0000] {processor.py:161} INFO - Started process (PID=910) to work on /home/airflow/.local/lib/python3.8/site-packages/airflow/example_dags/example_python_operator.py
[2025-04-09T07:17:18.051+0000] {processor.py:830} INFO - Processing file /home/airflow/.local/lib/python3.8/site-packages/airflow/example_dags/example_python_operator.py for tasks to queue
[2025-04-09T07:17:18.053+0000] {logging_mixin.py:188} INFO - [2025-04-09T07:17:18.053+0000] {dagbag.py:538} INFO - Filling up the DagBag from /home/airflow/.local/lib/python3.8/site-packages/airflow/example_dags/example_python_operator.py
[2025-04-09T07:17:18.067+0000] {processor.py:840} INFO - DAG(s) 'example_python_operator' retrieved from /home/airflow/.local/lib/python3.8/site-packages/airflow/example_dags/example_python_operator.py
[2025-04-09T07:17:18.095+0000] {logging_mixin.py:188} INFO - [2025-04-09T07:17:18.095+0000] {dag.py:3036} INFO - Sync 1 DAGs
[2025-04-09T07:17:18.109+0000] {logging_mixin.py:188} INFO - [2025-04-09T07:17:18.108+0000] {dag.py:3823} INFO - Setting next_dagrun for example_python_operator to None, run_after=None
[2025-04-09T07:17:18.181+0000] {processor.py:183} INFO - Processing /home/airflow/.local/lib/python3.8/site-packages/airflow/example_dags/example_python_operator.py took 0.134 seconds
[2025-04-09T07:17:48.397+0000] {processor.py:161} INFO - Started process (PID=968) to work on /home/airflow/.local/lib/python3.8/site-packages/airflow/example_dags/example_python_operator.py
[2025-04-09T07:17:48.399+0000] {processor.py:830} INFO - Processing file /home/airflow/.local/lib/python3.8/site-packages/airflow/example_dags/example_python_operator.py for tasks to queue
[2025-04-09T07:17:48.401+0000] {logging_mixin.py:188} INFO - [2025-04-09T07:17:48.401+0000] {dagbag.py:538} INFO - Filling up the DagBag from /home/airflow/.local/lib/python3.8/site-packages/airflow/example_dags/example_python_operator.py
[2025-04-09T07:17:48.413+0000] {processor.py:840} INFO - DAG(s) 'example_python_operator' retrieved from /home/airflow/.local/lib/python3.8/site-packages/airflow/example_dags/example_python_operator.py
[2025-04-09T07:17:48.439+0000] {logging_mixin.py:188} INFO - [2025-04-09T07:17:48.439+0000] {dag.py:3036} INFO - Sync 1 DAGs
[2025-04-09T07:17:48.453+0000] {logging_mixin.py:188} INFO - [2025-04-09T07:17:48.452+0000] {dag.py:3823} INFO - Setting next_dagrun for example_python_operator to None, run_after=None
[2025-04-09T07:17:48.511+0000] {processor.py:183} INFO - Processing /home/airflow/.local/lib/python3.8/site-packages/airflow/example_dags/example_python_operator.py took 0.118 seconds
[2025-04-09T07:18:19.460+0000] {processor.py:161} INFO - Started process (PID=1026) to work on /home/airflow/.local/lib/python3.8/site-packages/airflow/example_dags/example_python_operator.py
[2025-04-09T07:18:19.461+0000] {processor.py:830} INFO - Processing file /home/airflow/.local/lib/python3.8/site-packages/airflow/example_dags/example_python_operator.py for tasks to queue
[2025-04-09T07:18:19.462+0000] {logging_mixin.py:188} INFO - [2025-04-09T07:18:19.462+0000] {dagbag.py:538} INFO - Filling up the DagBag from /home/airflow/.local/lib/python3.8/site-packages/airflow/example_dags/example_python_operator.py
[2025-04-09T07:18:19.473+0000] {processor.py:840} INFO - DAG(s) 'example_python_operator' retrieved from /home/airflow/.local/lib/python3.8/site-packages/airflow/example_dags/example_python_operator.py
[2025-04-09T07:18:19.495+0000] {logging_mixin.py:188} INFO - [2025-04-09T07:18:19.495+0000] {dag.py:3036} INFO - Sync 1 DAGs
[2025-04-09T07:18:19.509+0000] {logging_mixin.py:188} INFO - [2025-04-09T07:18:19.509+0000] {dag.py:3823} INFO - Setting next_dagrun for example_python_operator to None, run_after=None
[2025-04-09T07:18:19.585+0000] {processor.py:183} INFO - Processing /home/airflow/.local/lib/python3.8/site-packages/airflow/example_dags/example_python_operator.py took 0.128 seconds
[2025-04-09T07:18:49.932+0000] {processor.py:161} INFO - Started process (PID=1078) to work on /home/airflow/.local/lib/python3.8/site-packages/airflow/example_dags/example_python_operator.py
[2025-04-09T07:18:49.933+0000] {processor.py:830} INFO - Processing file /home/airflow/.local/lib/python3.8/site-packages/airflow/example_dags/example_python_operator.py for tasks to queue
[2025-04-09T07:18:49.935+0000] {logging_mixin.py:188} INFO - [2025-04-09T07:18:49.935+0000] {dagbag.py:538} INFO - Filling up the DagBag from /home/airflow/.local/lib/python3.8/site-packages/airflow/example_dags/example_python_operator.py
[2025-04-09T07:18:49.947+0000] {processor.py:840} INFO - DAG(s) 'example_python_operator' retrieved from /home/airflow/.local/lib/python3.8/site-packages/airflow/example_dags/example_python_operator.py
[2025-04-09T07:18:49.974+0000] {logging_mixin.py:188} INFO - [2025-04-09T07:18:49.973+0000] {dag.py:3036} INFO - Sync 1 DAGs
[2025-04-09T07:18:49.986+0000] {logging_mixin.py:188} INFO - [2025-04-09T07:18:49.985+0000] {dag.py:3823} INFO - Setting next_dagrun for example_python_operator to None, run_after=None
[2025-04-09T07:18:50.064+0000] {processor.py:183} INFO - Processing /home/airflow/.local/lib/python3.8/site-packages/airflow/example_dags/example_python_operator.py took 0.135 seconds
[2025-04-09T07:19:20.191+0000] {processor.py:161} INFO - Started process (PID=1136) to work on /home/airflow/.local/lib/python3.8/site-packages/airflow/example_dags/example_python_operator.py
[2025-04-09T07:19:20.191+0000] {processor.py:830} INFO - Processing file /home/airflow/.local/lib/python3.8/site-packages/airflow/example_dags/example_python_operator.py for tasks to queue
[2025-04-09T07:19:20.193+0000] {logging_mixin.py:188} INFO - [2025-04-09T07:19:20.193+0000] {dagbag.py:538} INFO - Filling up the DagBag from /home/airflow/.local/lib/python3.8/site-packages/airflow/example_dags/example_python_operator.py
[2025-04-09T07:19:20.205+0000] {processor.py:840} INFO - DAG(s) 'example_python_operator' retrieved from /home/airflow/.local/lib/python3.8/site-packages/airflow/example_dags/example_python_operator.py
[2025-04-09T07:19:20.230+0000] {logging_mixin.py:188} INFO - [2025-04-09T07:19:20.229+0000] {dag.py:3036} INFO - Sync 1 DAGs
[2025-04-09T07:19:20.241+0000] {logging_mixin.py:188} INFO - [2025-04-09T07:19:20.240+0000] {dag.py:3823} INFO - Setting next_dagrun for example_python_operator to None, run_after=None
[2025-04-09T07:19:20.296+0000] {processor.py:183} INFO - Processing /home/airflow/.local/lib/python3.8/site-packages/airflow/example_dags/example_python_operator.py took 0.108 seconds
[2025-04-09T07:19:50.444+0000] {processor.py:161} INFO - Started process (PID=1194) to work on /home/airflow/.local/lib/python3.8/site-packages/airflow/example_dags/example_python_operator.py
[2025-04-09T07:19:50.445+0000] {processor.py:830} INFO - Processing file /home/airflow/.local/lib/python3.8/site-packages/airflow/example_dags/example_python_operator.py for tasks to queue
[2025-04-09T07:19:50.447+0000] {logging_mixin.py:188} INFO - [2025-04-09T07:19:50.446+0000] {dagbag.py:538} INFO - Filling up the DagBag from /home/airflow/.local/lib/python3.8/site-packages/airflow/example_dags/example_python_operator.py
[2025-04-09T07:19:50.460+0000] {processor.py:840} INFO - DAG(s) 'example_python_operator' retrieved from /home/airflow/.local/lib/python3.8/site-packages/airflow/example_dags/example_python_operator.py
[2025-04-09T07:19:50.526+0000] {logging_mixin.py:188} INFO - [2025-04-09T07:19:50.525+0000] {dag.py:3036} INFO - Sync 1 DAGs
[2025-04-09T07:19:50.588+0000] {logging_mixin.py:188} INFO - [2025-04-09T07:19:50.588+0000] {dag.py:3823} INFO - Setting next_dagrun for example_python_operator to None, run_after=None
[2025-04-09T07:19:50.650+0000] {processor.py:183} INFO - Processing /home/airflow/.local/lib/python3.8/site-packages/airflow/example_dags/example_python_operator.py took 0.210 seconds
[2025-04-09T07:20:22.731+0000] {processor.py:161} INFO - Started process (PID=1252) to work on /home/airflow/.local/lib/python3.8/site-packages/airflow/example_dags/example_python_operator.py
[2025-04-09T07:20:22.750+0000] {processor.py:830} INFO - Processing file /home/airflow/.local/lib/python3.8/site-packages/airflow/example_dags/example_python_operator.py for tasks to queue
[2025-04-09T07:20:22.752+0000] {logging_mixin.py:188} INFO - [2025-04-09T07:20:22.752+0000] {dagbag.py:538} INFO - Filling up the DagBag from /home/airflow/.local/lib/python3.8/site-packages/airflow/example_dags/example_python_operator.py
[2025-04-09T07:20:22.765+0000] {processor.py:840} INFO - DAG(s) 'example_python_operator' retrieved from /home/airflow/.local/lib/python3.8/site-packages/airflow/example_dags/example_python_operator.py
[2025-04-09T07:20:22.789+0000] {logging_mixin.py:188} INFO - [2025-04-09T07:20:22.789+0000] {dag.py:3036} INFO - Sync 1 DAGs
[2025-04-09T07:20:22.801+0000] {logging_mixin.py:188} INFO - [2025-04-09T07:20:22.800+0000] {dag.py:3823} INFO - Setting next_dagrun for example_python_operator to None, run_after=None
[2025-04-09T07:20:22.850+0000] {processor.py:183} INFO - Processing /home/airflow/.local/lib/python3.8/site-packages/airflow/example_dags/example_python_operator.py took 0.122 seconds
[2025-04-09T07:20:53.371+0000] {processor.py:161} INFO - Started process (PID=1310) to work on /home/airflow/.local/lib/python3.8/site-packages/airflow/example_dags/example_python_operator.py
[2025-04-09T07:20:53.372+0000] {processor.py:830} INFO - Processing file /home/airflow/.local/lib/python3.8/site-packages/airflow/example_dags/example_python_operator.py for tasks to queue
[2025-04-09T07:20:53.374+0000] {logging_mixin.py:188} INFO - [2025-04-09T07:20:53.373+0000] {dagbag.py:538} INFO - Filling up the DagBag from /home/airflow/.local/lib/python3.8/site-packages/airflow/example_dags/example_python_operator.py
[2025-04-09T07:20:53.384+0000] {processor.py:840} INFO - DAG(s) 'example_python_operator' retrieved from /home/airflow/.local/lib/python3.8/site-packages/airflow/example_dags/example_python_operator.py
[2025-04-09T07:20:53.406+0000] {logging_mixin.py:188} INFO - [2025-04-09T07:20:53.406+0000] {dag.py:3036} INFO - Sync 1 DAGs
[2025-04-09T07:20:53.419+0000] {logging_mixin.py:188} INFO - [2025-04-09T07:20:53.419+0000] {dag.py:3823} INFO - Setting next_dagrun for example_python_operator to None, run_after=None
[2025-04-09T07:20:53.472+0000] {processor.py:183} INFO - Processing /home/airflow/.local/lib/python3.8/site-packages/airflow/example_dags/example_python_operator.py took 0.104 seconds
[2025-04-09T07:21:23.803+0000] {processor.py:161} INFO - Started process (PID=1368) to work on /home/airflow/.local/lib/python3.8/site-packages/airflow/example_dags/example_python_operator.py
[2025-04-09T07:21:23.805+0000] {processor.py:830} INFO - Processing file /home/airflow/.local/lib/python3.8/site-packages/airflow/example_dags/example_python_operator.py for tasks to queue
[2025-04-09T07:21:23.807+0000] {logging_mixin.py:188} INFO - [2025-04-09T07:21:23.807+0000] {dagbag.py:538} INFO - Filling up the DagBag from /home/airflow/.local/lib/python3.8/site-packages/airflow/example_dags/example_python_operator.py
[2025-04-09T07:21:23.820+0000] {processor.py:840} INFO - DAG(s) 'example_python_operator' retrieved from /home/airflow/.local/lib/python3.8/site-packages/airflow/example_dags/example_python_operator.py
[2025-04-09T07:21:23.848+0000] {logging_mixin.py:188} INFO - [2025-04-09T07:21:23.848+0000] {dag.py:3036} INFO - Sync 1 DAGs
[2025-04-09T07:21:23.867+0000] {logging_mixin.py:188} INFO - [2025-04-09T07:21:23.867+0000] {dag.py:3823} INFO - Setting next_dagrun for example_python_operator to None, run_after=None
[2025-04-09T07:21:23.972+0000] {processor.py:183} INFO - Processing /home/airflow/.local/lib/python3.8/site-packages/airflow/example_dags/example_python_operator.py took 0.172 seconds
[2025-04-09T07:21:54.506+0000] {processor.py:161} INFO - Started process (PID=1426) to work on /home/airflow/.local/lib/python3.8/site-packages/airflow/example_dags/example_python_operator.py
[2025-04-09T07:21:54.507+0000] {processor.py:830} INFO - Processing file /home/airflow/.local/lib/python3.8/site-packages/airflow/example_dags/example_python_operator.py for tasks to queue
[2025-04-09T07:21:54.510+0000] {logging_mixin.py:188} INFO - [2025-04-09T07:21:54.510+0000] {dagbag.py:538} INFO - Filling up the DagBag from /home/airflow/.local/lib/python3.8/site-packages/airflow/example_dags/example_python_operator.py
[2025-04-09T07:21:54.525+0000] {processor.py:840} INFO - DAG(s) 'example_python_operator' retrieved from /home/airflow/.local/lib/python3.8/site-packages/airflow/example_dags/example_python_operator.py
[2025-04-09T07:21:54.555+0000] {logging_mixin.py:188} INFO - [2025-04-09T07:21:54.555+0000] {dag.py:3036} INFO - Sync 1 DAGs
[2025-04-09T07:21:54.570+0000] {logging_mixin.py:188} INFO - [2025-04-09T07:21:54.569+0000] {dag.py:3823} INFO - Setting next_dagrun for example_python_operator to None, run_after=None
[2025-04-09T07:21:54.627+0000] {processor.py:183} INFO - Processing /home/airflow/.local/lib/python3.8/site-packages/airflow/example_dags/example_python_operator.py took 0.125 seconds
[2025-04-09T07:22:24.765+0000] {processor.py:161} INFO - Started process (PID=1484) to work on /home/airflow/.local/lib/python3.8/site-packages/airflow/example_dags/example_python_operator.py
[2025-04-09T07:22:24.789+0000] {processor.py:830} INFO - Processing file /home/airflow/.local/lib/python3.8/site-packages/airflow/example_dags/example_python_operator.py for tasks to queue
[2025-04-09T07:22:24.791+0000] {logging_mixin.py:188} INFO - [2025-04-09T07:22:24.790+0000] {dagbag.py:538} INFO - Filling up the DagBag from /home/airflow/.local/lib/python3.8/site-packages/airflow/example_dags/example_python_operator.py
[2025-04-09T07:22:24.802+0000] {processor.py:840} INFO - DAG(s) 'example_python_operator' retrieved from /home/airflow/.local/lib/python3.8/site-packages/airflow/example_dags/example_python_operator.py
[2025-04-09T07:22:24.823+0000] {logging_mixin.py:188} INFO - [2025-04-09T07:22:24.823+0000] {dag.py:3036} INFO - Sync 1 DAGs
[2025-04-09T07:22:24.835+0000] {logging_mixin.py:188} INFO - [2025-04-09T07:22:24.835+0000] {dag.py:3823} INFO - Setting next_dagrun for example_python_operator to None, run_after=None
[2025-04-09T07:22:24.889+0000] {processor.py:183} INFO - Processing /home/airflow/.local/lib/python3.8/site-packages/airflow/example_dags/example_python_operator.py took 0.128 seconds
[2025-04-09T07:22:55.385+0000] {processor.py:161} INFO - Started process (PID=1542) to work on /home/airflow/.local/lib/python3.8/site-packages/airflow/example_dags/example_python_operator.py
[2025-04-09T07:22:55.387+0000] {processor.py:830} INFO - Processing file /home/airflow/.local/lib/python3.8/site-packages/airflow/example_dags/example_python_operator.py for tasks to queue
[2025-04-09T07:22:55.388+0000] {logging_mixin.py:188} INFO - [2025-04-09T07:22:55.388+0000] {dagbag.py:538} INFO - Filling up the DagBag from /home/airflow/.local/lib/python3.8/site-packages/airflow/example_dags/example_python_operator.py
[2025-04-09T07:22:55.398+0000] {processor.py:840} INFO - DAG(s) 'example_python_operator' retrieved from /home/airflow/.local/lib/python3.8/site-packages/airflow/example_dags/example_python_operator.py
[2025-04-09T07:22:55.421+0000] {logging_mixin.py:188} INFO - [2025-04-09T07:22:55.421+0000] {dag.py:3036} INFO - Sync 1 DAGs
[2025-04-09T07:22:55.435+0000] {logging_mixin.py:188} INFO - [2025-04-09T07:22:55.434+0000] {dag.py:3823} INFO - Setting next_dagrun for example_python_operator to None, run_after=None
[2025-04-09T07:22:55.484+0000] {processor.py:183} INFO - Processing /home/airflow/.local/lib/python3.8/site-packages/airflow/example_dags/example_python_operator.py took 0.102 seconds
[2025-04-09T07:23:26.110+0000] {processor.py:161} INFO - Started process (PID=1600) to work on /home/airflow/.local/lib/python3.8/site-packages/airflow/example_dags/example_python_operator.py
[2025-04-09T07:23:26.112+0000] {processor.py:830} INFO - Processing file /home/airflow/.local/lib/python3.8/site-packages/airflow/example_dags/example_python_operator.py for tasks to queue
[2025-04-09T07:23:26.113+0000] {logging_mixin.py:188} INFO - [2025-04-09T07:23:26.113+0000] {dagbag.py:538} INFO - Filling up the DagBag from /home/airflow/.local/lib/python3.8/site-packages/airflow/example_dags/example_python_operator.py
[2025-04-09T07:23:26.125+0000] {processor.py:840} INFO - DAG(s) 'example_python_operator' retrieved from /home/airflow/.local/lib/python3.8/site-packages/airflow/example_dags/example_python_operator.py
[2025-04-09T07:23:26.153+0000] {logging_mixin.py:188} INFO - [2025-04-09T07:23:26.152+0000] {dag.py:3036} INFO - Sync 1 DAGs
[2025-04-09T07:23:26.169+0000] {logging_mixin.py:188} INFO - [2025-04-09T07:23:26.169+0000] {dag.py:3823} INFO - Setting next_dagrun for example_python_operator to None, run_after=None
[2025-04-09T07:23:26.254+0000] {processor.py:183} INFO - Processing /home/airflow/.local/lib/python3.8/site-packages/airflow/example_dags/example_python_operator.py took 0.147 seconds
[2025-04-09T07:23:57.772+0000] {processor.py:161} INFO - Started process (PID=1658) to work on /home/airflow/.local/lib/python3.8/site-packages/airflow/example_dags/example_python_operator.py
[2025-04-09T07:23:57.775+0000] {processor.py:830} INFO - Processing file /home/airflow/.local/lib/python3.8/site-packages/airflow/example_dags/example_python_operator.py for tasks to queue
[2025-04-09T07:23:57.777+0000] {logging_mixin.py:188} INFO - [2025-04-09T07:23:57.777+0000] {dagbag.py:538} INFO - Filling up the DagBag from /home/airflow/.local/lib/python3.8/site-packages/airflow/example_dags/example_python_operator.py
[2025-04-09T07:23:57.788+0000] {processor.py:840} INFO - DAG(s) 'example_python_operator' retrieved from /home/airflow/.local/lib/python3.8/site-packages/airflow/example_dags/example_python_operator.py
[2025-04-09T07:23:57.812+0000] {logging_mixin.py:188} INFO - [2025-04-09T07:23:57.811+0000] {dag.py:3036} INFO - Sync 1 DAGs
[2025-04-09T07:23:57.825+0000] {logging_mixin.py:188} INFO - [2025-04-09T07:23:57.824+0000] {dag.py:3823} INFO - Setting next_dagrun for example_python_operator to None, run_after=None
[2025-04-09T07:23:57.881+0000] {processor.py:183} INFO - Processing /home/airflow/.local/lib/python3.8/site-packages/airflow/example_dags/example_python_operator.py took 0.112 seconds
[2025-04-09T07:24:28.829+0000] {processor.py:161} INFO - Started process (PID=1716) to work on /home/airflow/.local/lib/python3.8/site-packages/airflow/example_dags/example_python_operator.py
[2025-04-09T07:24:28.831+0000] {processor.py:830} INFO - Processing file /home/airflow/.local/lib/python3.8/site-packages/airflow/example_dags/example_python_operator.py for tasks to queue
[2025-04-09T07:24:28.833+0000] {logging_mixin.py:188} INFO - [2025-04-09T07:24:28.832+0000] {dagbag.py:538} INFO - Filling up the DagBag from /home/airflow/.local/lib/python3.8/site-packages/airflow/example_dags/example_python_operator.py
[2025-04-09T07:24:28.843+0000] {processor.py:840} INFO - DAG(s) 'example_python_operator' retrieved from /home/airflow/.local/lib/python3.8/site-packages/airflow/example_dags/example_python_operator.py
[2025-04-09T07:24:28.867+0000] {logging_mixin.py:188} INFO - [2025-04-09T07:24:28.866+0000] {dag.py:3036} INFO - Sync 1 DAGs
[2025-04-09T07:24:28.881+0000] {logging_mixin.py:188} INFO - [2025-04-09T07:24:28.881+0000] {dag.py:3823} INFO - Setting next_dagrun for example_python_operator to None, run_after=None
[2025-04-09T07:24:28.929+0000] {processor.py:183} INFO - Processing /home/airflow/.local/lib/python3.8/site-packages/airflow/example_dags/example_python_operator.py took 0.102 seconds
[2025-04-09T07:24:59.635+0000] {processor.py:161} INFO - Started process (PID=1774) to work on /home/airflow/.local/lib/python3.8/site-packages/airflow/example_dags/example_python_operator.py
[2025-04-09T07:24:59.636+0000] {processor.py:830} INFO - Processing file /home/airflow/.local/lib/python3.8/site-packages/airflow/example_dags/example_python_operator.py for tasks to queue
[2025-04-09T07:24:59.650+0000] {logging_mixin.py:188} INFO - [2025-04-09T07:24:59.650+0000] {dagbag.py:538} INFO - Filling up the DagBag from /home/airflow/.local/lib/python3.8/site-packages/airflow/example_dags/example_python_operator.py
[2025-04-09T07:24:59.676+0000] {processor.py:840} INFO - DAG(s) 'example_python_operator' retrieved from /home/airflow/.local/lib/python3.8/site-packages/airflow/example_dags/example_python_operator.py
[2025-04-09T07:24:59.726+0000] {logging_mixin.py:188} INFO - [2025-04-09T07:24:59.725+0000] {dag.py:3036} INFO - Sync 1 DAGs
[2025-04-09T07:24:59.738+0000] {logging_mixin.py:188} INFO - [2025-04-09T07:24:59.738+0000] {dag.py:3823} INFO - Setting next_dagrun for example_python_operator to None, run_after=None
[2025-04-09T07:24:59.799+0000] {processor.py:183} INFO - Processing /home/airflow/.local/lib/python3.8/site-packages/airflow/example_dags/example_python_operator.py took 0.190 seconds
[2025-04-09T07:25:29.944+0000] {processor.py:161} INFO - Started process (PID=1826) to work on /home/airflow/.local/lib/python3.8/site-packages/airflow/example_dags/example_python_operator.py
[2025-04-09T07:25:29.945+0000] {processor.py:830} INFO - Processing file /home/airflow/.local/lib/python3.8/site-packages/airflow/example_dags/example_python_operator.py for tasks to queue
[2025-04-09T07:25:29.947+0000] {logging_mixin.py:188} INFO - [2025-04-09T07:25:29.947+0000] {dagbag.py:538} INFO - Filling up the DagBag from /home/airflow/.local/lib/python3.8/site-packages/airflow/example_dags/example_python_operator.py
[2025-04-09T07:25:29.957+0000] {processor.py:840} INFO - DAG(s) 'example_python_operator' retrieved from /home/airflow/.local/lib/python3.8/site-packages/airflow/example_dags/example_python_operator.py
[2025-04-09T07:25:29.984+0000] {logging_mixin.py:188} INFO - [2025-04-09T07:25:29.983+0000] {dag.py:3036} INFO - Sync 1 DAGs
[2025-04-09T07:25:29.996+0000] {logging_mixin.py:188} INFO - [2025-04-09T07:25:29.995+0000] {dag.py:3823} INFO - Setting next_dagrun for example_python_operator to None, run_after=None
[2025-04-09T07:25:30.044+0000] {processor.py:183} INFO - Processing /home/airflow/.local/lib/python3.8/site-packages/airflow/example_dags/example_python_operator.py took 0.102 seconds
