[2025-04-09T06:43:10.397+0000] {processor.py:161} INFO - Started process (PID=787) to work on /home/airflow/.local/lib/python3.8/site-packages/airflow/example_dags/tutorial_taskflow_api.py
[2025-04-09T06:43:10.398+0000] {processor.py:830} INFO - Processing file /home/airflow/.local/lib/python3.8/site-packages/airflow/example_dags/tutorial_taskflow_api.py for tasks to queue
[2025-04-09T06:43:10.399+0000] {logging_mixin.py:188} INFO - [2025-04-09T06:43:10.399+0000] {dagbag.py:538} INFO - Filling up the DagBag from /home/airflow/.local/lib/python3.8/site-packages/airflow/example_dags/tutorial_taskflow_api.py
[2025-04-09T06:43:10.406+0000] {processor.py:840} INFO - DAG(s) 'tutorial_taskflow_api' retrieved from /home/airflow/.local/lib/python3.8/site-packages/airflow/example_dags/tutorial_taskflow_api.py
[2025-04-09T06:43:10.511+0000] {logging_mixin.py:188} INFO - [2025-04-09T06:43:10.511+0000] {dag.py:3036} INFO - Sync 1 DAGs
[2025-04-09T06:43:10.521+0000] {logging_mixin.py:188} INFO - [2025-04-09T06:43:10.521+0000] {dag.py:3823} INFO - Setting next_dagrun for tutorial_taskflow_api to None, run_after=None
[2025-04-09T06:43:10.573+0000] {processor.py:183} INFO - Processing /home/airflow/.local/lib/python3.8/site-packages/airflow/example_dags/tutorial_taskflow_api.py took 0.179 seconds
[2025-04-09T06:45:26.345+0000] {processor.py:161} INFO - Started process (PID=85) to work on /home/airflow/.local/lib/python3.8/site-packages/airflow/example_dags/tutorial_taskflow_api.py
[2025-04-09T06:45:26.352+0000] {processor.py:830} INFO - Processing file /home/airflow/.local/lib/python3.8/site-packages/airflow/example_dags/tutorial_taskflow_api.py for tasks to queue
[2025-04-09T06:45:26.354+0000] {logging_mixin.py:188} INFO - [2025-04-09T06:45:26.354+0000] {dagbag.py:538} INFO - Filling up the DagBag from /home/airflow/.local/lib/python3.8/site-packages/airflow/example_dags/tutorial_taskflow_api.py
[2025-04-09T06:45:26.361+0000] {processor.py:840} INFO - DAG(s) 'tutorial_taskflow_api' retrieved from /home/airflow/.local/lib/python3.8/site-packages/airflow/example_dags/tutorial_taskflow_api.py
[2025-04-09T06:45:26.485+0000] {logging_mixin.py:188} INFO - [2025-04-09T06:45:26.484+0000] {dag.py:3036} INFO - Sync 1 DAGs
[2025-04-09T06:45:26.501+0000] {logging_mixin.py:188} INFO - [2025-04-09T06:45:26.501+0000] {dag.py:3823} INFO - Setting next_dagrun for tutorial_taskflow_api to None, run_after=None
[2025-04-09T06:45:26.561+0000] {processor.py:183} INFO - Processing /home/airflow/.local/lib/python3.8/site-packages/airflow/example_dags/tutorial_taskflow_api.py took 0.219 seconds
[2025-04-09T06:45:57.375+0000] {processor.py:161} INFO - Started process (PID=143) to work on /home/airflow/.local/lib/python3.8/site-packages/airflow/example_dags/tutorial_taskflow_api.py
[2025-04-09T06:45:57.376+0000] {processor.py:830} INFO - Processing file /home/airflow/.local/lib/python3.8/site-packages/airflow/example_dags/tutorial_taskflow_api.py for tasks to queue
[2025-04-09T06:45:57.377+0000] {logging_mixin.py:188} INFO - [2025-04-09T06:45:57.377+0000] {dagbag.py:538} INFO - Filling up the DagBag from /home/airflow/.local/lib/python3.8/site-packages/airflow/example_dags/tutorial_taskflow_api.py
[2025-04-09T06:45:57.384+0000] {processor.py:840} INFO - DAG(s) 'tutorial_taskflow_api' retrieved from /home/airflow/.local/lib/python3.8/site-packages/airflow/example_dags/tutorial_taskflow_api.py
[2025-04-09T06:45:57.412+0000] {logging_mixin.py:188} INFO - [2025-04-09T06:45:57.411+0000] {dag.py:3036} INFO - Sync 1 DAGs
[2025-04-09T06:45:57.426+0000] {logging_mixin.py:188} INFO - [2025-04-09T06:45:57.426+0000] {dag.py:3823} INFO - Setting next_dagrun for tutorial_taskflow_api to None, run_after=None
[2025-04-09T06:45:57.477+0000] {processor.py:183} INFO - Processing /home/airflow/.local/lib/python3.8/site-packages/airflow/example_dags/tutorial_taskflow_api.py took 0.105 seconds
[2025-04-09T06:46:27.974+0000] {processor.py:161} INFO - Started process (PID=201) to work on /home/airflow/.local/lib/python3.8/site-packages/airflow/example_dags/tutorial_taskflow_api.py
[2025-04-09T06:46:27.975+0000] {processor.py:830} INFO - Processing file /home/airflow/.local/lib/python3.8/site-packages/airflow/example_dags/tutorial_taskflow_api.py for tasks to queue
[2025-04-09T06:46:27.977+0000] {logging_mixin.py:188} INFO - [2025-04-09T06:46:27.976+0000] {dagbag.py:538} INFO - Filling up the DagBag from /home/airflow/.local/lib/python3.8/site-packages/airflow/example_dags/tutorial_taskflow_api.py
[2025-04-09T06:46:27.986+0000] {processor.py:840} INFO - DAG(s) 'tutorial_taskflow_api' retrieved from /home/airflow/.local/lib/python3.8/site-packages/airflow/example_dags/tutorial_taskflow_api.py
[2025-04-09T06:46:28.007+0000] {logging_mixin.py:188} INFO - [2025-04-09T06:46:28.007+0000] {dag.py:3036} INFO - Sync 1 DAGs
[2025-04-09T06:46:28.021+0000] {logging_mixin.py:188} INFO - [2025-04-09T06:46:28.021+0000] {dag.py:3823} INFO - Setting next_dagrun for tutorial_taskflow_api to None, run_after=None
[2025-04-09T06:46:28.081+0000] {processor.py:183} INFO - Processing /home/airflow/.local/lib/python3.8/site-packages/airflow/example_dags/tutorial_taskflow_api.py took 0.110 seconds
[2025-04-09T06:46:58.637+0000] {processor.py:161} INFO - Started process (PID=259) to work on /home/airflow/.local/lib/python3.8/site-packages/airflow/example_dags/tutorial_taskflow_api.py
[2025-04-09T06:46:58.638+0000] {processor.py:830} INFO - Processing file /home/airflow/.local/lib/python3.8/site-packages/airflow/example_dags/tutorial_taskflow_api.py for tasks to queue
[2025-04-09T06:46:58.640+0000] {logging_mixin.py:188} INFO - [2025-04-09T06:46:58.639+0000] {dagbag.py:538} INFO - Filling up the DagBag from /home/airflow/.local/lib/python3.8/site-packages/airflow/example_dags/tutorial_taskflow_api.py
[2025-04-09T06:46:58.646+0000] {processor.py:840} INFO - DAG(s) 'tutorial_taskflow_api' retrieved from /home/airflow/.local/lib/python3.8/site-packages/airflow/example_dags/tutorial_taskflow_api.py
[2025-04-09T06:46:58.670+0000] {logging_mixin.py:188} INFO - [2025-04-09T06:46:58.669+0000] {dag.py:3036} INFO - Sync 1 DAGs
[2025-04-09T06:46:58.684+0000] {logging_mixin.py:188} INFO - [2025-04-09T06:46:58.683+0000] {dag.py:3823} INFO - Setting next_dagrun for tutorial_taskflow_api to None, run_after=None
[2025-04-09T06:46:58.743+0000] {processor.py:183} INFO - Processing /home/airflow/.local/lib/python3.8/site-packages/airflow/example_dags/tutorial_taskflow_api.py took 0.110 seconds
[2025-04-09T06:47:33.163+0000] {processor.py:161} INFO - Started process (PID=317) to work on /home/airflow/.local/lib/python3.8/site-packages/airflow/example_dags/tutorial_taskflow_api.py
[2025-04-09T06:47:33.164+0000] {processor.py:830} INFO - Processing file /home/airflow/.local/lib/python3.8/site-packages/airflow/example_dags/tutorial_taskflow_api.py for tasks to queue
[2025-04-09T06:47:33.166+0000] {logging_mixin.py:188} INFO - [2025-04-09T06:47:33.166+0000] {dagbag.py:538} INFO - Filling up the DagBag from /home/airflow/.local/lib/python3.8/site-packages/airflow/example_dags/tutorial_taskflow_api.py
[2025-04-09T06:47:33.172+0000] {processor.py:840} INFO - DAG(s) 'tutorial_taskflow_api' retrieved from /home/airflow/.local/lib/python3.8/site-packages/airflow/example_dags/tutorial_taskflow_api.py
[2025-04-09T06:47:33.194+0000] {logging_mixin.py:188} INFO - [2025-04-09T06:47:33.193+0000] {dag.py:3036} INFO - Sync 1 DAGs
[2025-04-09T06:47:33.207+0000] {logging_mixin.py:188} INFO - [2025-04-09T06:47:33.207+0000] {dag.py:3823} INFO - Setting next_dagrun for tutorial_taskflow_api to None, run_after=None
[2025-04-09T06:47:33.250+0000] {processor.py:183} INFO - Processing /home/airflow/.local/lib/python3.8/site-packages/airflow/example_dags/tutorial_taskflow_api.py took 0.090 seconds
[2025-04-09T06:48:07.897+0000] {processor.py:161} INFO - Started process (PID=375) to work on /home/airflow/.local/lib/python3.8/site-packages/airflow/example_dags/tutorial_taskflow_api.py
[2025-04-09T06:48:07.926+0000] {processor.py:830} INFO - Processing file /home/airflow/.local/lib/python3.8/site-packages/airflow/example_dags/tutorial_taskflow_api.py for tasks to queue
[2025-04-09T06:48:07.928+0000] {logging_mixin.py:188} INFO - [2025-04-09T06:48:07.928+0000] {dagbag.py:538} INFO - Filling up the DagBag from /home/airflow/.local/lib/python3.8/site-packages/airflow/example_dags/tutorial_taskflow_api.py
[2025-04-09T06:48:07.935+0000] {processor.py:840} INFO - DAG(s) 'tutorial_taskflow_api' retrieved from /home/airflow/.local/lib/python3.8/site-packages/airflow/example_dags/tutorial_taskflow_api.py
[2025-04-09T06:48:07.957+0000] {logging_mixin.py:188} INFO - [2025-04-09T06:48:07.957+0000] {dag.py:3036} INFO - Sync 1 DAGs
[2025-04-09T06:48:07.972+0000] {logging_mixin.py:188} INFO - [2025-04-09T06:48:07.972+0000] {dag.py:3823} INFO - Setting next_dagrun for tutorial_taskflow_api to None, run_after=None
[2025-04-09T06:48:08.045+0000] {processor.py:183} INFO - Processing /home/airflow/.local/lib/python3.8/site-packages/airflow/example_dags/tutorial_taskflow_api.py took 0.151 seconds
[2025-04-09T06:48:38.367+0000] {processor.py:161} INFO - Started process (PID=433) to work on /home/airflow/.local/lib/python3.8/site-packages/airflow/example_dags/tutorial_taskflow_api.py
[2025-04-09T06:48:38.377+0000] {processor.py:830} INFO - Processing file /home/airflow/.local/lib/python3.8/site-packages/airflow/example_dags/tutorial_taskflow_api.py for tasks to queue
[2025-04-09T06:48:38.378+0000] {logging_mixin.py:188} INFO - [2025-04-09T06:48:38.378+0000] {dagbag.py:538} INFO - Filling up the DagBag from /home/airflow/.local/lib/python3.8/site-packages/airflow/example_dags/tutorial_taskflow_api.py
[2025-04-09T06:48:38.384+0000] {processor.py:840} INFO - DAG(s) 'tutorial_taskflow_api' retrieved from /home/airflow/.local/lib/python3.8/site-packages/airflow/example_dags/tutorial_taskflow_api.py
[2025-04-09T06:48:38.403+0000] {logging_mixin.py:188} INFO - [2025-04-09T06:48:38.403+0000] {dag.py:3036} INFO - Sync 1 DAGs
[2025-04-09T06:48:38.416+0000] {logging_mixin.py:188} INFO - [2025-04-09T06:48:38.416+0000] {dag.py:3823} INFO - Setting next_dagrun for tutorial_taskflow_api to None, run_after=None
[2025-04-09T06:48:38.482+0000] {processor.py:183} INFO - Processing /home/airflow/.local/lib/python3.8/site-packages/airflow/example_dags/tutorial_taskflow_api.py took 0.118 seconds
[2025-04-09T06:49:09.139+0000] {processor.py:161} INFO - Started process (PID=491) to work on /home/airflow/.local/lib/python3.8/site-packages/airflow/example_dags/tutorial_taskflow_api.py
[2025-04-09T06:49:09.159+0000] {processor.py:830} INFO - Processing file /home/airflow/.local/lib/python3.8/site-packages/airflow/example_dags/tutorial_taskflow_api.py for tasks to queue
[2025-04-09T06:49:09.162+0000] {logging_mixin.py:188} INFO - [2025-04-09T06:49:09.161+0000] {dagbag.py:538} INFO - Filling up the DagBag from /home/airflow/.local/lib/python3.8/site-packages/airflow/example_dags/tutorial_taskflow_api.py
[2025-04-09T06:49:09.170+0000] {processor.py:840} INFO - DAG(s) 'tutorial_taskflow_api' retrieved from /home/airflow/.local/lib/python3.8/site-packages/airflow/example_dags/tutorial_taskflow_api.py
[2025-04-09T06:49:09.198+0000] {logging_mixin.py:188} INFO - [2025-04-09T06:49:09.197+0000] {dag.py:3036} INFO - Sync 1 DAGs
[2025-04-09T06:49:09.212+0000] {logging_mixin.py:188} INFO - [2025-04-09T06:49:09.211+0000] {dag.py:3823} INFO - Setting next_dagrun for tutorial_taskflow_api to None, run_after=None
[2025-04-09T06:49:09.257+0000] {processor.py:183} INFO - Processing /home/airflow/.local/lib/python3.8/site-packages/airflow/example_dags/tutorial_taskflow_api.py took 0.121 seconds
[2025-04-09T06:49:39.609+0000] {processor.py:161} INFO - Started process (PID=549) to work on /home/airflow/.local/lib/python3.8/site-packages/airflow/example_dags/tutorial_taskflow_api.py
[2025-04-09T06:49:39.610+0000] {processor.py:830} INFO - Processing file /home/airflow/.local/lib/python3.8/site-packages/airflow/example_dags/tutorial_taskflow_api.py for tasks to queue
[2025-04-09T06:49:39.612+0000] {logging_mixin.py:188} INFO - [2025-04-09T06:49:39.612+0000] {dagbag.py:538} INFO - Filling up the DagBag from /home/airflow/.local/lib/python3.8/site-packages/airflow/example_dags/tutorial_taskflow_api.py
[2025-04-09T06:49:39.620+0000] {processor.py:840} INFO - DAG(s) 'tutorial_taskflow_api' retrieved from /home/airflow/.local/lib/python3.8/site-packages/airflow/example_dags/tutorial_taskflow_api.py
[2025-04-09T06:49:39.642+0000] {logging_mixin.py:188} INFO - [2025-04-09T06:49:39.642+0000] {dag.py:3036} INFO - Sync 1 DAGs
[2025-04-09T06:49:39.655+0000] {logging_mixin.py:188} INFO - [2025-04-09T06:49:39.654+0000] {dag.py:3823} INFO - Setting next_dagrun for tutorial_taskflow_api to None, run_after=None
[2025-04-09T06:49:39.762+0000] {processor.py:183} INFO - Processing /home/airflow/.local/lib/python3.8/site-packages/airflow/example_dags/tutorial_taskflow_api.py took 0.158 seconds
[2025-04-09T06:50:09.991+0000] {processor.py:161} INFO - Started process (PID=607) to work on /home/airflow/.local/lib/python3.8/site-packages/airflow/example_dags/tutorial_taskflow_api.py
[2025-04-09T06:50:09.992+0000] {processor.py:830} INFO - Processing file /home/airflow/.local/lib/python3.8/site-packages/airflow/example_dags/tutorial_taskflow_api.py for tasks to queue
[2025-04-09T06:50:09.993+0000] {logging_mixin.py:188} INFO - [2025-04-09T06:50:09.993+0000] {dagbag.py:538} INFO - Filling up the DagBag from /home/airflow/.local/lib/python3.8/site-packages/airflow/example_dags/tutorial_taskflow_api.py
[2025-04-09T06:50:09.999+0000] {processor.py:840} INFO - DAG(s) 'tutorial_taskflow_api' retrieved from /home/airflow/.local/lib/python3.8/site-packages/airflow/example_dags/tutorial_taskflow_api.py
[2025-04-09T06:50:10.021+0000] {logging_mixin.py:188} INFO - [2025-04-09T06:50:10.020+0000] {dag.py:3036} INFO - Sync 1 DAGs
[2025-04-09T06:50:10.032+0000] {logging_mixin.py:188} INFO - [2025-04-09T06:50:10.032+0000] {dag.py:3823} INFO - Setting next_dagrun for tutorial_taskflow_api to None, run_after=None
[2025-04-09T06:50:10.116+0000] {processor.py:183} INFO - Processing /home/airflow/.local/lib/python3.8/site-packages/airflow/example_dags/tutorial_taskflow_api.py took 0.128 seconds
[2025-04-09T06:50:40.219+0000] {processor.py:161} INFO - Started process (PID=665) to work on /home/airflow/.local/lib/python3.8/site-packages/airflow/example_dags/tutorial_taskflow_api.py
[2025-04-09T06:50:40.225+0000] {processor.py:830} INFO - Processing file /home/airflow/.local/lib/python3.8/site-packages/airflow/example_dags/tutorial_taskflow_api.py for tasks to queue
[2025-04-09T06:50:40.227+0000] {logging_mixin.py:188} INFO - [2025-04-09T06:50:40.226+0000] {dagbag.py:538} INFO - Filling up the DagBag from /home/airflow/.local/lib/python3.8/site-packages/airflow/example_dags/tutorial_taskflow_api.py
[2025-04-09T06:50:40.233+0000] {processor.py:840} INFO - DAG(s) 'tutorial_taskflow_api' retrieved from /home/airflow/.local/lib/python3.8/site-packages/airflow/example_dags/tutorial_taskflow_api.py
[2025-04-09T06:50:40.255+0000] {logging_mixin.py:188} INFO - [2025-04-09T06:50:40.254+0000] {dag.py:3036} INFO - Sync 1 DAGs
[2025-04-09T06:50:40.269+0000] {logging_mixin.py:188} INFO - [2025-04-09T06:50:40.269+0000] {dag.py:3823} INFO - Setting next_dagrun for tutorial_taskflow_api to None, run_after=None
[2025-04-09T06:50:40.318+0000] {processor.py:183} INFO - Processing /home/airflow/.local/lib/python3.8/site-packages/airflow/example_dags/tutorial_taskflow_api.py took 0.102 seconds
[2025-04-09T06:51:11.047+0000] {processor.py:161} INFO - Started process (PID=724) to work on /home/airflow/.local/lib/python3.8/site-packages/airflow/example_dags/tutorial_taskflow_api.py
[2025-04-09T06:51:11.048+0000] {processor.py:830} INFO - Processing file /home/airflow/.local/lib/python3.8/site-packages/airflow/example_dags/tutorial_taskflow_api.py for tasks to queue
[2025-04-09T06:51:11.049+0000] {logging_mixin.py:188} INFO - [2025-04-09T06:51:11.049+0000] {dagbag.py:538} INFO - Filling up the DagBag from /home/airflow/.local/lib/python3.8/site-packages/airflow/example_dags/tutorial_taskflow_api.py
[2025-04-09T06:51:11.055+0000] {processor.py:840} INFO - DAG(s) 'tutorial_taskflow_api' retrieved from /home/airflow/.local/lib/python3.8/site-packages/airflow/example_dags/tutorial_taskflow_api.py
[2025-04-09T06:51:11.078+0000] {logging_mixin.py:188} INFO - [2025-04-09T06:51:11.077+0000] {dag.py:3036} INFO - Sync 1 DAGs
[2025-04-09T06:51:11.092+0000] {logging_mixin.py:188} INFO - [2025-04-09T06:51:11.092+0000] {dag.py:3823} INFO - Setting next_dagrun for tutorial_taskflow_api to None, run_after=None
[2025-04-09T06:51:11.141+0000] {processor.py:183} INFO - Processing /home/airflow/.local/lib/python3.8/site-packages/airflow/example_dags/tutorial_taskflow_api.py took 0.097 seconds
[2025-04-09T06:51:43.611+0000] {processor.py:161} INFO - Started process (PID=783) to work on /home/airflow/.local/lib/python3.8/site-packages/airflow/example_dags/tutorial_taskflow_api.py
[2025-04-09T06:51:43.612+0000] {processor.py:830} INFO - Processing file /home/airflow/.local/lib/python3.8/site-packages/airflow/example_dags/tutorial_taskflow_api.py for tasks to queue
[2025-04-09T06:51:43.614+0000] {logging_mixin.py:188} INFO - [2025-04-09T06:51:43.614+0000] {dagbag.py:538} INFO - Filling up the DagBag from /home/airflow/.local/lib/python3.8/site-packages/airflow/example_dags/tutorial_taskflow_api.py
[2025-04-09T06:51:43.619+0000] {processor.py:840} INFO - DAG(s) 'tutorial_taskflow_api' retrieved from /home/airflow/.local/lib/python3.8/site-packages/airflow/example_dags/tutorial_taskflow_api.py
[2025-04-09T06:51:43.643+0000] {logging_mixin.py:188} INFO - [2025-04-09T06:51:43.643+0000] {dag.py:3036} INFO - Sync 1 DAGs
[2025-04-09T06:51:43.657+0000] {logging_mixin.py:188} INFO - [2025-04-09T06:51:43.657+0000] {dag.py:3823} INFO - Setting next_dagrun for tutorial_taskflow_api to None, run_after=None
[2025-04-09T06:51:43.736+0000] {processor.py:183} INFO - Processing /home/airflow/.local/lib/python3.8/site-packages/airflow/example_dags/tutorial_taskflow_api.py took 0.128 seconds
[2025-04-09T06:52:33.811+0000] {processor.py:161} INFO - Started process (PID=93) to work on /home/airflow/.local/lib/python3.8/site-packages/airflow/example_dags/tutorial_taskflow_api.py
[2025-04-09T06:52:33.830+0000] {processor.py:830} INFO - Processing file /home/airflow/.local/lib/python3.8/site-packages/airflow/example_dags/tutorial_taskflow_api.py for tasks to queue
[2025-04-09T06:52:33.833+0000] {logging_mixin.py:188} INFO - [2025-04-09T06:52:33.833+0000] {dagbag.py:538} INFO - Filling up the DagBag from /home/airflow/.local/lib/python3.8/site-packages/airflow/example_dags/tutorial_taskflow_api.py
[2025-04-09T06:52:33.850+0000] {processor.py:840} INFO - DAG(s) 'tutorial_taskflow_api' retrieved from /home/airflow/.local/lib/python3.8/site-packages/airflow/example_dags/tutorial_taskflow_api.py
[2025-04-09T06:52:33.873+0000] {logging_mixin.py:188} INFO - [2025-04-09T06:52:33.873+0000] {dag.py:3036} INFO - Sync 1 DAGs
[2025-04-09T06:52:33.898+0000] {logging_mixin.py:188} INFO - [2025-04-09T06:52:33.898+0000] {dag.py:3823} INFO - Setting next_dagrun for tutorial_taskflow_api to None, run_after=None
[2025-04-09T06:52:33.971+0000] {processor.py:183} INFO - Processing /home/airflow/.local/lib/python3.8/site-packages/airflow/example_dags/tutorial_taskflow_api.py took 0.165 seconds
[2025-04-09T06:53:06.348+0000] {processor.py:161} INFO - Started process (PID=151) to work on /home/airflow/.local/lib/python3.8/site-packages/airflow/example_dags/tutorial_taskflow_api.py
[2025-04-09T06:53:06.375+0000] {processor.py:830} INFO - Processing file /home/airflow/.local/lib/python3.8/site-packages/airflow/example_dags/tutorial_taskflow_api.py for tasks to queue
[2025-04-09T06:53:06.376+0000] {logging_mixin.py:188} INFO - [2025-04-09T06:53:06.376+0000] {dagbag.py:538} INFO - Filling up the DagBag from /home/airflow/.local/lib/python3.8/site-packages/airflow/example_dags/tutorial_taskflow_api.py
[2025-04-09T06:53:06.382+0000] {processor.py:840} INFO - DAG(s) 'tutorial_taskflow_api' retrieved from /home/airflow/.local/lib/python3.8/site-packages/airflow/example_dags/tutorial_taskflow_api.py
[2025-04-09T06:53:06.483+0000] {logging_mixin.py:188} INFO - [2025-04-09T06:53:06.483+0000] {dag.py:3036} INFO - Sync 1 DAGs
[2025-04-09T06:53:06.494+0000] {logging_mixin.py:188} INFO - [2025-04-09T06:53:06.493+0000] {dag.py:3823} INFO - Setting next_dagrun for tutorial_taskflow_api to None, run_after=None
[2025-04-09T06:53:06.545+0000] {processor.py:183} INFO - Processing /home/airflow/.local/lib/python3.8/site-packages/airflow/example_dags/tutorial_taskflow_api.py took 0.200 seconds
[2025-04-09T06:53:37.105+0000] {processor.py:161} INFO - Started process (PID=209) to work on /home/airflow/.local/lib/python3.8/site-packages/airflow/example_dags/tutorial_taskflow_api.py
[2025-04-09T06:53:37.106+0000] {processor.py:830} INFO - Processing file /home/airflow/.local/lib/python3.8/site-packages/airflow/example_dags/tutorial_taskflow_api.py for tasks to queue
[2025-04-09T06:53:37.108+0000] {logging_mixin.py:188} INFO - [2025-04-09T06:53:37.107+0000] {dagbag.py:538} INFO - Filling up the DagBag from /home/airflow/.local/lib/python3.8/site-packages/airflow/example_dags/tutorial_taskflow_api.py
[2025-04-09T06:53:37.113+0000] {processor.py:840} INFO - DAG(s) 'tutorial_taskflow_api' retrieved from /home/airflow/.local/lib/python3.8/site-packages/airflow/example_dags/tutorial_taskflow_api.py
[2025-04-09T06:53:37.135+0000] {logging_mixin.py:188} INFO - [2025-04-09T06:53:37.135+0000] {dag.py:3036} INFO - Sync 1 DAGs
[2025-04-09T06:53:37.147+0000] {logging_mixin.py:188} INFO - [2025-04-09T06:53:37.147+0000] {dag.py:3823} INFO - Setting next_dagrun for tutorial_taskflow_api to None, run_after=None
[2025-04-09T06:53:37.221+0000] {processor.py:183} INFO - Processing /home/airflow/.local/lib/python3.8/site-packages/airflow/example_dags/tutorial_taskflow_api.py took 0.119 seconds
[2025-04-09T06:54:10.509+0000] {processor.py:161} INFO - Started process (PID=267) to work on /home/airflow/.local/lib/python3.8/site-packages/airflow/example_dags/tutorial_taskflow_api.py
[2025-04-09T06:54:10.571+0000] {processor.py:830} INFO - Processing file /home/airflow/.local/lib/python3.8/site-packages/airflow/example_dags/tutorial_taskflow_api.py for tasks to queue
[2025-04-09T06:54:10.573+0000] {logging_mixin.py:188} INFO - [2025-04-09T06:54:10.573+0000] {dagbag.py:538} INFO - Filling up the DagBag from /home/airflow/.local/lib/python3.8/site-packages/airflow/example_dags/tutorial_taskflow_api.py
[2025-04-09T06:54:10.580+0000] {processor.py:840} INFO - DAG(s) 'tutorial_taskflow_api' retrieved from /home/airflow/.local/lib/python3.8/site-packages/airflow/example_dags/tutorial_taskflow_api.py
[2025-04-09T06:54:10.605+0000] {logging_mixin.py:188} INFO - [2025-04-09T06:54:10.604+0000] {dag.py:3036} INFO - Sync 1 DAGs
[2025-04-09T06:54:10.620+0000] {logging_mixin.py:188} INFO - [2025-04-09T06:54:10.620+0000] {dag.py:3823} INFO - Setting next_dagrun for tutorial_taskflow_api to None, run_after=None
[2025-04-09T06:54:10.743+0000] {processor.py:183} INFO - Processing /home/airflow/.local/lib/python3.8/site-packages/airflow/example_dags/tutorial_taskflow_api.py took 0.237 seconds
[2025-04-09T06:54:43.647+0000] {processor.py:161} INFO - Started process (PID=325) to work on /home/airflow/.local/lib/python3.8/site-packages/airflow/example_dags/tutorial_taskflow_api.py
[2025-04-09T06:54:43.648+0000] {processor.py:830} INFO - Processing file /home/airflow/.local/lib/python3.8/site-packages/airflow/example_dags/tutorial_taskflow_api.py for tasks to queue
[2025-04-09T06:54:43.650+0000] {logging_mixin.py:188} INFO - [2025-04-09T06:54:43.649+0000] {dagbag.py:538} INFO - Filling up the DagBag from /home/airflow/.local/lib/python3.8/site-packages/airflow/example_dags/tutorial_taskflow_api.py
[2025-04-09T06:54:43.656+0000] {processor.py:840} INFO - DAG(s) 'tutorial_taskflow_api' retrieved from /home/airflow/.local/lib/python3.8/site-packages/airflow/example_dags/tutorial_taskflow_api.py
[2025-04-09T06:54:43.677+0000] {logging_mixin.py:188} INFO - [2025-04-09T06:54:43.677+0000] {dag.py:3036} INFO - Sync 1 DAGs
[2025-04-09T06:54:43.690+0000] {logging_mixin.py:188} INFO - [2025-04-09T06:54:43.689+0000] {dag.py:3823} INFO - Setting next_dagrun for tutorial_taskflow_api to None, run_after=None
[2025-04-09T06:54:43.735+0000] {processor.py:183} INFO - Processing /home/airflow/.local/lib/python3.8/site-packages/airflow/example_dags/tutorial_taskflow_api.py took 0.092 seconds
[2025-04-09T06:55:17.701+0000] {processor.py:161} INFO - Started process (PID=383) to work on /home/airflow/.local/lib/python3.8/site-packages/airflow/example_dags/tutorial_taskflow_api.py
[2025-04-09T06:55:17.703+0000] {processor.py:830} INFO - Processing file /home/airflow/.local/lib/python3.8/site-packages/airflow/example_dags/tutorial_taskflow_api.py for tasks to queue
[2025-04-09T06:55:17.705+0000] {logging_mixin.py:188} INFO - [2025-04-09T06:55:17.705+0000] {dagbag.py:538} INFO - Filling up the DagBag from /home/airflow/.local/lib/python3.8/site-packages/airflow/example_dags/tutorial_taskflow_api.py
[2025-04-09T06:55:17.712+0000] {processor.py:840} INFO - DAG(s) 'tutorial_taskflow_api' retrieved from /home/airflow/.local/lib/python3.8/site-packages/airflow/example_dags/tutorial_taskflow_api.py
[2025-04-09T06:55:17.736+0000] {logging_mixin.py:188} INFO - [2025-04-09T06:55:17.736+0000] {dag.py:3036} INFO - Sync 1 DAGs
[2025-04-09T06:55:17.751+0000] {logging_mixin.py:188} INFO - [2025-04-09T06:55:17.751+0000] {dag.py:3823} INFO - Setting next_dagrun for tutorial_taskflow_api to None, run_after=None
[2025-04-09T06:55:17.799+0000] {processor.py:183} INFO - Processing /home/airflow/.local/lib/python3.8/site-packages/airflow/example_dags/tutorial_taskflow_api.py took 0.101 seconds
[2025-04-09T06:55:48.302+0000] {processor.py:161} INFO - Started process (PID=441) to work on /home/airflow/.local/lib/python3.8/site-packages/airflow/example_dags/tutorial_taskflow_api.py
[2025-04-09T06:55:48.303+0000] {processor.py:830} INFO - Processing file /home/airflow/.local/lib/python3.8/site-packages/airflow/example_dags/tutorial_taskflow_api.py for tasks to queue
[2025-04-09T06:55:48.306+0000] {logging_mixin.py:188} INFO - [2025-04-09T06:55:48.305+0000] {dagbag.py:538} INFO - Filling up the DagBag from /home/airflow/.local/lib/python3.8/site-packages/airflow/example_dags/tutorial_taskflow_api.py
[2025-04-09T06:55:48.314+0000] {processor.py:840} INFO - DAG(s) 'tutorial_taskflow_api' retrieved from /home/airflow/.local/lib/python3.8/site-packages/airflow/example_dags/tutorial_taskflow_api.py
[2025-04-09T06:55:48.338+0000] {logging_mixin.py:188} INFO - [2025-04-09T06:55:48.338+0000] {dag.py:3036} INFO - Sync 1 DAGs
[2025-04-09T06:55:48.356+0000] {logging_mixin.py:188} INFO - [2025-04-09T06:55:48.355+0000] {dag.py:3823} INFO - Setting next_dagrun for tutorial_taskflow_api to None, run_after=None
[2025-04-09T06:55:48.431+0000] {processor.py:183} INFO - Processing /home/airflow/.local/lib/python3.8/site-packages/airflow/example_dags/tutorial_taskflow_api.py took 0.133 seconds
[2025-04-09T06:56:19.254+0000] {processor.py:161} INFO - Started process (PID=499) to work on /home/airflow/.local/lib/python3.8/site-packages/airflow/example_dags/tutorial_taskflow_api.py
[2025-04-09T06:56:19.256+0000] {processor.py:830} INFO - Processing file /home/airflow/.local/lib/python3.8/site-packages/airflow/example_dags/tutorial_taskflow_api.py for tasks to queue
[2025-04-09T06:56:19.258+0000] {logging_mixin.py:188} INFO - [2025-04-09T06:56:19.257+0000] {dagbag.py:538} INFO - Filling up the DagBag from /home/airflow/.local/lib/python3.8/site-packages/airflow/example_dags/tutorial_taskflow_api.py
[2025-04-09T06:56:19.263+0000] {processor.py:840} INFO - DAG(s) 'tutorial_taskflow_api' retrieved from /home/airflow/.local/lib/python3.8/site-packages/airflow/example_dags/tutorial_taskflow_api.py
[2025-04-09T06:56:19.285+0000] {logging_mixin.py:188} INFO - [2025-04-09T06:56:19.284+0000] {dag.py:3036} INFO - Sync 1 DAGs
[2025-04-09T06:56:19.298+0000] {logging_mixin.py:188} INFO - [2025-04-09T06:56:19.298+0000] {dag.py:3823} INFO - Setting next_dagrun for tutorial_taskflow_api to None, run_after=None
[2025-04-09T06:56:19.377+0000] {processor.py:183} INFO - Processing /home/airflow/.local/lib/python3.8/site-packages/airflow/example_dags/tutorial_taskflow_api.py took 0.126 seconds
[2025-04-09T06:56:50.797+0000] {processor.py:161} INFO - Started process (PID=557) to work on /home/airflow/.local/lib/python3.8/site-packages/airflow/example_dags/tutorial_taskflow_api.py
[2025-04-09T06:56:50.834+0000] {processor.py:830} INFO - Processing file /home/airflow/.local/lib/python3.8/site-packages/airflow/example_dags/tutorial_taskflow_api.py for tasks to queue
[2025-04-09T06:56:50.837+0000] {logging_mixin.py:188} INFO - [2025-04-09T06:56:50.837+0000] {dagbag.py:538} INFO - Filling up the DagBag from /home/airflow/.local/lib/python3.8/site-packages/airflow/example_dags/tutorial_taskflow_api.py
[2025-04-09T06:56:50.848+0000] {processor.py:840} INFO - DAG(s) 'tutorial_taskflow_api' retrieved from /home/airflow/.local/lib/python3.8/site-packages/airflow/example_dags/tutorial_taskflow_api.py
[2025-04-09T06:56:50.879+0000] {logging_mixin.py:188} INFO - [2025-04-09T06:56:50.879+0000] {dag.py:3036} INFO - Sync 1 DAGs
[2025-04-09T06:56:50.900+0000] {logging_mixin.py:188} INFO - [2025-04-09T06:56:50.900+0000] {dag.py:3823} INFO - Setting next_dagrun for tutorial_taskflow_api to None, run_after=None
[2025-04-09T06:56:51.109+0000] {processor.py:183} INFO - Processing /home/airflow/.local/lib/python3.8/site-packages/airflow/example_dags/tutorial_taskflow_api.py took 0.316 seconds
[2025-04-09T06:57:25.479+0000] {processor.py:161} INFO - Started process (PID=85) to work on /home/airflow/.local/lib/python3.8/site-packages/airflow/example_dags/tutorial_taskflow_api.py
[2025-04-09T06:57:25.481+0000] {processor.py:830} INFO - Processing file /home/airflow/.local/lib/python3.8/site-packages/airflow/example_dags/tutorial_taskflow_api.py for tasks to queue
[2025-04-09T06:57:25.483+0000] {logging_mixin.py:188} INFO - [2025-04-09T06:57:25.482+0000] {dagbag.py:538} INFO - Filling up the DagBag from /home/airflow/.local/lib/python3.8/site-packages/airflow/example_dags/tutorial_taskflow_api.py
[2025-04-09T06:57:25.490+0000] {processor.py:840} INFO - DAG(s) 'tutorial_taskflow_api' retrieved from /home/airflow/.local/lib/python3.8/site-packages/airflow/example_dags/tutorial_taskflow_api.py
[2025-04-09T06:57:25.513+0000] {logging_mixin.py:188} INFO - [2025-04-09T06:57:25.512+0000] {dag.py:3036} INFO - Sync 1 DAGs
[2025-04-09T06:57:25.527+0000] {logging_mixin.py:188} INFO - [2025-04-09T06:57:25.527+0000] {dag.py:3823} INFO - Setting next_dagrun for tutorial_taskflow_api to None, run_after=None
[2025-04-09T06:57:25.574+0000] {processor.py:183} INFO - Processing /home/airflow/.local/lib/python3.8/site-packages/airflow/example_dags/tutorial_taskflow_api.py took 0.097 seconds
[2025-04-09T06:57:55.709+0000] {processor.py:161} INFO - Started process (PID=137) to work on /home/airflow/.local/lib/python3.8/site-packages/airflow/example_dags/tutorial_taskflow_api.py
[2025-04-09T06:57:55.715+0000] {processor.py:830} INFO - Processing file /home/airflow/.local/lib/python3.8/site-packages/airflow/example_dags/tutorial_taskflow_api.py for tasks to queue
[2025-04-09T06:57:55.717+0000] {logging_mixin.py:188} INFO - [2025-04-09T06:57:55.717+0000] {dagbag.py:538} INFO - Filling up the DagBag from /home/airflow/.local/lib/python3.8/site-packages/airflow/example_dags/tutorial_taskflow_api.py
[2025-04-09T06:57:55.723+0000] {processor.py:840} INFO - DAG(s) 'tutorial_taskflow_api' retrieved from /home/airflow/.local/lib/python3.8/site-packages/airflow/example_dags/tutorial_taskflow_api.py
[2025-04-09T06:57:55.744+0000] {logging_mixin.py:188} INFO - [2025-04-09T06:57:55.744+0000] {dag.py:3036} INFO - Sync 1 DAGs
[2025-04-09T06:57:55.757+0000] {logging_mixin.py:188} INFO - [2025-04-09T06:57:55.757+0000] {dag.py:3823} INFO - Setting next_dagrun for tutorial_taskflow_api to None, run_after=None
[2025-04-09T06:57:55.807+0000] {processor.py:183} INFO - Processing /home/airflow/.local/lib/python3.8/site-packages/airflow/example_dags/tutorial_taskflow_api.py took 0.101 seconds
[2025-04-09T06:58:25.915+0000] {processor.py:161} INFO - Started process (PID=195) to work on /home/airflow/.local/lib/python3.8/site-packages/airflow/example_dags/tutorial_taskflow_api.py
[2025-04-09T06:58:25.920+0000] {processor.py:830} INFO - Processing file /home/airflow/.local/lib/python3.8/site-packages/airflow/example_dags/tutorial_taskflow_api.py for tasks to queue
[2025-04-09T06:58:25.922+0000] {logging_mixin.py:188} INFO - [2025-04-09T06:58:25.921+0000] {dagbag.py:538} INFO - Filling up the DagBag from /home/airflow/.local/lib/python3.8/site-packages/airflow/example_dags/tutorial_taskflow_api.py
[2025-04-09T06:58:25.928+0000] {processor.py:840} INFO - DAG(s) 'tutorial_taskflow_api' retrieved from /home/airflow/.local/lib/python3.8/site-packages/airflow/example_dags/tutorial_taskflow_api.py
[2025-04-09T06:58:25.948+0000] {logging_mixin.py:188} INFO - [2025-04-09T06:58:25.948+0000] {dag.py:3036} INFO - Sync 1 DAGs
[2025-04-09T06:58:25.962+0000] {logging_mixin.py:188} INFO - [2025-04-09T06:58:25.962+0000] {dag.py:3823} INFO - Setting next_dagrun for tutorial_taskflow_api to None, run_after=None
[2025-04-09T06:58:26.013+0000] {processor.py:183} INFO - Processing /home/airflow/.local/lib/python3.8/site-packages/airflow/example_dags/tutorial_taskflow_api.py took 0.101 seconds
[2025-04-09T06:58:56.114+0000] {processor.py:161} INFO - Started process (PID=262) to work on /home/airflow/.local/lib/python3.8/site-packages/airflow/example_dags/tutorial_taskflow_api.py
[2025-04-09T06:58:56.115+0000] {processor.py:830} INFO - Processing file /home/airflow/.local/lib/python3.8/site-packages/airflow/example_dags/tutorial_taskflow_api.py for tasks to queue
[2025-04-09T06:58:56.116+0000] {logging_mixin.py:188} INFO - [2025-04-09T06:58:56.116+0000] {dagbag.py:538} INFO - Filling up the DagBag from /home/airflow/.local/lib/python3.8/site-packages/airflow/example_dags/tutorial_taskflow_api.py
[2025-04-09T06:58:56.122+0000] {processor.py:840} INFO - DAG(s) 'tutorial_taskflow_api' retrieved from /home/airflow/.local/lib/python3.8/site-packages/airflow/example_dags/tutorial_taskflow_api.py
[2025-04-09T06:58:56.141+0000] {logging_mixin.py:188} INFO - [2025-04-09T06:58:56.140+0000] {dag.py:3036} INFO - Sync 1 DAGs
[2025-04-09T06:58:56.152+0000] {logging_mixin.py:188} INFO - [2025-04-09T06:58:56.152+0000] {dag.py:3823} INFO - Setting next_dagrun for tutorial_taskflow_api to None, run_after=None
[2025-04-09T06:58:56.202+0000] {processor.py:183} INFO - Processing /home/airflow/.local/lib/python3.8/site-packages/airflow/example_dags/tutorial_taskflow_api.py took 0.090 seconds
[2025-04-09T06:59:29.667+0000] {processor.py:161} INFO - Started process (PID=320) to work on /home/airflow/.local/lib/python3.8/site-packages/airflow/example_dags/tutorial_taskflow_api.py
[2025-04-09T06:59:29.694+0000] {processor.py:830} INFO - Processing file /home/airflow/.local/lib/python3.8/site-packages/airflow/example_dags/tutorial_taskflow_api.py for tasks to queue
[2025-04-09T06:59:29.696+0000] {logging_mixin.py:188} INFO - [2025-04-09T06:59:29.695+0000] {dagbag.py:538} INFO - Filling up the DagBag from /home/airflow/.local/lib/python3.8/site-packages/airflow/example_dags/tutorial_taskflow_api.py
[2025-04-09T06:59:29.702+0000] {processor.py:840} INFO - DAG(s) 'tutorial_taskflow_api' retrieved from /home/airflow/.local/lib/python3.8/site-packages/airflow/example_dags/tutorial_taskflow_api.py
[2025-04-09T06:59:29.725+0000] {logging_mixin.py:188} INFO - [2025-04-09T06:59:29.724+0000] {dag.py:3036} INFO - Sync 1 DAGs
[2025-04-09T06:59:29.737+0000] {logging_mixin.py:188} INFO - [2025-04-09T06:59:29.737+0000] {dag.py:3823} INFO - Setting next_dagrun for tutorial_taskflow_api to None, run_after=None
[2025-04-09T06:59:29.781+0000] {processor.py:183} INFO - Processing /home/airflow/.local/lib/python3.8/site-packages/airflow/example_dags/tutorial_taskflow_api.py took 0.116 seconds
[2025-04-09T07:00:03.910+0000] {processor.py:161} INFO - Started process (PID=378) to work on /home/airflow/.local/lib/python3.8/site-packages/airflow/example_dags/tutorial_taskflow_api.py
[2025-04-09T07:00:03.918+0000] {processor.py:830} INFO - Processing file /home/airflow/.local/lib/python3.8/site-packages/airflow/example_dags/tutorial_taskflow_api.py for tasks to queue
[2025-04-09T07:00:03.919+0000] {logging_mixin.py:188} INFO - [2025-04-09T07:00:03.919+0000] {dagbag.py:538} INFO - Filling up the DagBag from /home/airflow/.local/lib/python3.8/site-packages/airflow/example_dags/tutorial_taskflow_api.py
[2025-04-09T07:00:03.925+0000] {processor.py:840} INFO - DAG(s) 'tutorial_taskflow_api' retrieved from /home/airflow/.local/lib/python3.8/site-packages/airflow/example_dags/tutorial_taskflow_api.py
[2025-04-09T07:00:03.945+0000] {logging_mixin.py:188} INFO - [2025-04-09T07:00:03.945+0000] {dag.py:3036} INFO - Sync 1 DAGs
[2025-04-09T07:00:03.961+0000] {logging_mixin.py:188} INFO - [2025-04-09T07:00:03.960+0000] {dag.py:3823} INFO - Setting next_dagrun for tutorial_taskflow_api to None, run_after=None
[2025-04-09T07:00:04.025+0000] {processor.py:183} INFO - Processing /home/airflow/.local/lib/python3.8/site-packages/airflow/example_dags/tutorial_taskflow_api.py took 0.119 seconds
[2025-04-09T07:00:34.875+0000] {processor.py:161} INFO - Started process (PID=436) to work on /home/airflow/.local/lib/python3.8/site-packages/airflow/example_dags/tutorial_taskflow_api.py
[2025-04-09T07:00:34.877+0000] {processor.py:830} INFO - Processing file /home/airflow/.local/lib/python3.8/site-packages/airflow/example_dags/tutorial_taskflow_api.py for tasks to queue
[2025-04-09T07:00:34.878+0000] {logging_mixin.py:188} INFO - [2025-04-09T07:00:34.878+0000] {dagbag.py:538} INFO - Filling up the DagBag from /home/airflow/.local/lib/python3.8/site-packages/airflow/example_dags/tutorial_taskflow_api.py
[2025-04-09T07:00:34.885+0000] {processor.py:840} INFO - DAG(s) 'tutorial_taskflow_api' retrieved from /home/airflow/.local/lib/python3.8/site-packages/airflow/example_dags/tutorial_taskflow_api.py
[2025-04-09T07:00:34.905+0000] {logging_mixin.py:188} INFO - [2025-04-09T07:00:34.905+0000] {dag.py:3036} INFO - Sync 1 DAGs
[2025-04-09T07:00:34.918+0000] {logging_mixin.py:188} INFO - [2025-04-09T07:00:34.917+0000] {dag.py:3823} INFO - Setting next_dagrun for tutorial_taskflow_api to None, run_after=None
[2025-04-09T07:00:34.964+0000] {processor.py:183} INFO - Processing /home/airflow/.local/lib/python3.8/site-packages/airflow/example_dags/tutorial_taskflow_api.py took 0.092 seconds
[2025-04-09T07:01:05.342+0000] {processor.py:161} INFO - Started process (PID=494) to work on /home/airflow/.local/lib/python3.8/site-packages/airflow/example_dags/tutorial_taskflow_api.py
[2025-04-09T07:01:05.344+0000] {processor.py:830} INFO - Processing file /home/airflow/.local/lib/python3.8/site-packages/airflow/example_dags/tutorial_taskflow_api.py for tasks to queue
[2025-04-09T07:01:05.347+0000] {logging_mixin.py:188} INFO - [2025-04-09T07:01:05.346+0000] {dagbag.py:538} INFO - Filling up the DagBag from /home/airflow/.local/lib/python3.8/site-packages/airflow/example_dags/tutorial_taskflow_api.py
[2025-04-09T07:01:05.356+0000] {processor.py:840} INFO - DAG(s) 'tutorial_taskflow_api' retrieved from /home/airflow/.local/lib/python3.8/site-packages/airflow/example_dags/tutorial_taskflow_api.py
[2025-04-09T07:01:05.384+0000] {logging_mixin.py:188} INFO - [2025-04-09T07:01:05.384+0000] {dag.py:3036} INFO - Sync 1 DAGs
[2025-04-09T07:01:05.397+0000] {logging_mixin.py:188} INFO - [2025-04-09T07:01:05.397+0000] {dag.py:3823} INFO - Setting next_dagrun for tutorial_taskflow_api to None, run_after=None
[2025-04-09T07:01:05.479+0000] {processor.py:183} INFO - Processing /home/airflow/.local/lib/python3.8/site-packages/airflow/example_dags/tutorial_taskflow_api.py took 0.140 seconds
[2025-04-09T07:01:35.796+0000] {processor.py:161} INFO - Started process (PID=553) to work on /home/airflow/.local/lib/python3.8/site-packages/airflow/example_dags/tutorial_taskflow_api.py
[2025-04-09T07:01:35.797+0000] {processor.py:830} INFO - Processing file /home/airflow/.local/lib/python3.8/site-packages/airflow/example_dags/tutorial_taskflow_api.py for tasks to queue
[2025-04-09T07:01:35.798+0000] {logging_mixin.py:188} INFO - [2025-04-09T07:01:35.798+0000] {dagbag.py:538} INFO - Filling up the DagBag from /home/airflow/.local/lib/python3.8/site-packages/airflow/example_dags/tutorial_taskflow_api.py
[2025-04-09T07:01:35.804+0000] {processor.py:840} INFO - DAG(s) 'tutorial_taskflow_api' retrieved from /home/airflow/.local/lib/python3.8/site-packages/airflow/example_dags/tutorial_taskflow_api.py
[2025-04-09T07:01:35.825+0000] {logging_mixin.py:188} INFO - [2025-04-09T07:01:35.824+0000] {dag.py:3036} INFO - Sync 1 DAGs
[2025-04-09T07:01:35.836+0000] {logging_mixin.py:188} INFO - [2025-04-09T07:01:35.836+0000] {dag.py:3823} INFO - Setting next_dagrun for tutorial_taskflow_api to None, run_after=None
[2025-04-09T07:01:35.878+0000] {processor.py:183} INFO - Processing /home/airflow/.local/lib/python3.8/site-packages/airflow/example_dags/tutorial_taskflow_api.py took 0.084 seconds
[2025-04-09T07:02:06.157+0000] {processor.py:161} INFO - Started process (PID=611) to work on /home/airflow/.local/lib/python3.8/site-packages/airflow/example_dags/tutorial_taskflow_api.py
[2025-04-09T07:02:06.159+0000] {processor.py:830} INFO - Processing file /home/airflow/.local/lib/python3.8/site-packages/airflow/example_dags/tutorial_taskflow_api.py for tasks to queue
[2025-04-09T07:02:06.160+0000] {logging_mixin.py:188} INFO - [2025-04-09T07:02:06.160+0000] {dagbag.py:538} INFO - Filling up the DagBag from /home/airflow/.local/lib/python3.8/site-packages/airflow/example_dags/tutorial_taskflow_api.py
[2025-04-09T07:02:06.166+0000] {processor.py:840} INFO - DAG(s) 'tutorial_taskflow_api' retrieved from /home/airflow/.local/lib/python3.8/site-packages/airflow/example_dags/tutorial_taskflow_api.py
[2025-04-09T07:02:06.190+0000] {logging_mixin.py:188} INFO - [2025-04-09T07:02:06.189+0000] {dag.py:3036} INFO - Sync 1 DAGs
[2025-04-09T07:02:06.203+0000] {logging_mixin.py:188} INFO - [2025-04-09T07:02:06.203+0000] {dag.py:3823} INFO - Setting next_dagrun for tutorial_taskflow_api to None, run_after=None
[2025-04-09T07:02:06.259+0000] {processor.py:183} INFO - Processing /home/airflow/.local/lib/python3.8/site-packages/airflow/example_dags/tutorial_taskflow_api.py took 0.105 seconds
[2025-04-09T07:02:37.045+0000] {processor.py:161} INFO - Started process (PID=669) to work on /home/airflow/.local/lib/python3.8/site-packages/airflow/example_dags/tutorial_taskflow_api.py
[2025-04-09T07:02:37.046+0000] {processor.py:830} INFO - Processing file /home/airflow/.local/lib/python3.8/site-packages/airflow/example_dags/tutorial_taskflow_api.py for tasks to queue
[2025-04-09T07:02:37.048+0000] {logging_mixin.py:188} INFO - [2025-04-09T07:02:37.047+0000] {dagbag.py:538} INFO - Filling up the DagBag from /home/airflow/.local/lib/python3.8/site-packages/airflow/example_dags/tutorial_taskflow_api.py
[2025-04-09T07:02:37.053+0000] {processor.py:840} INFO - DAG(s) 'tutorial_taskflow_api' retrieved from /home/airflow/.local/lib/python3.8/site-packages/airflow/example_dags/tutorial_taskflow_api.py
[2025-04-09T07:02:37.073+0000] {logging_mixin.py:188} INFO - [2025-04-09T07:02:37.073+0000] {dag.py:3036} INFO - Sync 1 DAGs
[2025-04-09T07:02:37.086+0000] {logging_mixin.py:188} INFO - [2025-04-09T07:02:37.085+0000] {dag.py:3823} INFO - Setting next_dagrun for tutorial_taskflow_api to None, run_after=None
[2025-04-09T07:02:37.155+0000] {processor.py:183} INFO - Processing /home/airflow/.local/lib/python3.8/site-packages/airflow/example_dags/tutorial_taskflow_api.py took 0.113 seconds
[2025-04-09T07:03:07.709+0000] {processor.py:161} INFO - Started process (PID=727) to work on /home/airflow/.local/lib/python3.8/site-packages/airflow/example_dags/tutorial_taskflow_api.py
[2025-04-09T07:03:07.710+0000] {processor.py:830} INFO - Processing file /home/airflow/.local/lib/python3.8/site-packages/airflow/example_dags/tutorial_taskflow_api.py for tasks to queue
[2025-04-09T07:03:07.712+0000] {logging_mixin.py:188} INFO - [2025-04-09T07:03:07.712+0000] {dagbag.py:538} INFO - Filling up the DagBag from /home/airflow/.local/lib/python3.8/site-packages/airflow/example_dags/tutorial_taskflow_api.py
[2025-04-09T07:03:07.718+0000] {processor.py:840} INFO - DAG(s) 'tutorial_taskflow_api' retrieved from /home/airflow/.local/lib/python3.8/site-packages/airflow/example_dags/tutorial_taskflow_api.py
[2025-04-09T07:03:07.741+0000] {logging_mixin.py:188} INFO - [2025-04-09T07:03:07.741+0000] {dag.py:3036} INFO - Sync 1 DAGs
[2025-04-09T07:03:07.756+0000] {logging_mixin.py:188} INFO - [2025-04-09T07:03:07.756+0000] {dag.py:3823} INFO - Setting next_dagrun for tutorial_taskflow_api to None, run_after=None
[2025-04-09T07:03:07.833+0000] {processor.py:183} INFO - Processing /home/airflow/.local/lib/python3.8/site-packages/airflow/example_dags/tutorial_taskflow_api.py took 0.128 seconds
[2025-04-09T07:03:40.005+0000] {processor.py:161} INFO - Started process (PID=785) to work on /home/airflow/.local/lib/python3.8/site-packages/airflow/example_dags/tutorial_taskflow_api.py
[2025-04-09T07:03:40.011+0000] {processor.py:830} INFO - Processing file /home/airflow/.local/lib/python3.8/site-packages/airflow/example_dags/tutorial_taskflow_api.py for tasks to queue
[2025-04-09T07:03:40.013+0000] {logging_mixin.py:188} INFO - [2025-04-09T07:03:40.012+0000] {dagbag.py:538} INFO - Filling up the DagBag from /home/airflow/.local/lib/python3.8/site-packages/airflow/example_dags/tutorial_taskflow_api.py
[2025-04-09T07:03:40.018+0000] {processor.py:840} INFO - DAG(s) 'tutorial_taskflow_api' retrieved from /home/airflow/.local/lib/python3.8/site-packages/airflow/example_dags/tutorial_taskflow_api.py
[2025-04-09T07:03:40.040+0000] {logging_mixin.py:188} INFO - [2025-04-09T07:03:40.039+0000] {dag.py:3036} INFO - Sync 1 DAGs
[2025-04-09T07:03:40.053+0000] {logging_mixin.py:188} INFO - [2025-04-09T07:03:40.052+0000] {dag.py:3823} INFO - Setting next_dagrun for tutorial_taskflow_api to None, run_after=None
[2025-04-09T07:03:40.103+0000] {processor.py:183} INFO - Processing /home/airflow/.local/lib/python3.8/site-packages/airflow/example_dags/tutorial_taskflow_api.py took 0.101 seconds
[2025-04-09T07:04:14.628+0000] {processor.py:161} INFO - Started process (PID=844) to work on /home/airflow/.local/lib/python3.8/site-packages/airflow/example_dags/tutorial_taskflow_api.py
[2025-04-09T07:04:14.629+0000] {processor.py:830} INFO - Processing file /home/airflow/.local/lib/python3.8/site-packages/airflow/example_dags/tutorial_taskflow_api.py for tasks to queue
[2025-04-09T07:04:14.631+0000] {logging_mixin.py:188} INFO - [2025-04-09T07:04:14.631+0000] {dagbag.py:538} INFO - Filling up the DagBag from /home/airflow/.local/lib/python3.8/site-packages/airflow/example_dags/tutorial_taskflow_api.py
[2025-04-09T07:04:14.636+0000] {processor.py:840} INFO - DAG(s) 'tutorial_taskflow_api' retrieved from /home/airflow/.local/lib/python3.8/site-packages/airflow/example_dags/tutorial_taskflow_api.py
[2025-04-09T07:04:14.659+0000] {logging_mixin.py:188} INFO - [2025-04-09T07:04:14.659+0000] {dag.py:3036} INFO - Sync 1 DAGs
[2025-04-09T07:04:14.676+0000] {logging_mixin.py:188} INFO - [2025-04-09T07:04:14.676+0000] {dag.py:3823} INFO - Setting next_dagrun for tutorial_taskflow_api to None, run_after=None
[2025-04-09T07:04:14.745+0000] {processor.py:183} INFO - Processing /home/airflow/.local/lib/python3.8/site-packages/airflow/example_dags/tutorial_taskflow_api.py took 0.119 seconds
[2025-04-09T07:04:45.308+0000] {processor.py:161} INFO - Started process (PID=902) to work on /home/airflow/.local/lib/python3.8/site-packages/airflow/example_dags/tutorial_taskflow_api.py
[2025-04-09T07:04:45.309+0000] {processor.py:830} INFO - Processing file /home/airflow/.local/lib/python3.8/site-packages/airflow/example_dags/tutorial_taskflow_api.py for tasks to queue
[2025-04-09T07:04:45.311+0000] {logging_mixin.py:188} INFO - [2025-04-09T07:04:45.310+0000] {dagbag.py:538} INFO - Filling up the DagBag from /home/airflow/.local/lib/python3.8/site-packages/airflow/example_dags/tutorial_taskflow_api.py
[2025-04-09T07:04:45.316+0000] {processor.py:840} INFO - DAG(s) 'tutorial_taskflow_api' retrieved from /home/airflow/.local/lib/python3.8/site-packages/airflow/example_dags/tutorial_taskflow_api.py
[2025-04-09T07:04:45.336+0000] {logging_mixin.py:188} INFO - [2025-04-09T07:04:45.336+0000] {dag.py:3036} INFO - Sync 1 DAGs
[2025-04-09T07:04:45.348+0000] {logging_mixin.py:188} INFO - [2025-04-09T07:04:45.348+0000] {dag.py:3823} INFO - Setting next_dagrun for tutorial_taskflow_api to None, run_after=None
[2025-04-09T07:04:45.426+0000] {processor.py:183} INFO - Processing /home/airflow/.local/lib/python3.8/site-packages/airflow/example_dags/tutorial_taskflow_api.py took 0.121 seconds
[2025-04-09T07:05:16.074+0000] {processor.py:161} INFO - Started process (PID=960) to work on /home/airflow/.local/lib/python3.8/site-packages/airflow/example_dags/tutorial_taskflow_api.py
[2025-04-09T07:05:16.076+0000] {processor.py:830} INFO - Processing file /home/airflow/.local/lib/python3.8/site-packages/airflow/example_dags/tutorial_taskflow_api.py for tasks to queue
[2025-04-09T07:05:16.078+0000] {logging_mixin.py:188} INFO - [2025-04-09T07:05:16.077+0000] {dagbag.py:538} INFO - Filling up the DagBag from /home/airflow/.local/lib/python3.8/site-packages/airflow/example_dags/tutorial_taskflow_api.py
[2025-04-09T07:05:16.083+0000] {processor.py:840} INFO - DAG(s) 'tutorial_taskflow_api' retrieved from /home/airflow/.local/lib/python3.8/site-packages/airflow/example_dags/tutorial_taskflow_api.py
[2025-04-09T07:05:16.106+0000] {logging_mixin.py:188} INFO - [2025-04-09T07:05:16.106+0000] {dag.py:3036} INFO - Sync 1 DAGs
[2025-04-09T07:05:16.124+0000] {logging_mixin.py:188} INFO - [2025-04-09T07:05:16.123+0000] {dag.py:3823} INFO - Setting next_dagrun for tutorial_taskflow_api to None, run_after=None
[2025-04-09T07:05:16.199+0000] {processor.py:183} INFO - Processing /home/airflow/.local/lib/python3.8/site-packages/airflow/example_dags/tutorial_taskflow_api.py took 0.128 seconds
[2025-04-09T07:05:46.382+0000] {processor.py:161} INFO - Started process (PID=1018) to work on /home/airflow/.local/lib/python3.8/site-packages/airflow/example_dags/tutorial_taskflow_api.py
[2025-04-09T07:05:46.384+0000] {processor.py:830} INFO - Processing file /home/airflow/.local/lib/python3.8/site-packages/airflow/example_dags/tutorial_taskflow_api.py for tasks to queue
[2025-04-09T07:05:46.386+0000] {logging_mixin.py:188} INFO - [2025-04-09T07:05:46.385+0000] {dagbag.py:538} INFO - Filling up the DagBag from /home/airflow/.local/lib/python3.8/site-packages/airflow/example_dags/tutorial_taskflow_api.py
[2025-04-09T07:05:46.392+0000] {processor.py:840} INFO - DAG(s) 'tutorial_taskflow_api' retrieved from /home/airflow/.local/lib/python3.8/site-packages/airflow/example_dags/tutorial_taskflow_api.py
[2025-04-09T07:05:46.423+0000] {logging_mixin.py:188} INFO - [2025-04-09T07:05:46.423+0000] {dag.py:3036} INFO - Sync 1 DAGs
[2025-04-09T07:05:46.436+0000] {logging_mixin.py:188} INFO - [2025-04-09T07:05:46.435+0000] {dag.py:3823} INFO - Setting next_dagrun for tutorial_taskflow_api to None, run_after=None
[2025-04-09T07:05:46.503+0000] {processor.py:183} INFO - Processing /home/airflow/.local/lib/python3.8/site-packages/airflow/example_dags/tutorial_taskflow_api.py took 0.125 seconds
[2025-04-09T07:06:16.861+0000] {processor.py:161} INFO - Started process (PID=1070) to work on /home/airflow/.local/lib/python3.8/site-packages/airflow/example_dags/tutorial_taskflow_api.py
[2025-04-09T07:06:16.862+0000] {processor.py:830} INFO - Processing file /home/airflow/.local/lib/python3.8/site-packages/airflow/example_dags/tutorial_taskflow_api.py for tasks to queue
[2025-04-09T07:06:16.864+0000] {logging_mixin.py:188} INFO - [2025-04-09T07:06:16.863+0000] {dagbag.py:538} INFO - Filling up the DagBag from /home/airflow/.local/lib/python3.8/site-packages/airflow/example_dags/tutorial_taskflow_api.py
[2025-04-09T07:06:16.870+0000] {processor.py:840} INFO - DAG(s) 'tutorial_taskflow_api' retrieved from /home/airflow/.local/lib/python3.8/site-packages/airflow/example_dags/tutorial_taskflow_api.py
[2025-04-09T07:06:16.893+0000] {logging_mixin.py:188} INFO - [2025-04-09T07:06:16.893+0000] {dag.py:3036} INFO - Sync 1 DAGs
[2025-04-09T07:06:16.908+0000] {logging_mixin.py:188} INFO - [2025-04-09T07:06:16.907+0000] {dag.py:3823} INFO - Setting next_dagrun for tutorial_taskflow_api to None, run_after=None
[2025-04-09T07:06:16.983+0000] {processor.py:183} INFO - Processing /home/airflow/.local/lib/python3.8/site-packages/airflow/example_dags/tutorial_taskflow_api.py took 0.125 seconds
[2025-04-09T07:10:01.768+0000] {processor.py:161} INFO - Started process (PID=104) to work on /home/airflow/.local/lib/python3.8/site-packages/airflow/example_dags/tutorial_taskflow_api.py
[2025-04-09T07:10:01.770+0000] {processor.py:830} INFO - Processing file /home/airflow/.local/lib/python3.8/site-packages/airflow/example_dags/tutorial_taskflow_api.py for tasks to queue
[2025-04-09T07:10:01.772+0000] {logging_mixin.py:188} INFO - [2025-04-09T07:10:01.771+0000] {dagbag.py:538} INFO - Filling up the DagBag from /home/airflow/.local/lib/python3.8/site-packages/airflow/example_dags/tutorial_taskflow_api.py
[2025-04-09T07:10:01.780+0000] {processor.py:840} INFO - DAG(s) 'tutorial_taskflow_api' retrieved from /home/airflow/.local/lib/python3.8/site-packages/airflow/example_dags/tutorial_taskflow_api.py
[2025-04-09T07:10:01.960+0000] {logging_mixin.py:188} INFO - [2025-04-09T07:10:01.954+0000] {dag.py:3036} INFO - Sync 1 DAGs
[2025-04-09T07:10:01.986+0000] {logging_mixin.py:188} INFO - [2025-04-09T07:10:01.986+0000] {dag.py:3823} INFO - Setting next_dagrun for tutorial_taskflow_api to None, run_after=None
[2025-04-09T07:10:02.057+0000] {processor.py:183} INFO - Processing /home/airflow/.local/lib/python3.8/site-packages/airflow/example_dags/tutorial_taskflow_api.py took 0.293 seconds
[2025-04-09T07:10:32.143+0000] {processor.py:161} INFO - Started process (PID=162) to work on /home/airflow/.local/lib/python3.8/site-packages/airflow/example_dags/tutorial_taskflow_api.py
[2025-04-09T07:10:32.145+0000] {processor.py:830} INFO - Processing file /home/airflow/.local/lib/python3.8/site-packages/airflow/example_dags/tutorial_taskflow_api.py for tasks to queue
[2025-04-09T07:10:32.147+0000] {logging_mixin.py:188} INFO - [2025-04-09T07:10:32.146+0000] {dagbag.py:538} INFO - Filling up the DagBag from /home/airflow/.local/lib/python3.8/site-packages/airflow/example_dags/tutorial_taskflow_api.py
[2025-04-09T07:10:32.157+0000] {processor.py:840} INFO - DAG(s) 'tutorial_taskflow_api' retrieved from /home/airflow/.local/lib/python3.8/site-packages/airflow/example_dags/tutorial_taskflow_api.py
[2025-04-09T07:10:32.208+0000] {logging_mixin.py:188} INFO - [2025-04-09T07:10:32.208+0000] {dag.py:3036} INFO - Sync 1 DAGs
[2025-04-09T07:10:32.237+0000] {logging_mixin.py:188} INFO - [2025-04-09T07:10:32.236+0000] {dag.py:3823} INFO - Setting next_dagrun for tutorial_taskflow_api to None, run_after=None
[2025-04-09T07:10:32.353+0000] {processor.py:183} INFO - Processing /home/airflow/.local/lib/python3.8/site-packages/airflow/example_dags/tutorial_taskflow_api.py took 0.215 seconds
[2025-04-09T07:11:02.625+0000] {processor.py:161} INFO - Started process (PID=214) to work on /home/airflow/.local/lib/python3.8/site-packages/airflow/example_dags/tutorial_taskflow_api.py
[2025-04-09T07:11:02.642+0000] {processor.py:830} INFO - Processing file /home/airflow/.local/lib/python3.8/site-packages/airflow/example_dags/tutorial_taskflow_api.py for tasks to queue
[2025-04-09T07:11:02.644+0000] {logging_mixin.py:188} INFO - [2025-04-09T07:11:02.644+0000] {dagbag.py:538} INFO - Filling up the DagBag from /home/airflow/.local/lib/python3.8/site-packages/airflow/example_dags/tutorial_taskflow_api.py
[2025-04-09T07:11:02.654+0000] {processor.py:840} INFO - DAG(s) 'tutorial_taskflow_api' retrieved from /home/airflow/.local/lib/python3.8/site-packages/airflow/example_dags/tutorial_taskflow_api.py
[2025-04-09T07:11:02.682+0000] {logging_mixin.py:188} INFO - [2025-04-09T07:11:02.682+0000] {dag.py:3036} INFO - Sync 1 DAGs
[2025-04-09T07:11:02.698+0000] {logging_mixin.py:188} INFO - [2025-04-09T07:11:02.698+0000] {dag.py:3823} INFO - Setting next_dagrun for tutorial_taskflow_api to None, run_after=None
[2025-04-09T07:11:02.774+0000] {processor.py:183} INFO - Processing /home/airflow/.local/lib/python3.8/site-packages/airflow/example_dags/tutorial_taskflow_api.py took 0.152 seconds
[2025-04-09T07:11:33.301+0000] {processor.py:161} INFO - Started process (PID=281) to work on /home/airflow/.local/lib/python3.8/site-packages/airflow/example_dags/tutorial_taskflow_api.py
[2025-04-09T07:11:33.302+0000] {processor.py:830} INFO - Processing file /home/airflow/.local/lib/python3.8/site-packages/airflow/example_dags/tutorial_taskflow_api.py for tasks to queue
[2025-04-09T07:11:33.304+0000] {logging_mixin.py:188} INFO - [2025-04-09T07:11:33.304+0000] {dagbag.py:538} INFO - Filling up the DagBag from /home/airflow/.local/lib/python3.8/site-packages/airflow/example_dags/tutorial_taskflow_api.py
[2025-04-09T07:11:33.316+0000] {processor.py:840} INFO - DAG(s) 'tutorial_taskflow_api' retrieved from /home/airflow/.local/lib/python3.8/site-packages/airflow/example_dags/tutorial_taskflow_api.py
[2025-04-09T07:11:33.344+0000] {logging_mixin.py:188} INFO - [2025-04-09T07:11:33.343+0000] {dag.py:3036} INFO - Sync 1 DAGs
[2025-04-09T07:11:33.362+0000] {logging_mixin.py:188} INFO - [2025-04-09T07:11:33.362+0000] {dag.py:3823} INFO - Setting next_dagrun for tutorial_taskflow_api to None, run_after=None
[2025-04-09T07:11:33.445+0000] {processor.py:183} INFO - Processing /home/airflow/.local/lib/python3.8/site-packages/airflow/example_dags/tutorial_taskflow_api.py took 0.148 seconds
[2025-04-09T07:12:03.837+0000] {processor.py:161} INFO - Started process (PID=339) to work on /home/airflow/.local/lib/python3.8/site-packages/airflow/example_dags/tutorial_taskflow_api.py
[2025-04-09T07:12:03.839+0000] {processor.py:830} INFO - Processing file /home/airflow/.local/lib/python3.8/site-packages/airflow/example_dags/tutorial_taskflow_api.py for tasks to queue
[2025-04-09T07:12:03.841+0000] {logging_mixin.py:188} INFO - [2025-04-09T07:12:03.841+0000] {dagbag.py:538} INFO - Filling up the DagBag from /home/airflow/.local/lib/python3.8/site-packages/airflow/example_dags/tutorial_taskflow_api.py
[2025-04-09T07:12:03.850+0000] {processor.py:840} INFO - DAG(s) 'tutorial_taskflow_api' retrieved from /home/airflow/.local/lib/python3.8/site-packages/airflow/example_dags/tutorial_taskflow_api.py
[2025-04-09T07:12:03.873+0000] {logging_mixin.py:188} INFO - [2025-04-09T07:12:03.872+0000] {dag.py:3036} INFO - Sync 1 DAGs
[2025-04-09T07:12:03.884+0000] {logging_mixin.py:188} INFO - [2025-04-09T07:12:03.884+0000] {dag.py:3823} INFO - Setting next_dagrun for tutorial_taskflow_api to None, run_after=None
[2025-04-09T07:12:03.981+0000] {processor.py:183} INFO - Processing /home/airflow/.local/lib/python3.8/site-packages/airflow/example_dags/tutorial_taskflow_api.py took 0.147 seconds
[2025-04-09T07:12:37.702+0000] {processor.py:161} INFO - Started process (PID=397) to work on /home/airflow/.local/lib/python3.8/site-packages/airflow/example_dags/tutorial_taskflow_api.py
[2025-04-09T07:12:37.713+0000] {processor.py:830} INFO - Processing file /home/airflow/.local/lib/python3.8/site-packages/airflow/example_dags/tutorial_taskflow_api.py for tasks to queue
[2025-04-09T07:12:37.715+0000] {logging_mixin.py:188} INFO - [2025-04-09T07:12:37.715+0000] {dagbag.py:538} INFO - Filling up the DagBag from /home/airflow/.local/lib/python3.8/site-packages/airflow/example_dags/tutorial_taskflow_api.py
[2025-04-09T07:12:37.721+0000] {processor.py:840} INFO - DAG(s) 'tutorial_taskflow_api' retrieved from /home/airflow/.local/lib/python3.8/site-packages/airflow/example_dags/tutorial_taskflow_api.py
[2025-04-09T07:12:37.742+0000] {logging_mixin.py:188} INFO - [2025-04-09T07:12:37.742+0000] {dag.py:3036} INFO - Sync 1 DAGs
[2025-04-09T07:12:37.754+0000] {logging_mixin.py:188} INFO - [2025-04-09T07:12:37.754+0000] {dag.py:3823} INFO - Setting next_dagrun for tutorial_taskflow_api to None, run_after=None
[2025-04-09T07:12:37.810+0000] {processor.py:183} INFO - Processing /home/airflow/.local/lib/python3.8/site-packages/airflow/example_dags/tutorial_taskflow_api.py took 0.110 seconds
[2025-04-09T07:13:12.542+0000] {processor.py:161} INFO - Started process (PID=455) to work on /home/airflow/.local/lib/python3.8/site-packages/airflow/example_dags/tutorial_taskflow_api.py
[2025-04-09T07:13:12.544+0000] {processor.py:830} INFO - Processing file /home/airflow/.local/lib/python3.8/site-packages/airflow/example_dags/tutorial_taskflow_api.py for tasks to queue
[2025-04-09T07:13:12.546+0000] {logging_mixin.py:188} INFO - [2025-04-09T07:13:12.545+0000] {dagbag.py:538} INFO - Filling up the DagBag from /home/airflow/.local/lib/python3.8/site-packages/airflow/example_dags/tutorial_taskflow_api.py
[2025-04-09T07:13:12.553+0000] {processor.py:840} INFO - DAG(s) 'tutorial_taskflow_api' retrieved from /home/airflow/.local/lib/python3.8/site-packages/airflow/example_dags/tutorial_taskflow_api.py
[2025-04-09T07:13:12.574+0000] {logging_mixin.py:188} INFO - [2025-04-09T07:13:12.574+0000] {dag.py:3036} INFO - Sync 1 DAGs
[2025-04-09T07:13:12.588+0000] {logging_mixin.py:188} INFO - [2025-04-09T07:13:12.588+0000] {dag.py:3823} INFO - Setting next_dagrun for tutorial_taskflow_api to None, run_after=None
[2025-04-09T07:13:12.642+0000] {processor.py:183} INFO - Processing /home/airflow/.local/lib/python3.8/site-packages/airflow/example_dags/tutorial_taskflow_api.py took 0.102 seconds
[2025-04-09T07:13:43.210+0000] {processor.py:161} INFO - Started process (PID=513) to work on /home/airflow/.local/lib/python3.8/site-packages/airflow/example_dags/tutorial_taskflow_api.py
[2025-04-09T07:13:43.225+0000] {processor.py:830} INFO - Processing file /home/airflow/.local/lib/python3.8/site-packages/airflow/example_dags/tutorial_taskflow_api.py for tasks to queue
[2025-04-09T07:13:43.227+0000] {logging_mixin.py:188} INFO - [2025-04-09T07:13:43.227+0000] {dagbag.py:538} INFO - Filling up the DagBag from /home/airflow/.local/lib/python3.8/site-packages/airflow/example_dags/tutorial_taskflow_api.py
[2025-04-09T07:13:43.236+0000] {processor.py:840} INFO - DAG(s) 'tutorial_taskflow_api' retrieved from /home/airflow/.local/lib/python3.8/site-packages/airflow/example_dags/tutorial_taskflow_api.py
[2025-04-09T07:13:43.263+0000] {logging_mixin.py:188} INFO - [2025-04-09T07:13:43.263+0000] {dag.py:3036} INFO - Sync 1 DAGs
[2025-04-09T07:13:43.279+0000] {logging_mixin.py:188} INFO - [2025-04-09T07:13:43.279+0000] {dag.py:3823} INFO - Setting next_dagrun for tutorial_taskflow_api to None, run_after=None
[2025-04-09T07:13:43.348+0000] {processor.py:183} INFO - Processing /home/airflow/.local/lib/python3.8/site-packages/airflow/example_dags/tutorial_taskflow_api.py took 0.140 seconds
[2025-04-09T07:14:13.634+0000] {processor.py:161} INFO - Started process (PID=571) to work on /home/airflow/.local/lib/python3.8/site-packages/airflow/example_dags/tutorial_taskflow_api.py
[2025-04-09T07:14:13.651+0000] {processor.py:830} INFO - Processing file /home/airflow/.local/lib/python3.8/site-packages/airflow/example_dags/tutorial_taskflow_api.py for tasks to queue
[2025-04-09T07:14:13.653+0000] {logging_mixin.py:188} INFO - [2025-04-09T07:14:13.652+0000] {dagbag.py:538} INFO - Filling up the DagBag from /home/airflow/.local/lib/python3.8/site-packages/airflow/example_dags/tutorial_taskflow_api.py
[2025-04-09T07:14:13.659+0000] {processor.py:840} INFO - DAG(s) 'tutorial_taskflow_api' retrieved from /home/airflow/.local/lib/python3.8/site-packages/airflow/example_dags/tutorial_taskflow_api.py
[2025-04-09T07:14:13.681+0000] {logging_mixin.py:188} INFO - [2025-04-09T07:14:13.681+0000] {dag.py:3036} INFO - Sync 1 DAGs
[2025-04-09T07:14:13.693+0000] {logging_mixin.py:188} INFO - [2025-04-09T07:14:13.693+0000] {dag.py:3823} INFO - Setting next_dagrun for tutorial_taskflow_api to None, run_after=None
[2025-04-09T07:14:13.769+0000] {processor.py:183} INFO - Processing /home/airflow/.local/lib/python3.8/site-packages/airflow/example_dags/tutorial_taskflow_api.py took 0.138 seconds
[2025-04-09T07:14:43.871+0000] {processor.py:161} INFO - Started process (PID=629) to work on /home/airflow/.local/lib/python3.8/site-packages/airflow/example_dags/tutorial_taskflow_api.py
[2025-04-09T07:14:43.872+0000] {processor.py:830} INFO - Processing file /home/airflow/.local/lib/python3.8/site-packages/airflow/example_dags/tutorial_taskflow_api.py for tasks to queue
[2025-04-09T07:14:43.874+0000] {logging_mixin.py:188} INFO - [2025-04-09T07:14:43.874+0000] {dagbag.py:538} INFO - Filling up the DagBag from /home/airflow/.local/lib/python3.8/site-packages/airflow/example_dags/tutorial_taskflow_api.py
[2025-04-09T07:14:43.881+0000] {processor.py:840} INFO - DAG(s) 'tutorial_taskflow_api' retrieved from /home/airflow/.local/lib/python3.8/site-packages/airflow/example_dags/tutorial_taskflow_api.py
[2025-04-09T07:14:43.906+0000] {logging_mixin.py:188} INFO - [2025-04-09T07:14:43.906+0000] {dag.py:3036} INFO - Sync 1 DAGs
[2025-04-09T07:14:43.922+0000] {logging_mixin.py:188} INFO - [2025-04-09T07:14:43.922+0000] {dag.py:3823} INFO - Setting next_dagrun for tutorial_taskflow_api to None, run_after=None
[2025-04-09T07:14:44.005+0000] {processor.py:183} INFO - Processing /home/airflow/.local/lib/python3.8/site-packages/airflow/example_dags/tutorial_taskflow_api.py took 0.137 seconds
[2025-04-09T07:15:14.294+0000] {processor.py:161} INFO - Started process (PID=687) to work on /home/airflow/.local/lib/python3.8/site-packages/airflow/example_dags/tutorial_taskflow_api.py
[2025-04-09T07:15:14.295+0000] {processor.py:830} INFO - Processing file /home/airflow/.local/lib/python3.8/site-packages/airflow/example_dags/tutorial_taskflow_api.py for tasks to queue
[2025-04-09T07:15:14.297+0000] {logging_mixin.py:188} INFO - [2025-04-09T07:15:14.297+0000] {dagbag.py:538} INFO - Filling up the DagBag from /home/airflow/.local/lib/python3.8/site-packages/airflow/example_dags/tutorial_taskflow_api.py
[2025-04-09T07:15:14.304+0000] {processor.py:840} INFO - DAG(s) 'tutorial_taskflow_api' retrieved from /home/airflow/.local/lib/python3.8/site-packages/airflow/example_dags/tutorial_taskflow_api.py
[2025-04-09T07:15:14.329+0000] {logging_mixin.py:188} INFO - [2025-04-09T07:15:14.329+0000] {dag.py:3036} INFO - Sync 1 DAGs
[2025-04-09T07:15:14.344+0000] {logging_mixin.py:188} INFO - [2025-04-09T07:15:14.344+0000] {dag.py:3823} INFO - Setting next_dagrun for tutorial_taskflow_api to None, run_after=None
[2025-04-09T07:15:14.409+0000] {processor.py:183} INFO - Processing /home/airflow/.local/lib/python3.8/site-packages/airflow/example_dags/tutorial_taskflow_api.py took 0.119 seconds
[2025-04-09T07:15:44.488+0000] {processor.py:161} INFO - Started process (PID=745) to work on /home/airflow/.local/lib/python3.8/site-packages/airflow/example_dags/tutorial_taskflow_api.py
[2025-04-09T07:15:44.518+0000] {processor.py:830} INFO - Processing file /home/airflow/.local/lib/python3.8/site-packages/airflow/example_dags/tutorial_taskflow_api.py for tasks to queue
[2025-04-09T07:15:44.520+0000] {logging_mixin.py:188} INFO - [2025-04-09T07:15:44.520+0000] {dagbag.py:538} INFO - Filling up the DagBag from /home/airflow/.local/lib/python3.8/site-packages/airflow/example_dags/tutorial_taskflow_api.py
[2025-04-09T07:15:44.529+0000] {processor.py:840} INFO - DAG(s) 'tutorial_taskflow_api' retrieved from /home/airflow/.local/lib/python3.8/site-packages/airflow/example_dags/tutorial_taskflow_api.py
[2025-04-09T07:15:44.554+0000] {logging_mixin.py:188} INFO - [2025-04-09T07:15:44.554+0000] {dag.py:3036} INFO - Sync 1 DAGs
[2025-04-09T07:15:44.568+0000] {logging_mixin.py:188} INFO - [2025-04-09T07:15:44.568+0000] {dag.py:3823} INFO - Setting next_dagrun for tutorial_taskflow_api to None, run_after=None
[2025-04-09T07:15:44.651+0000] {processor.py:183} INFO - Processing /home/airflow/.local/lib/python3.8/site-packages/airflow/example_dags/tutorial_taskflow_api.py took 0.166 seconds
[2025-04-09T07:16:14.700+0000] {processor.py:161} INFO - Started process (PID=803) to work on /home/airflow/.local/lib/python3.8/site-packages/airflow/example_dags/tutorial_taskflow_api.py
[2025-04-09T07:16:14.701+0000] {processor.py:830} INFO - Processing file /home/airflow/.local/lib/python3.8/site-packages/airflow/example_dags/tutorial_taskflow_api.py for tasks to queue
[2025-04-09T07:16:14.702+0000] {logging_mixin.py:188} INFO - [2025-04-09T07:16:14.702+0000] {dagbag.py:538} INFO - Filling up the DagBag from /home/airflow/.local/lib/python3.8/site-packages/airflow/example_dags/tutorial_taskflow_api.py
[2025-04-09T07:16:14.710+0000] {processor.py:840} INFO - DAG(s) 'tutorial_taskflow_api' retrieved from /home/airflow/.local/lib/python3.8/site-packages/airflow/example_dags/tutorial_taskflow_api.py
[2025-04-09T07:16:14.730+0000] {logging_mixin.py:188} INFO - [2025-04-09T07:16:14.729+0000] {dag.py:3036} INFO - Sync 1 DAGs
[2025-04-09T07:16:14.742+0000] {logging_mixin.py:188} INFO - [2025-04-09T07:16:14.742+0000] {dag.py:3823} INFO - Setting next_dagrun for tutorial_taskflow_api to None, run_after=None
[2025-04-09T07:16:14.815+0000] {processor.py:183} INFO - Processing /home/airflow/.local/lib/python3.8/site-packages/airflow/example_dags/tutorial_taskflow_api.py took 0.118 seconds
[2025-04-09T07:16:48.349+0000] {processor.py:161} INFO - Started process (PID=861) to work on /home/airflow/.local/lib/python3.8/site-packages/airflow/example_dags/tutorial_taskflow_api.py
[2025-04-09T07:16:48.351+0000] {processor.py:830} INFO - Processing file /home/airflow/.local/lib/python3.8/site-packages/airflow/example_dags/tutorial_taskflow_api.py for tasks to queue
[2025-04-09T07:16:48.352+0000] {logging_mixin.py:188} INFO - [2025-04-09T07:16:48.352+0000] {dagbag.py:538} INFO - Filling up the DagBag from /home/airflow/.local/lib/python3.8/site-packages/airflow/example_dags/tutorial_taskflow_api.py
[2025-04-09T07:16:48.359+0000] {processor.py:840} INFO - DAG(s) 'tutorial_taskflow_api' retrieved from /home/airflow/.local/lib/python3.8/site-packages/airflow/example_dags/tutorial_taskflow_api.py
[2025-04-09T07:16:48.385+0000] {logging_mixin.py:188} INFO - [2025-04-09T07:16:48.385+0000] {dag.py:3036} INFO - Sync 1 DAGs
[2025-04-09T07:16:48.400+0000] {logging_mixin.py:188} INFO - [2025-04-09T07:16:48.399+0000] {dag.py:3823} INFO - Setting next_dagrun for tutorial_taskflow_api to None, run_after=None
[2025-04-09T07:16:48.494+0000] {processor.py:183} INFO - Processing /home/airflow/.local/lib/python3.8/site-packages/airflow/example_dags/tutorial_taskflow_api.py took 0.147 seconds
[2025-04-09T07:17:18.747+0000] {processor.py:161} INFO - Started process (PID=919) to work on /home/airflow/.local/lib/python3.8/site-packages/airflow/example_dags/tutorial_taskflow_api.py
[2025-04-09T07:17:18.748+0000] {processor.py:830} INFO - Processing file /home/airflow/.local/lib/python3.8/site-packages/airflow/example_dags/tutorial_taskflow_api.py for tasks to queue
[2025-04-09T07:17:18.750+0000] {logging_mixin.py:188} INFO - [2025-04-09T07:17:18.750+0000] {dagbag.py:538} INFO - Filling up the DagBag from /home/airflow/.local/lib/python3.8/site-packages/airflow/example_dags/tutorial_taskflow_api.py
[2025-04-09T07:17:18.757+0000] {processor.py:840} INFO - DAG(s) 'tutorial_taskflow_api' retrieved from /home/airflow/.local/lib/python3.8/site-packages/airflow/example_dags/tutorial_taskflow_api.py
[2025-04-09T07:17:18.783+0000] {logging_mixin.py:188} INFO - [2025-04-09T07:17:18.782+0000] {dag.py:3036} INFO - Sync 1 DAGs
[2025-04-09T07:17:18.796+0000] {logging_mixin.py:188} INFO - [2025-04-09T07:17:18.796+0000] {dag.py:3823} INFO - Setting next_dagrun for tutorial_taskflow_api to None, run_after=None
[2025-04-09T07:17:18.887+0000] {processor.py:183} INFO - Processing /home/airflow/.local/lib/python3.8/site-packages/airflow/example_dags/tutorial_taskflow_api.py took 0.144 seconds
[2025-04-09T07:17:49.186+0000] {processor.py:161} INFO - Started process (PID=977) to work on /home/airflow/.local/lib/python3.8/site-packages/airflow/example_dags/tutorial_taskflow_api.py
[2025-04-09T07:17:49.196+0000] {processor.py:830} INFO - Processing file /home/airflow/.local/lib/python3.8/site-packages/airflow/example_dags/tutorial_taskflow_api.py for tasks to queue
[2025-04-09T07:17:49.199+0000] {logging_mixin.py:188} INFO - [2025-04-09T07:17:49.198+0000] {dagbag.py:538} INFO - Filling up the DagBag from /home/airflow/.local/lib/python3.8/site-packages/airflow/example_dags/tutorial_taskflow_api.py
[2025-04-09T07:17:49.206+0000] {processor.py:840} INFO - DAG(s) 'tutorial_taskflow_api' retrieved from /home/airflow/.local/lib/python3.8/site-packages/airflow/example_dags/tutorial_taskflow_api.py
[2025-04-09T07:17:49.228+0000] {logging_mixin.py:188} INFO - [2025-04-09T07:17:49.228+0000] {dag.py:3036} INFO - Sync 1 DAGs
[2025-04-09T07:17:49.240+0000] {logging_mixin.py:188} INFO - [2025-04-09T07:17:49.240+0000] {dag.py:3823} INFO - Setting next_dagrun for tutorial_taskflow_api to None, run_after=None
[2025-04-09T07:17:49.291+0000] {processor.py:183} INFO - Processing /home/airflow/.local/lib/python3.8/site-packages/airflow/example_dags/tutorial_taskflow_api.py took 0.107 seconds
[2025-04-09T07:18:20.102+0000] {processor.py:161} INFO - Started process (PID=1035) to work on /home/airflow/.local/lib/python3.8/site-packages/airflow/example_dags/tutorial_taskflow_api.py
[2025-04-09T07:18:20.102+0000] {processor.py:830} INFO - Processing file /home/airflow/.local/lib/python3.8/site-packages/airflow/example_dags/tutorial_taskflow_api.py for tasks to queue
[2025-04-09T07:18:20.104+0000] {logging_mixin.py:188} INFO - [2025-04-09T07:18:20.104+0000] {dagbag.py:538} INFO - Filling up the DagBag from /home/airflow/.local/lib/python3.8/site-packages/airflow/example_dags/tutorial_taskflow_api.py
[2025-04-09T07:18:20.110+0000] {processor.py:840} INFO - DAG(s) 'tutorial_taskflow_api' retrieved from /home/airflow/.local/lib/python3.8/site-packages/airflow/example_dags/tutorial_taskflow_api.py
[2025-04-09T07:18:20.131+0000] {logging_mixin.py:188} INFO - [2025-04-09T07:18:20.131+0000] {dag.py:3036} INFO - Sync 1 DAGs
[2025-04-09T07:18:20.144+0000] {logging_mixin.py:188} INFO - [2025-04-09T07:18:20.144+0000] {dag.py:3823} INFO - Setting next_dagrun for tutorial_taskflow_api to None, run_after=None
[2025-04-09T07:18:20.224+0000] {processor.py:183} INFO - Processing /home/airflow/.local/lib/python3.8/site-packages/airflow/example_dags/tutorial_taskflow_api.py took 0.125 seconds
[2025-04-09T07:18:50.610+0000] {processor.py:161} INFO - Started process (PID=1087) to work on /home/airflow/.local/lib/python3.8/site-packages/airflow/example_dags/tutorial_taskflow_api.py
[2025-04-09T07:18:50.631+0000] {processor.py:830} INFO - Processing file /home/airflow/.local/lib/python3.8/site-packages/airflow/example_dags/tutorial_taskflow_api.py for tasks to queue
[2025-04-09T07:18:50.633+0000] {logging_mixin.py:188} INFO - [2025-04-09T07:18:50.633+0000] {dagbag.py:538} INFO - Filling up the DagBag from /home/airflow/.local/lib/python3.8/site-packages/airflow/example_dags/tutorial_taskflow_api.py
[2025-04-09T07:18:50.640+0000] {processor.py:840} INFO - DAG(s) 'tutorial_taskflow_api' retrieved from /home/airflow/.local/lib/python3.8/site-packages/airflow/example_dags/tutorial_taskflow_api.py
[2025-04-09T07:18:50.661+0000] {logging_mixin.py:188} INFO - [2025-04-09T07:18:50.661+0000] {dag.py:3036} INFO - Sync 1 DAGs
[2025-04-09T07:18:50.673+0000] {logging_mixin.py:188} INFO - [2025-04-09T07:18:50.672+0000] {dag.py:3823} INFO - Setting next_dagrun for tutorial_taskflow_api to None, run_after=None
[2025-04-09T07:18:50.725+0000] {processor.py:183} INFO - Processing /home/airflow/.local/lib/python3.8/site-packages/airflow/example_dags/tutorial_taskflow_api.py took 0.118 seconds
[2025-04-09T07:19:20.841+0000] {processor.py:161} INFO - Started process (PID=1145) to work on /home/airflow/.local/lib/python3.8/site-packages/airflow/example_dags/tutorial_taskflow_api.py
[2025-04-09T07:19:20.842+0000] {processor.py:830} INFO - Processing file /home/airflow/.local/lib/python3.8/site-packages/airflow/example_dags/tutorial_taskflow_api.py for tasks to queue
[2025-04-09T07:19:20.843+0000] {logging_mixin.py:188} INFO - [2025-04-09T07:19:20.843+0000] {dagbag.py:538} INFO - Filling up the DagBag from /home/airflow/.local/lib/python3.8/site-packages/airflow/example_dags/tutorial_taskflow_api.py
[2025-04-09T07:19:20.849+0000] {processor.py:840} INFO - DAG(s) 'tutorial_taskflow_api' retrieved from /home/airflow/.local/lib/python3.8/site-packages/airflow/example_dags/tutorial_taskflow_api.py
[2025-04-09T07:19:20.871+0000] {logging_mixin.py:188} INFO - [2025-04-09T07:19:20.871+0000] {dag.py:3036} INFO - Sync 1 DAGs
[2025-04-09T07:19:20.883+0000] {logging_mixin.py:188} INFO - [2025-04-09T07:19:20.883+0000] {dag.py:3823} INFO - Setting next_dagrun for tutorial_taskflow_api to None, run_after=None
[2025-04-09T07:19:20.938+0000] {processor.py:183} INFO - Processing /home/airflow/.local/lib/python3.8/site-packages/airflow/example_dags/tutorial_taskflow_api.py took 0.100 seconds
[2025-04-09T07:19:51.129+0000] {processor.py:161} INFO - Started process (PID=1203) to work on /home/airflow/.local/lib/python3.8/site-packages/airflow/example_dags/tutorial_taskflow_api.py
[2025-04-09T07:19:51.131+0000] {processor.py:830} INFO - Processing file /home/airflow/.local/lib/python3.8/site-packages/airflow/example_dags/tutorial_taskflow_api.py for tasks to queue
[2025-04-09T07:19:51.132+0000] {logging_mixin.py:188} INFO - [2025-04-09T07:19:51.132+0000] {dagbag.py:538} INFO - Filling up the DagBag from /home/airflow/.local/lib/python3.8/site-packages/airflow/example_dags/tutorial_taskflow_api.py
[2025-04-09T07:19:51.138+0000] {processor.py:840} INFO - DAG(s) 'tutorial_taskflow_api' retrieved from /home/airflow/.local/lib/python3.8/site-packages/airflow/example_dags/tutorial_taskflow_api.py
[2025-04-09T07:19:51.158+0000] {logging_mixin.py:188} INFO - [2025-04-09T07:19:51.158+0000] {dag.py:3036} INFO - Sync 1 DAGs
[2025-04-09T07:19:51.170+0000] {logging_mixin.py:188} INFO - [2025-04-09T07:19:51.169+0000] {dag.py:3823} INFO - Setting next_dagrun for tutorial_taskflow_api to None, run_after=None
[2025-04-09T07:19:51.217+0000] {processor.py:183} INFO - Processing /home/airflow/.local/lib/python3.8/site-packages/airflow/example_dags/tutorial_taskflow_api.py took 0.091 seconds
[2025-04-09T07:20:23.383+0000] {processor.py:161} INFO - Started process (PID=1261) to work on /home/airflow/.local/lib/python3.8/site-packages/airflow/example_dags/tutorial_taskflow_api.py
[2025-04-09T07:20:23.384+0000] {processor.py:830} INFO - Processing file /home/airflow/.local/lib/python3.8/site-packages/airflow/example_dags/tutorial_taskflow_api.py for tasks to queue
[2025-04-09T07:20:23.386+0000] {logging_mixin.py:188} INFO - [2025-04-09T07:20:23.385+0000] {dagbag.py:538} INFO - Filling up the DagBag from /home/airflow/.local/lib/python3.8/site-packages/airflow/example_dags/tutorial_taskflow_api.py
[2025-04-09T07:20:23.392+0000] {processor.py:840} INFO - DAG(s) 'tutorial_taskflow_api' retrieved from /home/airflow/.local/lib/python3.8/site-packages/airflow/example_dags/tutorial_taskflow_api.py
[2025-04-09T07:20:23.412+0000] {logging_mixin.py:188} INFO - [2025-04-09T07:20:23.412+0000] {dag.py:3036} INFO - Sync 1 DAGs
[2025-04-09T07:20:23.424+0000] {logging_mixin.py:188} INFO - [2025-04-09T07:20:23.424+0000] {dag.py:3823} INFO - Setting next_dagrun for tutorial_taskflow_api to None, run_after=None
[2025-04-09T07:20:23.470+0000] {processor.py:183} INFO - Processing /home/airflow/.local/lib/python3.8/site-packages/airflow/example_dags/tutorial_taskflow_api.py took 0.090 seconds
[2025-04-09T07:20:57.687+0000] {processor.py:161} INFO - Started process (PID=1319) to work on /home/airflow/.local/lib/python3.8/site-packages/airflow/example_dags/tutorial_taskflow_api.py
[2025-04-09T07:20:57.688+0000] {processor.py:830} INFO - Processing file /home/airflow/.local/lib/python3.8/site-packages/airflow/example_dags/tutorial_taskflow_api.py for tasks to queue
[2025-04-09T07:20:57.690+0000] {logging_mixin.py:188} INFO - [2025-04-09T07:20:57.689+0000] {dagbag.py:538} INFO - Filling up the DagBag from /home/airflow/.local/lib/python3.8/site-packages/airflow/example_dags/tutorial_taskflow_api.py
[2025-04-09T07:20:57.696+0000] {processor.py:840} INFO - DAG(s) 'tutorial_taskflow_api' retrieved from /home/airflow/.local/lib/python3.8/site-packages/airflow/example_dags/tutorial_taskflow_api.py
[2025-04-09T07:20:57.717+0000] {logging_mixin.py:188} INFO - [2025-04-09T07:20:57.717+0000] {dag.py:3036} INFO - Sync 1 DAGs
[2025-04-09T07:20:57.731+0000] {logging_mixin.py:188} INFO - [2025-04-09T07:20:57.730+0000] {dag.py:3823} INFO - Setting next_dagrun for tutorial_taskflow_api to None, run_after=None
[2025-04-09T07:20:57.785+0000] {processor.py:183} INFO - Processing /home/airflow/.local/lib/python3.8/site-packages/airflow/example_dags/tutorial_taskflow_api.py took 0.101 seconds
[2025-04-09T07:21:28.656+0000] {processor.py:161} INFO - Started process (PID=1377) to work on /home/airflow/.local/lib/python3.8/site-packages/airflow/example_dags/tutorial_taskflow_api.py
[2025-04-09T07:21:28.657+0000] {processor.py:830} INFO - Processing file /home/airflow/.local/lib/python3.8/site-packages/airflow/example_dags/tutorial_taskflow_api.py for tasks to queue
[2025-04-09T07:21:28.659+0000] {logging_mixin.py:188} INFO - [2025-04-09T07:21:28.659+0000] {dagbag.py:538} INFO - Filling up the DagBag from /home/airflow/.local/lib/python3.8/site-packages/airflow/example_dags/tutorial_taskflow_api.py
[2025-04-09T07:21:28.667+0000] {processor.py:840} INFO - DAG(s) 'tutorial_taskflow_api' retrieved from /home/airflow/.local/lib/python3.8/site-packages/airflow/example_dags/tutorial_taskflow_api.py
[2025-04-09T07:21:28.690+0000] {logging_mixin.py:188} INFO - [2025-04-09T07:21:28.690+0000] {dag.py:3036} INFO - Sync 1 DAGs
[2025-04-09T07:21:28.703+0000] {logging_mixin.py:188} INFO - [2025-04-09T07:21:28.703+0000] {dag.py:3823} INFO - Setting next_dagrun for tutorial_taskflow_api to None, run_after=None
[2025-04-09T07:21:28.802+0000] {processor.py:183} INFO - Processing /home/airflow/.local/lib/python3.8/site-packages/airflow/example_dags/tutorial_taskflow_api.py took 0.148 seconds
[2025-04-09T07:21:59.173+0000] {processor.py:161} INFO - Started process (PID=1435) to work on /home/airflow/.local/lib/python3.8/site-packages/airflow/example_dags/tutorial_taskflow_api.py
[2025-04-09T07:21:59.174+0000] {processor.py:830} INFO - Processing file /home/airflow/.local/lib/python3.8/site-packages/airflow/example_dags/tutorial_taskflow_api.py for tasks to queue
[2025-04-09T07:21:59.177+0000] {logging_mixin.py:188} INFO - [2025-04-09T07:21:59.176+0000] {dagbag.py:538} INFO - Filling up the DagBag from /home/airflow/.local/lib/python3.8/site-packages/airflow/example_dags/tutorial_taskflow_api.py
[2025-04-09T07:21:59.184+0000] {processor.py:840} INFO - DAG(s) 'tutorial_taskflow_api' retrieved from /home/airflow/.local/lib/python3.8/site-packages/airflow/example_dags/tutorial_taskflow_api.py
[2025-04-09T07:21:59.207+0000] {logging_mixin.py:188} INFO - [2025-04-09T07:21:59.206+0000] {dag.py:3036} INFO - Sync 1 DAGs
[2025-04-09T07:21:59.225+0000] {logging_mixin.py:188} INFO - [2025-04-09T07:21:59.225+0000] {dag.py:3823} INFO - Setting next_dagrun for tutorial_taskflow_api to None, run_after=None
[2025-04-09T07:21:59.276+0000] {processor.py:183} INFO - Processing /home/airflow/.local/lib/python3.8/site-packages/airflow/example_dags/tutorial_taskflow_api.py took 0.107 seconds
[2025-04-09T07:22:29.372+0000] {processor.py:161} INFO - Started process (PID=1492) to work on /home/airflow/.local/lib/python3.8/site-packages/airflow/example_dags/tutorial_taskflow_api.py
[2025-04-09T07:22:29.374+0000] {processor.py:830} INFO - Processing file /home/airflow/.local/lib/python3.8/site-packages/airflow/example_dags/tutorial_taskflow_api.py for tasks to queue
[2025-04-09T07:22:29.376+0000] {logging_mixin.py:188} INFO - [2025-04-09T07:22:29.376+0000] {dagbag.py:538} INFO - Filling up the DagBag from /home/airflow/.local/lib/python3.8/site-packages/airflow/example_dags/tutorial_taskflow_api.py
[2025-04-09T07:22:29.384+0000] {processor.py:840} INFO - DAG(s) 'tutorial_taskflow_api' retrieved from /home/airflow/.local/lib/python3.8/site-packages/airflow/example_dags/tutorial_taskflow_api.py
[2025-04-09T07:22:29.408+0000] {logging_mixin.py:188} INFO - [2025-04-09T07:22:29.408+0000] {dag.py:3036} INFO - Sync 1 DAGs
[2025-04-09T07:22:29.423+0000] {logging_mixin.py:188} INFO - [2025-04-09T07:22:29.423+0000] {dag.py:3823} INFO - Setting next_dagrun for tutorial_taskflow_api to None, run_after=None
[2025-04-09T07:22:29.482+0000] {processor.py:183} INFO - Processing /home/airflow/.local/lib/python3.8/site-packages/airflow/example_dags/tutorial_taskflow_api.py took 0.113 seconds
[2025-04-09T07:23:00.011+0000] {processor.py:161} INFO - Started process (PID=1551) to work on /home/airflow/.local/lib/python3.8/site-packages/airflow/example_dags/tutorial_taskflow_api.py
[2025-04-09T07:23:00.012+0000] {processor.py:830} INFO - Processing file /home/airflow/.local/lib/python3.8/site-packages/airflow/example_dags/tutorial_taskflow_api.py for tasks to queue
[2025-04-09T07:23:00.015+0000] {logging_mixin.py:188} INFO - [2025-04-09T07:23:00.014+0000] {dagbag.py:538} INFO - Filling up the DagBag from /home/airflow/.local/lib/python3.8/site-packages/airflow/example_dags/tutorial_taskflow_api.py
[2025-04-09T07:23:00.021+0000] {processor.py:840} INFO - DAG(s) 'tutorial_taskflow_api' retrieved from /home/airflow/.local/lib/python3.8/site-packages/airflow/example_dags/tutorial_taskflow_api.py
[2025-04-09T07:23:00.044+0000] {logging_mixin.py:188} INFO - [2025-04-09T07:23:00.044+0000] {dag.py:3036} INFO - Sync 1 DAGs
[2025-04-09T07:23:00.062+0000] {logging_mixin.py:188} INFO - [2025-04-09T07:23:00.062+0000] {dag.py:3823} INFO - Setting next_dagrun for tutorial_taskflow_api to None, run_after=None
[2025-04-09T07:23:00.113+0000] {processor.py:183} INFO - Processing /home/airflow/.local/lib/python3.8/site-packages/airflow/example_dags/tutorial_taskflow_api.py took 0.105 seconds
[2025-04-09T07:23:30.785+0000] {processor.py:161} INFO - Started process (PID=1609) to work on /home/airflow/.local/lib/python3.8/site-packages/airflow/example_dags/tutorial_taskflow_api.py
[2025-04-09T07:23:30.791+0000] {processor.py:830} INFO - Processing file /home/airflow/.local/lib/python3.8/site-packages/airflow/example_dags/tutorial_taskflow_api.py for tasks to queue
[2025-04-09T07:23:30.793+0000] {logging_mixin.py:188} INFO - [2025-04-09T07:23:30.793+0000] {dagbag.py:538} INFO - Filling up the DagBag from /home/airflow/.local/lib/python3.8/site-packages/airflow/example_dags/tutorial_taskflow_api.py
[2025-04-09T07:23:30.799+0000] {processor.py:840} INFO - DAG(s) 'tutorial_taskflow_api' retrieved from /home/airflow/.local/lib/python3.8/site-packages/airflow/example_dags/tutorial_taskflow_api.py
[2025-04-09T07:23:30.819+0000] {logging_mixin.py:188} INFO - [2025-04-09T07:23:30.819+0000] {dag.py:3036} INFO - Sync 1 DAGs
[2025-04-09T07:23:30.832+0000] {logging_mixin.py:188} INFO - [2025-04-09T07:23:30.832+0000] {dag.py:3823} INFO - Setting next_dagrun for tutorial_taskflow_api to None, run_after=None
[2025-04-09T07:23:30.903+0000] {processor.py:183} INFO - Processing /home/airflow/.local/lib/python3.8/site-packages/airflow/example_dags/tutorial_taskflow_api.py took 0.121 seconds
[2025-04-09T07:24:01.485+0000] {processor.py:161} INFO - Started process (PID=1667) to work on /home/airflow/.local/lib/python3.8/site-packages/airflow/example_dags/tutorial_taskflow_api.py
[2025-04-09T07:24:01.505+0000] {processor.py:830} INFO - Processing file /home/airflow/.local/lib/python3.8/site-packages/airflow/example_dags/tutorial_taskflow_api.py for tasks to queue
[2025-04-09T07:24:01.508+0000] {logging_mixin.py:188} INFO - [2025-04-09T07:24:01.507+0000] {dagbag.py:538} INFO - Filling up the DagBag from /home/airflow/.local/lib/python3.8/site-packages/airflow/example_dags/tutorial_taskflow_api.py
[2025-04-09T07:24:01.515+0000] {processor.py:840} INFO - DAG(s) 'tutorial_taskflow_api' retrieved from /home/airflow/.local/lib/python3.8/site-packages/airflow/example_dags/tutorial_taskflow_api.py
[2025-04-09T07:24:01.537+0000] {logging_mixin.py:188} INFO - [2025-04-09T07:24:01.536+0000] {dag.py:3036} INFO - Sync 1 DAGs
[2025-04-09T07:24:01.548+0000] {logging_mixin.py:188} INFO - [2025-04-09T07:24:01.547+0000] {dag.py:3823} INFO - Setting next_dagrun for tutorial_taskflow_api to None, run_after=None
[2025-04-09T07:24:01.617+0000] {processor.py:183} INFO - Processing /home/airflow/.local/lib/python3.8/site-packages/airflow/example_dags/tutorial_taskflow_api.py took 0.135 seconds
[2025-04-09T07:24:33.144+0000] {processor.py:161} INFO - Started process (PID=1725) to work on /home/airflow/.local/lib/python3.8/site-packages/airflow/example_dags/tutorial_taskflow_api.py
[2025-04-09T07:24:33.146+0000] {processor.py:830} INFO - Processing file /home/airflow/.local/lib/python3.8/site-packages/airflow/example_dags/tutorial_taskflow_api.py for tasks to queue
[2025-04-09T07:24:33.147+0000] {logging_mixin.py:188} INFO - [2025-04-09T07:24:33.147+0000] {dagbag.py:538} INFO - Filling up the DagBag from /home/airflow/.local/lib/python3.8/site-packages/airflow/example_dags/tutorial_taskflow_api.py
[2025-04-09T07:24:33.156+0000] {processor.py:840} INFO - DAG(s) 'tutorial_taskflow_api' retrieved from /home/airflow/.local/lib/python3.8/site-packages/airflow/example_dags/tutorial_taskflow_api.py
[2025-04-09T07:24:33.182+0000] {logging_mixin.py:188} INFO - [2025-04-09T07:24:33.182+0000] {dag.py:3036} INFO - Sync 1 DAGs
[2025-04-09T07:24:33.196+0000] {logging_mixin.py:188} INFO - [2025-04-09T07:24:33.195+0000] {dag.py:3823} INFO - Setting next_dagrun for tutorial_taskflow_api to None, run_after=None
[2025-04-09T07:24:33.251+0000] {processor.py:183} INFO - Processing /home/airflow/.local/lib/python3.8/site-packages/airflow/example_dags/tutorial_taskflow_api.py took 0.109 seconds
[2025-04-09T07:25:03.402+0000] {processor.py:161} INFO - Started process (PID=1783) to work on /home/airflow/.local/lib/python3.8/site-packages/airflow/example_dags/tutorial_taskflow_api.py
[2025-04-09T07:25:03.403+0000] {processor.py:830} INFO - Processing file /home/airflow/.local/lib/python3.8/site-packages/airflow/example_dags/tutorial_taskflow_api.py for tasks to queue
[2025-04-09T07:25:03.405+0000] {logging_mixin.py:188} INFO - [2025-04-09T07:25:03.404+0000] {dagbag.py:538} INFO - Filling up the DagBag from /home/airflow/.local/lib/python3.8/site-packages/airflow/example_dags/tutorial_taskflow_api.py
[2025-04-09T07:25:03.411+0000] {processor.py:840} INFO - DAG(s) 'tutorial_taskflow_api' retrieved from /home/airflow/.local/lib/python3.8/site-packages/airflow/example_dags/tutorial_taskflow_api.py
[2025-04-09T07:25:03.433+0000] {logging_mixin.py:188} INFO - [2025-04-09T07:25:03.433+0000] {dag.py:3036} INFO - Sync 1 DAGs
[2025-04-09T07:25:03.446+0000] {logging_mixin.py:188} INFO - [2025-04-09T07:25:03.446+0000] {dag.py:3823} INFO - Setting next_dagrun for tutorial_taskflow_api to None, run_after=None
[2025-04-09T07:25:03.498+0000] {processor.py:183} INFO - Processing /home/airflow/.local/lib/python3.8/site-packages/airflow/example_dags/tutorial_taskflow_api.py took 0.099 seconds
[2025-04-09T07:25:33.737+0000] {processor.py:161} INFO - Started process (PID=1841) to work on /home/airflow/.local/lib/python3.8/site-packages/airflow/example_dags/tutorial_taskflow_api.py
[2025-04-09T07:25:33.740+0000] {processor.py:830} INFO - Processing file /home/airflow/.local/lib/python3.8/site-packages/airflow/example_dags/tutorial_taskflow_api.py for tasks to queue
[2025-04-09T07:25:33.742+0000] {logging_mixin.py:188} INFO - [2025-04-09T07:25:33.742+0000] {dagbag.py:538} INFO - Filling up the DagBag from /home/airflow/.local/lib/python3.8/site-packages/airflow/example_dags/tutorial_taskflow_api.py
[2025-04-09T07:25:33.748+0000] {processor.py:840} INFO - DAG(s) 'tutorial_taskflow_api' retrieved from /home/airflow/.local/lib/python3.8/site-packages/airflow/example_dags/tutorial_taskflow_api.py
[2025-04-09T07:25:33.772+0000] {logging_mixin.py:188} INFO - [2025-04-09T07:25:33.771+0000] {dag.py:3036} INFO - Sync 1 DAGs
[2025-04-09T07:25:33.790+0000] {logging_mixin.py:188} INFO - [2025-04-09T07:25:33.789+0000] {dag.py:3823} INFO - Setting next_dagrun for tutorial_taskflow_api to None, run_after=None
[2025-04-09T07:25:33.846+0000] {processor.py:183} INFO - Processing /home/airflow/.local/lib/python3.8/site-packages/airflow/example_dags/tutorial_taskflow_api.py took 0.111 seconds
