[2025-04-09T21:12:10.546+0000] {taskinstance.py:1956} INFO - Dependencies all met for dep_context=non-requeueable deps ti=<TaskInstance: etl_pipeline_modo_prueba.transform_grammy manual__2025-04-09T21:12:03.829920+00:00 [queued]>
[2025-04-09T21:12:10.557+0000] {taskinstance.py:1956} INFO - Dependencies all met for dep_context=requeueable deps ti=<TaskInstance: etl_pipeline_modo_prueba.transform_grammy manual__2025-04-09T21:12:03.829920+00:00 [queued]>
[2025-04-09T21:12:10.558+0000] {taskinstance.py:2170} INFO - Starting attempt 1 of 2
[2025-04-09T21:12:10.637+0000] {taskinstance.py:2191} INFO - Executing <Task(BashOperator): transform_grammy> on 2025-04-09 21:12:03.829920+00:00
[2025-04-09T21:12:10.645+0000] {standard_task_runner.py:60} INFO - Started process 106 to run task
[2025-04-09T21:12:10.647+0000] {standard_task_runner.py:87} INFO - Running: ['***', 'tasks', 'run', 'etl_pipeline_modo_prueba', 'transform_grammy', 'manual__2025-04-09T21:12:03.829920+00:00', '--job-id', '171', '--raw', '--subdir', 'DAGS_FOLDER/etl_workflow.py', '--cfg-path', '/tmp/tmp173gc2bg']
[2025-04-09T21:12:10.648+0000] {standard_task_runner.py:88} INFO - Job 171: Subtask transform_grammy
[2025-04-09T21:12:10.740+0000] {task_command.py:423} INFO - Running <TaskInstance: etl_pipeline_modo_prueba.transform_grammy manual__2025-04-09T21:12:03.829920+00:00 [running]> on host 9c5f05ad8b3c
[2025-04-09T21:12:10.918+0000] {taskinstance.py:2480} INFO - Exporting env vars: AIRFLOW_CTX_DAG_OWNER='simon' AIRFLOW_CTX_DAG_ID='etl_pipeline_modo_prueba' AIRFLOW_CTX_TASK_ID='transform_grammy' AIRFLOW_CTX_EXECUTION_DATE='2025-04-09T21:12:03.829920+00:00' AIRFLOW_CTX_TRY_NUMBER='1' AIRFLOW_CTX_DAG_RUN_ID='manual__2025-04-09T21:12:03.829920+00:00'
[2025-04-09T21:12:10.919+0000] {subprocess.py:63} INFO - Tmp dir root location: /tmp
[2025-04-09T21:12:10.921+0000] {subprocess.py:75} INFO - Running command: ['/usr/bin/bash', '-c', 'python3 /opt/***/scripts/transform_grammy.py']
[2025-04-09T21:12:10.934+0000] {subprocess.py:86} INFO - Output:
[2025-04-09T21:12:11.538+0000] {subprocess.py:93} INFO - ✅ Grammy transformado guardado en /opt/***/data/processed/grammy_transformed.parquet
[2025-04-09T21:12:11.539+0000] {subprocess.py:93} INFO -                                                  artist  ...                                  artist_normalized
[2025-04-09T21:12:11.539+0000] {subprocess.py:93} INFO - 0                                         Billie Eilish  ...                                      billie eilish
[2025-04-09T21:12:11.539+0000] {subprocess.py:93} INFO - 1                                              Bon Iver  ...                                           bon iver
[2025-04-09T21:12:11.539+0000] {subprocess.py:93} INFO - 2                                         Ariana Grande  ...                                      ariana grande
[2025-04-09T21:12:11.539+0000] {subprocess.py:93} INFO - 3                                                H.E.R.  ...                                                her
[2025-04-09T21:12:11.539+0000] {subprocess.py:93} INFO - 4                                                Khalid  ...                                             khalid
[2025-04-09T21:12:11.539+0000] {subprocess.py:93} INFO - ...                                                 ...  ...                                                ...
[2025-04-09T21:12:11.540+0000] {subprocess.py:93} INFO - 1180                                  (Various Artists)  ...                                    various artists
[2025-04-09T21:12:11.540+0000] {subprocess.py:93} INFO - 1182  Ryan Bingham & T Bone Burnett, songwriters (Ry...  ...  ryan bingham  t bone burnett songwriters ryan ...
[2025-04-09T21:12:11.540+0000] {subprocess.py:93} INFO - 1207  Lucas Richman, Various Artists & The Royal Phi...  ...  lucas richman various artists  the royal philh...
[2025-04-09T21:12:11.540+0000] {subprocess.py:93} INFO - 1208                                          Lady Gaga  ...                                          lady gaga
[2025-04-09T21:12:11.540+0000] {subprocess.py:93} INFO - 1209                                        (The Doors)  ...                                          the doors
[2025-04-09T21:12:11.540+0000] {subprocess.py:93} INFO - 
[2025-04-09T21:12:11.540+0000] {subprocess.py:93} INFO - [735 rows x 5 columns]
[2025-04-09T21:12:11.642+0000] {subprocess.py:97} INFO - Command exited with return code 0
[2025-04-09T21:12:11.752+0000] {taskinstance.py:1138} INFO - Marking task as SUCCESS. dag_id=etl_pipeline_modo_prueba, task_id=transform_grammy, execution_date=20250409T211203, start_date=20250409T211210, end_date=20250409T211211
[2025-04-09T21:12:11.834+0000] {local_task_job_runner.py:234} INFO - Task exited with return code 0
[2025-04-09T21:12:11.867+0000] {taskinstance.py:3280} INFO - 0 downstream tasks scheduled from follow-on schedule check
