[2025-04-11T05:06:04.599+0000] {taskinstance.py:1956} INFO - Dependencies all met for dep_context=non-requeueable deps ti=<TaskInstance: etl_pipeline_modo_prueba.transform_grammy manual__2025-04-11T05:05:58.336122+00:00 [queued]>
[2025-04-11T05:06:04.609+0000] {taskinstance.py:1956} INFO - Dependencies all met for dep_context=requeueable deps ti=<TaskInstance: etl_pipeline_modo_prueba.transform_grammy manual__2025-04-11T05:05:58.336122+00:00 [queued]>
[2025-04-11T05:06:04.610+0000] {taskinstance.py:2170} INFO - Starting attempt 1 of 2
[2025-04-11T05:06:04.671+0000] {taskinstance.py:2191} INFO - Executing <Task(BashOperator): transform_grammy> on 2025-04-11 05:05:58.336122+00:00
[2025-04-11T05:06:04.677+0000] {standard_task_runner.py:60} INFO - Started process 106 to run task
[2025-04-11T05:06:04.680+0000] {standard_task_runner.py:87} INFO - Running: ['***', 'tasks', 'run', 'etl_pipeline_modo_prueba', 'transform_grammy', 'manual__2025-04-11T05:05:58.336122+00:00', '--job-id', '403', '--raw', '--subdir', 'DAGS_FOLDER/etl_workflow.py', '--cfg-path', '/tmp/tmp_lfx937r']
[2025-04-11T05:06:04.681+0000] {standard_task_runner.py:88} INFO - Job 403: Subtask transform_grammy
[2025-04-11T05:06:04.768+0000] {task_command.py:423} INFO - Running <TaskInstance: etl_pipeline_modo_prueba.transform_grammy manual__2025-04-11T05:05:58.336122+00:00 [running]> on host a42cc80ea92f
[2025-04-11T05:06:04.991+0000] {taskinstance.py:2480} INFO - Exporting env vars: AIRFLOW_CTX_DAG_OWNER='simon' AIRFLOW_CTX_DAG_ID='etl_pipeline_modo_prueba' AIRFLOW_CTX_TASK_ID='transform_grammy' AIRFLOW_CTX_EXECUTION_DATE='2025-04-11T05:05:58.336122+00:00' AIRFLOW_CTX_TRY_NUMBER='1' AIRFLOW_CTX_DAG_RUN_ID='manual__2025-04-11T05:05:58.336122+00:00'
[2025-04-11T05:06:04.993+0000] {subprocess.py:63} INFO - Tmp dir root location: /tmp
[2025-04-11T05:06:04.994+0000] {subprocess.py:75} INFO - Running command: ['/usr/bin/bash', '-c', 'python3 /opt/***/scripts/transform_grammy.py']
[2025-04-11T05:06:05.009+0000] {subprocess.py:86} INFO - Output:
[2025-04-11T05:06:05.750+0000] {subprocess.py:93} INFO - ✅ Grammy transformado guardado en /opt/***/data/processed/grammy_transformed.parquet
[2025-04-11T05:06:05.751+0000] {subprocess.py:93} INFO -                                 artist_normalized  ... grammy_nominations
[2025-04-11T05:06:05.751+0000] {subprocess.py:93} INFO - 0                                       21 savage  ...                  1
[2025-04-11T05:06:05.752+0000] {subprocess.py:93} INFO - 1       a great big world with christina aguilera  ...                  1
[2025-04-11T05:06:05.752+0000] {subprocess.py:93} INFO - 2                                           adele  ...                  6
[2025-04-11T05:06:05.752+0000] {subprocess.py:93} INFO - 3    adele adkins  paul epworth songwriters adele  ...                  1
[2025-04-11T05:06:05.753+0000] {subprocess.py:93} INFO - 4                                     aida cuevas  ...                  1
[2025-04-11T05:06:05.753+0000] {subprocess.py:93} INFO - ..                                            ...  ...                ...
[2025-04-11T05:06:05.753+0000] {subprocess.py:93} INFO - 536                  zac brown band  alan jackson  ...                  1
[2025-04-11T05:06:05.753+0000] {subprocess.py:93} INFO - 537                                 zach williams  ...                  1
[2025-04-11T05:06:05.753+0000] {subprocess.py:93} INFO - 538                          zedd featuring foxes  ...                  1
[2025-04-11T05:06:05.753+0000] {subprocess.py:93} INFO - 539                                  ziggy marley  ...                  3
[2025-04-11T05:06:05.754+0000] {subprocess.py:93} INFO - 540                                           zoe  ...                  1
[2025-04-11T05:06:05.754+0000] {subprocess.py:93} INFO - 
[2025-04-11T05:06:05.755+0000] {subprocess.py:93} INFO - [541 rows x 6 columns]
[2025-04-11T05:06:05.886+0000] {subprocess.py:97} INFO - Command exited with return code 0
[2025-04-11T05:06:05.968+0000] {taskinstance.py:1138} INFO - Marking task as SUCCESS. dag_id=etl_pipeline_modo_prueba, task_id=transform_grammy, execution_date=20250411T050558, start_date=20250411T050604, end_date=20250411T050605
[2025-04-11T05:06:06.056+0000] {local_task_job_runner.py:234} INFO - Task exited with return code 0
[2025-04-11T05:06:06.096+0000] {taskinstance.py:3280} INFO - 0 downstream tasks scheduled from follow-on schedule check
