[2025-04-10T08:21:11.098+0000] {taskinstance.py:1956} INFO - Dependencies all met for dep_context=non-requeueable deps ti=<TaskInstance: etl_pipeline_modo_prueba.transform_lastfm manual__2025-04-10T08:14:14.529440+00:00 [queued]>
[2025-04-10T08:21:11.109+0000] {taskinstance.py:1956} INFO - Dependencies all met for dep_context=requeueable deps ti=<TaskInstance: etl_pipeline_modo_prueba.transform_lastfm manual__2025-04-10T08:14:14.529440+00:00 [queued]>
[2025-04-10T08:21:11.110+0000] {taskinstance.py:2170} INFO - Starting attempt 1 of 2
[2025-04-10T08:21:11.159+0000] {taskinstance.py:2191} INFO - Executing <Task(BashOperator): transform_lastfm> on 2025-04-10 08:14:14.529440+00:00
[2025-04-10T08:21:11.164+0000] {standard_task_runner.py:60} INFO - Started process 158 to run task
[2025-04-10T08:21:11.167+0000] {standard_task_runner.py:87} INFO - Running: ['***', 'tasks', 'run', 'etl_pipeline_modo_prueba', 'transform_lastfm', 'manual__2025-04-10T08:14:14.529440+00:00', '--job-id', '247', '--raw', '--subdir', 'DAGS_FOLDER/etl_workflow.py', '--cfg-path', '/tmp/tmpc99r5l12']
[2025-04-10T08:21:11.168+0000] {standard_task_runner.py:88} INFO - Job 247: Subtask transform_lastfm
[2025-04-10T08:21:11.251+0000] {task_command.py:423} INFO - Running <TaskInstance: etl_pipeline_modo_prueba.transform_lastfm manual__2025-04-10T08:14:14.529440+00:00 [running]> on host a751b6086b55
[2025-04-10T08:21:11.437+0000] {taskinstance.py:2480} INFO - Exporting env vars: AIRFLOW_CTX_DAG_OWNER='simon' AIRFLOW_CTX_DAG_ID='etl_pipeline_modo_prueba' AIRFLOW_CTX_TASK_ID='transform_lastfm' AIRFLOW_CTX_EXECUTION_DATE='2025-04-10T08:14:14.529440+00:00' AIRFLOW_CTX_TRY_NUMBER='1' AIRFLOW_CTX_DAG_RUN_ID='manual__2025-04-10T08:14:14.529440+00:00'
[2025-04-10T08:21:11.439+0000] {subprocess.py:63} INFO - Tmp dir root location: /tmp
[2025-04-10T08:21:11.440+0000] {subprocess.py:75} INFO - Running command: ['/usr/bin/bash', '-c', 'python3 /opt/***/scripts/transform_lastfm.py']
[2025-04-10T08:21:11.452+0000] {subprocess.py:86} INFO - Output:
[2025-04-10T08:21:12.014+0000] {subprocess.py:93} INFO - ✅ Last.fm transformado guardado en /opt/***/data/processed/lastfm_transformed.parquet
[2025-04-10T08:21:12.014+0000] {subprocess.py:93} INFO -                           artist  ...                                               tags
[2025-04-10T08:21:12.015+0000] {subprocess.py:93} INFO - 0                     Larkin Poe  ...             country, folk, rock, blues, blues rock
[2025-04-10T08:21:12.015+0000] {subprocess.py:93} INFO - 1                         Wizkid  ...        nigeria, Hip-Hop, afrobeat, wizkid, afropop
[2025-04-10T08:21:12.015+0000] {subprocess.py:93} INFO - 2                  Gary Clark Jr  ...                                          sxsw 2009
[2025-04-10T08:21:12.015+0000] {subprocess.py:93} INFO - 3                   Billy Childs  ...  jazz, piano, Smooth Jazz, jazz piano, contempo...
[2025-04-10T08:21:12.015+0000] {subprocess.py:93} INFO - 4           Georgia Anne Muldrow  ...  soul, Hip-Hop, funk, Stones throw, underground...
[2025-04-10T08:21:12.015+0000] {subprocess.py:93} INFO - ..                           ...  ...                                                ...
[2025-04-10T08:21:12.016+0000] {subprocess.py:93} INFO - 894                  Deva Premal  ...  mantra, meditative, new age, female vocalists,...
[2025-04-10T08:21:12.016+0000] {subprocess.py:93} INFO - 895               Capital Cities  ...           electronic, indie, electropop, pop, rock
[2025-04-10T08:21:12.016+0000] {subprocess.py:93} INFO - 896                     Bon Jovi  ...     rock, hard rock, classic rock, 80s, hair metal
[2025-04-10T08:21:12.016+0000] {subprocess.py:93} INFO - 897  Ariana Grande  Social House  ...
[2025-04-10T08:21:12.016+0000] {subprocess.py:93} INFO - 898                   Draco Rosa  ...      latin, rock, Latin Rock, spanish, Rock Latino
[2025-04-10T08:21:12.016+0000] {subprocess.py:93} INFO - 
[2025-04-10T08:21:12.016+0000] {subprocess.py:93} INFO - [899 rows x 5 columns]
[2025-04-10T08:21:12.102+0000] {subprocess.py:97} INFO - Command exited with return code 0
[2025-04-10T08:21:12.170+0000] {taskinstance.py:1138} INFO - Marking task as SUCCESS. dag_id=etl_pipeline_modo_prueba, task_id=transform_lastfm, execution_date=20250410T081414, start_date=20250410T082111, end_date=20250410T082112
[2025-04-10T08:21:12.264+0000] {local_task_job_runner.py:234} INFO - Task exited with return code 0
[2025-04-10T08:21:12.299+0000] {taskinstance.py:3280} INFO - 1 downstream tasks scheduled from follow-on schedule check
