[2025-04-11T07:55:13.496+0000] {taskinstance.py:1956} INFO - Dependencies all met for dep_context=non-requeueable deps ti=<TaskInstance: etl_pipeline_modo_prueba.transform_lastfm manual__2025-04-11T07:49:05.654264+00:00 [queued]>
[2025-04-11T07:55:13.506+0000] {taskinstance.py:1956} INFO - Dependencies all met for dep_context=requeueable deps ti=<TaskInstance: etl_pipeline_modo_prueba.transform_lastfm manual__2025-04-11T07:49:05.654264+00:00 [queued]>
[2025-04-11T07:55:13.506+0000] {taskinstance.py:2170} INFO - Starting attempt 1 of 2
[2025-04-11T07:55:13.552+0000] {taskinstance.py:2191} INFO - Executing <Task(BashOperator): transform_lastfm> on 2025-04-11 07:49:05.654264+00:00
[2025-04-11T07:55:13.558+0000] {standard_task_runner.py:60} INFO - Started process 152 to run task
[2025-04-11T07:55:13.562+0000] {standard_task_runner.py:87} INFO - Running: ['***', 'tasks', 'run', 'etl_pipeline_modo_prueba', 'transform_lastfm', 'manual__2025-04-11T07:49:05.654264+00:00', '--job-id', '460', '--raw', '--subdir', 'DAGS_FOLDER/etl_workflow.py', '--cfg-path', '/tmp/tmpnjh54wr7']
[2025-04-11T07:55:13.564+0000] {standard_task_runner.py:88} INFO - Job 460: Subtask transform_lastfm
[2025-04-11T07:55:13.641+0000] {task_command.py:423} INFO - Running <TaskInstance: etl_pipeline_modo_prueba.transform_lastfm manual__2025-04-11T07:49:05.654264+00:00 [running]> on host 6c0b66bf1576
[2025-04-11T07:55:13.828+0000] {taskinstance.py:2480} INFO - Exporting env vars: AIRFLOW_CTX_DAG_OWNER='simon' AIRFLOW_CTX_DAG_ID='etl_pipeline_modo_prueba' AIRFLOW_CTX_TASK_ID='transform_lastfm' AIRFLOW_CTX_EXECUTION_DATE='2025-04-11T07:49:05.654264+00:00' AIRFLOW_CTX_TRY_NUMBER='1' AIRFLOW_CTX_DAG_RUN_ID='manual__2025-04-11T07:49:05.654264+00:00'
[2025-04-11T07:55:13.829+0000] {subprocess.py:63} INFO - Tmp dir root location: /tmp
[2025-04-11T07:55:13.830+0000] {subprocess.py:75} INFO - Running command: ['/usr/bin/bash', '-c', 'python3 /opt/***/scripts/transform_lastfm.py']
[2025-04-11T07:55:13.843+0000] {subprocess.py:86} INFO - Output:
[2025-04-11T07:55:14.326+0000] {subprocess.py:93} INFO - ✅ Last.fm transformado guardado en /opt/***/data/processed/lastfm_transformed.parquet
[2025-04-11T07:55:14.327+0000] {subprocess.py:93} INFO -                         artist  ...                                               tags
[2025-04-11T07:55:14.327+0000] {subprocess.py:93} INFO - 0             Earth Wind  Fire  ...
[2025-04-11T07:55:14.327+0000] {subprocess.py:93} INFO - 1                  Tenacious D  ...  rock, comedy, hard rock, alternative rock, alt...
[2025-04-11T07:55:14.327+0000] {subprocess.py:93} INFO - 2                   Jon Samson  ...
[2025-04-11T07:55:14.328+0000] {subprocess.py:93} INFO - 3                    FKA twigs  ...  trip-hop, electronic, experimental, dream pop,...
[2025-04-11T07:55:14.328+0000] {subprocess.py:93} INFO - 4                  Tim Menzies  ...               Awesome, phone calls, pranks, cdbaby
[2025-04-11T07:55:14.328+0000] {subprocess.py:93} INFO - ..                         ...  ...                                                ...
[2025-04-11T07:55:14.328+0000] {subprocess.py:93} INFO - 784                      Mazie  ...  indie pop, electronic, pop, seen live, female ...
[2025-04-11T07:55:14.328+0000] {subprocess.py:93} INFO - 785  LADY GAGA  BRADLEY COOPER  ...
[2025-04-11T07:55:14.328+0000] {subprocess.py:93} INFO - 786                Trevor Noah  ...                   comedian, Stand Up, south africa
[2025-04-11T07:55:14.329+0000] {subprocess.py:93} INFO - 787                   Aditya A  ...                                         pop, india
[2025-04-11T07:55:14.329+0000] {subprocess.py:93} INFO - 788              Megan Moroney  ...          country, USA, georgia, modern country pop
[2025-04-11T07:55:14.329+0000] {subprocess.py:93} INFO - 
[2025-04-11T07:55:14.329+0000] {subprocess.py:93} INFO - [789 rows x 5 columns]
[2025-04-11T07:55:14.414+0000] {subprocess.py:97} INFO - Command exited with return code 0
[2025-04-11T07:55:14.479+0000] {taskinstance.py:1138} INFO - Marking task as SUCCESS. dag_id=etl_pipeline_modo_prueba, task_id=transform_lastfm, execution_date=20250411T074905, start_date=20250411T075513, end_date=20250411T075514
[2025-04-11T07:55:14.582+0000] {local_task_job_runner.py:234} INFO - Task exited with return code 0
[2025-04-11T07:55:14.610+0000] {taskinstance.py:3280} INFO - 1 downstream tasks scheduled from follow-on schedule check
