[2025-04-11T05:45:32.796+0000] {taskinstance.py:1956} INFO - Dependencies all met for dep_context=non-requeueable deps ti=<TaskInstance: etl_pipeline_modo_prueba.transform_lastfm manual__2025-04-11T05:39:31.919033+00:00 [queued]>
[2025-04-11T05:45:32.806+0000] {taskinstance.py:1956} INFO - Dependencies all met for dep_context=requeueable deps ti=<TaskInstance: etl_pipeline_modo_prueba.transform_lastfm manual__2025-04-11T05:39:31.919033+00:00 [queued]>
[2025-04-11T05:45:32.807+0000] {taskinstance.py:2170} INFO - Starting attempt 1 of 2
[2025-04-11T05:45:32.849+0000] {taskinstance.py:2191} INFO - Executing <Task(BashOperator): transform_lastfm> on 2025-04-11 05:39:31.919033+00:00
[2025-04-11T05:45:32.856+0000] {standard_task_runner.py:60} INFO - Started process 155 to run task
[2025-04-11T05:45:32.858+0000] {standard_task_runner.py:87} INFO - Running: ['***', 'tasks', 'run', 'etl_pipeline_modo_prueba', 'transform_lastfm', 'manual__2025-04-11T05:39:31.919033+00:00', '--job-id', '426', '--raw', '--subdir', 'DAGS_FOLDER/etl_workflow.py', '--cfg-path', '/tmp/tmppkqsu_f_']
[2025-04-11T05:45:32.860+0000] {standard_task_runner.py:88} INFO - Job 426: Subtask transform_lastfm
[2025-04-11T05:45:32.945+0000] {task_command.py:423} INFO - Running <TaskInstance: etl_pipeline_modo_prueba.transform_lastfm manual__2025-04-11T05:39:31.919033+00:00 [running]> on host 7dd711ede7ba
[2025-04-11T05:45:33.091+0000] {taskinstance.py:2480} INFO - Exporting env vars: AIRFLOW_CTX_DAG_OWNER='simon' AIRFLOW_CTX_DAG_ID='etl_pipeline_modo_prueba' AIRFLOW_CTX_TASK_ID='transform_lastfm' AIRFLOW_CTX_EXECUTION_DATE='2025-04-11T05:39:31.919033+00:00' AIRFLOW_CTX_TRY_NUMBER='1' AIRFLOW_CTX_DAG_RUN_ID='manual__2025-04-11T05:39:31.919033+00:00'
[2025-04-11T05:45:33.092+0000] {subprocess.py:63} INFO - Tmp dir root location: /tmp
[2025-04-11T05:45:33.093+0000] {subprocess.py:75} INFO - Running command: ['/usr/bin/bash', '-c', 'python3 /opt/***/scripts/transform_lastfm.py']
[2025-04-11T05:45:33.105+0000] {subprocess.py:86} INFO - Output:
[2025-04-11T05:45:33.570+0000] {subprocess.py:93} INFO - ✅ Last.fm transformado guardado en /opt/***/data/processed/lastfm_transformed.parquet
[2025-04-11T05:45:33.570+0000] {subprocess.py:93} INFO -                                      artist  ...                                               tags
[2025-04-11T05:45:33.571+0000] {subprocess.py:93} INFO - 0                 Meduza featuring Goodboys  ...
[2025-04-11T05:45:33.571+0000] {subprocess.py:93} INFO - 1                     The Chemical Brothers  ...   electronic, dance, big beat, electronica, techno
[2025-04-11T05:45:33.571+0000] {subprocess.py:93} INFO - 2                           Imagine Dragons  ...    indie, indie rock, alternative, rock, indie pop
[2025-04-11T05:45:33.571+0000] {subprocess.py:93} INFO - 3                        Pablo Ziegler Trio  ...                                   tango, argentina
[2025-04-11T05:45:33.571+0000] {subprocess.py:93} INFO - 4                              Brad Mehldau  ...  jazz, piano, jazz piano, contemporary jazz, in...
[2025-04-11T05:45:33.572+0000] {subprocess.py:93} INFO - ..                                      ...  ...                                                ...
[2025-04-11T05:45:33.572+0000] {subprocess.py:93} INFO - 784                                    Beck  ...  alternative, indie, rock, singer-songwriter, i...
[2025-04-11T05:45:33.572+0000] {subprocess.py:93} INFO - 785   Taylor Swift featuring Kendrick Lamar  ...
[2025-04-11T05:45:33.572+0000] {subprocess.py:93} INFO - 786                          Paul Avgerinos  ...       new age, ambient, chillout, relaxing, guitar
[2025-04-11T05:45:33.572+0000] {subprocess.py:93} INFO - 787  Terrance Simien  The Zydeco Experience  ...
[2025-04-11T05:45:33.572+0000] {subprocess.py:93} INFO - 788                          Alabama Shakes  ...        blues, soul, seen live, rock, Southern Rock
[2025-04-11T05:45:33.573+0000] {subprocess.py:93} INFO - 
[2025-04-11T05:45:33.573+0000] {subprocess.py:93} INFO - [789 rows x 5 columns]
[2025-04-11T05:45:33.651+0000] {subprocess.py:97} INFO - Command exited with return code 0
[2025-04-11T05:45:33.722+0000] {taskinstance.py:1138} INFO - Marking task as SUCCESS. dag_id=etl_pipeline_modo_prueba, task_id=transform_lastfm, execution_date=20250411T053931, start_date=20250411T054532, end_date=20250411T054533
[2025-04-11T05:45:33.793+0000] {local_task_job_runner.py:234} INFO - Task exited with return code 0
[2025-04-11T05:45:33.819+0000] {taskinstance.py:3280} INFO - 1 downstream tasks scheduled from follow-on schedule check
