[2025-04-10T17:07:09.637+0000] {taskinstance.py:1956} INFO - Dependencies all met for dep_context=non-requeueable deps ti=<TaskInstance: etl_pipeline_modo_prueba.transform_lastfm manual__2025-04-10T16:59:45.596665+00:00 [queued]>
[2025-04-10T17:07:09.647+0000] {taskinstance.py:1956} INFO - Dependencies all met for dep_context=requeueable deps ti=<TaskInstance: etl_pipeline_modo_prueba.transform_lastfm manual__2025-04-10T16:59:45.596665+00:00 [queued]>
[2025-04-10T17:07:09.647+0000] {taskinstance.py:2170} INFO - Starting attempt 1 of 2
[2025-04-10T17:07:09.685+0000] {taskinstance.py:2191} INFO - Executing <Task(BashOperator): transform_lastfm> on 2025-04-10 16:59:45.596665+00:00
[2025-04-10T17:07:09.692+0000] {standard_task_runner.py:60} INFO - Started process 158 to run task
[2025-04-10T17:07:09.695+0000] {standard_task_runner.py:87} INFO - Running: ['***', 'tasks', 'run', 'etl_pipeline_modo_prueba', 'transform_lastfm', 'manual__2025-04-10T16:59:45.596665+00:00', '--job-id', '271', '--raw', '--subdir', 'DAGS_FOLDER/etl_workflow.py', '--cfg-path', '/tmp/tmp_n04rd6i']
[2025-04-10T17:07:09.696+0000] {standard_task_runner.py:88} INFO - Job 271: Subtask transform_lastfm
[2025-04-10T17:07:09.773+0000] {task_command.py:423} INFO - Running <TaskInstance: etl_pipeline_modo_prueba.transform_lastfm manual__2025-04-10T16:59:45.596665+00:00 [running]> on host 7e81c16d07af
[2025-04-10T17:07:09.931+0000] {taskinstance.py:2480} INFO - Exporting env vars: AIRFLOW_CTX_DAG_OWNER='simon' AIRFLOW_CTX_DAG_ID='etl_pipeline_modo_prueba' AIRFLOW_CTX_TASK_ID='transform_lastfm' AIRFLOW_CTX_EXECUTION_DATE='2025-04-10T16:59:45.596665+00:00' AIRFLOW_CTX_TRY_NUMBER='1' AIRFLOW_CTX_DAG_RUN_ID='manual__2025-04-10T16:59:45.596665+00:00'
[2025-04-10T17:07:09.932+0000] {subprocess.py:63} INFO - Tmp dir root location: /tmp
[2025-04-10T17:07:09.933+0000] {subprocess.py:75} INFO - Running command: ['/usr/bin/bash', '-c', 'python3 /opt/***/scripts/transform_lastfm.py']
[2025-04-10T17:07:09.944+0000] {subprocess.py:86} INFO - Output:
[2025-04-10T17:07:13.395+0000] {subprocess.py:93} INFO - ✅ Last.fm transformado guardado en /opt/***/data/processed/lastfm_transformed.parquet
[2025-04-10T17:07:13.396+0000] {subprocess.py:93} INFO -                                 artist  ...                                               tags
[2025-04-10T17:07:13.396+0000] {subprocess.py:93} INFO - 0                                 Mora  ...     black metal, trap, seen live, latin, Reggaeton
[2025-04-10T17:07:13.396+0000] {subprocess.py:93} INFO - 1                      Various Artists  ...    electronic, indie, mistagged artist, jazz, rock
[2025-04-10T17:07:13.397+0000] {subprocess.py:93} INFO - 2                                   LV  ...          dubstep, dub, electronic, hyperdub, Grime
[2025-04-10T17:07:13.397+0000] {subprocess.py:93} INFO - 3    Justin Timberlake featuring JAY Z  ...
[2025-04-10T17:07:13.397+0000] {subprocess.py:93} INFO - 4                          Marvin Gaye  ...          soul, motown, funk, rhythm and blues, rnb
[2025-04-10T17:07:13.397+0000] {subprocess.py:93} INFO - ..                                 ...  ...                                                ...
[2025-04-10T17:07:13.397+0000] {subprocess.py:93} INFO - 894                       Paulo Londra  ...           argentina, trap, Hip-Hop, seen live, rap
[2025-04-10T17:07:13.398+0000] {subprocess.py:93} INFO - 895                      David Darling  ...  cello, ambient, contemporary classical, jazz, ...
[2025-04-10T17:07:13.398+0000] {subprocess.py:93} INFO - 896                      Gary Clark Jr  ...                                          sxsw 2009
[2025-04-10T17:07:13.398+0000] {subprocess.py:93} INFO - 897                    Chris Stapleton  ...  country, americana, singer-songwriter, folk, b...
[2025-04-10T17:07:13.398+0000] {subprocess.py:93} INFO - 898                          Bad Bunny  ...   Reggaeton, latin, trap, puerto rico, trap latino
[2025-04-10T17:07:13.399+0000] {subprocess.py:93} INFO - 
[2025-04-10T17:07:13.399+0000] {subprocess.py:93} INFO - [899 rows x 5 columns]
[2025-04-10T17:07:13.482+0000] {subprocess.py:97} INFO - Command exited with return code 0
[2025-04-10T17:07:13.539+0000] {taskinstance.py:1138} INFO - Marking task as SUCCESS. dag_id=etl_pipeline_modo_prueba, task_id=transform_lastfm, execution_date=20250410T165945, start_date=20250410T170709, end_date=20250410T170713
[2025-04-10T17:07:13.636+0000] {local_task_job_runner.py:234} INFO - Task exited with return code 0
[2025-04-10T17:07:13.665+0000] {taskinstance.py:3280} INFO - 1 downstream tasks scheduled from follow-on schedule check
