[2025-04-10T08:21:13.234+0000] {taskinstance.py:1956} INFO - Dependencies all met for dep_context=non-requeueable deps ti=<TaskInstance: etl_pipeline_modo_prueba.merge_datasets manual__2025-04-10T08:14:14.529440+00:00 [queued]>
[2025-04-10T08:21:13.245+0000] {taskinstance.py:1956} INFO - Dependencies all met for dep_context=requeueable deps ti=<TaskInstance: etl_pipeline_modo_prueba.merge_datasets manual__2025-04-10T08:14:14.529440+00:00 [queued]>
[2025-04-10T08:21:13.245+0000] {taskinstance.py:2170} INFO - Starting attempt 1 of 2
[2025-04-10T08:21:13.284+0000] {taskinstance.py:2191} INFO - Executing <Task(BashOperator): merge_datasets> on 2025-04-10 08:14:14.529440+00:00
[2025-04-10T08:21:13.290+0000] {standard_task_runner.py:60} INFO - Started process 181 to run task
[2025-04-10T08:21:13.293+0000] {standard_task_runner.py:87} INFO - Running: ['***', 'tasks', 'run', 'etl_pipeline_modo_prueba', 'merge_datasets', 'manual__2025-04-10T08:14:14.529440+00:00', '--job-id', '248', '--raw', '--subdir', 'DAGS_FOLDER/etl_workflow.py', '--cfg-path', '/tmp/tmpq4anb5u1']
[2025-04-10T08:21:13.294+0000] {standard_task_runner.py:88} INFO - Job 248: Subtask merge_datasets
[2025-04-10T08:21:13.378+0000] {task_command.py:423} INFO - Running <TaskInstance: etl_pipeline_modo_prueba.merge_datasets manual__2025-04-10T08:14:14.529440+00:00 [running]> on host a751b6086b55
[2025-04-10T08:21:13.541+0000] {taskinstance.py:2480} INFO - Exporting env vars: AIRFLOW_CTX_DAG_OWNER='simon' AIRFLOW_CTX_DAG_ID='etl_pipeline_modo_prueba' AIRFLOW_CTX_TASK_ID='merge_datasets' AIRFLOW_CTX_EXECUTION_DATE='2025-04-10T08:14:14.529440+00:00' AIRFLOW_CTX_TRY_NUMBER='1' AIRFLOW_CTX_DAG_RUN_ID='manual__2025-04-10T08:14:14.529440+00:00'
[2025-04-10T08:21:13.542+0000] {subprocess.py:63} INFO - Tmp dir root location: /tmp
[2025-04-10T08:21:13.544+0000] {subprocess.py:75} INFO - Running command: ['/usr/bin/bash', '-c', 'python3 /opt/***/scripts/merge_datasets.py']
[2025-04-10T08:21:13.557+0000] {subprocess.py:86} INFO - Output:
[2025-04-10T08:21:14.118+0000] {subprocess.py:93} INFO - ✅ Merge final guardado en /opt/***/data/processed/final_merged.parquet
[2025-04-10T08:21:14.118+0000] {subprocess.py:93} INFO -                artist_normalized  ...                                               tags
[2025-04-10T08:21:14.118+0000] {subprocess.py:93} INFO - 0                       (g)i-dle  ...                                                NaN
[2025-04-10T08:21:14.118+0000] {subprocess.py:93} INFO - 1             24kgoldn;iann dior  ...                                                NaN
[2025-04-10T08:21:14.119+0000] {subprocess.py:93} INFO - 2                   2pac;outlawz  ...                                                NaN
[2025-04-10T08:21:14.119+0000] {subprocess.py:93} INFO - 3                   3 doors down  ...  rock, alternative rock, alternative, hard rock...
[2025-04-10T08:21:14.119+0000] {subprocess.py:93} INFO - 4            5 seconds of summer  ...          pop rock, pop punk, rock, pop, australian
[2025-04-10T08:21:14.119+0000] {subprocess.py:93} INFO - ..                           ...  ...                                                ...
[2025-04-10T08:21:14.119+0000] {subprocess.py:93} INFO - 479            zayn;taylor swift  ...                                                NaN
[2025-04-10T08:21:14.119+0000] {subprocess.py:93} INFO - 480       zedd;maren morris;grey  ...                                                NaN
[2025-04-10T08:21:14.119+0000] {subprocess.py:93} INFO - 481                zion & lennox  ...                                                NaN
[2025-04-10T08:21:14.119+0000] {subprocess.py:93} INFO - 482  zion & lennox;maria becerra  ...                                                NaN
[2025-04-10T08:21:14.120+0000] {subprocess.py:93} INFO - 483                öwnboss;sevek  ...                                                NaN
[2025-04-10T08:21:14.120+0000] {subprocess.py:93} INFO - 
[2025-04-10T08:21:14.120+0000] {subprocess.py:93} INFO - [484 rows x 15 columns]
[2025-04-10T08:21:14.209+0000] {subprocess.py:97} INFO - Command exited with return code 0
[2025-04-10T08:21:14.264+0000] {taskinstance.py:1138} INFO - Marking task as SUCCESS. dag_id=etl_pipeline_modo_prueba, task_id=merge_datasets, execution_date=20250410T081414, start_date=20250410T082113, end_date=20250410T082114
[2025-04-10T08:21:14.350+0000] {local_task_job_runner.py:234} INFO - Task exited with return code 0
[2025-04-10T08:21:14.381+0000] {taskinstance.py:3280} INFO - 1 downstream tasks scheduled from follow-on schedule check
