[2025-04-11T04:11:17.320+0000] {taskinstance.py:1956} INFO - Dependencies all met for dep_context=non-requeueable deps ti=<TaskInstance: etl_pipeline_modo_prueba.transform_lastfm manual__2025-04-11T04:05:03.077711+00:00 [queued]>
[2025-04-11T04:11:17.329+0000] {taskinstance.py:1956} INFO - Dependencies all met for dep_context=requeueable deps ti=<TaskInstance: etl_pipeline_modo_prueba.transform_lastfm manual__2025-04-11T04:05:03.077711+00:00 [queued]>
[2025-04-11T04:11:17.329+0000] {taskinstance.py:2170} INFO - Starting attempt 1 of 2
[2025-04-11T04:11:17.369+0000] {taskinstance.py:2191} INFO - Executing <Task(BashOperator): transform_lastfm> on 2025-04-11 04:05:03.077711+00:00
[2025-04-11T04:11:17.375+0000] {standard_task_runner.py:60} INFO - Started process 155 to run task
[2025-04-11T04:11:17.378+0000] {standard_task_runner.py:87} INFO - Running: ['***', 'tasks', 'run', 'etl_pipeline_modo_prueba', 'transform_lastfm', 'manual__2025-04-11T04:05:03.077711+00:00', '--job-id', '372', '--raw', '--subdir', 'DAGS_FOLDER/etl_workflow.py', '--cfg-path', '/tmp/tmpj5049w11']
[2025-04-11T04:11:17.379+0000] {standard_task_runner.py:88} INFO - Job 372: Subtask transform_lastfm
[2025-04-11T04:11:17.456+0000] {task_command.py:423} INFO - Running <TaskInstance: etl_pipeline_modo_prueba.transform_lastfm manual__2025-04-11T04:05:03.077711+00:00 [running]> on host 51427b16b819
[2025-04-11T04:11:17.615+0000] {taskinstance.py:2480} INFO - Exporting env vars: AIRFLOW_CTX_DAG_OWNER='simon' AIRFLOW_CTX_DAG_ID='etl_pipeline_modo_prueba' AIRFLOW_CTX_TASK_ID='transform_lastfm' AIRFLOW_CTX_EXECUTION_DATE='2025-04-11T04:05:03.077711+00:00' AIRFLOW_CTX_TRY_NUMBER='1' AIRFLOW_CTX_DAG_RUN_ID='manual__2025-04-11T04:05:03.077711+00:00'
[2025-04-11T04:11:17.616+0000] {subprocess.py:63} INFO - Tmp dir root location: /tmp
[2025-04-11T04:11:17.617+0000] {subprocess.py:75} INFO - Running command: ['/usr/bin/bash', '-c', 'python3 /opt/***/scripts/transform_lastfm.py']
[2025-04-11T04:11:17.628+0000] {subprocess.py:86} INFO - Output:
[2025-04-11T04:11:18.098+0000] {subprocess.py:93} INFO - ✅ Last.fm transformado guardado en /opt/***/data/processed/lastfm_transformed.parquet
[2025-04-11T04:11:18.098+0000] {subprocess.py:93} INFO -                                artist  ...                                               tags
[2025-04-11T04:11:18.098+0000] {subprocess.py:93} INFO - 0                               Gambi  ...  Jazz Hop, underground hip-hop, French hip hop,...
[2025-04-11T04:11:18.099+0000] {subprocess.py:93} INFO - 1    Snarky Puppy with Lalah Hathaway  ...
[2025-04-11T04:11:18.099+0000] {subprocess.py:93} INFO - 2                         James Blake  ...  electronic, dubstep, experimental, downtempo, ...
[2025-04-11T04:11:18.099+0000] {subprocess.py:93} INFO - 3                        Jason Derulo  ...      rnb, pop, male vocalists, Jason Derulo, urban
[2025-04-11T04:11:18.099+0000] {subprocess.py:93} INFO - 4                     Various Artists  ...    electronic, indie, mistagged artist, jazz, rock
[2025-04-11T04:11:18.100+0000] {subprocess.py:93} INFO - ..                                ...  ...                                                ...
[2025-04-11T04:11:18.100+0000] {subprocess.py:93} INFO - 784                       The Strokes  ...  indie rock, rock, indie, alternative, alternat...
[2025-04-11T04:11:18.100+0000] {subprocess.py:93} INFO - 785                     Jazzmeia Horn  ...  jazz, vocal jazz, female vocalists, seen live,...
[2025-04-11T04:11:18.100+0000] {subprocess.py:93} INFO - 786                         Big Thief  ...  seen live, indie rock, indie folk, folk, folk ...
[2025-04-11T04:11:18.100+0000] {subprocess.py:93} INFO - 787                            Eagles  ...        classic rock, rock, 70s, soft rock, country
[2025-04-11T04:11:18.100+0000] {subprocess.py:93} INFO - 788                  Carrie Underwood  ...  country, female vocalists, pop, American Idol,...
[2025-04-11T04:11:18.101+0000] {subprocess.py:93} INFO - 
[2025-04-11T04:11:18.101+0000] {subprocess.py:93} INFO - [789 rows x 5 columns]
[2025-04-11T04:11:18.185+0000] {subprocess.py:97} INFO - Command exited with return code 0
[2025-04-11T04:11:18.236+0000] {taskinstance.py:1138} INFO - Marking task as SUCCESS. dag_id=etl_pipeline_modo_prueba, task_id=transform_lastfm, execution_date=20250411T040503, start_date=20250411T041117, end_date=20250411T041118
[2025-04-11T04:11:18.311+0000] {local_task_job_runner.py:234} INFO - Task exited with return code 0
[2025-04-11T04:11:18.339+0000] {taskinstance.py:3280} INFO - 1 downstream tasks scheduled from follow-on schedule check
