[2025-04-11T03:13:29.954+0000] {taskinstance.py:1956} INFO - Dependencies all met for dep_context=non-requeueable deps ti=<TaskInstance: etl_pipeline_modo_prueba.transform_lastfm manual__2025-04-11T03:07:01.537846+00:00 [queued]>
[2025-04-11T03:13:29.963+0000] {taskinstance.py:1956} INFO - Dependencies all met for dep_context=requeueable deps ti=<TaskInstance: etl_pipeline_modo_prueba.transform_lastfm manual__2025-04-11T03:07:01.537846+00:00 [queued]>
[2025-04-11T03:13:29.963+0000] {taskinstance.py:2170} INFO - Starting attempt 1 of 2
[2025-04-11T03:13:30.001+0000] {taskinstance.py:2191} INFO - Executing <Task(BashOperator): transform_lastfm> on 2025-04-11 03:07:01.537846+00:00
[2025-04-11T03:13:30.007+0000] {standard_task_runner.py:60} INFO - Started process 156 to run task
[2025-04-11T03:13:30.009+0000] {standard_task_runner.py:87} INFO - Running: ['***', 'tasks', 'run', 'etl_pipeline_modo_prueba', 'transform_lastfm', 'manual__2025-04-11T03:07:01.537846+00:00', '--job-id', '350', '--raw', '--subdir', 'DAGS_FOLDER/etl_workflow.py', '--cfg-path', '/tmp/tmp68hi29co']
[2025-04-11T03:13:30.010+0000] {standard_task_runner.py:88} INFO - Job 350: Subtask transform_lastfm
[2025-04-11T03:13:30.086+0000] {task_command.py:423} INFO - Running <TaskInstance: etl_pipeline_modo_prueba.transform_lastfm manual__2025-04-11T03:07:01.537846+00:00 [running]> on host 334626cf2d45
[2025-04-11T03:13:30.237+0000] {taskinstance.py:2480} INFO - Exporting env vars: AIRFLOW_CTX_DAG_OWNER='simon' AIRFLOW_CTX_DAG_ID='etl_pipeline_modo_prueba' AIRFLOW_CTX_TASK_ID='transform_lastfm' AIRFLOW_CTX_EXECUTION_DATE='2025-04-11T03:07:01.537846+00:00' AIRFLOW_CTX_TRY_NUMBER='1' AIRFLOW_CTX_DAG_RUN_ID='manual__2025-04-11T03:07:01.537846+00:00'
[2025-04-11T03:13:30.238+0000] {subprocess.py:63} INFO - Tmp dir root location: /tmp
[2025-04-11T03:13:30.239+0000] {subprocess.py:75} INFO - Running command: ['/usr/bin/bash', '-c', 'python3 /opt/***/scripts/transform_lastfm.py']
[2025-04-11T03:13:30.250+0000] {subprocess.py:86} INFO - Output:
[2025-04-11T03:13:30.737+0000] {subprocess.py:93} INFO - ✅ Last.fm transformado guardado en /opt/***/data/processed/lastfm_transformed.parquet
[2025-04-11T03:13:30.738+0000] {subprocess.py:93} INFO -                 artist  ...                                               tags
[2025-04-11T03:13:30.738+0000] {subprocess.py:93} INFO - 0          Smash Mouth  ...      rock, alternative, alternative rock, ska, pop
[2025-04-11T03:13:30.738+0000] {subprocess.py:93} INFO - 1    Pharrell Williams  ...              Hip-Hop, rnb, rap, hip hop, seen live
[2025-04-11T03:13:30.738+0000] {subprocess.py:93} INFO - 2        Morgan Wallen  ...  country, racist, country pop, the voice, conte...
[2025-04-11T03:13:30.738+0000] {subprocess.py:93} INFO - 3              La Roux  ...  electropop, electronic, synthpop, dance, indie...
[2025-04-11T03:13:30.739+0000] {subprocess.py:93} INFO - 4              Pitbull  ...            Hip-Hop, rap, Reggaeton, hip hop, Crunk
[2025-04-11T03:13:30.739+0000] {subprocess.py:93} INFO - ..                 ...  ...                                                ...
[2025-04-11T03:13:30.739+0000] {subprocess.py:93} INFO - 784       Bill Withers  ...             soul, funk, 70s, rhythm and blues, rnb
[2025-04-11T03:13:30.739+0000] {subprocess.py:93} INFO - 785       Marc Anthony  ...         salsa, latin, pop, Marc Anthony, latin pop
[2025-04-11T03:13:30.739+0000] {subprocess.py:93} INFO - 786         Levon Helm  ...  americana, country, country rock, The Band, cl...
[2025-04-11T03:13:30.740+0000] {subprocess.py:93} INFO - 787       Lana Del Rey  ...  female vocalists, indie, indie pop, pop, alter...
[2025-04-11T03:13:30.740+0000] {subprocess.py:93} INFO - 788               Akon  ...                    Hip-Hop, rnb, rap, hip hop, pop
[2025-04-11T03:13:30.740+0000] {subprocess.py:93} INFO - 
[2025-04-11T03:13:30.740+0000] {subprocess.py:93} INFO - [789 rows x 5 columns]
[2025-04-11T03:13:30.820+0000] {subprocess.py:97} INFO - Command exited with return code 0
[2025-04-11T03:13:30.876+0000] {taskinstance.py:1138} INFO - Marking task as SUCCESS. dag_id=etl_pipeline_modo_prueba, task_id=transform_lastfm, execution_date=20250411T030701, start_date=20250411T031329, end_date=20250411T031330
[2025-04-11T03:13:30.944+0000] {local_task_job_runner.py:234} INFO - Task exited with return code 0
[2025-04-11T03:13:30.972+0000] {taskinstance.py:3280} INFO - 1 downstream tasks scheduled from follow-on schedule check
