[2025-04-08T05:44:56.775+0000] {processor.py:161} INFO - Started process (PID=107) to work on /home/airflow/.local/lib/python3.8/site-packages/airflow/example_dags/example_latest_only.py
[2025-04-08T05:44:56.776+0000] {processor.py:830} INFO - Processing file /home/airflow/.local/lib/python3.8/site-packages/airflow/example_dags/example_latest_only.py for tasks to queue
[2025-04-08T05:44:56.778+0000] {logging_mixin.py:188} INFO - [2025-04-08T05:44:56.778+0000] {dagbag.py:538} INFO - Filling up the DagBag from /home/airflow/.local/lib/python3.8/site-packages/airflow/example_dags/example_latest_only.py
[2025-04-08T05:44:56.784+0000] {processor.py:840} INFO - DAG(s) 'latest_only' retrieved from /home/airflow/.local/lib/python3.8/site-packages/airflow/example_dags/example_latest_only.py
[2025-04-08T05:44:56.907+0000] {logging_mixin.py:188} INFO - [2025-04-08T05:44:56.907+0000] {dag.py:3036} INFO - Sync 1 DAGs
[2025-04-08T05:44:56.928+0000] {logging_mixin.py:188} INFO - [2025-04-08T05:44:56.928+0000] {dag.py:3823} INFO - Setting next_dagrun for latest_only to 2025-04-08 00:00:00+00:00, run_after=2025-04-08 04:00:00+00:00
[2025-04-08T05:44:56.993+0000] {processor.py:183} INFO - Processing /home/airflow/.local/lib/python3.8/site-packages/airflow/example_dags/example_latest_only.py took 0.221 seconds
[2025-04-08T05:45:27.931+0000] {processor.py:161} INFO - Started process (PID=162) to work on /home/airflow/.local/lib/python3.8/site-packages/airflow/example_dags/example_latest_only.py
[2025-04-08T05:45:27.932+0000] {processor.py:830} INFO - Processing file /home/airflow/.local/lib/python3.8/site-packages/airflow/example_dags/example_latest_only.py for tasks to queue
[2025-04-08T05:45:27.934+0000] {logging_mixin.py:188} INFO - [2025-04-08T05:45:27.934+0000] {dagbag.py:538} INFO - Filling up the DagBag from /home/airflow/.local/lib/python3.8/site-packages/airflow/example_dags/example_latest_only.py
[2025-04-08T05:45:27.939+0000] {processor.py:840} INFO - DAG(s) 'latest_only' retrieved from /home/airflow/.local/lib/python3.8/site-packages/airflow/example_dags/example_latest_only.py
[2025-04-08T05:45:27.961+0000] {logging_mixin.py:188} INFO - [2025-04-08T05:45:27.961+0000] {dag.py:3036} INFO - Sync 1 DAGs
[2025-04-08T05:45:27.984+0000] {logging_mixin.py:188} INFO - [2025-04-08T05:45:27.983+0000] {dag.py:3823} INFO - Setting next_dagrun for latest_only to 2025-04-08 00:00:00+00:00, run_after=2025-04-08 04:00:00+00:00
[2025-04-08T05:45:28.075+0000] {processor.py:183} INFO - Processing /home/airflow/.local/lib/python3.8/site-packages/airflow/example_dags/example_latest_only.py took 0.147 seconds
[2025-04-08T05:46:00.818+0000] {processor.py:161} INFO - Started process (PID=217) to work on /home/airflow/.local/lib/python3.8/site-packages/airflow/example_dags/example_latest_only.py
[2025-04-08T05:46:00.819+0000] {processor.py:830} INFO - Processing file /home/airflow/.local/lib/python3.8/site-packages/airflow/example_dags/example_latest_only.py for tasks to queue
[2025-04-08T05:46:00.821+0000] {logging_mixin.py:188} INFO - [2025-04-08T05:46:00.820+0000] {dagbag.py:538} INFO - Filling up the DagBag from /home/airflow/.local/lib/python3.8/site-packages/airflow/example_dags/example_latest_only.py
[2025-04-08T05:46:00.826+0000] {processor.py:840} INFO - DAG(s) 'latest_only' retrieved from /home/airflow/.local/lib/python3.8/site-packages/airflow/example_dags/example_latest_only.py
[2025-04-08T05:46:00.850+0000] {logging_mixin.py:188} INFO - [2025-04-08T05:46:00.849+0000] {dag.py:3036} INFO - Sync 1 DAGs
[2025-04-08T05:46:00.876+0000] {logging_mixin.py:188} INFO - [2025-04-08T05:46:00.876+0000] {dag.py:3823} INFO - Setting next_dagrun for latest_only to 2025-04-08 00:00:00+00:00, run_after=2025-04-08 04:00:00+00:00
[2025-04-08T05:46:01.015+0000] {processor.py:183} INFO - Processing /home/airflow/.local/lib/python3.8/site-packages/airflow/example_dags/example_latest_only.py took 0.200 seconds
[2025-04-08T05:46:34.284+0000] {processor.py:161} INFO - Started process (PID=272) to work on /home/airflow/.local/lib/python3.8/site-packages/airflow/example_dags/example_latest_only.py
[2025-04-08T05:46:34.285+0000] {processor.py:830} INFO - Processing file /home/airflow/.local/lib/python3.8/site-packages/airflow/example_dags/example_latest_only.py for tasks to queue
[2025-04-08T05:46:34.287+0000] {logging_mixin.py:188} INFO - [2025-04-08T05:46:34.287+0000] {dagbag.py:538} INFO - Filling up the DagBag from /home/airflow/.local/lib/python3.8/site-packages/airflow/example_dags/example_latest_only.py
[2025-04-08T05:46:34.292+0000] {processor.py:840} INFO - DAG(s) 'latest_only' retrieved from /home/airflow/.local/lib/python3.8/site-packages/airflow/example_dags/example_latest_only.py
[2025-04-08T05:46:34.315+0000] {logging_mixin.py:188} INFO - [2025-04-08T05:46:34.315+0000] {dag.py:3036} INFO - Sync 1 DAGs
[2025-04-08T05:46:34.343+0000] {logging_mixin.py:188} INFO - [2025-04-08T05:46:34.342+0000] {dag.py:3823} INFO - Setting next_dagrun for latest_only to 2025-04-08 00:00:00+00:00, run_after=2025-04-08 04:00:00+00:00
[2025-04-08T05:46:34.408+0000] {processor.py:183} INFO - Processing /home/airflow/.local/lib/python3.8/site-packages/airflow/example_dags/example_latest_only.py took 0.127 seconds
[2025-04-08T05:47:04.519+0000] {processor.py:161} INFO - Started process (PID=327) to work on /home/airflow/.local/lib/python3.8/site-packages/airflow/example_dags/example_latest_only.py
[2025-04-08T05:47:04.520+0000] {processor.py:830} INFO - Processing file /home/airflow/.local/lib/python3.8/site-packages/airflow/example_dags/example_latest_only.py for tasks to queue
[2025-04-08T05:47:04.522+0000] {logging_mixin.py:188} INFO - [2025-04-08T05:47:04.522+0000] {dagbag.py:538} INFO - Filling up the DagBag from /home/airflow/.local/lib/python3.8/site-packages/airflow/example_dags/example_latest_only.py
[2025-04-08T05:47:04.527+0000] {processor.py:840} INFO - DAG(s) 'latest_only' retrieved from /home/airflow/.local/lib/python3.8/site-packages/airflow/example_dags/example_latest_only.py
[2025-04-08T05:47:04.548+0000] {logging_mixin.py:188} INFO - [2025-04-08T05:47:04.548+0000] {dag.py:3036} INFO - Sync 1 DAGs
[2025-04-08T05:47:04.570+0000] {logging_mixin.py:188} INFO - [2025-04-08T05:47:04.569+0000] {dag.py:3823} INFO - Setting next_dagrun for latest_only to 2025-04-08 00:00:00+00:00, run_after=2025-04-08 04:00:00+00:00
[2025-04-08T05:47:04.679+0000] {processor.py:183} INFO - Processing /home/airflow/.local/lib/python3.8/site-packages/airflow/example_dags/example_latest_only.py took 0.163 seconds
[2025-04-08T05:47:34.752+0000] {processor.py:161} INFO - Started process (PID=376) to work on /home/airflow/.local/lib/python3.8/site-packages/airflow/example_dags/example_latest_only.py
[2025-04-08T05:47:34.753+0000] {processor.py:830} INFO - Processing file /home/airflow/.local/lib/python3.8/site-packages/airflow/example_dags/example_latest_only.py for tasks to queue
[2025-04-08T05:47:34.756+0000] {logging_mixin.py:188} INFO - [2025-04-08T05:47:34.755+0000] {dagbag.py:538} INFO - Filling up the DagBag from /home/airflow/.local/lib/python3.8/site-packages/airflow/example_dags/example_latest_only.py
[2025-04-08T05:47:34.762+0000] {processor.py:840} INFO - DAG(s) 'latest_only' retrieved from /home/airflow/.local/lib/python3.8/site-packages/airflow/example_dags/example_latest_only.py
[2025-04-08T05:47:34.786+0000] {logging_mixin.py:188} INFO - [2025-04-08T05:47:34.786+0000] {dag.py:3036} INFO - Sync 1 DAGs
[2025-04-08T05:47:34.809+0000] {logging_mixin.py:188} INFO - [2025-04-08T05:47:34.809+0000] {dag.py:3823} INFO - Setting next_dagrun for latest_only to 2025-04-08 00:00:00+00:00, run_after=2025-04-08 04:00:00+00:00
[2025-04-08T05:47:34.870+0000] {processor.py:183} INFO - Processing /home/airflow/.local/lib/python3.8/site-packages/airflow/example_dags/example_latest_only.py took 0.121 seconds
[2025-04-08T05:48:05.150+0000] {processor.py:161} INFO - Started process (PID=431) to work on /home/airflow/.local/lib/python3.8/site-packages/airflow/example_dags/example_latest_only.py
[2025-04-08T05:48:05.151+0000] {processor.py:830} INFO - Processing file /home/airflow/.local/lib/python3.8/site-packages/airflow/example_dags/example_latest_only.py for tasks to queue
[2025-04-08T05:48:05.153+0000] {logging_mixin.py:188} INFO - [2025-04-08T05:48:05.153+0000] {dagbag.py:538} INFO - Filling up the DagBag from /home/airflow/.local/lib/python3.8/site-packages/airflow/example_dags/example_latest_only.py
[2025-04-08T05:48:05.158+0000] {processor.py:840} INFO - DAG(s) 'latest_only' retrieved from /home/airflow/.local/lib/python3.8/site-packages/airflow/example_dags/example_latest_only.py
[2025-04-08T05:48:05.184+0000] {logging_mixin.py:188} INFO - [2025-04-08T05:48:05.184+0000] {dag.py:3036} INFO - Sync 1 DAGs
[2025-04-08T05:48:05.208+0000] {logging_mixin.py:188} INFO - [2025-04-08T05:48:05.208+0000] {dag.py:3823} INFO - Setting next_dagrun for latest_only to 2025-04-08 00:00:00+00:00, run_after=2025-04-08 04:00:00+00:00
[2025-04-08T05:48:05.300+0000] {processor.py:183} INFO - Processing /home/airflow/.local/lib/python3.8/site-packages/airflow/example_dags/example_latest_only.py took 0.152 seconds
[2025-04-08T05:48:35.777+0000] {processor.py:161} INFO - Started process (PID=486) to work on /home/airflow/.local/lib/python3.8/site-packages/airflow/example_dags/example_latest_only.py
[2025-04-08T05:48:35.778+0000] {processor.py:830} INFO - Processing file /home/airflow/.local/lib/python3.8/site-packages/airflow/example_dags/example_latest_only.py for tasks to queue
[2025-04-08T05:48:35.780+0000] {logging_mixin.py:188} INFO - [2025-04-08T05:48:35.779+0000] {dagbag.py:538} INFO - Filling up the DagBag from /home/airflow/.local/lib/python3.8/site-packages/airflow/example_dags/example_latest_only.py
[2025-04-08T05:48:35.785+0000] {processor.py:840} INFO - DAG(s) 'latest_only' retrieved from /home/airflow/.local/lib/python3.8/site-packages/airflow/example_dags/example_latest_only.py
[2025-04-08T05:48:35.804+0000] {logging_mixin.py:188} INFO - [2025-04-08T05:48:35.804+0000] {dag.py:3036} INFO - Sync 1 DAGs
[2025-04-08T05:48:35.824+0000] {logging_mixin.py:188} INFO - [2025-04-08T05:48:35.824+0000] {dag.py:3823} INFO - Setting next_dagrun for latest_only to 2025-04-08 00:00:00+00:00, run_after=2025-04-08 04:00:00+00:00
[2025-04-08T05:48:35.889+0000] {processor.py:183} INFO - Processing /home/airflow/.local/lib/python3.8/site-packages/airflow/example_dags/example_latest_only.py took 0.116 seconds
[2025-04-08T05:49:06.729+0000] {processor.py:161} INFO - Started process (PID=541) to work on /home/airflow/.local/lib/python3.8/site-packages/airflow/example_dags/example_latest_only.py
[2025-04-08T05:49:06.730+0000] {processor.py:830} INFO - Processing file /home/airflow/.local/lib/python3.8/site-packages/airflow/example_dags/example_latest_only.py for tasks to queue
[2025-04-08T05:49:06.732+0000] {logging_mixin.py:188} INFO - [2025-04-08T05:49:06.732+0000] {dagbag.py:538} INFO - Filling up the DagBag from /home/airflow/.local/lib/python3.8/site-packages/airflow/example_dags/example_latest_only.py
[2025-04-08T05:49:06.738+0000] {processor.py:840} INFO - DAG(s) 'latest_only' retrieved from /home/airflow/.local/lib/python3.8/site-packages/airflow/example_dags/example_latest_only.py
[2025-04-08T05:49:06.762+0000] {logging_mixin.py:188} INFO - [2025-04-08T05:49:06.762+0000] {dag.py:3036} INFO - Sync 1 DAGs
[2025-04-08T05:49:06.787+0000] {logging_mixin.py:188} INFO - [2025-04-08T05:49:06.787+0000] {dag.py:3823} INFO - Setting next_dagrun for latest_only to 2025-04-08 00:00:00+00:00, run_after=2025-04-08 04:00:00+00:00
[2025-04-08T05:49:06.859+0000] {processor.py:183} INFO - Processing /home/airflow/.local/lib/python3.8/site-packages/airflow/example_dags/example_latest_only.py took 0.133 seconds
[2025-04-08T05:49:37.415+0000] {processor.py:161} INFO - Started process (PID=596) to work on /home/airflow/.local/lib/python3.8/site-packages/airflow/example_dags/example_latest_only.py
[2025-04-08T05:49:37.416+0000] {processor.py:830} INFO - Processing file /home/airflow/.local/lib/python3.8/site-packages/airflow/example_dags/example_latest_only.py for tasks to queue
[2025-04-08T05:49:37.418+0000] {logging_mixin.py:188} INFO - [2025-04-08T05:49:37.417+0000] {dagbag.py:538} INFO - Filling up the DagBag from /home/airflow/.local/lib/python3.8/site-packages/airflow/example_dags/example_latest_only.py
[2025-04-08T05:49:37.423+0000] {processor.py:840} INFO - DAG(s) 'latest_only' retrieved from /home/airflow/.local/lib/python3.8/site-packages/airflow/example_dags/example_latest_only.py
[2025-04-08T05:49:37.444+0000] {logging_mixin.py:188} INFO - [2025-04-08T05:49:37.444+0000] {dag.py:3036} INFO - Sync 1 DAGs
[2025-04-08T05:49:37.466+0000] {logging_mixin.py:188} INFO - [2025-04-08T05:49:37.466+0000] {dag.py:3823} INFO - Setting next_dagrun for latest_only to 2025-04-08 00:00:00+00:00, run_after=2025-04-08 04:00:00+00:00
[2025-04-08T05:49:37.523+0000] {processor.py:183} INFO - Processing /home/airflow/.local/lib/python3.8/site-packages/airflow/example_dags/example_latest_only.py took 0.111 seconds
[2025-04-08T05:50:08.527+0000] {processor.py:161} INFO - Started process (PID=651) to work on /home/airflow/.local/lib/python3.8/site-packages/airflow/example_dags/example_latest_only.py
[2025-04-08T05:50:08.528+0000] {processor.py:830} INFO - Processing file /home/airflow/.local/lib/python3.8/site-packages/airflow/example_dags/example_latest_only.py for tasks to queue
[2025-04-08T05:50:08.530+0000] {logging_mixin.py:188} INFO - [2025-04-08T05:50:08.529+0000] {dagbag.py:538} INFO - Filling up the DagBag from /home/airflow/.local/lib/python3.8/site-packages/airflow/example_dags/example_latest_only.py
[2025-04-08T05:50:08.535+0000] {processor.py:840} INFO - DAG(s) 'latest_only' retrieved from /home/airflow/.local/lib/python3.8/site-packages/airflow/example_dags/example_latest_only.py
[2025-04-08T05:50:08.554+0000] {logging_mixin.py:188} INFO - [2025-04-08T05:50:08.554+0000] {dag.py:3036} INFO - Sync 1 DAGs
[2025-04-08T05:50:08.576+0000] {logging_mixin.py:188} INFO - [2025-04-08T05:50:08.576+0000] {dag.py:3823} INFO - Setting next_dagrun for latest_only to 2025-04-08 00:00:00+00:00, run_after=2025-04-08 04:00:00+00:00
[2025-04-08T05:50:08.645+0000] {processor.py:183} INFO - Processing /home/airflow/.local/lib/python3.8/site-packages/airflow/example_dags/example_latest_only.py took 0.121 seconds
[2025-04-08T05:50:43.458+0000] {processor.py:161} INFO - Started process (PID=706) to work on /home/airflow/.local/lib/python3.8/site-packages/airflow/example_dags/example_latest_only.py
[2025-04-08T05:50:43.459+0000] {processor.py:830} INFO - Processing file /home/airflow/.local/lib/python3.8/site-packages/airflow/example_dags/example_latest_only.py for tasks to queue
[2025-04-08T05:50:43.461+0000] {logging_mixin.py:188} INFO - [2025-04-08T05:50:43.461+0000] {dagbag.py:538} INFO - Filling up the DagBag from /home/airflow/.local/lib/python3.8/site-packages/airflow/example_dags/example_latest_only.py
[2025-04-08T05:50:43.467+0000] {processor.py:840} INFO - DAG(s) 'latest_only' retrieved from /home/airflow/.local/lib/python3.8/site-packages/airflow/example_dags/example_latest_only.py
[2025-04-08T05:50:43.493+0000] {logging_mixin.py:188} INFO - [2025-04-08T05:50:43.493+0000] {dag.py:3036} INFO - Sync 1 DAGs
[2025-04-08T05:50:43.518+0000] {logging_mixin.py:188} INFO - [2025-04-08T05:50:43.518+0000] {dag.py:3823} INFO - Setting next_dagrun for latest_only to 2025-04-08 00:00:00+00:00, run_after=2025-04-08 04:00:00+00:00
[2025-04-08T05:50:43.569+0000] {processor.py:183} INFO - Processing /home/airflow/.local/lib/python3.8/site-packages/airflow/example_dags/example_latest_only.py took 0.115 seconds
[2025-04-08T05:54:07.357+0000] {processor.py:161} INFO - Started process (PID=96) to work on /home/airflow/.local/lib/python3.8/site-packages/airflow/example_dags/example_latest_only.py
[2025-04-08T05:54:07.358+0000] {processor.py:830} INFO - Processing file /home/airflow/.local/lib/python3.8/site-packages/airflow/example_dags/example_latest_only.py for tasks to queue
[2025-04-08T05:54:07.360+0000] {logging_mixin.py:188} INFO - [2025-04-08T05:54:07.360+0000] {dagbag.py:538} INFO - Filling up the DagBag from /home/airflow/.local/lib/python3.8/site-packages/airflow/example_dags/example_latest_only.py
[2025-04-08T05:54:07.366+0000] {processor.py:840} INFO - DAG(s) 'latest_only' retrieved from /home/airflow/.local/lib/python3.8/site-packages/airflow/example_dags/example_latest_only.py
[2025-04-08T05:54:07.516+0000] {logging_mixin.py:188} INFO - [2025-04-08T05:54:07.516+0000] {dag.py:3036} INFO - Sync 1 DAGs
[2025-04-08T05:54:07.539+0000] {logging_mixin.py:188} INFO - [2025-04-08T05:54:07.539+0000] {dag.py:3823} INFO - Setting next_dagrun for latest_only to 2025-04-08 00:00:00+00:00, run_after=2025-04-08 04:00:00+00:00
[2025-04-08T05:54:07.598+0000] {processor.py:183} INFO - Processing /home/airflow/.local/lib/python3.8/site-packages/airflow/example_dags/example_latest_only.py took 0.244 seconds
[2025-04-08T05:54:37.657+0000] {processor.py:161} INFO - Started process (PID=152) to work on /home/airflow/.local/lib/python3.8/site-packages/airflow/example_dags/example_latest_only.py
[2025-04-08T05:54:37.658+0000] {processor.py:830} INFO - Processing file /home/airflow/.local/lib/python3.8/site-packages/airflow/example_dags/example_latest_only.py for tasks to queue
[2025-04-08T05:54:37.660+0000] {logging_mixin.py:188} INFO - [2025-04-08T05:54:37.659+0000] {dagbag.py:538} INFO - Filling up the DagBag from /home/airflow/.local/lib/python3.8/site-packages/airflow/example_dags/example_latest_only.py
[2025-04-08T05:54:37.666+0000] {processor.py:840} INFO - DAG(s) 'latest_only' retrieved from /home/airflow/.local/lib/python3.8/site-packages/airflow/example_dags/example_latest_only.py
[2025-04-08T05:54:37.687+0000] {logging_mixin.py:188} INFO - [2025-04-08T05:54:37.686+0000] {dag.py:3036} INFO - Sync 1 DAGs
[2025-04-08T05:54:37.710+0000] {logging_mixin.py:188} INFO - [2025-04-08T05:54:37.709+0000] {dag.py:3823} INFO - Setting next_dagrun for latest_only to 2025-04-08 00:00:00+00:00, run_after=2025-04-08 04:00:00+00:00
[2025-04-08T05:54:37.764+0000] {processor.py:183} INFO - Processing /home/airflow/.local/lib/python3.8/site-packages/airflow/example_dags/example_latest_only.py took 0.110 seconds
[2025-04-08T05:55:08.637+0000] {processor.py:161} INFO - Started process (PID=201) to work on /home/airflow/.local/lib/python3.8/site-packages/airflow/example_dags/example_latest_only.py
[2025-04-08T05:55:08.638+0000] {processor.py:830} INFO - Processing file /home/airflow/.local/lib/python3.8/site-packages/airflow/example_dags/example_latest_only.py for tasks to queue
[2025-04-08T05:55:08.640+0000] {logging_mixin.py:188} INFO - [2025-04-08T05:55:08.639+0000] {dagbag.py:538} INFO - Filling up the DagBag from /home/airflow/.local/lib/python3.8/site-packages/airflow/example_dags/example_latest_only.py
[2025-04-08T05:55:08.645+0000] {processor.py:840} INFO - DAG(s) 'latest_only' retrieved from /home/airflow/.local/lib/python3.8/site-packages/airflow/example_dags/example_latest_only.py
[2025-04-08T05:55:08.663+0000] {logging_mixin.py:188} INFO - [2025-04-08T05:55:08.663+0000] {dag.py:3036} INFO - Sync 1 DAGs
[2025-04-08T05:55:08.687+0000] {logging_mixin.py:188} INFO - [2025-04-08T05:55:08.686+0000] {dag.py:3823} INFO - Setting next_dagrun for latest_only to 2025-04-08 00:00:00+00:00, run_after=2025-04-08 04:00:00+00:00
[2025-04-08T05:55:08.737+0000] {processor.py:183} INFO - Processing /home/airflow/.local/lib/python3.8/site-packages/airflow/example_dags/example_latest_only.py took 0.103 seconds
[2025-04-08T05:55:39.102+0000] {processor.py:161} INFO - Started process (PID=256) to work on /home/airflow/.local/lib/python3.8/site-packages/airflow/example_dags/example_latest_only.py
[2025-04-08T05:55:39.103+0000] {processor.py:830} INFO - Processing file /home/airflow/.local/lib/python3.8/site-packages/airflow/example_dags/example_latest_only.py for tasks to queue
[2025-04-08T05:55:39.104+0000] {logging_mixin.py:188} INFO - [2025-04-08T05:55:39.104+0000] {dagbag.py:538} INFO - Filling up the DagBag from /home/airflow/.local/lib/python3.8/site-packages/airflow/example_dags/example_latest_only.py
[2025-04-08T05:55:39.108+0000] {processor.py:840} INFO - DAG(s) 'latest_only' retrieved from /home/airflow/.local/lib/python3.8/site-packages/airflow/example_dags/example_latest_only.py
[2025-04-08T05:55:39.127+0000] {logging_mixin.py:188} INFO - [2025-04-08T05:55:39.127+0000] {dag.py:3036} INFO - Sync 1 DAGs
[2025-04-08T05:55:39.149+0000] {logging_mixin.py:188} INFO - [2025-04-08T05:55:39.149+0000] {dag.py:3823} INFO - Setting next_dagrun for latest_only to 2025-04-08 00:00:00+00:00, run_after=2025-04-08 04:00:00+00:00
[2025-04-08T05:55:39.202+0000] {processor.py:183} INFO - Processing /home/airflow/.local/lib/python3.8/site-packages/airflow/example_dags/example_latest_only.py took 0.103 seconds
[2025-04-08T05:56:09.389+0000] {processor.py:161} INFO - Started process (PID=311) to work on /home/airflow/.local/lib/python3.8/site-packages/airflow/example_dags/example_latest_only.py
[2025-04-08T05:56:09.390+0000] {processor.py:830} INFO - Processing file /home/airflow/.local/lib/python3.8/site-packages/airflow/example_dags/example_latest_only.py for tasks to queue
[2025-04-08T05:56:09.391+0000] {logging_mixin.py:188} INFO - [2025-04-08T05:56:09.391+0000] {dagbag.py:538} INFO - Filling up the DagBag from /home/airflow/.local/lib/python3.8/site-packages/airflow/example_dags/example_latest_only.py
[2025-04-08T05:56:09.397+0000] {processor.py:840} INFO - DAG(s) 'latest_only' retrieved from /home/airflow/.local/lib/python3.8/site-packages/airflow/example_dags/example_latest_only.py
[2025-04-08T05:56:09.418+0000] {logging_mixin.py:188} INFO - [2025-04-08T05:56:09.417+0000] {dag.py:3036} INFO - Sync 1 DAGs
[2025-04-08T05:56:09.443+0000] {logging_mixin.py:188} INFO - [2025-04-08T05:56:09.442+0000] {dag.py:3823} INFO - Setting next_dagrun for latest_only to 2025-04-08 00:00:00+00:00, run_after=2025-04-08 04:00:00+00:00
[2025-04-08T05:56:09.538+0000] {processor.py:183} INFO - Processing /home/airflow/.local/lib/python3.8/site-packages/airflow/example_dags/example_latest_only.py took 0.151 seconds
[2025-04-08T05:56:43.414+0000] {processor.py:161} INFO - Started process (PID=366) to work on /home/airflow/.local/lib/python3.8/site-packages/airflow/example_dags/example_latest_only.py
[2025-04-08T05:56:43.415+0000] {processor.py:830} INFO - Processing file /home/airflow/.local/lib/python3.8/site-packages/airflow/example_dags/example_latest_only.py for tasks to queue
[2025-04-08T05:56:43.417+0000] {logging_mixin.py:188} INFO - [2025-04-08T05:56:43.417+0000] {dagbag.py:538} INFO - Filling up the DagBag from /home/airflow/.local/lib/python3.8/site-packages/airflow/example_dags/example_latest_only.py
[2025-04-08T05:56:43.422+0000] {processor.py:840} INFO - DAG(s) 'latest_only' retrieved from /home/airflow/.local/lib/python3.8/site-packages/airflow/example_dags/example_latest_only.py
[2025-04-08T05:56:43.441+0000] {logging_mixin.py:188} INFO - [2025-04-08T05:56:43.441+0000] {dag.py:3036} INFO - Sync 1 DAGs
[2025-04-08T05:56:43.464+0000] {logging_mixin.py:188} INFO - [2025-04-08T05:56:43.464+0000] {dag.py:3823} INFO - Setting next_dagrun for latest_only to 2025-04-08 00:00:00+00:00, run_after=2025-04-08 04:00:00+00:00
[2025-04-08T05:56:43.533+0000] {processor.py:183} INFO - Processing /home/airflow/.local/lib/python3.8/site-packages/airflow/example_dags/example_latest_only.py took 0.121 seconds
[2025-04-08T05:57:17.337+0000] {processor.py:161} INFO - Started process (PID=421) to work on /home/airflow/.local/lib/python3.8/site-packages/airflow/example_dags/example_latest_only.py
[2025-04-08T05:57:17.338+0000] {processor.py:830} INFO - Processing file /home/airflow/.local/lib/python3.8/site-packages/airflow/example_dags/example_latest_only.py for tasks to queue
[2025-04-08T05:57:17.341+0000] {logging_mixin.py:188} INFO - [2025-04-08T05:57:17.341+0000] {dagbag.py:538} INFO - Filling up the DagBag from /home/airflow/.local/lib/python3.8/site-packages/airflow/example_dags/example_latest_only.py
[2025-04-08T05:57:17.346+0000] {processor.py:840} INFO - DAG(s) 'latest_only' retrieved from /home/airflow/.local/lib/python3.8/site-packages/airflow/example_dags/example_latest_only.py
[2025-04-08T05:57:17.366+0000] {logging_mixin.py:188} INFO - [2025-04-08T05:57:17.366+0000] {dag.py:3036} INFO - Sync 1 DAGs
[2025-04-08T05:57:17.391+0000] {logging_mixin.py:188} INFO - [2025-04-08T05:57:17.391+0000] {dag.py:3823} INFO - Setting next_dagrun for latest_only to 2025-04-08 00:00:00+00:00, run_after=2025-04-08 04:00:00+00:00
[2025-04-08T05:57:17.466+0000] {processor.py:183} INFO - Processing /home/airflow/.local/lib/python3.8/site-packages/airflow/example_dags/example_latest_only.py took 0.132 seconds
[2025-04-08T05:57:47.880+0000] {processor.py:161} INFO - Started process (PID=476) to work on /home/airflow/.local/lib/python3.8/site-packages/airflow/example_dags/example_latest_only.py
[2025-04-08T05:57:47.881+0000] {processor.py:830} INFO - Processing file /home/airflow/.local/lib/python3.8/site-packages/airflow/example_dags/example_latest_only.py for tasks to queue
[2025-04-08T05:57:47.883+0000] {logging_mixin.py:188} INFO - [2025-04-08T05:57:47.883+0000] {dagbag.py:538} INFO - Filling up the DagBag from /home/airflow/.local/lib/python3.8/site-packages/airflow/example_dags/example_latest_only.py
[2025-04-08T05:57:47.887+0000] {processor.py:840} INFO - DAG(s) 'latest_only' retrieved from /home/airflow/.local/lib/python3.8/site-packages/airflow/example_dags/example_latest_only.py
[2025-04-08T05:57:47.907+0000] {logging_mixin.py:188} INFO - [2025-04-08T05:57:47.907+0000] {dag.py:3036} INFO - Sync 1 DAGs
[2025-04-08T05:57:47.929+0000] {logging_mixin.py:188} INFO - [2025-04-08T05:57:47.929+0000] {dag.py:3823} INFO - Setting next_dagrun for latest_only to 2025-04-08 00:00:00+00:00, run_after=2025-04-08 04:00:00+00:00
[2025-04-08T05:57:47.992+0000] {processor.py:183} INFO - Processing /home/airflow/.local/lib/python3.8/site-packages/airflow/example_dags/example_latest_only.py took 0.115 seconds
[2025-04-08T05:58:18.605+0000] {processor.py:161} INFO - Started process (PID=531) to work on /home/airflow/.local/lib/python3.8/site-packages/airflow/example_dags/example_latest_only.py
[2025-04-08T05:58:18.611+0000] {processor.py:830} INFO - Processing file /home/airflow/.local/lib/python3.8/site-packages/airflow/example_dags/example_latest_only.py for tasks to queue
[2025-04-08T05:58:18.616+0000] {logging_mixin.py:188} INFO - [2025-04-08T05:58:18.615+0000] {dagbag.py:538} INFO - Filling up the DagBag from /home/airflow/.local/lib/python3.8/site-packages/airflow/example_dags/example_latest_only.py
[2025-04-08T05:58:18.631+0000] {processor.py:840} INFO - DAG(s) 'latest_only' retrieved from /home/airflow/.local/lib/python3.8/site-packages/airflow/example_dags/example_latest_only.py
[2025-04-08T05:58:18.692+0000] {logging_mixin.py:188} INFO - [2025-04-08T05:58:18.691+0000] {dag.py:3036} INFO - Sync 1 DAGs
[2025-04-08T05:58:18.743+0000] {logging_mixin.py:188} INFO - [2025-04-08T05:58:18.742+0000] {dag.py:3823} INFO - Setting next_dagrun for latest_only to 2025-04-08 00:00:00+00:00, run_after=2025-04-08 04:00:00+00:00
[2025-04-08T05:58:18.918+0000] {processor.py:183} INFO - Processing /home/airflow/.local/lib/python3.8/site-packages/airflow/example_dags/example_latest_only.py took 0.318 seconds
[2025-04-08T05:58:49.684+0000] {processor.py:161} INFO - Started process (PID=586) to work on /home/airflow/.local/lib/python3.8/site-packages/airflow/example_dags/example_latest_only.py
[2025-04-08T05:58:49.686+0000] {processor.py:830} INFO - Processing file /home/airflow/.local/lib/python3.8/site-packages/airflow/example_dags/example_latest_only.py for tasks to queue
[2025-04-08T05:58:49.689+0000] {logging_mixin.py:188} INFO - [2025-04-08T05:58:49.688+0000] {dagbag.py:538} INFO - Filling up the DagBag from /home/airflow/.local/lib/python3.8/site-packages/airflow/example_dags/example_latest_only.py
[2025-04-08T05:58:49.695+0000] {processor.py:840} INFO - DAG(s) 'latest_only' retrieved from /home/airflow/.local/lib/python3.8/site-packages/airflow/example_dags/example_latest_only.py
[2025-04-08T05:58:49.724+0000] {logging_mixin.py:188} INFO - [2025-04-08T05:58:49.723+0000] {dag.py:3036} INFO - Sync 1 DAGs
[2025-04-08T05:58:49.755+0000] {logging_mixin.py:188} INFO - [2025-04-08T05:58:49.755+0000] {dag.py:3823} INFO - Setting next_dagrun for latest_only to 2025-04-08 00:00:00+00:00, run_after=2025-04-08 04:00:00+00:00
[2025-04-08T05:58:49.835+0000] {processor.py:183} INFO - Processing /home/airflow/.local/lib/python3.8/site-packages/airflow/example_dags/example_latest_only.py took 0.154 seconds
