[2025-04-08T05:44:53.941+0000] {processor.py:161} INFO - Started process (PID=87) to work on /home/airflow/.local/lib/python3.8/site-packages/airflow/example_dags/example_subdag_operator.py
[2025-04-08T05:44:53.943+0000] {processor.py:830} INFO - Processing file /home/airflow/.local/lib/python3.8/site-packages/airflow/example_dags/example_subdag_operator.py for tasks to queue
[2025-04-08T05:44:53.944+0000] {logging_mixin.py:188} INFO - [2025-04-08T05:44:53.944+0000] {dagbag.py:538} INFO - Filling up the DagBag from /home/airflow/.local/lib/python3.8/site-packages/airflow/example_dags/example_subdag_operator.py
[2025-04-08T05:44:53.970+0000] {processor.py:840} INFO - DAG(s) 'example_subdag_operator.section-1', 'example_subdag_operator.section-2', 'example_subdag_operator' retrieved from /home/airflow/.local/lib/python3.8/site-packages/airflow/example_dags/example_subdag_operator.py
[2025-04-08T05:44:54.104+0000] {logging_mixin.py:188} INFO - [2025-04-08T05:44:54.103+0000] {dag.py:3036} INFO - Sync 3 DAGs
[2025-04-08T05:44:54.127+0000] {logging_mixin.py:188} INFO - [2025-04-08T05:44:54.127+0000] {dag.py:3823} INFO - Setting next_dagrun for example_subdag_operator to 2022-01-01 00:00:00+00:00, run_after=2022-01-01 00:00:00+00:00
[2025-04-08T05:44:54.132+0000] {logging_mixin.py:188} INFO - [2025-04-08T05:44:54.131+0000] {dag.py:3823} INFO - Setting next_dagrun for example_subdag_operator.section-1 to None, run_after=None
[2025-04-08T05:44:54.134+0000] {logging_mixin.py:188} INFO - [2025-04-08T05:44:54.134+0000] {dag.py:3823} INFO - Setting next_dagrun for example_subdag_operator.section-2 to None, run_after=None
[2025-04-08T05:44:54.144+0000] {logging_mixin.py:188} INFO - [2025-04-08T05:44:54.143+0000] {dag.py:3036} INFO - Sync 2 DAGs
[2025-04-08T05:44:54.149+0000] {logging_mixin.py:188} INFO - [2025-04-08T05:44:54.149+0000] {dag.py:3823} INFO - Setting next_dagrun for example_subdag_operator.section-1 to None, run_after=None
[2025-04-08T05:44:54.150+0000] {logging_mixin.py:188} INFO - [2025-04-08T05:44:54.150+0000] {dag.py:3823} INFO - Setting next_dagrun for example_subdag_operator.section-2 to None, run_after=None
[2025-04-08T05:44:54.223+0000] {processor.py:183} INFO - Processing /home/airflow/.local/lib/python3.8/site-packages/airflow/example_dags/example_subdag_operator.py took 0.284 seconds
[2025-04-08T05:45:25.734+0000] {processor.py:161} INFO - Started process (PID=136) to work on /home/airflow/.local/lib/python3.8/site-packages/airflow/example_dags/example_subdag_operator.py
[2025-04-08T05:45:25.735+0000] {processor.py:830} INFO - Processing file /home/airflow/.local/lib/python3.8/site-packages/airflow/example_dags/example_subdag_operator.py for tasks to queue
[2025-04-08T05:45:25.737+0000] {logging_mixin.py:188} INFO - [2025-04-08T05:45:25.737+0000] {dagbag.py:538} INFO - Filling up the DagBag from /home/airflow/.local/lib/python3.8/site-packages/airflow/example_dags/example_subdag_operator.py
[2025-04-08T05:45:25.767+0000] {processor.py:840} INFO - DAG(s) 'example_subdag_operator.section-1', 'example_subdag_operator.section-2', 'example_subdag_operator' retrieved from /home/airflow/.local/lib/python3.8/site-packages/airflow/example_dags/example_subdag_operator.py
[2025-04-08T05:45:25.788+0000] {logging_mixin.py:188} INFO - [2025-04-08T05:45:25.787+0000] {dag.py:3036} INFO - Sync 3 DAGs
[2025-04-08T05:45:25.812+0000] {logging_mixin.py:188} INFO - [2025-04-08T05:45:25.812+0000] {dag.py:3823} INFO - Setting next_dagrun for example_subdag_operator to 2022-01-01 00:00:00+00:00, run_after=2022-01-01 00:00:00+00:00
[2025-04-08T05:45:25.816+0000] {logging_mixin.py:188} INFO - [2025-04-08T05:45:25.816+0000] {dag.py:3823} INFO - Setting next_dagrun for example_subdag_operator.section-1 to None, run_after=None
[2025-04-08T05:45:25.818+0000] {logging_mixin.py:188} INFO - [2025-04-08T05:45:25.818+0000] {dag.py:3823} INFO - Setting next_dagrun for example_subdag_operator.section-2 to None, run_after=None
[2025-04-08T05:45:25.827+0000] {logging_mixin.py:188} INFO - [2025-04-08T05:45:25.827+0000] {dag.py:3036} INFO - Sync 2 DAGs
[2025-04-08T05:45:25.834+0000] {logging_mixin.py:188} INFO - [2025-04-08T05:45:25.834+0000] {dag.py:3823} INFO - Setting next_dagrun for example_subdag_operator.section-1 to None, run_after=None
[2025-04-08T05:45:25.851+0000] {logging_mixin.py:188} INFO - [2025-04-08T05:45:25.850+0000] {dag.py:3823} INFO - Setting next_dagrun for example_subdag_operator.section-2 to None, run_after=None
[2025-04-08T05:45:26.136+0000] {processor.py:183} INFO - Processing /home/airflow/.local/lib/python3.8/site-packages/airflow/example_dags/example_subdag_operator.py took 0.408 seconds
[2025-04-08T05:45:59.043+0000] {processor.py:161} INFO - Started process (PID=191) to work on /home/airflow/.local/lib/python3.8/site-packages/airflow/example_dags/example_subdag_operator.py
[2025-04-08T05:45:59.044+0000] {processor.py:830} INFO - Processing file /home/airflow/.local/lib/python3.8/site-packages/airflow/example_dags/example_subdag_operator.py for tasks to queue
[2025-04-08T05:45:59.046+0000] {logging_mixin.py:188} INFO - [2025-04-08T05:45:59.046+0000] {dagbag.py:538} INFO - Filling up the DagBag from /home/airflow/.local/lib/python3.8/site-packages/airflow/example_dags/example_subdag_operator.py
[2025-04-08T05:45:59.076+0000] {processor.py:840} INFO - DAG(s) 'example_subdag_operator.section-1', 'example_subdag_operator.section-2', 'example_subdag_operator' retrieved from /home/airflow/.local/lib/python3.8/site-packages/airflow/example_dags/example_subdag_operator.py
[2025-04-08T05:45:59.095+0000] {logging_mixin.py:188} INFO - [2025-04-08T05:45:59.095+0000] {dag.py:3036} INFO - Sync 3 DAGs
[2025-04-08T05:45:59.130+0000] {logging_mixin.py:188} INFO - [2025-04-08T05:45:59.129+0000] {dag.py:3823} INFO - Setting next_dagrun for example_subdag_operator to 2022-01-01 00:00:00+00:00, run_after=2022-01-01 00:00:00+00:00
[2025-04-08T05:45:59.137+0000] {logging_mixin.py:188} INFO - [2025-04-08T05:45:59.136+0000] {dag.py:3823} INFO - Setting next_dagrun for example_subdag_operator.section-1 to None, run_after=None
[2025-04-08T05:45:59.140+0000] {logging_mixin.py:188} INFO - [2025-04-08T05:45:59.139+0000] {dag.py:3823} INFO - Setting next_dagrun for example_subdag_operator.section-2 to None, run_after=None
[2025-04-08T05:45:59.150+0000] {logging_mixin.py:188} INFO - [2025-04-08T05:45:59.150+0000] {dag.py:3036} INFO - Sync 2 DAGs
[2025-04-08T05:45:59.159+0000] {logging_mixin.py:188} INFO - [2025-04-08T05:45:59.158+0000] {dag.py:3823} INFO - Setting next_dagrun for example_subdag_operator.section-1 to None, run_after=None
[2025-04-08T05:45:59.160+0000] {logging_mixin.py:188} INFO - [2025-04-08T05:45:59.160+0000] {dag.py:3823} INFO - Setting next_dagrun for example_subdag_operator.section-2 to None, run_after=None
[2025-04-08T05:45:59.343+0000] {processor.py:183} INFO - Processing /home/airflow/.local/lib/python3.8/site-packages/airflow/example_dags/example_subdag_operator.py took 0.303 seconds
[2025-04-08T05:46:29.461+0000] {processor.py:161} INFO - Started process (PID=247) to work on /home/airflow/.local/lib/python3.8/site-packages/airflow/example_dags/example_subdag_operator.py
[2025-04-08T05:46:29.462+0000] {processor.py:830} INFO - Processing file /home/airflow/.local/lib/python3.8/site-packages/airflow/example_dags/example_subdag_operator.py for tasks to queue
[2025-04-08T05:46:29.464+0000] {logging_mixin.py:188} INFO - [2025-04-08T05:46:29.464+0000] {dagbag.py:538} INFO - Filling up the DagBag from /home/airflow/.local/lib/python3.8/site-packages/airflow/example_dags/example_subdag_operator.py
[2025-04-08T05:46:29.493+0000] {processor.py:840} INFO - DAG(s) 'example_subdag_operator.section-1', 'example_subdag_operator.section-2', 'example_subdag_operator' retrieved from /home/airflow/.local/lib/python3.8/site-packages/airflow/example_dags/example_subdag_operator.py
[2025-04-08T05:46:29.510+0000] {logging_mixin.py:188} INFO - [2025-04-08T05:46:29.510+0000] {dag.py:3036} INFO - Sync 3 DAGs
[2025-04-08T05:46:29.534+0000] {logging_mixin.py:188} INFO - [2025-04-08T05:46:29.534+0000] {dag.py:3823} INFO - Setting next_dagrun for example_subdag_operator to 2022-01-01 00:00:00+00:00, run_after=2022-01-01 00:00:00+00:00
[2025-04-08T05:46:29.539+0000] {logging_mixin.py:188} INFO - [2025-04-08T05:46:29.538+0000] {dag.py:3823} INFO - Setting next_dagrun for example_subdag_operator.section-1 to None, run_after=None
[2025-04-08T05:46:29.541+0000] {logging_mixin.py:188} INFO - [2025-04-08T05:46:29.540+0000] {dag.py:3823} INFO - Setting next_dagrun for example_subdag_operator.section-2 to None, run_after=None
[2025-04-08T05:46:29.549+0000] {logging_mixin.py:188} INFO - [2025-04-08T05:46:29.549+0000] {dag.py:3036} INFO - Sync 2 DAGs
[2025-04-08T05:46:29.557+0000] {logging_mixin.py:188} INFO - [2025-04-08T05:46:29.557+0000] {dag.py:3823} INFO - Setting next_dagrun for example_subdag_operator.section-1 to None, run_after=None
[2025-04-08T05:46:29.558+0000] {logging_mixin.py:188} INFO - [2025-04-08T05:46:29.558+0000] {dag.py:3823} INFO - Setting next_dagrun for example_subdag_operator.section-2 to None, run_after=None
[2025-04-08T05:46:29.667+0000] {processor.py:183} INFO - Processing /home/airflow/.local/lib/python3.8/site-packages/airflow/example_dags/example_subdag_operator.py took 0.209 seconds
[2025-04-08T05:46:59.767+0000] {processor.py:161} INFO - Started process (PID=301) to work on /home/airflow/.local/lib/python3.8/site-packages/airflow/example_dags/example_subdag_operator.py
[2025-04-08T05:46:59.768+0000] {processor.py:830} INFO - Processing file /home/airflow/.local/lib/python3.8/site-packages/airflow/example_dags/example_subdag_operator.py for tasks to queue
[2025-04-08T05:46:59.770+0000] {logging_mixin.py:188} INFO - [2025-04-08T05:46:59.770+0000] {dagbag.py:538} INFO - Filling up the DagBag from /home/airflow/.local/lib/python3.8/site-packages/airflow/example_dags/example_subdag_operator.py
[2025-04-08T05:46:59.800+0000] {processor.py:840} INFO - DAG(s) 'example_subdag_operator.section-1', 'example_subdag_operator.section-2', 'example_subdag_operator' retrieved from /home/airflow/.local/lib/python3.8/site-packages/airflow/example_dags/example_subdag_operator.py
[2025-04-08T05:46:59.820+0000] {logging_mixin.py:188} INFO - [2025-04-08T05:46:59.819+0000] {dag.py:3036} INFO - Sync 3 DAGs
[2025-04-08T05:46:59.845+0000] {logging_mixin.py:188} INFO - [2025-04-08T05:46:59.845+0000] {dag.py:3823} INFO - Setting next_dagrun for example_subdag_operator to 2022-01-01 00:00:00+00:00, run_after=2022-01-01 00:00:00+00:00
[2025-04-08T05:46:59.850+0000] {logging_mixin.py:188} INFO - [2025-04-08T05:46:59.849+0000] {dag.py:3823} INFO - Setting next_dagrun for example_subdag_operator.section-1 to None, run_after=None
[2025-04-08T05:46:59.852+0000] {logging_mixin.py:188} INFO - [2025-04-08T05:46:59.852+0000] {dag.py:3823} INFO - Setting next_dagrun for example_subdag_operator.section-2 to None, run_after=None
[2025-04-08T05:46:59.862+0000] {logging_mixin.py:188} INFO - [2025-04-08T05:46:59.862+0000] {dag.py:3036} INFO - Sync 2 DAGs
[2025-04-08T05:46:59.869+0000] {logging_mixin.py:188} INFO - [2025-04-08T05:46:59.868+0000] {dag.py:3823} INFO - Setting next_dagrun for example_subdag_operator.section-1 to None, run_after=None
[2025-04-08T05:46:59.870+0000] {logging_mixin.py:188} INFO - [2025-04-08T05:46:59.869+0000] {dag.py:3823} INFO - Setting next_dagrun for example_subdag_operator.section-2 to None, run_after=None
[2025-04-08T05:46:59.917+0000] {processor.py:183} INFO - Processing /home/airflow/.local/lib/python3.8/site-packages/airflow/example_dags/example_subdag_operator.py took 0.153 seconds
[2025-04-08T05:47:30.004+0000] {processor.py:161} INFO - Started process (PID=356) to work on /home/airflow/.local/lib/python3.8/site-packages/airflow/example_dags/example_subdag_operator.py
[2025-04-08T05:47:30.005+0000] {processor.py:830} INFO - Processing file /home/airflow/.local/lib/python3.8/site-packages/airflow/example_dags/example_subdag_operator.py for tasks to queue
[2025-04-08T05:47:30.007+0000] {logging_mixin.py:188} INFO - [2025-04-08T05:47:30.007+0000] {dagbag.py:538} INFO - Filling up the DagBag from /home/airflow/.local/lib/python3.8/site-packages/airflow/example_dags/example_subdag_operator.py
[2025-04-08T05:47:30.034+0000] {processor.py:840} INFO - DAG(s) 'example_subdag_operator.section-1', 'example_subdag_operator.section-2', 'example_subdag_operator' retrieved from /home/airflow/.local/lib/python3.8/site-packages/airflow/example_dags/example_subdag_operator.py
[2025-04-08T05:47:30.050+0000] {logging_mixin.py:188} INFO - [2025-04-08T05:47:30.050+0000] {dag.py:3036} INFO - Sync 3 DAGs
[2025-04-08T05:47:30.072+0000] {logging_mixin.py:188} INFO - [2025-04-08T05:47:30.072+0000] {dag.py:3823} INFO - Setting next_dagrun for example_subdag_operator to 2022-01-01 00:00:00+00:00, run_after=2022-01-01 00:00:00+00:00
[2025-04-08T05:47:30.077+0000] {logging_mixin.py:188} INFO - [2025-04-08T05:47:30.076+0000] {dag.py:3823} INFO - Setting next_dagrun for example_subdag_operator.section-1 to None, run_after=None
[2025-04-08T05:47:30.079+0000] {logging_mixin.py:188} INFO - [2025-04-08T05:47:30.079+0000] {dag.py:3823} INFO - Setting next_dagrun for example_subdag_operator.section-2 to None, run_after=None
[2025-04-08T05:47:30.087+0000] {logging_mixin.py:188} INFO - [2025-04-08T05:47:30.087+0000] {dag.py:3036} INFO - Sync 2 DAGs
[2025-04-08T05:47:30.093+0000] {logging_mixin.py:188} INFO - [2025-04-08T05:47:30.093+0000] {dag.py:3823} INFO - Setting next_dagrun for example_subdag_operator.section-1 to None, run_after=None
[2025-04-08T05:47:30.094+0000] {logging_mixin.py:188} INFO - [2025-04-08T05:47:30.094+0000] {dag.py:3823} INFO - Setting next_dagrun for example_subdag_operator.section-2 to None, run_after=None
[2025-04-08T05:47:30.135+0000] {processor.py:183} INFO - Processing /home/airflow/.local/lib/python3.8/site-packages/airflow/example_dags/example_subdag_operator.py took 0.134 seconds
[2025-04-08T05:48:00.444+0000] {processor.py:161} INFO - Started process (PID=411) to work on /home/airflow/.local/lib/python3.8/site-packages/airflow/example_dags/example_subdag_operator.py
[2025-04-08T05:48:00.445+0000] {processor.py:830} INFO - Processing file /home/airflow/.local/lib/python3.8/site-packages/airflow/example_dags/example_subdag_operator.py for tasks to queue
[2025-04-08T05:48:00.447+0000] {logging_mixin.py:188} INFO - [2025-04-08T05:48:00.447+0000] {dagbag.py:538} INFO - Filling up the DagBag from /home/airflow/.local/lib/python3.8/site-packages/airflow/example_dags/example_subdag_operator.py
[2025-04-08T05:48:00.474+0000] {processor.py:840} INFO - DAG(s) 'example_subdag_operator.section-1', 'example_subdag_operator.section-2', 'example_subdag_operator' retrieved from /home/airflow/.local/lib/python3.8/site-packages/airflow/example_dags/example_subdag_operator.py
[2025-04-08T05:48:00.493+0000] {logging_mixin.py:188} INFO - [2025-04-08T05:48:00.493+0000] {dag.py:3036} INFO - Sync 3 DAGs
[2025-04-08T05:48:00.518+0000] {logging_mixin.py:188} INFO - [2025-04-08T05:48:00.518+0000] {dag.py:3823} INFO - Setting next_dagrun for example_subdag_operator to 2022-01-01 00:00:00+00:00, run_after=2022-01-01 00:00:00+00:00
[2025-04-08T05:48:00.522+0000] {logging_mixin.py:188} INFO - [2025-04-08T05:48:00.522+0000] {dag.py:3823} INFO - Setting next_dagrun for example_subdag_operator.section-1 to None, run_after=None
[2025-04-08T05:48:00.524+0000] {logging_mixin.py:188} INFO - [2025-04-08T05:48:00.524+0000] {dag.py:3823} INFO - Setting next_dagrun for example_subdag_operator.section-2 to None, run_after=None
[2025-04-08T05:48:00.535+0000] {logging_mixin.py:188} INFO - [2025-04-08T05:48:00.534+0000] {dag.py:3036} INFO - Sync 2 DAGs
[2025-04-08T05:48:00.541+0000] {logging_mixin.py:188} INFO - [2025-04-08T05:48:00.541+0000] {dag.py:3823} INFO - Setting next_dagrun for example_subdag_operator.section-1 to None, run_after=None
[2025-04-08T05:48:00.542+0000] {logging_mixin.py:188} INFO - [2025-04-08T05:48:00.542+0000] {dag.py:3823} INFO - Setting next_dagrun for example_subdag_operator.section-2 to None, run_after=None
[2025-04-08T05:48:00.626+0000] {processor.py:183} INFO - Processing /home/airflow/.local/lib/python3.8/site-packages/airflow/example_dags/example_subdag_operator.py took 0.185 seconds
[2025-04-08T05:48:31.176+0000] {processor.py:161} INFO - Started process (PID=466) to work on /home/airflow/.local/lib/python3.8/site-packages/airflow/example_dags/example_subdag_operator.py
[2025-04-08T05:48:31.177+0000] {processor.py:830} INFO - Processing file /home/airflow/.local/lib/python3.8/site-packages/airflow/example_dags/example_subdag_operator.py for tasks to queue
[2025-04-08T05:48:31.179+0000] {logging_mixin.py:188} INFO - [2025-04-08T05:48:31.179+0000] {dagbag.py:538} INFO - Filling up the DagBag from /home/airflow/.local/lib/python3.8/site-packages/airflow/example_dags/example_subdag_operator.py
[2025-04-08T05:48:31.213+0000] {processor.py:840} INFO - DAG(s) 'example_subdag_operator.section-1', 'example_subdag_operator.section-2', 'example_subdag_operator' retrieved from /home/airflow/.local/lib/python3.8/site-packages/airflow/example_dags/example_subdag_operator.py
[2025-04-08T05:48:31.235+0000] {logging_mixin.py:188} INFO - [2025-04-08T05:48:31.234+0000] {dag.py:3036} INFO - Sync 3 DAGs
[2025-04-08T05:48:31.261+0000] {logging_mixin.py:188} INFO - [2025-04-08T05:48:31.261+0000] {dag.py:3823} INFO - Setting next_dagrun for example_subdag_operator to 2022-01-01 00:00:00+00:00, run_after=2022-01-01 00:00:00+00:00
[2025-04-08T05:48:31.266+0000] {logging_mixin.py:188} INFO - [2025-04-08T05:48:31.266+0000] {dag.py:3823} INFO - Setting next_dagrun for example_subdag_operator.section-1 to None, run_after=None
[2025-04-08T05:48:31.269+0000] {logging_mixin.py:188} INFO - [2025-04-08T05:48:31.268+0000] {dag.py:3823} INFO - Setting next_dagrun for example_subdag_operator.section-2 to None, run_after=None
[2025-04-08T05:48:31.279+0000] {logging_mixin.py:188} INFO - [2025-04-08T05:48:31.279+0000] {dag.py:3036} INFO - Sync 2 DAGs
[2025-04-08T05:48:31.286+0000] {logging_mixin.py:188} INFO - [2025-04-08T05:48:31.286+0000] {dag.py:3823} INFO - Setting next_dagrun for example_subdag_operator.section-1 to None, run_after=None
[2025-04-08T05:48:31.287+0000] {logging_mixin.py:188} INFO - [2025-04-08T05:48:31.287+0000] {dag.py:3823} INFO - Setting next_dagrun for example_subdag_operator.section-2 to None, run_after=None
[2025-04-08T05:48:31.376+0000] {processor.py:183} INFO - Processing /home/airflow/.local/lib/python3.8/site-packages/airflow/example_dags/example_subdag_operator.py took 0.204 seconds
[2025-04-08T05:49:01.936+0000] {processor.py:161} INFO - Started process (PID=521) to work on /home/airflow/.local/lib/python3.8/site-packages/airflow/example_dags/example_subdag_operator.py
[2025-04-08T05:49:01.937+0000] {processor.py:830} INFO - Processing file /home/airflow/.local/lib/python3.8/site-packages/airflow/example_dags/example_subdag_operator.py for tasks to queue
[2025-04-08T05:49:01.939+0000] {logging_mixin.py:188} INFO - [2025-04-08T05:49:01.938+0000] {dagbag.py:538} INFO - Filling up the DagBag from /home/airflow/.local/lib/python3.8/site-packages/airflow/example_dags/example_subdag_operator.py
[2025-04-08T05:49:01.965+0000] {processor.py:840} INFO - DAG(s) 'example_subdag_operator.section-1', 'example_subdag_operator.section-2', 'example_subdag_operator' retrieved from /home/airflow/.local/lib/python3.8/site-packages/airflow/example_dags/example_subdag_operator.py
[2025-04-08T05:49:01.982+0000] {logging_mixin.py:188} INFO - [2025-04-08T05:49:01.982+0000] {dag.py:3036} INFO - Sync 3 DAGs
[2025-04-08T05:49:02.007+0000] {logging_mixin.py:188} INFO - [2025-04-08T05:49:02.006+0000] {dag.py:3823} INFO - Setting next_dagrun for example_subdag_operator to 2022-01-01 00:00:00+00:00, run_after=2022-01-01 00:00:00+00:00
[2025-04-08T05:49:02.011+0000] {logging_mixin.py:188} INFO - [2025-04-08T05:49:02.011+0000] {dag.py:3823} INFO - Setting next_dagrun for example_subdag_operator.section-1 to None, run_after=None
[2025-04-08T05:49:02.013+0000] {logging_mixin.py:188} INFO - [2025-04-08T05:49:02.013+0000] {dag.py:3823} INFO - Setting next_dagrun for example_subdag_operator.section-2 to None, run_after=None
[2025-04-08T05:49:02.022+0000] {logging_mixin.py:188} INFO - [2025-04-08T05:49:02.022+0000] {dag.py:3036} INFO - Sync 2 DAGs
[2025-04-08T05:49:02.028+0000] {logging_mixin.py:188} INFO - [2025-04-08T05:49:02.028+0000] {dag.py:3823} INFO - Setting next_dagrun for example_subdag_operator.section-1 to None, run_after=None
[2025-04-08T05:49:02.029+0000] {logging_mixin.py:188} INFO - [2025-04-08T05:49:02.029+0000] {dag.py:3823} INFO - Setting next_dagrun for example_subdag_operator.section-2 to None, run_after=None
[2025-04-08T05:49:02.074+0000] {processor.py:183} INFO - Processing /home/airflow/.local/lib/python3.8/site-packages/airflow/example_dags/example_subdag_operator.py took 0.141 seconds
[2025-04-08T05:49:32.771+0000] {processor.py:161} INFO - Started process (PID=576) to work on /home/airflow/.local/lib/python3.8/site-packages/airflow/example_dags/example_subdag_operator.py
[2025-04-08T05:49:32.772+0000] {processor.py:830} INFO - Processing file /home/airflow/.local/lib/python3.8/site-packages/airflow/example_dags/example_subdag_operator.py for tasks to queue
[2025-04-08T05:49:32.775+0000] {logging_mixin.py:188} INFO - [2025-04-08T05:49:32.774+0000] {dagbag.py:538} INFO - Filling up the DagBag from /home/airflow/.local/lib/python3.8/site-packages/airflow/example_dags/example_subdag_operator.py
[2025-04-08T05:49:32.804+0000] {processor.py:840} INFO - DAG(s) 'example_subdag_operator.section-1', 'example_subdag_operator.section-2', 'example_subdag_operator' retrieved from /home/airflow/.local/lib/python3.8/site-packages/airflow/example_dags/example_subdag_operator.py
[2025-04-08T05:49:32.823+0000] {logging_mixin.py:188} INFO - [2025-04-08T05:49:32.823+0000] {dag.py:3036} INFO - Sync 3 DAGs
[2025-04-08T05:49:32.846+0000] {logging_mixin.py:188} INFO - [2025-04-08T05:49:32.846+0000] {dag.py:3823} INFO - Setting next_dagrun for example_subdag_operator to 2022-01-01 00:00:00+00:00, run_after=2022-01-01 00:00:00+00:00
[2025-04-08T05:49:32.851+0000] {logging_mixin.py:188} INFO - [2025-04-08T05:49:32.851+0000] {dag.py:3823} INFO - Setting next_dagrun for example_subdag_operator.section-1 to None, run_after=None
[2025-04-08T05:49:32.853+0000] {logging_mixin.py:188} INFO - [2025-04-08T05:49:32.853+0000] {dag.py:3823} INFO - Setting next_dagrun for example_subdag_operator.section-2 to None, run_after=None
[2025-04-08T05:49:32.863+0000] {logging_mixin.py:188} INFO - [2025-04-08T05:49:32.863+0000] {dag.py:3036} INFO - Sync 2 DAGs
[2025-04-08T05:49:32.871+0000] {logging_mixin.py:188} INFO - [2025-04-08T05:49:32.871+0000] {dag.py:3823} INFO - Setting next_dagrun for example_subdag_operator.section-1 to None, run_after=None
[2025-04-08T05:49:32.872+0000] {logging_mixin.py:188} INFO - [2025-04-08T05:49:32.872+0000] {dag.py:3823} INFO - Setting next_dagrun for example_subdag_operator.section-2 to None, run_after=None
[2025-04-08T05:49:32.913+0000] {processor.py:183} INFO - Processing /home/airflow/.local/lib/python3.8/site-packages/airflow/example_dags/example_subdag_operator.py took 0.146 seconds
[2025-04-08T05:50:06.906+0000] {processor.py:161} INFO - Started process (PID=631) to work on /home/airflow/.local/lib/python3.8/site-packages/airflow/example_dags/example_subdag_operator.py
[2025-04-08T05:50:06.907+0000] {processor.py:830} INFO - Processing file /home/airflow/.local/lib/python3.8/site-packages/airflow/example_dags/example_subdag_operator.py for tasks to queue
[2025-04-08T05:50:06.909+0000] {logging_mixin.py:188} INFO - [2025-04-08T05:50:06.909+0000] {dagbag.py:538} INFO - Filling up the DagBag from /home/airflow/.local/lib/python3.8/site-packages/airflow/example_dags/example_subdag_operator.py
[2025-04-08T05:50:06.941+0000] {processor.py:840} INFO - DAG(s) 'example_subdag_operator.section-1', 'example_subdag_operator.section-2', 'example_subdag_operator' retrieved from /home/airflow/.local/lib/python3.8/site-packages/airflow/example_dags/example_subdag_operator.py
[2025-04-08T05:50:06.957+0000] {logging_mixin.py:188} INFO - [2025-04-08T05:50:06.957+0000] {dag.py:3036} INFO - Sync 3 DAGs
[2025-04-08T05:50:06.988+0000] {logging_mixin.py:188} INFO - [2025-04-08T05:50:06.988+0000] {dag.py:3823} INFO - Setting next_dagrun for example_subdag_operator to 2022-01-01 00:00:00+00:00, run_after=2022-01-01 00:00:00+00:00
[2025-04-08T05:50:06.993+0000] {logging_mixin.py:188} INFO - [2025-04-08T05:50:06.992+0000] {dag.py:3823} INFO - Setting next_dagrun for example_subdag_operator.section-1 to None, run_after=None
[2025-04-08T05:50:06.995+0000] {logging_mixin.py:188} INFO - [2025-04-08T05:50:06.995+0000] {dag.py:3823} INFO - Setting next_dagrun for example_subdag_operator.section-2 to None, run_after=None
[2025-04-08T05:50:07.004+0000] {logging_mixin.py:188} INFO - [2025-04-08T05:50:07.004+0000] {dag.py:3036} INFO - Sync 2 DAGs
[2025-04-08T05:50:07.010+0000] {logging_mixin.py:188} INFO - [2025-04-08T05:50:07.010+0000] {dag.py:3823} INFO - Setting next_dagrun for example_subdag_operator.section-1 to None, run_after=None
[2025-04-08T05:50:07.011+0000] {logging_mixin.py:188} INFO - [2025-04-08T05:50:07.011+0000] {dag.py:3823} INFO - Setting next_dagrun for example_subdag_operator.section-2 to None, run_after=None
[2025-04-08T05:50:07.087+0000] {processor.py:183} INFO - Processing /home/airflow/.local/lib/python3.8/site-packages/airflow/example_dags/example_subdag_operator.py took 0.183 seconds
[2025-04-08T05:50:37.840+0000] {processor.py:161} INFO - Started process (PID=686) to work on /home/airflow/.local/lib/python3.8/site-packages/airflow/example_dags/example_subdag_operator.py
[2025-04-08T05:50:37.842+0000] {processor.py:830} INFO - Processing file /home/airflow/.local/lib/python3.8/site-packages/airflow/example_dags/example_subdag_operator.py for tasks to queue
[2025-04-08T05:50:37.844+0000] {logging_mixin.py:188} INFO - [2025-04-08T05:50:37.844+0000] {dagbag.py:538} INFO - Filling up the DagBag from /home/airflow/.local/lib/python3.8/site-packages/airflow/example_dags/example_subdag_operator.py
[2025-04-08T05:50:37.882+0000] {processor.py:840} INFO - DAG(s) 'example_subdag_operator.section-1', 'example_subdag_operator.section-2', 'example_subdag_operator' retrieved from /home/airflow/.local/lib/python3.8/site-packages/airflow/example_dags/example_subdag_operator.py
[2025-04-08T05:50:37.908+0000] {logging_mixin.py:188} INFO - [2025-04-08T05:50:37.908+0000] {dag.py:3036} INFO - Sync 3 DAGs
[2025-04-08T05:50:37.930+0000] {logging_mixin.py:188} INFO - [2025-04-08T05:50:37.930+0000] {dag.py:3823} INFO - Setting next_dagrun for example_subdag_operator to 2022-01-01 00:00:00+00:00, run_after=2022-01-01 00:00:00+00:00
[2025-04-08T05:50:37.935+0000] {logging_mixin.py:188} INFO - [2025-04-08T05:50:37.935+0000] {dag.py:3823} INFO - Setting next_dagrun for example_subdag_operator.section-1 to None, run_after=None
[2025-04-08T05:50:37.937+0000] {logging_mixin.py:188} INFO - [2025-04-08T05:50:37.937+0000] {dag.py:3823} INFO - Setting next_dagrun for example_subdag_operator.section-2 to None, run_after=None
[2025-04-08T05:50:37.946+0000] {logging_mixin.py:188} INFO - [2025-04-08T05:50:37.946+0000] {dag.py:3036} INFO - Sync 2 DAGs
[2025-04-08T05:50:37.954+0000] {logging_mixin.py:188} INFO - [2025-04-08T05:50:37.953+0000] {dag.py:3823} INFO - Setting next_dagrun for example_subdag_operator.section-1 to None, run_after=None
[2025-04-08T05:50:37.954+0000] {logging_mixin.py:188} INFO - [2025-04-08T05:50:37.954+0000] {dag.py:3823} INFO - Setting next_dagrun for example_subdag_operator.section-2 to None, run_after=None
[2025-04-08T05:50:37.996+0000] {processor.py:183} INFO - Processing /home/airflow/.local/lib/python3.8/site-packages/airflow/example_dags/example_subdag_operator.py took 0.159 seconds
[2025-04-08T05:54:04.664+0000] {processor.py:161} INFO - Started process (PID=76) to work on /home/airflow/.local/lib/python3.8/site-packages/airflow/example_dags/example_subdag_operator.py
[2025-04-08T05:54:04.665+0000] {processor.py:830} INFO - Processing file /home/airflow/.local/lib/python3.8/site-packages/airflow/example_dags/example_subdag_operator.py for tasks to queue
[2025-04-08T05:54:04.666+0000] {logging_mixin.py:188} INFO - [2025-04-08T05:54:04.666+0000] {dagbag.py:538} INFO - Filling up the DagBag from /home/airflow/.local/lib/python3.8/site-packages/airflow/example_dags/example_subdag_operator.py
[2025-04-08T05:54:04.689+0000] {processor.py:840} INFO - DAG(s) 'example_subdag_operator.section-1', 'example_subdag_operator.section-2', 'example_subdag_operator' retrieved from /home/airflow/.local/lib/python3.8/site-packages/airflow/example_dags/example_subdag_operator.py
[2025-04-08T05:54:04.797+0000] {logging_mixin.py:188} INFO - [2025-04-08T05:54:04.797+0000] {dag.py:3036} INFO - Sync 3 DAGs
[2025-04-08T05:54:04.818+0000] {logging_mixin.py:188} INFO - [2025-04-08T05:54:04.818+0000] {dag.py:3823} INFO - Setting next_dagrun for example_subdag_operator to 2022-01-01 00:00:00+00:00, run_after=2022-01-01 00:00:00+00:00
[2025-04-08T05:54:04.822+0000] {logging_mixin.py:188} INFO - [2025-04-08T05:54:04.822+0000] {dag.py:3823} INFO - Setting next_dagrun for example_subdag_operator.section-1 to None, run_after=None
[2025-04-08T05:54:04.825+0000] {logging_mixin.py:188} INFO - [2025-04-08T05:54:04.824+0000] {dag.py:3823} INFO - Setting next_dagrun for example_subdag_operator.section-2 to None, run_after=None
[2025-04-08T05:54:04.838+0000] {logging_mixin.py:188} INFO - [2025-04-08T05:54:04.837+0000] {dag.py:3036} INFO - Sync 2 DAGs
[2025-04-08T05:54:04.844+0000] {logging_mixin.py:188} INFO - [2025-04-08T05:54:04.844+0000] {dag.py:3823} INFO - Setting next_dagrun for example_subdag_operator.section-1 to None, run_after=None
[2025-04-08T05:54:04.845+0000] {logging_mixin.py:188} INFO - [2025-04-08T05:54:04.845+0000] {dag.py:3823} INFO - Setting next_dagrun for example_subdag_operator.section-2 to None, run_after=None
[2025-04-08T05:54:04.895+0000] {processor.py:183} INFO - Processing /home/airflow/.local/lib/python3.8/site-packages/airflow/example_dags/example_subdag_operator.py took 0.234 seconds
[2025-04-08T05:54:35.706+0000] {processor.py:161} INFO - Started process (PID=132) to work on /home/airflow/.local/lib/python3.8/site-packages/airflow/example_dags/example_subdag_operator.py
[2025-04-08T05:54:35.707+0000] {processor.py:830} INFO - Processing file /home/airflow/.local/lib/python3.8/site-packages/airflow/example_dags/example_subdag_operator.py for tasks to queue
[2025-04-08T05:54:35.709+0000] {logging_mixin.py:188} INFO - [2025-04-08T05:54:35.709+0000] {dagbag.py:538} INFO - Filling up the DagBag from /home/airflow/.local/lib/python3.8/site-packages/airflow/example_dags/example_subdag_operator.py
[2025-04-08T05:54:35.740+0000] {processor.py:840} INFO - DAG(s) 'example_subdag_operator.section-1', 'example_subdag_operator.section-2', 'example_subdag_operator' retrieved from /home/airflow/.local/lib/python3.8/site-packages/airflow/example_dags/example_subdag_operator.py
[2025-04-08T05:54:35.757+0000] {logging_mixin.py:188} INFO - [2025-04-08T05:54:35.756+0000] {dag.py:3036} INFO - Sync 3 DAGs
[2025-04-08T05:54:35.779+0000] {logging_mixin.py:188} INFO - [2025-04-08T05:54:35.779+0000] {dag.py:3823} INFO - Setting next_dagrun for example_subdag_operator to 2022-01-01 00:00:00+00:00, run_after=2022-01-01 00:00:00+00:00
[2025-04-08T05:54:35.783+0000] {logging_mixin.py:188} INFO - [2025-04-08T05:54:35.783+0000] {dag.py:3823} INFO - Setting next_dagrun for example_subdag_operator.section-1 to None, run_after=None
[2025-04-08T05:54:35.785+0000] {logging_mixin.py:188} INFO - [2025-04-08T05:54:35.785+0000] {dag.py:3823} INFO - Setting next_dagrun for example_subdag_operator.section-2 to None, run_after=None
[2025-04-08T05:54:35.794+0000] {logging_mixin.py:188} INFO - [2025-04-08T05:54:35.794+0000] {dag.py:3036} INFO - Sync 2 DAGs
[2025-04-08T05:54:35.801+0000] {logging_mixin.py:188} INFO - [2025-04-08T05:54:35.801+0000] {dag.py:3823} INFO - Setting next_dagrun for example_subdag_operator.section-1 to None, run_after=None
[2025-04-08T05:54:35.802+0000] {logging_mixin.py:188} INFO - [2025-04-08T05:54:35.802+0000] {dag.py:3823} INFO - Setting next_dagrun for example_subdag_operator.section-2 to None, run_after=None
[2025-04-08T05:54:35.877+0000] {processor.py:183} INFO - Processing /home/airflow/.local/lib/python3.8/site-packages/airflow/example_dags/example_subdag_operator.py took 0.175 seconds
[2025-04-08T05:55:05.989+0000] {processor.py:161} INFO - Started process (PID=181) to work on /home/airflow/.local/lib/python3.8/site-packages/airflow/example_dags/example_subdag_operator.py
[2025-04-08T05:55:05.990+0000] {processor.py:830} INFO - Processing file /home/airflow/.local/lib/python3.8/site-packages/airflow/example_dags/example_subdag_operator.py for tasks to queue
[2025-04-08T05:55:05.992+0000] {logging_mixin.py:188} INFO - [2025-04-08T05:55:05.992+0000] {dagbag.py:538} INFO - Filling up the DagBag from /home/airflow/.local/lib/python3.8/site-packages/airflow/example_dags/example_subdag_operator.py
[2025-04-08T05:55:06.015+0000] {processor.py:840} INFO - DAG(s) 'example_subdag_operator.section-1', 'example_subdag_operator.section-2', 'example_subdag_operator' retrieved from /home/airflow/.local/lib/python3.8/site-packages/airflow/example_dags/example_subdag_operator.py
[2025-04-08T05:55:06.033+0000] {logging_mixin.py:188} INFO - [2025-04-08T05:55:06.032+0000] {dag.py:3036} INFO - Sync 3 DAGs
[2025-04-08T05:55:06.063+0000] {logging_mixin.py:188} INFO - [2025-04-08T05:55:06.063+0000] {dag.py:3823} INFO - Setting next_dagrun for example_subdag_operator to 2022-01-01 00:00:00+00:00, run_after=2022-01-01 00:00:00+00:00
[2025-04-08T05:55:06.068+0000] {logging_mixin.py:188} INFO - [2025-04-08T05:55:06.067+0000] {dag.py:3823} INFO - Setting next_dagrun for example_subdag_operator.section-1 to None, run_after=None
[2025-04-08T05:55:06.070+0000] {logging_mixin.py:188} INFO - [2025-04-08T05:55:06.070+0000] {dag.py:3823} INFO - Setting next_dagrun for example_subdag_operator.section-2 to None, run_after=None
[2025-04-08T05:55:06.080+0000] {logging_mixin.py:188} INFO - [2025-04-08T05:55:06.080+0000] {dag.py:3036} INFO - Sync 2 DAGs
[2025-04-08T05:55:06.086+0000] {logging_mixin.py:188} INFO - [2025-04-08T05:55:06.086+0000] {dag.py:3823} INFO - Setting next_dagrun for example_subdag_operator.section-1 to None, run_after=None
[2025-04-08T05:55:06.087+0000] {logging_mixin.py:188} INFO - [2025-04-08T05:55:06.087+0000] {dag.py:3823} INFO - Setting next_dagrun for example_subdag_operator.section-2 to None, run_after=None
[2025-04-08T05:55:06.132+0000] {processor.py:183} INFO - Processing /home/airflow/.local/lib/python3.8/site-packages/airflow/example_dags/example_subdag_operator.py took 0.146 seconds
[2025-04-08T05:55:36.318+0000] {processor.py:161} INFO - Started process (PID=236) to work on /home/airflow/.local/lib/python3.8/site-packages/airflow/example_dags/example_subdag_operator.py
[2025-04-08T05:55:36.319+0000] {processor.py:830} INFO - Processing file /home/airflow/.local/lib/python3.8/site-packages/airflow/example_dags/example_subdag_operator.py for tasks to queue
[2025-04-08T05:55:36.321+0000] {logging_mixin.py:188} INFO - [2025-04-08T05:55:36.320+0000] {dagbag.py:538} INFO - Filling up the DagBag from /home/airflow/.local/lib/python3.8/site-packages/airflow/example_dags/example_subdag_operator.py
[2025-04-08T05:55:36.345+0000] {processor.py:840} INFO - DAG(s) 'example_subdag_operator.section-1', 'example_subdag_operator.section-2', 'example_subdag_operator' retrieved from /home/airflow/.local/lib/python3.8/site-packages/airflow/example_dags/example_subdag_operator.py
[2025-04-08T05:55:36.361+0000] {logging_mixin.py:188} INFO - [2025-04-08T05:55:36.361+0000] {dag.py:3036} INFO - Sync 3 DAGs
[2025-04-08T05:55:36.385+0000] {logging_mixin.py:188} INFO - [2025-04-08T05:55:36.385+0000] {dag.py:3823} INFO - Setting next_dagrun for example_subdag_operator to 2022-01-01 00:00:00+00:00, run_after=2022-01-01 00:00:00+00:00
[2025-04-08T05:55:36.390+0000] {logging_mixin.py:188} INFO - [2025-04-08T05:55:36.389+0000] {dag.py:3823} INFO - Setting next_dagrun for example_subdag_operator.section-1 to None, run_after=None
[2025-04-08T05:55:36.392+0000] {logging_mixin.py:188} INFO - [2025-04-08T05:55:36.391+0000] {dag.py:3823} INFO - Setting next_dagrun for example_subdag_operator.section-2 to None, run_after=None
[2025-04-08T05:55:36.400+0000] {logging_mixin.py:188} INFO - [2025-04-08T05:55:36.400+0000] {dag.py:3036} INFO - Sync 2 DAGs
[2025-04-08T05:55:36.407+0000] {logging_mixin.py:188} INFO - [2025-04-08T05:55:36.406+0000] {dag.py:3823} INFO - Setting next_dagrun for example_subdag_operator.section-1 to None, run_after=None
[2025-04-08T05:55:36.407+0000] {logging_mixin.py:188} INFO - [2025-04-08T05:55:36.407+0000] {dag.py:3823} INFO - Setting next_dagrun for example_subdag_operator.section-2 to None, run_after=None
[2025-04-08T05:55:36.456+0000] {processor.py:183} INFO - Processing /home/airflow/.local/lib/python3.8/site-packages/airflow/example_dags/example_subdag_operator.py took 0.141 seconds
[2025-04-08T05:56:06.831+0000] {processor.py:161} INFO - Started process (PID=291) to work on /home/airflow/.local/lib/python3.8/site-packages/airflow/example_dags/example_subdag_operator.py
[2025-04-08T05:56:06.833+0000] {processor.py:830} INFO - Processing file /home/airflow/.local/lib/python3.8/site-packages/airflow/example_dags/example_subdag_operator.py for tasks to queue
[2025-04-08T05:56:06.834+0000] {logging_mixin.py:188} INFO - [2025-04-08T05:56:06.834+0000] {dagbag.py:538} INFO - Filling up the DagBag from /home/airflow/.local/lib/python3.8/site-packages/airflow/example_dags/example_subdag_operator.py
[2025-04-08T05:56:06.858+0000] {processor.py:840} INFO - DAG(s) 'example_subdag_operator.section-1', 'example_subdag_operator.section-2', 'example_subdag_operator' retrieved from /home/airflow/.local/lib/python3.8/site-packages/airflow/example_dags/example_subdag_operator.py
[2025-04-08T05:56:06.872+0000] {logging_mixin.py:188} INFO - [2025-04-08T05:56:06.872+0000] {dag.py:3036} INFO - Sync 3 DAGs
[2025-04-08T05:56:06.897+0000] {logging_mixin.py:188} INFO - [2025-04-08T05:56:06.896+0000] {dag.py:3823} INFO - Setting next_dagrun for example_subdag_operator to 2022-01-01 00:00:00+00:00, run_after=2022-01-01 00:00:00+00:00
[2025-04-08T05:56:06.901+0000] {logging_mixin.py:188} INFO - [2025-04-08T05:56:06.901+0000] {dag.py:3823} INFO - Setting next_dagrun for example_subdag_operator.section-1 to None, run_after=None
[2025-04-08T05:56:06.903+0000] {logging_mixin.py:188} INFO - [2025-04-08T05:56:06.903+0000] {dag.py:3823} INFO - Setting next_dagrun for example_subdag_operator.section-2 to None, run_after=None
[2025-04-08T05:56:06.912+0000] {logging_mixin.py:188} INFO - [2025-04-08T05:56:06.911+0000] {dag.py:3036} INFO - Sync 2 DAGs
[2025-04-08T05:56:06.921+0000] {logging_mixin.py:188} INFO - [2025-04-08T05:56:06.921+0000] {dag.py:3823} INFO - Setting next_dagrun for example_subdag_operator.section-1 to None, run_after=None
[2025-04-08T05:56:06.922+0000] {logging_mixin.py:188} INFO - [2025-04-08T05:56:06.922+0000] {dag.py:3823} INFO - Setting next_dagrun for example_subdag_operator.section-2 to None, run_after=None
[2025-04-08T05:56:06.971+0000] {processor.py:183} INFO - Processing /home/airflow/.local/lib/python3.8/site-packages/airflow/example_dags/example_subdag_operator.py took 0.142 seconds
[2025-04-08T05:56:41.591+0000] {processor.py:161} INFO - Started process (PID=346) to work on /home/airflow/.local/lib/python3.8/site-packages/airflow/example_dags/example_subdag_operator.py
[2025-04-08T05:56:41.592+0000] {processor.py:830} INFO - Processing file /home/airflow/.local/lib/python3.8/site-packages/airflow/example_dags/example_subdag_operator.py for tasks to queue
[2025-04-08T05:56:41.594+0000] {logging_mixin.py:188} INFO - [2025-04-08T05:56:41.594+0000] {dagbag.py:538} INFO - Filling up the DagBag from /home/airflow/.local/lib/python3.8/site-packages/airflow/example_dags/example_subdag_operator.py
[2025-04-08T05:56:41.622+0000] {processor.py:840} INFO - DAG(s) 'example_subdag_operator.section-1', 'example_subdag_operator.section-2', 'example_subdag_operator' retrieved from /home/airflow/.local/lib/python3.8/site-packages/airflow/example_dags/example_subdag_operator.py
[2025-04-08T05:56:41.644+0000] {logging_mixin.py:188} INFO - [2025-04-08T05:56:41.644+0000] {dag.py:3036} INFO - Sync 3 DAGs
[2025-04-08T05:56:41.680+0000] {logging_mixin.py:188} INFO - [2025-04-08T05:56:41.680+0000] {dag.py:3823} INFO - Setting next_dagrun for example_subdag_operator to 2022-01-01 00:00:00+00:00, run_after=2022-01-01 00:00:00+00:00
[2025-04-08T05:56:41.685+0000] {logging_mixin.py:188} INFO - [2025-04-08T05:56:41.685+0000] {dag.py:3823} INFO - Setting next_dagrun for example_subdag_operator.section-1 to None, run_after=None
[2025-04-08T05:56:41.689+0000] {logging_mixin.py:188} INFO - [2025-04-08T05:56:41.689+0000] {dag.py:3823} INFO - Setting next_dagrun for example_subdag_operator.section-2 to None, run_after=None
[2025-04-08T05:56:41.702+0000] {logging_mixin.py:188} INFO - [2025-04-08T05:56:41.701+0000] {dag.py:3036} INFO - Sync 2 DAGs
[2025-04-08T05:56:41.710+0000] {logging_mixin.py:188} INFO - [2025-04-08T05:56:41.710+0000] {dag.py:3823} INFO - Setting next_dagrun for example_subdag_operator.section-1 to None, run_after=None
[2025-04-08T05:56:41.711+0000] {logging_mixin.py:188} INFO - [2025-04-08T05:56:41.711+0000] {dag.py:3823} INFO - Setting next_dagrun for example_subdag_operator.section-2 to None, run_after=None
[2025-04-08T05:56:41.766+0000] {processor.py:183} INFO - Processing /home/airflow/.local/lib/python3.8/site-packages/airflow/example_dags/example_subdag_operator.py took 0.178 seconds
[2025-04-08T05:57:11.880+0000] {processor.py:161} INFO - Started process (PID=401) to work on /home/airflow/.local/lib/python3.8/site-packages/airflow/example_dags/example_subdag_operator.py
[2025-04-08T05:57:11.882+0000] {processor.py:830} INFO - Processing file /home/airflow/.local/lib/python3.8/site-packages/airflow/example_dags/example_subdag_operator.py for tasks to queue
[2025-04-08T05:57:11.884+0000] {logging_mixin.py:188} INFO - [2025-04-08T05:57:11.883+0000] {dagbag.py:538} INFO - Filling up the DagBag from /home/airflow/.local/lib/python3.8/site-packages/airflow/example_dags/example_subdag_operator.py
[2025-04-08T05:57:11.913+0000] {processor.py:840} INFO - DAG(s) 'example_subdag_operator.section-1', 'example_subdag_operator.section-2', 'example_subdag_operator' retrieved from /home/airflow/.local/lib/python3.8/site-packages/airflow/example_dags/example_subdag_operator.py
[2025-04-08T05:57:11.930+0000] {logging_mixin.py:188} INFO - [2025-04-08T05:57:11.930+0000] {dag.py:3036} INFO - Sync 3 DAGs
[2025-04-08T05:57:11.955+0000] {logging_mixin.py:188} INFO - [2025-04-08T05:57:11.955+0000] {dag.py:3823} INFO - Setting next_dagrun for example_subdag_operator to 2022-01-01 00:00:00+00:00, run_after=2022-01-01 00:00:00+00:00
[2025-04-08T05:57:11.960+0000] {logging_mixin.py:188} INFO - [2025-04-08T05:57:11.959+0000] {dag.py:3823} INFO - Setting next_dagrun for example_subdag_operator.section-1 to None, run_after=None
[2025-04-08T05:57:11.961+0000] {logging_mixin.py:188} INFO - [2025-04-08T05:57:11.961+0000] {dag.py:3823} INFO - Setting next_dagrun for example_subdag_operator.section-2 to None, run_after=None
[2025-04-08T05:57:11.969+0000] {logging_mixin.py:188} INFO - [2025-04-08T05:57:11.969+0000] {dag.py:3036} INFO - Sync 2 DAGs
[2025-04-08T05:57:11.976+0000] {logging_mixin.py:188} INFO - [2025-04-08T05:57:11.975+0000] {dag.py:3823} INFO - Setting next_dagrun for example_subdag_operator.section-1 to None, run_after=None
[2025-04-08T05:57:11.976+0000] {logging_mixin.py:188} INFO - [2025-04-08T05:57:11.976+0000] {dag.py:3823} INFO - Setting next_dagrun for example_subdag_operator.section-2 to None, run_after=None
[2025-04-08T05:57:12.039+0000] {processor.py:183} INFO - Processing /home/airflow/.local/lib/python3.8/site-packages/airflow/example_dags/example_subdag_operator.py took 0.161 seconds
[2025-04-08T05:57:42.086+0000] {processor.py:161} INFO - Started process (PID=456) to work on /home/airflow/.local/lib/python3.8/site-packages/airflow/example_dags/example_subdag_operator.py
[2025-04-08T05:57:42.087+0000] {processor.py:830} INFO - Processing file /home/airflow/.local/lib/python3.8/site-packages/airflow/example_dags/example_subdag_operator.py for tasks to queue
[2025-04-08T05:57:42.089+0000] {logging_mixin.py:188} INFO - [2025-04-08T05:57:42.088+0000] {dagbag.py:538} INFO - Filling up the DagBag from /home/airflow/.local/lib/python3.8/site-packages/airflow/example_dags/example_subdag_operator.py
[2025-04-08T05:57:42.116+0000] {processor.py:840} INFO - DAG(s) 'example_subdag_operator.section-1', 'example_subdag_operator.section-2', 'example_subdag_operator' retrieved from /home/airflow/.local/lib/python3.8/site-packages/airflow/example_dags/example_subdag_operator.py
[2025-04-08T05:57:42.142+0000] {logging_mixin.py:188} INFO - [2025-04-08T05:57:42.141+0000] {dag.py:3036} INFO - Sync 3 DAGs
[2025-04-08T05:57:42.172+0000] {logging_mixin.py:188} INFO - [2025-04-08T05:57:42.171+0000] {dag.py:3823} INFO - Setting next_dagrun for example_subdag_operator to 2022-01-01 00:00:00+00:00, run_after=2022-01-01 00:00:00+00:00
[2025-04-08T05:57:42.178+0000] {logging_mixin.py:188} INFO - [2025-04-08T05:57:42.178+0000] {dag.py:3823} INFO - Setting next_dagrun for example_subdag_operator.section-1 to None, run_after=None
[2025-04-08T05:57:42.182+0000] {logging_mixin.py:188} INFO - [2025-04-08T05:57:42.181+0000] {dag.py:3823} INFO - Setting next_dagrun for example_subdag_operator.section-2 to None, run_after=None
[2025-04-08T05:57:42.191+0000] {logging_mixin.py:188} INFO - [2025-04-08T05:57:42.191+0000] {dag.py:3036} INFO - Sync 2 DAGs
[2025-04-08T05:57:42.198+0000] {logging_mixin.py:188} INFO - [2025-04-08T05:57:42.198+0000] {dag.py:3823} INFO - Setting next_dagrun for example_subdag_operator.section-1 to None, run_after=None
[2025-04-08T05:57:42.199+0000] {logging_mixin.py:188} INFO - [2025-04-08T05:57:42.199+0000] {dag.py:3823} INFO - Setting next_dagrun for example_subdag_operator.section-2 to None, run_after=None
[2025-04-08T05:57:42.256+0000] {processor.py:183} INFO - Processing /home/airflow/.local/lib/python3.8/site-packages/airflow/example_dags/example_subdag_operator.py took 0.173 seconds
[2025-04-08T05:58:12.785+0000] {processor.py:161} INFO - Started process (PID=511) to work on /home/airflow/.local/lib/python3.8/site-packages/airflow/example_dags/example_subdag_operator.py
[2025-04-08T05:58:12.787+0000] {processor.py:830} INFO - Processing file /home/airflow/.local/lib/python3.8/site-packages/airflow/example_dags/example_subdag_operator.py for tasks to queue
[2025-04-08T05:58:12.789+0000] {logging_mixin.py:188} INFO - [2025-04-08T05:58:12.788+0000] {dagbag.py:538} INFO - Filling up the DagBag from /home/airflow/.local/lib/python3.8/site-packages/airflow/example_dags/example_subdag_operator.py
[2025-04-08T05:58:12.813+0000] {processor.py:840} INFO - DAG(s) 'example_subdag_operator.section-1', 'example_subdag_operator.section-2', 'example_subdag_operator' retrieved from /home/airflow/.local/lib/python3.8/site-packages/airflow/example_dags/example_subdag_operator.py
[2025-04-08T05:58:12.831+0000] {logging_mixin.py:188} INFO - [2025-04-08T05:58:12.830+0000] {dag.py:3036} INFO - Sync 3 DAGs
[2025-04-08T05:58:12.857+0000] {logging_mixin.py:188} INFO - [2025-04-08T05:58:12.857+0000] {dag.py:3823} INFO - Setting next_dagrun for example_subdag_operator to 2022-01-01 00:00:00+00:00, run_after=2022-01-01 00:00:00+00:00
[2025-04-08T05:58:12.862+0000] {logging_mixin.py:188} INFO - [2025-04-08T05:58:12.862+0000] {dag.py:3823} INFO - Setting next_dagrun for example_subdag_operator.section-1 to None, run_after=None
[2025-04-08T05:58:12.864+0000] {logging_mixin.py:188} INFO - [2025-04-08T05:58:12.864+0000] {dag.py:3823} INFO - Setting next_dagrun for example_subdag_operator.section-2 to None, run_after=None
[2025-04-08T05:58:12.874+0000] {logging_mixin.py:188} INFO - [2025-04-08T05:58:12.873+0000] {dag.py:3036} INFO - Sync 2 DAGs
[2025-04-08T05:58:12.880+0000] {logging_mixin.py:188} INFO - [2025-04-08T05:58:12.880+0000] {dag.py:3823} INFO - Setting next_dagrun for example_subdag_operator.section-1 to None, run_after=None
[2025-04-08T05:58:12.881+0000] {logging_mixin.py:188} INFO - [2025-04-08T05:58:12.881+0000] {dag.py:3823} INFO - Setting next_dagrun for example_subdag_operator.section-2 to None, run_after=None
[2025-04-08T05:58:12.924+0000] {processor.py:183} INFO - Processing /home/airflow/.local/lib/python3.8/site-packages/airflow/example_dags/example_subdag_operator.py took 0.141 seconds
[2025-04-08T05:58:43.924+0000] {processor.py:161} INFO - Started process (PID=566) to work on /home/airflow/.local/lib/python3.8/site-packages/airflow/example_dags/example_subdag_operator.py
[2025-04-08T05:58:43.926+0000] {processor.py:830} INFO - Processing file /home/airflow/.local/lib/python3.8/site-packages/airflow/example_dags/example_subdag_operator.py for tasks to queue
[2025-04-08T05:58:43.928+0000] {logging_mixin.py:188} INFO - [2025-04-08T05:58:43.928+0000] {dagbag.py:538} INFO - Filling up the DagBag from /home/airflow/.local/lib/python3.8/site-packages/airflow/example_dags/example_subdag_operator.py
[2025-04-08T05:58:43.956+0000] {processor.py:840} INFO - DAG(s) 'example_subdag_operator.section-1', 'example_subdag_operator.section-2', 'example_subdag_operator' retrieved from /home/airflow/.local/lib/python3.8/site-packages/airflow/example_dags/example_subdag_operator.py
[2025-04-08T05:58:43.972+0000] {logging_mixin.py:188} INFO - [2025-04-08T05:58:43.972+0000] {dag.py:3036} INFO - Sync 3 DAGs
[2025-04-08T05:58:43.996+0000] {logging_mixin.py:188} INFO - [2025-04-08T05:58:43.996+0000] {dag.py:3823} INFO - Setting next_dagrun for example_subdag_operator to 2022-01-01 00:00:00+00:00, run_after=2022-01-01 00:00:00+00:00
[2025-04-08T05:58:44.001+0000] {logging_mixin.py:188} INFO - [2025-04-08T05:58:44.000+0000] {dag.py:3823} INFO - Setting next_dagrun for example_subdag_operator.section-1 to None, run_after=None
[2025-04-08T05:58:44.003+0000] {logging_mixin.py:188} INFO - [2025-04-08T05:58:44.003+0000] {dag.py:3823} INFO - Setting next_dagrun for example_subdag_operator.section-2 to None, run_after=None
[2025-04-08T05:58:44.014+0000] {logging_mixin.py:188} INFO - [2025-04-08T05:58:44.014+0000] {dag.py:3036} INFO - Sync 2 DAGs
[2025-04-08T05:58:44.023+0000] {logging_mixin.py:188} INFO - [2025-04-08T05:58:44.022+0000] {dag.py:3823} INFO - Setting next_dagrun for example_subdag_operator.section-1 to None, run_after=None
[2025-04-08T05:58:44.024+0000] {logging_mixin.py:188} INFO - [2025-04-08T05:58:44.023+0000] {dag.py:3823} INFO - Setting next_dagrun for example_subdag_operator.section-2 to None, run_after=None
[2025-04-08T05:58:44.077+0000] {processor.py:183} INFO - Processing /home/airflow/.local/lib/python3.8/site-packages/airflow/example_dags/example_subdag_operator.py took 0.156 seconds
