[2025-04-08T05:44:51.673+0000] {processor.py:161} INFO - Started process (PID=70) to work on /home/airflow/.local/lib/python3.8/site-packages/airflow/example_dags/example_branch_python_dop_operator_3.py
[2025-04-08T05:44:51.674+0000] {processor.py:830} INFO - Processing file /home/airflow/.local/lib/python3.8/site-packages/airflow/example_dags/example_branch_python_dop_operator_3.py for tasks to queue
[2025-04-08T05:44:51.676+0000] {logging_mixin.py:188} INFO - [2025-04-08T05:44:51.676+0000] {dagbag.py:538} INFO - Filling up the DagBag from /home/airflow/.local/lib/python3.8/site-packages/airflow/example_dags/example_branch_python_dop_operator_3.py
[2025-04-08T05:44:51.689+0000] {processor.py:840} INFO - DAG(s) 'example_branch_dop_operator_v3' retrieved from /home/airflow/.local/lib/python3.8/site-packages/airflow/example_dags/example_branch_python_dop_operator_3.py
[2025-04-08T05:44:51.839+0000] {logging_mixin.py:188} INFO - [2025-04-08T05:44:51.838+0000] {dag.py:3036} INFO - Sync 1 DAGs
[2025-04-08T05:44:51.870+0000] {logging_mixin.py:188} INFO - [2025-04-08T05:44:51.870+0000] {dag.py:3823} INFO - Setting next_dagrun for example_branch_dop_operator_v3 to 2025-04-08 05:43:00+00:00, run_after=2025-04-08 05:44:00+00:00
[2025-04-08T05:44:51.924+0000] {processor.py:183} INFO - Processing /home/airflow/.local/lib/python3.8/site-packages/airflow/example_dags/example_branch_python_dop_operator_3.py took 0.254 seconds
[2025-04-08T05:45:24.396+0000] {processor.py:161} INFO - Started process (PID=125) to work on /home/airflow/.local/lib/python3.8/site-packages/airflow/example_dags/example_branch_python_dop_operator_3.py
[2025-04-08T05:45:24.397+0000] {processor.py:830} INFO - Processing file /home/airflow/.local/lib/python3.8/site-packages/airflow/example_dags/example_branch_python_dop_operator_3.py for tasks to queue
[2025-04-08T05:45:24.400+0000] {logging_mixin.py:188} INFO - [2025-04-08T05:45:24.399+0000] {dagbag.py:538} INFO - Filling up the DagBag from /home/airflow/.local/lib/python3.8/site-packages/airflow/example_dags/example_branch_python_dop_operator_3.py
[2025-04-08T05:45:24.409+0000] {processor.py:840} INFO - DAG(s) 'example_branch_dop_operator_v3' retrieved from /home/airflow/.local/lib/python3.8/site-packages/airflow/example_dags/example_branch_python_dop_operator_3.py
[2025-04-08T05:45:24.438+0000] {logging_mixin.py:188} INFO - [2025-04-08T05:45:24.437+0000] {dag.py:3036} INFO - Sync 1 DAGs
[2025-04-08T05:45:24.470+0000] {logging_mixin.py:188} INFO - [2025-04-08T05:45:24.469+0000] {dag.py:3823} INFO - Setting next_dagrun for example_branch_dop_operator_v3 to 2025-04-08 05:44:00+00:00, run_after=2025-04-08 05:45:00+00:00
[2025-04-08T05:45:24.539+0000] {processor.py:183} INFO - Processing /home/airflow/.local/lib/python3.8/site-packages/airflow/example_dags/example_branch_python_dop_operator_3.py took 0.146 seconds
[2025-04-08T05:45:54.847+0000] {processor.py:161} INFO - Started process (PID=180) to work on /home/airflow/.local/lib/python3.8/site-packages/airflow/example_dags/example_branch_python_dop_operator_3.py
[2025-04-08T05:45:54.848+0000] {processor.py:830} INFO - Processing file /home/airflow/.local/lib/python3.8/site-packages/airflow/example_dags/example_branch_python_dop_operator_3.py for tasks to queue
[2025-04-08T05:45:54.850+0000] {logging_mixin.py:188} INFO - [2025-04-08T05:45:54.850+0000] {dagbag.py:538} INFO - Filling up the DagBag from /home/airflow/.local/lib/python3.8/site-packages/airflow/example_dags/example_branch_python_dop_operator_3.py
[2025-04-08T05:45:54.860+0000] {processor.py:840} INFO - DAG(s) 'example_branch_dop_operator_v3' retrieved from /home/airflow/.local/lib/python3.8/site-packages/airflow/example_dags/example_branch_python_dop_operator_3.py
[2025-04-08T05:45:54.881+0000] {logging_mixin.py:188} INFO - [2025-04-08T05:45:54.881+0000] {dag.py:3036} INFO - Sync 1 DAGs
[2025-04-08T05:45:54.914+0000] {logging_mixin.py:188} INFO - [2025-04-08T05:45:54.914+0000] {dag.py:3823} INFO - Setting next_dagrun for example_branch_dop_operator_v3 to 2025-04-08 05:44:00+00:00, run_after=2025-04-08 05:45:00+00:00
[2025-04-08T05:45:54.988+0000] {processor.py:183} INFO - Processing /home/airflow/.local/lib/python3.8/site-packages/airflow/example_dags/example_branch_python_dop_operator_3.py took 0.144 seconds
[2025-04-08T05:46:25.135+0000] {processor.py:161} INFO - Started process (PID=235) to work on /home/airflow/.local/lib/python3.8/site-packages/airflow/example_dags/example_branch_python_dop_operator_3.py
[2025-04-08T05:46:25.136+0000] {processor.py:830} INFO - Processing file /home/airflow/.local/lib/python3.8/site-packages/airflow/example_dags/example_branch_python_dop_operator_3.py for tasks to queue
[2025-04-08T05:46:25.138+0000] {logging_mixin.py:188} INFO - [2025-04-08T05:46:25.138+0000] {dagbag.py:538} INFO - Filling up the DagBag from /home/airflow/.local/lib/python3.8/site-packages/airflow/example_dags/example_branch_python_dop_operator_3.py
[2025-04-08T05:46:25.148+0000] {processor.py:840} INFO - DAG(s) 'example_branch_dop_operator_v3' retrieved from /home/airflow/.local/lib/python3.8/site-packages/airflow/example_dags/example_branch_python_dop_operator_3.py
[2025-04-08T05:46:25.171+0000] {logging_mixin.py:188} INFO - [2025-04-08T05:46:25.171+0000] {dag.py:3036} INFO - Sync 1 DAGs
[2025-04-08T05:46:25.204+0000] {logging_mixin.py:188} INFO - [2025-04-08T05:46:25.203+0000] {dag.py:3823} INFO - Setting next_dagrun for example_branch_dop_operator_v3 to 2025-04-08 05:45:00+00:00, run_after=2025-04-08 05:46:00+00:00
[2025-04-08T05:46:25.257+0000] {processor.py:183} INFO - Processing /home/airflow/.local/lib/python3.8/site-packages/airflow/example_dags/example_branch_python_dop_operator_3.py took 0.126 seconds
[2025-04-08T05:46:55.670+0000] {processor.py:161} INFO - Started process (PID=290) to work on /home/airflow/.local/lib/python3.8/site-packages/airflow/example_dags/example_branch_python_dop_operator_3.py
[2025-04-08T05:46:55.671+0000] {processor.py:830} INFO - Processing file /home/airflow/.local/lib/python3.8/site-packages/airflow/example_dags/example_branch_python_dop_operator_3.py for tasks to queue
[2025-04-08T05:46:55.673+0000] {logging_mixin.py:188} INFO - [2025-04-08T05:46:55.673+0000] {dagbag.py:538} INFO - Filling up the DagBag from /home/airflow/.local/lib/python3.8/site-packages/airflow/example_dags/example_branch_python_dop_operator_3.py
[2025-04-08T05:46:55.683+0000] {processor.py:840} INFO - DAG(s) 'example_branch_dop_operator_v3' retrieved from /home/airflow/.local/lib/python3.8/site-packages/airflow/example_dags/example_branch_python_dop_operator_3.py
[2025-04-08T05:46:55.706+0000] {logging_mixin.py:188} INFO - [2025-04-08T05:46:55.705+0000] {dag.py:3036} INFO - Sync 1 DAGs
[2025-04-08T05:46:55.736+0000] {logging_mixin.py:188} INFO - [2025-04-08T05:46:55.735+0000] {dag.py:3823} INFO - Setting next_dagrun for example_branch_dop_operator_v3 to 2025-04-08 05:45:00+00:00, run_after=2025-04-08 05:46:00+00:00
[2025-04-08T05:46:55.793+0000] {processor.py:183} INFO - Processing /home/airflow/.local/lib/python3.8/site-packages/airflow/example_dags/example_branch_python_dop_operator_3.py took 0.125 seconds
[2025-04-08T05:47:25.872+0000] {processor.py:161} INFO - Started process (PID=345) to work on /home/airflow/.local/lib/python3.8/site-packages/airflow/example_dags/example_branch_python_dop_operator_3.py
[2025-04-08T05:47:25.873+0000] {processor.py:830} INFO - Processing file /home/airflow/.local/lib/python3.8/site-packages/airflow/example_dags/example_branch_python_dop_operator_3.py for tasks to queue
[2025-04-08T05:47:25.875+0000] {logging_mixin.py:188} INFO - [2025-04-08T05:47:25.875+0000] {dagbag.py:538} INFO - Filling up the DagBag from /home/airflow/.local/lib/python3.8/site-packages/airflow/example_dags/example_branch_python_dop_operator_3.py
[2025-04-08T05:47:25.884+0000] {processor.py:840} INFO - DAG(s) 'example_branch_dop_operator_v3' retrieved from /home/airflow/.local/lib/python3.8/site-packages/airflow/example_dags/example_branch_python_dop_operator_3.py
[2025-04-08T05:47:25.908+0000] {logging_mixin.py:188} INFO - [2025-04-08T05:47:25.907+0000] {dag.py:3036} INFO - Sync 1 DAGs
[2025-04-08T05:47:25.935+0000] {logging_mixin.py:188} INFO - [2025-04-08T05:47:25.935+0000] {dag.py:3823} INFO - Setting next_dagrun for example_branch_dop_operator_v3 to 2025-04-08 05:46:00+00:00, run_after=2025-04-08 05:47:00+00:00
[2025-04-08T05:47:25.988+0000] {processor.py:183} INFO - Processing /home/airflow/.local/lib/python3.8/site-packages/airflow/example_dags/example_branch_python_dop_operator_3.py took 0.118 seconds
[2025-04-08T05:47:56.374+0000] {processor.py:161} INFO - Started process (PID=400) to work on /home/airflow/.local/lib/python3.8/site-packages/airflow/example_dags/example_branch_python_dop_operator_3.py
[2025-04-08T05:47:56.375+0000] {processor.py:830} INFO - Processing file /home/airflow/.local/lib/python3.8/site-packages/airflow/example_dags/example_branch_python_dop_operator_3.py for tasks to queue
[2025-04-08T05:47:56.378+0000] {logging_mixin.py:188} INFO - [2025-04-08T05:47:56.377+0000] {dagbag.py:538} INFO - Filling up the DagBag from /home/airflow/.local/lib/python3.8/site-packages/airflow/example_dags/example_branch_python_dop_operator_3.py
[2025-04-08T05:47:56.390+0000] {processor.py:840} INFO - DAG(s) 'example_branch_dop_operator_v3' retrieved from /home/airflow/.local/lib/python3.8/site-packages/airflow/example_dags/example_branch_python_dop_operator_3.py
[2025-04-08T05:47:56.413+0000] {logging_mixin.py:188} INFO - [2025-04-08T05:47:56.413+0000] {dag.py:3036} INFO - Sync 1 DAGs
[2025-04-08T05:47:56.446+0000] {logging_mixin.py:188} INFO - [2025-04-08T05:47:56.446+0000] {dag.py:3823} INFO - Setting next_dagrun for example_branch_dop_operator_v3 to 2025-04-08 05:46:00+00:00, run_after=2025-04-08 05:47:00+00:00
[2025-04-08T05:47:56.513+0000] {processor.py:183} INFO - Processing /home/airflow/.local/lib/python3.8/site-packages/airflow/example_dags/example_branch_python_dop_operator_3.py took 0.142 seconds
[2025-04-08T05:48:26.577+0000] {processor.py:161} INFO - Started process (PID=455) to work on /home/airflow/.local/lib/python3.8/site-packages/airflow/example_dags/example_branch_python_dop_operator_3.py
[2025-04-08T05:48:26.578+0000] {processor.py:830} INFO - Processing file /home/airflow/.local/lib/python3.8/site-packages/airflow/example_dags/example_branch_python_dop_operator_3.py for tasks to queue
[2025-04-08T05:48:26.581+0000] {logging_mixin.py:188} INFO - [2025-04-08T05:48:26.580+0000] {dagbag.py:538} INFO - Filling up the DagBag from /home/airflow/.local/lib/python3.8/site-packages/airflow/example_dags/example_branch_python_dop_operator_3.py
[2025-04-08T05:48:26.590+0000] {processor.py:840} INFO - DAG(s) 'example_branch_dop_operator_v3' retrieved from /home/airflow/.local/lib/python3.8/site-packages/airflow/example_dags/example_branch_python_dop_operator_3.py
[2025-04-08T05:48:26.610+0000] {logging_mixin.py:188} INFO - [2025-04-08T05:48:26.610+0000] {dag.py:3036} INFO - Sync 1 DAGs
[2025-04-08T05:48:26.642+0000] {logging_mixin.py:188} INFO - [2025-04-08T05:48:26.641+0000] {dag.py:3823} INFO - Setting next_dagrun for example_branch_dop_operator_v3 to 2025-04-08 05:47:00+00:00, run_after=2025-04-08 05:48:00+00:00
[2025-04-08T05:48:26.692+0000] {processor.py:183} INFO - Processing /home/airflow/.local/lib/python3.8/site-packages/airflow/example_dags/example_branch_python_dop_operator_3.py took 0.117 seconds
[2025-04-08T05:48:56.972+0000] {processor.py:161} INFO - Started process (PID=510) to work on /home/airflow/.local/lib/python3.8/site-packages/airflow/example_dags/example_branch_python_dop_operator_3.py
[2025-04-08T05:48:56.973+0000] {processor.py:830} INFO - Processing file /home/airflow/.local/lib/python3.8/site-packages/airflow/example_dags/example_branch_python_dop_operator_3.py for tasks to queue
[2025-04-08T05:48:56.975+0000] {logging_mixin.py:188} INFO - [2025-04-08T05:48:56.975+0000] {dagbag.py:538} INFO - Filling up the DagBag from /home/airflow/.local/lib/python3.8/site-packages/airflow/example_dags/example_branch_python_dop_operator_3.py
[2025-04-08T05:48:56.986+0000] {processor.py:840} INFO - DAG(s) 'example_branch_dop_operator_v3' retrieved from /home/airflow/.local/lib/python3.8/site-packages/airflow/example_dags/example_branch_python_dop_operator_3.py
[2025-04-08T05:48:57.014+0000] {logging_mixin.py:188} INFO - [2025-04-08T05:48:57.013+0000] {dag.py:3036} INFO - Sync 1 DAGs
[2025-04-08T05:48:57.049+0000] {logging_mixin.py:188} INFO - [2025-04-08T05:48:57.049+0000] {dag.py:3823} INFO - Setting next_dagrun for example_branch_dop_operator_v3 to 2025-04-08 05:47:00+00:00, run_after=2025-04-08 05:48:00+00:00
[2025-04-08T05:48:57.119+0000] {processor.py:183} INFO - Processing /home/airflow/.local/lib/python3.8/site-packages/airflow/example_dags/example_branch_python_dop_operator_3.py took 0.150 seconds
[2025-04-08T05:49:30.790+0000] {processor.py:161} INFO - Started process (PID=565) to work on /home/airflow/.local/lib/python3.8/site-packages/airflow/example_dags/example_branch_python_dop_operator_3.py
[2025-04-08T05:49:30.791+0000] {processor.py:830} INFO - Processing file /home/airflow/.local/lib/python3.8/site-packages/airflow/example_dags/example_branch_python_dop_operator_3.py for tasks to queue
[2025-04-08T05:49:30.793+0000] {logging_mixin.py:188} INFO - [2025-04-08T05:49:30.793+0000] {dagbag.py:538} INFO - Filling up the DagBag from /home/airflow/.local/lib/python3.8/site-packages/airflow/example_dags/example_branch_python_dop_operator_3.py
[2025-04-08T05:49:30.802+0000] {processor.py:840} INFO - DAG(s) 'example_branch_dop_operator_v3' retrieved from /home/airflow/.local/lib/python3.8/site-packages/airflow/example_dags/example_branch_python_dop_operator_3.py
[2025-04-08T05:49:30.824+0000] {logging_mixin.py:188} INFO - [2025-04-08T05:49:30.824+0000] {dag.py:3036} INFO - Sync 1 DAGs
[2025-04-08T05:49:30.854+0000] {logging_mixin.py:188} INFO - [2025-04-08T05:49:30.853+0000] {dag.py:3823} INFO - Setting next_dagrun for example_branch_dop_operator_v3 to 2025-04-08 05:48:00+00:00, run_after=2025-04-08 05:49:00+00:00
[2025-04-08T05:49:30.913+0000] {processor.py:183} INFO - Processing /home/airflow/.local/lib/python3.8/site-packages/airflow/example_dags/example_branch_python_dop_operator_3.py took 0.126 seconds
[2025-04-08T05:50:01.394+0000] {processor.py:161} INFO - Started process (PID=620) to work on /home/airflow/.local/lib/python3.8/site-packages/airflow/example_dags/example_branch_python_dop_operator_3.py
[2025-04-08T05:50:01.395+0000] {processor.py:830} INFO - Processing file /home/airflow/.local/lib/python3.8/site-packages/airflow/example_dags/example_branch_python_dop_operator_3.py for tasks to queue
[2025-04-08T05:50:01.398+0000] {logging_mixin.py:188} INFO - [2025-04-08T05:50:01.398+0000] {dagbag.py:538} INFO - Filling up the DagBag from /home/airflow/.local/lib/python3.8/site-packages/airflow/example_dags/example_branch_python_dop_operator_3.py
[2025-04-08T05:50:01.408+0000] {processor.py:840} INFO - DAG(s) 'example_branch_dop_operator_v3' retrieved from /home/airflow/.local/lib/python3.8/site-packages/airflow/example_dags/example_branch_python_dop_operator_3.py
[2025-04-08T05:50:01.432+0000] {logging_mixin.py:188} INFO - [2025-04-08T05:50:01.432+0000] {dag.py:3036} INFO - Sync 1 DAGs
[2025-04-08T05:50:01.464+0000] {logging_mixin.py:188} INFO - [2025-04-08T05:50:01.464+0000] {dag.py:3823} INFO - Setting next_dagrun for example_branch_dop_operator_v3 to 2025-04-08 05:49:00+00:00, run_after=2025-04-08 05:50:00+00:00
[2025-04-08T05:50:01.512+0000] {processor.py:183} INFO - Processing /home/airflow/.local/lib/python3.8/site-packages/airflow/example_dags/example_branch_python_dop_operator_3.py took 0.121 seconds
[2025-04-08T05:50:31.896+0000] {processor.py:161} INFO - Started process (PID=675) to work on /home/airflow/.local/lib/python3.8/site-packages/airflow/example_dags/example_branch_python_dop_operator_3.py
[2025-04-08T05:50:31.897+0000] {processor.py:830} INFO - Processing file /home/airflow/.local/lib/python3.8/site-packages/airflow/example_dags/example_branch_python_dop_operator_3.py for tasks to queue
[2025-04-08T05:50:31.899+0000] {logging_mixin.py:188} INFO - [2025-04-08T05:50:31.898+0000] {dagbag.py:538} INFO - Filling up the DagBag from /home/airflow/.local/lib/python3.8/site-packages/airflow/example_dags/example_branch_python_dop_operator_3.py
[2025-04-08T05:50:31.908+0000] {processor.py:840} INFO - DAG(s) 'example_branch_dop_operator_v3' retrieved from /home/airflow/.local/lib/python3.8/site-packages/airflow/example_dags/example_branch_python_dop_operator_3.py
[2025-04-08T05:50:31.930+0000] {logging_mixin.py:188} INFO - [2025-04-08T05:50:31.929+0000] {dag.py:3036} INFO - Sync 1 DAGs
[2025-04-08T05:50:31.956+0000] {logging_mixin.py:188} INFO - [2025-04-08T05:50:31.956+0000] {dag.py:3823} INFO - Setting next_dagrun for example_branch_dop_operator_v3 to 2025-04-08 05:49:00+00:00, run_after=2025-04-08 05:50:00+00:00
[2025-04-08T05:50:32.004+0000] {processor.py:183} INFO - Processing /home/airflow/.local/lib/python3.8/site-packages/airflow/example_dags/example_branch_python_dop_operator_3.py took 0.111 seconds
[2025-04-08T05:54:02.999+0000] {processor.py:161} INFO - Started process (PID=65) to work on /home/airflow/.local/lib/python3.8/site-packages/airflow/example_dags/example_branch_python_dop_operator_3.py
[2025-04-08T05:54:03.007+0000] {processor.py:830} INFO - Processing file /home/airflow/.local/lib/python3.8/site-packages/airflow/example_dags/example_branch_python_dop_operator_3.py for tasks to queue
[2025-04-08T05:54:03.009+0000] {logging_mixin.py:188} INFO - [2025-04-08T05:54:03.009+0000] {dagbag.py:538} INFO - Filling up the DagBag from /home/airflow/.local/lib/python3.8/site-packages/airflow/example_dags/example_branch_python_dop_operator_3.py
[2025-04-08T05:54:03.022+0000] {processor.py:840} INFO - DAG(s) 'example_branch_dop_operator_v3' retrieved from /home/airflow/.local/lib/python3.8/site-packages/airflow/example_dags/example_branch_python_dop_operator_3.py
[2025-04-08T05:54:03.138+0000] {logging_mixin.py:188} INFO - [2025-04-08T05:54:03.138+0000] {dag.py:3036} INFO - Sync 1 DAGs
[2025-04-08T05:54:03.166+0000] {logging_mixin.py:188} INFO - [2025-04-08T05:54:03.166+0000] {dag.py:3823} INFO - Setting next_dagrun for example_branch_dop_operator_v3 to 2025-04-08 05:53:00+00:00, run_after=2025-04-08 05:54:00+00:00
[2025-04-08T05:54:03.268+0000] {processor.py:183} INFO - Processing /home/airflow/.local/lib/python3.8/site-packages/airflow/example_dags/example_branch_python_dop_operator_3.py took 0.272 seconds
[2025-04-08T05:54:33.410+0000] {processor.py:161} INFO - Started process (PID=114) to work on /home/airflow/.local/lib/python3.8/site-packages/airflow/example_dags/example_branch_python_dop_operator_3.py
[2025-04-08T05:54:33.412+0000] {processor.py:830} INFO - Processing file /home/airflow/.local/lib/python3.8/site-packages/airflow/example_dags/example_branch_python_dop_operator_3.py for tasks to queue
[2025-04-08T05:54:33.413+0000] {logging_mixin.py:188} INFO - [2025-04-08T05:54:33.413+0000] {dagbag.py:538} INFO - Filling up the DagBag from /home/airflow/.local/lib/python3.8/site-packages/airflow/example_dags/example_branch_python_dop_operator_3.py
[2025-04-08T05:54:33.422+0000] {processor.py:840} INFO - DAG(s) 'example_branch_dop_operator_v3' retrieved from /home/airflow/.local/lib/python3.8/site-packages/airflow/example_dags/example_branch_python_dop_operator_3.py
[2025-04-08T05:54:33.441+0000] {logging_mixin.py:188} INFO - [2025-04-08T05:54:33.441+0000] {dag.py:3036} INFO - Sync 1 DAGs
[2025-04-08T05:54:33.467+0000] {logging_mixin.py:188} INFO - [2025-04-08T05:54:33.467+0000] {dag.py:3823} INFO - Setting next_dagrun for example_branch_dop_operator_v3 to 2025-04-08 05:53:00+00:00, run_after=2025-04-08 05:54:00+00:00
[2025-04-08T05:54:33.553+0000] {processor.py:183} INFO - Processing /home/airflow/.local/lib/python3.8/site-packages/airflow/example_dags/example_branch_python_dop_operator_3.py took 0.145 seconds
[2025-04-08T05:55:03.938+0000] {processor.py:161} INFO - Started process (PID=170) to work on /home/airflow/.local/lib/python3.8/site-packages/airflow/example_dags/example_branch_python_dop_operator_3.py
[2025-04-08T05:55:03.939+0000] {processor.py:830} INFO - Processing file /home/airflow/.local/lib/python3.8/site-packages/airflow/example_dags/example_branch_python_dop_operator_3.py for tasks to queue
[2025-04-08T05:55:03.940+0000] {logging_mixin.py:188} INFO - [2025-04-08T05:55:03.940+0000] {dagbag.py:538} INFO - Filling up the DagBag from /home/airflow/.local/lib/python3.8/site-packages/airflow/example_dags/example_branch_python_dop_operator_3.py
[2025-04-08T05:55:03.949+0000] {processor.py:840} INFO - DAG(s) 'example_branch_dop_operator_v3' retrieved from /home/airflow/.local/lib/python3.8/site-packages/airflow/example_dags/example_branch_python_dop_operator_3.py
[2025-04-08T05:55:03.973+0000] {logging_mixin.py:188} INFO - [2025-04-08T05:55:03.972+0000] {dag.py:3036} INFO - Sync 1 DAGs
[2025-04-08T05:55:04.001+0000] {logging_mixin.py:188} INFO - [2025-04-08T05:55:04.001+0000] {dag.py:3823} INFO - Setting next_dagrun for example_branch_dop_operator_v3 to 2025-04-08 05:54:00+00:00, run_after=2025-04-08 05:55:00+00:00
[2025-04-08T05:55:04.052+0000] {processor.py:183} INFO - Processing /home/airflow/.local/lib/python3.8/site-packages/airflow/example_dags/example_branch_python_dop_operator_3.py took 0.117 seconds
[2025-04-08T05:55:34.367+0000] {processor.py:161} INFO - Started process (PID=225) to work on /home/airflow/.local/lib/python3.8/site-packages/airflow/example_dags/example_branch_python_dop_operator_3.py
[2025-04-08T05:55:34.369+0000] {processor.py:830} INFO - Processing file /home/airflow/.local/lib/python3.8/site-packages/airflow/example_dags/example_branch_python_dop_operator_3.py for tasks to queue
[2025-04-08T05:55:34.371+0000] {logging_mixin.py:188} INFO - [2025-04-08T05:55:34.371+0000] {dagbag.py:538} INFO - Filling up the DagBag from /home/airflow/.local/lib/python3.8/site-packages/airflow/example_dags/example_branch_python_dop_operator_3.py
[2025-04-08T05:55:34.379+0000] {processor.py:840} INFO - DAG(s) 'example_branch_dop_operator_v3' retrieved from /home/airflow/.local/lib/python3.8/site-packages/airflow/example_dags/example_branch_python_dop_operator_3.py
[2025-04-08T05:55:34.400+0000] {logging_mixin.py:188} INFO - [2025-04-08T05:55:34.399+0000] {dag.py:3036} INFO - Sync 1 DAGs
[2025-04-08T05:55:34.426+0000] {logging_mixin.py:188} INFO - [2025-04-08T05:55:34.425+0000] {dag.py:3823} INFO - Setting next_dagrun for example_branch_dop_operator_v3 to 2025-04-08 05:54:00+00:00, run_after=2025-04-08 05:55:00+00:00
[2025-04-08T05:55:34.478+0000] {processor.py:183} INFO - Processing /home/airflow/.local/lib/python3.8/site-packages/airflow/example_dags/example_branch_python_dop_operator_3.py took 0.113 seconds
[2025-04-08T05:56:05.932+0000] {processor.py:161} INFO - Started process (PID=280) to work on /home/airflow/.local/lib/python3.8/site-packages/airflow/example_dags/example_branch_python_dop_operator_3.py
[2025-04-08T05:56:05.933+0000] {processor.py:830} INFO - Processing file /home/airflow/.local/lib/python3.8/site-packages/airflow/example_dags/example_branch_python_dop_operator_3.py for tasks to queue
[2025-04-08T05:56:05.934+0000] {logging_mixin.py:188} INFO - [2025-04-08T05:56:05.934+0000] {dagbag.py:538} INFO - Filling up the DagBag from /home/airflow/.local/lib/python3.8/site-packages/airflow/example_dags/example_branch_python_dop_operator_3.py
[2025-04-08T05:56:05.943+0000] {processor.py:840} INFO - DAG(s) 'example_branch_dop_operator_v3' retrieved from /home/airflow/.local/lib/python3.8/site-packages/airflow/example_dags/example_branch_python_dop_operator_3.py
[2025-04-08T05:56:05.962+0000] {logging_mixin.py:188} INFO - [2025-04-08T05:56:05.962+0000] {dag.py:3036} INFO - Sync 1 DAGs
[2025-04-08T05:56:05.988+0000] {logging_mixin.py:188} INFO - [2025-04-08T05:56:05.988+0000] {dag.py:3823} INFO - Setting next_dagrun for example_branch_dop_operator_v3 to 2025-04-08 05:55:00+00:00, run_after=2025-04-08 05:56:00+00:00
[2025-04-08T05:56:06.056+0000] {processor.py:183} INFO - Processing /home/airflow/.local/lib/python3.8/site-packages/airflow/example_dags/example_branch_python_dop_operator_3.py took 0.127 seconds
[2025-04-08T05:56:36.520+0000] {processor.py:161} INFO - Started process (PID=335) to work on /home/airflow/.local/lib/python3.8/site-packages/airflow/example_dags/example_branch_python_dop_operator_3.py
[2025-04-08T05:56:36.521+0000] {processor.py:830} INFO - Processing file /home/airflow/.local/lib/python3.8/site-packages/airflow/example_dags/example_branch_python_dop_operator_3.py for tasks to queue
[2025-04-08T05:56:36.523+0000] {logging_mixin.py:188} INFO - [2025-04-08T05:56:36.523+0000] {dagbag.py:538} INFO - Filling up the DagBag from /home/airflow/.local/lib/python3.8/site-packages/airflow/example_dags/example_branch_python_dop_operator_3.py
[2025-04-08T05:56:36.531+0000] {processor.py:840} INFO - DAG(s) 'example_branch_dop_operator_v3' retrieved from /home/airflow/.local/lib/python3.8/site-packages/airflow/example_dags/example_branch_python_dop_operator_3.py
[2025-04-08T05:56:36.555+0000] {logging_mixin.py:188} INFO - [2025-04-08T05:56:36.555+0000] {dag.py:3036} INFO - Sync 1 DAGs
[2025-04-08T05:56:36.588+0000] {logging_mixin.py:188} INFO - [2025-04-08T05:56:36.588+0000] {dag.py:3823} INFO - Setting next_dagrun for example_branch_dop_operator_v3 to 2025-04-08 05:55:00+00:00, run_after=2025-04-08 05:56:00+00:00
[2025-04-08T05:56:36.646+0000] {processor.py:183} INFO - Processing /home/airflow/.local/lib/python3.8/site-packages/airflow/example_dags/example_branch_python_dop_operator_3.py took 0.131 seconds
[2025-04-08T05:57:06.690+0000] {processor.py:161} INFO - Started process (PID=390) to work on /home/airflow/.local/lib/python3.8/site-packages/airflow/example_dags/example_branch_python_dop_operator_3.py
[2025-04-08T05:57:06.691+0000] {processor.py:830} INFO - Processing file /home/airflow/.local/lib/python3.8/site-packages/airflow/example_dags/example_branch_python_dop_operator_3.py for tasks to queue
[2025-04-08T05:57:06.693+0000] {logging_mixin.py:188} INFO - [2025-04-08T05:57:06.693+0000] {dagbag.py:538} INFO - Filling up the DagBag from /home/airflow/.local/lib/python3.8/site-packages/airflow/example_dags/example_branch_python_dop_operator_3.py
[2025-04-08T05:57:06.702+0000] {processor.py:840} INFO - DAG(s) 'example_branch_dop_operator_v3' retrieved from /home/airflow/.local/lib/python3.8/site-packages/airflow/example_dags/example_branch_python_dop_operator_3.py
[2025-04-08T05:57:06.721+0000] {logging_mixin.py:188} INFO - [2025-04-08T05:57:06.721+0000] {dag.py:3036} INFO - Sync 1 DAGs
[2025-04-08T05:57:06.752+0000] {logging_mixin.py:188} INFO - [2025-04-08T05:57:06.752+0000] {dag.py:3823} INFO - Setting next_dagrun for example_branch_dop_operator_v3 to 2025-04-08 05:56:00+00:00, run_after=2025-04-08 05:57:00+00:00
[2025-04-08T05:57:06.839+0000] {processor.py:183} INFO - Processing /home/airflow/.local/lib/python3.8/site-packages/airflow/example_dags/example_branch_python_dop_operator_3.py took 0.152 seconds
[2025-04-08T05:57:37.072+0000] {processor.py:161} INFO - Started process (PID=445) to work on /home/airflow/.local/lib/python3.8/site-packages/airflow/example_dags/example_branch_python_dop_operator_3.py
[2025-04-08T05:57:37.073+0000] {processor.py:830} INFO - Processing file /home/airflow/.local/lib/python3.8/site-packages/airflow/example_dags/example_branch_python_dop_operator_3.py for tasks to queue
[2025-04-08T05:57:37.075+0000] {logging_mixin.py:188} INFO - [2025-04-08T05:57:37.075+0000] {dagbag.py:538} INFO - Filling up the DagBag from /home/airflow/.local/lib/python3.8/site-packages/airflow/example_dags/example_branch_python_dop_operator_3.py
[2025-04-08T05:57:37.083+0000] {processor.py:840} INFO - DAG(s) 'example_branch_dop_operator_v3' retrieved from /home/airflow/.local/lib/python3.8/site-packages/airflow/example_dags/example_branch_python_dop_operator_3.py
[2025-04-08T05:57:37.103+0000] {logging_mixin.py:188} INFO - [2025-04-08T05:57:37.102+0000] {dag.py:3036} INFO - Sync 1 DAGs
[2025-04-08T05:57:37.129+0000] {logging_mixin.py:188} INFO - [2025-04-08T05:57:37.129+0000] {dag.py:3823} INFO - Setting next_dagrun for example_branch_dop_operator_v3 to 2025-04-08 05:56:00+00:00, run_after=2025-04-08 05:57:00+00:00
[2025-04-08T05:57:37.250+0000] {processor.py:183} INFO - Processing /home/airflow/.local/lib/python3.8/site-packages/airflow/example_dags/example_branch_python_dop_operator_3.py took 0.180 seconds
[2025-04-08T05:58:07.896+0000] {processor.py:161} INFO - Started process (PID=500) to work on /home/airflow/.local/lib/python3.8/site-packages/airflow/example_dags/example_branch_python_dop_operator_3.py
[2025-04-08T05:58:07.897+0000] {processor.py:830} INFO - Processing file /home/airflow/.local/lib/python3.8/site-packages/airflow/example_dags/example_branch_python_dop_operator_3.py for tasks to queue
[2025-04-08T05:58:07.899+0000] {logging_mixin.py:188} INFO - [2025-04-08T05:58:07.899+0000] {dagbag.py:538} INFO - Filling up the DagBag from /home/airflow/.local/lib/python3.8/site-packages/airflow/example_dags/example_branch_python_dop_operator_3.py
[2025-04-08T05:58:07.908+0000] {processor.py:840} INFO - DAG(s) 'example_branch_dop_operator_v3' retrieved from /home/airflow/.local/lib/python3.8/site-packages/airflow/example_dags/example_branch_python_dop_operator_3.py
[2025-04-08T05:58:07.931+0000] {logging_mixin.py:188} INFO - [2025-04-08T05:58:07.930+0000] {dag.py:3036} INFO - Sync 1 DAGs
[2025-04-08T05:58:07.957+0000] {logging_mixin.py:188} INFO - [2025-04-08T05:58:07.957+0000] {dag.py:3823} INFO - Setting next_dagrun for example_branch_dop_operator_v3 to 2025-04-08 05:57:00+00:00, run_after=2025-04-08 05:58:00+00:00
[2025-04-08T05:58:08.009+0000] {processor.py:183} INFO - Processing /home/airflow/.local/lib/python3.8/site-packages/airflow/example_dags/example_branch_python_dop_operator_3.py took 0.115 seconds
[2025-04-08T05:58:38.820+0000] {processor.py:161} INFO - Started process (PID=555) to work on /home/airflow/.local/lib/python3.8/site-packages/airflow/example_dags/example_branch_python_dop_operator_3.py
[2025-04-08T05:58:38.824+0000] {processor.py:830} INFO - Processing file /home/airflow/.local/lib/python3.8/site-packages/airflow/example_dags/example_branch_python_dop_operator_3.py for tasks to queue
[2025-04-08T05:58:38.827+0000] {logging_mixin.py:188} INFO - [2025-04-08T05:58:38.827+0000] {dagbag.py:538} INFO - Filling up the DagBag from /home/airflow/.local/lib/python3.8/site-packages/airflow/example_dags/example_branch_python_dop_operator_3.py
[2025-04-08T05:58:38.842+0000] {processor.py:840} INFO - DAG(s) 'example_branch_dop_operator_v3' retrieved from /home/airflow/.local/lib/python3.8/site-packages/airflow/example_dags/example_branch_python_dop_operator_3.py
[2025-04-08T05:58:38.906+0000] {logging_mixin.py:188} INFO - [2025-04-08T05:58:38.906+0000] {dag.py:3036} INFO - Sync 1 DAGs
[2025-04-08T05:58:38.968+0000] {logging_mixin.py:188} INFO - [2025-04-08T05:58:38.967+0000] {dag.py:3823} INFO - Setting next_dagrun for example_branch_dop_operator_v3 to 2025-04-08 05:57:00+00:00, run_after=2025-04-08 05:58:00+00:00
[2025-04-08T05:58:39.062+0000] {processor.py:183} INFO - Processing /home/airflow/.local/lib/python3.8/site-packages/airflow/example_dags/example_branch_python_dop_operator_3.py took 0.251 seconds
