[2025-04-08T05:44:52.711+0000] {processor.py:161} INFO - Started process (PID=75) to work on /home/airflow/.local/lib/python3.8/site-packages/airflow/example_dags/example_task_group_decorator.py
[2025-04-08T05:44:52.713+0000] {processor.py:830} INFO - Processing file /home/airflow/.local/lib/python3.8/site-packages/airflow/example_dags/example_task_group_decorator.py for tasks to queue
[2025-04-08T05:44:52.715+0000] {logging_mixin.py:188} INFO - [2025-04-08T05:44:52.715+0000] {dagbag.py:538} INFO - Filling up the DagBag from /home/airflow/.local/lib/python3.8/site-packages/airflow/example_dags/example_task_group_decorator.py
[2025-04-08T05:44:52.736+0000] {processor.py:840} INFO - DAG(s) 'example_task_group_decorator' retrieved from /home/airflow/.local/lib/python3.8/site-packages/airflow/example_dags/example_task_group_decorator.py
[2025-04-08T05:44:52.875+0000] {logging_mixin.py:188} INFO - [2025-04-08T05:44:52.875+0000] {dag.py:3036} INFO - Sync 1 DAGs
[2025-04-08T05:44:52.901+0000] {logging_mixin.py:188} INFO - [2025-04-08T05:44:52.901+0000] {dag.py:3823} INFO - Setting next_dagrun for example_task_group_decorator to 2025-04-07 00:00:00+00:00, run_after=2025-04-08 00:00:00+00:00
[2025-04-08T05:44:52.968+0000] {processor.py:183} INFO - Processing /home/airflow/.local/lib/python3.8/site-packages/airflow/example_dags/example_task_group_decorator.py took 0.260 seconds
[2025-04-08T05:45:25.053+0000] {processor.py:161} INFO - Started process (PID=130) to work on /home/airflow/.local/lib/python3.8/site-packages/airflow/example_dags/example_task_group_decorator.py
[2025-04-08T05:45:25.054+0000] {processor.py:830} INFO - Processing file /home/airflow/.local/lib/python3.8/site-packages/airflow/example_dags/example_task_group_decorator.py for tasks to queue
[2025-04-08T05:45:25.056+0000] {logging_mixin.py:188} INFO - [2025-04-08T05:45:25.056+0000] {dagbag.py:538} INFO - Filling up the DagBag from /home/airflow/.local/lib/python3.8/site-packages/airflow/example_dags/example_task_group_decorator.py
[2025-04-08T05:45:25.073+0000] {processor.py:840} INFO - DAG(s) 'example_task_group_decorator' retrieved from /home/airflow/.local/lib/python3.8/site-packages/airflow/example_dags/example_task_group_decorator.py
[2025-04-08T05:45:25.099+0000] {logging_mixin.py:188} INFO - [2025-04-08T05:45:25.099+0000] {dag.py:3036} INFO - Sync 1 DAGs
[2025-04-08T05:45:25.123+0000] {logging_mixin.py:188} INFO - [2025-04-08T05:45:25.123+0000] {dag.py:3823} INFO - Setting next_dagrun for example_task_group_decorator to 2025-04-07 00:00:00+00:00, run_after=2025-04-08 00:00:00+00:00
[2025-04-08T05:45:25.216+0000] {processor.py:183} INFO - Processing /home/airflow/.local/lib/python3.8/site-packages/airflow/example_dags/example_task_group_decorator.py took 0.165 seconds
[2025-04-08T05:45:55.377+0000] {processor.py:161} INFO - Started process (PID=185) to work on /home/airflow/.local/lib/python3.8/site-packages/airflow/example_dags/example_task_group_decorator.py
[2025-04-08T05:45:55.379+0000] {processor.py:830} INFO - Processing file /home/airflow/.local/lib/python3.8/site-packages/airflow/example_dags/example_task_group_decorator.py for tasks to queue
[2025-04-08T05:45:55.382+0000] {logging_mixin.py:188} INFO - [2025-04-08T05:45:55.381+0000] {dagbag.py:538} INFO - Filling up the DagBag from /home/airflow/.local/lib/python3.8/site-packages/airflow/example_dags/example_task_group_decorator.py
[2025-04-08T05:45:55.403+0000] {processor.py:840} INFO - DAG(s) 'example_task_group_decorator' retrieved from /home/airflow/.local/lib/python3.8/site-packages/airflow/example_dags/example_task_group_decorator.py
[2025-04-08T05:45:55.431+0000] {logging_mixin.py:188} INFO - [2025-04-08T05:45:55.431+0000] {dag.py:3036} INFO - Sync 1 DAGs
[2025-04-08T05:45:55.454+0000] {logging_mixin.py:188} INFO - [2025-04-08T05:45:55.454+0000] {dag.py:3823} INFO - Setting next_dagrun for example_task_group_decorator to 2025-04-07 00:00:00+00:00, run_after=2025-04-08 00:00:00+00:00
[2025-04-08T05:45:55.669+0000] {processor.py:183} INFO - Processing /home/airflow/.local/lib/python3.8/site-packages/airflow/example_dags/example_task_group_decorator.py took 0.295 seconds
[2025-04-08T05:46:25.714+0000] {processor.py:161} INFO - Started process (PID=240) to work on /home/airflow/.local/lib/python3.8/site-packages/airflow/example_dags/example_task_group_decorator.py
[2025-04-08T05:46:25.716+0000] {processor.py:830} INFO - Processing file /home/airflow/.local/lib/python3.8/site-packages/airflow/example_dags/example_task_group_decorator.py for tasks to queue
[2025-04-08T05:46:25.718+0000] {logging_mixin.py:188} INFO - [2025-04-08T05:46:25.717+0000] {dagbag.py:538} INFO - Filling up the DagBag from /home/airflow/.local/lib/python3.8/site-packages/airflow/example_dags/example_task_group_decorator.py
[2025-04-08T05:46:25.732+0000] {processor.py:840} INFO - DAG(s) 'example_task_group_decorator' retrieved from /home/airflow/.local/lib/python3.8/site-packages/airflow/example_dags/example_task_group_decorator.py
[2025-04-08T05:46:25.757+0000] {logging_mixin.py:188} INFO - [2025-04-08T05:46:25.756+0000] {dag.py:3036} INFO - Sync 1 DAGs
[2025-04-08T05:46:25.780+0000] {logging_mixin.py:188} INFO - [2025-04-08T05:46:25.779+0000] {dag.py:3823} INFO - Setting next_dagrun for example_task_group_decorator to 2025-04-07 00:00:00+00:00, run_after=2025-04-08 00:00:00+00:00
[2025-04-08T05:46:25.991+0000] {processor.py:183} INFO - Processing /home/airflow/.local/lib/python3.8/site-packages/airflow/example_dags/example_task_group_decorator.py took 0.279 seconds
[2025-04-08T05:46:56.148+0000] {processor.py:161} INFO - Started process (PID=295) to work on /home/airflow/.local/lib/python3.8/site-packages/airflow/example_dags/example_task_group_decorator.py
[2025-04-08T05:46:56.149+0000] {processor.py:830} INFO - Processing file /home/airflow/.local/lib/python3.8/site-packages/airflow/example_dags/example_task_group_decorator.py for tasks to queue
[2025-04-08T05:46:56.151+0000] {logging_mixin.py:188} INFO - [2025-04-08T05:46:56.151+0000] {dagbag.py:538} INFO - Filling up the DagBag from /home/airflow/.local/lib/python3.8/site-packages/airflow/example_dags/example_task_group_decorator.py
[2025-04-08T05:46:56.166+0000] {processor.py:840} INFO - DAG(s) 'example_task_group_decorator' retrieved from /home/airflow/.local/lib/python3.8/site-packages/airflow/example_dags/example_task_group_decorator.py
[2025-04-08T05:46:56.192+0000] {logging_mixin.py:188} INFO - [2025-04-08T05:46:56.192+0000] {dag.py:3036} INFO - Sync 1 DAGs
[2025-04-08T05:46:56.214+0000] {logging_mixin.py:188} INFO - [2025-04-08T05:46:56.214+0000] {dag.py:3823} INFO - Setting next_dagrun for example_task_group_decorator to 2025-04-07 00:00:00+00:00, run_after=2025-04-08 00:00:00+00:00
[2025-04-08T05:46:56.372+0000] {processor.py:183} INFO - Processing /home/airflow/.local/lib/python3.8/site-packages/airflow/example_dags/example_task_group_decorator.py took 0.227 seconds
[2025-04-08T05:47:26.470+0000] {processor.py:161} INFO - Started process (PID=350) to work on /home/airflow/.local/lib/python3.8/site-packages/airflow/example_dags/example_task_group_decorator.py
[2025-04-08T05:47:26.471+0000] {processor.py:830} INFO - Processing file /home/airflow/.local/lib/python3.8/site-packages/airflow/example_dags/example_task_group_decorator.py for tasks to queue
[2025-04-08T05:47:26.473+0000] {logging_mixin.py:188} INFO - [2025-04-08T05:47:26.473+0000] {dagbag.py:538} INFO - Filling up the DagBag from /home/airflow/.local/lib/python3.8/site-packages/airflow/example_dags/example_task_group_decorator.py
[2025-04-08T05:47:26.486+0000] {processor.py:840} INFO - DAG(s) 'example_task_group_decorator' retrieved from /home/airflow/.local/lib/python3.8/site-packages/airflow/example_dags/example_task_group_decorator.py
[2025-04-08T05:47:26.514+0000] {logging_mixin.py:188} INFO - [2025-04-08T05:47:26.514+0000] {dag.py:3036} INFO - Sync 1 DAGs
[2025-04-08T05:47:26.536+0000] {logging_mixin.py:188} INFO - [2025-04-08T05:47:26.536+0000] {dag.py:3823} INFO - Setting next_dagrun for example_task_group_decorator to 2025-04-07 00:00:00+00:00, run_after=2025-04-08 00:00:00+00:00
[2025-04-08T05:47:26.588+0000] {processor.py:183} INFO - Processing /home/airflow/.local/lib/python3.8/site-packages/airflow/example_dags/example_task_group_decorator.py took 0.121 seconds
[2025-04-08T05:47:56.996+0000] {processor.py:161} INFO - Started process (PID=405) to work on /home/airflow/.local/lib/python3.8/site-packages/airflow/example_dags/example_task_group_decorator.py
[2025-04-08T05:47:56.998+0000] {processor.py:830} INFO - Processing file /home/airflow/.local/lib/python3.8/site-packages/airflow/example_dags/example_task_group_decorator.py for tasks to queue
[2025-04-08T05:47:57.000+0000] {logging_mixin.py:188} INFO - [2025-04-08T05:47:57.000+0000] {dagbag.py:538} INFO - Filling up the DagBag from /home/airflow/.local/lib/python3.8/site-packages/airflow/example_dags/example_task_group_decorator.py
[2025-04-08T05:47:57.027+0000] {processor.py:840} INFO - DAG(s) 'example_task_group_decorator' retrieved from /home/airflow/.local/lib/python3.8/site-packages/airflow/example_dags/example_task_group_decorator.py
[2025-04-08T05:47:57.088+0000] {logging_mixin.py:188} INFO - [2025-04-08T05:47:57.088+0000] {dag.py:3036} INFO - Sync 1 DAGs
[2025-04-08T05:47:57.114+0000] {logging_mixin.py:188} INFO - [2025-04-08T05:47:57.114+0000] {dag.py:3823} INFO - Setting next_dagrun for example_task_group_decorator to 2025-04-07 00:00:00+00:00, run_after=2025-04-08 00:00:00+00:00
[2025-04-08T05:47:57.250+0000] {processor.py:183} INFO - Processing /home/airflow/.local/lib/python3.8/site-packages/airflow/example_dags/example_task_group_decorator.py took 0.257 seconds
[2025-04-08T05:48:27.674+0000] {processor.py:161} INFO - Started process (PID=460) to work on /home/airflow/.local/lib/python3.8/site-packages/airflow/example_dags/example_task_group_decorator.py
[2025-04-08T05:48:27.675+0000] {processor.py:830} INFO - Processing file /home/airflow/.local/lib/python3.8/site-packages/airflow/example_dags/example_task_group_decorator.py for tasks to queue
[2025-04-08T05:48:27.678+0000] {logging_mixin.py:188} INFO - [2025-04-08T05:48:27.677+0000] {dagbag.py:538} INFO - Filling up the DagBag from /home/airflow/.local/lib/python3.8/site-packages/airflow/example_dags/example_task_group_decorator.py
[2025-04-08T05:48:27.695+0000] {processor.py:840} INFO - DAG(s) 'example_task_group_decorator' retrieved from /home/airflow/.local/lib/python3.8/site-packages/airflow/example_dags/example_task_group_decorator.py
[2025-04-08T05:48:27.730+0000] {logging_mixin.py:188} INFO - [2025-04-08T05:48:27.730+0000] {dag.py:3036} INFO - Sync 1 DAGs
[2025-04-08T05:48:27.754+0000] {logging_mixin.py:188} INFO - [2025-04-08T05:48:27.754+0000] {dag.py:3823} INFO - Setting next_dagrun for example_task_group_decorator to 2025-04-07 00:00:00+00:00, run_after=2025-04-08 00:00:00+00:00
[2025-04-08T05:48:27.830+0000] {processor.py:183} INFO - Processing /home/airflow/.local/lib/python3.8/site-packages/airflow/example_dags/example_task_group_decorator.py took 0.159 seconds
[2025-04-08T05:48:58.313+0000] {processor.py:161} INFO - Started process (PID=515) to work on /home/airflow/.local/lib/python3.8/site-packages/airflow/example_dags/example_task_group_decorator.py
[2025-04-08T05:48:58.314+0000] {processor.py:830} INFO - Processing file /home/airflow/.local/lib/python3.8/site-packages/airflow/example_dags/example_task_group_decorator.py for tasks to queue
[2025-04-08T05:48:58.316+0000] {logging_mixin.py:188} INFO - [2025-04-08T05:48:58.316+0000] {dagbag.py:538} INFO - Filling up the DagBag from /home/airflow/.local/lib/python3.8/site-packages/airflow/example_dags/example_task_group_decorator.py
[2025-04-08T05:48:58.330+0000] {processor.py:840} INFO - DAG(s) 'example_task_group_decorator' retrieved from /home/airflow/.local/lib/python3.8/site-packages/airflow/example_dags/example_task_group_decorator.py
[2025-04-08T05:48:58.353+0000] {logging_mixin.py:188} INFO - [2025-04-08T05:48:58.353+0000] {dag.py:3036} INFO - Sync 1 DAGs
[2025-04-08T05:48:58.377+0000] {logging_mixin.py:188} INFO - [2025-04-08T05:48:58.377+0000] {dag.py:3823} INFO - Setting next_dagrun for example_task_group_decorator to 2025-04-07 00:00:00+00:00, run_after=2025-04-08 00:00:00+00:00
[2025-04-08T05:48:58.441+0000] {processor.py:183} INFO - Processing /home/airflow/.local/lib/python3.8/site-packages/airflow/example_dags/example_task_group_decorator.py took 0.130 seconds
[2025-04-08T05:49:31.270+0000] {processor.py:161} INFO - Started process (PID=570) to work on /home/airflow/.local/lib/python3.8/site-packages/airflow/example_dags/example_task_group_decorator.py
[2025-04-08T05:49:31.272+0000] {processor.py:830} INFO - Processing file /home/airflow/.local/lib/python3.8/site-packages/airflow/example_dags/example_task_group_decorator.py for tasks to queue
[2025-04-08T05:49:31.273+0000] {logging_mixin.py:188} INFO - [2025-04-08T05:49:31.273+0000] {dagbag.py:538} INFO - Filling up the DagBag from /home/airflow/.local/lib/python3.8/site-packages/airflow/example_dags/example_task_group_decorator.py
[2025-04-08T05:49:31.293+0000] {processor.py:840} INFO - DAG(s) 'example_task_group_decorator' retrieved from /home/airflow/.local/lib/python3.8/site-packages/airflow/example_dags/example_task_group_decorator.py
[2025-04-08T05:49:31.321+0000] {logging_mixin.py:188} INFO - [2025-04-08T05:49:31.320+0000] {dag.py:3036} INFO - Sync 1 DAGs
[2025-04-08T05:49:31.344+0000] {logging_mixin.py:188} INFO - [2025-04-08T05:49:31.344+0000] {dag.py:3823} INFO - Setting next_dagrun for example_task_group_decorator to 2025-04-07 00:00:00+00:00, run_after=2025-04-08 00:00:00+00:00
[2025-04-08T05:49:31.403+0000] {processor.py:183} INFO - Processing /home/airflow/.local/lib/python3.8/site-packages/airflow/example_dags/example_task_group_decorator.py took 0.135 seconds
[2025-04-08T05:50:01.867+0000] {processor.py:161} INFO - Started process (PID=625) to work on /home/airflow/.local/lib/python3.8/site-packages/airflow/example_dags/example_task_group_decorator.py
[2025-04-08T05:50:01.869+0000] {processor.py:830} INFO - Processing file /home/airflow/.local/lib/python3.8/site-packages/airflow/example_dags/example_task_group_decorator.py for tasks to queue
[2025-04-08T05:50:01.871+0000] {logging_mixin.py:188} INFO - [2025-04-08T05:50:01.870+0000] {dagbag.py:538} INFO - Filling up the DagBag from /home/airflow/.local/lib/python3.8/site-packages/airflow/example_dags/example_task_group_decorator.py
[2025-04-08T05:50:01.887+0000] {processor.py:840} INFO - DAG(s) 'example_task_group_decorator' retrieved from /home/airflow/.local/lib/python3.8/site-packages/airflow/example_dags/example_task_group_decorator.py
[2025-04-08T05:50:01.912+0000] {logging_mixin.py:188} INFO - [2025-04-08T05:50:01.912+0000] {dag.py:3036} INFO - Sync 1 DAGs
[2025-04-08T05:50:01.943+0000] {logging_mixin.py:188} INFO - [2025-04-08T05:50:01.943+0000] {dag.py:3823} INFO - Setting next_dagrun for example_task_group_decorator to 2025-04-07 00:00:00+00:00, run_after=2025-04-08 00:00:00+00:00
[2025-04-08T05:50:02.002+0000] {processor.py:183} INFO - Processing /home/airflow/.local/lib/python3.8/site-packages/airflow/example_dags/example_task_group_decorator.py took 0.138 seconds
[2025-04-08T05:50:32.345+0000] {processor.py:161} INFO - Started process (PID=680) to work on /home/airflow/.local/lib/python3.8/site-packages/airflow/example_dags/example_task_group_decorator.py
[2025-04-08T05:50:32.346+0000] {processor.py:830} INFO - Processing file /home/airflow/.local/lib/python3.8/site-packages/airflow/example_dags/example_task_group_decorator.py for tasks to queue
[2025-04-08T05:50:32.348+0000] {logging_mixin.py:188} INFO - [2025-04-08T05:50:32.348+0000] {dagbag.py:538} INFO - Filling up the DagBag from /home/airflow/.local/lib/python3.8/site-packages/airflow/example_dags/example_task_group_decorator.py
[2025-04-08T05:50:32.367+0000] {processor.py:840} INFO - DAG(s) 'example_task_group_decorator' retrieved from /home/airflow/.local/lib/python3.8/site-packages/airflow/example_dags/example_task_group_decorator.py
[2025-04-08T05:50:32.396+0000] {logging_mixin.py:188} INFO - [2025-04-08T05:50:32.396+0000] {dag.py:3036} INFO - Sync 1 DAGs
[2025-04-08T05:50:32.419+0000] {logging_mixin.py:188} INFO - [2025-04-08T05:50:32.419+0000] {dag.py:3823} INFO - Setting next_dagrun for example_task_group_decorator to 2025-04-07 00:00:00+00:00, run_after=2025-04-08 00:00:00+00:00
[2025-04-08T05:50:32.464+0000] {processor.py:183} INFO - Processing /home/airflow/.local/lib/python3.8/site-packages/airflow/example_dags/example_task_group_decorator.py took 0.121 seconds
[2025-04-08T05:54:03.836+0000] {processor.py:161} INFO - Started process (PID=70) to work on /home/airflow/.local/lib/python3.8/site-packages/airflow/example_dags/example_task_group_decorator.py
[2025-04-08T05:54:03.837+0000] {processor.py:830} INFO - Processing file /home/airflow/.local/lib/python3.8/site-packages/airflow/example_dags/example_task_group_decorator.py for tasks to queue
[2025-04-08T05:54:03.839+0000] {logging_mixin.py:188} INFO - [2025-04-08T05:54:03.839+0000] {dagbag.py:538} INFO - Filling up the DagBag from /home/airflow/.local/lib/python3.8/site-packages/airflow/example_dags/example_task_group_decorator.py
[2025-04-08T05:54:03.857+0000] {processor.py:840} INFO - DAG(s) 'example_task_group_decorator' retrieved from /home/airflow/.local/lib/python3.8/site-packages/airflow/example_dags/example_task_group_decorator.py
[2025-04-08T05:54:03.994+0000] {logging_mixin.py:188} INFO - [2025-04-08T05:54:03.994+0000] {dag.py:3036} INFO - Sync 1 DAGs
[2025-04-08T05:54:04.016+0000] {logging_mixin.py:188} INFO - [2025-04-08T05:54:04.016+0000] {dag.py:3823} INFO - Setting next_dagrun for example_task_group_decorator to 2025-04-07 00:00:00+00:00, run_after=2025-04-08 00:00:00+00:00
[2025-04-08T05:54:04.078+0000] {processor.py:183} INFO - Processing /home/airflow/.local/lib/python3.8/site-packages/airflow/example_dags/example_task_group_decorator.py took 0.245 seconds
[2025-04-08T05:54:34.199+0000] {processor.py:161} INFO - Started process (PID=119) to work on /home/airflow/.local/lib/python3.8/site-packages/airflow/example_dags/example_task_group_decorator.py
[2025-04-08T05:54:34.200+0000] {processor.py:830} INFO - Processing file /home/airflow/.local/lib/python3.8/site-packages/airflow/example_dags/example_task_group_decorator.py for tasks to queue
[2025-04-08T05:54:34.202+0000] {logging_mixin.py:188} INFO - [2025-04-08T05:54:34.202+0000] {dagbag.py:538} INFO - Filling up the DagBag from /home/airflow/.local/lib/python3.8/site-packages/airflow/example_dags/example_task_group_decorator.py
[2025-04-08T05:54:34.219+0000] {processor.py:840} INFO - DAG(s) 'example_task_group_decorator' retrieved from /home/airflow/.local/lib/python3.8/site-packages/airflow/example_dags/example_task_group_decorator.py
[2025-04-08T05:54:34.246+0000] {logging_mixin.py:188} INFO - [2025-04-08T05:54:34.246+0000] {dag.py:3036} INFO - Sync 1 DAGs
[2025-04-08T05:54:34.268+0000] {logging_mixin.py:188} INFO - [2025-04-08T05:54:34.268+0000] {dag.py:3823} INFO - Setting next_dagrun for example_task_group_decorator to 2025-04-07 00:00:00+00:00, run_after=2025-04-08 00:00:00+00:00
[2025-04-08T05:54:34.323+0000] {processor.py:183} INFO - Processing /home/airflow/.local/lib/python3.8/site-packages/airflow/example_dags/example_task_group_decorator.py took 0.127 seconds
[2025-04-08T05:55:04.524+0000] {processor.py:161} INFO - Started process (PID=175) to work on /home/airflow/.local/lib/python3.8/site-packages/airflow/example_dags/example_task_group_decorator.py
[2025-04-08T05:55:04.525+0000] {processor.py:830} INFO - Processing file /home/airflow/.local/lib/python3.8/site-packages/airflow/example_dags/example_task_group_decorator.py for tasks to queue
[2025-04-08T05:55:04.527+0000] {logging_mixin.py:188} INFO - [2025-04-08T05:55:04.527+0000] {dagbag.py:538} INFO - Filling up the DagBag from /home/airflow/.local/lib/python3.8/site-packages/airflow/example_dags/example_task_group_decorator.py
[2025-04-08T05:55:04.541+0000] {processor.py:840} INFO - DAG(s) 'example_task_group_decorator' retrieved from /home/airflow/.local/lib/python3.8/site-packages/airflow/example_dags/example_task_group_decorator.py
[2025-04-08T05:55:04.569+0000] {logging_mixin.py:188} INFO - [2025-04-08T05:55:04.568+0000] {dag.py:3036} INFO - Sync 1 DAGs
[2025-04-08T05:55:04.590+0000] {logging_mixin.py:188} INFO - [2025-04-08T05:55:04.590+0000] {dag.py:3823} INFO - Setting next_dagrun for example_task_group_decorator to 2025-04-07 00:00:00+00:00, run_after=2025-04-08 00:00:00+00:00
[2025-04-08T05:55:04.648+0000] {processor.py:183} INFO - Processing /home/airflow/.local/lib/python3.8/site-packages/airflow/example_dags/example_task_group_decorator.py took 0.127 seconds
[2025-04-08T05:55:34.881+0000] {processor.py:161} INFO - Started process (PID=230) to work on /home/airflow/.local/lib/python3.8/site-packages/airflow/example_dags/example_task_group_decorator.py
[2025-04-08T05:55:34.882+0000] {processor.py:830} INFO - Processing file /home/airflow/.local/lib/python3.8/site-packages/airflow/example_dags/example_task_group_decorator.py for tasks to queue
[2025-04-08T05:55:34.884+0000] {logging_mixin.py:188} INFO - [2025-04-08T05:55:34.883+0000] {dagbag.py:538} INFO - Filling up the DagBag from /home/airflow/.local/lib/python3.8/site-packages/airflow/example_dags/example_task_group_decorator.py
[2025-04-08T05:55:34.899+0000] {processor.py:840} INFO - DAG(s) 'example_task_group_decorator' retrieved from /home/airflow/.local/lib/python3.8/site-packages/airflow/example_dags/example_task_group_decorator.py
[2025-04-08T05:55:34.927+0000] {logging_mixin.py:188} INFO - [2025-04-08T05:55:34.927+0000] {dag.py:3036} INFO - Sync 1 DAGs
[2025-04-08T05:55:34.950+0000] {logging_mixin.py:188} INFO - [2025-04-08T05:55:34.950+0000] {dag.py:3823} INFO - Setting next_dagrun for example_task_group_decorator to 2025-04-07 00:00:00+00:00, run_after=2025-04-08 00:00:00+00:00
[2025-04-08T05:55:35.002+0000] {processor.py:183} INFO - Processing /home/airflow/.local/lib/python3.8/site-packages/airflow/example_dags/example_task_group_decorator.py took 0.124 seconds
[2025-04-08T05:56:06.401+0000] {processor.py:161} INFO - Started process (PID=285) to work on /home/airflow/.local/lib/python3.8/site-packages/airflow/example_dags/example_task_group_decorator.py
[2025-04-08T05:56:06.402+0000] {processor.py:830} INFO - Processing file /home/airflow/.local/lib/python3.8/site-packages/airflow/example_dags/example_task_group_decorator.py for tasks to queue
[2025-04-08T05:56:06.404+0000] {logging_mixin.py:188} INFO - [2025-04-08T05:56:06.404+0000] {dagbag.py:538} INFO - Filling up the DagBag from /home/airflow/.local/lib/python3.8/site-packages/airflow/example_dags/example_task_group_decorator.py
[2025-04-08T05:56:06.417+0000] {processor.py:840} INFO - DAG(s) 'example_task_group_decorator' retrieved from /home/airflow/.local/lib/python3.8/site-packages/airflow/example_dags/example_task_group_decorator.py
[2025-04-08T05:56:06.442+0000] {logging_mixin.py:188} INFO - [2025-04-08T05:56:06.442+0000] {dag.py:3036} INFO - Sync 1 DAGs
[2025-04-08T05:56:06.468+0000] {logging_mixin.py:188} INFO - [2025-04-08T05:56:06.468+0000] {dag.py:3823} INFO - Setting next_dagrun for example_task_group_decorator to 2025-04-07 00:00:00+00:00, run_after=2025-04-08 00:00:00+00:00
[2025-04-08T05:56:06.521+0000] {processor.py:183} INFO - Processing /home/airflow/.local/lib/python3.8/site-packages/airflow/example_dags/example_task_group_decorator.py took 0.122 seconds
[2025-04-08T05:56:40.967+0000] {processor.py:161} INFO - Started process (PID=340) to work on /home/airflow/.local/lib/python3.8/site-packages/airflow/example_dags/example_task_group_decorator.py
[2025-04-08T05:56:40.969+0000] {processor.py:830} INFO - Processing file /home/airflow/.local/lib/python3.8/site-packages/airflow/example_dags/example_task_group_decorator.py for tasks to queue
[2025-04-08T05:56:40.972+0000] {logging_mixin.py:188} INFO - [2025-04-08T05:56:40.971+0000] {dagbag.py:538} INFO - Filling up the DagBag from /home/airflow/.local/lib/python3.8/site-packages/airflow/example_dags/example_task_group_decorator.py
[2025-04-08T05:56:40.989+0000] {processor.py:840} INFO - DAG(s) 'example_task_group_decorator' retrieved from /home/airflow/.local/lib/python3.8/site-packages/airflow/example_dags/example_task_group_decorator.py
[2025-04-08T05:56:41.022+0000] {logging_mixin.py:188} INFO - [2025-04-08T05:56:41.022+0000] {dag.py:3036} INFO - Sync 1 DAGs
[2025-04-08T05:56:41.051+0000] {logging_mixin.py:188} INFO - [2025-04-08T05:56:41.051+0000] {dag.py:3823} INFO - Setting next_dagrun for example_task_group_decorator to 2025-04-07 00:00:00+00:00, run_after=2025-04-08 00:00:00+00:00
[2025-04-08T05:56:41.112+0000] {processor.py:183} INFO - Processing /home/airflow/.local/lib/python3.8/site-packages/airflow/example_dags/example_task_group_decorator.py took 0.148 seconds
[2025-04-08T05:57:11.213+0000] {processor.py:161} INFO - Started process (PID=395) to work on /home/airflow/.local/lib/python3.8/site-packages/airflow/example_dags/example_task_group_decorator.py
[2025-04-08T05:57:11.214+0000] {processor.py:830} INFO - Processing file /home/airflow/.local/lib/python3.8/site-packages/airflow/example_dags/example_task_group_decorator.py for tasks to queue
[2025-04-08T05:57:11.216+0000] {logging_mixin.py:188} INFO - [2025-04-08T05:57:11.216+0000] {dagbag.py:538} INFO - Filling up the DagBag from /home/airflow/.local/lib/python3.8/site-packages/airflow/example_dags/example_task_group_decorator.py
[2025-04-08T05:57:11.230+0000] {processor.py:840} INFO - DAG(s) 'example_task_group_decorator' retrieved from /home/airflow/.local/lib/python3.8/site-packages/airflow/example_dags/example_task_group_decorator.py
[2025-04-08T05:57:11.256+0000] {logging_mixin.py:188} INFO - [2025-04-08T05:57:11.256+0000] {dag.py:3036} INFO - Sync 1 DAGs
[2025-04-08T05:57:11.280+0000] {logging_mixin.py:188} INFO - [2025-04-08T05:57:11.280+0000] {dag.py:3823} INFO - Setting next_dagrun for example_task_group_decorator to 2025-04-07 00:00:00+00:00, run_after=2025-04-08 00:00:00+00:00
[2025-04-08T05:57:11.341+0000] {processor.py:183} INFO - Processing /home/airflow/.local/lib/python3.8/site-packages/airflow/example_dags/example_task_group_decorator.py took 0.132 seconds
[2025-04-08T05:57:41.520+0000] {processor.py:161} INFO - Started process (PID=450) to work on /home/airflow/.local/lib/python3.8/site-packages/airflow/example_dags/example_task_group_decorator.py
[2025-04-08T05:57:41.521+0000] {processor.py:830} INFO - Processing file /home/airflow/.local/lib/python3.8/site-packages/airflow/example_dags/example_task_group_decorator.py for tasks to queue
[2025-04-08T05:57:41.523+0000] {logging_mixin.py:188} INFO - [2025-04-08T05:57:41.523+0000] {dagbag.py:538} INFO - Filling up the DagBag from /home/airflow/.local/lib/python3.8/site-packages/airflow/example_dags/example_task_group_decorator.py
[2025-04-08T05:57:41.536+0000] {processor.py:840} INFO - DAG(s) 'example_task_group_decorator' retrieved from /home/airflow/.local/lib/python3.8/site-packages/airflow/example_dags/example_task_group_decorator.py
[2025-04-08T05:57:41.568+0000] {logging_mixin.py:188} INFO - [2025-04-08T05:57:41.568+0000] {dag.py:3036} INFO - Sync 1 DAGs
[2025-04-08T05:57:41.596+0000] {logging_mixin.py:188} INFO - [2025-04-08T05:57:41.596+0000] {dag.py:3823} INFO - Setting next_dagrun for example_task_group_decorator to 2025-04-07 00:00:00+00:00, run_after=2025-04-08 00:00:00+00:00
[2025-04-08T05:57:41.662+0000] {processor.py:183} INFO - Processing /home/airflow/.local/lib/python3.8/site-packages/airflow/example_dags/example_task_group_decorator.py took 0.144 seconds
[2025-04-08T05:58:12.313+0000] {processor.py:161} INFO - Started process (PID=505) to work on /home/airflow/.local/lib/python3.8/site-packages/airflow/example_dags/example_task_group_decorator.py
[2025-04-08T05:58:12.314+0000] {processor.py:830} INFO - Processing file /home/airflow/.local/lib/python3.8/site-packages/airflow/example_dags/example_task_group_decorator.py for tasks to queue
[2025-04-08T05:58:12.316+0000] {logging_mixin.py:188} INFO - [2025-04-08T05:58:12.316+0000] {dagbag.py:538} INFO - Filling up the DagBag from /home/airflow/.local/lib/python3.8/site-packages/airflow/example_dags/example_task_group_decorator.py
[2025-04-08T05:58:12.330+0000] {processor.py:840} INFO - DAG(s) 'example_task_group_decorator' retrieved from /home/airflow/.local/lib/python3.8/site-packages/airflow/example_dags/example_task_group_decorator.py
[2025-04-08T05:58:12.355+0000] {logging_mixin.py:188} INFO - [2025-04-08T05:58:12.355+0000] {dag.py:3036} INFO - Sync 1 DAGs
[2025-04-08T05:58:12.377+0000] {logging_mixin.py:188} INFO - [2025-04-08T05:58:12.377+0000] {dag.py:3823} INFO - Setting next_dagrun for example_task_group_decorator to 2025-04-07 00:00:00+00:00, run_after=2025-04-08 00:00:00+00:00
[2025-04-08T05:58:12.447+0000] {processor.py:183} INFO - Processing /home/airflow/.local/lib/python3.8/site-packages/airflow/example_dags/example_task_group_decorator.py took 0.136 seconds
[2025-04-08T05:58:43.376+0000] {processor.py:161} INFO - Started process (PID=560) to work on /home/airflow/.local/lib/python3.8/site-packages/airflow/example_dags/example_task_group_decorator.py
[2025-04-08T05:58:43.377+0000] {processor.py:830} INFO - Processing file /home/airflow/.local/lib/python3.8/site-packages/airflow/example_dags/example_task_group_decorator.py for tasks to queue
[2025-04-08T05:58:43.379+0000] {logging_mixin.py:188} INFO - [2025-04-08T05:58:43.379+0000] {dagbag.py:538} INFO - Filling up the DagBag from /home/airflow/.local/lib/python3.8/site-packages/airflow/example_dags/example_task_group_decorator.py
[2025-04-08T05:58:43.398+0000] {processor.py:840} INFO - DAG(s) 'example_task_group_decorator' retrieved from /home/airflow/.local/lib/python3.8/site-packages/airflow/example_dags/example_task_group_decorator.py
[2025-04-08T05:58:43.432+0000] {logging_mixin.py:188} INFO - [2025-04-08T05:58:43.431+0000] {dag.py:3036} INFO - Sync 1 DAGs
[2025-04-08T05:58:43.462+0000] {logging_mixin.py:188} INFO - [2025-04-08T05:58:43.461+0000] {dag.py:3823} INFO - Setting next_dagrun for example_task_group_decorator to 2025-04-07 00:00:00+00:00, run_after=2025-04-08 00:00:00+00:00
[2025-04-08T05:58:43.517+0000] {processor.py:183} INFO - Processing /home/airflow/.local/lib/python3.8/site-packages/airflow/example_dags/example_task_group_decorator.py took 0.144 seconds
