[2025-04-08T05:44:54.882+0000] {processor.py:161} INFO - Started process (PID=94) to work on /home/airflow/.local/lib/python3.8/site-packages/airflow/example_dags/example_sensors.py
[2025-04-08T05:44:54.883+0000] {processor.py:830} INFO - Processing file /home/airflow/.local/lib/python3.8/site-packages/airflow/example_dags/example_sensors.py for tasks to queue
[2025-04-08T05:44:54.886+0000] {logging_mixin.py:188} INFO - [2025-04-08T05:44:54.885+0000] {dagbag.py:538} INFO - Filling up the DagBag from /home/airflow/.local/lib/python3.8/site-packages/airflow/example_dags/example_sensors.py
[2025-04-08T05:44:54.896+0000] {processor.py:840} INFO - DAG(s) 'example_sensors' retrieved from /home/airflow/.local/lib/python3.8/site-packages/airflow/example_dags/example_sensors.py
[2025-04-08T05:44:55.025+0000] {logging_mixin.py:188} INFO - [2025-04-08T05:44:55.025+0000] {dag.py:3036} INFO - Sync 1 DAGs
[2025-04-08T05:44:55.036+0000] {logging_mixin.py:188} INFO - [2025-04-08T05:44:55.035+0000] {dag.py:3823} INFO - Setting next_dagrun for example_sensors to None, run_after=None
[2025-04-08T05:44:55.121+0000] {processor.py:183} INFO - Processing /home/airflow/.local/lib/python3.8/site-packages/airflow/example_dags/example_sensors.py took 0.242 seconds
[2025-04-08T05:45:26.813+0000] {processor.py:161} INFO - Started process (PID=149) to work on /home/airflow/.local/lib/python3.8/site-packages/airflow/example_dags/example_sensors.py
[2025-04-08T05:45:26.814+0000] {processor.py:830} INFO - Processing file /home/airflow/.local/lib/python3.8/site-packages/airflow/example_dags/example_sensors.py for tasks to queue
[2025-04-08T05:45:26.816+0000] {logging_mixin.py:188} INFO - [2025-04-08T05:45:26.816+0000] {dagbag.py:538} INFO - Filling up the DagBag from /home/airflow/.local/lib/python3.8/site-packages/airflow/example_dags/example_sensors.py
[2025-04-08T05:45:26.826+0000] {processor.py:840} INFO - DAG(s) 'example_sensors' retrieved from /home/airflow/.local/lib/python3.8/site-packages/airflow/example_dags/example_sensors.py
[2025-04-08T05:45:26.866+0000] {logging_mixin.py:188} INFO - [2025-04-08T05:45:26.866+0000] {dag.py:3036} INFO - Sync 1 DAGs
[2025-04-08T05:45:26.883+0000] {logging_mixin.py:188} INFO - [2025-04-08T05:45:26.882+0000] {dag.py:3823} INFO - Setting next_dagrun for example_sensors to None, run_after=None
[2025-04-08T05:45:26.935+0000] {processor.py:183} INFO - Processing /home/airflow/.local/lib/python3.8/site-packages/airflow/example_dags/example_sensors.py took 0.125 seconds
[2025-04-08T05:45:59.801+0000] {processor.py:161} INFO - Started process (PID=204) to work on /home/airflow/.local/lib/python3.8/site-packages/airflow/example_dags/example_sensors.py
[2025-04-08T05:45:59.802+0000] {processor.py:830} INFO - Processing file /home/airflow/.local/lib/python3.8/site-packages/airflow/example_dags/example_sensors.py for tasks to queue
[2025-04-08T05:45:59.804+0000] {logging_mixin.py:188} INFO - [2025-04-08T05:45:59.804+0000] {dagbag.py:538} INFO - Filling up the DagBag from /home/airflow/.local/lib/python3.8/site-packages/airflow/example_dags/example_sensors.py
[2025-04-08T05:45:59.814+0000] {processor.py:840} INFO - DAG(s) 'example_sensors' retrieved from /home/airflow/.local/lib/python3.8/site-packages/airflow/example_dags/example_sensors.py
[2025-04-08T05:45:59.846+0000] {logging_mixin.py:188} INFO - [2025-04-08T05:45:59.845+0000] {dag.py:3036} INFO - Sync 1 DAGs
[2025-04-08T05:45:59.859+0000] {logging_mixin.py:188} INFO - [2025-04-08T05:45:59.859+0000] {dag.py:3823} INFO - Setting next_dagrun for example_sensors to None, run_after=None
[2025-04-08T05:45:59.919+0000] {processor.py:183} INFO - Processing /home/airflow/.local/lib/python3.8/site-packages/airflow/example_dags/example_sensors.py took 0.121 seconds
[2025-04-08T05:46:30.133+0000] {processor.py:161} INFO - Started process (PID=259) to work on /home/airflow/.local/lib/python3.8/site-packages/airflow/example_dags/example_sensors.py
[2025-04-08T05:46:30.134+0000] {processor.py:830} INFO - Processing file /home/airflow/.local/lib/python3.8/site-packages/airflow/example_dags/example_sensors.py for tasks to queue
[2025-04-08T05:46:30.136+0000] {logging_mixin.py:188} INFO - [2025-04-08T05:46:30.136+0000] {dagbag.py:538} INFO - Filling up the DagBag from /home/airflow/.local/lib/python3.8/site-packages/airflow/example_dags/example_sensors.py
[2025-04-08T05:46:30.146+0000] {processor.py:840} INFO - DAG(s) 'example_sensors' retrieved from /home/airflow/.local/lib/python3.8/site-packages/airflow/example_dags/example_sensors.py
[2025-04-08T05:46:30.176+0000] {logging_mixin.py:188} INFO - [2025-04-08T05:46:30.176+0000] {dag.py:3036} INFO - Sync 1 DAGs
[2025-04-08T05:46:30.191+0000] {logging_mixin.py:188} INFO - [2025-04-08T05:46:30.190+0000] {dag.py:3823} INFO - Setting next_dagrun for example_sensors to None, run_after=None
[2025-04-08T05:46:30.252+0000] {processor.py:183} INFO - Processing /home/airflow/.local/lib/python3.8/site-packages/airflow/example_dags/example_sensors.py took 0.122 seconds
[2025-04-08T05:47:00.297+0000] {processor.py:161} INFO - Started process (PID=308) to work on /home/airflow/.local/lib/python3.8/site-packages/airflow/example_dags/example_sensors.py
[2025-04-08T05:47:00.298+0000] {processor.py:830} INFO - Processing file /home/airflow/.local/lib/python3.8/site-packages/airflow/example_dags/example_sensors.py for tasks to queue
[2025-04-08T05:47:00.300+0000] {logging_mixin.py:188} INFO - [2025-04-08T05:47:00.299+0000] {dagbag.py:538} INFO - Filling up the DagBag from /home/airflow/.local/lib/python3.8/site-packages/airflow/example_dags/example_sensors.py
[2025-04-08T05:47:00.310+0000] {processor.py:840} INFO - DAG(s) 'example_sensors' retrieved from /home/airflow/.local/lib/python3.8/site-packages/airflow/example_dags/example_sensors.py
[2025-04-08T05:47:00.336+0000] {logging_mixin.py:188} INFO - [2025-04-08T05:47:00.336+0000] {dag.py:3036} INFO - Sync 1 DAGs
[2025-04-08T05:47:00.349+0000] {logging_mixin.py:188} INFO - [2025-04-08T05:47:00.349+0000] {dag.py:3823} INFO - Setting next_dagrun for example_sensors to None, run_after=None
[2025-04-08T05:47:00.419+0000] {processor.py:183} INFO - Processing /home/airflow/.local/lib/python3.8/site-packages/airflow/example_dags/example_sensors.py took 0.125 seconds
[2025-04-08T05:47:30.592+0000] {processor.py:161} INFO - Started process (PID=363) to work on /home/airflow/.local/lib/python3.8/site-packages/airflow/example_dags/example_sensors.py
[2025-04-08T05:47:30.593+0000] {processor.py:830} INFO - Processing file /home/airflow/.local/lib/python3.8/site-packages/airflow/example_dags/example_sensors.py for tasks to queue
[2025-04-08T05:47:30.595+0000] {logging_mixin.py:188} INFO - [2025-04-08T05:47:30.595+0000] {dagbag.py:538} INFO - Filling up the DagBag from /home/airflow/.local/lib/python3.8/site-packages/airflow/example_dags/example_sensors.py
[2025-04-08T05:47:30.605+0000] {processor.py:840} INFO - DAG(s) 'example_sensors' retrieved from /home/airflow/.local/lib/python3.8/site-packages/airflow/example_dags/example_sensors.py
[2025-04-08T05:47:30.640+0000] {logging_mixin.py:188} INFO - [2025-04-08T05:47:30.640+0000] {dag.py:3036} INFO - Sync 1 DAGs
[2025-04-08T05:47:30.654+0000] {logging_mixin.py:188} INFO - [2025-04-08T05:47:30.654+0000] {dag.py:3823} INFO - Setting next_dagrun for example_sensors to None, run_after=None
[2025-04-08T05:47:30.726+0000] {processor.py:183} INFO - Processing /home/airflow/.local/lib/python3.8/site-packages/airflow/example_dags/example_sensors.py took 0.137 seconds
[2025-04-08T05:48:01.099+0000] {processor.py:161} INFO - Started process (PID=418) to work on /home/airflow/.local/lib/python3.8/site-packages/airflow/example_dags/example_sensors.py
[2025-04-08T05:48:01.100+0000] {processor.py:830} INFO - Processing file /home/airflow/.local/lib/python3.8/site-packages/airflow/example_dags/example_sensors.py for tasks to queue
[2025-04-08T05:48:01.103+0000] {logging_mixin.py:188} INFO - [2025-04-08T05:48:01.102+0000] {dagbag.py:538} INFO - Filling up the DagBag from /home/airflow/.local/lib/python3.8/site-packages/airflow/example_dags/example_sensors.py
[2025-04-08T05:48:01.114+0000] {processor.py:840} INFO - DAG(s) 'example_sensors' retrieved from /home/airflow/.local/lib/python3.8/site-packages/airflow/example_dags/example_sensors.py
[2025-04-08T05:48:01.145+0000] {logging_mixin.py:188} INFO - [2025-04-08T05:48:01.145+0000] {dag.py:3036} INFO - Sync 1 DAGs
[2025-04-08T05:48:01.159+0000] {logging_mixin.py:188} INFO - [2025-04-08T05:48:01.159+0000] {dag.py:3823} INFO - Setting next_dagrun for example_sensors to None, run_after=None
[2025-04-08T05:48:01.221+0000] {processor.py:183} INFO - Processing /home/airflow/.local/lib/python3.8/site-packages/airflow/example_dags/example_sensors.py took 0.126 seconds
[2025-04-08T05:48:31.779+0000] {processor.py:161} INFO - Started process (PID=473) to work on /home/airflow/.local/lib/python3.8/site-packages/airflow/example_dags/example_sensors.py
[2025-04-08T05:48:31.780+0000] {processor.py:830} INFO - Processing file /home/airflow/.local/lib/python3.8/site-packages/airflow/example_dags/example_sensors.py for tasks to queue
[2025-04-08T05:48:31.782+0000] {logging_mixin.py:188} INFO - [2025-04-08T05:48:31.782+0000] {dagbag.py:538} INFO - Filling up the DagBag from /home/airflow/.local/lib/python3.8/site-packages/airflow/example_dags/example_sensors.py
[2025-04-08T05:48:31.793+0000] {processor.py:840} INFO - DAG(s) 'example_sensors' retrieved from /home/airflow/.local/lib/python3.8/site-packages/airflow/example_dags/example_sensors.py
[2025-04-08T05:48:31.822+0000] {logging_mixin.py:188} INFO - [2025-04-08T05:48:31.821+0000] {dag.py:3036} INFO - Sync 1 DAGs
[2025-04-08T05:48:31.834+0000] {logging_mixin.py:188} INFO - [2025-04-08T05:48:31.834+0000] {dag.py:3823} INFO - Setting next_dagrun for example_sensors to None, run_after=None
[2025-04-08T05:48:31.896+0000] {processor.py:183} INFO - Processing /home/airflow/.local/lib/python3.8/site-packages/airflow/example_dags/example_sensors.py took 0.120 seconds
[2025-04-08T05:49:02.538+0000] {processor.py:161} INFO - Started process (PID=528) to work on /home/airflow/.local/lib/python3.8/site-packages/airflow/example_dags/example_sensors.py
[2025-04-08T05:49:02.539+0000] {processor.py:830} INFO - Processing file /home/airflow/.local/lib/python3.8/site-packages/airflow/example_dags/example_sensors.py for tasks to queue
[2025-04-08T05:49:02.541+0000] {logging_mixin.py:188} INFO - [2025-04-08T05:49:02.541+0000] {dagbag.py:538} INFO - Filling up the DagBag from /home/airflow/.local/lib/python3.8/site-packages/airflow/example_dags/example_sensors.py
[2025-04-08T05:49:02.551+0000] {processor.py:840} INFO - DAG(s) 'example_sensors' retrieved from /home/airflow/.local/lib/python3.8/site-packages/airflow/example_dags/example_sensors.py
[2025-04-08T05:49:02.593+0000] {logging_mixin.py:188} INFO - [2025-04-08T05:49:02.592+0000] {dag.py:3036} INFO - Sync 1 DAGs
[2025-04-08T05:49:02.608+0000] {logging_mixin.py:188} INFO - [2025-04-08T05:49:02.607+0000] {dag.py:3823} INFO - Setting next_dagrun for example_sensors to None, run_after=None
[2025-04-08T05:49:02.667+0000] {processor.py:183} INFO - Processing /home/airflow/.local/lib/python3.8/site-packages/airflow/example_dags/example_sensors.py took 0.132 seconds
[2025-04-08T05:49:33.434+0000] {processor.py:161} INFO - Started process (PID=583) to work on /home/airflow/.local/lib/python3.8/site-packages/airflow/example_dags/example_sensors.py
[2025-04-08T05:49:33.435+0000] {processor.py:830} INFO - Processing file /home/airflow/.local/lib/python3.8/site-packages/airflow/example_dags/example_sensors.py for tasks to queue
[2025-04-08T05:49:33.437+0000] {logging_mixin.py:188} INFO - [2025-04-08T05:49:33.437+0000] {dagbag.py:538} INFO - Filling up the DagBag from /home/airflow/.local/lib/python3.8/site-packages/airflow/example_dags/example_sensors.py
[2025-04-08T05:49:33.445+0000] {processor.py:840} INFO - DAG(s) 'example_sensors' retrieved from /home/airflow/.local/lib/python3.8/site-packages/airflow/example_dags/example_sensors.py
[2025-04-08T05:49:33.468+0000] {logging_mixin.py:188} INFO - [2025-04-08T05:49:33.468+0000] {dag.py:3036} INFO - Sync 1 DAGs
[2025-04-08T05:49:33.480+0000] {logging_mixin.py:188} INFO - [2025-04-08T05:49:33.479+0000] {dag.py:3823} INFO - Setting next_dagrun for example_sensors to None, run_after=None
[2025-04-08T05:49:33.563+0000] {processor.py:183} INFO - Processing /home/airflow/.local/lib/python3.8/site-packages/airflow/example_dags/example_sensors.py took 0.131 seconds
[2025-04-08T05:50:07.512+0000] {processor.py:161} INFO - Started process (PID=638) to work on /home/airflow/.local/lib/python3.8/site-packages/airflow/example_dags/example_sensors.py
[2025-04-08T05:50:07.513+0000] {processor.py:830} INFO - Processing file /home/airflow/.local/lib/python3.8/site-packages/airflow/example_dags/example_sensors.py for tasks to queue
[2025-04-08T05:50:07.515+0000] {logging_mixin.py:188} INFO - [2025-04-08T05:50:07.515+0000] {dagbag.py:538} INFO - Filling up the DagBag from /home/airflow/.local/lib/python3.8/site-packages/airflow/example_dags/example_sensors.py
[2025-04-08T05:50:07.524+0000] {processor.py:840} INFO - DAG(s) 'example_sensors' retrieved from /home/airflow/.local/lib/python3.8/site-packages/airflow/example_dags/example_sensors.py
[2025-04-08T05:50:07.548+0000] {logging_mixin.py:188} INFO - [2025-04-08T05:50:07.548+0000] {dag.py:3036} INFO - Sync 1 DAGs
[2025-04-08T05:50:07.560+0000] {logging_mixin.py:188} INFO - [2025-04-08T05:50:07.560+0000] {dag.py:3823} INFO - Setting next_dagrun for example_sensors to None, run_after=None
[2025-04-08T05:50:07.607+0000] {processor.py:183} INFO - Processing /home/airflow/.local/lib/python3.8/site-packages/airflow/example_dags/example_sensors.py took 0.098 seconds
[2025-04-08T05:50:38.493+0000] {processor.py:161} INFO - Started process (PID=693) to work on /home/airflow/.local/lib/python3.8/site-packages/airflow/example_dags/example_sensors.py
[2025-04-08T05:50:38.494+0000] {processor.py:830} INFO - Processing file /home/airflow/.local/lib/python3.8/site-packages/airflow/example_dags/example_sensors.py for tasks to queue
[2025-04-08T05:50:38.496+0000] {logging_mixin.py:188} INFO - [2025-04-08T05:50:38.496+0000] {dagbag.py:538} INFO - Filling up the DagBag from /home/airflow/.local/lib/python3.8/site-packages/airflow/example_dags/example_sensors.py
[2025-04-08T05:50:38.509+0000] {processor.py:840} INFO - DAG(s) 'example_sensors' retrieved from /home/airflow/.local/lib/python3.8/site-packages/airflow/example_dags/example_sensors.py
[2025-04-08T05:50:38.545+0000] {logging_mixin.py:188} INFO - [2025-04-08T05:50:38.544+0000] {dag.py:3036} INFO - Sync 1 DAGs
[2025-04-08T05:50:38.558+0000] {logging_mixin.py:188} INFO - [2025-04-08T05:50:38.558+0000] {dag.py:3823} INFO - Setting next_dagrun for example_sensors to None, run_after=None
[2025-04-08T05:50:38.625+0000] {processor.py:183} INFO - Processing /home/airflow/.local/lib/python3.8/site-packages/airflow/example_dags/example_sensors.py took 0.135 seconds
[2025-04-08T05:54:05.733+0000] {processor.py:161} INFO - Started process (PID=83) to work on /home/airflow/.local/lib/python3.8/site-packages/airflow/example_dags/example_sensors.py
[2025-04-08T05:54:05.734+0000] {processor.py:830} INFO - Processing file /home/airflow/.local/lib/python3.8/site-packages/airflow/example_dags/example_sensors.py for tasks to queue
[2025-04-08T05:54:05.736+0000] {logging_mixin.py:188} INFO - [2025-04-08T05:54:05.736+0000] {dagbag.py:538} INFO - Filling up the DagBag from /home/airflow/.local/lib/python3.8/site-packages/airflow/example_dags/example_sensors.py
[2025-04-08T05:54:05.751+0000] {processor.py:840} INFO - DAG(s) 'example_sensors' retrieved from /home/airflow/.local/lib/python3.8/site-packages/airflow/example_dags/example_sensors.py
[2025-04-08T05:54:05.874+0000] {logging_mixin.py:188} INFO - [2025-04-08T05:54:05.873+0000] {dag.py:3036} INFO - Sync 1 DAGs
[2025-04-08T05:54:05.885+0000] {logging_mixin.py:188} INFO - [2025-04-08T05:54:05.885+0000] {dag.py:3823} INFO - Setting next_dagrun for example_sensors to None, run_after=None
[2025-04-08T05:54:05.948+0000] {processor.py:183} INFO - Processing /home/airflow/.local/lib/python3.8/site-packages/airflow/example_dags/example_sensors.py took 0.218 seconds
[2025-04-08T05:54:36.549+0000] {processor.py:161} INFO - Started process (PID=139) to work on /home/airflow/.local/lib/python3.8/site-packages/airflow/example_dags/example_sensors.py
[2025-04-08T05:54:36.551+0000] {processor.py:830} INFO - Processing file /home/airflow/.local/lib/python3.8/site-packages/airflow/example_dags/example_sensors.py for tasks to queue
[2025-04-08T05:54:36.553+0000] {logging_mixin.py:188} INFO - [2025-04-08T05:54:36.553+0000] {dagbag.py:538} INFO - Filling up the DagBag from /home/airflow/.local/lib/python3.8/site-packages/airflow/example_dags/example_sensors.py
[2025-04-08T05:54:36.563+0000] {processor.py:840} INFO - DAG(s) 'example_sensors' retrieved from /home/airflow/.local/lib/python3.8/site-packages/airflow/example_dags/example_sensors.py
[2025-04-08T05:54:36.593+0000] {logging_mixin.py:188} INFO - [2025-04-08T05:54:36.593+0000] {dag.py:3036} INFO - Sync 1 DAGs
[2025-04-08T05:54:36.608+0000] {logging_mixin.py:188} INFO - [2025-04-08T05:54:36.608+0000] {dag.py:3823} INFO - Setting next_dagrun for example_sensors to None, run_after=None
[2025-04-08T05:54:36.691+0000] {processor.py:183} INFO - Processing /home/airflow/.local/lib/python3.8/site-packages/airflow/example_dags/example_sensors.py took 0.145 seconds
[2025-04-08T05:55:07.518+0000] {processor.py:161} INFO - Started process (PID=188) to work on /home/airflow/.local/lib/python3.8/site-packages/airflow/example_dags/example_sensors.py
[2025-04-08T05:55:07.520+0000] {processor.py:830} INFO - Processing file /home/airflow/.local/lib/python3.8/site-packages/airflow/example_dags/example_sensors.py for tasks to queue
[2025-04-08T05:55:07.522+0000] {logging_mixin.py:188} INFO - [2025-04-08T05:55:07.521+0000] {dagbag.py:538} INFO - Filling up the DagBag from /home/airflow/.local/lib/python3.8/site-packages/airflow/example_dags/example_sensors.py
[2025-04-08T05:55:07.531+0000] {processor.py:840} INFO - DAG(s) 'example_sensors' retrieved from /home/airflow/.local/lib/python3.8/site-packages/airflow/example_dags/example_sensors.py
[2025-04-08T05:55:07.565+0000] {logging_mixin.py:188} INFO - [2025-04-08T05:55:07.565+0000] {dag.py:3036} INFO - Sync 1 DAGs
[2025-04-08T05:55:07.580+0000] {logging_mixin.py:188} INFO - [2025-04-08T05:55:07.579+0000] {dag.py:3823} INFO - Setting next_dagrun for example_sensors to None, run_after=None
[2025-04-08T05:55:07.654+0000] {processor.py:183} INFO - Processing /home/airflow/.local/lib/python3.8/site-packages/airflow/example_dags/example_sensors.py took 0.139 seconds
[2025-04-08T05:55:37.855+0000] {processor.py:161} INFO - Started process (PID=243) to work on /home/airflow/.local/lib/python3.8/site-packages/airflow/example_dags/example_sensors.py
[2025-04-08T05:55:37.856+0000] {processor.py:830} INFO - Processing file /home/airflow/.local/lib/python3.8/site-packages/airflow/example_dags/example_sensors.py for tasks to queue
[2025-04-08T05:55:37.858+0000] {logging_mixin.py:188} INFO - [2025-04-08T05:55:37.858+0000] {dagbag.py:538} INFO - Filling up the DagBag from /home/airflow/.local/lib/python3.8/site-packages/airflow/example_dags/example_sensors.py
[2025-04-08T05:55:37.868+0000] {processor.py:840} INFO - DAG(s) 'example_sensors' retrieved from /home/airflow/.local/lib/python3.8/site-packages/airflow/example_dags/example_sensors.py
[2025-04-08T05:55:37.898+0000] {logging_mixin.py:188} INFO - [2025-04-08T05:55:37.898+0000] {dag.py:3036} INFO - Sync 1 DAGs
[2025-04-08T05:55:37.912+0000] {logging_mixin.py:188} INFO - [2025-04-08T05:55:37.912+0000] {dag.py:3823} INFO - Setting next_dagrun for example_sensors to None, run_after=None
[2025-04-08T05:55:37.986+0000] {processor.py:183} INFO - Processing /home/airflow/.local/lib/python3.8/site-packages/airflow/example_dags/example_sensors.py took 0.137 seconds
[2025-04-08T05:56:08.369+0000] {processor.py:161} INFO - Started process (PID=298) to work on /home/airflow/.local/lib/python3.8/site-packages/airflow/example_dags/example_sensors.py
[2025-04-08T05:56:08.370+0000] {processor.py:830} INFO - Processing file /home/airflow/.local/lib/python3.8/site-packages/airflow/example_dags/example_sensors.py for tasks to queue
[2025-04-08T05:56:08.371+0000] {logging_mixin.py:188} INFO - [2025-04-08T05:56:08.371+0000] {dagbag.py:538} INFO - Filling up the DagBag from /home/airflow/.local/lib/python3.8/site-packages/airflow/example_dags/example_sensors.py
[2025-04-08T05:56:08.381+0000] {processor.py:840} INFO - DAG(s) 'example_sensors' retrieved from /home/airflow/.local/lib/python3.8/site-packages/airflow/example_dags/example_sensors.py
[2025-04-08T05:56:08.408+0000] {logging_mixin.py:188} INFO - [2025-04-08T05:56:08.408+0000] {dag.py:3036} INFO - Sync 1 DAGs
[2025-04-08T05:56:08.419+0000] {logging_mixin.py:188} INFO - [2025-04-08T05:56:08.419+0000] {dag.py:3823} INFO - Setting next_dagrun for example_sensors to None, run_after=None
[2025-04-08T05:56:08.488+0000] {processor.py:183} INFO - Processing /home/airflow/.local/lib/python3.8/site-packages/airflow/example_dags/example_sensors.py took 0.122 seconds
[2025-04-08T05:56:42.361+0000] {processor.py:161} INFO - Started process (PID=353) to work on /home/airflow/.local/lib/python3.8/site-packages/airflow/example_dags/example_sensors.py
[2025-04-08T05:56:42.363+0000] {processor.py:830} INFO - Processing file /home/airflow/.local/lib/python3.8/site-packages/airflow/example_dags/example_sensors.py for tasks to queue
[2025-04-08T05:56:42.366+0000] {logging_mixin.py:188} INFO - [2025-04-08T05:56:42.365+0000] {dagbag.py:538} INFO - Filling up the DagBag from /home/airflow/.local/lib/python3.8/site-packages/airflow/example_dags/example_sensors.py
[2025-04-08T05:56:42.381+0000] {processor.py:840} INFO - DAG(s) 'example_sensors' retrieved from /home/airflow/.local/lib/python3.8/site-packages/airflow/example_dags/example_sensors.py
[2025-04-08T05:56:42.422+0000] {logging_mixin.py:188} INFO - [2025-04-08T05:56:42.422+0000] {dag.py:3036} INFO - Sync 1 DAGs
[2025-04-08T05:56:42.438+0000] {logging_mixin.py:188} INFO - [2025-04-08T05:56:42.438+0000] {dag.py:3823} INFO - Setting next_dagrun for example_sensors to None, run_after=None
[2025-04-08T05:56:42.522+0000] {processor.py:183} INFO - Processing /home/airflow/.local/lib/python3.8/site-packages/airflow/example_dags/example_sensors.py took 0.164 seconds
[2025-04-08T05:57:12.670+0000] {processor.py:161} INFO - Started process (PID=408) to work on /home/airflow/.local/lib/python3.8/site-packages/airflow/example_dags/example_sensors.py
[2025-04-08T05:57:12.671+0000] {processor.py:830} INFO - Processing file /home/airflow/.local/lib/python3.8/site-packages/airflow/example_dags/example_sensors.py for tasks to queue
[2025-04-08T05:57:12.673+0000] {logging_mixin.py:188} INFO - [2025-04-08T05:57:12.673+0000] {dagbag.py:538} INFO - Filling up the DagBag from /home/airflow/.local/lib/python3.8/site-packages/airflow/example_dags/example_sensors.py
[2025-04-08T05:57:12.682+0000] {processor.py:840} INFO - DAG(s) 'example_sensors' retrieved from /home/airflow/.local/lib/python3.8/site-packages/airflow/example_dags/example_sensors.py
[2025-04-08T05:57:12.711+0000] {logging_mixin.py:188} INFO - [2025-04-08T05:57:12.710+0000] {dag.py:3036} INFO - Sync 1 DAGs
[2025-04-08T05:57:12.723+0000] {logging_mixin.py:188} INFO - [2025-04-08T05:57:12.723+0000] {dag.py:3823} INFO - Setting next_dagrun for example_sensors to None, run_after=None
[2025-04-08T05:57:12.837+0000] {processor.py:183} INFO - Processing /home/airflow/.local/lib/python3.8/site-packages/airflow/example_dags/example_sensors.py took 0.170 seconds
[2025-04-08T05:57:42.932+0000] {processor.py:161} INFO - Started process (PID=463) to work on /home/airflow/.local/lib/python3.8/site-packages/airflow/example_dags/example_sensors.py
[2025-04-08T05:57:42.933+0000] {processor.py:830} INFO - Processing file /home/airflow/.local/lib/python3.8/site-packages/airflow/example_dags/example_sensors.py for tasks to queue
[2025-04-08T05:57:42.935+0000] {logging_mixin.py:188} INFO - [2025-04-08T05:57:42.934+0000] {dagbag.py:538} INFO - Filling up the DagBag from /home/airflow/.local/lib/python3.8/site-packages/airflow/example_dags/example_sensors.py
[2025-04-08T05:57:42.943+0000] {processor.py:840} INFO - DAG(s) 'example_sensors' retrieved from /home/airflow/.local/lib/python3.8/site-packages/airflow/example_dags/example_sensors.py
[2025-04-08T05:57:42.972+0000] {logging_mixin.py:188} INFO - [2025-04-08T05:57:42.972+0000] {dag.py:3036} INFO - Sync 1 DAGs
[2025-04-08T05:57:42.991+0000] {logging_mixin.py:188} INFO - [2025-04-08T05:57:42.991+0000] {dag.py:3823} INFO - Setting next_dagrun for example_sensors to None, run_after=None
[2025-04-08T05:57:43.048+0000] {processor.py:183} INFO - Processing /home/airflow/.local/lib/python3.8/site-packages/airflow/example_dags/example_sensors.py took 0.119 seconds
[2025-04-08T05:58:13.287+0000] {processor.py:161} INFO - Started process (PID=518) to work on /home/airflow/.local/lib/python3.8/site-packages/airflow/example_dags/example_sensors.py
[2025-04-08T05:58:13.288+0000] {processor.py:830} INFO - Processing file /home/airflow/.local/lib/python3.8/site-packages/airflow/example_dags/example_sensors.py for tasks to queue
[2025-04-08T05:58:13.289+0000] {logging_mixin.py:188} INFO - [2025-04-08T05:58:13.289+0000] {dagbag.py:538} INFO - Filling up the DagBag from /home/airflow/.local/lib/python3.8/site-packages/airflow/example_dags/example_sensors.py
[2025-04-08T05:58:13.298+0000] {processor.py:840} INFO - DAG(s) 'example_sensors' retrieved from /home/airflow/.local/lib/python3.8/site-packages/airflow/example_dags/example_sensors.py
[2025-04-08T05:58:13.323+0000] {logging_mixin.py:188} INFO - [2025-04-08T05:58:13.323+0000] {dag.py:3036} INFO - Sync 1 DAGs
[2025-04-08T05:58:13.335+0000] {logging_mixin.py:188} INFO - [2025-04-08T05:58:13.335+0000] {dag.py:3823} INFO - Setting next_dagrun for example_sensors to None, run_after=None
[2025-04-08T05:58:13.396+0000] {processor.py:183} INFO - Processing /home/airflow/.local/lib/python3.8/site-packages/airflow/example_dags/example_sensors.py took 0.112 seconds
[2025-04-08T05:58:44.583+0000] {processor.py:161} INFO - Started process (PID=573) to work on /home/airflow/.local/lib/python3.8/site-packages/airflow/example_dags/example_sensors.py
[2025-04-08T05:58:44.584+0000] {processor.py:830} INFO - Processing file /home/airflow/.local/lib/python3.8/site-packages/airflow/example_dags/example_sensors.py for tasks to queue
[2025-04-08T05:58:44.586+0000] {logging_mixin.py:188} INFO - [2025-04-08T05:58:44.585+0000] {dagbag.py:538} INFO - Filling up the DagBag from /home/airflow/.local/lib/python3.8/site-packages/airflow/example_dags/example_sensors.py
[2025-04-08T05:58:44.594+0000] {processor.py:840} INFO - DAG(s) 'example_sensors' retrieved from /home/airflow/.local/lib/python3.8/site-packages/airflow/example_dags/example_sensors.py
[2025-04-08T05:58:44.620+0000] {logging_mixin.py:188} INFO - [2025-04-08T05:58:44.619+0000] {dag.py:3036} INFO - Sync 1 DAGs
[2025-04-08T05:58:44.635+0000] {logging_mixin.py:188} INFO - [2025-04-08T05:58:44.634+0000] {dag.py:3823} INFO - Setting next_dagrun for example_sensors to None, run_after=None
[2025-04-08T05:58:44.763+0000] {processor.py:183} INFO - Processing /home/airflow/.local/lib/python3.8/site-packages/airflow/example_dags/example_sensors.py took 0.183 seconds
