[2025-04-08T05:44:51.078+0000] {processor.py:161} INFO - Started process (PID=66) to work on /home/airflow/.local/lib/python3.8/site-packages/airflow/example_dags/example_external_task_marker_dag.py
[2025-04-08T05:44:51.079+0000] {processor.py:830} INFO - Processing file /home/airflow/.local/lib/python3.8/site-packages/airflow/example_dags/example_external_task_marker_dag.py for tasks to queue
[2025-04-08T05:44:51.082+0000] {logging_mixin.py:188} INFO - [2025-04-08T05:44:51.081+0000] {dagbag.py:538} INFO - Filling up the DagBag from /home/airflow/.local/lib/python3.8/site-packages/airflow/example_dags/example_external_task_marker_dag.py
[2025-04-08T05:44:51.090+0000] {processor.py:840} INFO - DAG(s) 'example_external_task_marker_child', 'example_external_task_marker_parent' retrieved from /home/airflow/.local/lib/python3.8/site-packages/airflow/example_dags/example_external_task_marker_dag.py
[2025-04-08T05:44:51.231+0000] {logging_mixin.py:188} INFO - [2025-04-08T05:44:51.231+0000] {dag.py:3036} INFO - Sync 2 DAGs
[2025-04-08T05:44:51.244+0000] {logging_mixin.py:188} INFO - [2025-04-08T05:44:51.243+0000] {dag.py:3823} INFO - Setting next_dagrun for example_external_task_marker_child to None, run_after=None
[2025-04-08T05:44:51.248+0000] {logging_mixin.py:188} INFO - [2025-04-08T05:44:51.247+0000] {dag.py:3823} INFO - Setting next_dagrun for example_external_task_marker_parent to None, run_after=None
[2025-04-08T05:44:51.351+0000] {processor.py:183} INFO - Processing /home/airflow/.local/lib/python3.8/site-packages/airflow/example_dags/example_external_task_marker_dag.py took 0.277 seconds
[2025-04-08T05:45:24.047+0000] {processor.py:161} INFO - Started process (PID=121) to work on /home/airflow/.local/lib/python3.8/site-packages/airflow/example_dags/example_external_task_marker_dag.py
[2025-04-08T05:45:24.048+0000] {processor.py:830} INFO - Processing file /home/airflow/.local/lib/python3.8/site-packages/airflow/example_dags/example_external_task_marker_dag.py for tasks to queue
[2025-04-08T05:45:24.050+0000] {logging_mixin.py:188} INFO - [2025-04-08T05:45:24.049+0000] {dagbag.py:538} INFO - Filling up the DagBag from /home/airflow/.local/lib/python3.8/site-packages/airflow/example_dags/example_external_task_marker_dag.py
[2025-04-08T05:45:24.056+0000] {processor.py:840} INFO - DAG(s) 'example_external_task_marker_parent', 'example_external_task_marker_child' retrieved from /home/airflow/.local/lib/python3.8/site-packages/airflow/example_dags/example_external_task_marker_dag.py
[2025-04-08T05:45:24.082+0000] {logging_mixin.py:188} INFO - [2025-04-08T05:45:24.082+0000] {dag.py:3036} INFO - Sync 2 DAGs
[2025-04-08T05:45:24.096+0000] {logging_mixin.py:188} INFO - [2025-04-08T05:45:24.096+0000] {dag.py:3823} INFO - Setting next_dagrun for example_external_task_marker_child to None, run_after=None
[2025-04-08T05:45:24.100+0000] {logging_mixin.py:188} INFO - [2025-04-08T05:45:24.100+0000] {dag.py:3823} INFO - Setting next_dagrun for example_external_task_marker_parent to None, run_after=None
[2025-04-08T05:45:24.162+0000] {processor.py:183} INFO - Processing /home/airflow/.local/lib/python3.8/site-packages/airflow/example_dags/example_external_task_marker_dag.py took 0.119 seconds
[2025-04-08T05:45:54.529+0000] {processor.py:161} INFO - Started process (PID=176) to work on /home/airflow/.local/lib/python3.8/site-packages/airflow/example_dags/example_external_task_marker_dag.py
[2025-04-08T05:45:54.530+0000] {processor.py:830} INFO - Processing file /home/airflow/.local/lib/python3.8/site-packages/airflow/example_dags/example_external_task_marker_dag.py for tasks to queue
[2025-04-08T05:45:54.532+0000] {logging_mixin.py:188} INFO - [2025-04-08T05:45:54.531+0000] {dagbag.py:538} INFO - Filling up the DagBag from /home/airflow/.local/lib/python3.8/site-packages/airflow/example_dags/example_external_task_marker_dag.py
[2025-04-08T05:45:54.539+0000] {processor.py:840} INFO - DAG(s) 'example_external_task_marker_child', 'example_external_task_marker_parent' retrieved from /home/airflow/.local/lib/python3.8/site-packages/airflow/example_dags/example_external_task_marker_dag.py
[2025-04-08T05:45:54.564+0000] {logging_mixin.py:188} INFO - [2025-04-08T05:45:54.564+0000] {dag.py:3036} INFO - Sync 2 DAGs
[2025-04-08T05:45:54.583+0000] {logging_mixin.py:188} INFO - [2025-04-08T05:45:54.582+0000] {dag.py:3823} INFO - Setting next_dagrun for example_external_task_marker_child to None, run_after=None
[2025-04-08T05:45:54.590+0000] {logging_mixin.py:188} INFO - [2025-04-08T05:45:54.589+0000] {dag.py:3823} INFO - Setting next_dagrun for example_external_task_marker_parent to None, run_after=None
[2025-04-08T05:45:54.637+0000] {processor.py:183} INFO - Processing /home/airflow/.local/lib/python3.8/site-packages/airflow/example_dags/example_external_task_marker_dag.py took 0.111 seconds
[2025-04-08T05:46:24.759+0000] {processor.py:161} INFO - Started process (PID=231) to work on /home/airflow/.local/lib/python3.8/site-packages/airflow/example_dags/example_external_task_marker_dag.py
[2025-04-08T05:46:24.761+0000] {processor.py:830} INFO - Processing file /home/airflow/.local/lib/python3.8/site-packages/airflow/example_dags/example_external_task_marker_dag.py for tasks to queue
[2025-04-08T05:46:24.762+0000] {logging_mixin.py:188} INFO - [2025-04-08T05:46:24.762+0000] {dagbag.py:538} INFO - Filling up the DagBag from /home/airflow/.local/lib/python3.8/site-packages/airflow/example_dags/example_external_task_marker_dag.py
[2025-04-08T05:46:24.768+0000] {processor.py:840} INFO - DAG(s) 'example_external_task_marker_child', 'example_external_task_marker_parent' retrieved from /home/airflow/.local/lib/python3.8/site-packages/airflow/example_dags/example_external_task_marker_dag.py
[2025-04-08T05:46:24.793+0000] {logging_mixin.py:188} INFO - [2025-04-08T05:46:24.792+0000] {dag.py:3036} INFO - Sync 2 DAGs
[2025-04-08T05:46:24.807+0000] {logging_mixin.py:188} INFO - [2025-04-08T05:46:24.807+0000] {dag.py:3823} INFO - Setting next_dagrun for example_external_task_marker_child to None, run_after=None
[2025-04-08T05:46:24.811+0000] {logging_mixin.py:188} INFO - [2025-04-08T05:46:24.811+0000] {dag.py:3823} INFO - Setting next_dagrun for example_external_task_marker_parent to None, run_after=None
[2025-04-08T05:46:24.911+0000] {processor.py:183} INFO - Processing /home/airflow/.local/lib/python3.8/site-packages/airflow/example_dags/example_external_task_marker_dag.py took 0.154 seconds
[2025-04-08T05:46:55.368+0000] {processor.py:161} INFO - Started process (PID=286) to work on /home/airflow/.local/lib/python3.8/site-packages/airflow/example_dags/example_external_task_marker_dag.py
[2025-04-08T05:46:55.369+0000] {processor.py:830} INFO - Processing file /home/airflow/.local/lib/python3.8/site-packages/airflow/example_dags/example_external_task_marker_dag.py for tasks to queue
[2025-04-08T05:46:55.371+0000] {logging_mixin.py:188} INFO - [2025-04-08T05:46:55.371+0000] {dagbag.py:538} INFO - Filling up the DagBag from /home/airflow/.local/lib/python3.8/site-packages/airflow/example_dags/example_external_task_marker_dag.py
[2025-04-08T05:46:55.379+0000] {processor.py:840} INFO - DAG(s) 'example_external_task_marker_child', 'example_external_task_marker_parent' retrieved from /home/airflow/.local/lib/python3.8/site-packages/airflow/example_dags/example_external_task_marker_dag.py
[2025-04-08T05:46:55.410+0000] {logging_mixin.py:188} INFO - [2025-04-08T05:46:55.409+0000] {dag.py:3036} INFO - Sync 2 DAGs
[2025-04-08T05:46:55.425+0000] {logging_mixin.py:188} INFO - [2025-04-08T05:46:55.425+0000] {dag.py:3823} INFO - Setting next_dagrun for example_external_task_marker_child to None, run_after=None
[2025-04-08T05:46:55.430+0000] {logging_mixin.py:188} INFO - [2025-04-08T05:46:55.430+0000] {dag.py:3823} INFO - Setting next_dagrun for example_external_task_marker_parent to None, run_after=None
[2025-04-08T05:46:55.480+0000] {processor.py:183} INFO - Processing /home/airflow/.local/lib/python3.8/site-packages/airflow/example_dags/example_external_task_marker_dag.py took 0.116 seconds
[2025-04-08T05:47:25.593+0000] {processor.py:161} INFO - Started process (PID=341) to work on /home/airflow/.local/lib/python3.8/site-packages/airflow/example_dags/example_external_task_marker_dag.py
[2025-04-08T05:47:25.594+0000] {processor.py:830} INFO - Processing file /home/airflow/.local/lib/python3.8/site-packages/airflow/example_dags/example_external_task_marker_dag.py for tasks to queue
[2025-04-08T05:47:25.596+0000] {logging_mixin.py:188} INFO - [2025-04-08T05:47:25.596+0000] {dagbag.py:538} INFO - Filling up the DagBag from /home/airflow/.local/lib/python3.8/site-packages/airflow/example_dags/example_external_task_marker_dag.py
[2025-04-08T05:47:25.602+0000] {processor.py:840} INFO - DAG(s) 'example_external_task_marker_child', 'example_external_task_marker_parent' retrieved from /home/airflow/.local/lib/python3.8/site-packages/airflow/example_dags/example_external_task_marker_dag.py
[2025-04-08T05:47:25.629+0000] {logging_mixin.py:188} INFO - [2025-04-08T05:47:25.629+0000] {dag.py:3036} INFO - Sync 2 DAGs
[2025-04-08T05:47:25.642+0000] {logging_mixin.py:188} INFO - [2025-04-08T05:47:25.642+0000] {dag.py:3823} INFO - Setting next_dagrun for example_external_task_marker_child to None, run_after=None
[2025-04-08T05:47:25.647+0000] {logging_mixin.py:188} INFO - [2025-04-08T05:47:25.647+0000] {dag.py:3823} INFO - Setting next_dagrun for example_external_task_marker_parent to None, run_after=None
[2025-04-08T05:47:25.696+0000] {processor.py:183} INFO - Processing /home/airflow/.local/lib/python3.8/site-packages/airflow/example_dags/example_external_task_marker_dag.py took 0.105 seconds
[2025-04-08T05:47:56.023+0000] {processor.py:161} INFO - Started process (PID=396) to work on /home/airflow/.local/lib/python3.8/site-packages/airflow/example_dags/example_external_task_marker_dag.py
[2025-04-08T05:47:56.024+0000] {processor.py:830} INFO - Processing file /home/airflow/.local/lib/python3.8/site-packages/airflow/example_dags/example_external_task_marker_dag.py for tasks to queue
[2025-04-08T05:47:56.026+0000] {logging_mixin.py:188} INFO - [2025-04-08T05:47:56.026+0000] {dagbag.py:538} INFO - Filling up the DagBag from /home/airflow/.local/lib/python3.8/site-packages/airflow/example_dags/example_external_task_marker_dag.py
[2025-04-08T05:47:56.031+0000] {processor.py:840} INFO - DAG(s) 'example_external_task_marker_parent', 'example_external_task_marker_child' retrieved from /home/airflow/.local/lib/python3.8/site-packages/airflow/example_dags/example_external_task_marker_dag.py
[2025-04-08T05:47:56.056+0000] {logging_mixin.py:188} INFO - [2025-04-08T05:47:56.055+0000] {dag.py:3036} INFO - Sync 2 DAGs
[2025-04-08T05:47:56.069+0000] {logging_mixin.py:188} INFO - [2025-04-08T05:47:56.068+0000] {dag.py:3823} INFO - Setting next_dagrun for example_external_task_marker_child to None, run_after=None
[2025-04-08T05:47:56.073+0000] {logging_mixin.py:188} INFO - [2025-04-08T05:47:56.072+0000] {dag.py:3823} INFO - Setting next_dagrun for example_external_task_marker_parent to None, run_after=None
[2025-04-08T05:47:56.125+0000] {processor.py:183} INFO - Processing /home/airflow/.local/lib/python3.8/site-packages/airflow/example_dags/example_external_task_marker_dag.py took 0.105 seconds
[2025-04-08T05:48:26.276+0000] {processor.py:161} INFO - Started process (PID=451) to work on /home/airflow/.local/lib/python3.8/site-packages/airflow/example_dags/example_external_task_marker_dag.py
[2025-04-08T05:48:26.277+0000] {processor.py:830} INFO - Processing file /home/airflow/.local/lib/python3.8/site-packages/airflow/example_dags/example_external_task_marker_dag.py for tasks to queue
[2025-04-08T05:48:26.279+0000] {logging_mixin.py:188} INFO - [2025-04-08T05:48:26.279+0000] {dagbag.py:538} INFO - Filling up the DagBag from /home/airflow/.local/lib/python3.8/site-packages/airflow/example_dags/example_external_task_marker_dag.py
[2025-04-08T05:48:26.285+0000] {processor.py:840} INFO - DAG(s) 'example_external_task_marker_parent', 'example_external_task_marker_child' retrieved from /home/airflow/.local/lib/python3.8/site-packages/airflow/example_dags/example_external_task_marker_dag.py
[2025-04-08T05:48:26.312+0000] {logging_mixin.py:188} INFO - [2025-04-08T05:48:26.312+0000] {dag.py:3036} INFO - Sync 2 DAGs
[2025-04-08T05:48:26.327+0000] {logging_mixin.py:188} INFO - [2025-04-08T05:48:26.326+0000] {dag.py:3823} INFO - Setting next_dagrun for example_external_task_marker_child to None, run_after=None
[2025-04-08T05:48:26.333+0000] {logging_mixin.py:188} INFO - [2025-04-08T05:48:26.333+0000] {dag.py:3823} INFO - Setting next_dagrun for example_external_task_marker_parent to None, run_after=None
[2025-04-08T05:48:26.391+0000] {processor.py:183} INFO - Processing /home/airflow/.local/lib/python3.8/site-packages/airflow/example_dags/example_external_task_marker_dag.py took 0.118 seconds
[2025-04-08T05:48:56.579+0000] {processor.py:161} INFO - Started process (PID=506) to work on /home/airflow/.local/lib/python3.8/site-packages/airflow/example_dags/example_external_task_marker_dag.py
[2025-04-08T05:48:56.581+0000] {processor.py:830} INFO - Processing file /home/airflow/.local/lib/python3.8/site-packages/airflow/example_dags/example_external_task_marker_dag.py for tasks to queue
[2025-04-08T05:48:56.583+0000] {logging_mixin.py:188} INFO - [2025-04-08T05:48:56.583+0000] {dagbag.py:538} INFO - Filling up the DagBag from /home/airflow/.local/lib/python3.8/site-packages/airflow/example_dags/example_external_task_marker_dag.py
[2025-04-08T05:48:56.589+0000] {processor.py:840} INFO - DAG(s) 'example_external_task_marker_parent', 'example_external_task_marker_child' retrieved from /home/airflow/.local/lib/python3.8/site-packages/airflow/example_dags/example_external_task_marker_dag.py
[2025-04-08T05:48:56.621+0000] {logging_mixin.py:188} INFO - [2025-04-08T05:48:56.620+0000] {dag.py:3036} INFO - Sync 2 DAGs
[2025-04-08T05:48:56.636+0000] {logging_mixin.py:188} INFO - [2025-04-08T05:48:56.635+0000] {dag.py:3823} INFO - Setting next_dagrun for example_external_task_marker_child to None, run_after=None
[2025-04-08T05:48:56.641+0000] {logging_mixin.py:188} INFO - [2025-04-08T05:48:56.640+0000] {dag.py:3823} INFO - Setting next_dagrun for example_external_task_marker_parent to None, run_after=None
[2025-04-08T05:48:56.777+0000] {processor.py:183} INFO - Processing /home/airflow/.local/lib/python3.8/site-packages/airflow/example_dags/example_external_task_marker_dag.py took 0.201 seconds
[2025-04-08T05:49:26.872+0000] {processor.py:161} INFO - Started process (PID=561) to work on /home/airflow/.local/lib/python3.8/site-packages/airflow/example_dags/example_external_task_marker_dag.py
[2025-04-08T05:49:26.873+0000] {processor.py:830} INFO - Processing file /home/airflow/.local/lib/python3.8/site-packages/airflow/example_dags/example_external_task_marker_dag.py for tasks to queue
[2025-04-08T05:49:26.875+0000] {logging_mixin.py:188} INFO - [2025-04-08T05:49:26.875+0000] {dagbag.py:538} INFO - Filling up the DagBag from /home/airflow/.local/lib/python3.8/site-packages/airflow/example_dags/example_external_task_marker_dag.py
[2025-04-08T05:49:26.881+0000] {processor.py:840} INFO - DAG(s) 'example_external_task_marker_parent', 'example_external_task_marker_child' retrieved from /home/airflow/.local/lib/python3.8/site-packages/airflow/example_dags/example_external_task_marker_dag.py
[2025-04-08T05:49:26.906+0000] {logging_mixin.py:188} INFO - [2025-04-08T05:49:26.906+0000] {dag.py:3036} INFO - Sync 2 DAGs
[2025-04-08T05:49:26.919+0000] {logging_mixin.py:188} INFO - [2025-04-08T05:49:26.918+0000] {dag.py:3823} INFO - Setting next_dagrun for example_external_task_marker_child to None, run_after=None
[2025-04-08T05:49:26.923+0000] {logging_mixin.py:188} INFO - [2025-04-08T05:49:26.923+0000] {dag.py:3823} INFO - Setting next_dagrun for example_external_task_marker_parent to None, run_after=None
[2025-04-08T05:49:26.982+0000] {processor.py:183} INFO - Processing /home/airflow/.local/lib/python3.8/site-packages/airflow/example_dags/example_external_task_marker_dag.py took 0.113 seconds
[2025-04-08T05:49:57.094+0000] {processor.py:161} INFO - Started process (PID=616) to work on /home/airflow/.local/lib/python3.8/site-packages/airflow/example_dags/example_external_task_marker_dag.py
[2025-04-08T05:49:57.095+0000] {processor.py:830} INFO - Processing file /home/airflow/.local/lib/python3.8/site-packages/airflow/example_dags/example_external_task_marker_dag.py for tasks to queue
[2025-04-08T05:49:57.098+0000] {logging_mixin.py:188} INFO - [2025-04-08T05:49:57.097+0000] {dagbag.py:538} INFO - Filling up the DagBag from /home/airflow/.local/lib/python3.8/site-packages/airflow/example_dags/example_external_task_marker_dag.py
[2025-04-08T05:49:57.104+0000] {processor.py:840} INFO - DAG(s) 'example_external_task_marker_child', 'example_external_task_marker_parent' retrieved from /home/airflow/.local/lib/python3.8/site-packages/airflow/example_dags/example_external_task_marker_dag.py
[2025-04-08T05:49:57.131+0000] {logging_mixin.py:188} INFO - [2025-04-08T05:49:57.131+0000] {dag.py:3036} INFO - Sync 2 DAGs
[2025-04-08T05:49:57.143+0000] {logging_mixin.py:188} INFO - [2025-04-08T05:49:57.143+0000] {dag.py:3823} INFO - Setting next_dagrun for example_external_task_marker_child to None, run_after=None
[2025-04-08T05:49:57.148+0000] {logging_mixin.py:188} INFO - [2025-04-08T05:49:57.147+0000] {dag.py:3823} INFO - Setting next_dagrun for example_external_task_marker_parent to None, run_after=None
[2025-04-08T05:49:57.200+0000] {processor.py:183} INFO - Processing /home/airflow/.local/lib/python3.8/site-packages/airflow/example_dags/example_external_task_marker_dag.py took 0.109 seconds
[2025-04-08T05:50:27.621+0000] {processor.py:161} INFO - Started process (PID=671) to work on /home/airflow/.local/lib/python3.8/site-packages/airflow/example_dags/example_external_task_marker_dag.py
[2025-04-08T05:50:27.622+0000] {processor.py:830} INFO - Processing file /home/airflow/.local/lib/python3.8/site-packages/airflow/example_dags/example_external_task_marker_dag.py for tasks to queue
[2025-04-08T05:50:27.624+0000] {logging_mixin.py:188} INFO - [2025-04-08T05:50:27.624+0000] {dagbag.py:538} INFO - Filling up the DagBag from /home/airflow/.local/lib/python3.8/site-packages/airflow/example_dags/example_external_task_marker_dag.py
[2025-04-08T05:50:27.630+0000] {processor.py:840} INFO - DAG(s) 'example_external_task_marker_parent', 'example_external_task_marker_child' retrieved from /home/airflow/.local/lib/python3.8/site-packages/airflow/example_dags/example_external_task_marker_dag.py
[2025-04-08T05:50:27.653+0000] {logging_mixin.py:188} INFO - [2025-04-08T05:50:27.652+0000] {dag.py:3036} INFO - Sync 2 DAGs
[2025-04-08T05:50:27.666+0000] {logging_mixin.py:188} INFO - [2025-04-08T05:50:27.666+0000] {dag.py:3823} INFO - Setting next_dagrun for example_external_task_marker_child to None, run_after=None
[2025-04-08T05:50:27.670+0000] {logging_mixin.py:188} INFO - [2025-04-08T05:50:27.670+0000] {dag.py:3823} INFO - Setting next_dagrun for example_external_task_marker_parent to None, run_after=None
[2025-04-08T05:50:27.714+0000] {processor.py:183} INFO - Processing /home/airflow/.local/lib/python3.8/site-packages/airflow/example_dags/example_external_task_marker_dag.py took 0.096 seconds
[2025-04-08T05:50:58.116+0000] {processor.py:161} INFO - Started process (PID=726) to work on /home/airflow/.local/lib/python3.8/site-packages/airflow/example_dags/example_external_task_marker_dag.py
[2025-04-08T05:50:58.117+0000] {processor.py:830} INFO - Processing file /home/airflow/.local/lib/python3.8/site-packages/airflow/example_dags/example_external_task_marker_dag.py for tasks to queue
[2025-04-08T05:50:58.120+0000] {logging_mixin.py:188} INFO - [2025-04-08T05:50:58.119+0000] {dagbag.py:538} INFO - Filling up the DagBag from /home/airflow/.local/lib/python3.8/site-packages/airflow/example_dags/example_external_task_marker_dag.py
[2025-04-08T05:50:58.126+0000] {processor.py:840} INFO - DAG(s) 'example_external_task_marker_child', 'example_external_task_marker_parent' retrieved from /home/airflow/.local/lib/python3.8/site-packages/airflow/example_dags/example_external_task_marker_dag.py
[2025-04-08T05:50:58.152+0000] {logging_mixin.py:188} INFO - [2025-04-08T05:50:58.151+0000] {dag.py:3036} INFO - Sync 2 DAGs
[2025-04-08T05:50:58.171+0000] {logging_mixin.py:188} INFO - [2025-04-08T05:50:58.170+0000] {dag.py:3823} INFO - Setting next_dagrun for example_external_task_marker_child to None, run_after=None
[2025-04-08T05:50:58.178+0000] {logging_mixin.py:188} INFO - [2025-04-08T05:50:58.177+0000] {dag.py:3823} INFO - Setting next_dagrun for example_external_task_marker_parent to None, run_after=None
[2025-04-08T05:50:58.318+0000] {processor.py:183} INFO - Processing /home/airflow/.local/lib/python3.8/site-packages/airflow/example_dags/example_external_task_marker_dag.py took 0.205 seconds
[2025-04-08T05:54:02.389+0000] {processor.py:161} INFO - Started process (PID=61) to work on /home/airflow/.local/lib/python3.8/site-packages/airflow/example_dags/example_external_task_marker_dag.py
[2025-04-08T05:54:02.390+0000] {processor.py:830} INFO - Processing file /home/airflow/.local/lib/python3.8/site-packages/airflow/example_dags/example_external_task_marker_dag.py for tasks to queue
[2025-04-08T05:54:02.392+0000] {logging_mixin.py:188} INFO - [2025-04-08T05:54:02.391+0000] {dagbag.py:538} INFO - Filling up the DagBag from /home/airflow/.local/lib/python3.8/site-packages/airflow/example_dags/example_external_task_marker_dag.py
[2025-04-08T05:54:02.399+0000] {processor.py:840} INFO - DAG(s) 'example_external_task_marker_child', 'example_external_task_marker_parent' retrieved from /home/airflow/.local/lib/python3.8/site-packages/airflow/example_dags/example_external_task_marker_dag.py
[2025-04-08T05:54:02.537+0000] {logging_mixin.py:188} INFO - [2025-04-08T05:54:02.537+0000] {dag.py:3036} INFO - Sync 2 DAGs
[2025-04-08T05:54:02.554+0000] {logging_mixin.py:188} INFO - [2025-04-08T05:54:02.554+0000] {dag.py:3823} INFO - Setting next_dagrun for example_external_task_marker_child to None, run_after=None
[2025-04-08T05:54:02.558+0000] {logging_mixin.py:188} INFO - [2025-04-08T05:54:02.558+0000] {dag.py:3823} INFO - Setting next_dagrun for example_external_task_marker_parent to None, run_after=None
[2025-04-08T05:54:02.655+0000] {processor.py:183} INFO - Processing /home/airflow/.local/lib/python3.8/site-packages/airflow/example_dags/example_external_task_marker_dag.py took 0.269 seconds
[2025-04-08T05:54:33.130+0000] {processor.py:161} INFO - Started process (PID=110) to work on /home/airflow/.local/lib/python3.8/site-packages/airflow/example_dags/example_external_task_marker_dag.py
[2025-04-08T05:54:33.131+0000] {processor.py:830} INFO - Processing file /home/airflow/.local/lib/python3.8/site-packages/airflow/example_dags/example_external_task_marker_dag.py for tasks to queue
[2025-04-08T05:54:33.133+0000] {logging_mixin.py:188} INFO - [2025-04-08T05:54:33.133+0000] {dagbag.py:538} INFO - Filling up the DagBag from /home/airflow/.local/lib/python3.8/site-packages/airflow/example_dags/example_external_task_marker_dag.py
[2025-04-08T05:54:33.139+0000] {processor.py:840} INFO - DAG(s) 'example_external_task_marker_child', 'example_external_task_marker_parent' retrieved from /home/airflow/.local/lib/python3.8/site-packages/airflow/example_dags/example_external_task_marker_dag.py
[2025-04-08T05:54:33.165+0000] {logging_mixin.py:188} INFO - [2025-04-08T05:54:33.164+0000] {dag.py:3036} INFO - Sync 2 DAGs
[2025-04-08T05:54:33.178+0000] {logging_mixin.py:188} INFO - [2025-04-08T05:54:33.177+0000] {dag.py:3823} INFO - Setting next_dagrun for example_external_task_marker_child to None, run_after=None
[2025-04-08T05:54:33.182+0000] {logging_mixin.py:188} INFO - [2025-04-08T05:54:33.182+0000] {dag.py:3823} INFO - Setting next_dagrun for example_external_task_marker_parent to None, run_after=None
[2025-04-08T05:54:33.239+0000] {processor.py:183} INFO - Processing /home/airflow/.local/lib/python3.8/site-packages/airflow/example_dags/example_external_task_marker_dag.py took 0.112 seconds
[2025-04-08T05:55:03.628+0000] {processor.py:161} INFO - Started process (PID=166) to work on /home/airflow/.local/lib/python3.8/site-packages/airflow/example_dags/example_external_task_marker_dag.py
[2025-04-08T05:55:03.629+0000] {processor.py:830} INFO - Processing file /home/airflow/.local/lib/python3.8/site-packages/airflow/example_dags/example_external_task_marker_dag.py for tasks to queue
[2025-04-08T05:55:03.631+0000] {logging_mixin.py:188} INFO - [2025-04-08T05:55:03.631+0000] {dagbag.py:538} INFO - Filling up the DagBag from /home/airflow/.local/lib/python3.8/site-packages/airflow/example_dags/example_external_task_marker_dag.py
[2025-04-08T05:55:03.638+0000] {processor.py:840} INFO - DAG(s) 'example_external_task_marker_parent', 'example_external_task_marker_child' retrieved from /home/airflow/.local/lib/python3.8/site-packages/airflow/example_dags/example_external_task_marker_dag.py
[2025-04-08T05:55:03.661+0000] {logging_mixin.py:188} INFO - [2025-04-08T05:55:03.661+0000] {dag.py:3036} INFO - Sync 2 DAGs
[2025-04-08T05:55:03.673+0000] {logging_mixin.py:188} INFO - [2025-04-08T05:55:03.673+0000] {dag.py:3823} INFO - Setting next_dagrun for example_external_task_marker_child to None, run_after=None
[2025-04-08T05:55:03.678+0000] {logging_mixin.py:188} INFO - [2025-04-08T05:55:03.678+0000] {dag.py:3823} INFO - Setting next_dagrun for example_external_task_marker_parent to None, run_after=None
[2025-04-08T05:55:03.738+0000] {processor.py:183} INFO - Processing /home/airflow/.local/lib/python3.8/site-packages/airflow/example_dags/example_external_task_marker_dag.py took 0.112 seconds
[2025-04-08T05:55:34.066+0000] {processor.py:161} INFO - Started process (PID=221) to work on /home/airflow/.local/lib/python3.8/site-packages/airflow/example_dags/example_external_task_marker_dag.py
[2025-04-08T05:55:34.067+0000] {processor.py:830} INFO - Processing file /home/airflow/.local/lib/python3.8/site-packages/airflow/example_dags/example_external_task_marker_dag.py for tasks to queue
[2025-04-08T05:55:34.070+0000] {logging_mixin.py:188} INFO - [2025-04-08T05:55:34.069+0000] {dagbag.py:538} INFO - Filling up the DagBag from /home/airflow/.local/lib/python3.8/site-packages/airflow/example_dags/example_external_task_marker_dag.py
[2025-04-08T05:55:34.079+0000] {processor.py:840} INFO - DAG(s) 'example_external_task_marker_child', 'example_external_task_marker_parent' retrieved from /home/airflow/.local/lib/python3.8/site-packages/airflow/example_dags/example_external_task_marker_dag.py
[2025-04-08T05:55:34.107+0000] {logging_mixin.py:188} INFO - [2025-04-08T05:55:34.106+0000] {dag.py:3036} INFO - Sync 2 DAGs
[2025-04-08T05:55:34.120+0000] {logging_mixin.py:188} INFO - [2025-04-08T05:55:34.120+0000] {dag.py:3823} INFO - Setting next_dagrun for example_external_task_marker_child to None, run_after=None
[2025-04-08T05:55:34.125+0000] {logging_mixin.py:188} INFO - [2025-04-08T05:55:34.124+0000] {dag.py:3823} INFO - Setting next_dagrun for example_external_task_marker_parent to None, run_after=None
[2025-04-08T05:55:34.197+0000] {processor.py:183} INFO - Processing /home/airflow/.local/lib/python3.8/site-packages/airflow/example_dags/example_external_task_marker_dag.py took 0.135 seconds
[2025-04-08T05:56:05.633+0000] {processor.py:161} INFO - Started process (PID=276) to work on /home/airflow/.local/lib/python3.8/site-packages/airflow/example_dags/example_external_task_marker_dag.py
[2025-04-08T05:56:05.634+0000] {processor.py:830} INFO - Processing file /home/airflow/.local/lib/python3.8/site-packages/airflow/example_dags/example_external_task_marker_dag.py for tasks to queue
[2025-04-08T05:56:05.636+0000] {logging_mixin.py:188} INFO - [2025-04-08T05:56:05.636+0000] {dagbag.py:538} INFO - Filling up the DagBag from /home/airflow/.local/lib/python3.8/site-packages/airflow/example_dags/example_external_task_marker_dag.py
[2025-04-08T05:56:05.642+0000] {processor.py:840} INFO - DAG(s) 'example_external_task_marker_parent', 'example_external_task_marker_child' retrieved from /home/airflow/.local/lib/python3.8/site-packages/airflow/example_dags/example_external_task_marker_dag.py
[2025-04-08T05:56:05.670+0000] {logging_mixin.py:188} INFO - [2025-04-08T05:56:05.669+0000] {dag.py:3036} INFO - Sync 2 DAGs
[2025-04-08T05:56:05.684+0000] {logging_mixin.py:188} INFO - [2025-04-08T05:56:05.683+0000] {dag.py:3823} INFO - Setting next_dagrun for example_external_task_marker_child to None, run_after=None
[2025-04-08T05:56:05.688+0000] {logging_mixin.py:188} INFO - [2025-04-08T05:56:05.688+0000] {dag.py:3823} INFO - Setting next_dagrun for example_external_task_marker_parent to None, run_after=None
[2025-04-08T05:56:05.757+0000] {processor.py:183} INFO - Processing /home/airflow/.local/lib/python3.8/site-packages/airflow/example_dags/example_external_task_marker_dag.py took 0.127 seconds
[2025-04-08T05:56:35.969+0000] {processor.py:161} INFO - Started process (PID=331) to work on /home/airflow/.local/lib/python3.8/site-packages/airflow/example_dags/example_external_task_marker_dag.py
[2025-04-08T05:56:35.970+0000] {processor.py:830} INFO - Processing file /home/airflow/.local/lib/python3.8/site-packages/airflow/example_dags/example_external_task_marker_dag.py for tasks to queue
[2025-04-08T05:56:35.971+0000] {logging_mixin.py:188} INFO - [2025-04-08T05:56:35.971+0000] {dagbag.py:538} INFO - Filling up the DagBag from /home/airflow/.local/lib/python3.8/site-packages/airflow/example_dags/example_external_task_marker_dag.py
[2025-04-08T05:56:35.978+0000] {processor.py:840} INFO - DAG(s) 'example_external_task_marker_parent', 'example_external_task_marker_child' retrieved from /home/airflow/.local/lib/python3.8/site-packages/airflow/example_dags/example_external_task_marker_dag.py
[2025-04-08T05:56:36.013+0000] {logging_mixin.py:188} INFO - [2025-04-08T05:56:36.012+0000] {dag.py:3036} INFO - Sync 2 DAGs
[2025-04-08T05:56:36.025+0000] {logging_mixin.py:188} INFO - [2025-04-08T05:56:36.024+0000] {dag.py:3823} INFO - Setting next_dagrun for example_external_task_marker_child to None, run_after=None
[2025-04-08T05:56:36.029+0000] {logging_mixin.py:188} INFO - [2025-04-08T05:56:36.028+0000] {dag.py:3823} INFO - Setting next_dagrun for example_external_task_marker_parent to None, run_after=None
[2025-04-08T05:56:36.092+0000] {processor.py:183} INFO - Processing /home/airflow/.local/lib/python3.8/site-packages/airflow/example_dags/example_external_task_marker_dag.py took 0.127 seconds
[2025-04-08T05:57:06.356+0000] {processor.py:161} INFO - Started process (PID=386) to work on /home/airflow/.local/lib/python3.8/site-packages/airflow/example_dags/example_external_task_marker_dag.py
[2025-04-08T05:57:06.357+0000] {processor.py:830} INFO - Processing file /home/airflow/.local/lib/python3.8/site-packages/airflow/example_dags/example_external_task_marker_dag.py for tasks to queue
[2025-04-08T05:57:06.359+0000] {logging_mixin.py:188} INFO - [2025-04-08T05:57:06.359+0000] {dagbag.py:538} INFO - Filling up the DagBag from /home/airflow/.local/lib/python3.8/site-packages/airflow/example_dags/example_external_task_marker_dag.py
[2025-04-08T05:57:06.366+0000] {processor.py:840} INFO - DAG(s) 'example_external_task_marker_child', 'example_external_task_marker_parent' retrieved from /home/airflow/.local/lib/python3.8/site-packages/airflow/example_dags/example_external_task_marker_dag.py
[2025-04-08T05:57:06.391+0000] {logging_mixin.py:188} INFO - [2025-04-08T05:57:06.391+0000] {dag.py:3036} INFO - Sync 2 DAGs
[2025-04-08T05:57:06.404+0000] {logging_mixin.py:188} INFO - [2025-04-08T05:57:06.404+0000] {dag.py:3823} INFO - Setting next_dagrun for example_external_task_marker_child to None, run_after=None
[2025-04-08T05:57:06.408+0000] {logging_mixin.py:188} INFO - [2025-04-08T05:57:06.408+0000] {dag.py:3823} INFO - Setting next_dagrun for example_external_task_marker_parent to None, run_after=None
[2025-04-08T05:57:06.476+0000] {processor.py:183} INFO - Processing /home/airflow/.local/lib/python3.8/site-packages/airflow/example_dags/example_external_task_marker_dag.py took 0.122 seconds
[2025-04-08T05:57:36.653+0000] {processor.py:161} INFO - Started process (PID=441) to work on /home/airflow/.local/lib/python3.8/site-packages/airflow/example_dags/example_external_task_marker_dag.py
[2025-04-08T05:57:36.654+0000] {processor.py:830} INFO - Processing file /home/airflow/.local/lib/python3.8/site-packages/airflow/example_dags/example_external_task_marker_dag.py for tasks to queue
[2025-04-08T05:57:36.656+0000] {logging_mixin.py:188} INFO - [2025-04-08T05:57:36.656+0000] {dagbag.py:538} INFO - Filling up the DagBag from /home/airflow/.local/lib/python3.8/site-packages/airflow/example_dags/example_external_task_marker_dag.py
[2025-04-08T05:57:36.662+0000] {processor.py:840} INFO - DAG(s) 'example_external_task_marker_parent', 'example_external_task_marker_child' retrieved from /home/airflow/.local/lib/python3.8/site-packages/airflow/example_dags/example_external_task_marker_dag.py
[2025-04-08T05:57:36.685+0000] {logging_mixin.py:188} INFO - [2025-04-08T05:57:36.685+0000] {dag.py:3036} INFO - Sync 2 DAGs
[2025-04-08T05:57:36.697+0000] {logging_mixin.py:188} INFO - [2025-04-08T05:57:36.697+0000] {dag.py:3823} INFO - Setting next_dagrun for example_external_task_marker_child to None, run_after=None
[2025-04-08T05:57:36.701+0000] {logging_mixin.py:188} INFO - [2025-04-08T05:57:36.701+0000] {dag.py:3823} INFO - Setting next_dagrun for example_external_task_marker_parent to None, run_after=None
[2025-04-08T05:57:36.764+0000] {processor.py:183} INFO - Processing /home/airflow/.local/lib/python3.8/site-packages/airflow/example_dags/example_external_task_marker_dag.py took 0.113 seconds
[2025-04-08T05:58:07.556+0000] {processor.py:161} INFO - Started process (PID=496) to work on /home/airflow/.local/lib/python3.8/site-packages/airflow/example_dags/example_external_task_marker_dag.py
[2025-04-08T05:58:07.557+0000] {processor.py:830} INFO - Processing file /home/airflow/.local/lib/python3.8/site-packages/airflow/example_dags/example_external_task_marker_dag.py for tasks to queue
[2025-04-08T05:58:07.560+0000] {logging_mixin.py:188} INFO - [2025-04-08T05:58:07.559+0000] {dagbag.py:538} INFO - Filling up the DagBag from /home/airflow/.local/lib/python3.8/site-packages/airflow/example_dags/example_external_task_marker_dag.py
[2025-04-08T05:58:07.575+0000] {processor.py:840} INFO - DAG(s) 'example_external_task_marker_child', 'example_external_task_marker_parent' retrieved from /home/airflow/.local/lib/python3.8/site-packages/airflow/example_dags/example_external_task_marker_dag.py
[2025-04-08T05:58:07.609+0000] {logging_mixin.py:188} INFO - [2025-04-08T05:58:07.609+0000] {dag.py:3036} INFO - Sync 2 DAGs
[2025-04-08T05:58:07.626+0000] {logging_mixin.py:188} INFO - [2025-04-08T05:58:07.625+0000] {dag.py:3823} INFO - Setting next_dagrun for example_external_task_marker_child to None, run_after=None
[2025-04-08T05:58:07.630+0000] {logging_mixin.py:188} INFO - [2025-04-08T05:58:07.630+0000] {dag.py:3823} INFO - Setting next_dagrun for example_external_task_marker_parent to None, run_after=None
[2025-04-08T05:58:07.685+0000] {processor.py:183} INFO - Processing /home/airflow/.local/lib/python3.8/site-packages/airflow/example_dags/example_external_task_marker_dag.py took 0.134 seconds
[2025-04-08T05:58:38.496+0000] {processor.py:161} INFO - Started process (PID=551) to work on /home/airflow/.local/lib/python3.8/site-packages/airflow/example_dags/example_external_task_marker_dag.py
[2025-04-08T05:58:38.497+0000] {processor.py:830} INFO - Processing file /home/airflow/.local/lib/python3.8/site-packages/airflow/example_dags/example_external_task_marker_dag.py for tasks to queue
[2025-04-08T05:58:38.499+0000] {logging_mixin.py:188} INFO - [2025-04-08T05:58:38.499+0000] {dagbag.py:538} INFO - Filling up the DagBag from /home/airflow/.local/lib/python3.8/site-packages/airflow/example_dags/example_external_task_marker_dag.py
[2025-04-08T05:58:38.505+0000] {processor.py:840} INFO - DAG(s) 'example_external_task_marker_child', 'example_external_task_marker_parent' retrieved from /home/airflow/.local/lib/python3.8/site-packages/airflow/example_dags/example_external_task_marker_dag.py
[2025-04-08T05:58:38.528+0000] {logging_mixin.py:188} INFO - [2025-04-08T05:58:38.528+0000] {dag.py:3036} INFO - Sync 2 DAGs
[2025-04-08T05:58:38.540+0000] {logging_mixin.py:188} INFO - [2025-04-08T05:58:38.540+0000] {dag.py:3823} INFO - Setting next_dagrun for example_external_task_marker_child to None, run_after=None
[2025-04-08T05:58:38.544+0000] {logging_mixin.py:188} INFO - [2025-04-08T05:58:38.544+0000] {dag.py:3823} INFO - Setting next_dagrun for example_external_task_marker_parent to None, run_after=None
[2025-04-08T05:58:38.606+0000] {processor.py:183} INFO - Processing /home/airflow/.local/lib/python3.8/site-packages/airflow/example_dags/example_external_task_marker_dag.py took 0.113 seconds
