[2025-04-08T05:44:56.427+0000] {processor.py:161} INFO - Started process (PID=105) to work on /home/airflow/.local/lib/python3.8/site-packages/airflow/example_dags/example_branch_operator.py
[2025-04-08T05:44:56.429+0000] {processor.py:830} INFO - Processing file /home/airflow/.local/lib/python3.8/site-packages/airflow/example_dags/example_branch_operator.py for tasks to queue
[2025-04-08T05:44:56.431+0000] {logging_mixin.py:188} INFO - [2025-04-08T05:44:56.431+0000] {dagbag.py:538} INFO - Filling up the DagBag from /home/airflow/.local/lib/python3.8/site-packages/airflow/example_dags/example_branch_operator.py
[2025-04-08T05:44:56.452+0000] {processor.py:840} INFO - DAG(s) 'example_branch_operator' retrieved from /home/airflow/.local/lib/python3.8/site-packages/airflow/example_dags/example_branch_operator.py
[2025-04-08T05:44:56.625+0000] {logging_mixin.py:188} INFO - [2025-04-08T05:44:56.625+0000] {dag.py:3036} INFO - Sync 1 DAGs
[2025-04-08T05:44:56.648+0000] {logging_mixin.py:188} INFO - [2025-04-08T05:44:56.648+0000] {dag.py:3823} INFO - Setting next_dagrun for example_branch_operator to 2025-04-07 00:00:00+00:00, run_after=2025-04-08 00:00:00+00:00
[2025-04-08T05:44:56.727+0000] {processor.py:183} INFO - Processing /home/airflow/.local/lib/python3.8/site-packages/airflow/example_dags/example_branch_operator.py took 0.302 seconds
[2025-04-08T05:45:27.733+0000] {processor.py:161} INFO - Started process (PID=160) to work on /home/airflow/.local/lib/python3.8/site-packages/airflow/example_dags/example_branch_operator.py
[2025-04-08T05:45:27.734+0000] {processor.py:830} INFO - Processing file /home/airflow/.local/lib/python3.8/site-packages/airflow/example_dags/example_branch_operator.py for tasks to queue
[2025-04-08T05:45:27.736+0000] {logging_mixin.py:188} INFO - [2025-04-08T05:45:27.736+0000] {dagbag.py:538} INFO - Filling up the DagBag from /home/airflow/.local/lib/python3.8/site-packages/airflow/example_dags/example_branch_operator.py
[2025-04-08T05:45:27.761+0000] {processor.py:840} INFO - DAG(s) 'example_branch_operator' retrieved from /home/airflow/.local/lib/python3.8/site-packages/airflow/example_dags/example_branch_operator.py
[2025-04-08T05:45:27.792+0000] {logging_mixin.py:188} INFO - [2025-04-08T05:45:27.792+0000] {dag.py:3036} INFO - Sync 1 DAGs
[2025-04-08T05:45:27.819+0000] {logging_mixin.py:188} INFO - [2025-04-08T05:45:27.819+0000] {dag.py:3823} INFO - Setting next_dagrun for example_branch_operator to 2025-04-07 00:00:00+00:00, run_after=2025-04-08 00:00:00+00:00
[2025-04-08T05:45:27.894+0000] {processor.py:183} INFO - Processing /home/airflow/.local/lib/python3.8/site-packages/airflow/example_dags/example_branch_operator.py took 0.164 seconds
[2025-04-08T05:46:00.637+0000] {processor.py:161} INFO - Started process (PID=215) to work on /home/airflow/.local/lib/python3.8/site-packages/airflow/example_dags/example_branch_operator.py
[2025-04-08T05:46:00.639+0000] {processor.py:830} INFO - Processing file /home/airflow/.local/lib/python3.8/site-packages/airflow/example_dags/example_branch_operator.py for tasks to queue
[2025-04-08T05:46:00.641+0000] {logging_mixin.py:188} INFO - [2025-04-08T05:46:00.640+0000] {dagbag.py:538} INFO - Filling up the DagBag from /home/airflow/.local/lib/python3.8/site-packages/airflow/example_dags/example_branch_operator.py
[2025-04-08T05:46:00.658+0000] {processor.py:840} INFO - DAG(s) 'example_branch_operator' retrieved from /home/airflow/.local/lib/python3.8/site-packages/airflow/example_dags/example_branch_operator.py
[2025-04-08T05:46:00.684+0000] {logging_mixin.py:188} INFO - [2025-04-08T05:46:00.683+0000] {dag.py:3036} INFO - Sync 1 DAGs
[2025-04-08T05:46:00.711+0000] {logging_mixin.py:188} INFO - [2025-04-08T05:46:00.711+0000] {dag.py:3823} INFO - Setting next_dagrun for example_branch_operator to 2025-04-07 00:00:00+00:00, run_after=2025-04-08 00:00:00+00:00
[2025-04-08T05:46:00.790+0000] {processor.py:183} INFO - Processing /home/airflow/.local/lib/python3.8/site-packages/airflow/example_dags/example_branch_operator.py took 0.156 seconds
[2025-04-08T05:46:34.100+0000] {processor.py:161} INFO - Started process (PID=270) to work on /home/airflow/.local/lib/python3.8/site-packages/airflow/example_dags/example_branch_operator.py
[2025-04-08T05:46:34.102+0000] {processor.py:830} INFO - Processing file /home/airflow/.local/lib/python3.8/site-packages/airflow/example_dags/example_branch_operator.py for tasks to queue
[2025-04-08T05:46:34.104+0000] {logging_mixin.py:188} INFO - [2025-04-08T05:46:34.104+0000] {dagbag.py:538} INFO - Filling up the DagBag from /home/airflow/.local/lib/python3.8/site-packages/airflow/example_dags/example_branch_operator.py
[2025-04-08T05:46:34.125+0000] {processor.py:840} INFO - DAG(s) 'example_branch_operator' retrieved from /home/airflow/.local/lib/python3.8/site-packages/airflow/example_dags/example_branch_operator.py
[2025-04-08T05:46:34.163+0000] {logging_mixin.py:188} INFO - [2025-04-08T05:46:34.162+0000] {dag.py:3036} INFO - Sync 1 DAGs
[2025-04-08T05:46:34.192+0000] {logging_mixin.py:188} INFO - [2025-04-08T05:46:34.191+0000] {dag.py:3823} INFO - Setting next_dagrun for example_branch_operator to 2025-04-07 00:00:00+00:00, run_after=2025-04-08 00:00:00+00:00
[2025-04-08T05:46:34.248+0000] {processor.py:183} INFO - Processing /home/airflow/.local/lib/python3.8/site-packages/airflow/example_dags/example_branch_operator.py took 0.152 seconds
[2025-04-08T05:47:04.344+0000] {processor.py:161} INFO - Started process (PID=325) to work on /home/airflow/.local/lib/python3.8/site-packages/airflow/example_dags/example_branch_operator.py
[2025-04-08T05:47:04.346+0000] {processor.py:830} INFO - Processing file /home/airflow/.local/lib/python3.8/site-packages/airflow/example_dags/example_branch_operator.py for tasks to queue
[2025-04-08T05:47:04.348+0000] {logging_mixin.py:188} INFO - [2025-04-08T05:47:04.347+0000] {dagbag.py:538} INFO - Filling up the DagBag from /home/airflow/.local/lib/python3.8/site-packages/airflow/example_dags/example_branch_operator.py
[2025-04-08T05:47:04.366+0000] {processor.py:840} INFO - DAG(s) 'example_branch_operator' retrieved from /home/airflow/.local/lib/python3.8/site-packages/airflow/example_dags/example_branch_operator.py
[2025-04-08T05:47:04.398+0000] {logging_mixin.py:188} INFO - [2025-04-08T05:47:04.398+0000] {dag.py:3036} INFO - Sync 1 DAGs
[2025-04-08T05:47:04.423+0000] {logging_mixin.py:188} INFO - [2025-04-08T05:47:04.422+0000] {dag.py:3823} INFO - Setting next_dagrun for example_branch_operator to 2025-04-07 00:00:00+00:00, run_after=2025-04-08 00:00:00+00:00
[2025-04-08T05:47:04.483+0000] {processor.py:183} INFO - Processing /home/airflow/.local/lib/python3.8/site-packages/airflow/example_dags/example_branch_operator.py took 0.142 seconds
[2025-04-08T05:47:34.560+0000] {processor.py:161} INFO - Started process (PID=374) to work on /home/airflow/.local/lib/python3.8/site-packages/airflow/example_dags/example_branch_operator.py
[2025-04-08T05:47:34.561+0000] {processor.py:830} INFO - Processing file /home/airflow/.local/lib/python3.8/site-packages/airflow/example_dags/example_branch_operator.py for tasks to queue
[2025-04-08T05:47:34.563+0000] {logging_mixin.py:188} INFO - [2025-04-08T05:47:34.562+0000] {dagbag.py:538} INFO - Filling up the DagBag from /home/airflow/.local/lib/python3.8/site-packages/airflow/example_dags/example_branch_operator.py
[2025-04-08T05:47:34.582+0000] {processor.py:840} INFO - DAG(s) 'example_branch_operator' retrieved from /home/airflow/.local/lib/python3.8/site-packages/airflow/example_dags/example_branch_operator.py
[2025-04-08T05:47:34.616+0000] {logging_mixin.py:188} INFO - [2025-04-08T05:47:34.615+0000] {dag.py:3036} INFO - Sync 1 DAGs
[2025-04-08T05:47:34.642+0000] {logging_mixin.py:188} INFO - [2025-04-08T05:47:34.642+0000] {dag.py:3823} INFO - Setting next_dagrun for example_branch_operator to 2025-04-07 00:00:00+00:00, run_after=2025-04-08 00:00:00+00:00
[2025-04-08T05:47:34.712+0000] {processor.py:183} INFO - Processing /home/airflow/.local/lib/python3.8/site-packages/airflow/example_dags/example_branch_operator.py took 0.155 seconds
[2025-04-08T05:48:04.910+0000] {processor.py:161} INFO - Started process (PID=429) to work on /home/airflow/.local/lib/python3.8/site-packages/airflow/example_dags/example_branch_operator.py
[2025-04-08T05:48:04.912+0000] {processor.py:830} INFO - Processing file /home/airflow/.local/lib/python3.8/site-packages/airflow/example_dags/example_branch_operator.py for tasks to queue
[2025-04-08T05:48:04.914+0000] {logging_mixin.py:188} INFO - [2025-04-08T05:48:04.914+0000] {dagbag.py:538} INFO - Filling up the DagBag from /home/airflow/.local/lib/python3.8/site-packages/airflow/example_dags/example_branch_operator.py
[2025-04-08T05:48:04.955+0000] {processor.py:840} INFO - DAG(s) 'example_branch_operator' retrieved from /home/airflow/.local/lib/python3.8/site-packages/airflow/example_dags/example_branch_operator.py
[2025-04-08T05:48:04.994+0000] {logging_mixin.py:188} INFO - [2025-04-08T05:48:04.993+0000] {dag.py:3036} INFO - Sync 1 DAGs
[2025-04-08T05:48:05.028+0000] {logging_mixin.py:188} INFO - [2025-04-08T05:48:05.028+0000] {dag.py:3823} INFO - Setting next_dagrun for example_branch_operator to 2025-04-07 00:00:00+00:00, run_after=2025-04-08 00:00:00+00:00
[2025-04-08T05:48:05.107+0000] {processor.py:183} INFO - Processing /home/airflow/.local/lib/python3.8/site-packages/airflow/example_dags/example_branch_operator.py took 0.202 seconds
[2025-04-08T05:48:35.612+0000] {processor.py:161} INFO - Started process (PID=484) to work on /home/airflow/.local/lib/python3.8/site-packages/airflow/example_dags/example_branch_operator.py
[2025-04-08T05:48:35.613+0000] {processor.py:830} INFO - Processing file /home/airflow/.local/lib/python3.8/site-packages/airflow/example_dags/example_branch_operator.py for tasks to queue
[2025-04-08T05:48:35.616+0000] {logging_mixin.py:188} INFO - [2025-04-08T05:48:35.615+0000] {dagbag.py:538} INFO - Filling up the DagBag from /home/airflow/.local/lib/python3.8/site-packages/airflow/example_dags/example_branch_operator.py
[2025-04-08T05:48:35.634+0000] {processor.py:840} INFO - DAG(s) 'example_branch_operator' retrieved from /home/airflow/.local/lib/python3.8/site-packages/airflow/example_dags/example_branch_operator.py
[2025-04-08T05:48:35.663+0000] {logging_mixin.py:188} INFO - [2025-04-08T05:48:35.663+0000] {dag.py:3036} INFO - Sync 1 DAGs
[2025-04-08T05:48:35.684+0000] {logging_mixin.py:188} INFO - [2025-04-08T05:48:35.684+0000] {dag.py:3823} INFO - Setting next_dagrun for example_branch_operator to 2025-04-07 00:00:00+00:00, run_after=2025-04-08 00:00:00+00:00
[2025-04-08T05:48:35.746+0000] {processor.py:183} INFO - Processing /home/airflow/.local/lib/python3.8/site-packages/airflow/example_dags/example_branch_operator.py took 0.136 seconds
[2025-04-08T05:49:06.500+0000] {processor.py:161} INFO - Started process (PID=539) to work on /home/airflow/.local/lib/python3.8/site-packages/airflow/example_dags/example_branch_operator.py
[2025-04-08T05:49:06.501+0000] {processor.py:830} INFO - Processing file /home/airflow/.local/lib/python3.8/site-packages/airflow/example_dags/example_branch_operator.py for tasks to queue
[2025-04-08T05:49:06.503+0000] {logging_mixin.py:188} INFO - [2025-04-08T05:49:06.502+0000] {dagbag.py:538} INFO - Filling up the DagBag from /home/airflow/.local/lib/python3.8/site-packages/airflow/example_dags/example_branch_operator.py
[2025-04-08T05:49:06.524+0000] {processor.py:840} INFO - DAG(s) 'example_branch_operator' retrieved from /home/airflow/.local/lib/python3.8/site-packages/airflow/example_dags/example_branch_operator.py
[2025-04-08T05:49:06.556+0000] {logging_mixin.py:188} INFO - [2025-04-08T05:49:06.555+0000] {dag.py:3036} INFO - Sync 1 DAGs
[2025-04-08T05:49:06.581+0000] {logging_mixin.py:188} INFO - [2025-04-08T05:49:06.581+0000] {dag.py:3823} INFO - Setting next_dagrun for example_branch_operator to 2025-04-07 00:00:00+00:00, run_after=2025-04-08 00:00:00+00:00
[2025-04-08T05:49:06.689+0000] {processor.py:183} INFO - Processing /home/airflow/.local/lib/python3.8/site-packages/airflow/example_dags/example_branch_operator.py took 0.192 seconds
[2025-04-08T05:49:37.255+0000] {processor.py:161} INFO - Started process (PID=594) to work on /home/airflow/.local/lib/python3.8/site-packages/airflow/example_dags/example_branch_operator.py
[2025-04-08T05:49:37.256+0000] {processor.py:830} INFO - Processing file /home/airflow/.local/lib/python3.8/site-packages/airflow/example_dags/example_branch_operator.py for tasks to queue
[2025-04-08T05:49:37.258+0000] {logging_mixin.py:188} INFO - [2025-04-08T05:49:37.258+0000] {dagbag.py:538} INFO - Filling up the DagBag from /home/airflow/.local/lib/python3.8/site-packages/airflow/example_dags/example_branch_operator.py
[2025-04-08T05:49:37.276+0000] {processor.py:840} INFO - DAG(s) 'example_branch_operator' retrieved from /home/airflow/.local/lib/python3.8/site-packages/airflow/example_dags/example_branch_operator.py
[2025-04-08T05:49:37.305+0000] {logging_mixin.py:188} INFO - [2025-04-08T05:49:37.304+0000] {dag.py:3036} INFO - Sync 1 DAGs
[2025-04-08T05:49:37.332+0000] {logging_mixin.py:188} INFO - [2025-04-08T05:49:37.331+0000] {dag.py:3823} INFO - Setting next_dagrun for example_branch_operator to 2025-04-07 00:00:00+00:00, run_after=2025-04-08 00:00:00+00:00
[2025-04-08T05:49:37.383+0000] {processor.py:183} INFO - Processing /home/airflow/.local/lib/python3.8/site-packages/airflow/example_dags/example_branch_operator.py took 0.130 seconds
[2025-04-08T05:50:08.357+0000] {processor.py:161} INFO - Started process (PID=649) to work on /home/airflow/.local/lib/python3.8/site-packages/airflow/example_dags/example_branch_operator.py
[2025-04-08T05:50:08.358+0000] {processor.py:830} INFO - Processing file /home/airflow/.local/lib/python3.8/site-packages/airflow/example_dags/example_branch_operator.py for tasks to queue
[2025-04-08T05:50:08.359+0000] {logging_mixin.py:188} INFO - [2025-04-08T05:50:08.359+0000] {dagbag.py:538} INFO - Filling up the DagBag from /home/airflow/.local/lib/python3.8/site-packages/airflow/example_dags/example_branch_operator.py
[2025-04-08T05:50:08.380+0000] {processor.py:840} INFO - DAG(s) 'example_branch_operator' retrieved from /home/airflow/.local/lib/python3.8/site-packages/airflow/example_dags/example_branch_operator.py
[2025-04-08T05:50:08.408+0000] {logging_mixin.py:188} INFO - [2025-04-08T05:50:08.408+0000] {dag.py:3036} INFO - Sync 1 DAGs
[2025-04-08T05:50:08.430+0000] {logging_mixin.py:188} INFO - [2025-04-08T05:50:08.430+0000] {dag.py:3823} INFO - Setting next_dagrun for example_branch_operator to 2025-04-07 00:00:00+00:00, run_after=2025-04-08 00:00:00+00:00
[2025-04-08T05:50:08.495+0000] {processor.py:183} INFO - Processing /home/airflow/.local/lib/python3.8/site-packages/airflow/example_dags/example_branch_operator.py took 0.142 seconds
[2025-04-08T05:50:43.084+0000] {processor.py:161} INFO - Started process (PID=704) to work on /home/airflow/.local/lib/python3.8/site-packages/airflow/example_dags/example_branch_operator.py
[2025-04-08T05:50:43.086+0000] {processor.py:830} INFO - Processing file /home/airflow/.local/lib/python3.8/site-packages/airflow/example_dags/example_branch_operator.py for tasks to queue
[2025-04-08T05:50:43.088+0000] {logging_mixin.py:188} INFO - [2025-04-08T05:50:43.088+0000] {dagbag.py:538} INFO - Filling up the DagBag from /home/airflow/.local/lib/python3.8/site-packages/airflow/example_dags/example_branch_operator.py
[2025-04-08T05:50:43.113+0000] {processor.py:840} INFO - DAG(s) 'example_branch_operator' retrieved from /home/airflow/.local/lib/python3.8/site-packages/airflow/example_dags/example_branch_operator.py
[2025-04-08T05:50:43.153+0000] {logging_mixin.py:188} INFO - [2025-04-08T05:50:43.153+0000] {dag.py:3036} INFO - Sync 1 DAGs
[2025-04-08T05:50:43.182+0000] {logging_mixin.py:188} INFO - [2025-04-08T05:50:43.182+0000] {dag.py:3823} INFO - Setting next_dagrun for example_branch_operator to 2025-04-07 00:00:00+00:00, run_after=2025-04-08 00:00:00+00:00
[2025-04-08T05:50:43.252+0000] {processor.py:183} INFO - Processing /home/airflow/.local/lib/python3.8/site-packages/airflow/example_dags/example_branch_operator.py took 0.171 seconds
[2025-04-08T05:54:07.047+0000] {processor.py:161} INFO - Started process (PID=94) to work on /home/airflow/.local/lib/python3.8/site-packages/airflow/example_dags/example_branch_operator.py
[2025-04-08T05:54:07.049+0000] {processor.py:830} INFO - Processing file /home/airflow/.local/lib/python3.8/site-packages/airflow/example_dags/example_branch_operator.py for tasks to queue
[2025-04-08T05:54:07.050+0000] {logging_mixin.py:188} INFO - [2025-04-08T05:54:07.050+0000] {dagbag.py:538} INFO - Filling up the DagBag from /home/airflow/.local/lib/python3.8/site-packages/airflow/example_dags/example_branch_operator.py
[2025-04-08T05:54:07.068+0000] {processor.py:840} INFO - DAG(s) 'example_branch_operator' retrieved from /home/airflow/.local/lib/python3.8/site-packages/airflow/example_dags/example_branch_operator.py
[2025-04-08T05:54:07.190+0000] {logging_mixin.py:188} INFO - [2025-04-08T05:54:07.190+0000] {dag.py:3036} INFO - Sync 1 DAGs
[2025-04-08T05:54:07.221+0000] {logging_mixin.py:188} INFO - [2025-04-08T05:54:07.220+0000] {dag.py:3823} INFO - Setting next_dagrun for example_branch_operator to 2025-04-07 00:00:00+00:00, run_after=2025-04-08 00:00:00+00:00
[2025-04-08T05:54:07.313+0000] {processor.py:183} INFO - Processing /home/airflow/.local/lib/python3.8/site-packages/airflow/example_dags/example_branch_operator.py took 0.268 seconds
[2025-04-08T05:54:37.472+0000] {processor.py:161} INFO - Started process (PID=150) to work on /home/airflow/.local/lib/python3.8/site-packages/airflow/example_dags/example_branch_operator.py
[2025-04-08T05:54:37.473+0000] {processor.py:830} INFO - Processing file /home/airflow/.local/lib/python3.8/site-packages/airflow/example_dags/example_branch_operator.py for tasks to queue
[2025-04-08T05:54:37.475+0000] {logging_mixin.py:188} INFO - [2025-04-08T05:54:37.474+0000] {dagbag.py:538} INFO - Filling up the DagBag from /home/airflow/.local/lib/python3.8/site-packages/airflow/example_dags/example_branch_operator.py
[2025-04-08T05:54:37.491+0000] {processor.py:840} INFO - DAG(s) 'example_branch_operator' retrieved from /home/airflow/.local/lib/python3.8/site-packages/airflow/example_dags/example_branch_operator.py
[2025-04-08T05:54:37.519+0000] {logging_mixin.py:188} INFO - [2025-04-08T05:54:37.519+0000] {dag.py:3036} INFO - Sync 1 DAGs
[2025-04-08T05:54:37.542+0000] {logging_mixin.py:188} INFO - [2025-04-08T05:54:37.542+0000] {dag.py:3823} INFO - Setting next_dagrun for example_branch_operator to 2025-04-07 00:00:00+00:00, run_after=2025-04-08 00:00:00+00:00
[2025-04-08T05:54:37.624+0000] {processor.py:183} INFO - Processing /home/airflow/.local/lib/python3.8/site-packages/airflow/example_dags/example_branch_operator.py took 0.155 seconds
[2025-04-08T05:55:08.477+0000] {processor.py:161} INFO - Started process (PID=199) to work on /home/airflow/.local/lib/python3.8/site-packages/airflow/example_dags/example_branch_operator.py
[2025-04-08T05:55:08.478+0000] {processor.py:830} INFO - Processing file /home/airflow/.local/lib/python3.8/site-packages/airflow/example_dags/example_branch_operator.py for tasks to queue
[2025-04-08T05:55:08.480+0000] {logging_mixin.py:188} INFO - [2025-04-08T05:55:08.480+0000] {dagbag.py:538} INFO - Filling up the DagBag from /home/airflow/.local/lib/python3.8/site-packages/airflow/example_dags/example_branch_operator.py
[2025-04-08T05:55:08.497+0000] {processor.py:840} INFO - DAG(s) 'example_branch_operator' retrieved from /home/airflow/.local/lib/python3.8/site-packages/airflow/example_dags/example_branch_operator.py
[2025-04-08T05:55:08.523+0000] {logging_mixin.py:188} INFO - [2025-04-08T05:55:08.523+0000] {dag.py:3036} INFO - Sync 1 DAGs
[2025-04-08T05:55:08.550+0000] {logging_mixin.py:188} INFO - [2025-04-08T05:55:08.550+0000] {dag.py:3823} INFO - Setting next_dagrun for example_branch_operator to 2025-04-07 00:00:00+00:00, run_after=2025-04-08 00:00:00+00:00
[2025-04-08T05:55:08.608+0000] {processor.py:183} INFO - Processing /home/airflow/.local/lib/python3.8/site-packages/airflow/example_dags/example_branch_operator.py took 0.133 seconds
[2025-04-08T05:55:38.911+0000] {processor.py:161} INFO - Started process (PID=254) to work on /home/airflow/.local/lib/python3.8/site-packages/airflow/example_dags/example_branch_operator.py
[2025-04-08T05:55:38.912+0000] {processor.py:830} INFO - Processing file /home/airflow/.local/lib/python3.8/site-packages/airflow/example_dags/example_branch_operator.py for tasks to queue
[2025-04-08T05:55:38.914+0000] {logging_mixin.py:188} INFO - [2025-04-08T05:55:38.913+0000] {dagbag.py:538} INFO - Filling up the DagBag from /home/airflow/.local/lib/python3.8/site-packages/airflow/example_dags/example_branch_operator.py
[2025-04-08T05:55:38.934+0000] {processor.py:840} INFO - DAG(s) 'example_branch_operator' retrieved from /home/airflow/.local/lib/python3.8/site-packages/airflow/example_dags/example_branch_operator.py
[2025-04-08T05:55:38.962+0000] {logging_mixin.py:188} INFO - [2025-04-08T05:55:38.961+0000] {dag.py:3036} INFO - Sync 1 DAGs
[2025-04-08T05:55:38.983+0000] {logging_mixin.py:188} INFO - [2025-04-08T05:55:38.983+0000] {dag.py:3823} INFO - Setting next_dagrun for example_branch_operator to 2025-04-07 00:00:00+00:00, run_after=2025-04-08 00:00:00+00:00
[2025-04-08T05:55:39.073+0000] {processor.py:183} INFO - Processing /home/airflow/.local/lib/python3.8/site-packages/airflow/example_dags/example_branch_operator.py took 0.165 seconds
[2025-04-08T05:56:09.216+0000] {processor.py:161} INFO - Started process (PID=309) to work on /home/airflow/.local/lib/python3.8/site-packages/airflow/example_dags/example_branch_operator.py
[2025-04-08T05:56:09.217+0000] {processor.py:830} INFO - Processing file /home/airflow/.local/lib/python3.8/site-packages/airflow/example_dags/example_branch_operator.py for tasks to queue
[2025-04-08T05:56:09.219+0000] {logging_mixin.py:188} INFO - [2025-04-08T05:56:09.219+0000] {dagbag.py:538} INFO - Filling up the DagBag from /home/airflow/.local/lib/python3.8/site-packages/airflow/example_dags/example_branch_operator.py
[2025-04-08T05:56:09.236+0000] {processor.py:840} INFO - DAG(s) 'example_branch_operator' retrieved from /home/airflow/.local/lib/python3.8/site-packages/airflow/example_dags/example_branch_operator.py
[2025-04-08T05:56:09.264+0000] {logging_mixin.py:188} INFO - [2025-04-08T05:56:09.264+0000] {dag.py:3036} INFO - Sync 1 DAGs
[2025-04-08T05:56:09.286+0000] {logging_mixin.py:188} INFO - [2025-04-08T05:56:09.286+0000] {dag.py:3823} INFO - Setting next_dagrun for example_branch_operator to 2025-04-07 00:00:00+00:00, run_after=2025-04-08 00:00:00+00:00
[2025-04-08T05:56:09.359+0000] {processor.py:183} INFO - Processing /home/airflow/.local/lib/python3.8/site-packages/airflow/example_dags/example_branch_operator.py took 0.145 seconds
[2025-04-08T05:56:43.250+0000] {processor.py:161} INFO - Started process (PID=364) to work on /home/airflow/.local/lib/python3.8/site-packages/airflow/example_dags/example_branch_operator.py
[2025-04-08T05:56:43.251+0000] {processor.py:830} INFO - Processing file /home/airflow/.local/lib/python3.8/site-packages/airflow/example_dags/example_branch_operator.py for tasks to queue
[2025-04-08T05:56:43.253+0000] {logging_mixin.py:188} INFO - [2025-04-08T05:56:43.253+0000] {dagbag.py:538} INFO - Filling up the DagBag from /home/airflow/.local/lib/python3.8/site-packages/airflow/example_dags/example_branch_operator.py
[2025-04-08T05:56:43.269+0000] {processor.py:840} INFO - DAG(s) 'example_branch_operator' retrieved from /home/airflow/.local/lib/python3.8/site-packages/airflow/example_dags/example_branch_operator.py
[2025-04-08T05:56:43.297+0000] {logging_mixin.py:188} INFO - [2025-04-08T05:56:43.297+0000] {dag.py:3036} INFO - Sync 1 DAGs
[2025-04-08T05:56:43.319+0000] {logging_mixin.py:188} INFO - [2025-04-08T05:56:43.318+0000] {dag.py:3823} INFO - Setting next_dagrun for example_branch_operator to 2025-04-07 00:00:00+00:00, run_after=2025-04-08 00:00:00+00:00
[2025-04-08T05:56:43.384+0000] {processor.py:183} INFO - Processing /home/airflow/.local/lib/python3.8/site-packages/airflow/example_dags/example_branch_operator.py took 0.137 seconds
[2025-04-08T05:57:17.156+0000] {processor.py:161} INFO - Started process (PID=419) to work on /home/airflow/.local/lib/python3.8/site-packages/airflow/example_dags/example_branch_operator.py
[2025-04-08T05:57:17.157+0000] {processor.py:830} INFO - Processing file /home/airflow/.local/lib/python3.8/site-packages/airflow/example_dags/example_branch_operator.py for tasks to queue
[2025-04-08T05:57:17.160+0000] {logging_mixin.py:188} INFO - [2025-04-08T05:57:17.159+0000] {dagbag.py:538} INFO - Filling up the DagBag from /home/airflow/.local/lib/python3.8/site-packages/airflow/example_dags/example_branch_operator.py
[2025-04-08T05:57:17.177+0000] {processor.py:840} INFO - DAG(s) 'example_branch_operator' retrieved from /home/airflow/.local/lib/python3.8/site-packages/airflow/example_dags/example_branch_operator.py
[2025-04-08T05:57:17.207+0000] {logging_mixin.py:188} INFO - [2025-04-08T05:57:17.207+0000] {dag.py:3036} INFO - Sync 1 DAGs
[2025-04-08T05:57:17.236+0000] {logging_mixin.py:188} INFO - [2025-04-08T05:57:17.235+0000] {dag.py:3823} INFO - Setting next_dagrun for example_branch_operator to 2025-04-07 00:00:00+00:00, run_after=2025-04-08 00:00:00+00:00
[2025-04-08T05:57:17.305+0000] {processor.py:183} INFO - Processing /home/airflow/.local/lib/python3.8/site-packages/airflow/example_dags/example_branch_operator.py took 0.152 seconds
[2025-04-08T05:57:47.712+0000] {processor.py:161} INFO - Started process (PID=474) to work on /home/airflow/.local/lib/python3.8/site-packages/airflow/example_dags/example_branch_operator.py
[2025-04-08T05:57:47.713+0000] {processor.py:830} INFO - Processing file /home/airflow/.local/lib/python3.8/site-packages/airflow/example_dags/example_branch_operator.py for tasks to queue
[2025-04-08T05:57:47.715+0000] {logging_mixin.py:188} INFO - [2025-04-08T05:57:47.715+0000] {dagbag.py:538} INFO - Filling up the DagBag from /home/airflow/.local/lib/python3.8/site-packages/airflow/example_dags/example_branch_operator.py
[2025-04-08T05:57:47.730+0000] {processor.py:840} INFO - DAG(s) 'example_branch_operator' retrieved from /home/airflow/.local/lib/python3.8/site-packages/airflow/example_dags/example_branch_operator.py
[2025-04-08T05:57:47.757+0000] {logging_mixin.py:188} INFO - [2025-04-08T05:57:47.756+0000] {dag.py:3036} INFO - Sync 1 DAGs
[2025-04-08T05:57:47.782+0000] {logging_mixin.py:188} INFO - [2025-04-08T05:57:47.782+0000] {dag.py:3823} INFO - Setting next_dagrun for example_branch_operator to 2025-04-07 00:00:00+00:00, run_after=2025-04-08 00:00:00+00:00
[2025-04-08T05:57:47.851+0000] {processor.py:183} INFO - Processing /home/airflow/.local/lib/python3.8/site-packages/airflow/example_dags/example_branch_operator.py took 0.141 seconds
[2025-04-08T05:58:18.254+0000] {processor.py:161} INFO - Started process (PID=529) to work on /home/airflow/.local/lib/python3.8/site-packages/airflow/example_dags/example_branch_operator.py
[2025-04-08T05:58:18.255+0000] {processor.py:830} INFO - Processing file /home/airflow/.local/lib/python3.8/site-packages/airflow/example_dags/example_branch_operator.py for tasks to queue
[2025-04-08T05:58:18.257+0000] {logging_mixin.py:188} INFO - [2025-04-08T05:58:18.257+0000] {dagbag.py:538} INFO - Filling up the DagBag from /home/airflow/.local/lib/python3.8/site-packages/airflow/example_dags/example_branch_operator.py
[2025-04-08T05:58:18.277+0000] {processor.py:840} INFO - DAG(s) 'example_branch_operator' retrieved from /home/airflow/.local/lib/python3.8/site-packages/airflow/example_dags/example_branch_operator.py
[2025-04-08T05:58:18.312+0000] {logging_mixin.py:188} INFO - [2025-04-08T05:58:18.312+0000] {dag.py:3036} INFO - Sync 1 DAGs
[2025-04-08T05:58:18.359+0000] {logging_mixin.py:188} INFO - [2025-04-08T05:58:18.358+0000] {dag.py:3823} INFO - Setting next_dagrun for example_branch_operator to 2025-04-07 00:00:00+00:00, run_after=2025-04-08 00:00:00+00:00
[2025-04-08T05:58:18.449+0000] {processor.py:183} INFO - Processing /home/airflow/.local/lib/python3.8/site-packages/airflow/example_dags/example_branch_operator.py took 0.200 seconds
[2025-04-08T05:58:48.504+0000] {processor.py:161} INFO - Started process (PID=584) to work on /home/airflow/.local/lib/python3.8/site-packages/airflow/example_dags/example_branch_operator.py
[2025-04-08T05:58:48.506+0000] {processor.py:830} INFO - Processing file /home/airflow/.local/lib/python3.8/site-packages/airflow/example_dags/example_branch_operator.py for tasks to queue
[2025-04-08T05:58:48.508+0000] {logging_mixin.py:188} INFO - [2025-04-08T05:58:48.507+0000] {dagbag.py:538} INFO - Filling up the DagBag from /home/airflow/.local/lib/python3.8/site-packages/airflow/example_dags/example_branch_operator.py
[2025-04-08T05:58:48.527+0000] {processor.py:840} INFO - DAG(s) 'example_branch_operator' retrieved from /home/airflow/.local/lib/python3.8/site-packages/airflow/example_dags/example_branch_operator.py
[2025-04-08T05:58:48.558+0000] {logging_mixin.py:188} INFO - [2025-04-08T05:58:48.558+0000] {dag.py:3036} INFO - Sync 1 DAGs
[2025-04-08T05:58:48.584+0000] {logging_mixin.py:188} INFO - [2025-04-08T05:58:48.584+0000] {dag.py:3823} INFO - Setting next_dagrun for example_branch_operator to 2025-04-07 00:00:00+00:00, run_after=2025-04-08 00:00:00+00:00
[2025-04-08T05:58:48.676+0000] {processor.py:183} INFO - Processing /home/airflow/.local/lib/python3.8/site-packages/airflow/example_dags/example_branch_operator.py took 0.175 seconds
