[2025-04-08T05:44:54.531+0000] {processor.py:161} INFO - Started process (PID=91) to work on /home/airflow/.local/lib/python3.8/site-packages/airflow/example_dags/example_short_circuit_decorator.py
[2025-04-08T05:44:54.533+0000] {processor.py:830} INFO - Processing file /home/airflow/.local/lib/python3.8/site-packages/airflow/example_dags/example_short_circuit_decorator.py for tasks to queue
[2025-04-08T05:44:54.534+0000] {logging_mixin.py:188} INFO - [2025-04-08T05:44:54.534+0000] {dagbag.py:538} INFO - Filling up the DagBag from /home/airflow/.local/lib/python3.8/site-packages/airflow/example_dags/example_short_circuit_decorator.py
[2025-04-08T05:44:54.543+0000] {processor.py:840} INFO - DAG(s) 'example_short_circuit_decorator' retrieved from /home/airflow/.local/lib/python3.8/site-packages/airflow/example_dags/example_short_circuit_decorator.py
[2025-04-08T05:44:54.659+0000] {logging_mixin.py:188} INFO - [2025-04-08T05:44:54.659+0000] {dag.py:3036} INFO - Sync 1 DAGs
[2025-04-08T05:44:54.680+0000] {logging_mixin.py:188} INFO - [2025-04-08T05:44:54.679+0000] {dag.py:3823} INFO - Setting next_dagrun for example_short_circuit_decorator to 2025-04-07 00:00:00+00:00, run_after=2025-04-08 00:00:00+00:00
[2025-04-08T05:44:54.751+0000] {processor.py:183} INFO - Processing /home/airflow/.local/lib/python3.8/site-packages/airflow/example_dags/example_short_circuit_decorator.py took 0.222 seconds
[2025-04-08T05:45:26.504+0000] {processor.py:161} INFO - Started process (PID=140) to work on /home/airflow/.local/lib/python3.8/site-packages/airflow/example_dags/example_short_circuit_decorator.py
[2025-04-08T05:45:26.505+0000] {processor.py:830} INFO - Processing file /home/airflow/.local/lib/python3.8/site-packages/airflow/example_dags/example_short_circuit_decorator.py for tasks to queue
[2025-04-08T05:45:26.507+0000] {logging_mixin.py:188} INFO - [2025-04-08T05:45:26.507+0000] {dagbag.py:538} INFO - Filling up the DagBag from /home/airflow/.local/lib/python3.8/site-packages/airflow/example_dags/example_short_circuit_decorator.py
[2025-04-08T05:45:26.520+0000] {processor.py:840} INFO - DAG(s) 'example_short_circuit_decorator' retrieved from /home/airflow/.local/lib/python3.8/site-packages/airflow/example_dags/example_short_circuit_decorator.py
[2025-04-08T05:45:26.558+0000] {logging_mixin.py:188} INFO - [2025-04-08T05:45:26.557+0000] {dag.py:3036} INFO - Sync 1 DAGs
[2025-04-08T05:45:26.591+0000] {logging_mixin.py:188} INFO - [2025-04-08T05:45:26.591+0000] {dag.py:3823} INFO - Setting next_dagrun for example_short_circuit_decorator to 2025-04-07 00:00:00+00:00, run_after=2025-04-08 00:00:00+00:00
[2025-04-08T05:45:26.658+0000] {processor.py:183} INFO - Processing /home/airflow/.local/lib/python3.8/site-packages/airflow/example_dags/example_short_circuit_decorator.py took 0.157 seconds
[2025-04-08T05:45:59.460+0000] {processor.py:161} INFO - Started process (PID=195) to work on /home/airflow/.local/lib/python3.8/site-packages/airflow/example_dags/example_short_circuit_decorator.py
[2025-04-08T05:45:59.462+0000] {processor.py:830} INFO - Processing file /home/airflow/.local/lib/python3.8/site-packages/airflow/example_dags/example_short_circuit_decorator.py for tasks to queue
[2025-04-08T05:45:59.464+0000] {logging_mixin.py:188} INFO - [2025-04-08T05:45:59.463+0000] {dagbag.py:538} INFO - Filling up the DagBag from /home/airflow/.local/lib/python3.8/site-packages/airflow/example_dags/example_short_circuit_decorator.py
[2025-04-08T05:45:59.473+0000] {processor.py:840} INFO - DAG(s) 'example_short_circuit_decorator' retrieved from /home/airflow/.local/lib/python3.8/site-packages/airflow/example_dags/example_short_circuit_decorator.py
[2025-04-08T05:45:59.502+0000] {logging_mixin.py:188} INFO - [2025-04-08T05:45:59.502+0000] {dag.py:3036} INFO - Sync 1 DAGs
[2025-04-08T05:45:59.537+0000] {logging_mixin.py:188} INFO - [2025-04-08T05:45:59.537+0000] {dag.py:3823} INFO - Setting next_dagrun for example_short_circuit_decorator to 2025-04-07 00:00:00+00:00, run_after=2025-04-08 00:00:00+00:00
[2025-04-08T05:45:59.726+0000] {processor.py:183} INFO - Processing /home/airflow/.local/lib/python3.8/site-packages/airflow/example_dags/example_short_circuit_decorator.py took 0.269 seconds
[2025-04-08T05:46:29.938+0000] {processor.py:161} INFO - Started process (PID=256) to work on /home/airflow/.local/lib/python3.8/site-packages/airflow/example_dags/example_short_circuit_decorator.py
[2025-04-08T05:46:29.940+0000] {processor.py:830} INFO - Processing file /home/airflow/.local/lib/python3.8/site-packages/airflow/example_dags/example_short_circuit_decorator.py for tasks to queue
[2025-04-08T05:46:29.942+0000] {logging_mixin.py:188} INFO - [2025-04-08T05:46:29.941+0000] {dagbag.py:538} INFO - Filling up the DagBag from /home/airflow/.local/lib/python3.8/site-packages/airflow/example_dags/example_short_circuit_decorator.py
[2025-04-08T05:46:29.952+0000] {processor.py:840} INFO - DAG(s) 'example_short_circuit_decorator' retrieved from /home/airflow/.local/lib/python3.8/site-packages/airflow/example_dags/example_short_circuit_decorator.py
[2025-04-08T05:46:29.985+0000] {logging_mixin.py:188} INFO - [2025-04-08T05:46:29.985+0000] {dag.py:3036} INFO - Sync 1 DAGs
[2025-04-08T05:46:30.012+0000] {logging_mixin.py:188} INFO - [2025-04-08T05:46:30.011+0000] {dag.py:3823} INFO - Setting next_dagrun for example_short_circuit_decorator to 2025-04-07 00:00:00+00:00, run_after=2025-04-08 00:00:00+00:00
[2025-04-08T05:46:30.061+0000] {processor.py:183} INFO - Processing /home/airflow/.local/lib/python3.8/site-packages/airflow/example_dags/example_short_circuit_decorator.py took 0.126 seconds
[2025-04-08T05:47:00.100+0000] {processor.py:161} INFO - Started process (PID=305) to work on /home/airflow/.local/lib/python3.8/site-packages/airflow/example_dags/example_short_circuit_decorator.py
[2025-04-08T05:47:00.102+0000] {processor.py:830} INFO - Processing file /home/airflow/.local/lib/python3.8/site-packages/airflow/example_dags/example_short_circuit_decorator.py for tasks to queue
[2025-04-08T05:47:00.104+0000] {logging_mixin.py:188} INFO - [2025-04-08T05:47:00.103+0000] {dagbag.py:538} INFO - Filling up the DagBag from /home/airflow/.local/lib/python3.8/site-packages/airflow/example_dags/example_short_circuit_decorator.py
[2025-04-08T05:47:00.113+0000] {processor.py:840} INFO - DAG(s) 'example_short_circuit_decorator' retrieved from /home/airflow/.local/lib/python3.8/site-packages/airflow/example_dags/example_short_circuit_decorator.py
[2025-04-08T05:47:00.138+0000] {logging_mixin.py:188} INFO - [2025-04-08T05:47:00.138+0000] {dag.py:3036} INFO - Sync 1 DAGs
[2025-04-08T05:47:00.160+0000] {logging_mixin.py:188} INFO - [2025-04-08T05:47:00.160+0000] {dag.py:3823} INFO - Setting next_dagrun for example_short_circuit_decorator to 2025-04-07 00:00:00+00:00, run_after=2025-04-08 00:00:00+00:00
[2025-04-08T05:47:00.230+0000] {processor.py:183} INFO - Processing /home/airflow/.local/lib/python3.8/site-packages/airflow/example_dags/example_short_circuit_decorator.py took 0.132 seconds
[2025-04-08T05:47:30.384+0000] {processor.py:161} INFO - Started process (PID=360) to work on /home/airflow/.local/lib/python3.8/site-packages/airflow/example_dags/example_short_circuit_decorator.py
[2025-04-08T05:47:30.385+0000] {processor.py:830} INFO - Processing file /home/airflow/.local/lib/python3.8/site-packages/airflow/example_dags/example_short_circuit_decorator.py for tasks to queue
[2025-04-08T05:47:30.387+0000] {logging_mixin.py:188} INFO - [2025-04-08T05:47:30.387+0000] {dagbag.py:538} INFO - Filling up the DagBag from /home/airflow/.local/lib/python3.8/site-packages/airflow/example_dags/example_short_circuit_decorator.py
[2025-04-08T05:47:30.397+0000] {processor.py:840} INFO - DAG(s) 'example_short_circuit_decorator' retrieved from /home/airflow/.local/lib/python3.8/site-packages/airflow/example_dags/example_short_circuit_decorator.py
[2025-04-08T05:47:30.424+0000] {logging_mixin.py:188} INFO - [2025-04-08T05:47:30.424+0000] {dag.py:3036} INFO - Sync 1 DAGs
[2025-04-08T05:47:30.450+0000] {logging_mixin.py:188} INFO - [2025-04-08T05:47:30.449+0000] {dag.py:3823} INFO - Setting next_dagrun for example_short_circuit_decorator to 2025-04-07 00:00:00+00:00, run_after=2025-04-08 00:00:00+00:00
[2025-04-08T05:47:30.557+0000] {processor.py:183} INFO - Processing /home/airflow/.local/lib/python3.8/site-packages/airflow/example_dags/example_short_circuit_decorator.py took 0.176 seconds
[2025-04-08T05:48:00.794+0000] {processor.py:161} INFO - Started process (PID=415) to work on /home/airflow/.local/lib/python3.8/site-packages/airflow/example_dags/example_short_circuit_decorator.py
[2025-04-08T05:48:00.795+0000] {processor.py:830} INFO - Processing file /home/airflow/.local/lib/python3.8/site-packages/airflow/example_dags/example_short_circuit_decorator.py for tasks to queue
[2025-04-08T05:48:00.798+0000] {logging_mixin.py:188} INFO - [2025-04-08T05:48:00.797+0000] {dagbag.py:538} INFO - Filling up the DagBag from /home/airflow/.local/lib/python3.8/site-packages/airflow/example_dags/example_short_circuit_decorator.py
[2025-04-08T05:48:00.807+0000] {processor.py:840} INFO - DAG(s) 'example_short_circuit_decorator' retrieved from /home/airflow/.local/lib/python3.8/site-packages/airflow/example_dags/example_short_circuit_decorator.py
[2025-04-08T05:48:00.832+0000] {logging_mixin.py:188} INFO - [2025-04-08T05:48:00.832+0000] {dag.py:3036} INFO - Sync 1 DAGs
[2025-04-08T05:48:00.855+0000] {logging_mixin.py:188} INFO - [2025-04-08T05:48:00.855+0000] {dag.py:3823} INFO - Setting next_dagrun for example_short_circuit_decorator to 2025-04-07 00:00:00+00:00, run_after=2025-04-08 00:00:00+00:00
[2025-04-08T05:48:01.025+0000] {processor.py:183} INFO - Processing /home/airflow/.local/lib/python3.8/site-packages/airflow/example_dags/example_short_circuit_decorator.py took 0.235 seconds
[2025-04-08T05:48:31.570+0000] {processor.py:161} INFO - Started process (PID=470) to work on /home/airflow/.local/lib/python3.8/site-packages/airflow/example_dags/example_short_circuit_decorator.py
[2025-04-08T05:48:31.571+0000] {processor.py:830} INFO - Processing file /home/airflow/.local/lib/python3.8/site-packages/airflow/example_dags/example_short_circuit_decorator.py for tasks to queue
[2025-04-08T05:48:31.573+0000] {logging_mixin.py:188} INFO - [2025-04-08T05:48:31.573+0000] {dagbag.py:538} INFO - Filling up the DagBag from /home/airflow/.local/lib/python3.8/site-packages/airflow/example_dags/example_short_circuit_decorator.py
[2025-04-08T05:48:31.582+0000] {processor.py:840} INFO - DAG(s) 'example_short_circuit_decorator' retrieved from /home/airflow/.local/lib/python3.8/site-packages/airflow/example_dags/example_short_circuit_decorator.py
[2025-04-08T05:48:31.610+0000] {logging_mixin.py:188} INFO - [2025-04-08T05:48:31.610+0000] {dag.py:3036} INFO - Sync 1 DAGs
[2025-04-08T05:48:31.634+0000] {logging_mixin.py:188} INFO - [2025-04-08T05:48:31.634+0000] {dag.py:3823} INFO - Setting next_dagrun for example_short_circuit_decorator to 2025-04-07 00:00:00+00:00, run_after=2025-04-08 00:00:00+00:00
[2025-04-08T05:48:31.691+0000] {processor.py:183} INFO - Processing /home/airflow/.local/lib/python3.8/site-packages/airflow/example_dags/example_short_circuit_decorator.py took 0.124 seconds
[2025-04-08T05:49:02.270+0000] {processor.py:161} INFO - Started process (PID=525) to work on /home/airflow/.local/lib/python3.8/site-packages/airflow/example_dags/example_short_circuit_decorator.py
[2025-04-08T05:49:02.271+0000] {processor.py:830} INFO - Processing file /home/airflow/.local/lib/python3.8/site-packages/airflow/example_dags/example_short_circuit_decorator.py for tasks to queue
[2025-04-08T05:49:02.273+0000] {logging_mixin.py:188} INFO - [2025-04-08T05:49:02.272+0000] {dagbag.py:538} INFO - Filling up the DagBag from /home/airflow/.local/lib/python3.8/site-packages/airflow/example_dags/example_short_circuit_decorator.py
[2025-04-08T05:49:02.281+0000] {processor.py:840} INFO - DAG(s) 'example_short_circuit_decorator' retrieved from /home/airflow/.local/lib/python3.8/site-packages/airflow/example_dags/example_short_circuit_decorator.py
[2025-04-08T05:49:02.304+0000] {logging_mixin.py:188} INFO - [2025-04-08T05:49:02.304+0000] {dag.py:3036} INFO - Sync 1 DAGs
[2025-04-08T05:49:02.326+0000] {logging_mixin.py:188} INFO - [2025-04-08T05:49:02.326+0000] {dag.py:3823} INFO - Setting next_dagrun for example_short_circuit_decorator to 2025-04-07 00:00:00+00:00, run_after=2025-04-08 00:00:00+00:00
[2025-04-08T05:49:02.378+0000] {processor.py:183} INFO - Processing /home/airflow/.local/lib/python3.8/site-packages/airflow/example_dags/example_short_circuit_decorator.py took 0.111 seconds
[2025-04-08T05:49:33.126+0000] {processor.py:161} INFO - Started process (PID=580) to work on /home/airflow/.local/lib/python3.8/site-packages/airflow/example_dags/example_short_circuit_decorator.py
[2025-04-08T05:49:33.127+0000] {processor.py:830} INFO - Processing file /home/airflow/.local/lib/python3.8/site-packages/airflow/example_dags/example_short_circuit_decorator.py for tasks to queue
[2025-04-08T05:49:33.129+0000] {logging_mixin.py:188} INFO - [2025-04-08T05:49:33.129+0000] {dagbag.py:538} INFO - Filling up the DagBag from /home/airflow/.local/lib/python3.8/site-packages/airflow/example_dags/example_short_circuit_decorator.py
[2025-04-08T05:49:33.139+0000] {processor.py:840} INFO - DAG(s) 'example_short_circuit_decorator' retrieved from /home/airflow/.local/lib/python3.8/site-packages/airflow/example_dags/example_short_circuit_decorator.py
[2025-04-08T05:49:33.165+0000] {logging_mixin.py:188} INFO - [2025-04-08T05:49:33.165+0000] {dag.py:3036} INFO - Sync 1 DAGs
[2025-04-08T05:49:33.193+0000] {logging_mixin.py:188} INFO - [2025-04-08T05:49:33.192+0000] {dag.py:3823} INFO - Setting next_dagrun for example_short_circuit_decorator to 2025-04-07 00:00:00+00:00, run_after=2025-04-08 00:00:00+00:00
[2025-04-08T05:49:33.243+0000] {processor.py:183} INFO - Processing /home/airflow/.local/lib/python3.8/site-packages/airflow/example_dags/example_short_circuit_decorator.py took 0.120 seconds
[2025-04-08T05:50:07.306+0000] {processor.py:161} INFO - Started process (PID=635) to work on /home/airflow/.local/lib/python3.8/site-packages/airflow/example_dags/example_short_circuit_decorator.py
[2025-04-08T05:50:07.307+0000] {processor.py:830} INFO - Processing file /home/airflow/.local/lib/python3.8/site-packages/airflow/example_dags/example_short_circuit_decorator.py for tasks to queue
[2025-04-08T05:50:07.310+0000] {logging_mixin.py:188} INFO - [2025-04-08T05:50:07.309+0000] {dagbag.py:538} INFO - Filling up the DagBag from /home/airflow/.local/lib/python3.8/site-packages/airflow/example_dags/example_short_circuit_decorator.py
[2025-04-08T05:50:07.318+0000] {processor.py:840} INFO - DAG(s) 'example_short_circuit_decorator' retrieved from /home/airflow/.local/lib/python3.8/site-packages/airflow/example_dags/example_short_circuit_decorator.py
[2025-04-08T05:50:07.343+0000] {logging_mixin.py:188} INFO - [2025-04-08T05:50:07.343+0000] {dag.py:3036} INFO - Sync 1 DAGs
[2025-04-08T05:50:07.365+0000] {logging_mixin.py:188} INFO - [2025-04-08T05:50:07.365+0000] {dag.py:3823} INFO - Setting next_dagrun for example_short_circuit_decorator to 2025-04-07 00:00:00+00:00, run_after=2025-04-08 00:00:00+00:00
[2025-04-08T05:50:07.476+0000] {processor.py:183} INFO - Processing /home/airflow/.local/lib/python3.8/site-packages/airflow/example_dags/example_short_circuit_decorator.py took 0.172 seconds
[2025-04-08T05:50:38.255+0000] {processor.py:161} INFO - Started process (PID=690) to work on /home/airflow/.local/lib/python3.8/site-packages/airflow/example_dags/example_short_circuit_decorator.py
[2025-04-08T05:50:38.257+0000] {processor.py:830} INFO - Processing file /home/airflow/.local/lib/python3.8/site-packages/airflow/example_dags/example_short_circuit_decorator.py for tasks to queue
[2025-04-08T05:50:38.260+0000] {logging_mixin.py:188} INFO - [2025-04-08T05:50:38.259+0000] {dagbag.py:538} INFO - Filling up the DagBag from /home/airflow/.local/lib/python3.8/site-packages/airflow/example_dags/example_short_circuit_decorator.py
[2025-04-08T05:50:38.274+0000] {processor.py:840} INFO - DAG(s) 'example_short_circuit_decorator' retrieved from /home/airflow/.local/lib/python3.8/site-packages/airflow/example_dags/example_short_circuit_decorator.py
[2025-04-08T05:50:38.307+0000] {logging_mixin.py:188} INFO - [2025-04-08T05:50:38.307+0000] {dag.py:3036} INFO - Sync 1 DAGs
[2025-04-08T05:50:38.337+0000] {logging_mixin.py:188} INFO - [2025-04-08T05:50:38.337+0000] {dag.py:3823} INFO - Setting next_dagrun for example_short_circuit_decorator to 2025-04-07 00:00:00+00:00, run_after=2025-04-08 00:00:00+00:00
[2025-04-08T05:50:38.407+0000] {processor.py:183} INFO - Processing /home/airflow/.local/lib/python3.8/site-packages/airflow/example_dags/example_short_circuit_decorator.py took 0.156 seconds
[2025-04-08T05:54:05.243+0000] {processor.py:161} INFO - Started process (PID=80) to work on /home/airflow/.local/lib/python3.8/site-packages/airflow/example_dags/example_short_circuit_decorator.py
[2025-04-08T05:54:05.244+0000] {processor.py:830} INFO - Processing file /home/airflow/.local/lib/python3.8/site-packages/airflow/example_dags/example_short_circuit_decorator.py for tasks to queue
[2025-04-08T05:54:05.246+0000] {logging_mixin.py:188} INFO - [2025-04-08T05:54:05.246+0000] {dagbag.py:538} INFO - Filling up the DagBag from /home/airflow/.local/lib/python3.8/site-packages/airflow/example_dags/example_short_circuit_decorator.py
[2025-04-08T05:54:05.257+0000] {processor.py:840} INFO - DAG(s) 'example_short_circuit_decorator' retrieved from /home/airflow/.local/lib/python3.8/site-packages/airflow/example_dags/example_short_circuit_decorator.py
[2025-04-08T05:54:05.366+0000] {logging_mixin.py:188} INFO - [2025-04-08T05:54:05.365+0000] {dag.py:3036} INFO - Sync 1 DAGs
[2025-04-08T05:54:05.386+0000] {logging_mixin.py:188} INFO - [2025-04-08T05:54:05.386+0000] {dag.py:3823} INFO - Setting next_dagrun for example_short_circuit_decorator to 2025-04-07 00:00:00+00:00, run_after=2025-04-08 00:00:00+00:00
[2025-04-08T05:54:05.441+0000] {processor.py:183} INFO - Processing /home/airflow/.local/lib/python3.8/site-packages/airflow/example_dags/example_short_circuit_decorator.py took 0.201 seconds
[2025-04-08T05:54:36.320+0000] {processor.py:161} INFO - Started process (PID=136) to work on /home/airflow/.local/lib/python3.8/site-packages/airflow/example_dags/example_short_circuit_decorator.py
[2025-04-08T05:54:36.322+0000] {processor.py:830} INFO - Processing file /home/airflow/.local/lib/python3.8/site-packages/airflow/example_dags/example_short_circuit_decorator.py for tasks to queue
[2025-04-08T05:54:36.324+0000] {logging_mixin.py:188} INFO - [2025-04-08T05:54:36.323+0000] {dagbag.py:538} INFO - Filling up the DagBag from /home/airflow/.local/lib/python3.8/site-packages/airflow/example_dags/example_short_circuit_decorator.py
[2025-04-08T05:54:36.335+0000] {processor.py:840} INFO - DAG(s) 'example_short_circuit_decorator' retrieved from /home/airflow/.local/lib/python3.8/site-packages/airflow/example_dags/example_short_circuit_decorator.py
[2025-04-08T05:54:36.365+0000] {logging_mixin.py:188} INFO - [2025-04-08T05:54:36.364+0000] {dag.py:3036} INFO - Sync 1 DAGs
[2025-04-08T05:54:36.391+0000] {logging_mixin.py:188} INFO - [2025-04-08T05:54:36.391+0000] {dag.py:3823} INFO - Setting next_dagrun for example_short_circuit_decorator to 2025-04-07 00:00:00+00:00, run_after=2025-04-08 00:00:00+00:00
[2025-04-08T05:54:36.511+0000] {processor.py:183} INFO - Processing /home/airflow/.local/lib/python3.8/site-packages/airflow/example_dags/example_short_circuit_decorator.py took 0.194 seconds
[2025-04-08T05:55:07.336+0000] {processor.py:161} INFO - Started process (PID=185) to work on /home/airflow/.local/lib/python3.8/site-packages/airflow/example_dags/example_short_circuit_decorator.py
[2025-04-08T05:55:07.338+0000] {processor.py:830} INFO - Processing file /home/airflow/.local/lib/python3.8/site-packages/airflow/example_dags/example_short_circuit_decorator.py for tasks to queue
[2025-04-08T05:55:07.340+0000] {logging_mixin.py:188} INFO - [2025-04-08T05:55:07.339+0000] {dagbag.py:538} INFO - Filling up the DagBag from /home/airflow/.local/lib/python3.8/site-packages/airflow/example_dags/example_short_circuit_decorator.py
[2025-04-08T05:55:07.348+0000] {processor.py:840} INFO - DAG(s) 'example_short_circuit_decorator' retrieved from /home/airflow/.local/lib/python3.8/site-packages/airflow/example_dags/example_short_circuit_decorator.py
[2025-04-08T05:55:07.373+0000] {logging_mixin.py:188} INFO - [2025-04-08T05:55:07.372+0000] {dag.py:3036} INFO - Sync 1 DAGs
[2025-04-08T05:55:07.396+0000] {logging_mixin.py:188} INFO - [2025-04-08T05:55:07.396+0000] {dag.py:3823} INFO - Setting next_dagrun for example_short_circuit_decorator to 2025-04-07 00:00:00+00:00, run_after=2025-04-08 00:00:00+00:00
[2025-04-08T05:55:07.478+0000] {processor.py:183} INFO - Processing /home/airflow/.local/lib/python3.8/site-packages/airflow/example_dags/example_short_circuit_decorator.py took 0.144 seconds
[2025-04-08T05:55:37.659+0000] {processor.py:161} INFO - Started process (PID=240) to work on /home/airflow/.local/lib/python3.8/site-packages/airflow/example_dags/example_short_circuit_decorator.py
[2025-04-08T05:55:37.661+0000] {processor.py:830} INFO - Processing file /home/airflow/.local/lib/python3.8/site-packages/airflow/example_dags/example_short_circuit_decorator.py for tasks to queue
[2025-04-08T05:55:37.663+0000] {logging_mixin.py:188} INFO - [2025-04-08T05:55:37.662+0000] {dagbag.py:538} INFO - Filling up the DagBag from /home/airflow/.local/lib/python3.8/site-packages/airflow/example_dags/example_short_circuit_decorator.py
[2025-04-08T05:55:37.674+0000] {processor.py:840} INFO - DAG(s) 'example_short_circuit_decorator' retrieved from /home/airflow/.local/lib/python3.8/site-packages/airflow/example_dags/example_short_circuit_decorator.py
[2025-04-08T05:55:37.702+0000] {logging_mixin.py:188} INFO - [2025-04-08T05:55:37.701+0000] {dag.py:3036} INFO - Sync 1 DAGs
[2025-04-08T05:55:37.728+0000] {logging_mixin.py:188} INFO - [2025-04-08T05:55:37.728+0000] {dag.py:3823} INFO - Setting next_dagrun for example_short_circuit_decorator to 2025-04-07 00:00:00+00:00, run_after=2025-04-08 00:00:00+00:00
[2025-04-08T05:55:37.815+0000] {processor.py:183} INFO - Processing /home/airflow/.local/lib/python3.8/site-packages/airflow/example_dags/example_short_circuit_decorator.py took 0.159 seconds
[2025-04-08T05:56:08.172+0000] {processor.py:161} INFO - Started process (PID=295) to work on /home/airflow/.local/lib/python3.8/site-packages/airflow/example_dags/example_short_circuit_decorator.py
[2025-04-08T05:56:08.173+0000] {processor.py:830} INFO - Processing file /home/airflow/.local/lib/python3.8/site-packages/airflow/example_dags/example_short_circuit_decorator.py for tasks to queue
[2025-04-08T05:56:08.175+0000] {logging_mixin.py:188} INFO - [2025-04-08T05:56:08.175+0000] {dagbag.py:538} INFO - Filling up the DagBag from /home/airflow/.local/lib/python3.8/site-packages/airflow/example_dags/example_short_circuit_decorator.py
[2025-04-08T05:56:08.186+0000] {processor.py:840} INFO - DAG(s) 'example_short_circuit_decorator' retrieved from /home/airflow/.local/lib/python3.8/site-packages/airflow/example_dags/example_short_circuit_decorator.py
[2025-04-08T05:56:08.215+0000] {logging_mixin.py:188} INFO - [2025-04-08T05:56:08.215+0000] {dag.py:3036} INFO - Sync 1 DAGs
[2025-04-08T05:56:08.243+0000] {logging_mixin.py:188} INFO - [2025-04-08T05:56:08.242+0000] {dag.py:3823} INFO - Setting next_dagrun for example_short_circuit_decorator to 2025-04-07 00:00:00+00:00, run_after=2025-04-08 00:00:00+00:00
[2025-04-08T05:56:08.333+0000] {processor.py:183} INFO - Processing /home/airflow/.local/lib/python3.8/site-packages/airflow/example_dags/example_short_circuit_decorator.py took 0.163 seconds
[2025-04-08T05:56:42.044+0000] {processor.py:161} INFO - Started process (PID=350) to work on /home/airflow/.local/lib/python3.8/site-packages/airflow/example_dags/example_short_circuit_decorator.py
[2025-04-08T05:56:42.045+0000] {processor.py:830} INFO - Processing file /home/airflow/.local/lib/python3.8/site-packages/airflow/example_dags/example_short_circuit_decorator.py for tasks to queue
[2025-04-08T05:56:42.047+0000] {logging_mixin.py:188} INFO - [2025-04-08T05:56:42.047+0000] {dagbag.py:538} INFO - Filling up the DagBag from /home/airflow/.local/lib/python3.8/site-packages/airflow/example_dags/example_short_circuit_decorator.py
[2025-04-08T05:56:42.059+0000] {processor.py:840} INFO - DAG(s) 'example_short_circuit_decorator' retrieved from /home/airflow/.local/lib/python3.8/site-packages/airflow/example_dags/example_short_circuit_decorator.py
[2025-04-08T05:56:42.085+0000] {logging_mixin.py:188} INFO - [2025-04-08T05:56:42.085+0000] {dag.py:3036} INFO - Sync 1 DAGs
[2025-04-08T05:56:42.112+0000] {logging_mixin.py:188} INFO - [2025-04-08T05:56:42.112+0000] {dag.py:3823} INFO - Setting next_dagrun for example_short_circuit_decorator to 2025-04-07 00:00:00+00:00, run_after=2025-04-08 00:00:00+00:00
[2025-04-08T05:56:42.171+0000] {processor.py:183} INFO - Processing /home/airflow/.local/lib/python3.8/site-packages/airflow/example_dags/example_short_circuit_decorator.py took 0.129 seconds
[2025-04-08T05:57:12.252+0000] {processor.py:161} INFO - Started process (PID=405) to work on /home/airflow/.local/lib/python3.8/site-packages/airflow/example_dags/example_short_circuit_decorator.py
[2025-04-08T05:57:12.253+0000] {processor.py:830} INFO - Processing file /home/airflow/.local/lib/python3.8/site-packages/airflow/example_dags/example_short_circuit_decorator.py for tasks to queue
[2025-04-08T05:57:12.254+0000] {logging_mixin.py:188} INFO - [2025-04-08T05:57:12.254+0000] {dagbag.py:538} INFO - Filling up the DagBag from /home/airflow/.local/lib/python3.8/site-packages/airflow/example_dags/example_short_circuit_decorator.py
[2025-04-08T05:57:12.263+0000] {processor.py:840} INFO - DAG(s) 'example_short_circuit_decorator' retrieved from /home/airflow/.local/lib/python3.8/site-packages/airflow/example_dags/example_short_circuit_decorator.py
[2025-04-08T05:57:12.285+0000] {logging_mixin.py:188} INFO - [2025-04-08T05:57:12.285+0000] {dag.py:3036} INFO - Sync 1 DAGs
[2025-04-08T05:57:12.306+0000] {logging_mixin.py:188} INFO - [2025-04-08T05:57:12.306+0000] {dag.py:3823} INFO - Setting next_dagrun for example_short_circuit_decorator to 2025-04-07 00:00:00+00:00, run_after=2025-04-08 00:00:00+00:00
[2025-04-08T05:57:12.354+0000] {processor.py:183} INFO - Processing /home/airflow/.local/lib/python3.8/site-packages/airflow/example_dags/example_short_circuit_decorator.py took 0.105 seconds
[2025-04-08T05:57:42.461+0000] {processor.py:161} INFO - Started process (PID=460) to work on /home/airflow/.local/lib/python3.8/site-packages/airflow/example_dags/example_short_circuit_decorator.py
[2025-04-08T05:57:42.462+0000] {processor.py:830} INFO - Processing file /home/airflow/.local/lib/python3.8/site-packages/airflow/example_dags/example_short_circuit_decorator.py for tasks to queue
[2025-04-08T05:57:42.465+0000] {logging_mixin.py:188} INFO - [2025-04-08T05:57:42.464+0000] {dagbag.py:538} INFO - Filling up the DagBag from /home/airflow/.local/lib/python3.8/site-packages/airflow/example_dags/example_short_circuit_decorator.py
[2025-04-08T05:57:42.475+0000] {processor.py:840} INFO - DAG(s) 'example_short_circuit_decorator' retrieved from /home/airflow/.local/lib/python3.8/site-packages/airflow/example_dags/example_short_circuit_decorator.py
[2025-04-08T05:57:42.499+0000] {logging_mixin.py:188} INFO - [2025-04-08T05:57:42.499+0000] {dag.py:3036} INFO - Sync 1 DAGs
[2025-04-08T05:57:42.521+0000] {logging_mixin.py:188} INFO - [2025-04-08T05:57:42.521+0000] {dag.py:3823} INFO - Setting next_dagrun for example_short_circuit_decorator to 2025-04-07 00:00:00+00:00, run_after=2025-04-08 00:00:00+00:00
[2025-04-08T05:57:42.580+0000] {processor.py:183} INFO - Processing /home/airflow/.local/lib/python3.8/site-packages/airflow/example_dags/example_short_circuit_decorator.py took 0.122 seconds
[2025-04-08T05:58:13.103+0000] {processor.py:161} INFO - Started process (PID=515) to work on /home/airflow/.local/lib/python3.8/site-packages/airflow/example_dags/example_short_circuit_decorator.py
[2025-04-08T05:58:13.104+0000] {processor.py:830} INFO - Processing file /home/airflow/.local/lib/python3.8/site-packages/airflow/example_dags/example_short_circuit_decorator.py for tasks to queue
[2025-04-08T05:58:13.105+0000] {logging_mixin.py:188} INFO - [2025-04-08T05:58:13.105+0000] {dagbag.py:538} INFO - Filling up the DagBag from /home/airflow/.local/lib/python3.8/site-packages/airflow/example_dags/example_short_circuit_decorator.py
[2025-04-08T05:58:13.114+0000] {processor.py:840} INFO - DAG(s) 'example_short_circuit_decorator' retrieved from /home/airflow/.local/lib/python3.8/site-packages/airflow/example_dags/example_short_circuit_decorator.py
[2025-04-08T05:58:13.139+0000] {logging_mixin.py:188} INFO - [2025-04-08T05:58:13.139+0000] {dag.py:3036} INFO - Sync 1 DAGs
[2025-04-08T05:58:13.163+0000] {logging_mixin.py:188} INFO - [2025-04-08T05:58:13.163+0000] {dag.py:3823} INFO - Setting next_dagrun for example_short_circuit_decorator to 2025-04-07 00:00:00+00:00, run_after=2025-04-08 00:00:00+00:00
[2025-04-08T05:58:13.215+0000] {processor.py:183} INFO - Processing /home/airflow/.local/lib/python3.8/site-packages/airflow/example_dags/example_short_circuit_decorator.py took 0.115 seconds
[2025-04-08T05:58:44.304+0000] {processor.py:161} INFO - Started process (PID=570) to work on /home/airflow/.local/lib/python3.8/site-packages/airflow/example_dags/example_short_circuit_decorator.py
[2025-04-08T05:58:44.305+0000] {processor.py:830} INFO - Processing file /home/airflow/.local/lib/python3.8/site-packages/airflow/example_dags/example_short_circuit_decorator.py for tasks to queue
[2025-04-08T05:58:44.307+0000] {logging_mixin.py:188} INFO - [2025-04-08T05:58:44.306+0000] {dagbag.py:538} INFO - Filling up the DagBag from /home/airflow/.local/lib/python3.8/site-packages/airflow/example_dags/example_short_circuit_decorator.py
[2025-04-08T05:58:44.320+0000] {processor.py:840} INFO - DAG(s) 'example_short_circuit_decorator' retrieved from /home/airflow/.local/lib/python3.8/site-packages/airflow/example_dags/example_short_circuit_decorator.py
[2025-04-08T05:58:44.355+0000] {logging_mixin.py:188} INFO - [2025-04-08T05:58:44.355+0000] {dag.py:3036} INFO - Sync 1 DAGs
[2025-04-08T05:58:44.381+0000] {logging_mixin.py:188} INFO - [2025-04-08T05:58:44.381+0000] {dag.py:3823} INFO - Setting next_dagrun for example_short_circuit_decorator to 2025-04-07 00:00:00+00:00, run_after=2025-04-08 00:00:00+00:00
[2025-04-08T05:58:44.460+0000] {processor.py:183} INFO - Processing /home/airflow/.local/lib/python3.8/site-packages/airflow/example_dags/example_short_circuit_decorator.py took 0.159 seconds
