[2025-04-08T05:44:56.364+0000] {processor.py:161} INFO - Started process (PID=104) to work on /home/airflow/.local/lib/python3.8/site-packages/airflow/example_dags/example_params_trigger_ui.py
[2025-04-08T05:44:56.365+0000] {processor.py:830} INFO - Processing file /home/airflow/.local/lib/python3.8/site-packages/airflow/example_dags/example_params_trigger_ui.py for tasks to queue
[2025-04-08T05:44:56.367+0000] {logging_mixin.py:188} INFO - [2025-04-08T05:44:56.367+0000] {dagbag.py:538} INFO - Filling up the DagBag from /home/airflow/.local/lib/python3.8/site-packages/airflow/example_dags/example_params_trigger_ui.py
[2025-04-08T05:44:56.380+0000] {processor.py:840} INFO - DAG(s) 'example_params_trigger_ui' retrieved from /home/airflow/.local/lib/python3.8/site-packages/airflow/example_dags/example_params_trigger_ui.py
[2025-04-08T05:44:56.581+0000] {logging_mixin.py:188} INFO - [2025-04-08T05:44:56.581+0000] {dag.py:3036} INFO - Sync 1 DAGs
[2025-04-08T05:44:56.593+0000] {logging_mixin.py:188} INFO - [2025-04-08T05:44:56.592+0000] {dag.py:3823} INFO - Setting next_dagrun for example_params_trigger_ui to None, run_after=None
[2025-04-08T05:44:56.666+0000] {processor.py:183} INFO - Processing /home/airflow/.local/lib/python3.8/site-packages/airflow/example_dags/example_params_trigger_ui.py took 0.305 seconds
[2025-04-08T05:45:27.703+0000] {processor.py:161} INFO - Started process (PID=159) to work on /home/airflow/.local/lib/python3.8/site-packages/airflow/example_dags/example_params_trigger_ui.py
[2025-04-08T05:45:27.704+0000] {processor.py:830} INFO - Processing file /home/airflow/.local/lib/python3.8/site-packages/airflow/example_dags/example_params_trigger_ui.py for tasks to queue
[2025-04-08T05:45:27.706+0000] {logging_mixin.py:188} INFO - [2025-04-08T05:45:27.705+0000] {dagbag.py:538} INFO - Filling up the DagBag from /home/airflow/.local/lib/python3.8/site-packages/airflow/example_dags/example_params_trigger_ui.py
[2025-04-08T05:45:27.726+0000] {processor.py:840} INFO - DAG(s) 'example_params_trigger_ui' retrieved from /home/airflow/.local/lib/python3.8/site-packages/airflow/example_dags/example_params_trigger_ui.py
[2025-04-08T05:45:27.791+0000] {logging_mixin.py:188} INFO - [2025-04-08T05:45:27.790+0000] {dag.py:3036} INFO - Sync 1 DAGs
[2025-04-08T05:45:27.806+0000] {logging_mixin.py:188} INFO - [2025-04-08T05:45:27.806+0000] {dag.py:3823} INFO - Setting next_dagrun for example_params_trigger_ui to None, run_after=None
[2025-04-08T05:45:27.859+0000] {processor.py:183} INFO - Processing /home/airflow/.local/lib/python3.8/site-packages/airflow/example_dags/example_params_trigger_ui.py took 0.160 seconds
[2025-04-08T05:46:00.566+0000] {processor.py:161} INFO - Started process (PID=214) to work on /home/airflow/.local/lib/python3.8/site-packages/airflow/example_dags/example_params_trigger_ui.py
[2025-04-08T05:46:00.567+0000] {processor.py:830} INFO - Processing file /home/airflow/.local/lib/python3.8/site-packages/airflow/example_dags/example_params_trigger_ui.py for tasks to queue
[2025-04-08T05:46:00.569+0000] {logging_mixin.py:188} INFO - [2025-04-08T05:46:00.568+0000] {dagbag.py:538} INFO - Filling up the DagBag from /home/airflow/.local/lib/python3.8/site-packages/airflow/example_dags/example_params_trigger_ui.py
[2025-04-08T05:46:00.580+0000] {processor.py:840} INFO - DAG(s) 'example_params_trigger_ui' retrieved from /home/airflow/.local/lib/python3.8/site-packages/airflow/example_dags/example_params_trigger_ui.py
[2025-04-08T05:46:00.637+0000] {logging_mixin.py:188} INFO - [2025-04-08T05:46:00.637+0000] {dag.py:3036} INFO - Sync 1 DAGs
[2025-04-08T05:46:00.649+0000] {logging_mixin.py:188} INFO - [2025-04-08T05:46:00.649+0000] {dag.py:3823} INFO - Setting next_dagrun for example_params_trigger_ui to None, run_after=None
[2025-04-08T05:46:00.698+0000] {processor.py:183} INFO - Processing /home/airflow/.local/lib/python3.8/site-packages/airflow/example_dags/example_params_trigger_ui.py took 0.135 seconds
[2025-04-08T05:46:33.950+0000] {processor.py:161} INFO - Started process (PID=269) to work on /home/airflow/.local/lib/python3.8/site-packages/airflow/example_dags/example_params_trigger_ui.py
[2025-04-08T05:46:33.952+0000] {processor.py:830} INFO - Processing file /home/airflow/.local/lib/python3.8/site-packages/airflow/example_dags/example_params_trigger_ui.py for tasks to queue
[2025-04-08T05:46:33.954+0000] {logging_mixin.py:188} INFO - [2025-04-08T05:46:33.954+0000] {dagbag.py:538} INFO - Filling up the DagBag from /home/airflow/.local/lib/python3.8/site-packages/airflow/example_dags/example_params_trigger_ui.py
[2025-04-08T05:46:33.970+0000] {processor.py:840} INFO - DAG(s) 'example_params_trigger_ui' retrieved from /home/airflow/.local/lib/python3.8/site-packages/airflow/example_dags/example_params_trigger_ui.py
[2025-04-08T05:46:34.033+0000] {logging_mixin.py:188} INFO - [2025-04-08T05:46:34.033+0000] {dag.py:3036} INFO - Sync 1 DAGs
[2025-04-08T05:46:34.049+0000] {logging_mixin.py:188} INFO - [2025-04-08T05:46:34.049+0000] {dag.py:3823} INFO - Setting next_dagrun for example_params_trigger_ui to None, run_after=None
[2025-04-08T05:46:34.136+0000] {processor.py:183} INFO - Processing /home/airflow/.local/lib/python3.8/site-packages/airflow/example_dags/example_params_trigger_ui.py took 0.189 seconds
[2025-04-08T05:47:04.287+0000] {processor.py:161} INFO - Started process (PID=324) to work on /home/airflow/.local/lib/python3.8/site-packages/airflow/example_dags/example_params_trigger_ui.py
[2025-04-08T05:47:04.288+0000] {processor.py:830} INFO - Processing file /home/airflow/.local/lib/python3.8/site-packages/airflow/example_dags/example_params_trigger_ui.py for tasks to queue
[2025-04-08T05:47:04.289+0000] {logging_mixin.py:188} INFO - [2025-04-08T05:47:04.289+0000] {dagbag.py:538} INFO - Filling up the DagBag from /home/airflow/.local/lib/python3.8/site-packages/airflow/example_dags/example_params_trigger_ui.py
[2025-04-08T05:47:04.301+0000] {processor.py:840} INFO - DAG(s) 'example_params_trigger_ui' retrieved from /home/airflow/.local/lib/python3.8/site-packages/airflow/example_dags/example_params_trigger_ui.py
[2025-04-08T05:47:04.359+0000] {logging_mixin.py:188} INFO - [2025-04-08T05:47:04.359+0000] {dag.py:3036} INFO - Sync 1 DAGs
[2025-04-08T05:47:04.374+0000] {logging_mixin.py:188} INFO - [2025-04-08T05:47:04.374+0000] {dag.py:3823} INFO - Setting next_dagrun for example_params_trigger_ui to None, run_after=None
[2025-04-08T05:47:04.432+0000] {processor.py:183} INFO - Processing /home/airflow/.local/lib/python3.8/site-packages/airflow/example_dags/example_params_trigger_ui.py took 0.148 seconds
[2025-04-08T05:47:34.507+0000] {processor.py:161} INFO - Started process (PID=373) to work on /home/airflow/.local/lib/python3.8/site-packages/airflow/example_dags/example_params_trigger_ui.py
[2025-04-08T05:47:34.508+0000] {processor.py:830} INFO - Processing file /home/airflow/.local/lib/python3.8/site-packages/airflow/example_dags/example_params_trigger_ui.py for tasks to queue
[2025-04-08T05:47:34.510+0000] {logging_mixin.py:188} INFO - [2025-04-08T05:47:34.510+0000] {dagbag.py:538} INFO - Filling up the DagBag from /home/airflow/.local/lib/python3.8/site-packages/airflow/example_dags/example_params_trigger_ui.py
[2025-04-08T05:47:34.524+0000] {processor.py:840} INFO - DAG(s) 'example_params_trigger_ui' retrieved from /home/airflow/.local/lib/python3.8/site-packages/airflow/example_dags/example_params_trigger_ui.py
[2025-04-08T05:47:34.588+0000] {logging_mixin.py:188} INFO - [2025-04-08T05:47:34.588+0000] {dag.py:3036} INFO - Sync 1 DAGs
[2025-04-08T05:47:34.604+0000] {logging_mixin.py:188} INFO - [2025-04-08T05:47:34.604+0000] {dag.py:3823} INFO - Setting next_dagrun for example_params_trigger_ui to None, run_after=None
[2025-04-08T05:47:34.670+0000] {processor.py:183} INFO - Processing /home/airflow/.local/lib/python3.8/site-packages/airflow/example_dags/example_params_trigger_ui.py took 0.166 seconds
[2025-04-08T05:48:04.860+0000] {processor.py:161} INFO - Started process (PID=428) to work on /home/airflow/.local/lib/python3.8/site-packages/airflow/example_dags/example_params_trigger_ui.py
[2025-04-08T05:48:04.862+0000] {processor.py:830} INFO - Processing file /home/airflow/.local/lib/python3.8/site-packages/airflow/example_dags/example_params_trigger_ui.py for tasks to queue
[2025-04-08T05:48:04.864+0000] {logging_mixin.py:188} INFO - [2025-04-08T05:48:04.863+0000] {dagbag.py:538} INFO - Filling up the DagBag from /home/airflow/.local/lib/python3.8/site-packages/airflow/example_dags/example_params_trigger_ui.py
[2025-04-08T05:48:04.877+0000] {processor.py:840} INFO - DAG(s) 'example_params_trigger_ui' retrieved from /home/airflow/.local/lib/python3.8/site-packages/airflow/example_dags/example_params_trigger_ui.py
[2025-04-08T05:48:04.973+0000] {logging_mixin.py:188} INFO - [2025-04-08T05:48:04.973+0000] {dag.py:3036} INFO - Sync 1 DAGs
[2025-04-08T05:48:04.988+0000] {logging_mixin.py:188} INFO - [2025-04-08T05:48:04.987+0000] {dag.py:3823} INFO - Setting next_dagrun for example_params_trigger_ui to None, run_after=None
[2025-04-08T05:48:05.069+0000] {processor.py:183} INFO - Processing /home/airflow/.local/lib/python3.8/site-packages/airflow/example_dags/example_params_trigger_ui.py took 0.211 seconds
[2025-04-08T05:48:35.568+0000] {processor.py:161} INFO - Started process (PID=483) to work on /home/airflow/.local/lib/python3.8/site-packages/airflow/example_dags/example_params_trigger_ui.py
[2025-04-08T05:48:35.569+0000] {processor.py:830} INFO - Processing file /home/airflow/.local/lib/python3.8/site-packages/airflow/example_dags/example_params_trigger_ui.py for tasks to queue
[2025-04-08T05:48:35.571+0000] {logging_mixin.py:188} INFO - [2025-04-08T05:48:35.570+0000] {dagbag.py:538} INFO - Filling up the DagBag from /home/airflow/.local/lib/python3.8/site-packages/airflow/example_dags/example_params_trigger_ui.py
[2025-04-08T05:48:35.583+0000] {processor.py:840} INFO - DAG(s) 'example_params_trigger_ui' retrieved from /home/airflow/.local/lib/python3.8/site-packages/airflow/example_dags/example_params_trigger_ui.py
[2025-04-08T05:48:35.639+0000] {logging_mixin.py:188} INFO - [2025-04-08T05:48:35.639+0000] {dag.py:3036} INFO - Sync 1 DAGs
[2025-04-08T05:48:35.652+0000] {logging_mixin.py:188} INFO - [2025-04-08T05:48:35.652+0000] {dag.py:3823} INFO - Setting next_dagrun for example_params_trigger_ui to None, run_after=None
[2025-04-08T05:48:35.706+0000] {processor.py:183} INFO - Processing /home/airflow/.local/lib/python3.8/site-packages/airflow/example_dags/example_params_trigger_ui.py took 0.141 seconds
[2025-04-08T05:49:06.432+0000] {processor.py:161} INFO - Started process (PID=538) to work on /home/airflow/.local/lib/python3.8/site-packages/airflow/example_dags/example_params_trigger_ui.py
[2025-04-08T05:49:06.434+0000] {processor.py:830} INFO - Processing file /home/airflow/.local/lib/python3.8/site-packages/airflow/example_dags/example_params_trigger_ui.py for tasks to queue
[2025-04-08T05:49:06.436+0000] {logging_mixin.py:188} INFO - [2025-04-08T05:49:06.436+0000] {dagbag.py:538} INFO - Filling up the DagBag from /home/airflow/.local/lib/python3.8/site-packages/airflow/example_dags/example_params_trigger_ui.py
[2025-04-08T05:49:06.452+0000] {processor.py:840} INFO - DAG(s) 'example_params_trigger_ui' retrieved from /home/airflow/.local/lib/python3.8/site-packages/airflow/example_dags/example_params_trigger_ui.py
[2025-04-08T05:49:06.515+0000] {logging_mixin.py:188} INFO - [2025-04-08T05:49:06.515+0000] {dag.py:3036} INFO - Sync 1 DAGs
[2025-04-08T05:49:06.529+0000] {logging_mixin.py:188} INFO - [2025-04-08T05:49:06.529+0000] {dag.py:3823} INFO - Setting next_dagrun for example_params_trigger_ui to None, run_after=None
[2025-04-08T05:49:06.689+0000] {processor.py:183} INFO - Processing /home/airflow/.local/lib/python3.8/site-packages/airflow/example_dags/example_params_trigger_ui.py took 0.260 seconds
[2025-04-08T05:49:37.201+0000] {processor.py:161} INFO - Started process (PID=593) to work on /home/airflow/.local/lib/python3.8/site-packages/airflow/example_dags/example_params_trigger_ui.py
[2025-04-08T05:49:37.202+0000] {processor.py:830} INFO - Processing file /home/airflow/.local/lib/python3.8/site-packages/airflow/example_dags/example_params_trigger_ui.py for tasks to queue
[2025-04-08T05:49:37.204+0000] {logging_mixin.py:188} INFO - [2025-04-08T05:49:37.204+0000] {dagbag.py:538} INFO - Filling up the DagBag from /home/airflow/.local/lib/python3.8/site-packages/airflow/example_dags/example_params_trigger_ui.py
[2025-04-08T05:49:37.217+0000] {processor.py:840} INFO - DAG(s) 'example_params_trigger_ui' retrieved from /home/airflow/.local/lib/python3.8/site-packages/airflow/example_dags/example_params_trigger_ui.py
[2025-04-08T05:49:37.272+0000] {logging_mixin.py:188} INFO - [2025-04-08T05:49:37.272+0000] {dag.py:3036} INFO - Sync 1 DAGs
[2025-04-08T05:49:37.286+0000] {logging_mixin.py:188} INFO - [2025-04-08T05:49:37.285+0000] {dag.py:3823} INFO - Setting next_dagrun for example_params_trigger_ui to None, run_after=None
[2025-04-08T05:49:37.342+0000] {processor.py:183} INFO - Processing /home/airflow/.local/lib/python3.8/site-packages/airflow/example_dags/example_params_trigger_ui.py took 0.144 seconds
[2025-04-08T05:50:08.323+0000] {processor.py:161} INFO - Started process (PID=648) to work on /home/airflow/.local/lib/python3.8/site-packages/airflow/example_dags/example_params_trigger_ui.py
[2025-04-08T05:50:08.324+0000] {processor.py:830} INFO - Processing file /home/airflow/.local/lib/python3.8/site-packages/airflow/example_dags/example_params_trigger_ui.py for tasks to queue
[2025-04-08T05:50:08.326+0000] {logging_mixin.py:188} INFO - [2025-04-08T05:50:08.325+0000] {dagbag.py:538} INFO - Filling up the DagBag from /home/airflow/.local/lib/python3.8/site-packages/airflow/example_dags/example_params_trigger_ui.py
[2025-04-08T05:50:08.339+0000] {processor.py:840} INFO - DAG(s) 'example_params_trigger_ui' retrieved from /home/airflow/.local/lib/python3.8/site-packages/airflow/example_dags/example_params_trigger_ui.py
[2025-04-08T05:50:08.394+0000] {logging_mixin.py:188} INFO - [2025-04-08T05:50:08.394+0000] {dag.py:3036} INFO - Sync 1 DAGs
[2025-04-08T05:50:08.406+0000] {logging_mixin.py:188} INFO - [2025-04-08T05:50:08.406+0000] {dag.py:3823} INFO - Setting next_dagrun for example_params_trigger_ui to None, run_after=None
[2025-04-08T05:50:08.464+0000] {processor.py:183} INFO - Processing /home/airflow/.local/lib/python3.8/site-packages/airflow/example_dags/example_params_trigger_ui.py took 0.144 seconds
[2025-04-08T05:50:43.011+0000] {processor.py:161} INFO - Started process (PID=703) to work on /home/airflow/.local/lib/python3.8/site-packages/airflow/example_dags/example_params_trigger_ui.py
[2025-04-08T05:50:43.013+0000] {processor.py:830} INFO - Processing file /home/airflow/.local/lib/python3.8/site-packages/airflow/example_dags/example_params_trigger_ui.py for tasks to queue
[2025-04-08T05:50:43.015+0000] {logging_mixin.py:188} INFO - [2025-04-08T05:50:43.015+0000] {dagbag.py:538} INFO - Filling up the DagBag from /home/airflow/.local/lib/python3.8/site-packages/airflow/example_dags/example_params_trigger_ui.py
[2025-04-08T05:50:43.028+0000] {processor.py:840} INFO - DAG(s) 'example_params_trigger_ui' retrieved from /home/airflow/.local/lib/python3.8/site-packages/airflow/example_dags/example_params_trigger_ui.py
[2025-04-08T05:50:43.100+0000] {logging_mixin.py:188} INFO - [2025-04-08T05:50:43.099+0000] {dag.py:3036} INFO - Sync 1 DAGs
[2025-04-08T05:50:43.115+0000] {logging_mixin.py:188} INFO - [2025-04-08T05:50:43.115+0000] {dag.py:3823} INFO - Setting next_dagrun for example_params_trigger_ui to None, run_after=None
[2025-04-08T05:50:43.252+0000] {processor.py:183} INFO - Processing /home/airflow/.local/lib/python3.8/site-packages/airflow/example_dags/example_params_trigger_ui.py took 0.244 seconds
[2025-04-08T05:54:07.004+0000] {processor.py:161} INFO - Started process (PID=93) to work on /home/airflow/.local/lib/python3.8/site-packages/airflow/example_dags/example_params_trigger_ui.py
[2025-04-08T05:54:07.005+0000] {processor.py:830} INFO - Processing file /home/airflow/.local/lib/python3.8/site-packages/airflow/example_dags/example_params_trigger_ui.py for tasks to queue
[2025-04-08T05:54:07.007+0000] {logging_mixin.py:188} INFO - [2025-04-08T05:54:07.007+0000] {dagbag.py:538} INFO - Filling up the DagBag from /home/airflow/.local/lib/python3.8/site-packages/airflow/example_dags/example_params_trigger_ui.py
[2025-04-08T05:54:07.021+0000] {processor.py:840} INFO - DAG(s) 'example_params_trigger_ui' retrieved from /home/airflow/.local/lib/python3.8/site-packages/airflow/example_dags/example_params_trigger_ui.py
[2025-04-08T05:54:07.174+0000] {logging_mixin.py:188} INFO - [2025-04-08T05:54:07.173+0000] {dag.py:3036} INFO - Sync 1 DAGs
[2025-04-08T05:54:07.187+0000] {logging_mixin.py:188} INFO - [2025-04-08T05:54:07.187+0000] {dag.py:3823} INFO - Setting next_dagrun for example_params_trigger_ui to None, run_after=None
[2025-04-08T05:54:07.280+0000] {processor.py:183} INFO - Processing /home/airflow/.local/lib/python3.8/site-packages/airflow/example_dags/example_params_trigger_ui.py took 0.279 seconds
[2025-04-08T05:54:37.433+0000] {processor.py:161} INFO - Started process (PID=149) to work on /home/airflow/.local/lib/python3.8/site-packages/airflow/example_dags/example_params_trigger_ui.py
[2025-04-08T05:54:37.435+0000] {processor.py:830} INFO - Processing file /home/airflow/.local/lib/python3.8/site-packages/airflow/example_dags/example_params_trigger_ui.py for tasks to queue
[2025-04-08T05:54:37.437+0000] {logging_mixin.py:188} INFO - [2025-04-08T05:54:37.437+0000] {dagbag.py:538} INFO - Filling up the DagBag from /home/airflow/.local/lib/python3.8/site-packages/airflow/example_dags/example_params_trigger_ui.py
[2025-04-08T05:54:37.451+0000] {processor.py:840} INFO - DAG(s) 'example_params_trigger_ui' retrieved from /home/airflow/.local/lib/python3.8/site-packages/airflow/example_dags/example_params_trigger_ui.py
[2025-04-08T05:54:37.509+0000] {logging_mixin.py:188} INFO - [2025-04-08T05:54:37.509+0000] {dag.py:3036} INFO - Sync 1 DAGs
[2025-04-08T05:54:37.521+0000] {logging_mixin.py:188} INFO - [2025-04-08T05:54:37.521+0000] {dag.py:3823} INFO - Setting next_dagrun for example_params_trigger_ui to None, run_after=None
[2025-04-08T05:54:37.589+0000] {processor.py:183} INFO - Processing /home/airflow/.local/lib/python3.8/site-packages/airflow/example_dags/example_params_trigger_ui.py took 0.158 seconds
[2025-04-08T05:55:08.394+0000] {processor.py:161} INFO - Started process (PID=198) to work on /home/airflow/.local/lib/python3.8/site-packages/airflow/example_dags/example_params_trigger_ui.py
[2025-04-08T05:55:08.395+0000] {processor.py:830} INFO - Processing file /home/airflow/.local/lib/python3.8/site-packages/airflow/example_dags/example_params_trigger_ui.py for tasks to queue
[2025-04-08T05:55:08.397+0000] {logging_mixin.py:188} INFO - [2025-04-08T05:55:08.396+0000] {dagbag.py:538} INFO - Filling up the DagBag from /home/airflow/.local/lib/python3.8/site-packages/airflow/example_dags/example_params_trigger_ui.py
[2025-04-08T05:55:08.409+0000] {processor.py:840} INFO - DAG(s) 'example_params_trigger_ui' retrieved from /home/airflow/.local/lib/python3.8/site-packages/airflow/example_dags/example_params_trigger_ui.py
[2025-04-08T05:55:08.462+0000] {logging_mixin.py:188} INFO - [2025-04-08T05:55:08.461+0000] {dag.py:3036} INFO - Sync 1 DAGs
[2025-04-08T05:55:08.476+0000] {logging_mixin.py:188} INFO - [2025-04-08T05:55:08.476+0000] {dag.py:3823} INFO - Setting next_dagrun for example_params_trigger_ui to None, run_after=None
[2025-04-08T05:55:08.533+0000] {processor.py:183} INFO - Processing /home/airflow/.local/lib/python3.8/site-packages/airflow/example_dags/example_params_trigger_ui.py took 0.142 seconds
[2025-04-08T05:55:38.851+0000] {processor.py:161} INFO - Started process (PID=253) to work on /home/airflow/.local/lib/python3.8/site-packages/airflow/example_dags/example_params_trigger_ui.py
[2025-04-08T05:55:38.852+0000] {processor.py:830} INFO - Processing file /home/airflow/.local/lib/python3.8/site-packages/airflow/example_dags/example_params_trigger_ui.py for tasks to queue
[2025-04-08T05:55:38.854+0000] {logging_mixin.py:188} INFO - [2025-04-08T05:55:38.854+0000] {dagbag.py:538} INFO - Filling up the DagBag from /home/airflow/.local/lib/python3.8/site-packages/airflow/example_dags/example_params_trigger_ui.py
[2025-04-08T05:55:38.866+0000] {processor.py:840} INFO - DAG(s) 'example_params_trigger_ui' retrieved from /home/airflow/.local/lib/python3.8/site-packages/airflow/example_dags/example_params_trigger_ui.py
[2025-04-08T05:55:38.924+0000] {logging_mixin.py:188} INFO - [2025-04-08T05:55:38.924+0000] {dag.py:3036} INFO - Sync 1 DAGs
[2025-04-08T05:55:38.937+0000] {logging_mixin.py:188} INFO - [2025-04-08T05:55:38.936+0000] {dag.py:3823} INFO - Setting next_dagrun for example_params_trigger_ui to None, run_after=None
[2025-04-08T05:55:39.002+0000] {processor.py:183} INFO - Processing /home/airflow/.local/lib/python3.8/site-packages/airflow/example_dags/example_params_trigger_ui.py took 0.153 seconds
[2025-04-08T05:56:09.178+0000] {processor.py:161} INFO - Started process (PID=308) to work on /home/airflow/.local/lib/python3.8/site-packages/airflow/example_dags/example_params_trigger_ui.py
[2025-04-08T05:56:09.179+0000] {processor.py:830} INFO - Processing file /home/airflow/.local/lib/python3.8/site-packages/airflow/example_dags/example_params_trigger_ui.py for tasks to queue
[2025-04-08T05:56:09.181+0000] {logging_mixin.py:188} INFO - [2025-04-08T05:56:09.181+0000] {dagbag.py:538} INFO - Filling up the DagBag from /home/airflow/.local/lib/python3.8/site-packages/airflow/example_dags/example_params_trigger_ui.py
[2025-04-08T05:56:09.197+0000] {processor.py:840} INFO - DAG(s) 'example_params_trigger_ui' retrieved from /home/airflow/.local/lib/python3.8/site-packages/airflow/example_dags/example_params_trigger_ui.py
[2025-04-08T05:56:09.252+0000] {logging_mixin.py:188} INFO - [2025-04-08T05:56:09.252+0000] {dag.py:3036} INFO - Sync 1 DAGs
[2025-04-08T05:56:09.264+0000] {logging_mixin.py:188} INFO - [2025-04-08T05:56:09.263+0000] {dag.py:3823} INFO - Setting next_dagrun for example_params_trigger_ui to None, run_after=None
[2025-04-08T05:56:09.322+0000] {processor.py:183} INFO - Processing /home/airflow/.local/lib/python3.8/site-packages/airflow/example_dags/example_params_trigger_ui.py took 0.147 seconds
[2025-04-08T05:56:43.210+0000] {processor.py:161} INFO - Started process (PID=363) to work on /home/airflow/.local/lib/python3.8/site-packages/airflow/example_dags/example_params_trigger_ui.py
[2025-04-08T05:56:43.211+0000] {processor.py:830} INFO - Processing file /home/airflow/.local/lib/python3.8/site-packages/airflow/example_dags/example_params_trigger_ui.py for tasks to queue
[2025-04-08T05:56:43.213+0000] {logging_mixin.py:188} INFO - [2025-04-08T05:56:43.213+0000] {dagbag.py:538} INFO - Filling up the DagBag from /home/airflow/.local/lib/python3.8/site-packages/airflow/example_dags/example_params_trigger_ui.py
[2025-04-08T05:56:43.226+0000] {processor.py:840} INFO - DAG(s) 'example_params_trigger_ui' retrieved from /home/airflow/.local/lib/python3.8/site-packages/airflow/example_dags/example_params_trigger_ui.py
[2025-04-08T05:56:43.283+0000] {logging_mixin.py:188} INFO - [2025-04-08T05:56:43.282+0000] {dag.py:3036} INFO - Sync 1 DAGs
[2025-04-08T05:56:43.295+0000] {logging_mixin.py:188} INFO - [2025-04-08T05:56:43.294+0000] {dag.py:3823} INFO - Setting next_dagrun for example_params_trigger_ui to None, run_after=None
[2025-04-08T05:56:43.351+0000] {processor.py:183} INFO - Processing /home/airflow/.local/lib/python3.8/site-packages/airflow/example_dags/example_params_trigger_ui.py took 0.144 seconds
[2025-04-08T05:57:17.130+0000] {processor.py:161} INFO - Started process (PID=418) to work on /home/airflow/.local/lib/python3.8/site-packages/airflow/example_dags/example_params_trigger_ui.py
[2025-04-08T05:57:17.131+0000] {processor.py:830} INFO - Processing file /home/airflow/.local/lib/python3.8/site-packages/airflow/example_dags/example_params_trigger_ui.py for tasks to queue
[2025-04-08T05:57:17.133+0000] {logging_mixin.py:188} INFO - [2025-04-08T05:57:17.133+0000] {dagbag.py:538} INFO - Filling up the DagBag from /home/airflow/.local/lib/python3.8/site-packages/airflow/example_dags/example_params_trigger_ui.py
[2025-04-08T05:57:17.149+0000] {processor.py:840} INFO - DAG(s) 'example_params_trigger_ui' retrieved from /home/airflow/.local/lib/python3.8/site-packages/airflow/example_dags/example_params_trigger_ui.py
[2025-04-08T05:57:17.204+0000] {logging_mixin.py:188} INFO - [2025-04-08T05:57:17.204+0000] {dag.py:3036} INFO - Sync 1 DAGs
[2025-04-08T05:57:17.217+0000] {logging_mixin.py:188} INFO - [2025-04-08T05:57:17.216+0000] {dag.py:3823} INFO - Setting next_dagrun for example_params_trigger_ui to None, run_after=None
[2025-04-08T05:57:17.271+0000] {processor.py:183} INFO - Processing /home/airflow/.local/lib/python3.8/site-packages/airflow/example_dags/example_params_trigger_ui.py took 0.145 seconds
[2025-04-08T05:57:47.676+0000] {processor.py:161} INFO - Started process (PID=473) to work on /home/airflow/.local/lib/python3.8/site-packages/airflow/example_dags/example_params_trigger_ui.py
[2025-04-08T05:57:47.678+0000] {processor.py:830} INFO - Processing file /home/airflow/.local/lib/python3.8/site-packages/airflow/example_dags/example_params_trigger_ui.py for tasks to queue
[2025-04-08T05:57:47.680+0000] {logging_mixin.py:188} INFO - [2025-04-08T05:57:47.679+0000] {dagbag.py:538} INFO - Filling up the DagBag from /home/airflow/.local/lib/python3.8/site-packages/airflow/example_dags/example_params_trigger_ui.py
[2025-04-08T05:57:47.694+0000] {processor.py:840} INFO - DAG(s) 'example_params_trigger_ui' retrieved from /home/airflow/.local/lib/python3.8/site-packages/airflow/example_dags/example_params_trigger_ui.py
[2025-04-08T05:57:47.748+0000] {logging_mixin.py:188} INFO - [2025-04-08T05:57:47.748+0000] {dag.py:3036} INFO - Sync 1 DAGs
[2025-04-08T05:57:47.760+0000] {logging_mixin.py:188} INFO - [2025-04-08T05:57:47.760+0000] {dag.py:3823} INFO - Setting next_dagrun for example_params_trigger_ui to None, run_after=None
[2025-04-08T05:57:47.814+0000] {processor.py:183} INFO - Processing /home/airflow/.local/lib/python3.8/site-packages/airflow/example_dags/example_params_trigger_ui.py took 0.140 seconds
[2025-04-08T05:58:18.217+0000] {processor.py:161} INFO - Started process (PID=528) to work on /home/airflow/.local/lib/python3.8/site-packages/airflow/example_dags/example_params_trigger_ui.py
[2025-04-08T05:58:18.218+0000] {processor.py:830} INFO - Processing file /home/airflow/.local/lib/python3.8/site-packages/airflow/example_dags/example_params_trigger_ui.py for tasks to queue
[2025-04-08T05:58:18.223+0000] {logging_mixin.py:188} INFO - [2025-04-08T05:58:18.222+0000] {dagbag.py:538} INFO - Filling up the DagBag from /home/airflow/.local/lib/python3.8/site-packages/airflow/example_dags/example_params_trigger_ui.py
[2025-04-08T05:58:18.244+0000] {processor.py:840} INFO - DAG(s) 'example_params_trigger_ui' retrieved from /home/airflow/.local/lib/python3.8/site-packages/airflow/example_dags/example_params_trigger_ui.py
[2025-04-08T05:58:18.305+0000] {logging_mixin.py:188} INFO - [2025-04-08T05:58:18.304+0000] {dag.py:3036} INFO - Sync 1 DAGs
[2025-04-08T05:58:18.333+0000] {logging_mixin.py:188} INFO - [2025-04-08T05:58:18.332+0000] {dag.py:3823} INFO - Setting next_dagrun for example_params_trigger_ui to None, run_after=None
[2025-04-08T05:58:18.403+0000] {processor.py:183} INFO - Processing /home/airflow/.local/lib/python3.8/site-packages/airflow/example_dags/example_params_trigger_ui.py took 0.190 seconds
[2025-04-08T05:58:48.463+0000] {processor.py:161} INFO - Started process (PID=583) to work on /home/airflow/.local/lib/python3.8/site-packages/airflow/example_dags/example_params_trigger_ui.py
[2025-04-08T05:58:48.465+0000] {processor.py:830} INFO - Processing file /home/airflow/.local/lib/python3.8/site-packages/airflow/example_dags/example_params_trigger_ui.py for tasks to queue
[2025-04-08T05:58:48.467+0000] {logging_mixin.py:188} INFO - [2025-04-08T05:58:48.466+0000] {dagbag.py:538} INFO - Filling up the DagBag from /home/airflow/.local/lib/python3.8/site-packages/airflow/example_dags/example_params_trigger_ui.py
[2025-04-08T05:58:48.483+0000] {processor.py:840} INFO - DAG(s) 'example_params_trigger_ui' retrieved from /home/airflow/.local/lib/python3.8/site-packages/airflow/example_dags/example_params_trigger_ui.py
[2025-04-08T05:58:48.547+0000] {logging_mixin.py:188} INFO - [2025-04-08T05:58:48.547+0000] {dag.py:3036} INFO - Sync 1 DAGs
[2025-04-08T05:58:48.561+0000] {logging_mixin.py:188} INFO - [2025-04-08T05:58:48.560+0000] {dag.py:3823} INFO - Setting next_dagrun for example_params_trigger_ui to None, run_after=None
[2025-04-08T05:58:48.640+0000] {processor.py:183} INFO - Processing /home/airflow/.local/lib/python3.8/site-packages/airflow/example_dags/example_params_trigger_ui.py took 0.180 seconds
