[2025-04-08T05:44:54.604+0000] {processor.py:161} INFO - Started process (PID=92) to work on /home/airflow/.local/lib/python3.8/site-packages/airflow/example_dags/example_python_operator.py
[2025-04-08T05:44:54.605+0000] {processor.py:830} INFO - Processing file /home/airflow/.local/lib/python3.8/site-packages/airflow/example_dags/example_python_operator.py for tasks to queue
[2025-04-08T05:44:54.607+0000] {logging_mixin.py:188} INFO - [2025-04-08T05:44:54.607+0000] {dagbag.py:538} INFO - Filling up the DagBag from /home/airflow/.local/lib/python3.8/site-packages/airflow/example_dags/example_python_operator.py
[2025-04-08T05:44:54.617+0000] {processor.py:840} INFO - DAG(s) 'example_python_operator' retrieved from /home/airflow/.local/lib/python3.8/site-packages/airflow/example_dags/example_python_operator.py
[2025-04-08T05:44:54.755+0000] {logging_mixin.py:188} INFO - [2025-04-08T05:44:54.755+0000] {dag.py:3036} INFO - Sync 1 DAGs
[2025-04-08T05:44:54.768+0000] {logging_mixin.py:188} INFO - [2025-04-08T05:44:54.767+0000] {dag.py:3823} INFO - Setting next_dagrun for example_python_operator to None, run_after=None
[2025-04-08T05:44:54.846+0000] {processor.py:183} INFO - Processing /home/airflow/.local/lib/python3.8/site-packages/airflow/example_dags/example_python_operator.py took 0.245 seconds
[2025-04-08T05:45:26.579+0000] {processor.py:161} INFO - Started process (PID=147) to work on /home/airflow/.local/lib/python3.8/site-packages/airflow/example_dags/example_python_operator.py
[2025-04-08T05:45:26.581+0000] {processor.py:830} INFO - Processing file /home/airflow/.local/lib/python3.8/site-packages/airflow/example_dags/example_python_operator.py for tasks to queue
[2025-04-08T05:45:26.583+0000] {logging_mixin.py:188} INFO - [2025-04-08T05:45:26.583+0000] {dagbag.py:538} INFO - Filling up the DagBag from /home/airflow/.local/lib/python3.8/site-packages/airflow/example_dags/example_python_operator.py
[2025-04-08T05:45:26.595+0000] {processor.py:840} INFO - DAG(s) 'example_python_operator' retrieved from /home/airflow/.local/lib/python3.8/site-packages/airflow/example_dags/example_python_operator.py
[2025-04-08T05:45:26.619+0000] {logging_mixin.py:188} INFO - [2025-04-08T05:45:26.619+0000] {dag.py:3036} INFO - Sync 1 DAGs
[2025-04-08T05:45:26.634+0000] {logging_mixin.py:188} INFO - [2025-04-08T05:45:26.634+0000] {dag.py:3823} INFO - Setting next_dagrun for example_python_operator to None, run_after=None
[2025-04-08T05:45:26.777+0000] {processor.py:183} INFO - Processing /home/airflow/.local/lib/python3.8/site-packages/airflow/example_dags/example_python_operator.py took 0.202 seconds
[2025-04-08T05:45:59.523+0000] {processor.py:161} INFO - Started process (PID=196) to work on /home/airflow/.local/lib/python3.8/site-packages/airflow/example_dags/example_python_operator.py
[2025-04-08T05:45:59.525+0000] {processor.py:830} INFO - Processing file /home/airflow/.local/lib/python3.8/site-packages/airflow/example_dags/example_python_operator.py for tasks to queue
[2025-04-08T05:45:59.527+0000] {logging_mixin.py:188} INFO - [2025-04-08T05:45:59.527+0000] {dagbag.py:538} INFO - Filling up the DagBag from /home/airflow/.local/lib/python3.8/site-packages/airflow/example_dags/example_python_operator.py
[2025-04-08T05:45:59.544+0000] {processor.py:840} INFO - DAG(s) 'example_python_operator' retrieved from /home/airflow/.local/lib/python3.8/site-packages/airflow/example_dags/example_python_operator.py
[2025-04-08T05:45:59.573+0000] {logging_mixin.py:188} INFO - [2025-04-08T05:45:59.573+0000] {dag.py:3036} INFO - Sync 1 DAGs
[2025-04-08T05:45:59.589+0000] {logging_mixin.py:188} INFO - [2025-04-08T05:45:59.589+0000] {dag.py:3823} INFO - Setting next_dagrun for example_python_operator to None, run_after=None
[2025-04-08T05:45:59.765+0000] {processor.py:183} INFO - Processing /home/airflow/.local/lib/python3.8/site-packages/airflow/example_dags/example_python_operator.py took 0.247 seconds
[2025-04-08T05:46:29.983+0000] {processor.py:161} INFO - Started process (PID=257) to work on /home/airflow/.local/lib/python3.8/site-packages/airflow/example_dags/example_python_operator.py
[2025-04-08T05:46:29.984+0000] {processor.py:830} INFO - Processing file /home/airflow/.local/lib/python3.8/site-packages/airflow/example_dags/example_python_operator.py for tasks to queue
[2025-04-08T05:46:29.987+0000] {logging_mixin.py:188} INFO - [2025-04-08T05:46:29.986+0000] {dagbag.py:538} INFO - Filling up the DagBag from /home/airflow/.local/lib/python3.8/site-packages/airflow/example_dags/example_python_operator.py
[2025-04-08T05:46:29.998+0000] {processor.py:840} INFO - DAG(s) 'example_python_operator' retrieved from /home/airflow/.local/lib/python3.8/site-packages/airflow/example_dags/example_python_operator.py
[2025-04-08T05:46:30.023+0000] {logging_mixin.py:188} INFO - [2025-04-08T05:46:30.023+0000] {dag.py:3036} INFO - Sync 1 DAGs
[2025-04-08T05:46:30.039+0000] {logging_mixin.py:188} INFO - [2025-04-08T05:46:30.038+0000] {dag.py:3823} INFO - Setting next_dagrun for example_python_operator to None, run_after=None
[2025-04-08T05:46:30.097+0000] {processor.py:183} INFO - Processing /home/airflow/.local/lib/python3.8/site-packages/airflow/example_dags/example_python_operator.py took 0.118 seconds
[2025-04-08T05:47:00.143+0000] {processor.py:161} INFO - Started process (PID=306) to work on /home/airflow/.local/lib/python3.8/site-packages/airflow/example_dags/example_python_operator.py
[2025-04-08T05:47:00.144+0000] {processor.py:830} INFO - Processing file /home/airflow/.local/lib/python3.8/site-packages/airflow/example_dags/example_python_operator.py for tasks to queue
[2025-04-08T05:47:00.146+0000] {logging_mixin.py:188} INFO - [2025-04-08T05:47:00.146+0000] {dagbag.py:538} INFO - Filling up the DagBag from /home/airflow/.local/lib/python3.8/site-packages/airflow/example_dags/example_python_operator.py
[2025-04-08T05:47:00.156+0000] {processor.py:840} INFO - DAG(s) 'example_python_operator' retrieved from /home/airflow/.local/lib/python3.8/site-packages/airflow/example_dags/example_python_operator.py
[2025-04-08T05:47:00.179+0000] {logging_mixin.py:188} INFO - [2025-04-08T05:47:00.179+0000] {dag.py:3036} INFO - Sync 1 DAGs
[2025-04-08T05:47:00.194+0000] {logging_mixin.py:188} INFO - [2025-04-08T05:47:00.194+0000] {dag.py:3823} INFO - Setting next_dagrun for example_python_operator to None, run_after=None
[2025-04-08T05:47:00.258+0000] {processor.py:183} INFO - Processing /home/airflow/.local/lib/python3.8/site-packages/airflow/example_dags/example_python_operator.py took 0.118 seconds
[2025-04-08T05:47:30.384+0000] {processor.py:161} INFO - Started process (PID=361) to work on /home/airflow/.local/lib/python3.8/site-packages/airflow/example_dags/example_python_operator.py
[2025-04-08T05:47:30.385+0000] {processor.py:830} INFO - Processing file /home/airflow/.local/lib/python3.8/site-packages/airflow/example_dags/example_python_operator.py for tasks to queue
[2025-04-08T05:47:30.387+0000] {logging_mixin.py:188} INFO - [2025-04-08T05:47:30.387+0000] {dagbag.py:538} INFO - Filling up the DagBag from /home/airflow/.local/lib/python3.8/site-packages/airflow/example_dags/example_python_operator.py
[2025-04-08T05:47:30.398+0000] {processor.py:840} INFO - DAG(s) 'example_python_operator' retrieved from /home/airflow/.local/lib/python3.8/site-packages/airflow/example_dags/example_python_operator.py
[2025-04-08T05:47:30.424+0000] {logging_mixin.py:188} INFO - [2025-04-08T05:47:30.424+0000] {dag.py:3036} INFO - Sync 1 DAGs
[2025-04-08T05:47:30.438+0000] {logging_mixin.py:188} INFO - [2025-04-08T05:47:30.437+0000] {dag.py:3823} INFO - Setting next_dagrun for example_python_operator to None, run_after=None
[2025-04-08T05:47:30.521+0000] {processor.py:183} INFO - Processing /home/airflow/.local/lib/python3.8/site-packages/airflow/example_dags/example_python_operator.py took 0.140 seconds
[2025-04-08T05:48:00.836+0000] {processor.py:161} INFO - Started process (PID=416) to work on /home/airflow/.local/lib/python3.8/site-packages/airflow/example_dags/example_python_operator.py
[2025-04-08T05:48:00.837+0000] {processor.py:830} INFO - Processing file /home/airflow/.local/lib/python3.8/site-packages/airflow/example_dags/example_python_operator.py for tasks to queue
[2025-04-08T05:48:00.839+0000] {logging_mixin.py:188} INFO - [2025-04-08T05:48:00.839+0000] {dagbag.py:538} INFO - Filling up the DagBag from /home/airflow/.local/lib/python3.8/site-packages/airflow/example_dags/example_python_operator.py
[2025-04-08T05:48:00.848+0000] {processor.py:840} INFO - DAG(s) 'example_python_operator' retrieved from /home/airflow/.local/lib/python3.8/site-packages/airflow/example_dags/example_python_operator.py
[2025-04-08T05:48:00.870+0000] {logging_mixin.py:188} INFO - [2025-04-08T05:48:00.870+0000] {dag.py:3036} INFO - Sync 1 DAGs
[2025-04-08T05:48:00.883+0000] {logging_mixin.py:188} INFO - [2025-04-08T05:48:00.883+0000] {dag.py:3823} INFO - Setting next_dagrun for example_python_operator to None, run_after=None
[2025-04-08T05:48:01.061+0000] {processor.py:183} INFO - Processing /home/airflow/.local/lib/python3.8/site-packages/airflow/example_dags/example_python_operator.py took 0.228 seconds
[2025-04-08T05:48:31.607+0000] {processor.py:161} INFO - Started process (PID=471) to work on /home/airflow/.local/lib/python3.8/site-packages/airflow/example_dags/example_python_operator.py
[2025-04-08T05:48:31.608+0000] {processor.py:830} INFO - Processing file /home/airflow/.local/lib/python3.8/site-packages/airflow/example_dags/example_python_operator.py for tasks to queue
[2025-04-08T05:48:31.610+0000] {logging_mixin.py:188} INFO - [2025-04-08T05:48:31.610+0000] {dagbag.py:538} INFO - Filling up the DagBag from /home/airflow/.local/lib/python3.8/site-packages/airflow/example_dags/example_python_operator.py
[2025-04-08T05:48:31.620+0000] {processor.py:840} INFO - DAG(s) 'example_python_operator' retrieved from /home/airflow/.local/lib/python3.8/site-packages/airflow/example_dags/example_python_operator.py
[2025-04-08T05:48:31.646+0000] {logging_mixin.py:188} INFO - [2025-04-08T05:48:31.645+0000] {dag.py:3036} INFO - Sync 1 DAGs
[2025-04-08T05:48:31.659+0000] {logging_mixin.py:188} INFO - [2025-04-08T05:48:31.658+0000] {dag.py:3823} INFO - Setting next_dagrun for example_python_operator to None, run_after=None
[2025-04-08T05:48:31.740+0000] {processor.py:183} INFO - Processing /home/airflow/.local/lib/python3.8/site-packages/airflow/example_dags/example_python_operator.py took 0.135 seconds
[2025-04-08T05:49:02.368+0000] {processor.py:161} INFO - Started process (PID=526) to work on /home/airflow/.local/lib/python3.8/site-packages/airflow/example_dags/example_python_operator.py
[2025-04-08T05:49:02.369+0000] {processor.py:830} INFO - Processing file /home/airflow/.local/lib/python3.8/site-packages/airflow/example_dags/example_python_operator.py for tasks to queue
[2025-04-08T05:49:02.371+0000] {logging_mixin.py:188} INFO - [2025-04-08T05:49:02.370+0000] {dagbag.py:538} INFO - Filling up the DagBag from /home/airflow/.local/lib/python3.8/site-packages/airflow/example_dags/example_python_operator.py
[2025-04-08T05:49:02.381+0000] {processor.py:840} INFO - DAG(s) 'example_python_operator' retrieved from /home/airflow/.local/lib/python3.8/site-packages/airflow/example_dags/example_python_operator.py
[2025-04-08T05:49:02.407+0000] {logging_mixin.py:188} INFO - [2025-04-08T05:49:02.407+0000] {dag.py:3036} INFO - Sync 1 DAGs
[2025-04-08T05:49:02.419+0000] {logging_mixin.py:188} INFO - [2025-04-08T05:49:02.419+0000] {dag.py:3823} INFO - Setting next_dagrun for example_python_operator to None, run_after=None
[2025-04-08T05:49:02.508+0000] {processor.py:183} INFO - Processing /home/airflow/.local/lib/python3.8/site-packages/airflow/example_dags/example_python_operator.py took 0.143 seconds
[2025-04-08T05:49:33.199+0000] {processor.py:161} INFO - Started process (PID=581) to work on /home/airflow/.local/lib/python3.8/site-packages/airflow/example_dags/example_python_operator.py
[2025-04-08T05:49:33.200+0000] {processor.py:830} INFO - Processing file /home/airflow/.local/lib/python3.8/site-packages/airflow/example_dags/example_python_operator.py for tasks to queue
[2025-04-08T05:49:33.202+0000] {logging_mixin.py:188} INFO - [2025-04-08T05:49:33.202+0000] {dagbag.py:538} INFO - Filling up the DagBag from /home/airflow/.local/lib/python3.8/site-packages/airflow/example_dags/example_python_operator.py
[2025-04-08T05:49:33.214+0000] {processor.py:840} INFO - DAG(s) 'example_python_operator' retrieved from /home/airflow/.local/lib/python3.8/site-packages/airflow/example_dags/example_python_operator.py
[2025-04-08T05:49:33.239+0000] {logging_mixin.py:188} INFO - [2025-04-08T05:49:33.238+0000] {dag.py:3036} INFO - Sync 1 DAGs
[2025-04-08T05:49:33.253+0000] {logging_mixin.py:188} INFO - [2025-04-08T05:49:33.253+0000] {dag.py:3823} INFO - Setting next_dagrun for example_python_operator to None, run_after=None
[2025-04-08T05:49:33.406+0000] {processor.py:183} INFO - Processing /home/airflow/.local/lib/python3.8/site-packages/airflow/example_dags/example_python_operator.py took 0.210 seconds
[2025-04-08T05:50:07.306+0000] {processor.py:161} INFO - Started process (PID=636) to work on /home/airflow/.local/lib/python3.8/site-packages/airflow/example_dags/example_python_operator.py
[2025-04-08T05:50:07.307+0000] {processor.py:830} INFO - Processing file /home/airflow/.local/lib/python3.8/site-packages/airflow/example_dags/example_python_operator.py for tasks to queue
[2025-04-08T05:50:07.310+0000] {logging_mixin.py:188} INFO - [2025-04-08T05:50:07.309+0000] {dagbag.py:538} INFO - Filling up the DagBag from /home/airflow/.local/lib/python3.8/site-packages/airflow/example_dags/example_python_operator.py
[2025-04-08T05:50:07.319+0000] {processor.py:840} INFO - DAG(s) 'example_python_operator' retrieved from /home/airflow/.local/lib/python3.8/site-packages/airflow/example_dags/example_python_operator.py
[2025-04-08T05:50:07.344+0000] {logging_mixin.py:188} INFO - [2025-04-08T05:50:07.344+0000] {dag.py:3036} INFO - Sync 1 DAGs
[2025-04-08T05:50:07.356+0000] {logging_mixin.py:188} INFO - [2025-04-08T05:50:07.356+0000] {dag.py:3823} INFO - Setting next_dagrun for example_python_operator to None, run_after=None
[2025-04-08T05:50:07.415+0000] {processor.py:183} INFO - Processing /home/airflow/.local/lib/python3.8/site-packages/airflow/example_dags/example_python_operator.py took 0.112 seconds
[2025-04-08T05:50:38.295+0000] {processor.py:161} INFO - Started process (PID=691) to work on /home/airflow/.local/lib/python3.8/site-packages/airflow/example_dags/example_python_operator.py
[2025-04-08T05:50:38.296+0000] {processor.py:830} INFO - Processing file /home/airflow/.local/lib/python3.8/site-packages/airflow/example_dags/example_python_operator.py for tasks to queue
[2025-04-08T05:50:38.299+0000] {logging_mixin.py:188} INFO - [2025-04-08T05:50:38.298+0000] {dagbag.py:538} INFO - Filling up the DagBag from /home/airflow/.local/lib/python3.8/site-packages/airflow/example_dags/example_python_operator.py
[2025-04-08T05:50:38.310+0000] {processor.py:840} INFO - DAG(s) 'example_python_operator' retrieved from /home/airflow/.local/lib/python3.8/site-packages/airflow/example_dags/example_python_operator.py
[2025-04-08T05:50:38.337+0000] {logging_mixin.py:188} INFO - [2025-04-08T05:50:38.337+0000] {dag.py:3036} INFO - Sync 1 DAGs
[2025-04-08T05:50:38.355+0000] {logging_mixin.py:188} INFO - [2025-04-08T05:50:38.354+0000] {dag.py:3823} INFO - Setting next_dagrun for example_python_operator to None, run_after=None
[2025-04-08T05:50:38.441+0000] {processor.py:183} INFO - Processing /home/airflow/.local/lib/python3.8/site-packages/airflow/example_dags/example_python_operator.py took 0.149 seconds
[2025-04-08T05:54:05.481+0000] {processor.py:161} INFO - Started process (PID=81) to work on /home/airflow/.local/lib/python3.8/site-packages/airflow/example_dags/example_python_operator.py
[2025-04-08T05:54:05.482+0000] {processor.py:830} INFO - Processing file /home/airflow/.local/lib/python3.8/site-packages/airflow/example_dags/example_python_operator.py for tasks to queue
[2025-04-08T05:54:05.484+0000] {logging_mixin.py:188} INFO - [2025-04-08T05:54:05.484+0000] {dagbag.py:538} INFO - Filling up the DagBag from /home/airflow/.local/lib/python3.8/site-packages/airflow/example_dags/example_python_operator.py
[2025-04-08T05:54:05.493+0000] {processor.py:840} INFO - DAG(s) 'example_python_operator' retrieved from /home/airflow/.local/lib/python3.8/site-packages/airflow/example_dags/example_python_operator.py
[2025-04-08T05:54:05.607+0000] {logging_mixin.py:188} INFO - [2025-04-08T05:54:05.607+0000] {dag.py:3036} INFO - Sync 1 DAGs
[2025-04-08T05:54:05.619+0000] {logging_mixin.py:188} INFO - [2025-04-08T05:54:05.618+0000] {dag.py:3823} INFO - Setting next_dagrun for example_python_operator to None, run_after=None
[2025-04-08T05:54:05.697+0000] {processor.py:183} INFO - Processing /home/airflow/.local/lib/python3.8/site-packages/airflow/example_dags/example_python_operator.py took 0.220 seconds
[2025-04-08T05:54:36.320+0000] {processor.py:161} INFO - Started process (PID=137) to work on /home/airflow/.local/lib/python3.8/site-packages/airflow/example_dags/example_python_operator.py
[2025-04-08T05:54:36.322+0000] {processor.py:830} INFO - Processing file /home/airflow/.local/lib/python3.8/site-packages/airflow/example_dags/example_python_operator.py for tasks to queue
[2025-04-08T05:54:36.324+0000] {logging_mixin.py:188} INFO - [2025-04-08T05:54:36.323+0000] {dagbag.py:538} INFO - Filling up the DagBag from /home/airflow/.local/lib/python3.8/site-packages/airflow/example_dags/example_python_operator.py
[2025-04-08T05:54:36.338+0000] {processor.py:840} INFO - DAG(s) 'example_python_operator' retrieved from /home/airflow/.local/lib/python3.8/site-packages/airflow/example_dags/example_python_operator.py
[2025-04-08T05:54:36.365+0000] {logging_mixin.py:188} INFO - [2025-04-08T05:54:36.364+0000] {dag.py:3036} INFO - Sync 1 DAGs
[2025-04-08T05:54:36.379+0000] {logging_mixin.py:188} INFO - [2025-04-08T05:54:36.378+0000] {dag.py:3823} INFO - Setting next_dagrun for example_python_operator to None, run_after=None
[2025-04-08T05:54:36.473+0000] {processor.py:183} INFO - Processing /home/airflow/.local/lib/python3.8/site-packages/airflow/example_dags/example_python_operator.py took 0.156 seconds
[2025-04-08T05:55:07.336+0000] {processor.py:161} INFO - Started process (PID=186) to work on /home/airflow/.local/lib/python3.8/site-packages/airflow/example_dags/example_python_operator.py
[2025-04-08T05:55:07.338+0000] {processor.py:830} INFO - Processing file /home/airflow/.local/lib/python3.8/site-packages/airflow/example_dags/example_python_operator.py for tasks to queue
[2025-04-08T05:55:07.340+0000] {logging_mixin.py:188} INFO - [2025-04-08T05:55:07.339+0000] {dagbag.py:538} INFO - Filling up the DagBag from /home/airflow/.local/lib/python3.8/site-packages/airflow/example_dags/example_python_operator.py
[2025-04-08T05:55:07.350+0000] {processor.py:840} INFO - DAG(s) 'example_python_operator' retrieved from /home/airflow/.local/lib/python3.8/site-packages/airflow/example_dags/example_python_operator.py
[2025-04-08T05:55:07.373+0000] {logging_mixin.py:188} INFO - [2025-04-08T05:55:07.372+0000] {dag.py:3036} INFO - Sync 1 DAGs
[2025-04-08T05:55:07.385+0000] {logging_mixin.py:188} INFO - [2025-04-08T05:55:07.385+0000] {dag.py:3823} INFO - Setting next_dagrun for example_python_operator to None, run_after=None
[2025-04-08T05:55:07.443+0000] {processor.py:183} INFO - Processing /home/airflow/.local/lib/python3.8/site-packages/airflow/example_dags/example_python_operator.py took 0.109 seconds
[2025-04-08T05:55:37.659+0000] {processor.py:161} INFO - Started process (PID=241) to work on /home/airflow/.local/lib/python3.8/site-packages/airflow/example_dags/example_python_operator.py
[2025-04-08T05:55:37.661+0000] {processor.py:830} INFO - Processing file /home/airflow/.local/lib/python3.8/site-packages/airflow/example_dags/example_python_operator.py for tasks to queue
[2025-04-08T05:55:37.663+0000] {logging_mixin.py:188} INFO - [2025-04-08T05:55:37.662+0000] {dagbag.py:538} INFO - Filling up the DagBag from /home/airflow/.local/lib/python3.8/site-packages/airflow/example_dags/example_python_operator.py
[2025-04-08T05:55:37.676+0000] {processor.py:840} INFO - DAG(s) 'example_python_operator' retrieved from /home/airflow/.local/lib/python3.8/site-packages/airflow/example_dags/example_python_operator.py
[2025-04-08T05:55:37.703+0000] {logging_mixin.py:188} INFO - [2025-04-08T05:55:37.703+0000] {dag.py:3036} INFO - Sync 1 DAGs
[2025-04-08T05:55:37.718+0000] {logging_mixin.py:188} INFO - [2025-04-08T05:55:37.718+0000] {dag.py:3823} INFO - Setting next_dagrun for example_python_operator to None, run_after=None
[2025-04-08T05:55:37.779+0000] {processor.py:183} INFO - Processing /home/airflow/.local/lib/python3.8/site-packages/airflow/example_dags/example_python_operator.py took 0.123 seconds
[2025-04-08T05:56:08.172+0000] {processor.py:161} INFO - Started process (PID=296) to work on /home/airflow/.local/lib/python3.8/site-packages/airflow/example_dags/example_python_operator.py
[2025-04-08T05:56:08.173+0000] {processor.py:830} INFO - Processing file /home/airflow/.local/lib/python3.8/site-packages/airflow/example_dags/example_python_operator.py for tasks to queue
[2025-04-08T05:56:08.175+0000] {logging_mixin.py:188} INFO - [2025-04-08T05:56:08.175+0000] {dagbag.py:538} INFO - Filling up the DagBag from /home/airflow/.local/lib/python3.8/site-packages/airflow/example_dags/example_python_operator.py
[2025-04-08T05:56:08.188+0000] {processor.py:840} INFO - DAG(s) 'example_python_operator' retrieved from /home/airflow/.local/lib/python3.8/site-packages/airflow/example_dags/example_python_operator.py
[2025-04-08T05:56:08.215+0000] {logging_mixin.py:188} INFO - [2025-04-08T05:56:08.215+0000] {dag.py:3036} INFO - Sync 1 DAGs
[2025-04-08T05:56:08.230+0000] {logging_mixin.py:188} INFO - [2025-04-08T05:56:08.230+0000] {dag.py:3823} INFO - Setting next_dagrun for example_python_operator to None, run_after=None
[2025-04-08T05:56:08.297+0000] {processor.py:183} INFO - Processing /home/airflow/.local/lib/python3.8/site-packages/airflow/example_dags/example_python_operator.py took 0.128 seconds
[2025-04-08T05:56:42.213+0000] {processor.py:161} INFO - Started process (PID=351) to work on /home/airflow/.local/lib/python3.8/site-packages/airflow/example_dags/example_python_operator.py
[2025-04-08T05:56:42.214+0000] {processor.py:830} INFO - Processing file /home/airflow/.local/lib/python3.8/site-packages/airflow/example_dags/example_python_operator.py for tasks to queue
[2025-04-08T05:56:42.217+0000] {logging_mixin.py:188} INFO - [2025-04-08T05:56:42.216+0000] {dagbag.py:538} INFO - Filling up the DagBag from /home/airflow/.local/lib/python3.8/site-packages/airflow/example_dags/example_python_operator.py
[2025-04-08T05:56:42.227+0000] {processor.py:840} INFO - DAG(s) 'example_python_operator' retrieved from /home/airflow/.local/lib/python3.8/site-packages/airflow/example_dags/example_python_operator.py
[2025-04-08T05:56:42.254+0000] {logging_mixin.py:188} INFO - [2025-04-08T05:56:42.253+0000] {dag.py:3036} INFO - Sync 1 DAGs
[2025-04-08T05:56:42.268+0000] {logging_mixin.py:188} INFO - [2025-04-08T05:56:42.268+0000] {dag.py:3823} INFO - Setting next_dagrun for example_python_operator to None, run_after=None
[2025-04-08T05:56:42.327+0000] {processor.py:183} INFO - Processing /home/airflow/.local/lib/python3.8/site-packages/airflow/example_dags/example_python_operator.py took 0.116 seconds
[2025-04-08T05:57:12.390+0000] {processor.py:161} INFO - Started process (PID=406) to work on /home/airflow/.local/lib/python3.8/site-packages/airflow/example_dags/example_python_operator.py
[2025-04-08T05:57:12.391+0000] {processor.py:830} INFO - Processing file /home/airflow/.local/lib/python3.8/site-packages/airflow/example_dags/example_python_operator.py for tasks to queue
[2025-04-08T05:57:12.393+0000] {logging_mixin.py:188} INFO - [2025-04-08T05:57:12.393+0000] {dagbag.py:538} INFO - Filling up the DagBag from /home/airflow/.local/lib/python3.8/site-packages/airflow/example_dags/example_python_operator.py
[2025-04-08T05:57:12.402+0000] {processor.py:840} INFO - DAG(s) 'example_python_operator' retrieved from /home/airflow/.local/lib/python3.8/site-packages/airflow/example_dags/example_python_operator.py
[2025-04-08T05:57:12.423+0000] {logging_mixin.py:188} INFO - [2025-04-08T05:57:12.423+0000] {dag.py:3036} INFO - Sync 1 DAGs
[2025-04-08T05:57:12.434+0000] {logging_mixin.py:188} INFO - [2025-04-08T05:57:12.434+0000] {dag.py:3823} INFO - Setting next_dagrun for example_python_operator to None, run_after=None
[2025-04-08T05:57:12.490+0000] {processor.py:183} INFO - Processing /home/airflow/.local/lib/python3.8/site-packages/airflow/example_dags/example_python_operator.py took 0.103 seconds
[2025-04-08T05:57:42.622+0000] {processor.py:161} INFO - Started process (PID=461) to work on /home/airflow/.local/lib/python3.8/site-packages/airflow/example_dags/example_python_operator.py
[2025-04-08T05:57:42.623+0000] {processor.py:830} INFO - Processing file /home/airflow/.local/lib/python3.8/site-packages/airflow/example_dags/example_python_operator.py for tasks to queue
[2025-04-08T05:57:42.625+0000] {logging_mixin.py:188} INFO - [2025-04-08T05:57:42.625+0000] {dagbag.py:538} INFO - Filling up the DagBag from /home/airflow/.local/lib/python3.8/site-packages/airflow/example_dags/example_python_operator.py
[2025-04-08T05:57:42.635+0000] {processor.py:840} INFO - DAG(s) 'example_python_operator' retrieved from /home/airflow/.local/lib/python3.8/site-packages/airflow/example_dags/example_python_operator.py
[2025-04-08T05:57:42.657+0000] {logging_mixin.py:188} INFO - [2025-04-08T05:57:42.657+0000] {dag.py:3036} INFO - Sync 1 DAGs
[2025-04-08T05:57:42.669+0000] {logging_mixin.py:188} INFO - [2025-04-08T05:57:42.669+0000] {dag.py:3823} INFO - Setting next_dagrun for example_python_operator to None, run_after=None
[2025-04-08T05:57:42.726+0000] {processor.py:183} INFO - Processing /home/airflow/.local/lib/python3.8/site-packages/airflow/example_dags/example_python_operator.py took 0.106 seconds
[2025-04-08T05:58:13.153+0000] {processor.py:161} INFO - Started process (PID=516) to work on /home/airflow/.local/lib/python3.8/site-packages/airflow/example_dags/example_python_operator.py
[2025-04-08T05:58:13.154+0000] {processor.py:830} INFO - Processing file /home/airflow/.local/lib/python3.8/site-packages/airflow/example_dags/example_python_operator.py for tasks to queue
[2025-04-08T05:58:13.156+0000] {logging_mixin.py:188} INFO - [2025-04-08T05:58:13.156+0000] {dagbag.py:538} INFO - Filling up the DagBag from /home/airflow/.local/lib/python3.8/site-packages/airflow/example_dags/example_python_operator.py
[2025-04-08T05:58:13.166+0000] {processor.py:840} INFO - DAG(s) 'example_python_operator' retrieved from /home/airflow/.local/lib/python3.8/site-packages/airflow/example_dags/example_python_operator.py
[2025-04-08T05:58:13.187+0000] {logging_mixin.py:188} INFO - [2025-04-08T05:58:13.186+0000] {dag.py:3036} INFO - Sync 1 DAGs
[2025-04-08T05:58:13.198+0000] {logging_mixin.py:188} INFO - [2025-04-08T05:58:13.197+0000] {dag.py:3823} INFO - Setting next_dagrun for example_python_operator to None, run_after=None
[2025-04-08T05:58:13.253+0000] {processor.py:183} INFO - Processing /home/airflow/.local/lib/python3.8/site-packages/airflow/example_dags/example_python_operator.py took 0.102 seconds
[2025-04-08T05:58:44.363+0000] {processor.py:161} INFO - Started process (PID=571) to work on /home/airflow/.local/lib/python3.8/site-packages/airflow/example_dags/example_python_operator.py
[2025-04-08T05:58:44.365+0000] {processor.py:830} INFO - Processing file /home/airflow/.local/lib/python3.8/site-packages/airflow/example_dags/example_python_operator.py for tasks to queue
[2025-04-08T05:58:44.367+0000] {logging_mixin.py:188} INFO - [2025-04-08T05:58:44.367+0000] {dagbag.py:538} INFO - Filling up the DagBag from /home/airflow/.local/lib/python3.8/site-packages/airflow/example_dags/example_python_operator.py
[2025-04-08T05:58:44.377+0000] {processor.py:840} INFO - DAG(s) 'example_python_operator' retrieved from /home/airflow/.local/lib/python3.8/site-packages/airflow/example_dags/example_python_operator.py
[2025-04-08T05:58:44.400+0000] {logging_mixin.py:188} INFO - [2025-04-08T05:58:44.400+0000] {dag.py:3036} INFO - Sync 1 DAGs
[2025-04-08T05:58:44.415+0000] {logging_mixin.py:188} INFO - [2025-04-08T05:58:44.415+0000] {dag.py:3823} INFO - Setting next_dagrun for example_python_operator to None, run_after=None
[2025-04-08T05:58:44.550+0000] {processor.py:183} INFO - Processing /home/airflow/.local/lib/python3.8/site-packages/airflow/example_dags/example_python_operator.py took 0.190 seconds
