[2025-04-08T05:44:50.513+0000] {processor.py:161} INFO - Started process (PID=63) to work on /home/airflow/.local/lib/python3.8/site-packages/airflow/example_dags/example_xcom.py
[2025-04-08T05:44:50.514+0000] {processor.py:830} INFO - Processing file /home/airflow/.local/lib/python3.8/site-packages/airflow/example_dags/example_xcom.py for tasks to queue
[2025-04-08T05:44:50.516+0000] {logging_mixin.py:188} INFO - [2025-04-08T05:44:50.516+0000] {dagbag.py:538} INFO - Filling up the DagBag from /home/airflow/.local/lib/python3.8/site-packages/airflow/example_dags/example_xcom.py
[2025-04-08T05:44:50.532+0000] {processor.py:840} INFO - DAG(s) 'example_xcom' retrieved from /home/airflow/.local/lib/python3.8/site-packages/airflow/example_dags/example_xcom.py
[2025-04-08T05:44:50.689+0000] {logging_mixin.py:188} INFO - [2025-04-08T05:44:50.688+0000] {dag.py:3036} INFO - Sync 1 DAGs
[2025-04-08T05:44:50.719+0000] {logging_mixin.py:188} INFO - [2025-04-08T05:44:50.718+0000] {dag.py:3823} INFO - Setting next_dagrun for example_xcom to 2021-01-01 00:00:00+00:00, run_after=2021-01-01 00:00:00+00:00
[2025-04-08T05:44:50.794+0000] {processor.py:183} INFO - Processing /home/airflow/.local/lib/python3.8/site-packages/airflow/example_dags/example_xcom.py took 0.286 seconds
[2025-04-08T05:45:23.869+0000] {processor.py:161} INFO - Started process (PID=118) to work on /home/airflow/.local/lib/python3.8/site-packages/airflow/example_dags/example_xcom.py
[2025-04-08T05:45:23.870+0000] {processor.py:830} INFO - Processing file /home/airflow/.local/lib/python3.8/site-packages/airflow/example_dags/example_xcom.py for tasks to queue
[2025-04-08T05:45:23.872+0000] {logging_mixin.py:188} INFO - [2025-04-08T05:45:23.872+0000] {dagbag.py:538} INFO - Filling up the DagBag from /home/airflow/.local/lib/python3.8/site-packages/airflow/example_dags/example_xcom.py
[2025-04-08T05:45:23.881+0000] {processor.py:840} INFO - DAG(s) 'example_xcom' retrieved from /home/airflow/.local/lib/python3.8/site-packages/airflow/example_dags/example_xcom.py
[2025-04-08T05:45:23.905+0000] {logging_mixin.py:188} INFO - [2025-04-08T05:45:23.905+0000] {dag.py:3036} INFO - Sync 1 DAGs
[2025-04-08T05:45:23.928+0000] {logging_mixin.py:188} INFO - [2025-04-08T05:45:23.927+0000] {dag.py:3823} INFO - Setting next_dagrun for example_xcom to 2021-01-01 00:00:00+00:00, run_after=2021-01-01 00:00:00+00:00
[2025-04-08T05:45:23.978+0000] {processor.py:183} INFO - Processing /home/airflow/.local/lib/python3.8/site-packages/airflow/example_dags/example_xcom.py took 0.112 seconds
[2025-04-08T05:45:54.254+0000] {processor.py:161} INFO - Started process (PID=173) to work on /home/airflow/.local/lib/python3.8/site-packages/airflow/example_dags/example_xcom.py
[2025-04-08T05:45:54.255+0000] {processor.py:830} INFO - Processing file /home/airflow/.local/lib/python3.8/site-packages/airflow/example_dags/example_xcom.py for tasks to queue
[2025-04-08T05:45:54.257+0000] {logging_mixin.py:188} INFO - [2025-04-08T05:45:54.256+0000] {dagbag.py:538} INFO - Filling up the DagBag from /home/airflow/.local/lib/python3.8/site-packages/airflow/example_dags/example_xcom.py
[2025-04-08T05:45:54.264+0000] {processor.py:840} INFO - DAG(s) 'example_xcom' retrieved from /home/airflow/.local/lib/python3.8/site-packages/airflow/example_dags/example_xcom.py
[2025-04-08T05:45:54.287+0000] {logging_mixin.py:188} INFO - [2025-04-08T05:45:54.287+0000] {dag.py:3036} INFO - Sync 1 DAGs
[2025-04-08T05:45:54.312+0000] {logging_mixin.py:188} INFO - [2025-04-08T05:45:54.311+0000] {dag.py:3823} INFO - Setting next_dagrun for example_xcom to 2021-01-01 00:00:00+00:00, run_after=2021-01-01 00:00:00+00:00
[2025-04-08T05:45:54.361+0000] {processor.py:183} INFO - Processing /home/airflow/.local/lib/python3.8/site-packages/airflow/example_dags/example_xcom.py took 0.110 seconds
[2025-04-08T05:46:24.431+0000] {processor.py:161} INFO - Started process (PID=227) to work on /home/airflow/.local/lib/python3.8/site-packages/airflow/example_dags/example_xcom.py
[2025-04-08T05:46:24.432+0000] {processor.py:830} INFO - Processing file /home/airflow/.local/lib/python3.8/site-packages/airflow/example_dags/example_xcom.py for tasks to queue
[2025-04-08T05:46:24.433+0000] {logging_mixin.py:188} INFO - [2025-04-08T05:46:24.433+0000] {dagbag.py:538} INFO - Filling up the DagBag from /home/airflow/.local/lib/python3.8/site-packages/airflow/example_dags/example_xcom.py
[2025-04-08T05:46:24.440+0000] {processor.py:840} INFO - DAG(s) 'example_xcom' retrieved from /home/airflow/.local/lib/python3.8/site-packages/airflow/example_dags/example_xcom.py
[2025-04-08T05:46:24.461+0000] {logging_mixin.py:188} INFO - [2025-04-08T05:46:24.461+0000] {dag.py:3036} INFO - Sync 1 DAGs
[2025-04-08T05:46:24.481+0000] {logging_mixin.py:188} INFO - [2025-04-08T05:46:24.480+0000] {dag.py:3823} INFO - Setting next_dagrun for example_xcom to 2021-01-01 00:00:00+00:00, run_after=2021-01-01 00:00:00+00:00
[2025-04-08T05:46:24.531+0000] {processor.py:183} INFO - Processing /home/airflow/.local/lib/python3.8/site-packages/airflow/example_dags/example_xcom.py took 0.103 seconds
[2025-04-08T05:46:54.851+0000] {processor.py:161} INFO - Started process (PID=282) to work on /home/airflow/.local/lib/python3.8/site-packages/airflow/example_dags/example_xcom.py
[2025-04-08T05:46:54.853+0000] {processor.py:830} INFO - Processing file /home/airflow/.local/lib/python3.8/site-packages/airflow/example_dags/example_xcom.py for tasks to queue
[2025-04-08T05:46:54.855+0000] {logging_mixin.py:188} INFO - [2025-04-08T05:46:54.854+0000] {dagbag.py:538} INFO - Filling up the DagBag from /home/airflow/.local/lib/python3.8/site-packages/airflow/example_dags/example_xcom.py
[2025-04-08T05:46:54.863+0000] {processor.py:840} INFO - DAG(s) 'example_xcom' retrieved from /home/airflow/.local/lib/python3.8/site-packages/airflow/example_dags/example_xcom.py
[2025-04-08T05:46:54.887+0000] {logging_mixin.py:188} INFO - [2025-04-08T05:46:54.887+0000] {dag.py:3036} INFO - Sync 1 DAGs
[2025-04-08T05:46:54.910+0000] {logging_mixin.py:188} INFO - [2025-04-08T05:46:54.910+0000] {dag.py:3823} INFO - Setting next_dagrun for example_xcom to 2021-01-01 00:00:00+00:00, run_after=2021-01-01 00:00:00+00:00
[2025-04-08T05:46:54.990+0000] {processor.py:183} INFO - Processing /home/airflow/.local/lib/python3.8/site-packages/airflow/example_dags/example_xcom.py took 0.142 seconds
[2025-04-08T05:47:25.114+0000] {processor.py:161} INFO - Started process (PID=337) to work on /home/airflow/.local/lib/python3.8/site-packages/airflow/example_dags/example_xcom.py
[2025-04-08T05:47:25.115+0000] {processor.py:830} INFO - Processing file /home/airflow/.local/lib/python3.8/site-packages/airflow/example_dags/example_xcom.py for tasks to queue
[2025-04-08T05:47:25.117+0000] {logging_mixin.py:188} INFO - [2025-04-08T05:47:25.117+0000] {dagbag.py:538} INFO - Filling up the DagBag from /home/airflow/.local/lib/python3.8/site-packages/airflow/example_dags/example_xcom.py
[2025-04-08T05:47:25.123+0000] {processor.py:840} INFO - DAG(s) 'example_xcom' retrieved from /home/airflow/.local/lib/python3.8/site-packages/airflow/example_dags/example_xcom.py
[2025-04-08T05:47:25.145+0000] {logging_mixin.py:188} INFO - [2025-04-08T05:47:25.145+0000] {dag.py:3036} INFO - Sync 1 DAGs
[2025-04-08T05:47:25.165+0000] {logging_mixin.py:188} INFO - [2025-04-08T05:47:25.165+0000] {dag.py:3823} INFO - Setting next_dagrun for example_xcom to 2021-01-01 00:00:00+00:00, run_after=2021-01-01 00:00:00+00:00
[2025-04-08T05:47:25.223+0000] {processor.py:183} INFO - Processing /home/airflow/.local/lib/python3.8/site-packages/airflow/example_dags/example_xcom.py took 0.112 seconds
[2025-04-08T05:47:55.381+0000] {processor.py:161} INFO - Started process (PID=392) to work on /home/airflow/.local/lib/python3.8/site-packages/airflow/example_dags/example_xcom.py
[2025-04-08T05:47:55.382+0000] {processor.py:830} INFO - Processing file /home/airflow/.local/lib/python3.8/site-packages/airflow/example_dags/example_xcom.py for tasks to queue
[2025-04-08T05:47:55.384+0000] {logging_mixin.py:188} INFO - [2025-04-08T05:47:55.384+0000] {dagbag.py:538} INFO - Filling up the DagBag from /home/airflow/.local/lib/python3.8/site-packages/airflow/example_dags/example_xcom.py
[2025-04-08T05:47:55.393+0000] {processor.py:840} INFO - DAG(s) 'example_xcom' retrieved from /home/airflow/.local/lib/python3.8/site-packages/airflow/example_dags/example_xcom.py
[2025-04-08T05:47:55.420+0000] {logging_mixin.py:188} INFO - [2025-04-08T05:47:55.420+0000] {dag.py:3036} INFO - Sync 1 DAGs
[2025-04-08T05:47:55.445+0000] {logging_mixin.py:188} INFO - [2025-04-08T05:47:55.445+0000] {dag.py:3823} INFO - Setting next_dagrun for example_xcom to 2021-01-01 00:00:00+00:00, run_after=2021-01-01 00:00:00+00:00
[2025-04-08T05:47:55.497+0000] {processor.py:183} INFO - Processing /home/airflow/.local/lib/python3.8/site-packages/airflow/example_dags/example_xcom.py took 0.119 seconds
[2025-04-08T05:48:25.824+0000] {processor.py:161} INFO - Started process (PID=447) to work on /home/airflow/.local/lib/python3.8/site-packages/airflow/example_dags/example_xcom.py
[2025-04-08T05:48:25.825+0000] {processor.py:830} INFO - Processing file /home/airflow/.local/lib/python3.8/site-packages/airflow/example_dags/example_xcom.py for tasks to queue
[2025-04-08T05:48:25.827+0000] {logging_mixin.py:188} INFO - [2025-04-08T05:48:25.826+0000] {dagbag.py:538} INFO - Filling up the DagBag from /home/airflow/.local/lib/python3.8/site-packages/airflow/example_dags/example_xcom.py
[2025-04-08T05:48:25.835+0000] {processor.py:840} INFO - DAG(s) 'example_xcom' retrieved from /home/airflow/.local/lib/python3.8/site-packages/airflow/example_dags/example_xcom.py
[2025-04-08T05:48:25.859+0000] {logging_mixin.py:188} INFO - [2025-04-08T05:48:25.859+0000] {dag.py:3036} INFO - Sync 1 DAGs
[2025-04-08T05:48:25.890+0000] {logging_mixin.py:188} INFO - [2025-04-08T05:48:25.889+0000] {dag.py:3823} INFO - Setting next_dagrun for example_xcom to 2021-01-01 00:00:00+00:00, run_after=2021-01-01 00:00:00+00:00
[2025-04-08T05:48:25.961+0000] {processor.py:183} INFO - Processing /home/airflow/.local/lib/python3.8/site-packages/airflow/example_dags/example_xcom.py took 0.140 seconds
[2025-04-08T05:48:56.079+0000] {processor.py:161} INFO - Started process (PID=502) to work on /home/airflow/.local/lib/python3.8/site-packages/airflow/example_dags/example_xcom.py
[2025-04-08T05:48:56.080+0000] {processor.py:830} INFO - Processing file /home/airflow/.local/lib/python3.8/site-packages/airflow/example_dags/example_xcom.py for tasks to queue
[2025-04-08T05:48:56.082+0000] {logging_mixin.py:188} INFO - [2025-04-08T05:48:56.082+0000] {dagbag.py:538} INFO - Filling up the DagBag from /home/airflow/.local/lib/python3.8/site-packages/airflow/example_dags/example_xcom.py
[2025-04-08T05:48:56.089+0000] {processor.py:840} INFO - DAG(s) 'example_xcom' retrieved from /home/airflow/.local/lib/python3.8/site-packages/airflow/example_dags/example_xcom.py
[2025-04-08T05:48:56.112+0000] {logging_mixin.py:188} INFO - [2025-04-08T05:48:56.112+0000] {dag.py:3036} INFO - Sync 1 DAGs
[2025-04-08T05:48:56.138+0000] {logging_mixin.py:188} INFO - [2025-04-08T05:48:56.138+0000] {dag.py:3823} INFO - Setting next_dagrun for example_xcom to 2021-01-01 00:00:00+00:00, run_after=2021-01-01 00:00:00+00:00
[2025-04-08T05:48:56.198+0000] {processor.py:183} INFO - Processing /home/airflow/.local/lib/python3.8/site-packages/airflow/example_dags/example_xcom.py took 0.122 seconds
[2025-04-08T05:49:26.375+0000] {processor.py:161} INFO - Started process (PID=557) to work on /home/airflow/.local/lib/python3.8/site-packages/airflow/example_dags/example_xcom.py
[2025-04-08T05:49:26.377+0000] {processor.py:830} INFO - Processing file /home/airflow/.local/lib/python3.8/site-packages/airflow/example_dags/example_xcom.py for tasks to queue
[2025-04-08T05:49:26.379+0000] {logging_mixin.py:188} INFO - [2025-04-08T05:49:26.378+0000] {dagbag.py:538} INFO - Filling up the DagBag from /home/airflow/.local/lib/python3.8/site-packages/airflow/example_dags/example_xcom.py
[2025-04-08T05:49:26.386+0000] {processor.py:840} INFO - DAG(s) 'example_xcom' retrieved from /home/airflow/.local/lib/python3.8/site-packages/airflow/example_dags/example_xcom.py
[2025-04-08T05:49:26.408+0000] {logging_mixin.py:188} INFO - [2025-04-08T05:49:26.407+0000] {dag.py:3036} INFO - Sync 1 DAGs
[2025-04-08T05:49:26.428+0000] {logging_mixin.py:188} INFO - [2025-04-08T05:49:26.428+0000] {dag.py:3823} INFO - Setting next_dagrun for example_xcom to 2021-01-01 00:00:00+00:00, run_after=2021-01-01 00:00:00+00:00
[2025-04-08T05:49:26.491+0000] {processor.py:183} INFO - Processing /home/airflow/.local/lib/python3.8/site-packages/airflow/example_dags/example_xcom.py took 0.119 seconds
[2025-04-08T05:49:56.542+0000] {processor.py:161} INFO - Started process (PID=612) to work on /home/airflow/.local/lib/python3.8/site-packages/airflow/example_dags/example_xcom.py
[2025-04-08T05:49:56.543+0000] {processor.py:830} INFO - Processing file /home/airflow/.local/lib/python3.8/site-packages/airflow/example_dags/example_xcom.py for tasks to queue
[2025-04-08T05:49:56.545+0000] {logging_mixin.py:188} INFO - [2025-04-08T05:49:56.544+0000] {dagbag.py:538} INFO - Filling up the DagBag from /home/airflow/.local/lib/python3.8/site-packages/airflow/example_dags/example_xcom.py
[2025-04-08T05:49:56.553+0000] {processor.py:840} INFO - DAG(s) 'example_xcom' retrieved from /home/airflow/.local/lib/python3.8/site-packages/airflow/example_dags/example_xcom.py
[2025-04-08T05:49:56.579+0000] {logging_mixin.py:188} INFO - [2025-04-08T05:49:56.579+0000] {dag.py:3036} INFO - Sync 1 DAGs
[2025-04-08T05:49:56.608+0000] {logging_mixin.py:188} INFO - [2025-04-08T05:49:56.608+0000] {dag.py:3823} INFO - Setting next_dagrun for example_xcom to 2021-01-01 00:00:00+00:00, run_after=2021-01-01 00:00:00+00:00
[2025-04-08T05:49:56.687+0000] {processor.py:183} INFO - Processing /home/airflow/.local/lib/python3.8/site-packages/airflow/example_dags/example_xcom.py took 0.149 seconds
[2025-04-08T05:50:27.058+0000] {processor.py:161} INFO - Started process (PID=667) to work on /home/airflow/.local/lib/python3.8/site-packages/airflow/example_dags/example_xcom.py
[2025-04-08T05:50:27.060+0000] {processor.py:830} INFO - Processing file /home/airflow/.local/lib/python3.8/site-packages/airflow/example_dags/example_xcom.py for tasks to queue
[2025-04-08T05:50:27.061+0000] {logging_mixin.py:188} INFO - [2025-04-08T05:50:27.061+0000] {dagbag.py:538} INFO - Filling up the DagBag from /home/airflow/.local/lib/python3.8/site-packages/airflow/example_dags/example_xcom.py
[2025-04-08T05:50:27.068+0000] {processor.py:840} INFO - DAG(s) 'example_xcom' retrieved from /home/airflow/.local/lib/python3.8/site-packages/airflow/example_dags/example_xcom.py
[2025-04-08T05:50:27.088+0000] {logging_mixin.py:188} INFO - [2025-04-08T05:50:27.088+0000] {dag.py:3036} INFO - Sync 1 DAGs
[2025-04-08T05:50:27.109+0000] {logging_mixin.py:188} INFO - [2025-04-08T05:50:27.109+0000] {dag.py:3823} INFO - Setting next_dagrun for example_xcom to 2021-01-01 00:00:00+00:00, run_after=2021-01-01 00:00:00+00:00
[2025-04-08T05:50:27.179+0000] {processor.py:183} INFO - Processing /home/airflow/.local/lib/python3.8/site-packages/airflow/example_dags/example_xcom.py took 0.123 seconds
[2025-04-08T05:50:57.502+0000] {processor.py:161} INFO - Started process (PID=722) to work on /home/airflow/.local/lib/python3.8/site-packages/airflow/example_dags/example_xcom.py
[2025-04-08T05:50:57.503+0000] {processor.py:830} INFO - Processing file /home/airflow/.local/lib/python3.8/site-packages/airflow/example_dags/example_xcom.py for tasks to queue
[2025-04-08T05:50:57.505+0000] {logging_mixin.py:188} INFO - [2025-04-08T05:50:57.504+0000] {dagbag.py:538} INFO - Filling up the DagBag from /home/airflow/.local/lib/python3.8/site-packages/airflow/example_dags/example_xcom.py
[2025-04-08T05:50:57.512+0000] {processor.py:840} INFO - DAG(s) 'example_xcom' retrieved from /home/airflow/.local/lib/python3.8/site-packages/airflow/example_dags/example_xcom.py
[2025-04-08T05:50:57.543+0000] {logging_mixin.py:188} INFO - [2025-04-08T05:50:57.542+0000] {dag.py:3036} INFO - Sync 1 DAGs
[2025-04-08T05:50:57.602+0000] {logging_mixin.py:188} INFO - [2025-04-08T05:50:57.602+0000] {dag.py:3823} INFO - Setting next_dagrun for example_xcom to 2021-01-01 00:00:00+00:00, run_after=2021-01-01 00:00:00+00:00
[2025-04-08T05:50:57.705+0000] {processor.py:183} INFO - Processing /home/airflow/.local/lib/python3.8/site-packages/airflow/example_dags/example_xcom.py took 0.206 seconds
[2025-04-08T05:54:01.641+0000] {processor.py:161} INFO - Started process (PID=51) to work on /home/airflow/.local/lib/python3.8/site-packages/airflow/example_dags/example_xcom.py
[2025-04-08T05:54:01.643+0000] {processor.py:830} INFO - Processing file /home/airflow/.local/lib/python3.8/site-packages/airflow/example_dags/example_xcom.py for tasks to queue
[2025-04-08T05:54:01.647+0000] {logging_mixin.py:188} INFO - [2025-04-08T05:54:01.647+0000] {dagbag.py:538} INFO - Filling up the DagBag from /home/airflow/.local/lib/python3.8/site-packages/airflow/example_dags/example_xcom.py
[2025-04-08T05:54:01.665+0000] {processor.py:840} INFO - DAG(s) 'example_xcom' retrieved from /home/airflow/.local/lib/python3.8/site-packages/airflow/example_dags/example_xcom.py
[2025-04-08T05:54:01.895+0000] {logging_mixin.py:188} INFO - [2025-04-08T05:54:01.894+0000] {dag.py:3036} INFO - Sync 1 DAGs
[2025-04-08T05:54:01.938+0000] {logging_mixin.py:188} INFO - [2025-04-08T05:54:01.937+0000] {dag.py:3823} INFO - Setting next_dagrun for example_xcom to 2021-01-01 00:00:00+00:00, run_after=2021-01-01 00:00:00+00:00
[2025-04-08T05:54:02.050+0000] {processor.py:183} INFO - Processing /home/airflow/.local/lib/python3.8/site-packages/airflow/example_dags/example_xcom.py took 0.414 seconds
[2025-04-08T05:54:32.968+0000] {processor.py:161} INFO - Started process (PID=107) to work on /home/airflow/.local/lib/python3.8/site-packages/airflow/example_dags/example_xcom.py
[2025-04-08T05:54:32.970+0000] {processor.py:830} INFO - Processing file /home/airflow/.local/lib/python3.8/site-packages/airflow/example_dags/example_xcom.py for tasks to queue
[2025-04-08T05:54:32.972+0000] {logging_mixin.py:188} INFO - [2025-04-08T05:54:32.972+0000] {dagbag.py:538} INFO - Filling up the DagBag from /home/airflow/.local/lib/python3.8/site-packages/airflow/example_dags/example_xcom.py
[2025-04-08T05:54:32.979+0000] {processor.py:840} INFO - DAG(s) 'example_xcom' retrieved from /home/airflow/.local/lib/python3.8/site-packages/airflow/example_dags/example_xcom.py
[2025-04-08T05:54:33.000+0000] {logging_mixin.py:188} INFO - [2025-04-08T05:54:33.000+0000] {dag.py:3036} INFO - Sync 1 DAGs
[2025-04-08T05:54:33.022+0000] {logging_mixin.py:188} INFO - [2025-04-08T05:54:33.022+0000] {dag.py:3823} INFO - Setting next_dagrun for example_xcom to 2021-01-01 00:00:00+00:00, run_after=2021-01-01 00:00:00+00:00
[2025-04-08T05:54:33.096+0000] {processor.py:183} INFO - Processing /home/airflow/.local/lib/python3.8/site-packages/airflow/example_dags/example_xcom.py took 0.131 seconds
[2025-04-08T05:55:03.471+0000] {processor.py:161} INFO - Started process (PID=163) to work on /home/airflow/.local/lib/python3.8/site-packages/airflow/example_dags/example_xcom.py
[2025-04-08T05:55:03.472+0000] {processor.py:830} INFO - Processing file /home/airflow/.local/lib/python3.8/site-packages/airflow/example_dags/example_xcom.py for tasks to queue
[2025-04-08T05:55:03.474+0000] {logging_mixin.py:188} INFO - [2025-04-08T05:55:03.474+0000] {dagbag.py:538} INFO - Filling up the DagBag from /home/airflow/.local/lib/python3.8/site-packages/airflow/example_dags/example_xcom.py
[2025-04-08T05:55:03.481+0000] {processor.py:840} INFO - DAG(s) 'example_xcom' retrieved from /home/airflow/.local/lib/python3.8/site-packages/airflow/example_dags/example_xcom.py
[2025-04-08T05:55:03.500+0000] {logging_mixin.py:188} INFO - [2025-04-08T05:55:03.500+0000] {dag.py:3036} INFO - Sync 1 DAGs
[2025-04-08T05:55:03.521+0000] {logging_mixin.py:188} INFO - [2025-04-08T05:55:03.520+0000] {dag.py:3823} INFO - Setting next_dagrun for example_xcom to 2021-01-01 00:00:00+00:00, run_after=2021-01-01 00:00:00+00:00
[2025-04-08T05:55:03.599+0000] {processor.py:183} INFO - Processing /home/airflow/.local/lib/python3.8/site-packages/airflow/example_dags/example_xcom.py took 0.130 seconds
[2025-04-08T05:55:33.878+0000] {processor.py:161} INFO - Started process (PID=218) to work on /home/airflow/.local/lib/python3.8/site-packages/airflow/example_dags/example_xcom.py
[2025-04-08T05:55:33.879+0000] {processor.py:830} INFO - Processing file /home/airflow/.local/lib/python3.8/site-packages/airflow/example_dags/example_xcom.py for tasks to queue
[2025-04-08T05:55:33.881+0000] {logging_mixin.py:188} INFO - [2025-04-08T05:55:33.881+0000] {dagbag.py:538} INFO - Filling up the DagBag from /home/airflow/.local/lib/python3.8/site-packages/airflow/example_dags/example_xcom.py
[2025-04-08T05:55:33.890+0000] {processor.py:840} INFO - DAG(s) 'example_xcom' retrieved from /home/airflow/.local/lib/python3.8/site-packages/airflow/example_dags/example_xcom.py
[2025-04-08T05:55:33.913+0000] {logging_mixin.py:188} INFO - [2025-04-08T05:55:33.913+0000] {dag.py:3036} INFO - Sync 1 DAGs
[2025-04-08T05:55:33.940+0000] {logging_mixin.py:188} INFO - [2025-04-08T05:55:33.939+0000] {dag.py:3823} INFO - Setting next_dagrun for example_xcom to 2021-01-01 00:00:00+00:00, run_after=2021-01-01 00:00:00+00:00
[2025-04-08T05:55:34.029+0000] {processor.py:183} INFO - Processing /home/airflow/.local/lib/python3.8/site-packages/airflow/example_dags/example_xcom.py took 0.154 seconds
[2025-04-08T05:56:05.428+0000] {processor.py:161} INFO - Started process (PID=273) to work on /home/airflow/.local/lib/python3.8/site-packages/airflow/example_dags/example_xcom.py
[2025-04-08T05:56:05.429+0000] {processor.py:830} INFO - Processing file /home/airflow/.local/lib/python3.8/site-packages/airflow/example_dags/example_xcom.py for tasks to queue
[2025-04-08T05:56:05.431+0000] {logging_mixin.py:188} INFO - [2025-04-08T05:56:05.431+0000] {dagbag.py:538} INFO - Filling up the DagBag from /home/airflow/.local/lib/python3.8/site-packages/airflow/example_dags/example_xcom.py
[2025-04-08T05:56:05.440+0000] {processor.py:840} INFO - DAG(s) 'example_xcom' retrieved from /home/airflow/.local/lib/python3.8/site-packages/airflow/example_dags/example_xcom.py
[2025-04-08T05:56:05.467+0000] {logging_mixin.py:188} INFO - [2025-04-08T05:56:05.467+0000] {dag.py:3036} INFO - Sync 1 DAGs
[2025-04-08T05:56:05.495+0000] {logging_mixin.py:188} INFO - [2025-04-08T05:56:05.495+0000] {dag.py:3823} INFO - Setting next_dagrun for example_xcom to 2021-01-01 00:00:00+00:00, run_after=2021-01-01 00:00:00+00:00
[2025-04-08T05:56:05.562+0000] {processor.py:183} INFO - Processing /home/airflow/.local/lib/python3.8/site-packages/airflow/example_dags/example_xcom.py took 0.138 seconds
[2025-04-08T05:56:35.748+0000] {processor.py:161} INFO - Started process (PID=328) to work on /home/airflow/.local/lib/python3.8/site-packages/airflow/example_dags/example_xcom.py
[2025-04-08T05:56:35.750+0000] {processor.py:830} INFO - Processing file /home/airflow/.local/lib/python3.8/site-packages/airflow/example_dags/example_xcom.py for tasks to queue
[2025-04-08T05:56:35.752+0000] {logging_mixin.py:188} INFO - [2025-04-08T05:56:35.751+0000] {dagbag.py:538} INFO - Filling up the DagBag from /home/airflow/.local/lib/python3.8/site-packages/airflow/example_dags/example_xcom.py
[2025-04-08T05:56:35.759+0000] {processor.py:840} INFO - DAG(s) 'example_xcom' retrieved from /home/airflow/.local/lib/python3.8/site-packages/airflow/example_dags/example_xcom.py
[2025-04-08T05:56:35.778+0000] {logging_mixin.py:188} INFO - [2025-04-08T05:56:35.778+0000] {dag.py:3036} INFO - Sync 1 DAGs
[2025-04-08T05:56:35.810+0000] {logging_mixin.py:188} INFO - [2025-04-08T05:56:35.810+0000] {dag.py:3823} INFO - Setting next_dagrun for example_xcom to 2021-01-01 00:00:00+00:00, run_after=2021-01-01 00:00:00+00:00
[2025-04-08T05:56:35.885+0000] {processor.py:183} INFO - Processing /home/airflow/.local/lib/python3.8/site-packages/airflow/example_dags/example_xcom.py took 0.140 seconds
[2025-04-08T05:57:06.166+0000] {processor.py:161} INFO - Started process (PID=383) to work on /home/airflow/.local/lib/python3.8/site-packages/airflow/example_dags/example_xcom.py
[2025-04-08T05:57:06.168+0000] {processor.py:830} INFO - Processing file /home/airflow/.local/lib/python3.8/site-packages/airflow/example_dags/example_xcom.py for tasks to queue
[2025-04-08T05:57:06.173+0000] {logging_mixin.py:188} INFO - [2025-04-08T05:57:06.172+0000] {dagbag.py:538} INFO - Filling up the DagBag from /home/airflow/.local/lib/python3.8/site-packages/airflow/example_dags/example_xcom.py
[2025-04-08T05:57:06.186+0000] {processor.py:840} INFO - DAG(s) 'example_xcom' retrieved from /home/airflow/.local/lib/python3.8/site-packages/airflow/example_dags/example_xcom.py
[2025-04-08T05:57:06.213+0000] {logging_mixin.py:188} INFO - [2025-04-08T05:57:06.213+0000] {dag.py:3036} INFO - Sync 1 DAGs
[2025-04-08T05:57:06.237+0000] {logging_mixin.py:188} INFO - [2025-04-08T05:57:06.236+0000] {dag.py:3823} INFO - Setting next_dagrun for example_xcom to 2021-01-01 00:00:00+00:00, run_after=2021-01-01 00:00:00+00:00
[2025-04-08T05:57:06.290+0000] {processor.py:183} INFO - Processing /home/airflow/.local/lib/python3.8/site-packages/airflow/example_dags/example_xcom.py took 0.128 seconds
[2025-04-08T05:57:36.483+0000] {processor.py:161} INFO - Started process (PID=438) to work on /home/airflow/.local/lib/python3.8/site-packages/airflow/example_dags/example_xcom.py
[2025-04-08T05:57:36.484+0000] {processor.py:830} INFO - Processing file /home/airflow/.local/lib/python3.8/site-packages/airflow/example_dags/example_xcom.py for tasks to queue
[2025-04-08T05:57:36.486+0000] {logging_mixin.py:188} INFO - [2025-04-08T05:57:36.486+0000] {dagbag.py:538} INFO - Filling up the DagBag from /home/airflow/.local/lib/python3.8/site-packages/airflow/example_dags/example_xcom.py
[2025-04-08T05:57:36.493+0000] {processor.py:840} INFO - DAG(s) 'example_xcom' retrieved from /home/airflow/.local/lib/python3.8/site-packages/airflow/example_dags/example_xcom.py
[2025-04-08T05:57:36.515+0000] {logging_mixin.py:188} INFO - [2025-04-08T05:57:36.515+0000] {dag.py:3036} INFO - Sync 1 DAGs
[2025-04-08T05:57:36.537+0000] {logging_mixin.py:188} INFO - [2025-04-08T05:57:36.537+0000] {dag.py:3823} INFO - Setting next_dagrun for example_xcom to 2021-01-01 00:00:00+00:00, run_after=2021-01-01 00:00:00+00:00
[2025-04-08T05:57:36.590+0000] {processor.py:183} INFO - Processing /home/airflow/.local/lib/python3.8/site-packages/airflow/example_dags/example_xcom.py took 0.110 seconds
[2025-04-08T05:58:07.221+0000] {processor.py:161} INFO - Started process (PID=493) to work on /home/airflow/.local/lib/python3.8/site-packages/airflow/example_dags/example_xcom.py
[2025-04-08T05:58:07.222+0000] {processor.py:830} INFO - Processing file /home/airflow/.local/lib/python3.8/site-packages/airflow/example_dags/example_xcom.py for tasks to queue
[2025-04-08T05:58:07.224+0000] {logging_mixin.py:188} INFO - [2025-04-08T05:58:07.223+0000] {dagbag.py:538} INFO - Filling up the DagBag from /home/airflow/.local/lib/python3.8/site-packages/airflow/example_dags/example_xcom.py
[2025-04-08T05:58:07.231+0000] {processor.py:840} INFO - DAG(s) 'example_xcom' retrieved from /home/airflow/.local/lib/python3.8/site-packages/airflow/example_dags/example_xcom.py
[2025-04-08T05:58:07.253+0000] {logging_mixin.py:188} INFO - [2025-04-08T05:58:07.253+0000] {dag.py:3036} INFO - Sync 1 DAGs
[2025-04-08T05:58:07.281+0000] {logging_mixin.py:188} INFO - [2025-04-08T05:58:07.280+0000] {dag.py:3823} INFO - Setting next_dagrun for example_xcom to 2021-01-01 00:00:00+00:00, run_after=2021-01-01 00:00:00+00:00
[2025-04-08T05:58:07.343+0000] {processor.py:183} INFO - Processing /home/airflow/.local/lib/python3.8/site-packages/airflow/example_dags/example_xcom.py took 0.125 seconds
[2025-04-08T05:58:38.293+0000] {processor.py:161} INFO - Started process (PID=548) to work on /home/airflow/.local/lib/python3.8/site-packages/airflow/example_dags/example_xcom.py
[2025-04-08T05:58:38.294+0000] {processor.py:830} INFO - Processing file /home/airflow/.local/lib/python3.8/site-packages/airflow/example_dags/example_xcom.py for tasks to queue
[2025-04-08T05:58:38.297+0000] {logging_mixin.py:188} INFO - [2025-04-08T05:58:38.297+0000] {dagbag.py:538} INFO - Filling up the DagBag from /home/airflow/.local/lib/python3.8/site-packages/airflow/example_dags/example_xcom.py
[2025-04-08T05:58:38.311+0000] {processor.py:840} INFO - DAG(s) 'example_xcom' retrieved from /home/airflow/.local/lib/python3.8/site-packages/airflow/example_dags/example_xcom.py
[2025-04-08T05:58:38.336+0000] {logging_mixin.py:188} INFO - [2025-04-08T05:58:38.336+0000] {dag.py:3036} INFO - Sync 1 DAGs
[2025-04-08T05:58:38.364+0000] {logging_mixin.py:188} INFO - [2025-04-08T05:58:38.363+0000] {dag.py:3823} INFO - Setting next_dagrun for example_xcom to 2021-01-01 00:00:00+00:00, run_after=2021-01-01 00:00:00+00:00
[2025-04-08T05:58:38.430+0000] {processor.py:183} INFO - Processing /home/airflow/.local/lib/python3.8/site-packages/airflow/example_dags/example_xcom.py took 0.141 seconds
