[2025-04-08T05:44:55.467+0000] {processor.py:161} INFO - Started process (PID=98) to work on /home/airflow/.local/lib/python3.8/site-packages/airflow/example_dags/example_sensor_decorator.py
[2025-04-08T05:44:55.468+0000] {processor.py:830} INFO - Processing file /home/airflow/.local/lib/python3.8/site-packages/airflow/example_dags/example_sensor_decorator.py for tasks to queue
[2025-04-08T05:44:55.470+0000] {logging_mixin.py:188} INFO - [2025-04-08T05:44:55.470+0000] {dagbag.py:538} INFO - Filling up the DagBag from /home/airflow/.local/lib/python3.8/site-packages/airflow/example_dags/example_sensor_decorator.py
[2025-04-08T05:44:55.476+0000] {processor.py:840} INFO - DAG(s) 'example_sensor_decorator' retrieved from /home/airflow/.local/lib/python3.8/site-packages/airflow/example_dags/example_sensor_decorator.py
[2025-04-08T05:44:55.596+0000] {logging_mixin.py:188} INFO - [2025-04-08T05:44:55.596+0000] {dag.py:3036} INFO - Sync 1 DAGs
[2025-04-08T05:44:55.607+0000] {logging_mixin.py:188} INFO - [2025-04-08T05:44:55.607+0000] {dag.py:3823} INFO - Setting next_dagrun for example_sensor_decorator to None, run_after=None
[2025-04-08T05:44:55.673+0000] {processor.py:183} INFO - Processing /home/airflow/.local/lib/python3.8/site-packages/airflow/example_dags/example_sensor_decorator.py took 0.209 seconds
[2025-04-08T05:45:27.161+0000] {processor.py:161} INFO - Started process (PID=153) to work on /home/airflow/.local/lib/python3.8/site-packages/airflow/example_dags/example_sensor_decorator.py
[2025-04-08T05:45:27.163+0000] {processor.py:830} INFO - Processing file /home/airflow/.local/lib/python3.8/site-packages/airflow/example_dags/example_sensor_decorator.py for tasks to queue
[2025-04-08T05:45:27.165+0000] {logging_mixin.py:188} INFO - [2025-04-08T05:45:27.165+0000] {dagbag.py:538} INFO - Filling up the DagBag from /home/airflow/.local/lib/python3.8/site-packages/airflow/example_dags/example_sensor_decorator.py
[2025-04-08T05:45:27.172+0000] {processor.py:840} INFO - DAG(s) 'example_sensor_decorator' retrieved from /home/airflow/.local/lib/python3.8/site-packages/airflow/example_dags/example_sensor_decorator.py
[2025-04-08T05:45:27.197+0000] {logging_mixin.py:188} INFO - [2025-04-08T05:45:27.196+0000] {dag.py:3036} INFO - Sync 1 DAGs
[2025-04-08T05:45:27.213+0000] {logging_mixin.py:188} INFO - [2025-04-08T05:45:27.212+0000] {dag.py:3823} INFO - Setting next_dagrun for example_sensor_decorator to None, run_after=None
[2025-04-08T05:45:27.272+0000] {processor.py:183} INFO - Processing /home/airflow/.local/lib/python3.8/site-packages/airflow/example_dags/example_sensor_decorator.py took 0.114 seconds
[2025-04-08T05:46:00.120+0000] {processor.py:161} INFO - Started process (PID=208) to work on /home/airflow/.local/lib/python3.8/site-packages/airflow/example_dags/example_sensor_decorator.py
[2025-04-08T05:46:00.121+0000] {processor.py:830} INFO - Processing file /home/airflow/.local/lib/python3.8/site-packages/airflow/example_dags/example_sensor_decorator.py for tasks to queue
[2025-04-08T05:46:00.123+0000] {logging_mixin.py:188} INFO - [2025-04-08T05:46:00.123+0000] {dagbag.py:538} INFO - Filling up the DagBag from /home/airflow/.local/lib/python3.8/site-packages/airflow/example_dags/example_sensor_decorator.py
[2025-04-08T05:46:00.129+0000] {processor.py:840} INFO - DAG(s) 'example_sensor_decorator' retrieved from /home/airflow/.local/lib/python3.8/site-packages/airflow/example_dags/example_sensor_decorator.py
[2025-04-08T05:46:00.150+0000] {logging_mixin.py:188} INFO - [2025-04-08T05:46:00.150+0000] {dag.py:3036} INFO - Sync 1 DAGs
[2025-04-08T05:46:00.162+0000] {logging_mixin.py:188} INFO - [2025-04-08T05:46:00.162+0000] {dag.py:3823} INFO - Setting next_dagrun for example_sensor_decorator to None, run_after=None
[2025-04-08T05:46:00.222+0000] {processor.py:183} INFO - Processing /home/airflow/.local/lib/python3.8/site-packages/airflow/example_dags/example_sensor_decorator.py took 0.105 seconds
[2025-04-08T05:46:30.452+0000] {processor.py:161} INFO - Started process (PID=263) to work on /home/airflow/.local/lib/python3.8/site-packages/airflow/example_dags/example_sensor_decorator.py
[2025-04-08T05:46:30.453+0000] {processor.py:830} INFO - Processing file /home/airflow/.local/lib/python3.8/site-packages/airflow/example_dags/example_sensor_decorator.py for tasks to queue
[2025-04-08T05:46:30.456+0000] {logging_mixin.py:188} INFO - [2025-04-08T05:46:30.456+0000] {dagbag.py:538} INFO - Filling up the DagBag from /home/airflow/.local/lib/python3.8/site-packages/airflow/example_dags/example_sensor_decorator.py
[2025-04-08T05:46:30.464+0000] {processor.py:840} INFO - DAG(s) 'example_sensor_decorator' retrieved from /home/airflow/.local/lib/python3.8/site-packages/airflow/example_dags/example_sensor_decorator.py
[2025-04-08T05:46:30.488+0000] {logging_mixin.py:188} INFO - [2025-04-08T05:46:30.487+0000] {dag.py:3036} INFO - Sync 1 DAGs
[2025-04-08T05:46:30.502+0000] {logging_mixin.py:188} INFO - [2025-04-08T05:46:30.501+0000] {dag.py:3823} INFO - Setting next_dagrun for example_sensor_decorator to None, run_after=None
[2025-04-08T05:46:30.556+0000] {processor.py:183} INFO - Processing /home/airflow/.local/lib/python3.8/site-packages/airflow/example_dags/example_sensor_decorator.py took 0.108 seconds
[2025-04-08T05:47:00.599+0000] {processor.py:161} INFO - Started process (PID=312) to work on /home/airflow/.local/lib/python3.8/site-packages/airflow/example_dags/example_sensor_decorator.py
[2025-04-08T05:47:00.601+0000] {processor.py:830} INFO - Processing file /home/airflow/.local/lib/python3.8/site-packages/airflow/example_dags/example_sensor_decorator.py for tasks to queue
[2025-04-08T05:47:00.603+0000] {logging_mixin.py:188} INFO - [2025-04-08T05:47:00.602+0000] {dagbag.py:538} INFO - Filling up the DagBag from /home/airflow/.local/lib/python3.8/site-packages/airflow/example_dags/example_sensor_decorator.py
[2025-04-08T05:47:00.612+0000] {processor.py:840} INFO - DAG(s) 'example_sensor_decorator' retrieved from /home/airflow/.local/lib/python3.8/site-packages/airflow/example_dags/example_sensor_decorator.py
[2025-04-08T05:47:00.633+0000] {logging_mixin.py:188} INFO - [2025-04-08T05:47:00.633+0000] {dag.py:3036} INFO - Sync 1 DAGs
[2025-04-08T05:47:00.644+0000] {logging_mixin.py:188} INFO - [2025-04-08T05:47:00.644+0000] {dag.py:3823} INFO - Setting next_dagrun for example_sensor_decorator to None, run_after=None
[2025-04-08T05:47:00.720+0000] {processor.py:183} INFO - Processing /home/airflow/.local/lib/python3.8/site-packages/airflow/example_dags/example_sensor_decorator.py took 0.124 seconds
[2025-04-08T05:47:30.931+0000] {processor.py:161} INFO - Started process (PID=367) to work on /home/airflow/.local/lib/python3.8/site-packages/airflow/example_dags/example_sensor_decorator.py
[2025-04-08T05:47:30.932+0000] {processor.py:830} INFO - Processing file /home/airflow/.local/lib/python3.8/site-packages/airflow/example_dags/example_sensor_decorator.py for tasks to queue
[2025-04-08T05:47:30.935+0000] {logging_mixin.py:188} INFO - [2025-04-08T05:47:30.935+0000] {dagbag.py:538} INFO - Filling up the DagBag from /home/airflow/.local/lib/python3.8/site-packages/airflow/example_dags/example_sensor_decorator.py
[2025-04-08T05:47:30.942+0000] {processor.py:840} INFO - DAG(s) 'example_sensor_decorator' retrieved from /home/airflow/.local/lib/python3.8/site-packages/airflow/example_dags/example_sensor_decorator.py
[2025-04-08T05:47:30.965+0000] {logging_mixin.py:188} INFO - [2025-04-08T05:47:30.965+0000] {dag.py:3036} INFO - Sync 1 DAGs
[2025-04-08T05:47:30.979+0000] {logging_mixin.py:188} INFO - [2025-04-08T05:47:30.979+0000] {dag.py:3823} INFO - Setting next_dagrun for example_sensor_decorator to None, run_after=None
[2025-04-08T05:47:31.041+0000] {processor.py:183} INFO - Processing /home/airflow/.local/lib/python3.8/site-packages/airflow/example_dags/example_sensor_decorator.py took 0.115 seconds
[2025-04-08T05:48:01.403+0000] {processor.py:161} INFO - Started process (PID=422) to work on /home/airflow/.local/lib/python3.8/site-packages/airflow/example_dags/example_sensor_decorator.py
[2025-04-08T05:48:01.405+0000] {processor.py:830} INFO - Processing file /home/airflow/.local/lib/python3.8/site-packages/airflow/example_dags/example_sensor_decorator.py for tasks to queue
[2025-04-08T05:48:01.407+0000] {logging_mixin.py:188} INFO - [2025-04-08T05:48:01.407+0000] {dagbag.py:538} INFO - Filling up the DagBag from /home/airflow/.local/lib/python3.8/site-packages/airflow/example_dags/example_sensor_decorator.py
[2025-04-08T05:48:01.414+0000] {processor.py:840} INFO - DAG(s) 'example_sensor_decorator' retrieved from /home/airflow/.local/lib/python3.8/site-packages/airflow/example_dags/example_sensor_decorator.py
[2025-04-08T05:48:01.433+0000] {logging_mixin.py:188} INFO - [2025-04-08T05:48:01.433+0000] {dag.py:3036} INFO - Sync 1 DAGs
[2025-04-08T05:48:01.445+0000] {logging_mixin.py:188} INFO - [2025-04-08T05:48:01.445+0000] {dag.py:3823} INFO - Setting next_dagrun for example_sensor_decorator to None, run_after=None
[2025-04-08T05:48:01.504+0000] {processor.py:183} INFO - Processing /home/airflow/.local/lib/python3.8/site-packages/airflow/example_dags/example_sensor_decorator.py took 0.104 seconds
[2025-04-08T05:48:32.123+0000] {processor.py:161} INFO - Started process (PID=477) to work on /home/airflow/.local/lib/python3.8/site-packages/airflow/example_dags/example_sensor_decorator.py
[2025-04-08T05:48:32.124+0000] {processor.py:830} INFO - Processing file /home/airflow/.local/lib/python3.8/site-packages/airflow/example_dags/example_sensor_decorator.py for tasks to queue
[2025-04-08T05:48:32.126+0000] {logging_mixin.py:188} INFO - [2025-04-08T05:48:32.125+0000] {dagbag.py:538} INFO - Filling up the DagBag from /home/airflow/.local/lib/python3.8/site-packages/airflow/example_dags/example_sensor_decorator.py
[2025-04-08T05:48:32.133+0000] {processor.py:840} INFO - DAG(s) 'example_sensor_decorator' retrieved from /home/airflow/.local/lib/python3.8/site-packages/airflow/example_dags/example_sensor_decorator.py
[2025-04-08T05:48:32.156+0000] {logging_mixin.py:188} INFO - [2025-04-08T05:48:32.156+0000] {dag.py:3036} INFO - Sync 1 DAGs
[2025-04-08T05:48:32.169+0000] {logging_mixin.py:188} INFO - [2025-04-08T05:48:32.168+0000] {dag.py:3823} INFO - Setting next_dagrun for example_sensor_decorator to None, run_after=None
[2025-04-08T05:48:32.232+0000] {processor.py:183} INFO - Processing /home/airflow/.local/lib/python3.8/site-packages/airflow/example_dags/example_sensor_decorator.py took 0.112 seconds
[2025-04-08T05:49:02.924+0000] {processor.py:161} INFO - Started process (PID=532) to work on /home/airflow/.local/lib/python3.8/site-packages/airflow/example_dags/example_sensor_decorator.py
[2025-04-08T05:49:02.925+0000] {processor.py:830} INFO - Processing file /home/airflow/.local/lib/python3.8/site-packages/airflow/example_dags/example_sensor_decorator.py for tasks to queue
[2025-04-08T05:49:02.927+0000] {logging_mixin.py:188} INFO - [2025-04-08T05:49:02.927+0000] {dagbag.py:538} INFO - Filling up the DagBag from /home/airflow/.local/lib/python3.8/site-packages/airflow/example_dags/example_sensor_decorator.py
[2025-04-08T05:49:02.936+0000] {processor.py:840} INFO - DAG(s) 'example_sensor_decorator' retrieved from /home/airflow/.local/lib/python3.8/site-packages/airflow/example_dags/example_sensor_decorator.py
[2025-04-08T05:49:02.961+0000] {logging_mixin.py:188} INFO - [2025-04-08T05:49:02.961+0000] {dag.py:3036} INFO - Sync 1 DAGs
[2025-04-08T05:49:02.976+0000] {logging_mixin.py:188} INFO - [2025-04-08T05:49:02.976+0000] {dag.py:3823} INFO - Setting next_dagrun for example_sensor_decorator to None, run_after=None
[2025-04-08T05:49:03.038+0000] {processor.py:183} INFO - Processing /home/airflow/.local/lib/python3.8/site-packages/airflow/example_dags/example_sensor_decorator.py took 0.118 seconds
[2025-04-08T05:49:33.740+0000] {processor.py:161} INFO - Started process (PID=587) to work on /home/airflow/.local/lib/python3.8/site-packages/airflow/example_dags/example_sensor_decorator.py
[2025-04-08T05:49:33.741+0000] {processor.py:830} INFO - Processing file /home/airflow/.local/lib/python3.8/site-packages/airflow/example_dags/example_sensor_decorator.py for tasks to queue
[2025-04-08T05:49:33.743+0000] {logging_mixin.py:188} INFO - [2025-04-08T05:49:33.742+0000] {dagbag.py:538} INFO - Filling up the DagBag from /home/airflow/.local/lib/python3.8/site-packages/airflow/example_dags/example_sensor_decorator.py
[2025-04-08T05:49:33.747+0000] {processor.py:840} INFO - DAG(s) 'example_sensor_decorator' retrieved from /home/airflow/.local/lib/python3.8/site-packages/airflow/example_dags/example_sensor_decorator.py
[2025-04-08T05:49:33.766+0000] {logging_mixin.py:188} INFO - [2025-04-08T05:49:33.766+0000] {dag.py:3036} INFO - Sync 1 DAGs
[2025-04-08T05:49:33.779+0000] {logging_mixin.py:188} INFO - [2025-04-08T05:49:33.779+0000] {dag.py:3823} INFO - Setting next_dagrun for example_sensor_decorator to None, run_after=None
[2025-04-08T05:49:33.841+0000] {processor.py:183} INFO - Processing /home/airflow/.local/lib/python3.8/site-packages/airflow/example_dags/example_sensor_decorator.py took 0.104 seconds
[2025-04-08T05:50:07.843+0000] {processor.py:161} INFO - Started process (PID=642) to work on /home/airflow/.local/lib/python3.8/site-packages/airflow/example_dags/example_sensor_decorator.py
[2025-04-08T05:50:07.845+0000] {processor.py:830} INFO - Processing file /home/airflow/.local/lib/python3.8/site-packages/airflow/example_dags/example_sensor_decorator.py for tasks to queue
[2025-04-08T05:50:07.847+0000] {logging_mixin.py:188} INFO - [2025-04-08T05:50:07.847+0000] {dagbag.py:538} INFO - Filling up the DagBag from /home/airflow/.local/lib/python3.8/site-packages/airflow/example_dags/example_sensor_decorator.py
[2025-04-08T05:50:07.853+0000] {processor.py:840} INFO - DAG(s) 'example_sensor_decorator' retrieved from /home/airflow/.local/lib/python3.8/site-packages/airflow/example_dags/example_sensor_decorator.py
[2025-04-08T05:50:07.880+0000] {logging_mixin.py:188} INFO - [2025-04-08T05:50:07.880+0000] {dag.py:3036} INFO - Sync 1 DAGs
[2025-04-08T05:50:07.893+0000] {logging_mixin.py:188} INFO - [2025-04-08T05:50:07.892+0000] {dag.py:3823} INFO - Setting next_dagrun for example_sensor_decorator to None, run_after=None
[2025-04-08T05:50:07.957+0000] {processor.py:183} INFO - Processing /home/airflow/.local/lib/python3.8/site-packages/airflow/example_dags/example_sensor_decorator.py took 0.117 seconds
[2025-04-08T05:50:42.443+0000] {processor.py:161} INFO - Started process (PID=697) to work on /home/airflow/.local/lib/python3.8/site-packages/airflow/example_dags/example_sensor_decorator.py
[2025-04-08T05:50:42.445+0000] {processor.py:830} INFO - Processing file /home/airflow/.local/lib/python3.8/site-packages/airflow/example_dags/example_sensor_decorator.py for tasks to queue
[2025-04-08T05:50:42.449+0000] {logging_mixin.py:188} INFO - [2025-04-08T05:50:42.448+0000] {dagbag.py:538} INFO - Filling up the DagBag from /home/airflow/.local/lib/python3.8/site-packages/airflow/example_dags/example_sensor_decorator.py
[2025-04-08T05:50:42.455+0000] {processor.py:840} INFO - DAG(s) 'example_sensor_decorator' retrieved from /home/airflow/.local/lib/python3.8/site-packages/airflow/example_dags/example_sensor_decorator.py
[2025-04-08T05:50:42.481+0000] {logging_mixin.py:188} INFO - [2025-04-08T05:50:42.481+0000] {dag.py:3036} INFO - Sync 1 DAGs
[2025-04-08T05:50:42.496+0000] {logging_mixin.py:188} INFO - [2025-04-08T05:50:42.496+0000] {dag.py:3823} INFO - Setting next_dagrun for example_sensor_decorator to None, run_after=None
[2025-04-08T05:50:42.555+0000] {processor.py:183} INFO - Processing /home/airflow/.local/lib/python3.8/site-packages/airflow/example_dags/example_sensor_decorator.py took 0.114 seconds
[2025-04-08T05:54:06.228+0000] {processor.py:161} INFO - Started process (PID=87) to work on /home/airflow/.local/lib/python3.8/site-packages/airflow/example_dags/example_sensor_decorator.py
[2025-04-08T05:54:06.229+0000] {processor.py:830} INFO - Processing file /home/airflow/.local/lib/python3.8/site-packages/airflow/example_dags/example_sensor_decorator.py for tasks to queue
[2025-04-08T05:54:06.231+0000] {logging_mixin.py:188} INFO - [2025-04-08T05:54:06.230+0000] {dagbag.py:538} INFO - Filling up the DagBag from /home/airflow/.local/lib/python3.8/site-packages/airflow/example_dags/example_sensor_decorator.py
[2025-04-08T05:54:06.237+0000] {processor.py:840} INFO - DAG(s) 'example_sensor_decorator' retrieved from /home/airflow/.local/lib/python3.8/site-packages/airflow/example_dags/example_sensor_decorator.py
[2025-04-08T05:54:06.358+0000] {logging_mixin.py:188} INFO - [2025-04-08T05:54:06.358+0000] {dag.py:3036} INFO - Sync 1 DAGs
[2025-04-08T05:54:06.370+0000] {logging_mixin.py:188} INFO - [2025-04-08T05:54:06.369+0000] {dag.py:3823} INFO - Setting next_dagrun for example_sensor_decorator to None, run_after=None
[2025-04-08T05:54:06.428+0000] {processor.py:183} INFO - Processing /home/airflow/.local/lib/python3.8/site-packages/airflow/example_dags/example_sensor_decorator.py took 0.204 seconds
[2025-04-08T05:54:36.905+0000] {processor.py:161} INFO - Started process (PID=143) to work on /home/airflow/.local/lib/python3.8/site-packages/airflow/example_dags/example_sensor_decorator.py
[2025-04-08T05:54:36.906+0000] {processor.py:830} INFO - Processing file /home/airflow/.local/lib/python3.8/site-packages/airflow/example_dags/example_sensor_decorator.py for tasks to queue
[2025-04-08T05:54:36.908+0000] {logging_mixin.py:188} INFO - [2025-04-08T05:54:36.908+0000] {dagbag.py:538} INFO - Filling up the DagBag from /home/airflow/.local/lib/python3.8/site-packages/airflow/example_dags/example_sensor_decorator.py
[2025-04-08T05:54:36.918+0000] {processor.py:840} INFO - DAG(s) 'example_sensor_decorator' retrieved from /home/airflow/.local/lib/python3.8/site-packages/airflow/example_dags/example_sensor_decorator.py
[2025-04-08T05:54:36.941+0000] {logging_mixin.py:188} INFO - [2025-04-08T05:54:36.940+0000] {dag.py:3036} INFO - Sync 1 DAGs
[2025-04-08T05:54:36.955+0000] {logging_mixin.py:188} INFO - [2025-04-08T05:54:36.954+0000] {dag.py:3823} INFO - Setting next_dagrun for example_sensor_decorator to None, run_after=None
[2025-04-08T05:54:37.026+0000] {processor.py:183} INFO - Processing /home/airflow/.local/lib/python3.8/site-packages/airflow/example_dags/example_sensor_decorator.py took 0.125 seconds
[2025-04-08T05:55:07.836+0000] {processor.py:161} INFO - Started process (PID=192) to work on /home/airflow/.local/lib/python3.8/site-packages/airflow/example_dags/example_sensor_decorator.py
[2025-04-08T05:55:07.837+0000] {processor.py:830} INFO - Processing file /home/airflow/.local/lib/python3.8/site-packages/airflow/example_dags/example_sensor_decorator.py for tasks to queue
[2025-04-08T05:55:07.839+0000] {logging_mixin.py:188} INFO - [2025-04-08T05:55:07.839+0000] {dagbag.py:538} INFO - Filling up the DagBag from /home/airflow/.local/lib/python3.8/site-packages/airflow/example_dags/example_sensor_decorator.py
[2025-04-08T05:55:07.845+0000] {processor.py:840} INFO - DAG(s) 'example_sensor_decorator' retrieved from /home/airflow/.local/lib/python3.8/site-packages/airflow/example_dags/example_sensor_decorator.py
[2025-04-08T05:55:07.866+0000] {logging_mixin.py:188} INFO - [2025-04-08T05:55:07.865+0000] {dag.py:3036} INFO - Sync 1 DAGs
[2025-04-08T05:55:07.879+0000] {logging_mixin.py:188} INFO - [2025-04-08T05:55:07.879+0000] {dag.py:3823} INFO - Setting next_dagrun for example_sensor_decorator to None, run_after=None
[2025-04-08T05:55:08.018+0000] {processor.py:183} INFO - Processing /home/airflow/.local/lib/python3.8/site-packages/airflow/example_dags/example_sensor_decorator.py took 0.184 seconds
[2025-04-08T05:55:38.323+0000] {processor.py:161} INFO - Started process (PID=247) to work on /home/airflow/.local/lib/python3.8/site-packages/airflow/example_dags/example_sensor_decorator.py
[2025-04-08T05:55:38.324+0000] {processor.py:830} INFO - Processing file /home/airflow/.local/lib/python3.8/site-packages/airflow/example_dags/example_sensor_decorator.py for tasks to queue
[2025-04-08T05:55:38.326+0000] {logging_mixin.py:188} INFO - [2025-04-08T05:55:38.326+0000] {dagbag.py:538} INFO - Filling up the DagBag from /home/airflow/.local/lib/python3.8/site-packages/airflow/example_dags/example_sensor_decorator.py
[2025-04-08T05:55:38.332+0000] {processor.py:840} INFO - DAG(s) 'example_sensor_decorator' retrieved from /home/airflow/.local/lib/python3.8/site-packages/airflow/example_dags/example_sensor_decorator.py
[2025-04-08T05:55:38.353+0000] {logging_mixin.py:188} INFO - [2025-04-08T05:55:38.353+0000] {dag.py:3036} INFO - Sync 1 DAGs
[2025-04-08T05:55:38.365+0000] {logging_mixin.py:188} INFO - [2025-04-08T05:55:38.365+0000] {dag.py:3823} INFO - Setting next_dagrun for example_sensor_decorator to None, run_after=None
[2025-04-08T05:55:38.430+0000] {processor.py:183} INFO - Processing /home/airflow/.local/lib/python3.8/site-packages/airflow/example_dags/example_sensor_decorator.py took 0.111 seconds
[2025-04-08T05:56:08.679+0000] {processor.py:161} INFO - Started process (PID=302) to work on /home/airflow/.local/lib/python3.8/site-packages/airflow/example_dags/example_sensor_decorator.py
[2025-04-08T05:56:08.680+0000] {processor.py:830} INFO - Processing file /home/airflow/.local/lib/python3.8/site-packages/airflow/example_dags/example_sensor_decorator.py for tasks to queue
[2025-04-08T05:56:08.682+0000] {logging_mixin.py:188} INFO - [2025-04-08T05:56:08.682+0000] {dagbag.py:538} INFO - Filling up the DagBag from /home/airflow/.local/lib/python3.8/site-packages/airflow/example_dags/example_sensor_decorator.py
[2025-04-08T05:56:08.688+0000] {processor.py:840} INFO - DAG(s) 'example_sensor_decorator' retrieved from /home/airflow/.local/lib/python3.8/site-packages/airflow/example_dags/example_sensor_decorator.py
[2025-04-08T05:56:08.708+0000] {logging_mixin.py:188} INFO - [2025-04-08T05:56:08.708+0000] {dag.py:3036} INFO - Sync 1 DAGs
[2025-04-08T05:56:08.722+0000] {logging_mixin.py:188} INFO - [2025-04-08T05:56:08.721+0000] {dag.py:3823} INFO - Setting next_dagrun for example_sensor_decorator to None, run_after=None
[2025-04-08T05:56:08.777+0000] {processor.py:183} INFO - Processing /home/airflow/.local/lib/python3.8/site-packages/airflow/example_dags/example_sensor_decorator.py took 0.101 seconds
[2025-04-08T05:56:42.727+0000] {processor.py:161} INFO - Started process (PID=357) to work on /home/airflow/.local/lib/python3.8/site-packages/airflow/example_dags/example_sensor_decorator.py
[2025-04-08T05:56:42.728+0000] {processor.py:830} INFO - Processing file /home/airflow/.local/lib/python3.8/site-packages/airflow/example_dags/example_sensor_decorator.py for tasks to queue
[2025-04-08T05:56:42.730+0000] {logging_mixin.py:188} INFO - [2025-04-08T05:56:42.730+0000] {dagbag.py:538} INFO - Filling up the DagBag from /home/airflow/.local/lib/python3.8/site-packages/airflow/example_dags/example_sensor_decorator.py
[2025-04-08T05:56:42.737+0000] {processor.py:840} INFO - DAG(s) 'example_sensor_decorator' retrieved from /home/airflow/.local/lib/python3.8/site-packages/airflow/example_dags/example_sensor_decorator.py
[2025-04-08T05:56:42.766+0000] {logging_mixin.py:188} INFO - [2025-04-08T05:56:42.766+0000] {dag.py:3036} INFO - Sync 1 DAGs
[2025-04-08T05:56:42.780+0000] {logging_mixin.py:188} INFO - [2025-04-08T05:56:42.779+0000] {dag.py:3823} INFO - Setting next_dagrun for example_sensor_decorator to None, run_after=None
[2025-04-08T05:56:42.843+0000] {processor.py:183} INFO - Processing /home/airflow/.local/lib/python3.8/site-packages/airflow/example_dags/example_sensor_decorator.py took 0.119 seconds
[2025-04-08T05:57:16.615+0000] {processor.py:161} INFO - Started process (PID=412) to work on /home/airflow/.local/lib/python3.8/site-packages/airflow/example_dags/example_sensor_decorator.py
[2025-04-08T05:57:16.617+0000] {processor.py:830} INFO - Processing file /home/airflow/.local/lib/python3.8/site-packages/airflow/example_dags/example_sensor_decorator.py for tasks to queue
[2025-04-08T05:57:16.619+0000] {logging_mixin.py:188} INFO - [2025-04-08T05:57:16.619+0000] {dagbag.py:538} INFO - Filling up the DagBag from /home/airflow/.local/lib/python3.8/site-packages/airflow/example_dags/example_sensor_decorator.py
[2025-04-08T05:57:16.626+0000] {processor.py:840} INFO - DAG(s) 'example_sensor_decorator' retrieved from /home/airflow/.local/lib/python3.8/site-packages/airflow/example_dags/example_sensor_decorator.py
[2025-04-08T05:57:16.651+0000] {logging_mixin.py:188} INFO - [2025-04-08T05:57:16.651+0000] {dag.py:3036} INFO - Sync 1 DAGs
[2025-04-08T05:57:16.665+0000] {logging_mixin.py:188} INFO - [2025-04-08T05:57:16.665+0000] {dag.py:3823} INFO - Setting next_dagrun for example_sensor_decorator to None, run_after=None
[2025-04-08T05:57:16.720+0000] {processor.py:183} INFO - Processing /home/airflow/.local/lib/python3.8/site-packages/airflow/example_dags/example_sensor_decorator.py took 0.108 seconds
[2025-04-08T05:57:47.221+0000] {processor.py:161} INFO - Started process (PID=467) to work on /home/airflow/.local/lib/python3.8/site-packages/airflow/example_dags/example_sensor_decorator.py
[2025-04-08T05:57:47.222+0000] {processor.py:830} INFO - Processing file /home/airflow/.local/lib/python3.8/site-packages/airflow/example_dags/example_sensor_decorator.py for tasks to queue
[2025-04-08T05:57:47.224+0000] {logging_mixin.py:188} INFO - [2025-04-08T05:57:47.223+0000] {dagbag.py:538} INFO - Filling up the DagBag from /home/airflow/.local/lib/python3.8/site-packages/airflow/example_dags/example_sensor_decorator.py
[2025-04-08T05:57:47.229+0000] {processor.py:840} INFO - DAG(s) 'example_sensor_decorator' retrieved from /home/airflow/.local/lib/python3.8/site-packages/airflow/example_dags/example_sensor_decorator.py
[2025-04-08T05:57:47.252+0000] {logging_mixin.py:188} INFO - [2025-04-08T05:57:47.251+0000] {dag.py:3036} INFO - Sync 1 DAGs
[2025-04-08T05:57:47.270+0000] {logging_mixin.py:188} INFO - [2025-04-08T05:57:47.270+0000] {dag.py:3823} INFO - Setting next_dagrun for example_sensor_decorator to None, run_after=None
[2025-04-08T05:57:47.322+0000] {processor.py:183} INFO - Processing /home/airflow/.local/lib/python3.8/site-packages/airflow/example_dags/example_sensor_decorator.py took 0.104 seconds
[2025-04-08T05:58:17.643+0000] {processor.py:161} INFO - Started process (PID=522) to work on /home/airflow/.local/lib/python3.8/site-packages/airflow/example_dags/example_sensor_decorator.py
[2025-04-08T05:58:17.644+0000] {processor.py:830} INFO - Processing file /home/airflow/.local/lib/python3.8/site-packages/airflow/example_dags/example_sensor_decorator.py for tasks to queue
[2025-04-08T05:58:17.646+0000] {logging_mixin.py:188} INFO - [2025-04-08T05:58:17.646+0000] {dagbag.py:538} INFO - Filling up the DagBag from /home/airflow/.local/lib/python3.8/site-packages/airflow/example_dags/example_sensor_decorator.py
[2025-04-08T05:58:17.653+0000] {processor.py:840} INFO - DAG(s) 'example_sensor_decorator' retrieved from /home/airflow/.local/lib/python3.8/site-packages/airflow/example_dags/example_sensor_decorator.py
[2025-04-08T05:58:17.679+0000] {logging_mixin.py:188} INFO - [2025-04-08T05:58:17.679+0000] {dag.py:3036} INFO - Sync 1 DAGs
[2025-04-08T05:58:17.695+0000] {logging_mixin.py:188} INFO - [2025-04-08T05:58:17.695+0000] {dag.py:3823} INFO - Setting next_dagrun for example_sensor_decorator to None, run_after=None
[2025-04-08T05:58:17.747+0000] {processor.py:183} INFO - Processing /home/airflow/.local/lib/python3.8/site-packages/airflow/example_dags/example_sensor_decorator.py took 0.107 seconds
[2025-04-08T05:58:47.953+0000] {processor.py:161} INFO - Started process (PID=577) to work on /home/airflow/.local/lib/python3.8/site-packages/airflow/example_dags/example_sensor_decorator.py
[2025-04-08T05:58:47.954+0000] {processor.py:830} INFO - Processing file /home/airflow/.local/lib/python3.8/site-packages/airflow/example_dags/example_sensor_decorator.py for tasks to queue
[2025-04-08T05:58:47.956+0000] {logging_mixin.py:188} INFO - [2025-04-08T05:58:47.956+0000] {dagbag.py:538} INFO - Filling up the DagBag from /home/airflow/.local/lib/python3.8/site-packages/airflow/example_dags/example_sensor_decorator.py
[2025-04-08T05:58:47.962+0000] {processor.py:840} INFO - DAG(s) 'example_sensor_decorator' retrieved from /home/airflow/.local/lib/python3.8/site-packages/airflow/example_dags/example_sensor_decorator.py
[2025-04-08T05:58:47.988+0000] {logging_mixin.py:188} INFO - [2025-04-08T05:58:47.988+0000] {dag.py:3036} INFO - Sync 1 DAGs
[2025-04-08T05:58:48.003+0000] {logging_mixin.py:188} INFO - [2025-04-08T05:58:48.003+0000] {dag.py:3823} INFO - Setting next_dagrun for example_sensor_decorator to None, run_after=None
[2025-04-08T05:58:48.077+0000] {processor.py:183} INFO - Processing /home/airflow/.local/lib/python3.8/site-packages/airflow/example_dags/example_sensor_decorator.py took 0.126 seconds
