[2025-04-08T05:44:53.012+0000] {processor.py:161} INFO - Started process (PID=77) to work on /home/airflow/.local/lib/python3.8/site-packages/airflow/example_dags/example_skip_dag.py
[2025-04-08T05:44:53.013+0000] {processor.py:830} INFO - Processing file /home/airflow/.local/lib/python3.8/site-packages/airflow/example_dags/example_skip_dag.py for tasks to queue
[2025-04-08T05:44:53.015+0000] {logging_mixin.py:188} INFO - [2025-04-08T05:44:53.015+0000] {dagbag.py:538} INFO - Filling up the DagBag from /home/airflow/.local/lib/python3.8/site-packages/airflow/example_dags/example_skip_dag.py
[2025-04-08T05:44:53.029+0000] {processor.py:840} INFO - DAG(s) 'example_skip_dag' retrieved from /home/airflow/.local/lib/python3.8/site-packages/airflow/example_dags/example_skip_dag.py
[2025-04-08T05:44:53.151+0000] {logging_mixin.py:188} INFO - [2025-04-08T05:44:53.151+0000] {dag.py:3036} INFO - Sync 1 DAGs
[2025-04-08T05:44:53.176+0000] {logging_mixin.py:188} INFO - [2025-04-08T05:44:53.176+0000] {dag.py:3823} INFO - Setting next_dagrun for example_skip_dag to 2025-04-07 00:00:00+00:00, run_after=2025-04-08 00:00:00+00:00
[2025-04-08T05:44:53.234+0000] {processor.py:183} INFO - Processing /home/airflow/.local/lib/python3.8/site-packages/airflow/example_dags/example_skip_dag.py took 0.225 seconds
[2025-04-08T05:45:25.248+0000] {processor.py:161} INFO - Started process (PID=132) to work on /home/airflow/.local/lib/python3.8/site-packages/airflow/example_dags/example_skip_dag.py
[2025-04-08T05:45:25.249+0000] {processor.py:830} INFO - Processing file /home/airflow/.local/lib/python3.8/site-packages/airflow/example_dags/example_skip_dag.py for tasks to queue
[2025-04-08T05:45:25.252+0000] {logging_mixin.py:188} INFO - [2025-04-08T05:45:25.252+0000] {dagbag.py:538} INFO - Filling up the DagBag from /home/airflow/.local/lib/python3.8/site-packages/airflow/example_dags/example_skip_dag.py
[2025-04-08T05:45:25.260+0000] {processor.py:840} INFO - DAG(s) 'example_skip_dag' retrieved from /home/airflow/.local/lib/python3.8/site-packages/airflow/example_dags/example_skip_dag.py
[2025-04-08T05:45:25.281+0000] {logging_mixin.py:188} INFO - [2025-04-08T05:45:25.281+0000] {dag.py:3036} INFO - Sync 1 DAGs
[2025-04-08T05:45:25.302+0000] {logging_mixin.py:188} INFO - [2025-04-08T05:45:25.302+0000] {dag.py:3823} INFO - Setting next_dagrun for example_skip_dag to 2025-04-07 00:00:00+00:00, run_after=2025-04-08 00:00:00+00:00
[2025-04-08T05:45:25.355+0000] {processor.py:183} INFO - Processing /home/airflow/.local/lib/python3.8/site-packages/airflow/example_dags/example_skip_dag.py took 0.110 seconds
[2025-04-08T05:45:55.722+0000] {processor.py:161} INFO - Started process (PID=187) to work on /home/airflow/.local/lib/python3.8/site-packages/airflow/example_dags/example_skip_dag.py
[2025-04-08T05:45:55.724+0000] {processor.py:830} INFO - Processing file /home/airflow/.local/lib/python3.8/site-packages/airflow/example_dags/example_skip_dag.py for tasks to queue
[2025-04-08T05:45:55.727+0000] {logging_mixin.py:188} INFO - [2025-04-08T05:45:55.726+0000] {dagbag.py:538} INFO - Filling up the DagBag from /home/airflow/.local/lib/python3.8/site-packages/airflow/example_dags/example_skip_dag.py
[2025-04-08T05:45:55.735+0000] {processor.py:840} INFO - DAG(s) 'example_skip_dag' retrieved from /home/airflow/.local/lib/python3.8/site-packages/airflow/example_dags/example_skip_dag.py
[2025-04-08T05:45:55.766+0000] {logging_mixin.py:188} INFO - [2025-04-08T05:45:55.765+0000] {dag.py:3036} INFO - Sync 1 DAGs
[2025-04-08T05:45:58.729+0000] {logging_mixin.py:188} INFO - [2025-04-08T05:45:58.729+0000] {dag.py:3823} INFO - Setting next_dagrun for example_skip_dag to 2025-04-07 00:00:00+00:00, run_after=2025-04-08 00:00:00+00:00
[2025-04-08T05:45:58.812+0000] {processor.py:183} INFO - Processing /home/airflow/.local/lib/python3.8/site-packages/airflow/example_dags/example_skip_dag.py took 0.158 seconds
[2025-04-08T05:46:29.020+0000] {processor.py:161} INFO - Started process (PID=242) to work on /home/airflow/.local/lib/python3.8/site-packages/airflow/example_dags/example_skip_dag.py
[2025-04-08T05:46:29.022+0000] {processor.py:830} INFO - Processing file /home/airflow/.local/lib/python3.8/site-packages/airflow/example_dags/example_skip_dag.py for tasks to queue
[2025-04-08T05:46:29.024+0000] {logging_mixin.py:188} INFO - [2025-04-08T05:46:29.023+0000] {dagbag.py:538} INFO - Filling up the DagBag from /home/airflow/.local/lib/python3.8/site-packages/airflow/example_dags/example_skip_dag.py
[2025-04-08T05:46:29.031+0000] {processor.py:840} INFO - DAG(s) 'example_skip_dag' retrieved from /home/airflow/.local/lib/python3.8/site-packages/airflow/example_dags/example_skip_dag.py
[2025-04-08T05:46:29.053+0000] {logging_mixin.py:188} INFO - [2025-04-08T05:46:29.053+0000] {dag.py:3036} INFO - Sync 1 DAGs
[2025-04-08T05:46:29.077+0000] {logging_mixin.py:188} INFO - [2025-04-08T05:46:29.077+0000] {dag.py:3823} INFO - Setting next_dagrun for example_skip_dag to 2025-04-07 00:00:00+00:00, run_after=2025-04-08 00:00:00+00:00
[2025-04-08T05:46:29.127+0000] {processor.py:183} INFO - Processing /home/airflow/.local/lib/python3.8/site-packages/airflow/example_dags/example_skip_dag.py took 0.110 seconds
[2025-04-08T05:46:59.428+0000] {processor.py:161} INFO - Started process (PID=297) to work on /home/airflow/.local/lib/python3.8/site-packages/airflow/example_dags/example_skip_dag.py
[2025-04-08T05:46:59.429+0000] {processor.py:830} INFO - Processing file /home/airflow/.local/lib/python3.8/site-packages/airflow/example_dags/example_skip_dag.py for tasks to queue
[2025-04-08T05:46:59.431+0000] {logging_mixin.py:188} INFO - [2025-04-08T05:46:59.431+0000] {dagbag.py:538} INFO - Filling up the DagBag from /home/airflow/.local/lib/python3.8/site-packages/airflow/example_dags/example_skip_dag.py
[2025-04-08T05:46:59.438+0000] {processor.py:840} INFO - DAG(s) 'example_skip_dag' retrieved from /home/airflow/.local/lib/python3.8/site-packages/airflow/example_dags/example_skip_dag.py
[2025-04-08T05:46:59.464+0000] {logging_mixin.py:188} INFO - [2025-04-08T05:46:59.463+0000] {dag.py:3036} INFO - Sync 1 DAGs
[2025-04-08T05:46:59.490+0000] {logging_mixin.py:188} INFO - [2025-04-08T05:46:59.490+0000] {dag.py:3823} INFO - Setting next_dagrun for example_skip_dag to 2025-04-07 00:00:00+00:00, run_after=2025-04-08 00:00:00+00:00
[2025-04-08T05:46:59.594+0000] {processor.py:183} INFO - Processing /home/airflow/.local/lib/python3.8/site-packages/airflow/example_dags/example_skip_dag.py took 0.169 seconds
[2025-04-08T05:47:29.679+0000] {processor.py:161} INFO - Started process (PID=352) to work on /home/airflow/.local/lib/python3.8/site-packages/airflow/example_dags/example_skip_dag.py
[2025-04-08T05:47:29.681+0000] {processor.py:830} INFO - Processing file /home/airflow/.local/lib/python3.8/site-packages/airflow/example_dags/example_skip_dag.py for tasks to queue
[2025-04-08T05:47:29.683+0000] {logging_mixin.py:188} INFO - [2025-04-08T05:47:29.682+0000] {dagbag.py:538} INFO - Filling up the DagBag from /home/airflow/.local/lib/python3.8/site-packages/airflow/example_dags/example_skip_dag.py
[2025-04-08T05:47:29.690+0000] {processor.py:840} INFO - DAG(s) 'example_skip_dag' retrieved from /home/airflow/.local/lib/python3.8/site-packages/airflow/example_dags/example_skip_dag.py
[2025-04-08T05:47:29.713+0000] {logging_mixin.py:188} INFO - [2025-04-08T05:47:29.713+0000] {dag.py:3036} INFO - Sync 1 DAGs
[2025-04-08T05:47:29.743+0000] {logging_mixin.py:188} INFO - [2025-04-08T05:47:29.743+0000] {dag.py:3823} INFO - Setting next_dagrun for example_skip_dag to 2025-04-07 00:00:00+00:00, run_after=2025-04-08 00:00:00+00:00
[2025-04-08T05:47:29.843+0000] {processor.py:183} INFO - Processing /home/airflow/.local/lib/python3.8/site-packages/airflow/example_dags/example_skip_dag.py took 0.167 seconds
[2025-04-08T05:48:00.121+0000] {processor.py:161} INFO - Started process (PID=407) to work on /home/airflow/.local/lib/python3.8/site-packages/airflow/example_dags/example_skip_dag.py
[2025-04-08T05:48:00.122+0000] {processor.py:830} INFO - Processing file /home/airflow/.local/lib/python3.8/site-packages/airflow/example_dags/example_skip_dag.py for tasks to queue
[2025-04-08T05:48:00.124+0000] {logging_mixin.py:188} INFO - [2025-04-08T05:48:00.124+0000] {dagbag.py:538} INFO - Filling up the DagBag from /home/airflow/.local/lib/python3.8/site-packages/airflow/example_dags/example_skip_dag.py
[2025-04-08T05:48:00.130+0000] {processor.py:840} INFO - DAG(s) 'example_skip_dag' retrieved from /home/airflow/.local/lib/python3.8/site-packages/airflow/example_dags/example_skip_dag.py
[2025-04-08T05:48:00.154+0000] {logging_mixin.py:188} INFO - [2025-04-08T05:48:00.154+0000] {dag.py:3036} INFO - Sync 1 DAGs
[2025-04-08T05:48:00.177+0000] {logging_mixin.py:188} INFO - [2025-04-08T05:48:00.177+0000] {dag.py:3823} INFO - Setting next_dagrun for example_skip_dag to 2025-04-07 00:00:00+00:00, run_after=2025-04-08 00:00:00+00:00
[2025-04-08T05:48:00.232+0000] {processor.py:183} INFO - Processing /home/airflow/.local/lib/python3.8/site-packages/airflow/example_dags/example_skip_dag.py took 0.113 seconds
[2025-04-08T05:48:30.849+0000] {processor.py:161} INFO - Started process (PID=462) to work on /home/airflow/.local/lib/python3.8/site-packages/airflow/example_dags/example_skip_dag.py
[2025-04-08T05:48:30.850+0000] {processor.py:830} INFO - Processing file /home/airflow/.local/lib/python3.8/site-packages/airflow/example_dags/example_skip_dag.py for tasks to queue
[2025-04-08T05:48:30.853+0000] {logging_mixin.py:188} INFO - [2025-04-08T05:48:30.853+0000] {dagbag.py:538} INFO - Filling up the DagBag from /home/airflow/.local/lib/python3.8/site-packages/airflow/example_dags/example_skip_dag.py
[2025-04-08T05:48:30.862+0000] {processor.py:840} INFO - DAG(s) 'example_skip_dag' retrieved from /home/airflow/.local/lib/python3.8/site-packages/airflow/example_dags/example_skip_dag.py
[2025-04-08T05:48:30.886+0000] {logging_mixin.py:188} INFO - [2025-04-08T05:48:30.886+0000] {dag.py:3036} INFO - Sync 1 DAGs
[2025-04-08T05:48:30.915+0000] {logging_mixin.py:188} INFO - [2025-04-08T05:48:30.914+0000] {dag.py:3823} INFO - Setting next_dagrun for example_skip_dag to 2025-04-07 00:00:00+00:00, run_after=2025-04-08 00:00:00+00:00
[2025-04-08T05:48:30.971+0000] {processor.py:183} INFO - Processing /home/airflow/.local/lib/python3.8/site-packages/airflow/example_dags/example_skip_dag.py took 0.126 seconds
[2025-04-08T05:49:01.645+0000] {processor.py:161} INFO - Started process (PID=517) to work on /home/airflow/.local/lib/python3.8/site-packages/airflow/example_dags/example_skip_dag.py
[2025-04-08T05:49:01.646+0000] {processor.py:830} INFO - Processing file /home/airflow/.local/lib/python3.8/site-packages/airflow/example_dags/example_skip_dag.py for tasks to queue
[2025-04-08T05:49:01.648+0000] {logging_mixin.py:188} INFO - [2025-04-08T05:49:01.648+0000] {dagbag.py:538} INFO - Filling up the DagBag from /home/airflow/.local/lib/python3.8/site-packages/airflow/example_dags/example_skip_dag.py
[2025-04-08T05:49:01.656+0000] {processor.py:840} INFO - DAG(s) 'example_skip_dag' retrieved from /home/airflow/.local/lib/python3.8/site-packages/airflow/example_dags/example_skip_dag.py
[2025-04-08T05:49:01.678+0000] {logging_mixin.py:188} INFO - [2025-04-08T05:49:01.678+0000] {dag.py:3036} INFO - Sync 1 DAGs
[2025-04-08T05:49:01.701+0000] {logging_mixin.py:188} INFO - [2025-04-08T05:49:01.700+0000] {dag.py:3823} INFO - Setting next_dagrun for example_skip_dag to 2025-04-07 00:00:00+00:00, run_after=2025-04-08 00:00:00+00:00
[2025-04-08T05:49:01.749+0000] {processor.py:183} INFO - Processing /home/airflow/.local/lib/python3.8/site-packages/airflow/example_dags/example_skip_dag.py took 0.107 seconds
[2025-04-08T05:49:32.447+0000] {processor.py:161} INFO - Started process (PID=572) to work on /home/airflow/.local/lib/python3.8/site-packages/airflow/example_dags/example_skip_dag.py
[2025-04-08T05:49:32.449+0000] {processor.py:830} INFO - Processing file /home/airflow/.local/lib/python3.8/site-packages/airflow/example_dags/example_skip_dag.py for tasks to queue
[2025-04-08T05:49:32.450+0000] {logging_mixin.py:188} INFO - [2025-04-08T05:49:32.450+0000] {dagbag.py:538} INFO - Filling up the DagBag from /home/airflow/.local/lib/python3.8/site-packages/airflow/example_dags/example_skip_dag.py
[2025-04-08T05:49:32.456+0000] {processor.py:840} INFO - DAG(s) 'example_skip_dag' retrieved from /home/airflow/.local/lib/python3.8/site-packages/airflow/example_dags/example_skip_dag.py
[2025-04-08T05:49:32.477+0000] {logging_mixin.py:188} INFO - [2025-04-08T05:49:32.476+0000] {dag.py:3036} INFO - Sync 1 DAGs
[2025-04-08T05:49:32.500+0000] {logging_mixin.py:188} INFO - [2025-04-08T05:49:32.500+0000] {dag.py:3823} INFO - Setting next_dagrun for example_skip_dag to 2025-04-07 00:00:00+00:00, run_after=2025-04-08 00:00:00+00:00
[2025-04-08T05:49:32.562+0000] {processor.py:183} INFO - Processing /home/airflow/.local/lib/python3.8/site-packages/airflow/example_dags/example_skip_dag.py took 0.118 seconds
[2025-04-08T05:50:06.630+0000] {processor.py:161} INFO - Started process (PID=627) to work on /home/airflow/.local/lib/python3.8/site-packages/airflow/example_dags/example_skip_dag.py
[2025-04-08T05:50:06.631+0000] {processor.py:830} INFO - Processing file /home/airflow/.local/lib/python3.8/site-packages/airflow/example_dags/example_skip_dag.py for tasks to queue
[2025-04-08T05:50:06.633+0000] {logging_mixin.py:188} INFO - [2025-04-08T05:50:06.633+0000] {dagbag.py:538} INFO - Filling up the DagBag from /home/airflow/.local/lib/python3.8/site-packages/airflow/example_dags/example_skip_dag.py
[2025-04-08T05:50:06.640+0000] {processor.py:840} INFO - DAG(s) 'example_skip_dag' retrieved from /home/airflow/.local/lib/python3.8/site-packages/airflow/example_dags/example_skip_dag.py
[2025-04-08T05:50:06.664+0000] {logging_mixin.py:188} INFO - [2025-04-08T05:50:06.664+0000] {dag.py:3036} INFO - Sync 1 DAGs
[2025-04-08T05:50:06.689+0000] {logging_mixin.py:188} INFO - [2025-04-08T05:50:06.689+0000] {dag.py:3823} INFO - Setting next_dagrun for example_skip_dag to 2025-04-07 00:00:00+00:00, run_after=2025-04-08 00:00:00+00:00
[2025-04-08T05:50:06.766+0000] {processor.py:183} INFO - Processing /home/airflow/.local/lib/python3.8/site-packages/airflow/example_dags/example_skip_dag.py took 0.139 seconds
[2025-04-08T05:50:37.525+0000] {processor.py:161} INFO - Started process (PID=682) to work on /home/airflow/.local/lib/python3.8/site-packages/airflow/example_dags/example_skip_dag.py
[2025-04-08T05:50:37.527+0000] {processor.py:830} INFO - Processing file /home/airflow/.local/lib/python3.8/site-packages/airflow/example_dags/example_skip_dag.py for tasks to queue
[2025-04-08T05:50:37.530+0000] {logging_mixin.py:188} INFO - [2025-04-08T05:50:37.529+0000] {dagbag.py:538} INFO - Filling up the DagBag from /home/airflow/.local/lib/python3.8/site-packages/airflow/example_dags/example_skip_dag.py
[2025-04-08T05:50:37.536+0000] {processor.py:840} INFO - DAG(s) 'example_skip_dag' retrieved from /home/airflow/.local/lib/python3.8/site-packages/airflow/example_dags/example_skip_dag.py
[2025-04-08T05:50:37.560+0000] {logging_mixin.py:188} INFO - [2025-04-08T05:50:37.560+0000] {dag.py:3036} INFO - Sync 1 DAGs
[2025-04-08T05:50:37.585+0000] {logging_mixin.py:188} INFO - [2025-04-08T05:50:37.584+0000] {dag.py:3823} INFO - Setting next_dagrun for example_skip_dag to 2025-04-07 00:00:00+00:00, run_after=2025-04-08 00:00:00+00:00
[2025-04-08T05:50:37.671+0000] {processor.py:183} INFO - Processing /home/airflow/.local/lib/python3.8/site-packages/airflow/example_dags/example_skip_dag.py took 0.149 seconds
[2025-04-08T05:54:04.112+0000] {processor.py:161} INFO - Started process (PID=72) to work on /home/airflow/.local/lib/python3.8/site-packages/airflow/example_dags/example_skip_dag.py
[2025-04-08T05:54:04.113+0000] {processor.py:830} INFO - Processing file /home/airflow/.local/lib/python3.8/site-packages/airflow/example_dags/example_skip_dag.py for tasks to queue
[2025-04-08T05:54:04.115+0000] {logging_mixin.py:188} INFO - [2025-04-08T05:54:04.114+0000] {dagbag.py:538} INFO - Filling up the DagBag from /home/airflow/.local/lib/python3.8/site-packages/airflow/example_dags/example_skip_dag.py
[2025-04-08T05:54:04.122+0000] {processor.py:840} INFO - DAG(s) 'example_skip_dag' retrieved from /home/airflow/.local/lib/python3.8/site-packages/airflow/example_dags/example_skip_dag.py
[2025-04-08T05:54:04.246+0000] {logging_mixin.py:188} INFO - [2025-04-08T05:54:04.246+0000] {dag.py:3036} INFO - Sync 1 DAGs
[2025-04-08T05:54:04.269+0000] {logging_mixin.py:188} INFO - [2025-04-08T05:54:04.269+0000] {dag.py:3823} INFO - Setting next_dagrun for example_skip_dag to 2025-04-07 00:00:00+00:00, run_after=2025-04-08 00:00:00+00:00
[2025-04-08T05:54:04.378+0000] {processor.py:183} INFO - Processing /home/airflow/.local/lib/python3.8/site-packages/airflow/example_dags/example_skip_dag.py took 0.269 seconds
[2025-04-08T05:54:35.364+0000] {processor.py:161} INFO - Started process (PID=121) to work on /home/airflow/.local/lib/python3.8/site-packages/airflow/example_dags/example_skip_dag.py
[2025-04-08T05:54:35.366+0000] {processor.py:830} INFO - Processing file /home/airflow/.local/lib/python3.8/site-packages/airflow/example_dags/example_skip_dag.py for tasks to queue
[2025-04-08T05:54:35.368+0000] {logging_mixin.py:188} INFO - [2025-04-08T05:54:35.367+0000] {dagbag.py:538} INFO - Filling up the DagBag from /home/airflow/.local/lib/python3.8/site-packages/airflow/example_dags/example_skip_dag.py
[2025-04-08T05:54:35.375+0000] {processor.py:840} INFO - DAG(s) 'example_skip_dag' retrieved from /home/airflow/.local/lib/python3.8/site-packages/airflow/example_dags/example_skip_dag.py
[2025-04-08T05:54:35.398+0000] {logging_mixin.py:188} INFO - [2025-04-08T05:54:35.398+0000] {dag.py:3036} INFO - Sync 1 DAGs
[2025-04-08T05:54:35.422+0000] {logging_mixin.py:188} INFO - [2025-04-08T05:54:35.422+0000] {dag.py:3823} INFO - Setting next_dagrun for example_skip_dag to 2025-04-07 00:00:00+00:00, run_after=2025-04-08 00:00:00+00:00
[2025-04-08T05:54:35.509+0000] {processor.py:183} INFO - Processing /home/airflow/.local/lib/python3.8/site-packages/airflow/example_dags/example_skip_dag.py took 0.147 seconds
[2025-04-08T05:55:05.688+0000] {processor.py:161} INFO - Started process (PID=177) to work on /home/airflow/.local/lib/python3.8/site-packages/airflow/example_dags/example_skip_dag.py
[2025-04-08T05:55:05.689+0000] {processor.py:830} INFO - Processing file /home/airflow/.local/lib/python3.8/site-packages/airflow/example_dags/example_skip_dag.py for tasks to queue
[2025-04-08T05:55:05.691+0000] {logging_mixin.py:188} INFO - [2025-04-08T05:55:05.690+0000] {dagbag.py:538} INFO - Filling up the DagBag from /home/airflow/.local/lib/python3.8/site-packages/airflow/example_dags/example_skip_dag.py
[2025-04-08T05:55:05.700+0000] {processor.py:840} INFO - DAG(s) 'example_skip_dag' retrieved from /home/airflow/.local/lib/python3.8/site-packages/airflow/example_dags/example_skip_dag.py
[2025-04-08T05:55:05.723+0000] {logging_mixin.py:188} INFO - [2025-04-08T05:55:05.722+0000] {dag.py:3036} INFO - Sync 1 DAGs
[2025-04-08T05:55:05.746+0000] {logging_mixin.py:188} INFO - [2025-04-08T05:55:05.746+0000] {dag.py:3823} INFO - Setting next_dagrun for example_skip_dag to 2025-04-07 00:00:00+00:00, run_after=2025-04-08 00:00:00+00:00
[2025-04-08T05:55:05.818+0000] {processor.py:183} INFO - Processing /home/airflow/.local/lib/python3.8/site-packages/airflow/example_dags/example_skip_dag.py took 0.133 seconds
[2025-04-08T05:55:36.043+0000] {processor.py:161} INFO - Started process (PID=232) to work on /home/airflow/.local/lib/python3.8/site-packages/airflow/example_dags/example_skip_dag.py
[2025-04-08T05:55:36.044+0000] {processor.py:830} INFO - Processing file /home/airflow/.local/lib/python3.8/site-packages/airflow/example_dags/example_skip_dag.py for tasks to queue
[2025-04-08T05:55:36.046+0000] {logging_mixin.py:188} INFO - [2025-04-08T05:55:36.045+0000] {dagbag.py:538} INFO - Filling up the DagBag from /home/airflow/.local/lib/python3.8/site-packages/airflow/example_dags/example_skip_dag.py
[2025-04-08T05:55:36.052+0000] {processor.py:840} INFO - DAG(s) 'example_skip_dag' retrieved from /home/airflow/.local/lib/python3.8/site-packages/airflow/example_dags/example_skip_dag.py
[2025-04-08T05:55:36.072+0000] {logging_mixin.py:188} INFO - [2025-04-08T05:55:36.072+0000] {dag.py:3036} INFO - Sync 1 DAGs
[2025-04-08T05:55:36.094+0000] {logging_mixin.py:188} INFO - [2025-04-08T05:55:36.094+0000] {dag.py:3823} INFO - Setting next_dagrun for example_skip_dag to 2025-04-07 00:00:00+00:00, run_after=2025-04-08 00:00:00+00:00
[2025-04-08T05:55:36.197+0000] {processor.py:183} INFO - Processing /home/airflow/.local/lib/python3.8/site-packages/airflow/example_dags/example_skip_dag.py took 0.157 seconds
[2025-04-08T05:56:06.549+0000] {processor.py:161} INFO - Started process (PID=287) to work on /home/airflow/.local/lib/python3.8/site-packages/airflow/example_dags/example_skip_dag.py
[2025-04-08T05:56:06.550+0000] {processor.py:830} INFO - Processing file /home/airflow/.local/lib/python3.8/site-packages/airflow/example_dags/example_skip_dag.py for tasks to queue
[2025-04-08T05:56:06.552+0000] {logging_mixin.py:188} INFO - [2025-04-08T05:56:06.551+0000] {dagbag.py:538} INFO - Filling up the DagBag from /home/airflow/.local/lib/python3.8/site-packages/airflow/example_dags/example_skip_dag.py
[2025-04-08T05:56:06.557+0000] {processor.py:840} INFO - DAG(s) 'example_skip_dag' retrieved from /home/airflow/.local/lib/python3.8/site-packages/airflow/example_dags/example_skip_dag.py
[2025-04-08T05:56:06.578+0000] {logging_mixin.py:188} INFO - [2025-04-08T05:56:06.578+0000] {dag.py:3036} INFO - Sync 1 DAGs
[2025-04-08T05:56:06.601+0000] {logging_mixin.py:188} INFO - [2025-04-08T05:56:06.601+0000] {dag.py:3823} INFO - Setting next_dagrun for example_skip_dag to 2025-04-07 00:00:00+00:00, run_after=2025-04-08 00:00:00+00:00
[2025-04-08T05:56:06.655+0000] {processor.py:183} INFO - Processing /home/airflow/.local/lib/python3.8/site-packages/airflow/example_dags/example_skip_dag.py took 0.109 seconds
[2025-04-08T05:56:41.160+0000] {processor.py:161} INFO - Started process (PID=342) to work on /home/airflow/.local/lib/python3.8/site-packages/airflow/example_dags/example_skip_dag.py
[2025-04-08T05:56:41.161+0000] {processor.py:830} INFO - Processing file /home/airflow/.local/lib/python3.8/site-packages/airflow/example_dags/example_skip_dag.py for tasks to queue
[2025-04-08T05:56:41.164+0000] {logging_mixin.py:188} INFO - [2025-04-08T05:56:41.163+0000] {dagbag.py:538} INFO - Filling up the DagBag from /home/airflow/.local/lib/python3.8/site-packages/airflow/example_dags/example_skip_dag.py
[2025-04-08T05:56:41.173+0000] {processor.py:840} INFO - DAG(s) 'example_skip_dag' retrieved from /home/airflow/.local/lib/python3.8/site-packages/airflow/example_dags/example_skip_dag.py
[2025-04-08T05:56:41.213+0000] {logging_mixin.py:188} INFO - [2025-04-08T05:56:41.213+0000] {dag.py:3036} INFO - Sync 1 DAGs
[2025-04-08T05:56:41.245+0000] {logging_mixin.py:188} INFO - [2025-04-08T05:56:41.245+0000] {dag.py:3823} INFO - Setting next_dagrun for example_skip_dag to 2025-04-07 00:00:00+00:00, run_after=2025-04-08 00:00:00+00:00
[2025-04-08T05:56:41.305+0000] {processor.py:183} INFO - Processing /home/airflow/.local/lib/python3.8/site-packages/airflow/example_dags/example_skip_dag.py took 0.148 seconds
[2025-04-08T05:57:11.421+0000] {processor.py:161} INFO - Started process (PID=397) to work on /home/airflow/.local/lib/python3.8/site-packages/airflow/example_dags/example_skip_dag.py
[2025-04-08T05:57:11.422+0000] {processor.py:830} INFO - Processing file /home/airflow/.local/lib/python3.8/site-packages/airflow/example_dags/example_skip_dag.py for tasks to queue
[2025-04-08T05:57:11.425+0000] {logging_mixin.py:188} INFO - [2025-04-08T05:57:11.424+0000] {dagbag.py:538} INFO - Filling up the DagBag from /home/airflow/.local/lib/python3.8/site-packages/airflow/example_dags/example_skip_dag.py
[2025-04-08T05:57:11.434+0000] {processor.py:840} INFO - DAG(s) 'example_skip_dag' retrieved from /home/airflow/.local/lib/python3.8/site-packages/airflow/example_dags/example_skip_dag.py
[2025-04-08T05:57:11.460+0000] {logging_mixin.py:188} INFO - [2025-04-08T05:57:11.460+0000] {dag.py:3036} INFO - Sync 1 DAGs
[2025-04-08T05:57:11.484+0000] {logging_mixin.py:188} INFO - [2025-04-08T05:57:11.484+0000] {dag.py:3823} INFO - Setting next_dagrun for example_skip_dag to 2025-04-07 00:00:00+00:00, run_after=2025-04-08 00:00:00+00:00
[2025-04-08T05:57:11.591+0000] {processor.py:183} INFO - Processing /home/airflow/.local/lib/python3.8/site-packages/airflow/example_dags/example_skip_dag.py took 0.173 seconds
[2025-04-08T05:57:41.784+0000] {processor.py:161} INFO - Started process (PID=452) to work on /home/airflow/.local/lib/python3.8/site-packages/airflow/example_dags/example_skip_dag.py
[2025-04-08T05:57:41.785+0000] {processor.py:830} INFO - Processing file /home/airflow/.local/lib/python3.8/site-packages/airflow/example_dags/example_skip_dag.py for tasks to queue
[2025-04-08T05:57:41.787+0000] {logging_mixin.py:188} INFO - [2025-04-08T05:57:41.786+0000] {dagbag.py:538} INFO - Filling up the DagBag from /home/airflow/.local/lib/python3.8/site-packages/airflow/example_dags/example_skip_dag.py
[2025-04-08T05:57:41.793+0000] {processor.py:840} INFO - DAG(s) 'example_skip_dag' retrieved from /home/airflow/.local/lib/python3.8/site-packages/airflow/example_dags/example_skip_dag.py
[2025-04-08T05:57:41.816+0000] {logging_mixin.py:188} INFO - [2025-04-08T05:57:41.816+0000] {dag.py:3036} INFO - Sync 1 DAGs
[2025-04-08T05:57:41.847+0000] {logging_mixin.py:188} INFO - [2025-04-08T05:57:41.846+0000] {dag.py:3823} INFO - Setting next_dagrun for example_skip_dag to 2025-04-07 00:00:00+00:00, run_after=2025-04-08 00:00:00+00:00
[2025-04-08T05:57:41.908+0000] {processor.py:183} INFO - Processing /home/airflow/.local/lib/python3.8/site-packages/airflow/example_dags/example_skip_dag.py took 0.127 seconds
[2025-04-08T05:58:12.478+0000] {processor.py:161} INFO - Started process (PID=507) to work on /home/airflow/.local/lib/python3.8/site-packages/airflow/example_dags/example_skip_dag.py
[2025-04-08T05:58:12.479+0000] {processor.py:830} INFO - Processing file /home/airflow/.local/lib/python3.8/site-packages/airflow/example_dags/example_skip_dag.py for tasks to queue
[2025-04-08T05:58:12.481+0000] {logging_mixin.py:188} INFO - [2025-04-08T05:58:12.481+0000] {dagbag.py:538} INFO - Filling up the DagBag from /home/airflow/.local/lib/python3.8/site-packages/airflow/example_dags/example_skip_dag.py
[2025-04-08T05:58:12.487+0000] {processor.py:840} INFO - DAG(s) 'example_skip_dag' retrieved from /home/airflow/.local/lib/python3.8/site-packages/airflow/example_dags/example_skip_dag.py
[2025-04-08T05:58:12.508+0000] {logging_mixin.py:188} INFO - [2025-04-08T05:58:12.508+0000] {dag.py:3036} INFO - Sync 1 DAGs
[2025-04-08T05:58:12.529+0000] {logging_mixin.py:188} INFO - [2025-04-08T05:58:12.529+0000] {dag.py:3823} INFO - Setting next_dagrun for example_skip_dag to 2025-04-07 00:00:00+00:00, run_after=2025-04-08 00:00:00+00:00
[2025-04-08T05:58:12.608+0000] {processor.py:183} INFO - Processing /home/airflow/.local/lib/python3.8/site-packages/airflow/example_dags/example_skip_dag.py took 0.132 seconds
[2025-04-08T05:58:43.589+0000] {processor.py:161} INFO - Started process (PID=562) to work on /home/airflow/.local/lib/python3.8/site-packages/airflow/example_dags/example_skip_dag.py
[2025-04-08T05:58:43.590+0000] {processor.py:830} INFO - Processing file /home/airflow/.local/lib/python3.8/site-packages/airflow/example_dags/example_skip_dag.py for tasks to queue
[2025-04-08T05:58:43.592+0000] {logging_mixin.py:188} INFO - [2025-04-08T05:58:43.592+0000] {dagbag.py:538} INFO - Filling up the DagBag from /home/airflow/.local/lib/python3.8/site-packages/airflow/example_dags/example_skip_dag.py
[2025-04-08T05:58:43.599+0000] {processor.py:840} INFO - DAG(s) 'example_skip_dag' retrieved from /home/airflow/.local/lib/python3.8/site-packages/airflow/example_dags/example_skip_dag.py
[2025-04-08T05:58:43.622+0000] {logging_mixin.py:188} INFO - [2025-04-08T05:58:43.622+0000] {dag.py:3036} INFO - Sync 1 DAGs
[2025-04-08T05:58:43.645+0000] {logging_mixin.py:188} INFO - [2025-04-08T05:58:43.645+0000] {dag.py:3823} INFO - Setting next_dagrun for example_skip_dag to 2025-04-07 00:00:00+00:00, run_after=2025-04-08 00:00:00+00:00
[2025-04-08T05:58:43.712+0000] {processor.py:183} INFO - Processing /home/airflow/.local/lib/python3.8/site-packages/airflow/example_dags/example_skip_dag.py took 0.127 seconds
