[2025-04-08T05:44:54.321+0000] {processor.py:161} INFO - Started process (PID=90) to work on /home/airflow/.local/lib/python3.8/site-packages/airflow/example_dags/example_sla_dag.py
[2025-04-08T05:44:54.322+0000] {processor.py:830} INFO - Processing file /home/airflow/.local/lib/python3.8/site-packages/airflow/example_dags/example_sla_dag.py for tasks to queue
[2025-04-08T05:44:54.324+0000] {logging_mixin.py:188} INFO - [2025-04-08T05:44:54.324+0000] {dagbag.py:538} INFO - Filling up the DagBag from /home/airflow/.local/lib/python3.8/site-packages/airflow/example_dags/example_sla_dag.py
[2025-04-08T05:44:54.333+0000] {processor.py:840} INFO - DAG(s) 'example_sla_dag' retrieved from /home/airflow/.local/lib/python3.8/site-packages/airflow/example_dags/example_sla_dag.py
[2025-04-08T05:44:54.449+0000] {logging_mixin.py:188} INFO - [2025-04-08T05:44:54.449+0000] {dag.py:3036} INFO - Sync 1 DAGs
[2025-04-08T05:44:54.475+0000] {logging_mixin.py:188} INFO - [2025-04-08T05:44:54.475+0000] {dag.py:3823} INFO - Setting next_dagrun for example_sla_dag to 2025-04-08 05:42:00+00:00, run_after=2025-04-08 05:44:00+00:00
[2025-04-08T05:44:54.557+0000] {processor.py:183} INFO - Processing /home/airflow/.local/lib/python3.8/site-packages/airflow/example_dags/example_sla_dag.py took 0.239 seconds
[2025-04-08T05:45:26.167+0000] {processor.py:161} INFO - Started process (PID=139) to work on /home/airflow/.local/lib/python3.8/site-packages/airflow/example_dags/example_sla_dag.py
[2025-04-08T05:45:26.168+0000] {processor.py:830} INFO - Processing file /home/airflow/.local/lib/python3.8/site-packages/airflow/example_dags/example_sla_dag.py for tasks to queue
[2025-04-08T05:45:26.170+0000] {logging_mixin.py:188} INFO - [2025-04-08T05:45:26.170+0000] {dagbag.py:538} INFO - Filling up the DagBag from /home/airflow/.local/lib/python3.8/site-packages/airflow/example_dags/example_sla_dag.py
[2025-04-08T05:45:26.179+0000] {processor.py:840} INFO - DAG(s) 'example_sla_dag' retrieved from /home/airflow/.local/lib/python3.8/site-packages/airflow/example_dags/example_sla_dag.py
[2025-04-08T05:45:26.199+0000] {logging_mixin.py:188} INFO - [2025-04-08T05:45:26.199+0000] {dag.py:3036} INFO - Sync 1 DAGs
[2025-04-08T05:45:26.227+0000] {logging_mixin.py:188} INFO - [2025-04-08T05:45:26.227+0000] {dag.py:3823} INFO - Setting next_dagrun for example_sla_dag to 2025-04-08 05:42:00+00:00, run_after=2025-04-08 05:44:00+00:00
[2025-04-08T05:45:26.532+0000] {processor.py:183} INFO - Processing /home/airflow/.local/lib/python3.8/site-packages/airflow/example_dags/example_sla_dag.py took 0.369 seconds
[2025-04-08T05:45:59.376+0000] {processor.py:161} INFO - Started process (PID=194) to work on /home/airflow/.local/lib/python3.8/site-packages/airflow/example_dags/example_sla_dag.py
[2025-04-08T05:45:59.377+0000] {processor.py:830} INFO - Processing file /home/airflow/.local/lib/python3.8/site-packages/airflow/example_dags/example_sla_dag.py for tasks to queue
[2025-04-08T05:45:59.379+0000] {logging_mixin.py:188} INFO - [2025-04-08T05:45:59.378+0000] {dagbag.py:538} INFO - Filling up the DagBag from /home/airflow/.local/lib/python3.8/site-packages/airflow/example_dags/example_sla_dag.py
[2025-04-08T05:45:59.388+0000] {processor.py:840} INFO - DAG(s) 'example_sla_dag' retrieved from /home/airflow/.local/lib/python3.8/site-packages/airflow/example_dags/example_sla_dag.py
[2025-04-08T05:45:59.410+0000] {logging_mixin.py:188} INFO - [2025-04-08T05:45:59.409+0000] {dag.py:3036} INFO - Sync 1 DAGs
[2025-04-08T05:45:59.441+0000] {logging_mixin.py:188} INFO - [2025-04-08T05:45:59.441+0000] {dag.py:3823} INFO - Setting next_dagrun for example_sla_dag to 2025-04-08 05:42:00+00:00, run_after=2025-04-08 05:44:00+00:00
[2025-04-08T05:45:59.486+0000] {processor.py:183} INFO - Processing /home/airflow/.local/lib/python3.8/site-packages/airflow/example_dags/example_sla_dag.py took 0.114 seconds
[2025-04-08T05:46:29.707+0000] {processor.py:161} INFO - Started process (PID=255) to work on /home/airflow/.local/lib/python3.8/site-packages/airflow/example_dags/example_sla_dag.py
[2025-04-08T05:46:29.708+0000] {processor.py:830} INFO - Processing file /home/airflow/.local/lib/python3.8/site-packages/airflow/example_dags/example_sla_dag.py for tasks to queue
[2025-04-08T05:46:29.711+0000] {logging_mixin.py:188} INFO - [2025-04-08T05:46:29.711+0000] {dagbag.py:538} INFO - Filling up the DagBag from /home/airflow/.local/lib/python3.8/site-packages/airflow/example_dags/example_sla_dag.py
[2025-04-08T05:46:29.720+0000] {processor.py:840} INFO - DAG(s) 'example_sla_dag' retrieved from /home/airflow/.local/lib/python3.8/site-packages/airflow/example_dags/example_sla_dag.py
[2025-04-08T05:46:29.741+0000] {logging_mixin.py:188} INFO - [2025-04-08T05:46:29.741+0000] {dag.py:3036} INFO - Sync 1 DAGs
[2025-04-08T05:46:29.769+0000] {logging_mixin.py:188} INFO - [2025-04-08T05:46:29.769+0000] {dag.py:3823} INFO - Setting next_dagrun for example_sla_dag to 2025-04-08 05:44:00+00:00, run_after=2025-04-08 05:46:00+00:00
[2025-04-08T05:46:29.907+0000] {processor.py:183} INFO - Processing /home/airflow/.local/lib/python3.8/site-packages/airflow/example_dags/example_sla_dag.py took 0.203 seconds
[2025-04-08T05:46:59.946+0000] {processor.py:161} INFO - Started process (PID=303) to work on /home/airflow/.local/lib/python3.8/site-packages/airflow/example_dags/example_sla_dag.py
[2025-04-08T05:46:59.947+0000] {processor.py:830} INFO - Processing file /home/airflow/.local/lib/python3.8/site-packages/airflow/example_dags/example_sla_dag.py for tasks to queue
[2025-04-08T05:46:59.949+0000] {logging_mixin.py:188} INFO - [2025-04-08T05:46:59.949+0000] {dagbag.py:538} INFO - Filling up the DagBag from /home/airflow/.local/lib/python3.8/site-packages/airflow/example_dags/example_sla_dag.py
[2025-04-08T05:46:59.957+0000] {processor.py:840} INFO - DAG(s) 'example_sla_dag' retrieved from /home/airflow/.local/lib/python3.8/site-packages/airflow/example_dags/example_sla_dag.py
[2025-04-08T05:46:59.978+0000] {logging_mixin.py:188} INFO - [2025-04-08T05:46:59.978+0000] {dag.py:3036} INFO - Sync 1 DAGs
[2025-04-08T05:47:00.003+0000] {logging_mixin.py:188} INFO - [2025-04-08T05:47:00.003+0000] {dag.py:3823} INFO - Setting next_dagrun for example_sla_dag to 2025-04-08 05:44:00+00:00, run_after=2025-04-08 05:46:00+00:00
[2025-04-08T05:47:00.074+0000] {processor.py:183} INFO - Processing /home/airflow/.local/lib/python3.8/site-packages/airflow/example_dags/example_sla_dag.py took 0.130 seconds
[2025-04-08T05:47:30.211+0000] {processor.py:161} INFO - Started process (PID=359) to work on /home/airflow/.local/lib/python3.8/site-packages/airflow/example_dags/example_sla_dag.py
[2025-04-08T05:47:30.212+0000] {processor.py:830} INFO - Processing file /home/airflow/.local/lib/python3.8/site-packages/airflow/example_dags/example_sla_dag.py for tasks to queue
[2025-04-08T05:47:30.214+0000] {logging_mixin.py:188} INFO - [2025-04-08T05:47:30.214+0000] {dagbag.py:538} INFO - Filling up the DagBag from /home/airflow/.local/lib/python3.8/site-packages/airflow/example_dags/example_sla_dag.py
[2025-04-08T05:47:30.225+0000] {processor.py:840} INFO - DAG(s) 'example_sla_dag' retrieved from /home/airflow/.local/lib/python3.8/site-packages/airflow/example_dags/example_sla_dag.py
[2025-04-08T05:47:30.244+0000] {logging_mixin.py:188} INFO - [2025-04-08T05:47:30.244+0000] {dag.py:3036} INFO - Sync 1 DAGs
[2025-04-08T05:47:30.269+0000] {logging_mixin.py:188} INFO - [2025-04-08T05:47:30.269+0000] {dag.py:3823} INFO - Setting next_dagrun for example_sla_dag to 2025-04-08 05:44:00+00:00, run_after=2025-04-08 05:46:00+00:00
[2025-04-08T05:47:30.342+0000] {processor.py:183} INFO - Processing /home/airflow/.local/lib/python3.8/site-packages/airflow/example_dags/example_sla_dag.py took 0.134 seconds
[2025-04-08T05:48:00.656+0000] {processor.py:161} INFO - Started process (PID=414) to work on /home/airflow/.local/lib/python3.8/site-packages/airflow/example_dags/example_sla_dag.py
[2025-04-08T05:48:00.657+0000] {processor.py:830} INFO - Processing file /home/airflow/.local/lib/python3.8/site-packages/airflow/example_dags/example_sla_dag.py for tasks to queue
[2025-04-08T05:48:00.660+0000] {logging_mixin.py:188} INFO - [2025-04-08T05:48:00.659+0000] {dagbag.py:538} INFO - Filling up the DagBag from /home/airflow/.local/lib/python3.8/site-packages/airflow/example_dags/example_sla_dag.py
[2025-04-08T05:48:00.668+0000] {processor.py:840} INFO - DAG(s) 'example_sla_dag' retrieved from /home/airflow/.local/lib/python3.8/site-packages/airflow/example_dags/example_sla_dag.py
[2025-04-08T05:48:00.690+0000] {logging_mixin.py:188} INFO - [2025-04-08T05:48:00.690+0000] {dag.py:3036} INFO - Sync 1 DAGs
[2025-04-08T05:48:00.716+0000] {logging_mixin.py:188} INFO - [2025-04-08T05:48:00.716+0000] {dag.py:3823} INFO - Setting next_dagrun for example_sla_dag to 2025-04-08 05:46:00+00:00, run_after=2025-04-08 05:48:00+00:00
[2025-04-08T05:48:00.797+0000] {processor.py:183} INFO - Processing /home/airflow/.local/lib/python3.8/site-packages/airflow/example_dags/example_sla_dag.py took 0.143 seconds
[2025-04-08T05:48:31.413+0000] {processor.py:161} INFO - Started process (PID=469) to work on /home/airflow/.local/lib/python3.8/site-packages/airflow/example_dags/example_sla_dag.py
[2025-04-08T05:48:31.415+0000] {processor.py:830} INFO - Processing file /home/airflow/.local/lib/python3.8/site-packages/airflow/example_dags/example_sla_dag.py for tasks to queue
[2025-04-08T05:48:31.417+0000] {logging_mixin.py:188} INFO - [2025-04-08T05:48:31.416+0000] {dagbag.py:538} INFO - Filling up the DagBag from /home/airflow/.local/lib/python3.8/site-packages/airflow/example_dags/example_sla_dag.py
[2025-04-08T05:48:31.424+0000] {processor.py:840} INFO - DAG(s) 'example_sla_dag' retrieved from /home/airflow/.local/lib/python3.8/site-packages/airflow/example_dags/example_sla_dag.py
[2025-04-08T05:48:31.448+0000] {logging_mixin.py:188} INFO - [2025-04-08T05:48:31.447+0000] {dag.py:3036} INFO - Sync 1 DAGs
[2025-04-08T05:48:31.474+0000] {logging_mixin.py:188} INFO - [2025-04-08T05:48:31.474+0000] {dag.py:3823} INFO - Setting next_dagrun for example_sla_dag to 2025-04-08 05:46:00+00:00, run_after=2025-04-08 05:48:00+00:00
[2025-04-08T05:48:31.539+0000] {processor.py:183} INFO - Processing /home/airflow/.local/lib/python3.8/site-packages/airflow/example_dags/example_sla_dag.py took 0.128 seconds
[2025-04-08T05:49:02.219+0000] {processor.py:161} INFO - Started process (PID=524) to work on /home/airflow/.local/lib/python3.8/site-packages/airflow/example_dags/example_sla_dag.py
[2025-04-08T05:49:02.221+0000] {processor.py:830} INFO - Processing file /home/airflow/.local/lib/python3.8/site-packages/airflow/example_dags/example_sla_dag.py for tasks to queue
[2025-04-08T05:49:02.222+0000] {logging_mixin.py:188} INFO - [2025-04-08T05:49:02.222+0000] {dagbag.py:538} INFO - Filling up the DagBag from /home/airflow/.local/lib/python3.8/site-packages/airflow/example_dags/example_sla_dag.py
[2025-04-08T05:49:02.230+0000] {processor.py:840} INFO - DAG(s) 'example_sla_dag' retrieved from /home/airflow/.local/lib/python3.8/site-packages/airflow/example_dags/example_sla_dag.py
[2025-04-08T05:49:02.250+0000] {logging_mixin.py:188} INFO - [2025-04-08T05:49:02.250+0000] {dag.py:3036} INFO - Sync 1 DAGs
[2025-04-08T05:49:02.278+0000] {logging_mixin.py:188} INFO - [2025-04-08T05:49:02.278+0000] {dag.py:3823} INFO - Setting next_dagrun for example_sla_dag to 2025-04-08 05:46:00+00:00, run_after=2025-04-08 05:48:00+00:00
[2025-04-08T05:49:02.337+0000] {processor.py:183} INFO - Processing /home/airflow/.local/lib/python3.8/site-packages/airflow/example_dags/example_sla_dag.py took 0.120 seconds
[2025-04-08T05:49:33.048+0000] {processor.py:161} INFO - Started process (PID=579) to work on /home/airflow/.local/lib/python3.8/site-packages/airflow/example_dags/example_sla_dag.py
[2025-04-08T05:49:33.049+0000] {processor.py:830} INFO - Processing file /home/airflow/.local/lib/python3.8/site-packages/airflow/example_dags/example_sla_dag.py for tasks to queue
[2025-04-08T05:49:33.051+0000] {logging_mixin.py:188} INFO - [2025-04-08T05:49:33.051+0000] {dagbag.py:538} INFO - Filling up the DagBag from /home/airflow/.local/lib/python3.8/site-packages/airflow/example_dags/example_sla_dag.py
[2025-04-08T05:49:33.060+0000] {processor.py:840} INFO - DAG(s) 'example_sla_dag' retrieved from /home/airflow/.local/lib/python3.8/site-packages/airflow/example_dags/example_sla_dag.py
[2025-04-08T05:49:33.081+0000] {logging_mixin.py:188} INFO - [2025-04-08T05:49:33.080+0000] {dag.py:3036} INFO - Sync 1 DAGs
[2025-04-08T05:49:33.111+0000] {logging_mixin.py:188} INFO - [2025-04-08T05:49:33.111+0000] {dag.py:3823} INFO - Setting next_dagrun for example_sla_dag to 2025-04-08 05:46:00+00:00, run_after=2025-04-08 05:48:00+00:00
[2025-04-08T05:49:33.163+0000] {processor.py:183} INFO - Processing /home/airflow/.local/lib/python3.8/site-packages/airflow/example_dags/example_sla_dag.py took 0.119 seconds
[2025-04-08T05:50:07.126+0000] {processor.py:161} INFO - Started process (PID=634) to work on /home/airflow/.local/lib/python3.8/site-packages/airflow/example_dags/example_sla_dag.py
[2025-04-08T05:50:07.128+0000] {processor.py:830} INFO - Processing file /home/airflow/.local/lib/python3.8/site-packages/airflow/example_dags/example_sla_dag.py for tasks to queue
[2025-04-08T05:50:07.130+0000] {logging_mixin.py:188} INFO - [2025-04-08T05:50:07.129+0000] {dagbag.py:538} INFO - Filling up the DagBag from /home/airflow/.local/lib/python3.8/site-packages/airflow/example_dags/example_sla_dag.py
[2025-04-08T05:50:07.139+0000] {processor.py:840} INFO - DAG(s) 'example_sla_dag' retrieved from /home/airflow/.local/lib/python3.8/site-packages/airflow/example_dags/example_sla_dag.py
[2025-04-08T05:50:07.162+0000] {logging_mixin.py:188} INFO - [2025-04-08T05:50:07.161+0000] {dag.py:3036} INFO - Sync 1 DAGs
[2025-04-08T05:50:07.189+0000] {logging_mixin.py:188} INFO - [2025-04-08T05:50:07.189+0000] {dag.py:3823} INFO - Setting next_dagrun for example_sla_dag to 2025-04-08 05:48:00+00:00, run_after=2025-04-08 05:50:00+00:00
[2025-04-08T05:50:07.267+0000] {processor.py:183} INFO - Processing /home/airflow/.local/lib/python3.8/site-packages/airflow/example_dags/example_sla_dag.py took 0.144 seconds
[2025-04-08T05:50:38.079+0000] {processor.py:161} INFO - Started process (PID=689) to work on /home/airflow/.local/lib/python3.8/site-packages/airflow/example_dags/example_sla_dag.py
[2025-04-08T05:50:38.081+0000] {processor.py:830} INFO - Processing file /home/airflow/.local/lib/python3.8/site-packages/airflow/example_dags/example_sla_dag.py for tasks to queue
[2025-04-08T05:50:38.083+0000] {logging_mixin.py:188} INFO - [2025-04-08T05:50:38.083+0000] {dagbag.py:538} INFO - Filling up the DagBag from /home/airflow/.local/lib/python3.8/site-packages/airflow/example_dags/example_sla_dag.py
[2025-04-08T05:50:38.097+0000] {processor.py:840} INFO - DAG(s) 'example_sla_dag' retrieved from /home/airflow/.local/lib/python3.8/site-packages/airflow/example_dags/example_sla_dag.py
[2025-04-08T05:50:38.123+0000] {logging_mixin.py:188} INFO - [2025-04-08T05:50:38.122+0000] {dag.py:3036} INFO - Sync 1 DAGs
[2025-04-08T05:50:38.157+0000] {logging_mixin.py:188} INFO - [2025-04-08T05:50:38.157+0000] {dag.py:3823} INFO - Setting next_dagrun for example_sla_dag to 2025-04-08 05:48:00+00:00, run_after=2025-04-08 05:50:00+00:00
[2025-04-08T05:50:38.251+0000] {processor.py:183} INFO - Processing /home/airflow/.local/lib/python3.8/site-packages/airflow/example_dags/example_sla_dag.py took 0.176 seconds
[2025-04-08T05:54:04.973+0000] {processor.py:161} INFO - Started process (PID=79) to work on /home/airflow/.local/lib/python3.8/site-packages/airflow/example_dags/example_sla_dag.py
[2025-04-08T05:54:04.974+0000] {processor.py:830} INFO - Processing file /home/airflow/.local/lib/python3.8/site-packages/airflow/example_dags/example_sla_dag.py for tasks to queue
[2025-04-08T05:54:04.976+0000] {logging_mixin.py:188} INFO - [2025-04-08T05:54:04.976+0000] {dagbag.py:538} INFO - Filling up the DagBag from /home/airflow/.local/lib/python3.8/site-packages/airflow/example_dags/example_sla_dag.py
[2025-04-08T05:54:04.986+0000] {processor.py:840} INFO - DAG(s) 'example_sla_dag' retrieved from /home/airflow/.local/lib/python3.8/site-packages/airflow/example_dags/example_sla_dag.py
[2025-04-08T05:54:05.098+0000] {logging_mixin.py:188} INFO - [2025-04-08T05:54:05.098+0000] {dag.py:3036} INFO - Sync 1 DAGs
[2025-04-08T05:54:05.123+0000] {logging_mixin.py:188} INFO - [2025-04-08T05:54:05.123+0000] {dag.py:3823} INFO - Setting next_dagrun for example_sla_dag to 2025-04-08 05:52:00+00:00, run_after=2025-04-08 05:54:00+00:00
[2025-04-08T05:54:05.201+0000] {processor.py:183} INFO - Processing /home/airflow/.local/lib/python3.8/site-packages/airflow/example_dags/example_sla_dag.py took 0.231 seconds
[2025-04-08T05:54:36.101+0000] {processor.py:161} INFO - Started process (PID=135) to work on /home/airflow/.local/lib/python3.8/site-packages/airflow/example_dags/example_sla_dag.py
[2025-04-08T05:54:36.103+0000] {processor.py:830} INFO - Processing file /home/airflow/.local/lib/python3.8/site-packages/airflow/example_dags/example_sla_dag.py for tasks to queue
[2025-04-08T05:54:36.105+0000] {logging_mixin.py:188} INFO - [2025-04-08T05:54:36.104+0000] {dagbag.py:538} INFO - Filling up the DagBag from /home/airflow/.local/lib/python3.8/site-packages/airflow/example_dags/example_sla_dag.py
[2025-04-08T05:54:36.112+0000] {processor.py:840} INFO - DAG(s) 'example_sla_dag' retrieved from /home/airflow/.local/lib/python3.8/site-packages/airflow/example_dags/example_sla_dag.py
[2025-04-08T05:54:36.133+0000] {logging_mixin.py:188} INFO - [2025-04-08T05:54:36.133+0000] {dag.py:3036} INFO - Sync 1 DAGs
[2025-04-08T05:54:36.157+0000] {logging_mixin.py:188} INFO - [2025-04-08T05:54:36.157+0000] {dag.py:3823} INFO - Setting next_dagrun for example_sla_dag to 2025-04-08 05:52:00+00:00, run_after=2025-04-08 05:54:00+00:00
[2025-04-08T05:54:36.278+0000] {processor.py:183} INFO - Processing /home/airflow/.local/lib/python3.8/site-packages/airflow/example_dags/example_sla_dag.py took 0.180 seconds
[2025-04-08T05:55:06.327+0000] {processor.py:161} INFO - Started process (PID=184) to work on /home/airflow/.local/lib/python3.8/site-packages/airflow/example_dags/example_sla_dag.py
[2025-04-08T05:55:06.328+0000] {processor.py:830} INFO - Processing file /home/airflow/.local/lib/python3.8/site-packages/airflow/example_dags/example_sla_dag.py for tasks to queue
[2025-04-08T05:55:06.330+0000] {logging_mixin.py:188} INFO - [2025-04-08T05:55:06.330+0000] {dagbag.py:538} INFO - Filling up the DagBag from /home/airflow/.local/lib/python3.8/site-packages/airflow/example_dags/example_sla_dag.py
[2025-04-08T05:55:06.337+0000] {processor.py:840} INFO - DAG(s) 'example_sla_dag' retrieved from /home/airflow/.local/lib/python3.8/site-packages/airflow/example_dags/example_sla_dag.py
[2025-04-08T05:55:06.357+0000] {logging_mixin.py:188} INFO - [2025-04-08T05:55:06.357+0000] {dag.py:3036} INFO - Sync 1 DAGs
[2025-04-08T05:55:06.381+0000] {logging_mixin.py:188} INFO - [2025-04-08T05:55:06.381+0000] {dag.py:3823} INFO - Setting next_dagrun for example_sla_dag to 2025-04-08 05:52:00+00:00, run_after=2025-04-08 05:54:00+00:00
[2025-04-08T05:55:06.437+0000] {processor.py:183} INFO - Processing /home/airflow/.local/lib/python3.8/site-packages/airflow/example_dags/example_sla_dag.py took 0.113 seconds
[2025-04-08T05:55:36.521+0000] {processor.py:161} INFO - Started process (PID=239) to work on /home/airflow/.local/lib/python3.8/site-packages/airflow/example_dags/example_sla_dag.py
[2025-04-08T05:55:36.522+0000] {processor.py:830} INFO - Processing file /home/airflow/.local/lib/python3.8/site-packages/airflow/example_dags/example_sla_dag.py for tasks to queue
[2025-04-08T05:55:36.524+0000] {logging_mixin.py:188} INFO - [2025-04-08T05:55:36.523+0000] {dagbag.py:538} INFO - Filling up the DagBag from /home/airflow/.local/lib/python3.8/site-packages/airflow/example_dags/example_sla_dag.py
[2025-04-08T05:55:36.531+0000] {processor.py:840} INFO - DAG(s) 'example_sla_dag' retrieved from /home/airflow/.local/lib/python3.8/site-packages/airflow/example_dags/example_sla_dag.py
[2025-04-08T05:55:36.550+0000] {logging_mixin.py:188} INFO - [2025-04-08T05:55:36.550+0000] {dag.py:3036} INFO - Sync 1 DAGs
[2025-04-08T05:55:36.577+0000] {logging_mixin.py:188} INFO - [2025-04-08T05:55:36.577+0000] {dag.py:3823} INFO - Setting next_dagrun for example_sla_dag to 2025-04-08 05:52:00+00:00, run_after=2025-04-08 05:54:00+00:00
[2025-04-08T05:55:36.657+0000] {processor.py:183} INFO - Processing /home/airflow/.local/lib/python3.8/site-packages/airflow/example_dags/example_sla_dag.py took 0.139 seconds
[2025-04-08T05:56:07.065+0000] {processor.py:161} INFO - Started process (PID=294) to work on /home/airflow/.local/lib/python3.8/site-packages/airflow/example_dags/example_sla_dag.py
[2025-04-08T05:56:07.066+0000] {processor.py:830} INFO - Processing file /home/airflow/.local/lib/python3.8/site-packages/airflow/example_dags/example_sla_dag.py for tasks to queue
[2025-04-08T05:56:07.068+0000] {logging_mixin.py:188} INFO - [2025-04-08T05:56:07.068+0000] {dagbag.py:538} INFO - Filling up the DagBag from /home/airflow/.local/lib/python3.8/site-packages/airflow/example_dags/example_sla_dag.py
[2025-04-08T05:56:07.076+0000] {processor.py:840} INFO - DAG(s) 'example_sla_dag' retrieved from /home/airflow/.local/lib/python3.8/site-packages/airflow/example_dags/example_sla_dag.py
[2025-04-08T05:56:07.095+0000] {logging_mixin.py:188} INFO - [2025-04-08T05:56:07.095+0000] {dag.py:3036} INFO - Sync 1 DAGs
[2025-04-08T05:56:07.119+0000] {logging_mixin.py:188} INFO - [2025-04-08T05:56:07.119+0000] {dag.py:3823} INFO - Setting next_dagrun for example_sla_dag to 2025-04-08 05:54:00+00:00, run_after=2025-04-08 05:56:00+00:00
[2025-04-08T05:56:07.171+0000] {processor.py:183} INFO - Processing /home/airflow/.local/lib/python3.8/site-packages/airflow/example_dags/example_sla_dag.py took 0.109 seconds
[2025-04-08T05:56:41.846+0000] {processor.py:161} INFO - Started process (PID=349) to work on /home/airflow/.local/lib/python3.8/site-packages/airflow/example_dags/example_sla_dag.py
[2025-04-08T05:56:41.848+0000] {processor.py:830} INFO - Processing file /home/airflow/.local/lib/python3.8/site-packages/airflow/example_dags/example_sla_dag.py for tasks to queue
[2025-04-08T05:56:41.850+0000] {logging_mixin.py:188} INFO - [2025-04-08T05:56:41.850+0000] {dagbag.py:538} INFO - Filling up the DagBag from /home/airflow/.local/lib/python3.8/site-packages/airflow/example_dags/example_sla_dag.py
[2025-04-08T05:56:41.861+0000] {processor.py:840} INFO - DAG(s) 'example_sla_dag' retrieved from /home/airflow/.local/lib/python3.8/site-packages/airflow/example_dags/example_sla_dag.py
[2025-04-08T05:56:41.886+0000] {logging_mixin.py:188} INFO - [2025-04-08T05:56:41.885+0000] {dag.py:3036} INFO - Sync 1 DAGs
[2025-04-08T05:56:41.917+0000] {logging_mixin.py:188} INFO - [2025-04-08T05:56:41.917+0000] {dag.py:3823} INFO - Setting next_dagrun for example_sla_dag to 2025-04-08 05:54:00+00:00, run_after=2025-04-08 05:56:00+00:00
[2025-04-08T05:56:41.997+0000] {processor.py:183} INFO - Processing /home/airflow/.local/lib/python3.8/site-packages/airflow/example_dags/example_sla_dag.py took 0.155 seconds
[2025-04-08T05:57:12.032+0000] {processor.py:161} INFO - Started process (PID=403) to work on /home/airflow/.local/lib/python3.8/site-packages/airflow/example_dags/example_sla_dag.py
[2025-04-08T05:57:12.033+0000] {processor.py:830} INFO - Processing file /home/airflow/.local/lib/python3.8/site-packages/airflow/example_dags/example_sla_dag.py for tasks to queue
[2025-04-08T05:57:12.035+0000] {logging_mixin.py:188} INFO - [2025-04-08T05:57:12.034+0000] {dagbag.py:538} INFO - Filling up the DagBag from /home/airflow/.local/lib/python3.8/site-packages/airflow/example_dags/example_sla_dag.py
[2025-04-08T05:57:12.043+0000] {processor.py:840} INFO - DAG(s) 'example_sla_dag' retrieved from /home/airflow/.local/lib/python3.8/site-packages/airflow/example_dags/example_sla_dag.py
[2025-04-08T05:57:12.064+0000] {logging_mixin.py:188} INFO - [2025-04-08T05:57:12.064+0000] {dag.py:3036} INFO - Sync 1 DAGs
[2025-04-08T05:57:12.090+0000] {logging_mixin.py:188} INFO - [2025-04-08T05:57:12.090+0000] {dag.py:3823} INFO - Setting next_dagrun for example_sla_dag to 2025-04-08 05:54:00+00:00, run_after=2025-04-08 05:56:00+00:00
[2025-04-08T05:57:12.144+0000] {processor.py:183} INFO - Processing /home/airflow/.local/lib/python3.8/site-packages/airflow/example_dags/example_sla_dag.py took 0.115 seconds
[2025-04-08T05:57:42.334+0000] {processor.py:161} INFO - Started process (PID=459) to work on /home/airflow/.local/lib/python3.8/site-packages/airflow/example_dags/example_sla_dag.py
[2025-04-08T05:57:42.336+0000] {processor.py:830} INFO - Processing file /home/airflow/.local/lib/python3.8/site-packages/airflow/example_dags/example_sla_dag.py for tasks to queue
[2025-04-08T05:57:42.338+0000] {logging_mixin.py:188} INFO - [2025-04-08T05:57:42.337+0000] {dagbag.py:538} INFO - Filling up the DagBag from /home/airflow/.local/lib/python3.8/site-packages/airflow/example_dags/example_sla_dag.py
[2025-04-08T05:57:42.346+0000] {processor.py:840} INFO - DAG(s) 'example_sla_dag' retrieved from /home/airflow/.local/lib/python3.8/site-packages/airflow/example_dags/example_sla_dag.py
[2025-04-08T05:57:42.366+0000] {logging_mixin.py:188} INFO - [2025-04-08T05:57:42.366+0000] {dag.py:3036} INFO - Sync 1 DAGs
[2025-04-08T05:57:42.397+0000] {logging_mixin.py:188} INFO - [2025-04-08T05:57:42.396+0000] {dag.py:3823} INFO - Setting next_dagrun for example_sla_dag to 2025-04-08 05:54:00+00:00, run_after=2025-04-08 05:56:00+00:00
[2025-04-08T05:57:42.466+0000] {processor.py:183} INFO - Processing /home/airflow/.local/lib/python3.8/site-packages/airflow/example_dags/example_sla_dag.py took 0.134 seconds
[2025-04-08T05:58:13.010+0000] {processor.py:161} INFO - Started process (PID=514) to work on /home/airflow/.local/lib/python3.8/site-packages/airflow/example_dags/example_sla_dag.py
[2025-04-08T05:58:13.011+0000] {processor.py:830} INFO - Processing file /home/airflow/.local/lib/python3.8/site-packages/airflow/example_dags/example_sla_dag.py for tasks to queue
[2025-04-08T05:58:13.013+0000] {logging_mixin.py:188} INFO - [2025-04-08T05:58:13.013+0000] {dagbag.py:538} INFO - Filling up the DagBag from /home/airflow/.local/lib/python3.8/site-packages/airflow/example_dags/example_sla_dag.py
[2025-04-08T05:58:13.021+0000] {processor.py:840} INFO - DAG(s) 'example_sla_dag' retrieved from /home/airflow/.local/lib/python3.8/site-packages/airflow/example_dags/example_sla_dag.py
[2025-04-08T05:58:13.040+0000] {logging_mixin.py:188} INFO - [2025-04-08T05:58:13.040+0000] {dag.py:3036} INFO - Sync 1 DAGs
[2025-04-08T05:58:13.064+0000] {logging_mixin.py:188} INFO - [2025-04-08T05:58:13.064+0000] {dag.py:3823} INFO - Setting next_dagrun for example_sla_dag to 2025-04-08 05:56:00+00:00, run_after=2025-04-08 05:58:00+00:00
[2025-04-08T05:58:13.124+0000] {processor.py:183} INFO - Processing /home/airflow/.local/lib/python3.8/site-packages/airflow/example_dags/example_sla_dag.py took 0.117 seconds
[2025-04-08T05:58:44.187+0000] {processor.py:161} INFO - Started process (PID=569) to work on /home/airflow/.local/lib/python3.8/site-packages/airflow/example_dags/example_sla_dag.py
[2025-04-08T05:58:44.189+0000] {processor.py:830} INFO - Processing file /home/airflow/.local/lib/python3.8/site-packages/airflow/example_dags/example_sla_dag.py for tasks to queue
[2025-04-08T05:58:44.191+0000] {logging_mixin.py:188} INFO - [2025-04-08T05:58:44.191+0000] {dagbag.py:538} INFO - Filling up the DagBag from /home/airflow/.local/lib/python3.8/site-packages/airflow/example_dags/example_sla_dag.py
[2025-04-08T05:58:44.200+0000] {processor.py:840} INFO - DAG(s) 'example_sla_dag' retrieved from /home/airflow/.local/lib/python3.8/site-packages/airflow/example_dags/example_sla_dag.py
[2025-04-08T05:58:44.229+0000] {logging_mixin.py:188} INFO - [2025-04-08T05:58:44.228+0000] {dag.py:3036} INFO - Sync 1 DAGs
[2025-04-08T05:58:44.261+0000] {logging_mixin.py:188} INFO - [2025-04-08T05:58:44.260+0000] {dag.py:3823} INFO - Setting next_dagrun for example_sla_dag to 2025-04-08 05:56:00+00:00, run_after=2025-04-08 05:58:00+00:00
[2025-04-08T05:58:44.322+0000] {processor.py:183} INFO - Processing /home/airflow/.local/lib/python3.8/site-packages/airflow/example_dags/example_sla_dag.py took 0.138 seconds
