[2025-04-08T05:44:53.941+0000] {processor.py:161} INFO - Started process (PID=88) to work on /home/airflow/.local/lib/python3.8/site-packages/airflow/example_dags/example_python_decorator.py
[2025-04-08T05:44:53.943+0000] {processor.py:830} INFO - Processing file /home/airflow/.local/lib/python3.8/site-packages/airflow/example_dags/example_python_decorator.py for tasks to queue
[2025-04-08T05:44:53.944+0000] {logging_mixin.py:188} INFO - [2025-04-08T05:44:53.944+0000] {dagbag.py:538} INFO - Filling up the DagBag from /home/airflow/.local/lib/python3.8/site-packages/airflow/example_dags/example_python_decorator.py
[2025-04-08T05:44:53.959+0000] {processor.py:840} INFO - DAG(s) 'example_python_decorator' retrieved from /home/airflow/.local/lib/python3.8/site-packages/airflow/example_dags/example_python_decorator.py
[2025-04-08T05:44:54.070+0000] {logging_mixin.py:188} INFO - [2025-04-08T05:44:54.070+0000] {dag.py:3036} INFO - Sync 1 DAGs
[2025-04-08T05:44:54.081+0000] {logging_mixin.py:188} INFO - [2025-04-08T05:44:54.081+0000] {dag.py:3823} INFO - Setting next_dagrun for example_python_decorator to None, run_after=None
[2025-04-08T05:44:54.160+0000] {processor.py:183} INFO - Processing /home/airflow/.local/lib/python3.8/site-packages/airflow/example_dags/example_python_decorator.py took 0.222 seconds
[2025-04-08T05:45:25.733+0000] {processor.py:161} INFO - Started process (PID=137) to work on /home/airflow/.local/lib/python3.8/site-packages/airflow/example_dags/example_python_decorator.py
[2025-04-08T05:45:25.734+0000] {processor.py:830} INFO - Processing file /home/airflow/.local/lib/python3.8/site-packages/airflow/example_dags/example_python_decorator.py for tasks to queue
[2025-04-08T05:45:25.736+0000] {logging_mixin.py:188} INFO - [2025-04-08T05:45:25.736+0000] {dagbag.py:538} INFO - Filling up the DagBag from /home/airflow/.local/lib/python3.8/site-packages/airflow/example_dags/example_python_decorator.py
[2025-04-08T05:45:25.750+0000] {processor.py:840} INFO - DAG(s) 'example_python_decorator' retrieved from /home/airflow/.local/lib/python3.8/site-packages/airflow/example_dags/example_python_decorator.py
[2025-04-08T05:45:25.776+0000] {logging_mixin.py:188} INFO - [2025-04-08T05:45:25.776+0000] {dag.py:3036} INFO - Sync 1 DAGs
[2025-04-08T05:45:25.790+0000] {logging_mixin.py:188} INFO - [2025-04-08T05:45:25.790+0000] {dag.py:3823} INFO - Setting next_dagrun for example_python_decorator to None, run_after=None
[2025-04-08T05:45:25.845+0000] {processor.py:183} INFO - Processing /home/airflow/.local/lib/python3.8/site-packages/airflow/example_dags/example_python_decorator.py took 0.116 seconds
[2025-04-08T05:45:59.043+0000] {processor.py:161} INFO - Started process (PID=192) to work on /home/airflow/.local/lib/python3.8/site-packages/airflow/example_dags/example_python_decorator.py
[2025-04-08T05:45:59.044+0000] {processor.py:830} INFO - Processing file /home/airflow/.local/lib/python3.8/site-packages/airflow/example_dags/example_python_decorator.py for tasks to queue
[2025-04-08T05:45:59.046+0000] {logging_mixin.py:188} INFO - [2025-04-08T05:45:59.046+0000] {dagbag.py:538} INFO - Filling up the DagBag from /home/airflow/.local/lib/python3.8/site-packages/airflow/example_dags/example_python_decorator.py
[2025-04-08T05:45:59.061+0000] {processor.py:840} INFO - DAG(s) 'example_python_decorator' retrieved from /home/airflow/.local/lib/python3.8/site-packages/airflow/example_dags/example_python_decorator.py
[2025-04-08T05:45:59.087+0000] {logging_mixin.py:188} INFO - [2025-04-08T05:45:59.087+0000] {dag.py:3036} INFO - Sync 1 DAGs
[2025-04-08T05:45:59.103+0000] {logging_mixin.py:188} INFO - [2025-04-08T05:45:59.103+0000] {dag.py:3823} INFO - Setting next_dagrun for example_python_decorator to None, run_after=None
[2025-04-08T05:45:59.163+0000] {processor.py:183} INFO - Processing /home/airflow/.local/lib/python3.8/site-packages/airflow/example_dags/example_python_decorator.py took 0.124 seconds
[2025-04-08T05:46:29.306+0000] {processor.py:161} INFO - Started process (PID=246) to work on /home/airflow/.local/lib/python3.8/site-packages/airflow/example_dags/example_python_decorator.py
[2025-04-08T05:46:29.307+0000] {processor.py:830} INFO - Processing file /home/airflow/.local/lib/python3.8/site-packages/airflow/example_dags/example_python_decorator.py for tasks to queue
[2025-04-08T05:46:29.310+0000] {logging_mixin.py:188} INFO - [2025-04-08T05:46:29.310+0000] {dagbag.py:538} INFO - Filling up the DagBag from /home/airflow/.local/lib/python3.8/site-packages/airflow/example_dags/example_python_decorator.py
[2025-04-08T05:46:29.330+0000] {processor.py:840} INFO - DAG(s) 'example_python_decorator' retrieved from /home/airflow/.local/lib/python3.8/site-packages/airflow/example_dags/example_python_decorator.py
[2025-04-08T05:46:29.353+0000] {logging_mixin.py:188} INFO - [2025-04-08T05:46:29.353+0000] {dag.py:3036} INFO - Sync 1 DAGs
[2025-04-08T05:46:29.368+0000] {logging_mixin.py:188} INFO - [2025-04-08T05:46:29.368+0000] {dag.py:3823} INFO - Setting next_dagrun for example_python_decorator to None, run_after=None
[2025-04-08T05:46:29.421+0000] {processor.py:183} INFO - Processing /home/airflow/.local/lib/python3.8/site-packages/airflow/example_dags/example_python_decorator.py took 0.119 seconds
[2025-04-08T05:46:59.805+0000] {processor.py:161} INFO - Started process (PID=302) to work on /home/airflow/.local/lib/python3.8/site-packages/airflow/example_dags/example_python_decorator.py
[2025-04-08T05:46:59.807+0000] {processor.py:830} INFO - Processing file /home/airflow/.local/lib/python3.8/site-packages/airflow/example_dags/example_python_decorator.py for tasks to queue
[2025-04-08T05:46:59.809+0000] {logging_mixin.py:188} INFO - [2025-04-08T05:46:59.808+0000] {dagbag.py:538} INFO - Filling up the DagBag from /home/airflow/.local/lib/python3.8/site-packages/airflow/example_dags/example_python_decorator.py
[2025-04-08T05:46:59.823+0000] {processor.py:840} INFO - DAG(s) 'example_python_decorator' retrieved from /home/airflow/.local/lib/python3.8/site-packages/airflow/example_dags/example_python_decorator.py
[2025-04-08T05:46:59.849+0000] {logging_mixin.py:188} INFO - [2025-04-08T05:46:59.848+0000] {dag.py:3036} INFO - Sync 1 DAGs
[2025-04-08T05:46:59.863+0000] {logging_mixin.py:188} INFO - [2025-04-08T05:46:59.862+0000] {dag.py:3823} INFO - Setting next_dagrun for example_python_decorator to None, run_after=None
[2025-04-08T05:46:59.950+0000] {processor.py:183} INFO - Processing /home/airflow/.local/lib/python3.8/site-packages/airflow/example_dags/example_python_decorator.py took 0.148 seconds
[2025-04-08T05:47:30.042+0000] {processor.py:161} INFO - Started process (PID=357) to work on /home/airflow/.local/lib/python3.8/site-packages/airflow/example_dags/example_python_decorator.py
[2025-04-08T05:47:30.043+0000] {processor.py:830} INFO - Processing file /home/airflow/.local/lib/python3.8/site-packages/airflow/example_dags/example_python_decorator.py for tasks to queue
[2025-04-08T05:47:30.045+0000] {logging_mixin.py:188} INFO - [2025-04-08T05:47:30.044+0000] {dagbag.py:538} INFO - Filling up the DagBag from /home/airflow/.local/lib/python3.8/site-packages/airflow/example_dags/example_python_decorator.py
[2025-04-08T05:47:30.057+0000] {processor.py:840} INFO - DAG(s) 'example_python_decorator' retrieved from /home/airflow/.local/lib/python3.8/site-packages/airflow/example_dags/example_python_decorator.py
[2025-04-08T05:47:30.079+0000] {logging_mixin.py:188} INFO - [2025-04-08T05:47:30.079+0000] {dag.py:3036} INFO - Sync 1 DAGs
[2025-04-08T05:47:30.091+0000] {logging_mixin.py:188} INFO - [2025-04-08T05:47:30.091+0000] {dag.py:3823} INFO - Setting next_dagrun for example_python_decorator to None, run_after=None
[2025-04-08T05:47:30.176+0000] {processor.py:183} INFO - Processing /home/airflow/.local/lib/python3.8/site-packages/airflow/example_dags/example_python_decorator.py took 0.136 seconds
[2025-04-08T05:48:00.479+0000] {processor.py:161} INFO - Started process (PID=412) to work on /home/airflow/.local/lib/python3.8/site-packages/airflow/example_dags/example_python_decorator.py
[2025-04-08T05:48:00.481+0000] {processor.py:830} INFO - Processing file /home/airflow/.local/lib/python3.8/site-packages/airflow/example_dags/example_python_decorator.py for tasks to queue
[2025-04-08T05:48:00.483+0000] {logging_mixin.py:188} INFO - [2025-04-08T05:48:00.482+0000] {dagbag.py:538} INFO - Filling up the DagBag from /home/airflow/.local/lib/python3.8/site-packages/airflow/example_dags/example_python_decorator.py
[2025-04-08T05:48:00.498+0000] {processor.py:840} INFO - DAG(s) 'example_python_decorator' retrieved from /home/airflow/.local/lib/python3.8/site-packages/airflow/example_dags/example_python_decorator.py
[2025-04-08T05:48:00.520+0000] {logging_mixin.py:188} INFO - [2025-04-08T05:48:00.520+0000] {dag.py:3036} INFO - Sync 1 DAGs
[2025-04-08T05:48:00.534+0000] {logging_mixin.py:188} INFO - [2025-04-08T05:48:00.533+0000] {dag.py:3823} INFO - Setting next_dagrun for example_python_decorator to None, run_after=None
[2025-04-08T05:48:00.588+0000] {processor.py:183} INFO - Processing /home/airflow/.local/lib/python3.8/site-packages/airflow/example_dags/example_python_decorator.py took 0.112 seconds
[2025-04-08T05:48:31.215+0000] {processor.py:161} INFO - Started process (PID=467) to work on /home/airflow/.local/lib/python3.8/site-packages/airflow/example_dags/example_python_decorator.py
[2025-04-08T05:48:31.217+0000] {processor.py:830} INFO - Processing file /home/airflow/.local/lib/python3.8/site-packages/airflow/example_dags/example_python_decorator.py for tasks to queue
[2025-04-08T05:48:31.219+0000] {logging_mixin.py:188} INFO - [2025-04-08T05:48:31.219+0000] {dagbag.py:538} INFO - Filling up the DagBag from /home/airflow/.local/lib/python3.8/site-packages/airflow/example_dags/example_python_decorator.py
[2025-04-08T05:48:31.235+0000] {processor.py:840} INFO - DAG(s) 'example_python_decorator' retrieved from /home/airflow/.local/lib/python3.8/site-packages/airflow/example_dags/example_python_decorator.py
[2025-04-08T05:48:31.261+0000] {logging_mixin.py:188} INFO - [2025-04-08T05:48:31.261+0000] {dag.py:3036} INFO - Sync 1 DAGs
[2025-04-08T05:48:31.277+0000] {logging_mixin.py:188} INFO - [2025-04-08T05:48:31.277+0000] {dag.py:3823} INFO - Setting next_dagrun for example_python_decorator to None, run_after=None
[2025-04-08T05:48:31.376+0000] {processor.py:183} INFO - Processing /home/airflow/.local/lib/python3.8/site-packages/airflow/example_dags/example_python_decorator.py took 0.164 seconds
[2025-04-08T05:49:02.069+0000] {processor.py:161} INFO - Started process (PID=522) to work on /home/airflow/.local/lib/python3.8/site-packages/airflow/example_dags/example_python_decorator.py
[2025-04-08T05:49:02.070+0000] {processor.py:830} INFO - Processing file /home/airflow/.local/lib/python3.8/site-packages/airflow/example_dags/example_python_decorator.py for tasks to queue
[2025-04-08T05:49:02.072+0000] {logging_mixin.py:188} INFO - [2025-04-08T05:49:02.072+0000] {dagbag.py:538} INFO - Filling up the DagBag from /home/airflow/.local/lib/python3.8/site-packages/airflow/example_dags/example_python_decorator.py
[2025-04-08T05:49:02.089+0000] {processor.py:840} INFO - DAG(s) 'example_python_decorator' retrieved from /home/airflow/.local/lib/python3.8/site-packages/airflow/example_dags/example_python_decorator.py
[2025-04-08T05:49:02.116+0000] {logging_mixin.py:188} INFO - [2025-04-08T05:49:02.116+0000] {dag.py:3036} INFO - Sync 1 DAGs
[2025-04-08T05:49:02.130+0000] {logging_mixin.py:188} INFO - [2025-04-08T05:49:02.130+0000] {dag.py:3823} INFO - Setting next_dagrun for example_python_decorator to None, run_after=None
[2025-04-08T05:49:02.190+0000] {processor.py:183} INFO - Processing /home/airflow/.local/lib/python3.8/site-packages/airflow/example_dags/example_python_decorator.py took 0.124 seconds
[2025-04-08T05:49:32.895+0000] {processor.py:161} INFO - Started process (PID=577) to work on /home/airflow/.local/lib/python3.8/site-packages/airflow/example_dags/example_python_decorator.py
[2025-04-08T05:49:32.897+0000] {processor.py:830} INFO - Processing file /home/airflow/.local/lib/python3.8/site-packages/airflow/example_dags/example_python_decorator.py for tasks to queue
[2025-04-08T05:49:32.899+0000] {logging_mixin.py:188} INFO - [2025-04-08T05:49:32.898+0000] {dagbag.py:538} INFO - Filling up the DagBag from /home/airflow/.local/lib/python3.8/site-packages/airflow/example_dags/example_python_decorator.py
[2025-04-08T05:49:32.914+0000] {processor.py:840} INFO - DAG(s) 'example_python_decorator' retrieved from /home/airflow/.local/lib/python3.8/site-packages/airflow/example_dags/example_python_decorator.py
[2025-04-08T05:49:32.947+0000] {logging_mixin.py:188} INFO - [2025-04-08T05:49:32.946+0000] {dag.py:3036} INFO - Sync 1 DAGs
[2025-04-08T05:49:32.961+0000] {logging_mixin.py:188} INFO - [2025-04-08T05:49:32.960+0000] {dag.py:3823} INFO - Setting next_dagrun for example_python_decorator to None, run_after=None
[2025-04-08T05:49:33.016+0000] {processor.py:183} INFO - Processing /home/airflow/.local/lib/python3.8/site-packages/airflow/example_dags/example_python_decorator.py took 0.123 seconds
[2025-04-08T05:50:06.940+0000] {processor.py:161} INFO - Started process (PID=632) to work on /home/airflow/.local/lib/python3.8/site-packages/airflow/example_dags/example_python_decorator.py
[2025-04-08T05:50:06.941+0000] {processor.py:830} INFO - Processing file /home/airflow/.local/lib/python3.8/site-packages/airflow/example_dags/example_python_decorator.py for tasks to queue
[2025-04-08T05:50:06.943+0000] {logging_mixin.py:188} INFO - [2025-04-08T05:50:06.942+0000] {dagbag.py:538} INFO - Filling up the DagBag from /home/airflow/.local/lib/python3.8/site-packages/airflow/example_dags/example_python_decorator.py
[2025-04-08T05:50:06.954+0000] {processor.py:840} INFO - DAG(s) 'example_python_decorator' retrieved from /home/airflow/.local/lib/python3.8/site-packages/airflow/example_dags/example_python_decorator.py
[2025-04-08T05:50:06.980+0000] {logging_mixin.py:188} INFO - [2025-04-08T05:50:06.979+0000] {dag.py:3036} INFO - Sync 1 DAGs
[2025-04-08T05:50:06.993+0000] {logging_mixin.py:188} INFO - [2025-04-08T05:50:06.993+0000] {dag.py:3823} INFO - Setting next_dagrun for example_python_decorator to None, run_after=None
[2025-04-08T05:50:07.087+0000] {processor.py:183} INFO - Processing /home/airflow/.local/lib/python3.8/site-packages/airflow/example_dags/example_python_decorator.py took 0.150 seconds
[2025-04-08T05:50:37.887+0000] {processor.py:161} INFO - Started process (PID=687) to work on /home/airflow/.local/lib/python3.8/site-packages/airflow/example_dags/example_python_decorator.py
[2025-04-08T05:50:37.888+0000] {processor.py:830} INFO - Processing file /home/airflow/.local/lib/python3.8/site-packages/airflow/example_dags/example_python_decorator.py for tasks to queue
[2025-04-08T05:50:37.890+0000] {logging_mixin.py:188} INFO - [2025-04-08T05:50:37.890+0000] {dagbag.py:538} INFO - Filling up the DagBag from /home/airflow/.local/lib/python3.8/site-packages/airflow/example_dags/example_python_decorator.py
[2025-04-08T05:50:37.912+0000] {processor.py:840} INFO - DAG(s) 'example_python_decorator' retrieved from /home/airflow/.local/lib/python3.8/site-packages/airflow/example_dags/example_python_decorator.py
[2025-04-08T05:50:37.935+0000] {logging_mixin.py:188} INFO - [2025-04-08T05:50:37.934+0000] {dag.py:3036} INFO - Sync 1 DAGs
[2025-04-08T05:50:37.948+0000] {logging_mixin.py:188} INFO - [2025-04-08T05:50:37.948+0000] {dag.py:3823} INFO - Setting next_dagrun for example_python_decorator to None, run_after=None
[2025-04-08T05:50:38.028+0000] {processor.py:183} INFO - Processing /home/airflow/.local/lib/python3.8/site-packages/airflow/example_dags/example_python_decorator.py took 0.144 seconds
[2025-04-08T05:54:04.730+0000] {processor.py:161} INFO - Started process (PID=77) to work on /home/airflow/.local/lib/python3.8/site-packages/airflow/example_dags/example_python_decorator.py
[2025-04-08T05:54:04.731+0000] {processor.py:830} INFO - Processing file /home/airflow/.local/lib/python3.8/site-packages/airflow/example_dags/example_python_decorator.py for tasks to queue
[2025-04-08T05:54:04.732+0000] {logging_mixin.py:188} INFO - [2025-04-08T05:54:04.732+0000] {dagbag.py:538} INFO - Filling up the DagBag from /home/airflow/.local/lib/python3.8/site-packages/airflow/example_dags/example_python_decorator.py
[2025-04-08T05:54:04.745+0000] {processor.py:840} INFO - DAG(s) 'example_python_decorator' retrieved from /home/airflow/.local/lib/python3.8/site-packages/airflow/example_dags/example_python_decorator.py
[2025-04-08T05:54:04.866+0000] {logging_mixin.py:188} INFO - [2025-04-08T05:54:04.866+0000] {dag.py:3036} INFO - Sync 1 DAGs
[2025-04-08T05:54:04.877+0000] {logging_mixin.py:188} INFO - [2025-04-08T05:54:04.877+0000] {dag.py:3823} INFO - Setting next_dagrun for example_python_decorator to None, run_after=None
[2025-04-08T05:54:04.933+0000] {processor.py:183} INFO - Processing /home/airflow/.local/lib/python3.8/site-packages/airflow/example_dags/example_python_decorator.py took 0.206 seconds
[2025-04-08T05:54:35.743+0000] {processor.py:161} INFO - Started process (PID=133) to work on /home/airflow/.local/lib/python3.8/site-packages/airflow/example_dags/example_python_decorator.py
[2025-04-08T05:54:35.744+0000] {processor.py:830} INFO - Processing file /home/airflow/.local/lib/python3.8/site-packages/airflow/example_dags/example_python_decorator.py for tasks to queue
[2025-04-08T05:54:35.746+0000] {logging_mixin.py:188} INFO - [2025-04-08T05:54:35.746+0000] {dagbag.py:538} INFO - Filling up the DagBag from /home/airflow/.local/lib/python3.8/site-packages/airflow/example_dags/example_python_decorator.py
[2025-04-08T05:54:35.758+0000] {processor.py:840} INFO - DAG(s) 'example_python_decorator' retrieved from /home/airflow/.local/lib/python3.8/site-packages/airflow/example_dags/example_python_decorator.py
[2025-04-08T05:54:35.780+0000] {logging_mixin.py:188} INFO - [2025-04-08T05:54:35.780+0000] {dag.py:3036} INFO - Sync 1 DAGs
[2025-04-08T05:54:35.793+0000] {logging_mixin.py:188} INFO - [2025-04-08T05:54:35.793+0000] {dag.py:3823} INFO - Setting next_dagrun for example_python_decorator to None, run_after=None
[2025-04-08T05:54:35.879+0000] {processor.py:183} INFO - Processing /home/airflow/.local/lib/python3.8/site-packages/airflow/example_dags/example_python_decorator.py took 0.139 seconds
[2025-04-08T05:55:06.070+0000] {processor.py:161} INFO - Started process (PID=182) to work on /home/airflow/.local/lib/python3.8/site-packages/airflow/example_dags/example_python_decorator.py
[2025-04-08T05:55:06.071+0000] {processor.py:830} INFO - Processing file /home/airflow/.local/lib/python3.8/site-packages/airflow/example_dags/example_python_decorator.py for tasks to queue
[2025-04-08T05:55:06.073+0000] {logging_mixin.py:188} INFO - [2025-04-08T05:55:06.072+0000] {dagbag.py:538} INFO - Filling up the DagBag from /home/airflow/.local/lib/python3.8/site-packages/airflow/example_dags/example_python_decorator.py
[2025-04-08T05:55:06.087+0000] {processor.py:840} INFO - DAG(s) 'example_python_decorator' retrieved from /home/airflow/.local/lib/python3.8/site-packages/airflow/example_dags/example_python_decorator.py
[2025-04-08T05:55:06.109+0000] {logging_mixin.py:188} INFO - [2025-04-08T05:55:06.109+0000] {dag.py:3036} INFO - Sync 1 DAGs
[2025-04-08T05:55:06.121+0000] {logging_mixin.py:188} INFO - [2025-04-08T05:55:06.120+0000] {dag.py:3823} INFO - Setting next_dagrun for example_python_decorator to None, run_after=None
[2025-04-08T05:55:06.178+0000] {processor.py:183} INFO - Processing /home/airflow/.local/lib/python3.8/site-packages/airflow/example_dags/example_python_decorator.py took 0.111 seconds
[2025-04-08T05:55:36.393+0000] {processor.py:161} INFO - Started process (PID=237) to work on /home/airflow/.local/lib/python3.8/site-packages/airflow/example_dags/example_python_decorator.py
[2025-04-08T05:55:36.394+0000] {processor.py:830} INFO - Processing file /home/airflow/.local/lib/python3.8/site-packages/airflow/example_dags/example_python_decorator.py for tasks to queue
[2025-04-08T05:55:36.396+0000] {logging_mixin.py:188} INFO - [2025-04-08T05:55:36.396+0000] {dagbag.py:538} INFO - Filling up the DagBag from /home/airflow/.local/lib/python3.8/site-packages/airflow/example_dags/example_python_decorator.py
[2025-04-08T05:55:36.409+0000] {processor.py:840} INFO - DAG(s) 'example_python_decorator' retrieved from /home/airflow/.local/lib/python3.8/site-packages/airflow/example_dags/example_python_decorator.py
[2025-04-08T05:55:36.429+0000] {logging_mixin.py:188} INFO - [2025-04-08T05:55:36.429+0000] {dag.py:3036} INFO - Sync 1 DAGs
[2025-04-08T05:55:36.441+0000] {logging_mixin.py:188} INFO - [2025-04-08T05:55:36.441+0000] {dag.py:3823} INFO - Setting next_dagrun for example_python_decorator to None, run_after=None
[2025-04-08T05:55:36.492+0000] {processor.py:183} INFO - Processing /home/airflow/.local/lib/python3.8/site-packages/airflow/example_dags/example_python_decorator.py took 0.102 seconds
[2025-04-08T05:56:06.930+0000] {processor.py:161} INFO - Started process (PID=292) to work on /home/airflow/.local/lib/python3.8/site-packages/airflow/example_dags/example_python_decorator.py
[2025-04-08T05:56:06.931+0000] {processor.py:830} INFO - Processing file /home/airflow/.local/lib/python3.8/site-packages/airflow/example_dags/example_python_decorator.py for tasks to queue
[2025-04-08T05:56:06.932+0000] {logging_mixin.py:188} INFO - [2025-04-08T05:56:06.932+0000] {dagbag.py:538} INFO - Filling up the DagBag from /home/airflow/.local/lib/python3.8/site-packages/airflow/example_dags/example_python_decorator.py
[2025-04-08T05:56:06.943+0000] {processor.py:840} INFO - DAG(s) 'example_python_decorator' retrieved from /home/airflow/.local/lib/python3.8/site-packages/airflow/example_dags/example_python_decorator.py
[2025-04-08T05:56:06.966+0000] {logging_mixin.py:188} INFO - [2025-04-08T05:56:06.966+0000] {dag.py:3036} INFO - Sync 1 DAGs
[2025-04-08T05:56:06.980+0000] {logging_mixin.py:188} INFO - [2025-04-08T05:56:06.980+0000] {dag.py:3823} INFO - Setting next_dagrun for example_python_decorator to None, run_after=None
[2025-04-08T05:56:07.037+0000] {processor.py:183} INFO - Processing /home/airflow/.local/lib/python3.8/site-packages/airflow/example_dags/example_python_decorator.py took 0.109 seconds
[2025-04-08T05:56:41.665+0000] {processor.py:161} INFO - Started process (PID=347) to work on /home/airflow/.local/lib/python3.8/site-packages/airflow/example_dags/example_python_decorator.py
[2025-04-08T05:56:41.667+0000] {processor.py:830} INFO - Processing file /home/airflow/.local/lib/python3.8/site-packages/airflow/example_dags/example_python_decorator.py for tasks to queue
[2025-04-08T05:56:41.669+0000] {logging_mixin.py:188} INFO - [2025-04-08T05:56:41.669+0000] {dagbag.py:538} INFO - Filling up the DagBag from /home/airflow/.local/lib/python3.8/site-packages/airflow/example_dags/example_python_decorator.py
[2025-04-08T05:56:41.685+0000] {processor.py:840} INFO - DAG(s) 'example_python_decorator' retrieved from /home/airflow/.local/lib/python3.8/site-packages/airflow/example_dags/example_python_decorator.py
[2025-04-08T05:56:41.712+0000] {logging_mixin.py:188} INFO - [2025-04-08T05:56:41.712+0000] {dag.py:3036} INFO - Sync 1 DAGs
[2025-04-08T05:56:41.727+0000] {logging_mixin.py:188} INFO - [2025-04-08T05:56:41.726+0000] {dag.py:3823} INFO - Setting next_dagrun for example_python_decorator to None, run_after=None
[2025-04-08T05:56:41.801+0000] {processor.py:183} INFO - Processing /home/airflow/.local/lib/python3.8/site-packages/airflow/example_dags/example_python_decorator.py took 0.138 seconds
[2025-04-08T05:57:11.880+0000] {processor.py:161} INFO - Started process (PID=402) to work on /home/airflow/.local/lib/python3.8/site-packages/airflow/example_dags/example_python_decorator.py
[2025-04-08T05:57:11.882+0000] {processor.py:830} INFO - Processing file /home/airflow/.local/lib/python3.8/site-packages/airflow/example_dags/example_python_decorator.py for tasks to queue
[2025-04-08T05:57:11.884+0000] {logging_mixin.py:188} INFO - [2025-04-08T05:57:11.883+0000] {dagbag.py:538} INFO - Filling up the DagBag from /home/airflow/.local/lib/python3.8/site-packages/airflow/example_dags/example_python_decorator.py
[2025-04-08T05:57:11.896+0000] {processor.py:840} INFO - DAG(s) 'example_python_decorator' retrieved from /home/airflow/.local/lib/python3.8/site-packages/airflow/example_dags/example_python_decorator.py
[2025-04-08T05:57:11.923+0000] {logging_mixin.py:188} INFO - [2025-04-08T05:57:11.923+0000] {dag.py:3036} INFO - Sync 1 DAGs
[2025-04-08T05:57:11.936+0000] {logging_mixin.py:188} INFO - [2025-04-08T05:57:11.936+0000] {dag.py:3823} INFO - Setting next_dagrun for example_python_decorator to None, run_after=None
[2025-04-08T05:57:12.003+0000] {processor.py:183} INFO - Processing /home/airflow/.local/lib/python3.8/site-packages/airflow/example_dags/example_python_decorator.py took 0.126 seconds
[2025-04-08T05:57:42.155+0000] {processor.py:161} INFO - Started process (PID=457) to work on /home/airflow/.local/lib/python3.8/site-packages/airflow/example_dags/example_python_decorator.py
[2025-04-08T05:57:42.156+0000] {processor.py:830} INFO - Processing file /home/airflow/.local/lib/python3.8/site-packages/airflow/example_dags/example_python_decorator.py for tasks to queue
[2025-04-08T05:57:42.158+0000] {logging_mixin.py:188} INFO - [2025-04-08T05:57:42.158+0000] {dagbag.py:538} INFO - Filling up the DagBag from /home/airflow/.local/lib/python3.8/site-packages/airflow/example_dags/example_python_decorator.py
[2025-04-08T05:57:42.175+0000] {processor.py:840} INFO - DAG(s) 'example_python_decorator' retrieved from /home/airflow/.local/lib/python3.8/site-packages/airflow/example_dags/example_python_decorator.py
[2025-04-08T05:57:42.202+0000] {logging_mixin.py:188} INFO - [2025-04-08T05:57:42.202+0000] {dag.py:3036} INFO - Sync 1 DAGs
[2025-04-08T05:57:42.215+0000] {logging_mixin.py:188} INFO - [2025-04-08T05:57:42.215+0000] {dag.py:3823} INFO - Setting next_dagrun for example_python_decorator to None, run_after=None
[2025-04-08T05:57:42.294+0000] {processor.py:183} INFO - Processing /home/airflow/.local/lib/python3.8/site-packages/airflow/example_dags/example_python_decorator.py took 0.143 seconds
[2025-04-08T05:58:12.874+0000] {processor.py:161} INFO - Started process (PID=512) to work on /home/airflow/.local/lib/python3.8/site-packages/airflow/example_dags/example_python_decorator.py
[2025-04-08T05:58:12.875+0000] {processor.py:830} INFO - Processing file /home/airflow/.local/lib/python3.8/site-packages/airflow/example_dags/example_python_decorator.py for tasks to queue
[2025-04-08T05:58:12.877+0000] {logging_mixin.py:188} INFO - [2025-04-08T05:58:12.876+0000] {dagbag.py:538} INFO - Filling up the DagBag from /home/airflow/.local/lib/python3.8/site-packages/airflow/example_dags/example_python_decorator.py
[2025-04-08T05:58:12.889+0000] {processor.py:840} INFO - DAG(s) 'example_python_decorator' retrieved from /home/airflow/.local/lib/python3.8/site-packages/airflow/example_dags/example_python_decorator.py
[2025-04-08T05:58:12.910+0000] {logging_mixin.py:188} INFO - [2025-04-08T05:58:12.910+0000] {dag.py:3036} INFO - Sync 1 DAGs
[2025-04-08T05:58:12.924+0000] {logging_mixin.py:188} INFO - [2025-04-08T05:58:12.924+0000] {dag.py:3823} INFO - Setting next_dagrun for example_python_decorator to None, run_after=None
[2025-04-08T05:58:12.982+0000] {processor.py:183} INFO - Processing /home/airflow/.local/lib/python3.8/site-packages/airflow/example_dags/example_python_decorator.py took 0.111 seconds
[2025-04-08T05:58:44.034+0000] {processor.py:161} INFO - Started process (PID=567) to work on /home/airflow/.local/lib/python3.8/site-packages/airflow/example_dags/example_python_decorator.py
[2025-04-08T05:58:44.035+0000] {processor.py:830} INFO - Processing file /home/airflow/.local/lib/python3.8/site-packages/airflow/example_dags/example_python_decorator.py for tasks to queue
[2025-04-08T05:58:44.037+0000] {logging_mixin.py:188} INFO - [2025-04-08T05:58:44.037+0000] {dagbag.py:538} INFO - Filling up the DagBag from /home/airflow/.local/lib/python3.8/site-packages/airflow/example_dags/example_python_decorator.py
[2025-04-08T05:58:44.050+0000] {processor.py:840} INFO - DAG(s) 'example_python_decorator' retrieved from /home/airflow/.local/lib/python3.8/site-packages/airflow/example_dags/example_python_decorator.py
[2025-04-08T05:58:44.074+0000] {logging_mixin.py:188} INFO - [2025-04-08T05:58:44.074+0000] {dag.py:3036} INFO - Sync 1 DAGs
[2025-04-08T05:58:44.091+0000] {logging_mixin.py:188} INFO - [2025-04-08T05:58:44.090+0000] {dag.py:3823} INFO - Setting next_dagrun for example_python_decorator to None, run_after=None
[2025-04-08T05:58:44.150+0000] {processor.py:183} INFO - Processing /home/airflow/.local/lib/python3.8/site-packages/airflow/example_dags/example_python_decorator.py took 0.119 seconds
