[2025-04-08T05:44:55.977+0000] {processor.py:161} INFO - Started process (PID=102) to work on /home/airflow/.local/lib/python3.8/site-packages/airflow/example_dags/example_params_ui_tutorial.py
[2025-04-08T05:44:55.978+0000] {processor.py:830} INFO - Processing file /home/airflow/.local/lib/python3.8/site-packages/airflow/example_dags/example_params_ui_tutorial.py for tasks to queue
[2025-04-08T05:44:55.981+0000] {logging_mixin.py:188} INFO - [2025-04-08T05:44:55.981+0000] {dagbag.py:538} INFO - Filling up the DagBag from /home/airflow/.local/lib/python3.8/site-packages/airflow/example_dags/example_params_ui_tutorial.py
[2025-04-08T05:44:55.994+0000] {processor.py:840} INFO - DAG(s) 'example_params_ui_tutorial' retrieved from /home/airflow/.local/lib/python3.8/site-packages/airflow/example_dags/example_params_ui_tutorial.py
[2025-04-08T05:44:56.168+0000] {logging_mixin.py:188} INFO - [2025-04-08T05:44:56.167+0000] {dag.py:3036} INFO - Sync 1 DAGs
[2025-04-08T05:44:56.179+0000] {logging_mixin.py:188} INFO - [2025-04-08T05:44:56.179+0000] {dag.py:3823} INFO - Setting next_dagrun for example_params_ui_tutorial to None, run_after=None
[2025-04-08T05:44:56.254+0000] {processor.py:183} INFO - Processing /home/airflow/.local/lib/python3.8/site-packages/airflow/example_dags/example_params_ui_tutorial.py took 0.281 seconds
[2025-04-08T05:45:27.497+0000] {processor.py:161} INFO - Started process (PID=157) to work on /home/airflow/.local/lib/python3.8/site-packages/airflow/example_dags/example_params_ui_tutorial.py
[2025-04-08T05:45:27.498+0000] {processor.py:830} INFO - Processing file /home/airflow/.local/lib/python3.8/site-packages/airflow/example_dags/example_params_ui_tutorial.py for tasks to queue
[2025-04-08T05:45:27.502+0000] {logging_mixin.py:188} INFO - [2025-04-08T05:45:27.501+0000] {dagbag.py:538} INFO - Filling up the DagBag from /home/airflow/.local/lib/python3.8/site-packages/airflow/example_dags/example_params_ui_tutorial.py
[2025-04-08T05:45:27.516+0000] {processor.py:840} INFO - DAG(s) 'example_params_ui_tutorial' retrieved from /home/airflow/.local/lib/python3.8/site-packages/airflow/example_dags/example_params_ui_tutorial.py
[2025-04-08T05:45:27.603+0000] {logging_mixin.py:188} INFO - [2025-04-08T05:45:27.602+0000] {dag.py:3036} INFO - Sync 1 DAGs
[2025-04-08T05:45:27.618+0000] {logging_mixin.py:188} INFO - [2025-04-08T05:45:27.618+0000] {dag.py:3823} INFO - Setting next_dagrun for example_params_ui_tutorial to None, run_after=None
[2025-04-08T05:45:27.698+0000] {processor.py:183} INFO - Processing /home/airflow/.local/lib/python3.8/site-packages/airflow/example_dags/example_params_ui_tutorial.py took 0.205 seconds
[2025-04-08T05:46:00.405+0000] {processor.py:161} INFO - Started process (PID=212) to work on /home/airflow/.local/lib/python3.8/site-packages/airflow/example_dags/example_params_ui_tutorial.py
[2025-04-08T05:46:00.406+0000] {processor.py:830} INFO - Processing file /home/airflow/.local/lib/python3.8/site-packages/airflow/example_dags/example_params_ui_tutorial.py for tasks to queue
[2025-04-08T05:46:00.407+0000] {logging_mixin.py:188} INFO - [2025-04-08T05:46:00.407+0000] {dagbag.py:538} INFO - Filling up the DagBag from /home/airflow/.local/lib/python3.8/site-packages/airflow/example_dags/example_params_ui_tutorial.py
[2025-04-08T05:46:00.418+0000] {processor.py:840} INFO - DAG(s) 'example_params_ui_tutorial' retrieved from /home/airflow/.local/lib/python3.8/site-packages/airflow/example_dags/example_params_ui_tutorial.py
[2025-04-08T05:46:00.475+0000] {logging_mixin.py:188} INFO - [2025-04-08T05:46:00.474+0000] {dag.py:3036} INFO - Sync 1 DAGs
[2025-04-08T05:46:00.488+0000] {logging_mixin.py:188} INFO - [2025-04-08T05:46:00.488+0000] {dag.py:3823} INFO - Setting next_dagrun for example_params_ui_tutorial to None, run_after=None
[2025-04-08T05:46:00.535+0000] {processor.py:183} INFO - Processing /home/airflow/.local/lib/python3.8/site-packages/airflow/example_dags/example_params_ui_tutorial.py took 0.133 seconds
[2025-04-08T05:46:30.781+0000] {processor.py:161} INFO - Started process (PID=267) to work on /home/airflow/.local/lib/python3.8/site-packages/airflow/example_dags/example_params_ui_tutorial.py
[2025-04-08T05:46:30.783+0000] {processor.py:830} INFO - Processing file /home/airflow/.local/lib/python3.8/site-packages/airflow/example_dags/example_params_ui_tutorial.py for tasks to queue
[2025-04-08T05:46:30.786+0000] {logging_mixin.py:188} INFO - [2025-04-08T05:46:30.785+0000] {dagbag.py:538} INFO - Filling up the DagBag from /home/airflow/.local/lib/python3.8/site-packages/airflow/example_dags/example_params_ui_tutorial.py
[2025-04-08T05:46:30.800+0000] {processor.py:840} INFO - DAG(s) 'example_params_ui_tutorial' retrieved from /home/airflow/.local/lib/python3.8/site-packages/airflow/example_dags/example_params_ui_tutorial.py
[2025-04-08T05:46:30.873+0000] {logging_mixin.py:188} INFO - [2025-04-08T05:46:30.872+0000] {dag.py:3036} INFO - Sync 1 DAGs
[2025-04-08T05:46:30.887+0000] {logging_mixin.py:188} INFO - [2025-04-08T05:46:30.886+0000] {dag.py:3823} INFO - Setting next_dagrun for example_params_ui_tutorial to None, run_after=None
[2025-04-08T05:46:33.910+0000] {processor.py:183} INFO - Processing /home/airflow/.local/lib/python3.8/site-packages/airflow/example_dags/example_params_ui_tutorial.py took 0.204 seconds
[2025-04-08T05:47:04.092+0000] {processor.py:161} INFO - Started process (PID=322) to work on /home/airflow/.local/lib/python3.8/site-packages/airflow/example_dags/example_params_ui_tutorial.py
[2025-04-08T05:47:04.094+0000] {processor.py:830} INFO - Processing file /home/airflow/.local/lib/python3.8/site-packages/airflow/example_dags/example_params_ui_tutorial.py for tasks to queue
[2025-04-08T05:47:04.096+0000] {logging_mixin.py:188} INFO - [2025-04-08T05:47:04.095+0000] {dagbag.py:538} INFO - Filling up the DagBag from /home/airflow/.local/lib/python3.8/site-packages/airflow/example_dags/example_params_ui_tutorial.py
[2025-04-08T05:47:04.107+0000] {processor.py:840} INFO - DAG(s) 'example_params_ui_tutorial' retrieved from /home/airflow/.local/lib/python3.8/site-packages/airflow/example_dags/example_params_ui_tutorial.py
[2025-04-08T05:47:04.171+0000] {logging_mixin.py:188} INFO - [2025-04-08T05:47:04.170+0000] {dag.py:3036} INFO - Sync 1 DAGs
[2025-04-08T05:47:04.183+0000] {logging_mixin.py:188} INFO - [2025-04-08T05:47:04.183+0000] {dag.py:3823} INFO - Setting next_dagrun for example_params_ui_tutorial to None, run_after=None
[2025-04-08T05:47:04.256+0000] {processor.py:183} INFO - Processing /home/airflow/.local/lib/python3.8/site-packages/airflow/example_dags/example_params_ui_tutorial.py took 0.167 seconds
[2025-04-08T05:47:34.360+0000] {processor.py:161} INFO - Started process (PID=371) to work on /home/airflow/.local/lib/python3.8/site-packages/airflow/example_dags/example_params_ui_tutorial.py
[2025-04-08T05:47:34.361+0000] {processor.py:830} INFO - Processing file /home/airflow/.local/lib/python3.8/site-packages/airflow/example_dags/example_params_ui_tutorial.py for tasks to queue
[2025-04-08T05:47:34.363+0000] {logging_mixin.py:188} INFO - [2025-04-08T05:47:34.363+0000] {dagbag.py:538} INFO - Filling up the DagBag from /home/airflow/.local/lib/python3.8/site-packages/airflow/example_dags/example_params_ui_tutorial.py
[2025-04-08T05:47:34.376+0000] {processor.py:840} INFO - DAG(s) 'example_params_ui_tutorial' retrieved from /home/airflow/.local/lib/python3.8/site-packages/airflow/example_dags/example_params_ui_tutorial.py
[2025-04-08T05:47:34.450+0000] {logging_mixin.py:188} INFO - [2025-04-08T05:47:34.450+0000] {dag.py:3036} INFO - Sync 1 DAGs
[2025-04-08T05:47:34.464+0000] {logging_mixin.py:188} INFO - [2025-04-08T05:47:34.463+0000] {dag.py:3823} INFO - Setting next_dagrun for example_params_ui_tutorial to None, run_after=None
[2025-04-08T05:47:34.523+0000] {processor.py:183} INFO - Processing /home/airflow/.local/lib/python3.8/site-packages/airflow/example_dags/example_params_ui_tutorial.py took 0.167 seconds
[2025-04-08T05:48:04.721+0000] {processor.py:161} INFO - Started process (PID=426) to work on /home/airflow/.local/lib/python3.8/site-packages/airflow/example_dags/example_params_ui_tutorial.py
[2025-04-08T05:48:04.722+0000] {processor.py:830} INFO - Processing file /home/airflow/.local/lib/python3.8/site-packages/airflow/example_dags/example_params_ui_tutorial.py for tasks to queue
[2025-04-08T05:48:04.724+0000] {logging_mixin.py:188} INFO - [2025-04-08T05:48:04.723+0000] {dagbag.py:538} INFO - Filling up the DagBag from /home/airflow/.local/lib/python3.8/site-packages/airflow/example_dags/example_params_ui_tutorial.py
[2025-04-08T05:48:04.735+0000] {processor.py:840} INFO - DAG(s) 'example_params_ui_tutorial' retrieved from /home/airflow/.local/lib/python3.8/site-packages/airflow/example_dags/example_params_ui_tutorial.py
[2025-04-08T05:48:04.798+0000] {logging_mixin.py:188} INFO - [2025-04-08T05:48:04.798+0000] {dag.py:3036} INFO - Sync 1 DAGs
[2025-04-08T05:48:04.812+0000] {logging_mixin.py:188} INFO - [2025-04-08T05:48:04.811+0000] {dag.py:3823} INFO - Setting next_dagrun for example_params_ui_tutorial to None, run_after=None
[2025-04-08T05:48:04.868+0000] {processor.py:183} INFO - Processing /home/airflow/.local/lib/python3.8/site-packages/airflow/example_dags/example_params_ui_tutorial.py took 0.150 seconds
[2025-04-08T05:48:35.440+0000] {processor.py:161} INFO - Started process (PID=481) to work on /home/airflow/.local/lib/python3.8/site-packages/airflow/example_dags/example_params_ui_tutorial.py
[2025-04-08T05:48:35.441+0000] {processor.py:830} INFO - Processing file /home/airflow/.local/lib/python3.8/site-packages/airflow/example_dags/example_params_ui_tutorial.py for tasks to queue
[2025-04-08T05:48:35.443+0000] {logging_mixin.py:188} INFO - [2025-04-08T05:48:35.443+0000] {dagbag.py:538} INFO - Filling up the DagBag from /home/airflow/.local/lib/python3.8/site-packages/airflow/example_dags/example_params_ui_tutorial.py
[2025-04-08T05:48:35.454+0000] {processor.py:840} INFO - DAG(s) 'example_params_ui_tutorial' retrieved from /home/airflow/.local/lib/python3.8/site-packages/airflow/example_dags/example_params_ui_tutorial.py
[2025-04-08T05:48:35.514+0000] {logging_mixin.py:188} INFO - [2025-04-08T05:48:35.514+0000] {dag.py:3036} INFO - Sync 1 DAGs
[2025-04-08T05:48:35.527+0000] {logging_mixin.py:188} INFO - [2025-04-08T05:48:35.526+0000] {dag.py:3823} INFO - Setting next_dagrun for example_params_ui_tutorial to None, run_after=None
[2025-04-08T05:48:35.581+0000] {processor.py:183} INFO - Processing /home/airflow/.local/lib/python3.8/site-packages/airflow/example_dags/example_params_ui_tutorial.py took 0.144 seconds
[2025-04-08T05:49:06.281+0000] {processor.py:161} INFO - Started process (PID=536) to work on /home/airflow/.local/lib/python3.8/site-packages/airflow/example_dags/example_params_ui_tutorial.py
[2025-04-08T05:49:06.283+0000] {processor.py:830} INFO - Processing file /home/airflow/.local/lib/python3.8/site-packages/airflow/example_dags/example_params_ui_tutorial.py for tasks to queue
[2025-04-08T05:49:06.285+0000] {logging_mixin.py:188} INFO - [2025-04-08T05:49:06.284+0000] {dagbag.py:538} INFO - Filling up the DagBag from /home/airflow/.local/lib/python3.8/site-packages/airflow/example_dags/example_params_ui_tutorial.py
[2025-04-08T05:49:06.297+0000] {processor.py:840} INFO - DAG(s) 'example_params_ui_tutorial' retrieved from /home/airflow/.local/lib/python3.8/site-packages/airflow/example_dags/example_params_ui_tutorial.py
[2025-04-08T05:49:06.367+0000] {logging_mixin.py:188} INFO - [2025-04-08T05:49:06.367+0000] {dag.py:3036} INFO - Sync 1 DAGs
[2025-04-08T05:49:06.381+0000] {logging_mixin.py:188} INFO - [2025-04-08T05:49:06.381+0000] {dag.py:3823} INFO - Setting next_dagrun for example_params_ui_tutorial to None, run_after=None
[2025-04-08T05:49:06.432+0000] {processor.py:183} INFO - Processing /home/airflow/.local/lib/python3.8/site-packages/airflow/example_dags/example_params_ui_tutorial.py took 0.153 seconds
[2025-04-08T05:49:37.057+0000] {processor.py:161} INFO - Started process (PID=591) to work on /home/airflow/.local/lib/python3.8/site-packages/airflow/example_dags/example_params_ui_tutorial.py
[2025-04-08T05:49:37.058+0000] {processor.py:830} INFO - Processing file /home/airflow/.local/lib/python3.8/site-packages/airflow/example_dags/example_params_ui_tutorial.py for tasks to queue
[2025-04-08T05:49:37.061+0000] {logging_mixin.py:188} INFO - [2025-04-08T05:49:37.060+0000] {dagbag.py:538} INFO - Filling up the DagBag from /home/airflow/.local/lib/python3.8/site-packages/airflow/example_dags/example_params_ui_tutorial.py
[2025-04-08T05:49:37.076+0000] {processor.py:840} INFO - DAG(s) 'example_params_ui_tutorial' retrieved from /home/airflow/.local/lib/python3.8/site-packages/airflow/example_dags/example_params_ui_tutorial.py
[2025-04-08T05:49:37.146+0000] {logging_mixin.py:188} INFO - [2025-04-08T05:49:37.146+0000] {dag.py:3036} INFO - Sync 1 DAGs
[2025-04-08T05:49:37.161+0000] {logging_mixin.py:188} INFO - [2025-04-08T05:49:37.161+0000] {dag.py:3823} INFO - Setting next_dagrun for example_params_ui_tutorial to None, run_after=None
[2025-04-08T05:49:37.223+0000] {processor.py:183} INFO - Processing /home/airflow/.local/lib/python3.8/site-packages/airflow/example_dags/example_params_ui_tutorial.py took 0.170 seconds
[2025-04-08T05:50:08.154+0000] {processor.py:161} INFO - Started process (PID=646) to work on /home/airflow/.local/lib/python3.8/site-packages/airflow/example_dags/example_params_ui_tutorial.py
[2025-04-08T05:50:08.155+0000] {processor.py:830} INFO - Processing file /home/airflow/.local/lib/python3.8/site-packages/airflow/example_dags/example_params_ui_tutorial.py for tasks to queue
[2025-04-08T05:50:08.156+0000] {logging_mixin.py:188} INFO - [2025-04-08T05:50:08.156+0000] {dagbag.py:538} INFO - Filling up the DagBag from /home/airflow/.local/lib/python3.8/site-packages/airflow/example_dags/example_params_ui_tutorial.py
[2025-04-08T05:50:08.165+0000] {processor.py:840} INFO - DAG(s) 'example_params_ui_tutorial' retrieved from /home/airflow/.local/lib/python3.8/site-packages/airflow/example_dags/example_params_ui_tutorial.py
[2025-04-08T05:50:08.227+0000] {logging_mixin.py:188} INFO - [2025-04-08T05:50:08.227+0000] {dag.py:3036} INFO - Sync 1 DAGs
[2025-04-08T05:50:08.239+0000] {logging_mixin.py:188} INFO - [2025-04-08T05:50:08.239+0000] {dag.py:3823} INFO - Setting next_dagrun for example_params_ui_tutorial to None, run_after=None
[2025-04-08T05:50:08.293+0000] {processor.py:183} INFO - Processing /home/airflow/.local/lib/python3.8/site-packages/airflow/example_dags/example_params_ui_tutorial.py took 0.143 seconds
[2025-04-08T05:50:42.798+0000] {processor.py:161} INFO - Started process (PID=701) to work on /home/airflow/.local/lib/python3.8/site-packages/airflow/example_dags/example_params_ui_tutorial.py
[2025-04-08T05:50:42.799+0000] {processor.py:830} INFO - Processing file /home/airflow/.local/lib/python3.8/site-packages/airflow/example_dags/example_params_ui_tutorial.py for tasks to queue
[2025-04-08T05:50:42.801+0000] {logging_mixin.py:188} INFO - [2025-04-08T05:50:42.801+0000] {dagbag.py:538} INFO - Filling up the DagBag from /home/airflow/.local/lib/python3.8/site-packages/airflow/example_dags/example_params_ui_tutorial.py
[2025-04-08T05:50:42.814+0000] {processor.py:840} INFO - DAG(s) 'example_params_ui_tutorial' retrieved from /home/airflow/.local/lib/python3.8/site-packages/airflow/example_dags/example_params_ui_tutorial.py
[2025-04-08T05:50:42.890+0000] {logging_mixin.py:188} INFO - [2025-04-08T05:50:42.890+0000] {dag.py:3036} INFO - Sync 1 DAGs
[2025-04-08T05:50:42.909+0000] {logging_mixin.py:188} INFO - [2025-04-08T05:50:42.909+0000] {dag.py:3823} INFO - Setting next_dagrun for example_params_ui_tutorial to None, run_after=None
[2025-04-08T05:50:42.973+0000] {processor.py:183} INFO - Processing /home/airflow/.local/lib/python3.8/site-packages/airflow/example_dags/example_params_ui_tutorial.py took 0.178 seconds
[2025-04-08T05:54:06.722+0000] {processor.py:161} INFO - Started process (PID=91) to work on /home/airflow/.local/lib/python3.8/site-packages/airflow/example_dags/example_params_ui_tutorial.py
[2025-04-08T05:54:06.723+0000] {processor.py:830} INFO - Processing file /home/airflow/.local/lib/python3.8/site-packages/airflow/example_dags/example_params_ui_tutorial.py for tasks to queue
[2025-04-08T05:54:06.725+0000] {logging_mixin.py:188} INFO - [2025-04-08T05:54:06.725+0000] {dagbag.py:538} INFO - Filling up the DagBag from /home/airflow/.local/lib/python3.8/site-packages/airflow/example_dags/example_params_ui_tutorial.py
[2025-04-08T05:54:06.737+0000] {processor.py:840} INFO - DAG(s) 'example_params_ui_tutorial' retrieved from /home/airflow/.local/lib/python3.8/site-packages/airflow/example_dags/example_params_ui_tutorial.py
[2025-04-08T05:54:06.901+0000] {logging_mixin.py:188} INFO - [2025-04-08T05:54:06.901+0000] {dag.py:3036} INFO - Sync 1 DAGs
[2025-04-08T05:54:06.924+0000] {logging_mixin.py:188} INFO - [2025-04-08T05:54:06.924+0000] {dag.py:3823} INFO - Setting next_dagrun for example_params_ui_tutorial to None, run_after=None
[2025-04-08T05:54:07.009+0000] {processor.py:183} INFO - Processing /home/airflow/.local/lib/python3.8/site-packages/airflow/example_dags/example_params_ui_tutorial.py took 0.290 seconds
[2025-04-08T05:54:37.221+0000] {processor.py:161} INFO - Started process (PID=147) to work on /home/airflow/.local/lib/python3.8/site-packages/airflow/example_dags/example_params_ui_tutorial.py
[2025-04-08T05:54:37.222+0000] {processor.py:830} INFO - Processing file /home/airflow/.local/lib/python3.8/site-packages/airflow/example_dags/example_params_ui_tutorial.py for tasks to queue
[2025-04-08T05:54:37.224+0000] {logging_mixin.py:188} INFO - [2025-04-08T05:54:37.224+0000] {dagbag.py:538} INFO - Filling up the DagBag from /home/airflow/.local/lib/python3.8/site-packages/airflow/example_dags/example_params_ui_tutorial.py
[2025-04-08T05:54:37.237+0000] {processor.py:840} INFO - DAG(s) 'example_params_ui_tutorial' retrieved from /home/airflow/.local/lib/python3.8/site-packages/airflow/example_dags/example_params_ui_tutorial.py
[2025-04-08T05:54:37.299+0000] {logging_mixin.py:188} INFO - [2025-04-08T05:54:37.299+0000] {dag.py:3036} INFO - Sync 1 DAGs
[2025-04-08T05:54:37.312+0000] {logging_mixin.py:188} INFO - [2025-04-08T05:54:37.312+0000] {dag.py:3823} INFO - Setting next_dagrun for example_params_ui_tutorial to None, run_after=None
[2025-04-08T05:54:37.402+0000] {processor.py:183} INFO - Processing /home/airflow/.local/lib/python3.8/site-packages/airflow/example_dags/example_params_ui_tutorial.py took 0.184 seconds
[2025-04-08T05:55:08.216+0000] {processor.py:161} INFO - Started process (PID=196) to work on /home/airflow/.local/lib/python3.8/site-packages/airflow/example_dags/example_params_ui_tutorial.py
[2025-04-08T05:55:08.217+0000] {processor.py:830} INFO - Processing file /home/airflow/.local/lib/python3.8/site-packages/airflow/example_dags/example_params_ui_tutorial.py for tasks to queue
[2025-04-08T05:55:08.219+0000] {logging_mixin.py:188} INFO - [2025-04-08T05:55:08.219+0000] {dagbag.py:538} INFO - Filling up the DagBag from /home/airflow/.local/lib/python3.8/site-packages/airflow/example_dags/example_params_ui_tutorial.py
[2025-04-08T05:55:08.231+0000] {processor.py:840} INFO - DAG(s) 'example_params_ui_tutorial' retrieved from /home/airflow/.local/lib/python3.8/site-packages/airflow/example_dags/example_params_ui_tutorial.py
[2025-04-08T05:55:08.291+0000] {logging_mixin.py:188} INFO - [2025-04-08T05:55:08.291+0000] {dag.py:3036} INFO - Sync 1 DAGs
[2025-04-08T05:55:08.305+0000] {logging_mixin.py:188} INFO - [2025-04-08T05:55:08.304+0000] {dag.py:3823} INFO - Setting next_dagrun for example_params_ui_tutorial to None, run_after=None
[2025-04-08T05:55:08.361+0000] {processor.py:183} INFO - Processing /home/airflow/.local/lib/python3.8/site-packages/airflow/example_dags/example_params_ui_tutorial.py took 0.148 seconds
[2025-04-08T05:55:38.675+0000] {processor.py:161} INFO - Started process (PID=251) to work on /home/airflow/.local/lib/python3.8/site-packages/airflow/example_dags/example_params_ui_tutorial.py
[2025-04-08T05:55:38.676+0000] {processor.py:830} INFO - Processing file /home/airflow/.local/lib/python3.8/site-packages/airflow/example_dags/example_params_ui_tutorial.py for tasks to queue
[2025-04-08T05:55:38.678+0000] {logging_mixin.py:188} INFO - [2025-04-08T05:55:38.678+0000] {dagbag.py:538} INFO - Filling up the DagBag from /home/airflow/.local/lib/python3.8/site-packages/airflow/example_dags/example_params_ui_tutorial.py
[2025-04-08T05:55:38.691+0000] {processor.py:840} INFO - DAG(s) 'example_params_ui_tutorial' retrieved from /home/airflow/.local/lib/python3.8/site-packages/airflow/example_dags/example_params_ui_tutorial.py
[2025-04-08T05:55:38.756+0000] {logging_mixin.py:188} INFO - [2025-04-08T05:55:38.755+0000] {dag.py:3036} INFO - Sync 1 DAGs
[2025-04-08T05:55:38.770+0000] {logging_mixin.py:188} INFO - [2025-04-08T05:55:38.770+0000] {dag.py:3823} INFO - Setting next_dagrun for example_params_ui_tutorial to None, run_after=None
[2025-04-08T05:55:38.822+0000] {processor.py:183} INFO - Processing /home/airflow/.local/lib/python3.8/site-packages/airflow/example_dags/example_params_ui_tutorial.py took 0.151 seconds
[2025-04-08T05:56:08.968+0000] {processor.py:161} INFO - Started process (PID=306) to work on /home/airflow/.local/lib/python3.8/site-packages/airflow/example_dags/example_params_ui_tutorial.py
[2025-04-08T05:56:08.969+0000] {processor.py:830} INFO - Processing file /home/airflow/.local/lib/python3.8/site-packages/airflow/example_dags/example_params_ui_tutorial.py for tasks to queue
[2025-04-08T05:56:08.971+0000] {logging_mixin.py:188} INFO - [2025-04-08T05:56:08.971+0000] {dagbag.py:538} INFO - Filling up the DagBag from /home/airflow/.local/lib/python3.8/site-packages/airflow/example_dags/example_params_ui_tutorial.py
[2025-04-08T05:56:08.985+0000] {processor.py:840} INFO - DAG(s) 'example_params_ui_tutorial' retrieved from /home/airflow/.local/lib/python3.8/site-packages/airflow/example_dags/example_params_ui_tutorial.py
[2025-04-08T05:56:09.046+0000] {logging_mixin.py:188} INFO - [2025-04-08T05:56:09.046+0000] {dag.py:3036} INFO - Sync 1 DAGs
[2025-04-08T05:56:09.062+0000] {logging_mixin.py:188} INFO - [2025-04-08T05:56:09.061+0000] {dag.py:3823} INFO - Setting next_dagrun for example_params_ui_tutorial to None, run_after=None
[2025-04-08T05:56:09.147+0000] {processor.py:183} INFO - Processing /home/airflow/.local/lib/python3.8/site-packages/airflow/example_dags/example_params_ui_tutorial.py took 0.182 seconds
[2025-04-08T05:56:43.041+0000] {processor.py:161} INFO - Started process (PID=361) to work on /home/airflow/.local/lib/python3.8/site-packages/airflow/example_dags/example_params_ui_tutorial.py
[2025-04-08T05:56:43.042+0000] {processor.py:830} INFO - Processing file /home/airflow/.local/lib/python3.8/site-packages/airflow/example_dags/example_params_ui_tutorial.py for tasks to queue
[2025-04-08T05:56:43.044+0000] {logging_mixin.py:188} INFO - [2025-04-08T05:56:43.044+0000] {dagbag.py:538} INFO - Filling up the DagBag from /home/airflow/.local/lib/python3.8/site-packages/airflow/example_dags/example_params_ui_tutorial.py
[2025-04-08T05:56:43.056+0000] {processor.py:840} INFO - DAG(s) 'example_params_ui_tutorial' retrieved from /home/airflow/.local/lib/python3.8/site-packages/airflow/example_dags/example_params_ui_tutorial.py
[2025-04-08T05:56:43.117+0000] {logging_mixin.py:188} INFO - [2025-04-08T05:56:43.116+0000] {dag.py:3036} INFO - Sync 1 DAGs
[2025-04-08T05:56:43.131+0000] {logging_mixin.py:188} INFO - [2025-04-08T05:56:43.131+0000] {dag.py:3823} INFO - Setting next_dagrun for example_params_ui_tutorial to None, run_after=None
[2025-04-08T05:56:43.219+0000] {processor.py:183} INFO - Processing /home/airflow/.local/lib/python3.8/site-packages/airflow/example_dags/example_params_ui_tutorial.py took 0.181 seconds
[2025-04-08T05:57:16.927+0000] {processor.py:161} INFO - Started process (PID=416) to work on /home/airflow/.local/lib/python3.8/site-packages/airflow/example_dags/example_params_ui_tutorial.py
[2025-04-08T05:57:16.928+0000] {processor.py:830} INFO - Processing file /home/airflow/.local/lib/python3.8/site-packages/airflow/example_dags/example_params_ui_tutorial.py for tasks to queue
[2025-04-08T05:57:16.930+0000] {logging_mixin.py:188} INFO - [2025-04-08T05:57:16.930+0000] {dagbag.py:538} INFO - Filling up the DagBag from /home/airflow/.local/lib/python3.8/site-packages/airflow/example_dags/example_params_ui_tutorial.py
[2025-04-08T05:57:16.942+0000] {processor.py:840} INFO - DAG(s) 'example_params_ui_tutorial' retrieved from /home/airflow/.local/lib/python3.8/site-packages/airflow/example_dags/example_params_ui_tutorial.py
[2025-04-08T05:57:17.005+0000] {logging_mixin.py:188} INFO - [2025-04-08T05:57:17.005+0000] {dag.py:3036} INFO - Sync 1 DAGs
[2025-04-08T05:57:17.018+0000] {logging_mixin.py:188} INFO - [2025-04-08T05:57:17.018+0000] {dag.py:3823} INFO - Setting next_dagrun for example_params_ui_tutorial to None, run_after=None
[2025-04-08T05:57:17.091+0000] {processor.py:183} INFO - Processing /home/airflow/.local/lib/python3.8/site-packages/airflow/example_dags/example_params_ui_tutorial.py took 0.166 seconds
[2025-04-08T05:57:47.502+0000] {processor.py:161} INFO - Started process (PID=471) to work on /home/airflow/.local/lib/python3.8/site-packages/airflow/example_dags/example_params_ui_tutorial.py
[2025-04-08T05:57:47.503+0000] {processor.py:830} INFO - Processing file /home/airflow/.local/lib/python3.8/site-packages/airflow/example_dags/example_params_ui_tutorial.py for tasks to queue
[2025-04-08T05:57:47.505+0000] {logging_mixin.py:188} INFO - [2025-04-08T05:57:47.505+0000] {dagbag.py:538} INFO - Filling up the DagBag from /home/airflow/.local/lib/python3.8/site-packages/airflow/example_dags/example_params_ui_tutorial.py
[2025-04-08T05:57:47.516+0000] {processor.py:840} INFO - DAG(s) 'example_params_ui_tutorial' retrieved from /home/airflow/.local/lib/python3.8/site-packages/airflow/example_dags/example_params_ui_tutorial.py
[2025-04-08T05:57:47.579+0000] {logging_mixin.py:188} INFO - [2025-04-08T05:57:47.578+0000] {dag.py:3036} INFO - Sync 1 DAGs
[2025-04-08T05:57:47.591+0000] {logging_mixin.py:188} INFO - [2025-04-08T05:57:47.591+0000] {dag.py:3823} INFO - Setting next_dagrun for example_params_ui_tutorial to None, run_after=None
[2025-04-08T05:57:47.644+0000] {processor.py:183} INFO - Processing /home/airflow/.local/lib/python3.8/site-packages/airflow/example_dags/example_params_ui_tutorial.py took 0.145 seconds
[2025-04-08T05:58:17.980+0000] {processor.py:161} INFO - Started process (PID=526) to work on /home/airflow/.local/lib/python3.8/site-packages/airflow/example_dags/example_params_ui_tutorial.py
[2025-04-08T05:58:17.982+0000] {processor.py:830} INFO - Processing file /home/airflow/.local/lib/python3.8/site-packages/airflow/example_dags/example_params_ui_tutorial.py for tasks to queue
[2025-04-08T05:58:17.984+0000] {logging_mixin.py:188} INFO - [2025-04-08T05:58:17.984+0000] {dagbag.py:538} INFO - Filling up the DagBag from /home/airflow/.local/lib/python3.8/site-packages/airflow/example_dags/example_params_ui_tutorial.py
[2025-04-08T05:58:18.001+0000] {processor.py:840} INFO - DAG(s) 'example_params_ui_tutorial' retrieved from /home/airflow/.local/lib/python3.8/site-packages/airflow/example_dags/example_params_ui_tutorial.py
[2025-04-08T05:58:18.091+0000] {logging_mixin.py:188} INFO - [2025-04-08T05:58:18.091+0000] {dag.py:3036} INFO - Sync 1 DAGs
[2025-04-08T05:58:18.109+0000] {logging_mixin.py:188} INFO - [2025-04-08T05:58:18.109+0000] {dag.py:3823} INFO - Setting next_dagrun for example_params_ui_tutorial to None, run_after=None
[2025-04-08T05:58:18.214+0000] {processor.py:183} INFO - Processing /home/airflow/.local/lib/python3.8/site-packages/airflow/example_dags/example_params_ui_tutorial.py took 0.237 seconds
[2025-04-08T05:58:48.289+0000] {processor.py:161} INFO - Started process (PID=581) to work on /home/airflow/.local/lib/python3.8/site-packages/airflow/example_dags/example_params_ui_tutorial.py
[2025-04-08T05:58:48.290+0000] {processor.py:830} INFO - Processing file /home/airflow/.local/lib/python3.8/site-packages/airflow/example_dags/example_params_ui_tutorial.py for tasks to queue
[2025-04-08T05:58:48.293+0000] {logging_mixin.py:188} INFO - [2025-04-08T05:58:48.292+0000] {dagbag.py:538} INFO - Filling up the DagBag from /home/airflow/.local/lib/python3.8/site-packages/airflow/example_dags/example_params_ui_tutorial.py
[2025-04-08T05:58:48.304+0000] {processor.py:840} INFO - DAG(s) 'example_params_ui_tutorial' retrieved from /home/airflow/.local/lib/python3.8/site-packages/airflow/example_dags/example_params_ui_tutorial.py
[2025-04-08T05:58:48.367+0000] {logging_mixin.py:188} INFO - [2025-04-08T05:58:48.367+0000] {dag.py:3036} INFO - Sync 1 DAGs
[2025-04-08T05:58:48.379+0000] {logging_mixin.py:188} INFO - [2025-04-08T05:58:48.379+0000] {dag.py:3823} INFO - Setting next_dagrun for example_params_ui_tutorial to None, run_after=None
[2025-04-08T05:58:48.430+0000] {processor.py:183} INFO - Processing /home/airflow/.local/lib/python3.8/site-packages/airflow/example_dags/example_params_ui_tutorial.py took 0.144 seconds
