[2025-04-08T05:44:51.405+0000] {processor.py:161} INFO - Started process (PID=68) to work on /home/airflow/.local/lib/python3.8/site-packages/airflow/example_dags/example_task_group.py
[2025-04-08T05:44:51.406+0000] {processor.py:830} INFO - Processing file /home/airflow/.local/lib/python3.8/site-packages/airflow/example_dags/example_task_group.py for tasks to queue
[2025-04-08T05:44:51.408+0000] {logging_mixin.py:188} INFO - [2025-04-08T05:44:51.408+0000] {dagbag.py:538} INFO - Filling up the DagBag from /home/airflow/.local/lib/python3.8/site-packages/airflow/example_dags/example_task_group.py
[2025-04-08T05:44:51.419+0000] {processor.py:840} INFO - DAG(s) 'example_task_group' retrieved from /home/airflow/.local/lib/python3.8/site-packages/airflow/example_dags/example_task_group.py
[2025-04-08T05:44:51.549+0000] {logging_mixin.py:188} INFO - [2025-04-08T05:44:51.549+0000] {dag.py:3036} INFO - Sync 1 DAGs
[2025-04-08T05:44:51.575+0000] {logging_mixin.py:188} INFO - [2025-04-08T05:44:51.574+0000] {dag.py:3823} INFO - Setting next_dagrun for example_task_group to 2025-04-07 00:00:00+00:00, run_after=2025-04-08 00:00:00+00:00
[2025-04-08T05:44:51.627+0000] {processor.py:183} INFO - Processing /home/airflow/.local/lib/python3.8/site-packages/airflow/example_dags/example_task_group.py took 0.225 seconds
[2025-04-08T05:45:24.194+0000] {processor.py:161} INFO - Started process (PID=123) to work on /home/airflow/.local/lib/python3.8/site-packages/airflow/example_dags/example_task_group.py
[2025-04-08T05:45:24.195+0000] {processor.py:830} INFO - Processing file /home/airflow/.local/lib/python3.8/site-packages/airflow/example_dags/example_task_group.py for tasks to queue
[2025-04-08T05:45:24.196+0000] {logging_mixin.py:188} INFO - [2025-04-08T05:45:24.196+0000] {dagbag.py:538} INFO - Filling up the DagBag from /home/airflow/.local/lib/python3.8/site-packages/airflow/example_dags/example_task_group.py
[2025-04-08T05:45:24.207+0000] {processor.py:840} INFO - DAG(s) 'example_task_group' retrieved from /home/airflow/.local/lib/python3.8/site-packages/airflow/example_dags/example_task_group.py
[2025-04-08T05:45:24.238+0000] {logging_mixin.py:188} INFO - [2025-04-08T05:45:24.238+0000] {dag.py:3036} INFO - Sync 1 DAGs
[2025-04-08T05:45:24.263+0000] {logging_mixin.py:188} INFO - [2025-04-08T05:45:24.263+0000] {dag.py:3823} INFO - Setting next_dagrun for example_task_group to 2025-04-07 00:00:00+00:00, run_after=2025-04-08 00:00:00+00:00
[2025-04-08T05:45:24.351+0000] {processor.py:183} INFO - Processing /home/airflow/.local/lib/python3.8/site-packages/airflow/example_dags/example_task_group.py took 0.160 seconds
[2025-04-08T05:45:54.673+0000] {processor.py:161} INFO - Started process (PID=178) to work on /home/airflow/.local/lib/python3.8/site-packages/airflow/example_dags/example_task_group.py
[2025-04-08T05:45:54.675+0000] {processor.py:830} INFO - Processing file /home/airflow/.local/lib/python3.8/site-packages/airflow/example_dags/example_task_group.py for tasks to queue
[2025-04-08T05:45:54.677+0000] {logging_mixin.py:188} INFO - [2025-04-08T05:45:54.677+0000] {dagbag.py:538} INFO - Filling up the DagBag from /home/airflow/.local/lib/python3.8/site-packages/airflow/example_dags/example_task_group.py
[2025-04-08T05:45:54.685+0000] {processor.py:840} INFO - DAG(s) 'example_task_group' retrieved from /home/airflow/.local/lib/python3.8/site-packages/airflow/example_dags/example_task_group.py
[2025-04-08T05:45:54.710+0000] {logging_mixin.py:188} INFO - [2025-04-08T05:45:54.709+0000] {dag.py:3036} INFO - Sync 1 DAGs
[2025-04-08T05:45:54.733+0000] {logging_mixin.py:188} INFO - [2025-04-08T05:45:54.733+0000] {dag.py:3823} INFO - Setting next_dagrun for example_task_group to 2025-04-07 00:00:00+00:00, run_after=2025-04-08 00:00:00+00:00
[2025-04-08T05:45:54.803+0000] {processor.py:183} INFO - Processing /home/airflow/.local/lib/python3.8/site-packages/airflow/example_dags/example_task_group.py took 0.133 seconds
[2025-04-08T05:46:24.951+0000] {processor.py:161} INFO - Started process (PID=233) to work on /home/airflow/.local/lib/python3.8/site-packages/airflow/example_dags/example_task_group.py
[2025-04-08T05:46:24.952+0000] {processor.py:830} INFO - Processing file /home/airflow/.local/lib/python3.8/site-packages/airflow/example_dags/example_task_group.py for tasks to queue
[2025-04-08T05:46:24.955+0000] {logging_mixin.py:188} INFO - [2025-04-08T05:46:24.954+0000] {dagbag.py:538} INFO - Filling up the DagBag from /home/airflow/.local/lib/python3.8/site-packages/airflow/example_dags/example_task_group.py
[2025-04-08T05:46:24.963+0000] {processor.py:840} INFO - DAG(s) 'example_task_group' retrieved from /home/airflow/.local/lib/python3.8/site-packages/airflow/example_dags/example_task_group.py
[2025-04-08T05:46:24.988+0000] {logging_mixin.py:188} INFO - [2025-04-08T05:46:24.988+0000] {dag.py:3036} INFO - Sync 1 DAGs
[2025-04-08T05:46:25.013+0000] {logging_mixin.py:188} INFO - [2025-04-08T05:46:25.013+0000] {dag.py:3823} INFO - Setting next_dagrun for example_task_group to 2025-04-07 00:00:00+00:00, run_after=2025-04-08 00:00:00+00:00
[2025-04-08T05:46:25.095+0000] {processor.py:183} INFO - Processing /home/airflow/.local/lib/python3.8/site-packages/airflow/example_dags/example_task_group.py took 0.147 seconds
[2025-04-08T05:46:55.516+0000] {processor.py:161} INFO - Started process (PID=288) to work on /home/airflow/.local/lib/python3.8/site-packages/airflow/example_dags/example_task_group.py
[2025-04-08T05:46:55.517+0000] {processor.py:830} INFO - Processing file /home/airflow/.local/lib/python3.8/site-packages/airflow/example_dags/example_task_group.py for tasks to queue
[2025-04-08T05:46:55.519+0000] {logging_mixin.py:188} INFO - [2025-04-08T05:46:55.519+0000] {dagbag.py:538} INFO - Filling up the DagBag from /home/airflow/.local/lib/python3.8/site-packages/airflow/example_dags/example_task_group.py
[2025-04-08T05:46:55.528+0000] {processor.py:840} INFO - DAG(s) 'example_task_group' retrieved from /home/airflow/.local/lib/python3.8/site-packages/airflow/example_dags/example_task_group.py
[2025-04-08T05:46:55.553+0000] {logging_mixin.py:188} INFO - [2025-04-08T05:46:55.553+0000] {dag.py:3036} INFO - Sync 1 DAGs
[2025-04-08T05:46:55.579+0000] {logging_mixin.py:188} INFO - [2025-04-08T05:46:55.579+0000] {dag.py:3823} INFO - Setting next_dagrun for example_task_group to 2025-04-07 00:00:00+00:00, run_after=2025-04-08 00:00:00+00:00
[2025-04-08T05:46:55.639+0000] {processor.py:183} INFO - Processing /home/airflow/.local/lib/python3.8/site-packages/airflow/example_dags/example_task_group.py took 0.127 seconds
[2025-04-08T05:47:25.723+0000] {processor.py:161} INFO - Started process (PID=343) to work on /home/airflow/.local/lib/python3.8/site-packages/airflow/example_dags/example_task_group.py
[2025-04-08T05:47:25.724+0000] {processor.py:830} INFO - Processing file /home/airflow/.local/lib/python3.8/site-packages/airflow/example_dags/example_task_group.py for tasks to queue
[2025-04-08T05:47:25.726+0000] {logging_mixin.py:188} INFO - [2025-04-08T05:47:25.726+0000] {dagbag.py:538} INFO - Filling up the DagBag from /home/airflow/.local/lib/python3.8/site-packages/airflow/example_dags/example_task_group.py
[2025-04-08T05:47:25.732+0000] {processor.py:840} INFO - DAG(s) 'example_task_group' retrieved from /home/airflow/.local/lib/python3.8/site-packages/airflow/example_dags/example_task_group.py
[2025-04-08T05:47:25.756+0000] {logging_mixin.py:188} INFO - [2025-04-08T05:47:25.756+0000] {dag.py:3036} INFO - Sync 1 DAGs
[2025-04-08T05:47:25.787+0000] {logging_mixin.py:188} INFO - [2025-04-08T05:47:25.787+0000] {dag.py:3823} INFO - Setting next_dagrun for example_task_group to 2025-04-07 00:00:00+00:00, run_after=2025-04-08 00:00:00+00:00
[2025-04-08T05:47:25.843+0000] {processor.py:183} INFO - Processing /home/airflow/.local/lib/python3.8/site-packages/airflow/example_dags/example_task_group.py took 0.123 seconds
[2025-04-08T05:47:56.168+0000] {processor.py:161} INFO - Started process (PID=398) to work on /home/airflow/.local/lib/python3.8/site-packages/airflow/example_dags/example_task_group.py
[2025-04-08T05:47:56.169+0000] {processor.py:830} INFO - Processing file /home/airflow/.local/lib/python3.8/site-packages/airflow/example_dags/example_task_group.py for tasks to queue
[2025-04-08T05:47:56.172+0000] {logging_mixin.py:188} INFO - [2025-04-08T05:47:56.171+0000] {dagbag.py:538} INFO - Filling up the DagBag from /home/airflow/.local/lib/python3.8/site-packages/airflow/example_dags/example_task_group.py
[2025-04-08T05:47:56.180+0000] {processor.py:840} INFO - DAG(s) 'example_task_group' retrieved from /home/airflow/.local/lib/python3.8/site-packages/airflow/example_dags/example_task_group.py
[2025-04-08T05:47:56.207+0000] {logging_mixin.py:188} INFO - [2025-04-08T05:47:56.207+0000] {dag.py:3036} INFO - Sync 1 DAGs
[2025-04-08T05:47:56.234+0000] {logging_mixin.py:188} INFO - [2025-04-08T05:47:56.234+0000] {dag.py:3823} INFO - Setting next_dagrun for example_task_group to 2025-04-07 00:00:00+00:00, run_after=2025-04-08 00:00:00+00:00
[2025-04-08T05:47:56.330+0000] {processor.py:183} INFO - Processing /home/airflow/.local/lib/python3.8/site-packages/airflow/example_dags/example_task_group.py took 0.165 seconds
[2025-04-08T05:48:26.429+0000] {processor.py:161} INFO - Started process (PID=453) to work on /home/airflow/.local/lib/python3.8/site-packages/airflow/example_dags/example_task_group.py
[2025-04-08T05:48:26.430+0000] {processor.py:830} INFO - Processing file /home/airflow/.local/lib/python3.8/site-packages/airflow/example_dags/example_task_group.py for tasks to queue
[2025-04-08T05:48:26.432+0000] {logging_mixin.py:188} INFO - [2025-04-08T05:48:26.432+0000] {dagbag.py:538} INFO - Filling up the DagBag from /home/airflow/.local/lib/python3.8/site-packages/airflow/example_dags/example_task_group.py
[2025-04-08T05:48:26.440+0000] {processor.py:840} INFO - DAG(s) 'example_task_group' retrieved from /home/airflow/.local/lib/python3.8/site-packages/airflow/example_dags/example_task_group.py
[2025-04-08T05:48:26.466+0000] {logging_mixin.py:188} INFO - [2025-04-08T05:48:26.465+0000] {dag.py:3036} INFO - Sync 1 DAGs
[2025-04-08T05:48:26.491+0000] {logging_mixin.py:188} INFO - [2025-04-08T05:48:26.491+0000] {dag.py:3823} INFO - Setting next_dagrun for example_task_group to 2025-04-07 00:00:00+00:00, run_after=2025-04-08 00:00:00+00:00
[2025-04-08T05:48:26.541+0000] {processor.py:183} INFO - Processing /home/airflow/.local/lib/python3.8/site-packages/airflow/example_dags/example_task_group.py took 0.115 seconds
[2025-04-08T05:48:56.809+0000] {processor.py:161} INFO - Started process (PID=508) to work on /home/airflow/.local/lib/python3.8/site-packages/airflow/example_dags/example_task_group.py
[2025-04-08T05:48:56.810+0000] {processor.py:830} INFO - Processing file /home/airflow/.local/lib/python3.8/site-packages/airflow/example_dags/example_task_group.py for tasks to queue
[2025-04-08T05:48:56.812+0000] {logging_mixin.py:188} INFO - [2025-04-08T05:48:56.812+0000] {dagbag.py:538} INFO - Filling up the DagBag from /home/airflow/.local/lib/python3.8/site-packages/airflow/example_dags/example_task_group.py
[2025-04-08T05:48:56.821+0000] {processor.py:840} INFO - DAG(s) 'example_task_group' retrieved from /home/airflow/.local/lib/python3.8/site-packages/airflow/example_dags/example_task_group.py
[2025-04-08T05:48:56.848+0000] {logging_mixin.py:188} INFO - [2025-04-08T05:48:56.847+0000] {dag.py:3036} INFO - Sync 1 DAGs
[2025-04-08T05:48:56.874+0000] {logging_mixin.py:188} INFO - [2025-04-08T05:48:56.874+0000] {dag.py:3823} INFO - Setting next_dagrun for example_task_group to 2025-04-07 00:00:00+00:00, run_after=2025-04-08 00:00:00+00:00
[2025-04-08T05:48:56.938+0000] {processor.py:183} INFO - Processing /home/airflow/.local/lib/python3.8/site-packages/airflow/example_dags/example_task_group.py took 0.132 seconds
[2025-04-08T05:49:27.025+0000] {processor.py:161} INFO - Started process (PID=563) to work on /home/airflow/.local/lib/python3.8/site-packages/airflow/example_dags/example_task_group.py
[2025-04-08T05:49:27.026+0000] {processor.py:830} INFO - Processing file /home/airflow/.local/lib/python3.8/site-packages/airflow/example_dags/example_task_group.py for tasks to queue
[2025-04-08T05:49:27.029+0000] {logging_mixin.py:188} INFO - [2025-04-08T05:49:27.028+0000] {dagbag.py:538} INFO - Filling up the DagBag from /home/airflow/.local/lib/python3.8/site-packages/airflow/example_dags/example_task_group.py
[2025-04-08T05:49:27.038+0000] {processor.py:840} INFO - DAG(s) 'example_task_group' retrieved from /home/airflow/.local/lib/python3.8/site-packages/airflow/example_dags/example_task_group.py
[2025-04-08T05:49:27.062+0000] {logging_mixin.py:188} INFO - [2025-04-08T05:49:27.061+0000] {dag.py:3036} INFO - Sync 1 DAGs
[2025-04-08T05:49:27.091+0000] {logging_mixin.py:188} INFO - [2025-04-08T05:49:27.091+0000] {dag.py:3823} INFO - Setting next_dagrun for example_task_group to 2025-04-07 00:00:00+00:00, run_after=2025-04-08 00:00:00+00:00
[2025-04-08T05:49:30.751+0000] {processor.py:183} INFO - Processing /home/airflow/.local/lib/python3.8/site-packages/airflow/example_dags/example_task_group.py took 0.145 seconds
[2025-04-08T05:50:01.263+0000] {processor.py:161} INFO - Started process (PID=618) to work on /home/airflow/.local/lib/python3.8/site-packages/airflow/example_dags/example_task_group.py
[2025-04-08T05:50:01.264+0000] {processor.py:830} INFO - Processing file /home/airflow/.local/lib/python3.8/site-packages/airflow/example_dags/example_task_group.py for tasks to queue
[2025-04-08T05:50:01.266+0000] {logging_mixin.py:188} INFO - [2025-04-08T05:50:01.266+0000] {dagbag.py:538} INFO - Filling up the DagBag from /home/airflow/.local/lib/python3.8/site-packages/airflow/example_dags/example_task_group.py
[2025-04-08T05:50:01.274+0000] {processor.py:840} INFO - DAG(s) 'example_task_group' retrieved from /home/airflow/.local/lib/python3.8/site-packages/airflow/example_dags/example_task_group.py
[2025-04-08T05:50:01.299+0000] {logging_mixin.py:188} INFO - [2025-04-08T05:50:01.299+0000] {dag.py:3036} INFO - Sync 1 DAGs
[2025-04-08T05:50:01.325+0000] {logging_mixin.py:188} INFO - [2025-04-08T05:50:01.324+0000] {dag.py:3823} INFO - Setting next_dagrun for example_task_group to 2025-04-07 00:00:00+00:00, run_after=2025-04-08 00:00:00+00:00
[2025-04-08T05:50:01.394+0000] {processor.py:183} INFO - Processing /home/airflow/.local/lib/python3.8/site-packages/airflow/example_dags/example_task_group.py took 0.135 seconds
[2025-04-08T05:50:31.776+0000] {processor.py:161} INFO - Started process (PID=673) to work on /home/airflow/.local/lib/python3.8/site-packages/airflow/example_dags/example_task_group.py
[2025-04-08T05:50:31.777+0000] {processor.py:830} INFO - Processing file /home/airflow/.local/lib/python3.8/site-packages/airflow/example_dags/example_task_group.py for tasks to queue
[2025-04-08T05:50:31.779+0000] {logging_mixin.py:188} INFO - [2025-04-08T05:50:31.779+0000] {dagbag.py:538} INFO - Filling up the DagBag from /home/airflow/.local/lib/python3.8/site-packages/airflow/example_dags/example_task_group.py
[2025-04-08T05:50:31.787+0000] {processor.py:840} INFO - DAG(s) 'example_task_group' retrieved from /home/airflow/.local/lib/python3.8/site-packages/airflow/example_dags/example_task_group.py
[2025-04-08T05:50:31.809+0000] {logging_mixin.py:188} INFO - [2025-04-08T05:50:31.809+0000] {dag.py:3036} INFO - Sync 1 DAGs
[2025-04-08T05:50:31.831+0000] {logging_mixin.py:188} INFO - [2025-04-08T05:50:31.831+0000] {dag.py:3823} INFO - Setting next_dagrun for example_task_group to 2025-04-07 00:00:00+00:00, run_after=2025-04-08 00:00:00+00:00
[2025-04-08T05:50:31.896+0000] {processor.py:183} INFO - Processing /home/airflow/.local/lib/python3.8/site-packages/airflow/example_dags/example_task_group.py took 0.126 seconds
[2025-04-08T05:54:02.727+0000] {processor.py:161} INFO - Started process (PID=63) to work on /home/airflow/.local/lib/python3.8/site-packages/airflow/example_dags/example_task_group.py
[2025-04-08T05:54:02.728+0000] {processor.py:830} INFO - Processing file /home/airflow/.local/lib/python3.8/site-packages/airflow/example_dags/example_task_group.py for tasks to queue
[2025-04-08T05:54:02.730+0000] {logging_mixin.py:188} INFO - [2025-04-08T05:54:02.730+0000] {dagbag.py:538} INFO - Filling up the DagBag from /home/airflow/.local/lib/python3.8/site-packages/airflow/example_dags/example_task_group.py
[2025-04-08T05:54:02.738+0000] {processor.py:840} INFO - DAG(s) 'example_task_group' retrieved from /home/airflow/.local/lib/python3.8/site-packages/airflow/example_dags/example_task_group.py
[2025-04-08T05:54:02.876+0000] {logging_mixin.py:188} INFO - [2025-04-08T05:54:02.875+0000] {dag.py:3036} INFO - Sync 1 DAGs
[2025-04-08T05:54:02.901+0000] {logging_mixin.py:188} INFO - [2025-04-08T05:54:02.901+0000] {dag.py:3823} INFO - Setting next_dagrun for example_task_group to 2025-04-07 00:00:00+00:00, run_after=2025-04-08 00:00:00+00:00
[2025-04-08T05:54:02.958+0000] {processor.py:183} INFO - Processing /home/airflow/.local/lib/python3.8/site-packages/airflow/example_dags/example_task_group.py took 0.235 seconds
[2025-04-08T05:54:33.271+0000] {processor.py:161} INFO - Started process (PID=112) to work on /home/airflow/.local/lib/python3.8/site-packages/airflow/example_dags/example_task_group.py
[2025-04-08T05:54:33.272+0000] {processor.py:830} INFO - Processing file /home/airflow/.local/lib/python3.8/site-packages/airflow/example_dags/example_task_group.py for tasks to queue
[2025-04-08T05:54:33.274+0000] {logging_mixin.py:188} INFO - [2025-04-08T05:54:33.274+0000] {dagbag.py:538} INFO - Filling up the DagBag from /home/airflow/.local/lib/python3.8/site-packages/airflow/example_dags/example_task_group.py
[2025-04-08T05:54:33.281+0000] {processor.py:840} INFO - DAG(s) 'example_task_group' retrieved from /home/airflow/.local/lib/python3.8/site-packages/airflow/example_dags/example_task_group.py
[2025-04-08T05:54:33.304+0000] {logging_mixin.py:188} INFO - [2025-04-08T05:54:33.303+0000] {dag.py:3036} INFO - Sync 1 DAGs
[2025-04-08T05:54:33.325+0000] {logging_mixin.py:188} INFO - [2025-04-08T05:54:33.325+0000] {dag.py:3823} INFO - Setting next_dagrun for example_task_group to 2025-04-07 00:00:00+00:00, run_after=2025-04-08 00:00:00+00:00
[2025-04-08T05:54:33.380+0000] {processor.py:183} INFO - Processing /home/airflow/.local/lib/python3.8/site-packages/airflow/example_dags/example_task_group.py took 0.112 seconds
[2025-04-08T05:55:03.771+0000] {processor.py:161} INFO - Started process (PID=168) to work on /home/airflow/.local/lib/python3.8/site-packages/airflow/example_dags/example_task_group.py
[2025-04-08T05:55:03.772+0000] {processor.py:830} INFO - Processing file /home/airflow/.local/lib/python3.8/site-packages/airflow/example_dags/example_task_group.py for tasks to queue
[2025-04-08T05:55:03.774+0000] {logging_mixin.py:188} INFO - [2025-04-08T05:55:03.774+0000] {dagbag.py:538} INFO - Filling up the DagBag from /home/airflow/.local/lib/python3.8/site-packages/airflow/example_dags/example_task_group.py
[2025-04-08T05:55:03.781+0000] {processor.py:840} INFO - DAG(s) 'example_task_group' retrieved from /home/airflow/.local/lib/python3.8/site-packages/airflow/example_dags/example_task_group.py
[2025-04-08T05:55:03.804+0000] {logging_mixin.py:188} INFO - [2025-04-08T05:55:03.804+0000] {dag.py:3036} INFO - Sync 1 DAGs
[2025-04-08T05:55:03.827+0000] {logging_mixin.py:188} INFO - [2025-04-08T05:55:03.827+0000] {dag.py:3823} INFO - Setting next_dagrun for example_task_group to 2025-04-07 00:00:00+00:00, run_after=2025-04-08 00:00:00+00:00
[2025-04-08T05:55:03.912+0000] {processor.py:183} INFO - Processing /home/airflow/.local/lib/python3.8/site-packages/airflow/example_dags/example_task_group.py took 0.143 seconds
[2025-04-08T05:55:34.228+0000] {processor.py:161} INFO - Started process (PID=223) to work on /home/airflow/.local/lib/python3.8/site-packages/airflow/example_dags/example_task_group.py
[2025-04-08T05:55:34.229+0000] {processor.py:830} INFO - Processing file /home/airflow/.local/lib/python3.8/site-packages/airflow/example_dags/example_task_group.py for tasks to queue
[2025-04-08T05:55:34.231+0000] {logging_mixin.py:188} INFO - [2025-04-08T05:55:34.230+0000] {dagbag.py:538} INFO - Filling up the DagBag from /home/airflow/.local/lib/python3.8/site-packages/airflow/example_dags/example_task_group.py
[2025-04-08T05:55:34.237+0000] {processor.py:840} INFO - DAG(s) 'example_task_group' retrieved from /home/airflow/.local/lib/python3.8/site-packages/airflow/example_dags/example_task_group.py
[2025-04-08T05:55:34.260+0000] {logging_mixin.py:188} INFO - [2025-04-08T05:55:34.259+0000] {dag.py:3036} INFO - Sync 1 DAGs
[2025-04-08T05:55:34.281+0000] {logging_mixin.py:188} INFO - [2025-04-08T05:55:34.280+0000] {dag.py:3823} INFO - Setting next_dagrun for example_task_group to 2025-04-07 00:00:00+00:00, run_after=2025-04-08 00:00:00+00:00
[2025-04-08T05:55:34.337+0000] {processor.py:183} INFO - Processing /home/airflow/.local/lib/python3.8/site-packages/airflow/example_dags/example_task_group.py took 0.112 seconds
[2025-04-08T05:56:05.789+0000] {processor.py:161} INFO - Started process (PID=278) to work on /home/airflow/.local/lib/python3.8/site-packages/airflow/example_dags/example_task_group.py
[2025-04-08T05:56:05.790+0000] {processor.py:830} INFO - Processing file /home/airflow/.local/lib/python3.8/site-packages/airflow/example_dags/example_task_group.py for tasks to queue
[2025-04-08T05:56:05.792+0000] {logging_mixin.py:188} INFO - [2025-04-08T05:56:05.791+0000] {dagbag.py:538} INFO - Filling up the DagBag from /home/airflow/.local/lib/python3.8/site-packages/airflow/example_dags/example_task_group.py
[2025-04-08T05:56:05.798+0000] {processor.py:840} INFO - DAG(s) 'example_task_group' retrieved from /home/airflow/.local/lib/python3.8/site-packages/airflow/example_dags/example_task_group.py
[2025-04-08T05:56:05.819+0000] {logging_mixin.py:188} INFO - [2025-04-08T05:56:05.819+0000] {dag.py:3036} INFO - Sync 1 DAGs
[2025-04-08T05:56:05.840+0000] {logging_mixin.py:188} INFO - [2025-04-08T05:56:05.839+0000] {dag.py:3823} INFO - Setting next_dagrun for example_task_group to 2025-04-07 00:00:00+00:00, run_after=2025-04-08 00:00:00+00:00
[2025-04-08T05:56:05.898+0000] {processor.py:183} INFO - Processing /home/airflow/.local/lib/python3.8/site-packages/airflow/example_dags/example_task_group.py took 0.112 seconds
[2025-04-08T05:56:36.344+0000] {processor.py:161} INFO - Started process (PID=333) to work on /home/airflow/.local/lib/python3.8/site-packages/airflow/example_dags/example_task_group.py
[2025-04-08T05:56:36.347+0000] {processor.py:830} INFO - Processing file /home/airflow/.local/lib/python3.8/site-packages/airflow/example_dags/example_task_group.py for tasks to queue
[2025-04-08T05:56:36.350+0000] {logging_mixin.py:188} INFO - [2025-04-08T05:56:36.349+0000] {dagbag.py:538} INFO - Filling up the DagBag from /home/airflow/.local/lib/python3.8/site-packages/airflow/example_dags/example_task_group.py
[2025-04-08T05:56:36.359+0000] {processor.py:840} INFO - DAG(s) 'example_task_group' retrieved from /home/airflow/.local/lib/python3.8/site-packages/airflow/example_dags/example_task_group.py
[2025-04-08T05:56:36.383+0000] {logging_mixin.py:188} INFO - [2025-04-08T05:56:36.382+0000] {dag.py:3036} INFO - Sync 1 DAGs
[2025-04-08T05:56:36.416+0000] {logging_mixin.py:188} INFO - [2025-04-08T05:56:36.416+0000] {dag.py:3823} INFO - Setting next_dagrun for example_task_group to 2025-04-07 00:00:00+00:00, run_after=2025-04-08 00:00:00+00:00
[2025-04-08T05:56:36.473+0000] {processor.py:183} INFO - Processing /home/airflow/.local/lib/python3.8/site-packages/airflow/example_dags/example_task_group.py took 0.137 seconds
[2025-04-08T05:57:06.615+0000] {processor.py:161} INFO - Started process (PID=389) to work on /home/airflow/.local/lib/python3.8/site-packages/airflow/example_dags/example_task_group.py
[2025-04-08T05:57:06.616+0000] {processor.py:830} INFO - Processing file /home/airflow/.local/lib/python3.8/site-packages/airflow/example_dags/example_task_group.py for tasks to queue
[2025-04-08T05:57:06.619+0000] {logging_mixin.py:188} INFO - [2025-04-08T05:57:06.618+0000] {dagbag.py:538} INFO - Filling up the DagBag from /home/airflow/.local/lib/python3.8/site-packages/airflow/example_dags/example_task_group.py
[2025-04-08T05:57:06.626+0000] {processor.py:840} INFO - DAG(s) 'example_task_group' retrieved from /home/airflow/.local/lib/python3.8/site-packages/airflow/example_dags/example_task_group.py
[2025-04-08T05:57:06.650+0000] {logging_mixin.py:188} INFO - [2025-04-08T05:57:06.649+0000] {dag.py:3036} INFO - Sync 1 DAGs
[2025-04-08T05:57:06.684+0000] {logging_mixin.py:188} INFO - [2025-04-08T05:57:06.684+0000] {dag.py:3823} INFO - Setting next_dagrun for example_task_group to 2025-04-07 00:00:00+00:00, run_after=2025-04-08 00:00:00+00:00
[2025-04-08T05:57:06.781+0000] {processor.py:183} INFO - Processing /home/airflow/.local/lib/python3.8/site-packages/airflow/example_dags/example_task_group.py took 0.169 seconds
[2025-04-08T05:57:36.928+0000] {processor.py:161} INFO - Started process (PID=444) to work on /home/airflow/.local/lib/python3.8/site-packages/airflow/example_dags/example_task_group.py
[2025-04-08T05:57:36.930+0000] {processor.py:830} INFO - Processing file /home/airflow/.local/lib/python3.8/site-packages/airflow/example_dags/example_task_group.py for tasks to queue
[2025-04-08T05:57:36.931+0000] {logging_mixin.py:188} INFO - [2025-04-08T05:57:36.931+0000] {dagbag.py:538} INFO - Filling up the DagBag from /home/airflow/.local/lib/python3.8/site-packages/airflow/example_dags/example_task_group.py
[2025-04-08T05:57:36.937+0000] {processor.py:840} INFO - DAG(s) 'example_task_group' retrieved from /home/airflow/.local/lib/python3.8/site-packages/airflow/example_dags/example_task_group.py
[2025-04-08T05:57:36.959+0000] {logging_mixin.py:188} INFO - [2025-04-08T05:57:36.959+0000] {dag.py:3036} INFO - Sync 1 DAGs
[2025-04-08T05:57:36.979+0000] {logging_mixin.py:188} INFO - [2025-04-08T05:57:36.979+0000] {dag.py:3823} INFO - Setting next_dagrun for example_task_group to 2025-04-07 00:00:00+00:00, run_after=2025-04-08 00:00:00+00:00
[2025-04-08T05:57:37.031+0000] {processor.py:183} INFO - Processing /home/airflow/.local/lib/python3.8/site-packages/airflow/example_dags/example_task_group.py took 0.105 seconds
[2025-04-08T05:58:07.726+0000] {processor.py:161} INFO - Started process (PID=498) to work on /home/airflow/.local/lib/python3.8/site-packages/airflow/example_dags/example_task_group.py
[2025-04-08T05:58:07.727+0000] {processor.py:830} INFO - Processing file /home/airflow/.local/lib/python3.8/site-packages/airflow/example_dags/example_task_group.py for tasks to queue
[2025-04-08T05:58:07.729+0000] {logging_mixin.py:188} INFO - [2025-04-08T05:58:07.729+0000] {dagbag.py:538} INFO - Filling up the DagBag from /home/airflow/.local/lib/python3.8/site-packages/airflow/example_dags/example_task_group.py
[2025-04-08T05:58:07.739+0000] {processor.py:840} INFO - DAG(s) 'example_task_group' retrieved from /home/airflow/.local/lib/python3.8/site-packages/airflow/example_dags/example_task_group.py
[2025-04-08T05:58:07.765+0000] {logging_mixin.py:188} INFO - [2025-04-08T05:58:07.764+0000] {dag.py:3036} INFO - Sync 1 DAGs
[2025-04-08T05:58:07.790+0000] {logging_mixin.py:188} INFO - [2025-04-08T05:58:07.789+0000] {dag.py:3823} INFO - Setting next_dagrun for example_task_group to 2025-04-07 00:00:00+00:00, run_after=2025-04-08 00:00:00+00:00
[2025-04-08T05:58:07.868+0000] {processor.py:183} INFO - Processing /home/airflow/.local/lib/python3.8/site-packages/airflow/example_dags/example_task_group.py took 0.145 seconds
[2025-04-08T05:58:38.636+0000] {processor.py:161} INFO - Started process (PID=553) to work on /home/airflow/.local/lib/python3.8/site-packages/airflow/example_dags/example_task_group.py
[2025-04-08T05:58:38.637+0000] {processor.py:830} INFO - Processing file /home/airflow/.local/lib/python3.8/site-packages/airflow/example_dags/example_task_group.py for tasks to queue
[2025-04-08T05:58:38.639+0000] {logging_mixin.py:188} INFO - [2025-04-08T05:58:38.639+0000] {dagbag.py:538} INFO - Filling up the DagBag from /home/airflow/.local/lib/python3.8/site-packages/airflow/example_dags/example_task_group.py
[2025-04-08T05:58:38.647+0000] {processor.py:840} INFO - DAG(s) 'example_task_group' retrieved from /home/airflow/.local/lib/python3.8/site-packages/airflow/example_dags/example_task_group.py
[2025-04-08T05:58:38.671+0000] {logging_mixin.py:188} INFO - [2025-04-08T05:58:38.671+0000] {dag.py:3036} INFO - Sync 1 DAGs
[2025-04-08T05:58:38.691+0000] {logging_mixin.py:188} INFO - [2025-04-08T05:58:38.691+0000] {dag.py:3823} INFO - Setting next_dagrun for example_task_group to 2025-04-07 00:00:00+00:00, run_after=2025-04-08 00:00:00+00:00
[2025-04-08T05:58:38.762+0000] {processor.py:183} INFO - Processing /home/airflow/.local/lib/python3.8/site-packages/airflow/example_dags/example_task_group.py took 0.128 seconds
