[2025-04-08T05:44:50.835+0000] {processor.py:161} INFO - Started process (PID=65) to work on /home/airflow/.local/lib/python3.8/site-packages/airflow/example_dags/example_nested_branch_dag.py
[2025-04-08T05:44:50.836+0000] {processor.py:830} INFO - Processing file /home/airflow/.local/lib/python3.8/site-packages/airflow/example_dags/example_nested_branch_dag.py for tasks to queue
[2025-04-08T05:44:50.838+0000] {logging_mixin.py:188} INFO - [2025-04-08T05:44:50.838+0000] {dagbag.py:538} INFO - Filling up the DagBag from /home/airflow/.local/lib/python3.8/site-packages/airflow/example_dags/example_nested_branch_dag.py
[2025-04-08T05:44:50.850+0000] {processor.py:840} INFO - DAG(s) 'example_nested_branch_dag' retrieved from /home/airflow/.local/lib/python3.8/site-packages/airflow/example_dags/example_nested_branch_dag.py
[2025-04-08T05:44:50.981+0000] {logging_mixin.py:188} INFO - [2025-04-08T05:44:50.980+0000] {dag.py:3036} INFO - Sync 1 DAGs
[2025-04-08T05:44:51.003+0000] {logging_mixin.py:188} INFO - [2025-04-08T05:44:51.003+0000] {dag.py:3823} INFO - Setting next_dagrun for example_nested_branch_dag to 2025-04-07 00:00:00+00:00, run_after=2025-04-08 00:00:00+00:00
[2025-04-08T05:44:51.077+0000] {processor.py:183} INFO - Processing /home/airflow/.local/lib/python3.8/site-packages/airflow/example_dags/example_nested_branch_dag.py took 0.245 seconds
[2025-04-08T05:45:24.011+0000] {processor.py:161} INFO - Started process (PID=120) to work on /home/airflow/.local/lib/python3.8/site-packages/airflow/example_dags/example_nested_branch_dag.py
[2025-04-08T05:45:24.012+0000] {processor.py:830} INFO - Processing file /home/airflow/.local/lib/python3.8/site-packages/airflow/example_dags/example_nested_branch_dag.py for tasks to queue
[2025-04-08T05:45:24.014+0000] {logging_mixin.py:188} INFO - [2025-04-08T05:45:24.014+0000] {dagbag.py:538} INFO - Filling up the DagBag from /home/airflow/.local/lib/python3.8/site-packages/airflow/example_dags/example_nested_branch_dag.py
[2025-04-08T05:45:24.026+0000] {processor.py:840} INFO - DAG(s) 'example_nested_branch_dag' retrieved from /home/airflow/.local/lib/python3.8/site-packages/airflow/example_dags/example_nested_branch_dag.py
[2025-04-08T05:45:24.053+0000] {logging_mixin.py:188} INFO - [2025-04-08T05:45:24.053+0000] {dag.py:3036} INFO - Sync 1 DAGs
[2025-04-08T05:45:24.078+0000] {logging_mixin.py:188} INFO - [2025-04-08T05:45:24.078+0000] {dag.py:3823} INFO - Setting next_dagrun for example_nested_branch_dag to 2025-04-07 00:00:00+00:00, run_after=2025-04-08 00:00:00+00:00
[2025-04-08T05:45:24.132+0000] {processor.py:183} INFO - Processing /home/airflow/.local/lib/python3.8/site-packages/airflow/example_dags/example_nested_branch_dag.py took 0.124 seconds
[2025-04-08T05:45:54.459+0000] {processor.py:161} INFO - Started process (PID=175) to work on /home/airflow/.local/lib/python3.8/site-packages/airflow/example_dags/example_nested_branch_dag.py
[2025-04-08T05:45:54.461+0000] {processor.py:830} INFO - Processing file /home/airflow/.local/lib/python3.8/site-packages/airflow/example_dags/example_nested_branch_dag.py for tasks to queue
[2025-04-08T05:45:54.464+0000] {logging_mixin.py:188} INFO - [2025-04-08T05:45:54.464+0000] {dagbag.py:538} INFO - Filling up the DagBag from /home/airflow/.local/lib/python3.8/site-packages/airflow/example_dags/example_nested_branch_dag.py
[2025-04-08T05:45:54.473+0000] {processor.py:840} INFO - DAG(s) 'example_nested_branch_dag' retrieved from /home/airflow/.local/lib/python3.8/site-packages/airflow/example_dags/example_nested_branch_dag.py
[2025-04-08T05:45:54.498+0000] {logging_mixin.py:188} INFO - [2025-04-08T05:45:54.497+0000] {dag.py:3036} INFO - Sync 1 DAGs
[2025-04-08T05:45:54.525+0000] {logging_mixin.py:188} INFO - [2025-04-08T05:45:54.525+0000] {dag.py:3823} INFO - Setting next_dagrun for example_nested_branch_dag to 2025-04-07 00:00:00+00:00, run_after=2025-04-08 00:00:00+00:00
[2025-04-08T05:45:54.579+0000] {processor.py:183} INFO - Processing /home/airflow/.local/lib/python3.8/site-packages/airflow/example_dags/example_nested_branch_dag.py took 0.123 seconds
[2025-04-08T05:46:24.727+0000] {processor.py:161} INFO - Started process (PID=230) to work on /home/airflow/.local/lib/python3.8/site-packages/airflow/example_dags/example_nested_branch_dag.py
[2025-04-08T05:46:24.728+0000] {processor.py:830} INFO - Processing file /home/airflow/.local/lib/python3.8/site-packages/airflow/example_dags/example_nested_branch_dag.py for tasks to queue
[2025-04-08T05:46:24.731+0000] {logging_mixin.py:188} INFO - [2025-04-08T05:46:24.730+0000] {dagbag.py:538} INFO - Filling up the DagBag from /home/airflow/.local/lib/python3.8/site-packages/airflow/example_dags/example_nested_branch_dag.py
[2025-04-08T05:46:24.746+0000] {processor.py:840} INFO - DAG(s) 'example_nested_branch_dag' retrieved from /home/airflow/.local/lib/python3.8/site-packages/airflow/example_dags/example_nested_branch_dag.py
[2025-04-08T05:46:24.769+0000] {logging_mixin.py:188} INFO - [2025-04-08T05:46:24.768+0000] {dag.py:3036} INFO - Sync 1 DAGs
[2025-04-08T05:46:24.794+0000] {logging_mixin.py:188} INFO - [2025-04-08T05:46:24.793+0000] {dag.py:3823} INFO - Setting next_dagrun for example_nested_branch_dag to 2025-04-07 00:00:00+00:00, run_after=2025-04-08 00:00:00+00:00
[2025-04-08T05:46:24.910+0000] {processor.py:183} INFO - Processing /home/airflow/.local/lib/python3.8/site-packages/airflow/example_dags/example_nested_branch_dag.py took 0.186 seconds
[2025-04-08T05:46:55.233+0000] {processor.py:161} INFO - Started process (PID=285) to work on /home/airflow/.local/lib/python3.8/site-packages/airflow/example_dags/example_nested_branch_dag.py
[2025-04-08T05:46:55.234+0000] {processor.py:830} INFO - Processing file /home/airflow/.local/lib/python3.8/site-packages/airflow/example_dags/example_nested_branch_dag.py for tasks to queue
[2025-04-08T05:46:55.236+0000] {logging_mixin.py:188} INFO - [2025-04-08T05:46:55.236+0000] {dagbag.py:538} INFO - Filling up the DagBag from /home/airflow/.local/lib/python3.8/site-packages/airflow/example_dags/example_nested_branch_dag.py
[2025-04-08T05:46:55.247+0000] {processor.py:840} INFO - DAG(s) 'example_nested_branch_dag' retrieved from /home/airflow/.local/lib/python3.8/site-packages/airflow/example_dags/example_nested_branch_dag.py
[2025-04-08T05:46:55.273+0000] {logging_mixin.py:188} INFO - [2025-04-08T05:46:55.272+0000] {dag.py:3036} INFO - Sync 1 DAGs
[2025-04-08T05:46:55.300+0000] {logging_mixin.py:188} INFO - [2025-04-08T05:46:55.300+0000] {dag.py:3823} INFO - Setting next_dagrun for example_nested_branch_dag to 2025-04-07 00:00:00+00:00, run_after=2025-04-08 00:00:00+00:00
[2025-04-08T05:46:55.369+0000] {processor.py:183} INFO - Processing /home/airflow/.local/lib/python3.8/site-packages/airflow/example_dags/example_nested_branch_dag.py took 0.139 seconds
[2025-04-08T05:47:25.458+0000] {processor.py:161} INFO - Started process (PID=340) to work on /home/airflow/.local/lib/python3.8/site-packages/airflow/example_dags/example_nested_branch_dag.py
[2025-04-08T05:47:25.459+0000] {processor.py:830} INFO - Processing file /home/airflow/.local/lib/python3.8/site-packages/airflow/example_dags/example_nested_branch_dag.py for tasks to queue
[2025-04-08T05:47:25.461+0000] {logging_mixin.py:188} INFO - [2025-04-08T05:47:25.460+0000] {dagbag.py:538} INFO - Filling up the DagBag from /home/airflow/.local/lib/python3.8/site-packages/airflow/example_dags/example_nested_branch_dag.py
[2025-04-08T05:47:25.471+0000] {processor.py:840} INFO - DAG(s) 'example_nested_branch_dag' retrieved from /home/airflow/.local/lib/python3.8/site-packages/airflow/example_dags/example_nested_branch_dag.py
[2025-04-08T05:47:25.494+0000] {logging_mixin.py:188} INFO - [2025-04-08T05:47:25.494+0000] {dag.py:3036} INFO - Sync 1 DAGs
[2025-04-08T05:47:25.520+0000] {logging_mixin.py:188} INFO - [2025-04-08T05:47:25.520+0000] {dag.py:3823} INFO - Setting next_dagrun for example_nested_branch_dag to 2025-04-07 00:00:00+00:00, run_after=2025-04-08 00:00:00+00:00
[2025-04-08T05:47:25.600+0000] {processor.py:183} INFO - Processing /home/airflow/.local/lib/python3.8/site-packages/airflow/example_dags/example_nested_branch_dag.py took 0.145 seconds
[2025-04-08T05:47:55.754+0000] {processor.py:161} INFO - Started process (PID=395) to work on /home/airflow/.local/lib/python3.8/site-packages/airflow/example_dags/example_nested_branch_dag.py
[2025-04-08T05:47:55.756+0000] {processor.py:830} INFO - Processing file /home/airflow/.local/lib/python3.8/site-packages/airflow/example_dags/example_nested_branch_dag.py for tasks to queue
[2025-04-08T05:47:55.758+0000] {logging_mixin.py:188} INFO - [2025-04-08T05:47:55.757+0000] {dagbag.py:538} INFO - Filling up the DagBag from /home/airflow/.local/lib/python3.8/site-packages/airflow/example_dags/example_nested_branch_dag.py
[2025-04-08T05:47:55.770+0000] {processor.py:840} INFO - DAG(s) 'example_nested_branch_dag' retrieved from /home/airflow/.local/lib/python3.8/site-packages/airflow/example_dags/example_nested_branch_dag.py
[2025-04-08T05:47:55.797+0000] {logging_mixin.py:188} INFO - [2025-04-08T05:47:55.796+0000] {dag.py:3036} INFO - Sync 1 DAGs
[2025-04-08T05:47:55.824+0000] {logging_mixin.py:188} INFO - [2025-04-08T05:47:55.824+0000] {dag.py:3823} INFO - Setting next_dagrun for example_nested_branch_dag to 2025-04-07 00:00:00+00:00, run_after=2025-04-08 00:00:00+00:00
[2025-04-08T05:47:55.981+0000] {processor.py:183} INFO - Processing /home/airflow/.local/lib/python3.8/site-packages/airflow/example_dags/example_nested_branch_dag.py took 0.230 seconds
[2025-04-08T05:48:26.132+0000] {processor.py:161} INFO - Started process (PID=450) to work on /home/airflow/.local/lib/python3.8/site-packages/airflow/example_dags/example_nested_branch_dag.py
[2025-04-08T05:48:26.133+0000] {processor.py:830} INFO - Processing file /home/airflow/.local/lib/python3.8/site-packages/airflow/example_dags/example_nested_branch_dag.py for tasks to queue
[2025-04-08T05:48:26.136+0000] {logging_mixin.py:188} INFO - [2025-04-08T05:48:26.135+0000] {dagbag.py:538} INFO - Filling up the DagBag from /home/airflow/.local/lib/python3.8/site-packages/airflow/example_dags/example_nested_branch_dag.py
[2025-04-08T05:48:26.147+0000] {processor.py:840} INFO - DAG(s) 'example_nested_branch_dag' retrieved from /home/airflow/.local/lib/python3.8/site-packages/airflow/example_dags/example_nested_branch_dag.py
[2025-04-08T05:48:26.176+0000] {logging_mixin.py:188} INFO - [2025-04-08T05:48:26.176+0000] {dag.py:3036} INFO - Sync 1 DAGs
[2025-04-08T05:48:26.205+0000] {logging_mixin.py:188} INFO - [2025-04-08T05:48:26.205+0000] {dag.py:3823} INFO - Setting next_dagrun for example_nested_branch_dag to 2025-04-07 00:00:00+00:00, run_after=2025-04-08 00:00:00+00:00
[2025-04-08T05:48:26.330+0000] {processor.py:183} INFO - Processing /home/airflow/.local/lib/python3.8/site-packages/airflow/example_dags/example_nested_branch_dag.py took 0.201 seconds
[2025-04-08T05:48:56.448+0000] {processor.py:161} INFO - Started process (PID=505) to work on /home/airflow/.local/lib/python3.8/site-packages/airflow/example_dags/example_nested_branch_dag.py
[2025-04-08T05:48:56.449+0000] {processor.py:830} INFO - Processing file /home/airflow/.local/lib/python3.8/site-packages/airflow/example_dags/example_nested_branch_dag.py for tasks to queue
[2025-04-08T05:48:56.451+0000] {logging_mixin.py:188} INFO - [2025-04-08T05:48:56.451+0000] {dagbag.py:538} INFO - Filling up the DagBag from /home/airflow/.local/lib/python3.8/site-packages/airflow/example_dags/example_nested_branch_dag.py
[2025-04-08T05:48:56.462+0000] {processor.py:840} INFO - DAG(s) 'example_nested_branch_dag' retrieved from /home/airflow/.local/lib/python3.8/site-packages/airflow/example_dags/example_nested_branch_dag.py
[2025-04-08T05:48:56.487+0000] {logging_mixin.py:188} INFO - [2025-04-08T05:48:56.487+0000] {dag.py:3036} INFO - Sync 1 DAGs
[2025-04-08T05:48:56.512+0000] {logging_mixin.py:188} INFO - [2025-04-08T05:48:56.512+0000] {dag.py:3823} INFO - Setting next_dagrun for example_nested_branch_dag to 2025-04-07 00:00:00+00:00, run_after=2025-04-08 00:00:00+00:00
[2025-04-08T05:48:56.589+0000] {processor.py:183} INFO - Processing /home/airflow/.local/lib/python3.8/site-packages/airflow/example_dags/example_nested_branch_dag.py took 0.144 seconds
[2025-04-08T05:49:26.683+0000] {processor.py:161} INFO - Started process (PID=560) to work on /home/airflow/.local/lib/python3.8/site-packages/airflow/example_dags/example_nested_branch_dag.py
[2025-04-08T05:49:26.684+0000] {processor.py:830} INFO - Processing file /home/airflow/.local/lib/python3.8/site-packages/airflow/example_dags/example_nested_branch_dag.py for tasks to queue
[2025-04-08T05:49:26.686+0000] {logging_mixin.py:188} INFO - [2025-04-08T05:49:26.685+0000] {dagbag.py:538} INFO - Filling up the DagBag from /home/airflow/.local/lib/python3.8/site-packages/airflow/example_dags/example_nested_branch_dag.py
[2025-04-08T05:49:26.696+0000] {processor.py:840} INFO - DAG(s) 'example_nested_branch_dag' retrieved from /home/airflow/.local/lib/python3.8/site-packages/airflow/example_dags/example_nested_branch_dag.py
[2025-04-08T05:49:26.720+0000] {logging_mixin.py:188} INFO - [2025-04-08T05:49:26.720+0000] {dag.py:3036} INFO - Sync 1 DAGs
[2025-04-08T05:49:26.745+0000] {logging_mixin.py:188} INFO - [2025-04-08T05:49:26.745+0000] {dag.py:3823} INFO - Setting next_dagrun for example_nested_branch_dag to 2025-04-07 00:00:00+00:00, run_after=2025-04-08 00:00:00+00:00
[2025-04-08T05:49:26.832+0000] {processor.py:183} INFO - Processing /home/airflow/.local/lib/python3.8/site-packages/airflow/example_dags/example_nested_branch_dag.py took 0.152 seconds
[2025-04-08T05:49:56.952+0000] {processor.py:161} INFO - Started process (PID=615) to work on /home/airflow/.local/lib/python3.8/site-packages/airflow/example_dags/example_nested_branch_dag.py
[2025-04-08T05:49:56.953+0000] {processor.py:830} INFO - Processing file /home/airflow/.local/lib/python3.8/site-packages/airflow/example_dags/example_nested_branch_dag.py for tasks to queue
[2025-04-08T05:49:56.955+0000] {logging_mixin.py:188} INFO - [2025-04-08T05:49:56.955+0000] {dagbag.py:538} INFO - Filling up the DagBag from /home/airflow/.local/lib/python3.8/site-packages/airflow/example_dags/example_nested_branch_dag.py
[2025-04-08T05:49:56.967+0000] {processor.py:840} INFO - DAG(s) 'example_nested_branch_dag' retrieved from /home/airflow/.local/lib/python3.8/site-packages/airflow/example_dags/example_nested_branch_dag.py
[2025-04-08T05:49:56.993+0000] {logging_mixin.py:188} INFO - [2025-04-08T05:49:56.993+0000] {dag.py:3036} INFO - Sync 1 DAGs
[2025-04-08T05:49:57.020+0000] {logging_mixin.py:188} INFO - [2025-04-08T05:49:57.020+0000] {dag.py:3823} INFO - Setting next_dagrun for example_nested_branch_dag to 2025-04-07 00:00:00+00:00, run_after=2025-04-08 00:00:00+00:00
[2025-04-08T05:49:57.094+0000] {processor.py:183} INFO - Processing /home/airflow/.local/lib/python3.8/site-packages/airflow/example_dags/example_nested_branch_dag.py took 0.145 seconds
[2025-04-08T05:50:27.476+0000] {processor.py:161} INFO - Started process (PID=670) to work on /home/airflow/.local/lib/python3.8/site-packages/airflow/example_dags/example_nested_branch_dag.py
[2025-04-08T05:50:27.477+0000] {processor.py:830} INFO - Processing file /home/airflow/.local/lib/python3.8/site-packages/airflow/example_dags/example_nested_branch_dag.py for tasks to queue
[2025-04-08T05:50:27.478+0000] {logging_mixin.py:188} INFO - [2025-04-08T05:50:27.478+0000] {dagbag.py:538} INFO - Filling up the DagBag from /home/airflow/.local/lib/python3.8/site-packages/airflow/example_dags/example_nested_branch_dag.py
[2025-04-08T05:50:27.487+0000] {processor.py:840} INFO - DAG(s) 'example_nested_branch_dag' retrieved from /home/airflow/.local/lib/python3.8/site-packages/airflow/example_dags/example_nested_branch_dag.py
[2025-04-08T05:50:27.510+0000] {logging_mixin.py:188} INFO - [2025-04-08T05:50:27.510+0000] {dag.py:3036} INFO - Sync 1 DAGs
[2025-04-08T05:50:27.535+0000] {logging_mixin.py:188} INFO - [2025-04-08T05:50:27.534+0000] {dag.py:3823} INFO - Setting next_dagrun for example_nested_branch_dag to 2025-04-07 00:00:00+00:00, run_after=2025-04-08 00:00:00+00:00
[2025-04-08T05:50:27.585+0000] {processor.py:183} INFO - Processing /home/airflow/.local/lib/python3.8/site-packages/airflow/example_dags/example_nested_branch_dag.py took 0.112 seconds
[2025-04-08T05:50:58.014+0000] {processor.py:161} INFO - Started process (PID=725) to work on /home/airflow/.local/lib/python3.8/site-packages/airflow/example_dags/example_nested_branch_dag.py
[2025-04-08T05:50:58.015+0000] {processor.py:830} INFO - Processing file /home/airflow/.local/lib/python3.8/site-packages/airflow/example_dags/example_nested_branch_dag.py for tasks to queue
[2025-04-08T05:50:58.017+0000] {logging_mixin.py:188} INFO - [2025-04-08T05:50:58.017+0000] {dagbag.py:538} INFO - Filling up the DagBag from /home/airflow/.local/lib/python3.8/site-packages/airflow/example_dags/example_nested_branch_dag.py
[2025-04-08T05:50:58.029+0000] {processor.py:840} INFO - DAG(s) 'example_nested_branch_dag' retrieved from /home/airflow/.local/lib/python3.8/site-packages/airflow/example_dags/example_nested_branch_dag.py
[2025-04-08T05:50:58.055+0000] {logging_mixin.py:188} INFO - [2025-04-08T05:50:58.054+0000] {dag.py:3036} INFO - Sync 1 DAGs
[2025-04-08T05:50:58.078+0000] {logging_mixin.py:188} INFO - [2025-04-08T05:50:58.078+0000] {dag.py:3823} INFO - Setting next_dagrun for example_nested_branch_dag to 2025-04-07 00:00:00+00:00, run_after=2025-04-08 00:00:00+00:00
[2025-04-08T05:50:58.151+0000] {processor.py:183} INFO - Processing /home/airflow/.local/lib/python3.8/site-packages/airflow/example_dags/example_nested_branch_dag.py took 0.140 seconds
[2025-04-08T05:54:02.100+0000] {processor.py:161} INFO - Started process (PID=60) to work on /home/airflow/.local/lib/python3.8/site-packages/airflow/example_dags/example_nested_branch_dag.py
[2025-04-08T05:54:02.102+0000] {processor.py:830} INFO - Processing file /home/airflow/.local/lib/python3.8/site-packages/airflow/example_dags/example_nested_branch_dag.py for tasks to queue
[2025-04-08T05:54:02.104+0000] {logging_mixin.py:188} INFO - [2025-04-08T05:54:02.104+0000] {dagbag.py:538} INFO - Filling up the DagBag from /home/airflow/.local/lib/python3.8/site-packages/airflow/example_dags/example_nested_branch_dag.py
[2025-04-08T05:54:02.117+0000] {processor.py:840} INFO - DAG(s) 'example_nested_branch_dag' retrieved from /home/airflow/.local/lib/python3.8/site-packages/airflow/example_dags/example_nested_branch_dag.py
[2025-04-08T05:54:02.264+0000] {logging_mixin.py:188} INFO - [2025-04-08T05:54:02.263+0000] {dag.py:3036} INFO - Sync 1 DAGs
[2025-04-08T05:54:02.289+0000] {logging_mixin.py:188} INFO - [2025-04-08T05:54:02.288+0000] {dag.py:3823} INFO - Setting next_dagrun for example_nested_branch_dag to 2025-04-07 00:00:00+00:00, run_after=2025-04-08 00:00:00+00:00
[2025-04-08T05:54:02.347+0000] {processor.py:183} INFO - Processing /home/airflow/.local/lib/python3.8/site-packages/airflow/example_dags/example_nested_branch_dag.py took 0.249 seconds
[2025-04-08T05:54:33.085+0000] {processor.py:161} INFO - Started process (PID=109) to work on /home/airflow/.local/lib/python3.8/site-packages/airflow/example_dags/example_nested_branch_dag.py
[2025-04-08T05:54:33.086+0000] {processor.py:830} INFO - Processing file /home/airflow/.local/lib/python3.8/site-packages/airflow/example_dags/example_nested_branch_dag.py for tasks to queue
[2025-04-08T05:54:33.088+0000] {logging_mixin.py:188} INFO - [2025-04-08T05:54:33.088+0000] {dagbag.py:538} INFO - Filling up the DagBag from /home/airflow/.local/lib/python3.8/site-packages/airflow/example_dags/example_nested_branch_dag.py
[2025-04-08T05:54:33.100+0000] {processor.py:840} INFO - DAG(s) 'example_nested_branch_dag' retrieved from /home/airflow/.local/lib/python3.8/site-packages/airflow/example_dags/example_nested_branch_dag.py
[2025-04-08T05:54:33.127+0000] {logging_mixin.py:188} INFO - [2025-04-08T05:54:33.127+0000] {dag.py:3036} INFO - Sync 1 DAGs
[2025-04-08T05:54:33.152+0000] {logging_mixin.py:188} INFO - [2025-04-08T05:54:33.152+0000] {dag.py:3823} INFO - Setting next_dagrun for example_nested_branch_dag to 2025-04-07 00:00:00+00:00, run_after=2025-04-08 00:00:00+00:00
[2025-04-08T05:54:33.202+0000] {processor.py:183} INFO - Processing /home/airflow/.local/lib/python3.8/site-packages/airflow/example_dags/example_nested_branch_dag.py took 0.120 seconds
[2025-04-08T05:55:03.589+0000] {processor.py:161} INFO - Started process (PID=165) to work on /home/airflow/.local/lib/python3.8/site-packages/airflow/example_dags/example_nested_branch_dag.py
[2025-04-08T05:55:03.590+0000] {processor.py:830} INFO - Processing file /home/airflow/.local/lib/python3.8/site-packages/airflow/example_dags/example_nested_branch_dag.py for tasks to queue
[2025-04-08T05:55:03.592+0000] {logging_mixin.py:188} INFO - [2025-04-08T05:55:03.592+0000] {dagbag.py:538} INFO - Filling up the DagBag from /home/airflow/.local/lib/python3.8/site-packages/airflow/example_dags/example_nested_branch_dag.py
[2025-04-08T05:55:03.602+0000] {processor.py:840} INFO - DAG(s) 'example_nested_branch_dag' retrieved from /home/airflow/.local/lib/python3.8/site-packages/airflow/example_dags/example_nested_branch_dag.py
[2025-04-08T05:55:03.625+0000] {logging_mixin.py:188} INFO - [2025-04-08T05:55:03.625+0000] {dag.py:3036} INFO - Sync 1 DAGs
[2025-04-08T05:55:03.650+0000] {logging_mixin.py:188} INFO - [2025-04-08T05:55:03.650+0000] {dag.py:3823} INFO - Setting next_dagrun for example_nested_branch_dag to 2025-04-07 00:00:00+00:00, run_after=2025-04-08 00:00:00+00:00
[2025-04-08T05:55:03.702+0000] {processor.py:183} INFO - Processing /home/airflow/.local/lib/python3.8/site-packages/airflow/example_dags/example_nested_branch_dag.py took 0.116 seconds
[2025-04-08T05:55:34.023+0000] {processor.py:161} INFO - Started process (PID=220) to work on /home/airflow/.local/lib/python3.8/site-packages/airflow/example_dags/example_nested_branch_dag.py
[2025-04-08T05:55:34.024+0000] {processor.py:830} INFO - Processing file /home/airflow/.local/lib/python3.8/site-packages/airflow/example_dags/example_nested_branch_dag.py for tasks to queue
[2025-04-08T05:55:34.026+0000] {logging_mixin.py:188} INFO - [2025-04-08T05:55:34.026+0000] {dagbag.py:538} INFO - Filling up the DagBag from /home/airflow/.local/lib/python3.8/site-packages/airflow/example_dags/example_nested_branch_dag.py
[2025-04-08T05:55:34.038+0000] {processor.py:840} INFO - DAG(s) 'example_nested_branch_dag' retrieved from /home/airflow/.local/lib/python3.8/site-packages/airflow/example_dags/example_nested_branch_dag.py
[2025-04-08T05:55:34.066+0000] {logging_mixin.py:188} INFO - [2025-04-08T05:55:34.065+0000] {dag.py:3036} INFO - Sync 1 DAGs
[2025-04-08T05:55:34.097+0000] {logging_mixin.py:188} INFO - [2025-04-08T05:55:34.097+0000] {dag.py:3823} INFO - Setting next_dagrun for example_nested_branch_dag to 2025-04-07 00:00:00+00:00, run_after=2025-04-08 00:00:00+00:00
[2025-04-08T05:55:34.163+0000] {processor.py:183} INFO - Processing /home/airflow/.local/lib/python3.8/site-packages/airflow/example_dags/example_nested_branch_dag.py took 0.143 seconds
[2025-04-08T05:56:05.594+0000] {processor.py:161} INFO - Started process (PID=275) to work on /home/airflow/.local/lib/python3.8/site-packages/airflow/example_dags/example_nested_branch_dag.py
[2025-04-08T05:56:05.595+0000] {processor.py:830} INFO - Processing file /home/airflow/.local/lib/python3.8/site-packages/airflow/example_dags/example_nested_branch_dag.py for tasks to queue
[2025-04-08T05:56:05.597+0000] {logging_mixin.py:188} INFO - [2025-04-08T05:56:05.597+0000] {dagbag.py:538} INFO - Filling up the DagBag from /home/airflow/.local/lib/python3.8/site-packages/airflow/example_dags/example_nested_branch_dag.py
[2025-04-08T05:56:05.609+0000] {processor.py:840} INFO - DAG(s) 'example_nested_branch_dag' retrieved from /home/airflow/.local/lib/python3.8/site-packages/airflow/example_dags/example_nested_branch_dag.py
[2025-04-08T05:56:05.637+0000] {logging_mixin.py:188} INFO - [2025-04-08T05:56:05.636+0000] {dag.py:3036} INFO - Sync 1 DAGs
[2025-04-08T05:56:05.664+0000] {logging_mixin.py:188} INFO - [2025-04-08T05:56:05.663+0000] {dag.py:3823} INFO - Setting next_dagrun for example_nested_branch_dag to 2025-04-07 00:00:00+00:00, run_after=2025-04-08 00:00:00+00:00
[2025-04-08T05:56:05.721+0000] {processor.py:183} INFO - Processing /home/airflow/.local/lib/python3.8/site-packages/airflow/example_dags/example_nested_branch_dag.py took 0.131 seconds
[2025-04-08T05:56:35.914+0000] {processor.py:161} INFO - Started process (PID=330) to work on /home/airflow/.local/lib/python3.8/site-packages/airflow/example_dags/example_nested_branch_dag.py
[2025-04-08T05:56:35.921+0000] {processor.py:830} INFO - Processing file /home/airflow/.local/lib/python3.8/site-packages/airflow/example_dags/example_nested_branch_dag.py for tasks to queue
[2025-04-08T05:56:35.923+0000] {logging_mixin.py:188} INFO - [2025-04-08T05:56:35.923+0000] {dagbag.py:538} INFO - Filling up the DagBag from /home/airflow/.local/lib/python3.8/site-packages/airflow/example_dags/example_nested_branch_dag.py
[2025-04-08T05:56:35.935+0000] {processor.py:840} INFO - DAG(s) 'example_nested_branch_dag' retrieved from /home/airflow/.local/lib/python3.8/site-packages/airflow/example_dags/example_nested_branch_dag.py
[2025-04-08T05:56:35.966+0000] {logging_mixin.py:188} INFO - [2025-04-08T05:56:35.965+0000] {dag.py:3036} INFO - Sync 1 DAGs
[2025-04-08T05:56:35.999+0000] {logging_mixin.py:188} INFO - [2025-04-08T05:56:35.999+0000] {dag.py:3823} INFO - Setting next_dagrun for example_nested_branch_dag to 2025-04-07 00:00:00+00:00, run_after=2025-04-08 00:00:00+00:00
[2025-04-08T05:56:36.092+0000] {processor.py:183} INFO - Processing /home/airflow/.local/lib/python3.8/site-packages/airflow/example_dags/example_nested_branch_dag.py took 0.182 seconds
[2025-04-08T05:57:06.317+0000] {processor.py:161} INFO - Started process (PID=385) to work on /home/airflow/.local/lib/python3.8/site-packages/airflow/example_dags/example_nested_branch_dag.py
[2025-04-08T05:57:06.319+0000] {processor.py:830} INFO - Processing file /home/airflow/.local/lib/python3.8/site-packages/airflow/example_dags/example_nested_branch_dag.py for tasks to queue
[2025-04-08T05:57:06.321+0000] {logging_mixin.py:188} INFO - [2025-04-08T05:57:06.320+0000] {dagbag.py:538} INFO - Filling up the DagBag from /home/airflow/.local/lib/python3.8/site-packages/airflow/example_dags/example_nested_branch_dag.py
[2025-04-08T05:57:06.331+0000] {processor.py:840} INFO - DAG(s) 'example_nested_branch_dag' retrieved from /home/airflow/.local/lib/python3.8/site-packages/airflow/example_dags/example_nested_branch_dag.py
[2025-04-08T05:57:06.359+0000] {logging_mixin.py:188} INFO - [2025-04-08T05:57:06.359+0000] {dag.py:3036} INFO - Sync 1 DAGs
[2025-04-08T05:57:06.384+0000] {logging_mixin.py:188} INFO - [2025-04-08T05:57:06.384+0000] {dag.py:3823} INFO - Setting next_dagrun for example_nested_branch_dag to 2025-04-07 00:00:00+00:00, run_after=2025-04-08 00:00:00+00:00
[2025-04-08T05:57:06.439+0000] {processor.py:183} INFO - Processing /home/airflow/.local/lib/python3.8/site-packages/airflow/example_dags/example_nested_branch_dag.py took 0.124 seconds
[2025-04-08T05:57:36.616+0000] {processor.py:161} INFO - Started process (PID=440) to work on /home/airflow/.local/lib/python3.8/site-packages/airflow/example_dags/example_nested_branch_dag.py
[2025-04-08T05:57:36.617+0000] {processor.py:830} INFO - Processing file /home/airflow/.local/lib/python3.8/site-packages/airflow/example_dags/example_nested_branch_dag.py for tasks to queue
[2025-04-08T05:57:36.619+0000] {logging_mixin.py:188} INFO - [2025-04-08T05:57:36.618+0000] {dagbag.py:538} INFO - Filling up the DagBag from /home/airflow/.local/lib/python3.8/site-packages/airflow/example_dags/example_nested_branch_dag.py
[2025-04-08T05:57:36.629+0000] {processor.py:840} INFO - DAG(s) 'example_nested_branch_dag' retrieved from /home/airflow/.local/lib/python3.8/site-packages/airflow/example_dags/example_nested_branch_dag.py
[2025-04-08T05:57:36.655+0000] {logging_mixin.py:188} INFO - [2025-04-08T05:57:36.654+0000] {dag.py:3036} INFO - Sync 1 DAGs
[2025-04-08T05:57:36.679+0000] {logging_mixin.py:188} INFO - [2025-04-08T05:57:36.679+0000] {dag.py:3823} INFO - Setting next_dagrun for example_nested_branch_dag to 2025-04-07 00:00:00+00:00, run_after=2025-04-08 00:00:00+00:00
[2025-04-08T05:57:36.730+0000] {processor.py:183} INFO - Processing /home/airflow/.local/lib/python3.8/site-packages/airflow/example_dags/example_nested_branch_dag.py took 0.117 seconds
[2025-04-08T05:58:07.381+0000] {processor.py:161} INFO - Started process (PID=495) to work on /home/airflow/.local/lib/python3.8/site-packages/airflow/example_dags/example_nested_branch_dag.py
[2025-04-08T05:58:07.382+0000] {processor.py:830} INFO - Processing file /home/airflow/.local/lib/python3.8/site-packages/airflow/example_dags/example_nested_branch_dag.py for tasks to queue
[2025-04-08T05:58:07.384+0000] {logging_mixin.py:188} INFO - [2025-04-08T05:58:07.384+0000] {dagbag.py:538} INFO - Filling up the DagBag from /home/airflow/.local/lib/python3.8/site-packages/airflow/example_dags/example_nested_branch_dag.py
[2025-04-08T05:58:07.394+0000] {processor.py:840} INFO - DAG(s) 'example_nested_branch_dag' retrieved from /home/airflow/.local/lib/python3.8/site-packages/airflow/example_dags/example_nested_branch_dag.py
[2025-04-08T05:58:07.425+0000] {logging_mixin.py:188} INFO - [2025-04-08T05:58:07.424+0000] {dag.py:3036} INFO - Sync 1 DAGs
[2025-04-08T05:58:07.458+0000] {logging_mixin.py:188} INFO - [2025-04-08T05:58:07.458+0000] {dag.py:3823} INFO - Setting next_dagrun for example_nested_branch_dag to 2025-04-07 00:00:00+00:00, run_after=2025-04-08 00:00:00+00:00
[2025-04-08T05:58:07.552+0000] {processor.py:183} INFO - Processing /home/airflow/.local/lib/python3.8/site-packages/airflow/example_dags/example_nested_branch_dag.py took 0.174 seconds
[2025-04-08T05:58:38.457+0000] {processor.py:161} INFO - Started process (PID=550) to work on /home/airflow/.local/lib/python3.8/site-packages/airflow/example_dags/example_nested_branch_dag.py
[2025-04-08T05:58:38.458+0000] {processor.py:830} INFO - Processing file /home/airflow/.local/lib/python3.8/site-packages/airflow/example_dags/example_nested_branch_dag.py for tasks to queue
[2025-04-08T05:58:38.460+0000] {logging_mixin.py:188} INFO - [2025-04-08T05:58:38.459+0000] {dagbag.py:538} INFO - Filling up the DagBag from /home/airflow/.local/lib/python3.8/site-packages/airflow/example_dags/example_nested_branch_dag.py
[2025-04-08T05:58:38.470+0000] {processor.py:840} INFO - DAG(s) 'example_nested_branch_dag' retrieved from /home/airflow/.local/lib/python3.8/site-packages/airflow/example_dags/example_nested_branch_dag.py
[2025-04-08T05:58:38.497+0000] {logging_mixin.py:188} INFO - [2025-04-08T05:58:38.496+0000] {dag.py:3036} INFO - Sync 1 DAGs
[2025-04-08T05:58:38.520+0000] {logging_mixin.py:188} INFO - [2025-04-08T05:58:38.519+0000] {dag.py:3823} INFO - Setting next_dagrun for example_nested_branch_dag to 2025-04-07 00:00:00+00:00, run_after=2025-04-08 00:00:00+00:00
[2025-04-08T05:58:38.569+0000] {processor.py:183} INFO - Processing /home/airflow/.local/lib/python3.8/site-packages/airflow/example_dags/example_nested_branch_dag.py took 0.115 seconds
