[2025-04-08T05:44:50.799+0000] {processor.py:161} INFO - Started process (PID=64) to work on /home/airflow/.local/lib/python3.8/site-packages/airflow/example_dags/example_trigger_target_dag.py
[2025-04-08T05:44:50.800+0000] {processor.py:830} INFO - Processing file /home/airflow/.local/lib/python3.8/site-packages/airflow/example_dags/example_trigger_target_dag.py for tasks to queue
[2025-04-08T05:44:50.802+0000] {logging_mixin.py:188} INFO - [2025-04-08T05:44:50.802+0000] {dagbag.py:538} INFO - Filling up the DagBag from /home/airflow/.local/lib/python3.8/site-packages/airflow/example_dags/example_trigger_target_dag.py
[2025-04-08T05:44:50.811+0000] {processor.py:840} INFO - DAG(s) 'example_trigger_target_dag' retrieved from /home/airflow/.local/lib/python3.8/site-packages/airflow/example_dags/example_trigger_target_dag.py
[2025-04-08T05:44:50.946+0000] {logging_mixin.py:188} INFO - [2025-04-08T05:44:50.945+0000] {dag.py:3036} INFO - Sync 1 DAGs
[2025-04-08T05:44:50.957+0000] {logging_mixin.py:188} INFO - [2025-04-08T05:44:50.957+0000] {dag.py:3823} INFO - Setting next_dagrun for example_trigger_target_dag to None, run_after=None
[2025-04-08T05:44:51.013+0000] {processor.py:183} INFO - Processing /home/airflow/.local/lib/python3.8/site-packages/airflow/example_dags/example_trigger_target_dag.py took 0.217 seconds
[2025-04-08T05:45:23.904+0000] {processor.py:161} INFO - Started process (PID=119) to work on /home/airflow/.local/lib/python3.8/site-packages/airflow/example_dags/example_trigger_target_dag.py
[2025-04-08T05:45:23.905+0000] {processor.py:830} INFO - Processing file /home/airflow/.local/lib/python3.8/site-packages/airflow/example_dags/example_trigger_target_dag.py for tasks to queue
[2025-04-08T05:45:23.907+0000] {logging_mixin.py:188} INFO - [2025-04-08T05:45:23.907+0000] {dagbag.py:538} INFO - Filling up the DagBag from /home/airflow/.local/lib/python3.8/site-packages/airflow/example_dags/example_trigger_target_dag.py
[2025-04-08T05:45:23.913+0000] {processor.py:840} INFO - DAG(s) 'example_trigger_target_dag' retrieved from /home/airflow/.local/lib/python3.8/site-packages/airflow/example_dags/example_trigger_target_dag.py
[2025-04-08T05:45:23.932+0000] {logging_mixin.py:188} INFO - [2025-04-08T05:45:23.932+0000] {dag.py:3036} INFO - Sync 1 DAGs
[2025-04-08T05:45:23.943+0000] {logging_mixin.py:188} INFO - [2025-04-08T05:45:23.943+0000] {dag.py:3823} INFO - Setting next_dagrun for example_trigger_target_dag to None, run_after=None
[2025-04-08T05:45:24.012+0000] {processor.py:183} INFO - Processing /home/airflow/.local/lib/python3.8/site-packages/airflow/example_dags/example_trigger_target_dag.py took 0.111 seconds
[2025-04-08T05:45:54.397+0000] {processor.py:161} INFO - Started process (PID=174) to work on /home/airflow/.local/lib/python3.8/site-packages/airflow/example_dags/example_trigger_target_dag.py
[2025-04-08T05:45:54.398+0000] {processor.py:830} INFO - Processing file /home/airflow/.local/lib/python3.8/site-packages/airflow/example_dags/example_trigger_target_dag.py for tasks to queue
[2025-04-08T05:45:54.401+0000] {logging_mixin.py:188} INFO - [2025-04-08T05:45:54.400+0000] {dagbag.py:538} INFO - Filling up the DagBag from /home/airflow/.local/lib/python3.8/site-packages/airflow/example_dags/example_trigger_target_dag.py
[2025-04-08T05:45:54.406+0000] {processor.py:840} INFO - DAG(s) 'example_trigger_target_dag' retrieved from /home/airflow/.local/lib/python3.8/site-packages/airflow/example_dags/example_trigger_target_dag.py
[2025-04-08T05:45:54.429+0000] {logging_mixin.py:188} INFO - [2025-04-08T05:45:54.428+0000] {dag.py:3036} INFO - Sync 1 DAGs
[2025-04-08T05:45:54.447+0000] {logging_mixin.py:188} INFO - [2025-04-08T05:45:54.446+0000] {dag.py:3823} INFO - Setting next_dagrun for example_trigger_target_dag to None, run_after=None
[2025-04-08T05:45:54.494+0000] {processor.py:183} INFO - Processing /home/airflow/.local/lib/python3.8/site-packages/airflow/example_dags/example_trigger_target_dag.py took 0.100 seconds
[2025-04-08T05:46:24.586+0000] {processor.py:161} INFO - Started process (PID=229) to work on /home/airflow/.local/lib/python3.8/site-packages/airflow/example_dags/example_trigger_target_dag.py
[2025-04-08T05:46:24.587+0000] {processor.py:830} INFO - Processing file /home/airflow/.local/lib/python3.8/site-packages/airflow/example_dags/example_trigger_target_dag.py for tasks to queue
[2025-04-08T05:46:24.589+0000] {logging_mixin.py:188} INFO - [2025-04-08T05:46:24.588+0000] {dagbag.py:538} INFO - Filling up the DagBag from /home/airflow/.local/lib/python3.8/site-packages/airflow/example_dags/example_trigger_target_dag.py
[2025-04-08T05:46:24.594+0000] {processor.py:840} INFO - DAG(s) 'example_trigger_target_dag' retrieved from /home/airflow/.local/lib/python3.8/site-packages/airflow/example_dags/example_trigger_target_dag.py
[2025-04-08T05:46:24.612+0000] {logging_mixin.py:188} INFO - [2025-04-08T05:46:24.612+0000] {dag.py:3036} INFO - Sync 1 DAGs
[2025-04-08T05:46:24.625+0000] {logging_mixin.py:188} INFO - [2025-04-08T05:46:24.625+0000] {dag.py:3823} INFO - Setting next_dagrun for example_trigger_target_dag to None, run_after=None
[2025-04-08T05:46:24.696+0000] {processor.py:183} INFO - Processing /home/airflow/.local/lib/python3.8/site-packages/airflow/example_dags/example_trigger_target_dag.py took 0.113 seconds
[2025-04-08T05:46:55.233+0000] {processor.py:161} INFO - Started process (PID=284) to work on /home/airflow/.local/lib/python3.8/site-packages/airflow/example_dags/example_trigger_target_dag.py
[2025-04-08T05:46:55.234+0000] {processor.py:830} INFO - Processing file /home/airflow/.local/lib/python3.8/site-packages/airflow/example_dags/example_trigger_target_dag.py for tasks to queue
[2025-04-08T05:46:55.236+0000] {logging_mixin.py:188} INFO - [2025-04-08T05:46:55.236+0000] {dagbag.py:538} INFO - Filling up the DagBag from /home/airflow/.local/lib/python3.8/site-packages/airflow/example_dags/example_trigger_target_dag.py
[2025-04-08T05:46:55.242+0000] {processor.py:840} INFO - DAG(s) 'example_trigger_target_dag' retrieved from /home/airflow/.local/lib/python3.8/site-packages/airflow/example_dags/example_trigger_target_dag.py
[2025-04-08T05:46:55.265+0000] {logging_mixin.py:188} INFO - [2025-04-08T05:46:55.265+0000] {dag.py:3036} INFO - Sync 1 DAGs
[2025-04-08T05:46:55.281+0000] {logging_mixin.py:188} INFO - [2025-04-08T05:46:55.281+0000] {dag.py:3823} INFO - Setting next_dagrun for example_trigger_target_dag to None, run_after=None
[2025-04-08T05:46:55.335+0000] {processor.py:183} INFO - Processing /home/airflow/.local/lib/python3.8/site-packages/airflow/example_dags/example_trigger_target_dag.py took 0.105 seconds
[2025-04-08T05:47:25.458+0000] {processor.py:161} INFO - Started process (PID=339) to work on /home/airflow/.local/lib/python3.8/site-packages/airflow/example_dags/example_trigger_target_dag.py
[2025-04-08T05:47:25.459+0000] {processor.py:830} INFO - Processing file /home/airflow/.local/lib/python3.8/site-packages/airflow/example_dags/example_trigger_target_dag.py for tasks to queue
[2025-04-08T05:47:25.461+0000] {logging_mixin.py:188} INFO - [2025-04-08T05:47:25.460+0000] {dagbag.py:538} INFO - Filling up the DagBag from /home/airflow/.local/lib/python3.8/site-packages/airflow/example_dags/example_trigger_target_dag.py
[2025-04-08T05:47:25.467+0000] {processor.py:840} INFO - DAG(s) 'example_trigger_target_dag' retrieved from /home/airflow/.local/lib/python3.8/site-packages/airflow/example_dags/example_trigger_target_dag.py
[2025-04-08T05:47:25.488+0000] {logging_mixin.py:188} INFO - [2025-04-08T05:47:25.487+0000] {dag.py:3036} INFO - Sync 1 DAGs
[2025-04-08T05:47:25.500+0000] {logging_mixin.py:188} INFO - [2025-04-08T05:47:25.499+0000] {dag.py:3823} INFO - Setting next_dagrun for example_trigger_target_dag to None, run_after=None
[2025-04-08T05:47:25.565+0000] {processor.py:183} INFO - Processing /home/airflow/.local/lib/python3.8/site-packages/airflow/example_dags/example_trigger_target_dag.py took 0.110 seconds
[2025-04-08T05:47:55.754+0000] {processor.py:161} INFO - Started process (PID=394) to work on /home/airflow/.local/lib/python3.8/site-packages/airflow/example_dags/example_trigger_target_dag.py
[2025-04-08T05:47:55.756+0000] {processor.py:830} INFO - Processing file /home/airflow/.local/lib/python3.8/site-packages/airflow/example_dags/example_trigger_target_dag.py for tasks to queue
[2025-04-08T05:47:55.758+0000] {logging_mixin.py:188} INFO - [2025-04-08T05:47:55.757+0000] {dagbag.py:538} INFO - Filling up the DagBag from /home/airflow/.local/lib/python3.8/site-packages/airflow/example_dags/example_trigger_target_dag.py
[2025-04-08T05:47:55.765+0000] {processor.py:840} INFO - DAG(s) 'example_trigger_target_dag' retrieved from /home/airflow/.local/lib/python3.8/site-packages/airflow/example_dags/example_trigger_target_dag.py
[2025-04-08T05:47:55.789+0000] {logging_mixin.py:188} INFO - [2025-04-08T05:47:55.789+0000] {dag.py:3036} INFO - Sync 1 DAGs
[2025-04-08T05:47:55.804+0000] {logging_mixin.py:188} INFO - [2025-04-08T05:47:55.803+0000] {dag.py:3823} INFO - Setting next_dagrun for example_trigger_target_dag to None, run_after=None
[2025-04-08T05:47:55.981+0000] {processor.py:183} INFO - Processing /home/airflow/.local/lib/python3.8/site-packages/airflow/example_dags/example_trigger_target_dag.py took 0.230 seconds
[2025-04-08T05:48:26.133+0000] {processor.py:161} INFO - Started process (PID=449) to work on /home/airflow/.local/lib/python3.8/site-packages/airflow/example_dags/example_trigger_target_dag.py
[2025-04-08T05:48:26.135+0000] {processor.py:830} INFO - Processing file /home/airflow/.local/lib/python3.8/site-packages/airflow/example_dags/example_trigger_target_dag.py for tasks to queue
[2025-04-08T05:48:26.138+0000] {logging_mixin.py:188} INFO - [2025-04-08T05:48:26.138+0000] {dagbag.py:538} INFO - Filling up the DagBag from /home/airflow/.local/lib/python3.8/site-packages/airflow/example_dags/example_trigger_target_dag.py
[2025-04-08T05:48:26.151+0000] {processor.py:840} INFO - DAG(s) 'example_trigger_target_dag' retrieved from /home/airflow/.local/lib/python3.8/site-packages/airflow/example_dags/example_trigger_target_dag.py
[2025-04-08T05:48:26.173+0000] {logging_mixin.py:188} INFO - [2025-04-08T05:48:26.173+0000] {dag.py:3036} INFO - Sync 1 DAGs
[2025-04-08T05:48:26.187+0000] {logging_mixin.py:188} INFO - [2025-04-08T05:48:26.187+0000] {dag.py:3823} INFO - Setting next_dagrun for example_trigger_target_dag to None, run_after=None
[2025-04-08T05:48:26.245+0000] {processor.py:183} INFO - Processing /home/airflow/.local/lib/python3.8/site-packages/airflow/example_dags/example_trigger_target_dag.py took 0.117 seconds
[2025-04-08T05:48:56.448+0000] {processor.py:161} INFO - Started process (PID=504) to work on /home/airflow/.local/lib/python3.8/site-packages/airflow/example_dags/example_trigger_target_dag.py
[2025-04-08T05:48:56.449+0000] {processor.py:830} INFO - Processing file /home/airflow/.local/lib/python3.8/site-packages/airflow/example_dags/example_trigger_target_dag.py for tasks to queue
[2025-04-08T05:48:56.451+0000] {logging_mixin.py:188} INFO - [2025-04-08T05:48:56.451+0000] {dagbag.py:538} INFO - Filling up the DagBag from /home/airflow/.local/lib/python3.8/site-packages/airflow/example_dags/example_trigger_target_dag.py
[2025-04-08T05:48:56.457+0000] {processor.py:840} INFO - DAG(s) 'example_trigger_target_dag' retrieved from /home/airflow/.local/lib/python3.8/site-packages/airflow/example_dags/example_trigger_target_dag.py
[2025-04-08T05:48:56.479+0000] {logging_mixin.py:188} INFO - [2025-04-08T05:48:56.479+0000] {dag.py:3036} INFO - Sync 1 DAGs
[2025-04-08T05:48:56.494+0000] {logging_mixin.py:188} INFO - [2025-04-08T05:48:56.494+0000] {dag.py:3823} INFO - Setting next_dagrun for example_trigger_target_dag to None, run_after=None
[2025-04-08T05:48:56.548+0000] {processor.py:183} INFO - Processing /home/airflow/.local/lib/python3.8/site-packages/airflow/example_dags/example_trigger_target_dag.py took 0.103 seconds
[2025-04-08T05:49:26.683+0000] {processor.py:161} INFO - Started process (PID=559) to work on /home/airflow/.local/lib/python3.8/site-packages/airflow/example_dags/example_trigger_target_dag.py
[2025-04-08T05:49:26.684+0000] {processor.py:830} INFO - Processing file /home/airflow/.local/lib/python3.8/site-packages/airflow/example_dags/example_trigger_target_dag.py for tasks to queue
[2025-04-08T05:49:26.686+0000] {logging_mixin.py:188} INFO - [2025-04-08T05:49:26.685+0000] {dagbag.py:538} INFO - Filling up the DagBag from /home/airflow/.local/lib/python3.8/site-packages/airflow/example_dags/example_trigger_target_dag.py
[2025-04-08T05:49:26.691+0000] {processor.py:840} INFO - DAG(s) 'example_trigger_target_dag' retrieved from /home/airflow/.local/lib/python3.8/site-packages/airflow/example_dags/example_trigger_target_dag.py
[2025-04-08T05:49:26.715+0000] {logging_mixin.py:188} INFO - [2025-04-08T05:49:26.715+0000] {dag.py:3036} INFO - Sync 1 DAGs
[2025-04-08T05:49:26.731+0000] {logging_mixin.py:188} INFO - [2025-04-08T05:49:26.730+0000] {dag.py:3823} INFO - Setting next_dagrun for example_trigger_target_dag to None, run_after=None
[2025-04-08T05:49:26.832+0000] {processor.py:183} INFO - Processing /home/airflow/.local/lib/python3.8/site-packages/airflow/example_dags/example_trigger_target_dag.py took 0.152 seconds
[2025-04-08T05:49:56.952+0000] {processor.py:161} INFO - Started process (PID=614) to work on /home/airflow/.local/lib/python3.8/site-packages/airflow/example_dags/example_trigger_target_dag.py
[2025-04-08T05:49:56.953+0000] {processor.py:830} INFO - Processing file /home/airflow/.local/lib/python3.8/site-packages/airflow/example_dags/example_trigger_target_dag.py for tasks to queue
[2025-04-08T05:49:56.955+0000] {logging_mixin.py:188} INFO - [2025-04-08T05:49:56.955+0000] {dagbag.py:538} INFO - Filling up the DagBag from /home/airflow/.local/lib/python3.8/site-packages/airflow/example_dags/example_trigger_target_dag.py
[2025-04-08T05:49:56.961+0000] {processor.py:840} INFO - DAG(s) 'example_trigger_target_dag' retrieved from /home/airflow/.local/lib/python3.8/site-packages/airflow/example_dags/example_trigger_target_dag.py
[2025-04-08T05:49:56.985+0000] {logging_mixin.py:188} INFO - [2025-04-08T05:49:56.985+0000] {dag.py:3036} INFO - Sync 1 DAGs
[2025-04-08T05:49:56.999+0000] {logging_mixin.py:188} INFO - [2025-04-08T05:49:56.999+0000] {dag.py:3823} INFO - Setting next_dagrun for example_trigger_target_dag to None, run_after=None
[2025-04-08T05:49:57.062+0000] {processor.py:183} INFO - Processing /home/airflow/.local/lib/python3.8/site-packages/airflow/example_dags/example_trigger_target_dag.py took 0.113 seconds
[2025-04-08T05:50:27.212+0000] {processor.py:161} INFO - Started process (PID=669) to work on /home/airflow/.local/lib/python3.8/site-packages/airflow/example_dags/example_trigger_target_dag.py
[2025-04-08T05:50:27.213+0000] {processor.py:830} INFO - Processing file /home/airflow/.local/lib/python3.8/site-packages/airflow/example_dags/example_trigger_target_dag.py for tasks to queue
[2025-04-08T05:50:27.215+0000] {logging_mixin.py:188} INFO - [2025-04-08T05:50:27.215+0000] {dagbag.py:538} INFO - Filling up the DagBag from /home/airflow/.local/lib/python3.8/site-packages/airflow/example_dags/example_trigger_target_dag.py
[2025-04-08T05:50:27.221+0000] {processor.py:840} INFO - DAG(s) 'example_trigger_target_dag' retrieved from /home/airflow/.local/lib/python3.8/site-packages/airflow/example_dags/example_trigger_target_dag.py
[2025-04-08T05:50:27.243+0000] {logging_mixin.py:188} INFO - [2025-04-08T05:50:27.243+0000] {dag.py:3036} INFO - Sync 1 DAGs
[2025-04-08T05:50:27.255+0000] {logging_mixin.py:188} INFO - [2025-04-08T05:50:27.255+0000] {dag.py:3823} INFO - Setting next_dagrun for example_trigger_target_dag to None, run_after=None
[2025-04-08T05:50:27.436+0000] {processor.py:183} INFO - Processing /home/airflow/.local/lib/python3.8/site-packages/airflow/example_dags/example_trigger_target_dag.py took 0.227 seconds
[2025-04-08T05:50:57.757+0000] {processor.py:161} INFO - Started process (PID=724) to work on /home/airflow/.local/lib/python3.8/site-packages/airflow/example_dags/example_trigger_target_dag.py
[2025-04-08T05:50:57.758+0000] {processor.py:830} INFO - Processing file /home/airflow/.local/lib/python3.8/site-packages/airflow/example_dags/example_trigger_target_dag.py for tasks to queue
[2025-04-08T05:50:57.761+0000] {logging_mixin.py:188} INFO - [2025-04-08T05:50:57.760+0000] {dagbag.py:538} INFO - Filling up the DagBag from /home/airflow/.local/lib/python3.8/site-packages/airflow/example_dags/example_trigger_target_dag.py
[2025-04-08T05:50:57.771+0000] {processor.py:840} INFO - DAG(s) 'example_trigger_target_dag' retrieved from /home/airflow/.local/lib/python3.8/site-packages/airflow/example_dags/example_trigger_target_dag.py
[2025-04-08T05:50:57.803+0000] {logging_mixin.py:188} INFO - [2025-04-08T05:50:57.802+0000] {dag.py:3036} INFO - Sync 1 DAGs
[2025-04-08T05:50:57.824+0000] {logging_mixin.py:188} INFO - [2025-04-08T05:50:57.824+0000] {dag.py:3823} INFO - Setting next_dagrun for example_trigger_target_dag to None, run_after=None
[2025-04-08T05:50:57.985+0000] {processor.py:183} INFO - Processing /home/airflow/.local/lib/python3.8/site-packages/airflow/example_dags/example_trigger_target_dag.py took 0.232 seconds
[2025-04-08T05:54:01.688+0000] {processor.py:161} INFO - Started process (PID=52) to work on /home/airflow/.local/lib/python3.8/site-packages/airflow/example_dags/example_trigger_target_dag.py
[2025-04-08T05:54:01.690+0000] {processor.py:830} INFO - Processing file /home/airflow/.local/lib/python3.8/site-packages/airflow/example_dags/example_trigger_target_dag.py for tasks to queue
[2025-04-08T05:54:01.692+0000] {logging_mixin.py:188} INFO - [2025-04-08T05:54:01.692+0000] {dagbag.py:538} INFO - Filling up the DagBag from /home/airflow/.local/lib/python3.8/site-packages/airflow/example_dags/example_trigger_target_dag.py
[2025-04-08T05:54:01.702+0000] {processor.py:840} INFO - DAG(s) 'example_trigger_target_dag' retrieved from /home/airflow/.local/lib/python3.8/site-packages/airflow/example_dags/example_trigger_target_dag.py
[2025-04-08T05:54:01.933+0000] {logging_mixin.py:188} INFO - [2025-04-08T05:54:01.932+0000] {dag.py:3036} INFO - Sync 1 DAGs
[2025-04-08T05:54:01.948+0000] {logging_mixin.py:188} INFO - [2025-04-08T05:54:01.948+0000] {dag.py:3823} INFO - Setting next_dagrun for example_trigger_target_dag to None, run_after=None
[2025-04-08T05:54:02.052+0000] {processor.py:183} INFO - Processing /home/airflow/.local/lib/python3.8/site-packages/airflow/example_dags/example_trigger_target_dag.py took 0.370 seconds
[2025-04-08T05:54:32.968+0000] {processor.py:161} INFO - Started process (PID=108) to work on /home/airflow/.local/lib/python3.8/site-packages/airflow/example_dags/example_trigger_target_dag.py
[2025-04-08T05:54:32.970+0000] {processor.py:830} INFO - Processing file /home/airflow/.local/lib/python3.8/site-packages/airflow/example_dags/example_trigger_target_dag.py for tasks to queue
[2025-04-08T05:54:32.972+0000] {logging_mixin.py:188} INFO - [2025-04-08T05:54:32.972+0000] {dagbag.py:538} INFO - Filling up the DagBag from /home/airflow/.local/lib/python3.8/site-packages/airflow/example_dags/example_trigger_target_dag.py
[2025-04-08T05:54:32.977+0000] {processor.py:840} INFO - DAG(s) 'example_trigger_target_dag' retrieved from /home/airflow/.local/lib/python3.8/site-packages/airflow/example_dags/example_trigger_target_dag.py
[2025-04-08T05:54:32.997+0000] {logging_mixin.py:188} INFO - [2025-04-08T05:54:32.997+0000] {dag.py:3036} INFO - Sync 1 DAGs
[2025-04-08T05:54:33.009+0000] {logging_mixin.py:188} INFO - [2025-04-08T05:54:33.009+0000] {dag.py:3823} INFO - Setting next_dagrun for example_trigger_target_dag to None, run_after=None
[2025-04-08T05:54:33.058+0000] {processor.py:183} INFO - Processing /home/airflow/.local/lib/python3.8/site-packages/airflow/example_dags/example_trigger_target_dag.py took 0.093 seconds
[2025-04-08T05:55:03.471+0000] {processor.py:161} INFO - Started process (PID=164) to work on /home/airflow/.local/lib/python3.8/site-packages/airflow/example_dags/example_trigger_target_dag.py
[2025-04-08T05:55:03.472+0000] {processor.py:830} INFO - Processing file /home/airflow/.local/lib/python3.8/site-packages/airflow/example_dags/example_trigger_target_dag.py for tasks to queue
[2025-04-08T05:55:03.474+0000] {logging_mixin.py:188} INFO - [2025-04-08T05:55:03.474+0000] {dagbag.py:538} INFO - Filling up the DagBag from /home/airflow/.local/lib/python3.8/site-packages/airflow/example_dags/example_trigger_target_dag.py
[2025-04-08T05:55:03.479+0000] {processor.py:840} INFO - DAG(s) 'example_trigger_target_dag' retrieved from /home/airflow/.local/lib/python3.8/site-packages/airflow/example_dags/example_trigger_target_dag.py
[2025-04-08T05:55:03.499+0000] {logging_mixin.py:188} INFO - [2025-04-08T05:55:03.498+0000] {dag.py:3036} INFO - Sync 1 DAGs
[2025-04-08T05:55:03.511+0000] {logging_mixin.py:188} INFO - [2025-04-08T05:55:03.510+0000] {dag.py:3823} INFO - Setting next_dagrun for example_trigger_target_dag to None, run_after=None
[2025-04-08T05:55:03.562+0000] {processor.py:183} INFO - Processing /home/airflow/.local/lib/python3.8/site-packages/airflow/example_dags/example_trigger_target_dag.py took 0.093 seconds
[2025-04-08T05:55:33.878+0000] {processor.py:161} INFO - Started process (PID=219) to work on /home/airflow/.local/lib/python3.8/site-packages/airflow/example_dags/example_trigger_target_dag.py
[2025-04-08T05:55:33.879+0000] {processor.py:830} INFO - Processing file /home/airflow/.local/lib/python3.8/site-packages/airflow/example_dags/example_trigger_target_dag.py for tasks to queue
[2025-04-08T05:55:33.882+0000] {logging_mixin.py:188} INFO - [2025-04-08T05:55:33.881+0000] {dagbag.py:538} INFO - Filling up the DagBag from /home/airflow/.local/lib/python3.8/site-packages/airflow/example_dags/example_trigger_target_dag.py
[2025-04-08T05:55:33.888+0000] {processor.py:840} INFO - DAG(s) 'example_trigger_target_dag' retrieved from /home/airflow/.local/lib/python3.8/site-packages/airflow/example_dags/example_trigger_target_dag.py
[2025-04-08T05:55:33.910+0000] {logging_mixin.py:188} INFO - [2025-04-08T05:55:33.910+0000] {dag.py:3036} INFO - Sync 1 DAGs
[2025-04-08T05:55:33.924+0000] {logging_mixin.py:188} INFO - [2025-04-08T05:55:33.924+0000] {dag.py:3823} INFO - Setting next_dagrun for example_trigger_target_dag to None, run_after=None
[2025-04-08T05:55:33.993+0000] {processor.py:183} INFO - Processing /home/airflow/.local/lib/python3.8/site-packages/airflow/example_dags/example_trigger_target_dag.py took 0.118 seconds
[2025-04-08T05:56:05.468+0000] {processor.py:161} INFO - Started process (PID=274) to work on /home/airflow/.local/lib/python3.8/site-packages/airflow/example_dags/example_trigger_target_dag.py
[2025-04-08T05:56:05.469+0000] {processor.py:830} INFO - Processing file /home/airflow/.local/lib/python3.8/site-packages/airflow/example_dags/example_trigger_target_dag.py for tasks to queue
[2025-04-08T05:56:05.472+0000] {logging_mixin.py:188} INFO - [2025-04-08T05:56:05.471+0000] {dagbag.py:538} INFO - Filling up the DagBag from /home/airflow/.local/lib/python3.8/site-packages/airflow/example_dags/example_trigger_target_dag.py
[2025-04-08T05:56:05.478+0000] {processor.py:840} INFO - DAG(s) 'example_trigger_target_dag' retrieved from /home/airflow/.local/lib/python3.8/site-packages/airflow/example_dags/example_trigger_target_dag.py
[2025-04-08T05:56:05.502+0000] {logging_mixin.py:188} INFO - [2025-04-08T05:56:05.501+0000] {dag.py:3036} INFO - Sync 1 DAGs
[2025-04-08T05:56:05.515+0000] {logging_mixin.py:188} INFO - [2025-04-08T05:56:05.515+0000] {dag.py:3823} INFO - Setting next_dagrun for example_trigger_target_dag to None, run_after=None
[2025-04-08T05:56:05.598+0000] {processor.py:183} INFO - Processing /home/airflow/.local/lib/python3.8/site-packages/airflow/example_dags/example_trigger_target_dag.py took 0.134 seconds
[2025-04-08T05:56:35.822+0000] {processor.py:161} INFO - Started process (PID=329) to work on /home/airflow/.local/lib/python3.8/site-packages/airflow/example_dags/example_trigger_target_dag.py
[2025-04-08T05:56:35.823+0000] {processor.py:830} INFO - Processing file /home/airflow/.local/lib/python3.8/site-packages/airflow/example_dags/example_trigger_target_dag.py for tasks to queue
[2025-04-08T05:56:35.825+0000] {logging_mixin.py:188} INFO - [2025-04-08T05:56:35.825+0000] {dagbag.py:538} INFO - Filling up the DagBag from /home/airflow/.local/lib/python3.8/site-packages/airflow/example_dags/example_trigger_target_dag.py
[2025-04-08T05:56:35.831+0000] {processor.py:840} INFO - DAG(s) 'example_trigger_target_dag' retrieved from /home/airflow/.local/lib/python3.8/site-packages/airflow/example_dags/example_trigger_target_dag.py
[2025-04-08T05:56:35.853+0000] {logging_mixin.py:188} INFO - [2025-04-08T05:56:35.853+0000] {dag.py:3036} INFO - Sync 1 DAGs
[2025-04-08T05:56:35.866+0000] {logging_mixin.py:188} INFO - [2025-04-08T05:56:35.866+0000] {dag.py:3823} INFO - Setting next_dagrun for example_trigger_target_dag to None, run_after=None
[2025-04-08T05:56:35.929+0000] {processor.py:183} INFO - Processing /home/airflow/.local/lib/python3.8/site-packages/airflow/example_dags/example_trigger_target_dag.py took 0.111 seconds
[2025-04-08T05:57:06.211+0000] {processor.py:161} INFO - Started process (PID=384) to work on /home/airflow/.local/lib/python3.8/site-packages/airflow/example_dags/example_trigger_target_dag.py
[2025-04-08T05:57:06.213+0000] {processor.py:830} INFO - Processing file /home/airflow/.local/lib/python3.8/site-packages/airflow/example_dags/example_trigger_target_dag.py for tasks to queue
[2025-04-08T05:57:06.215+0000] {logging_mixin.py:188} INFO - [2025-04-08T05:57:06.214+0000] {dagbag.py:538} INFO - Filling up the DagBag from /home/airflow/.local/lib/python3.8/site-packages/airflow/example_dags/example_trigger_target_dag.py
[2025-04-08T05:57:06.220+0000] {processor.py:840} INFO - DAG(s) 'example_trigger_target_dag' retrieved from /home/airflow/.local/lib/python3.8/site-packages/airflow/example_dags/example_trigger_target_dag.py
[2025-04-08T05:57:06.241+0000] {logging_mixin.py:188} INFO - [2025-04-08T05:57:06.241+0000] {dag.py:3036} INFO - Sync 1 DAGs
[2025-04-08T05:57:06.253+0000] {logging_mixin.py:188} INFO - [2025-04-08T05:57:06.253+0000] {dag.py:3823} INFO - Setting next_dagrun for example_trigger_target_dag to None, run_after=None
[2025-04-08T05:57:06.325+0000] {processor.py:183} INFO - Processing /home/airflow/.local/lib/python3.8/site-packages/airflow/example_dags/example_trigger_target_dag.py took 0.117 seconds
[2025-04-08T05:57:36.521+0000] {processor.py:161} INFO - Started process (PID=439) to work on /home/airflow/.local/lib/python3.8/site-packages/airflow/example_dags/example_trigger_target_dag.py
[2025-04-08T05:57:36.522+0000] {processor.py:830} INFO - Processing file /home/airflow/.local/lib/python3.8/site-packages/airflow/example_dags/example_trigger_target_dag.py for tasks to queue
[2025-04-08T05:57:36.524+0000] {logging_mixin.py:188} INFO - [2025-04-08T05:57:36.523+0000] {dagbag.py:538} INFO - Filling up the DagBag from /home/airflow/.local/lib/python3.8/site-packages/airflow/example_dags/example_trigger_target_dag.py
[2025-04-08T05:57:36.529+0000] {processor.py:840} INFO - DAG(s) 'example_trigger_target_dag' retrieved from /home/airflow/.local/lib/python3.8/site-packages/airflow/example_dags/example_trigger_target_dag.py
[2025-04-08T05:57:36.548+0000] {logging_mixin.py:188} INFO - [2025-04-08T05:57:36.547+0000] {dag.py:3036} INFO - Sync 1 DAGs
[2025-04-08T05:57:36.559+0000] {logging_mixin.py:188} INFO - [2025-04-08T05:57:36.559+0000] {dag.py:3823} INFO - Setting next_dagrun for example_trigger_target_dag to None, run_after=None
[2025-04-08T05:57:36.623+0000] {processor.py:183} INFO - Processing /home/airflow/.local/lib/python3.8/site-packages/airflow/example_dags/example_trigger_target_dag.py took 0.106 seconds
[2025-04-08T05:58:07.381+0000] {processor.py:161} INFO - Started process (PID=494) to work on /home/airflow/.local/lib/python3.8/site-packages/airflow/example_dags/example_trigger_target_dag.py
[2025-04-08T05:58:07.382+0000] {processor.py:830} INFO - Processing file /home/airflow/.local/lib/python3.8/site-packages/airflow/example_dags/example_trigger_target_dag.py for tasks to queue
[2025-04-08T05:58:07.384+0000] {logging_mixin.py:188} INFO - [2025-04-08T05:58:07.384+0000] {dagbag.py:538} INFO - Filling up the DagBag from /home/airflow/.local/lib/python3.8/site-packages/airflow/example_dags/example_trigger_target_dag.py
[2025-04-08T05:58:07.390+0000] {processor.py:840} INFO - DAG(s) 'example_trigger_target_dag' retrieved from /home/airflow/.local/lib/python3.8/site-packages/airflow/example_dags/example_trigger_target_dag.py
[2025-04-08T05:58:07.412+0000] {logging_mixin.py:188} INFO - [2025-04-08T05:58:07.412+0000] {dag.py:3036} INFO - Sync 1 DAGs
[2025-04-08T05:58:07.434+0000] {logging_mixin.py:188} INFO - [2025-04-08T05:58:07.434+0000] {dag.py:3823} INFO - Setting next_dagrun for example_trigger_target_dag to None, run_after=None
[2025-04-08T05:58:07.515+0000] {processor.py:183} INFO - Processing /home/airflow/.local/lib/python3.8/site-packages/airflow/example_dags/example_trigger_target_dag.py took 0.137 seconds
[2025-04-08T05:58:38.322+0000] {processor.py:161} INFO - Started process (PID=549) to work on /home/airflow/.local/lib/python3.8/site-packages/airflow/example_dags/example_trigger_target_dag.py
[2025-04-08T05:58:38.323+0000] {processor.py:830} INFO - Processing file /home/airflow/.local/lib/python3.8/site-packages/airflow/example_dags/example_trigger_target_dag.py for tasks to queue
[2025-04-08T05:58:38.326+0000] {logging_mixin.py:188} INFO - [2025-04-08T05:58:38.325+0000] {dagbag.py:538} INFO - Filling up the DagBag from /home/airflow/.local/lib/python3.8/site-packages/airflow/example_dags/example_trigger_target_dag.py
[2025-04-08T05:58:38.332+0000] {processor.py:840} INFO - DAG(s) 'example_trigger_target_dag' retrieved from /home/airflow/.local/lib/python3.8/site-packages/airflow/example_dags/example_trigger_target_dag.py
[2025-04-08T05:58:38.356+0000] {logging_mixin.py:188} INFO - [2025-04-08T05:58:38.356+0000] {dag.py:3036} INFO - Sync 1 DAGs
[2025-04-08T05:58:38.372+0000] {logging_mixin.py:188} INFO - [2025-04-08T05:58:38.372+0000] {dag.py:3823} INFO - Setting next_dagrun for example_trigger_target_dag to None, run_after=None
[2025-04-08T05:58:38.466+0000] {processor.py:183} INFO - Processing /home/airflow/.local/lib/python3.8/site-packages/airflow/example_dags/example_trigger_target_dag.py took 0.149 seconds
