[2025-04-08T05:44:53.272+0000] {processor.py:161} INFO - Started process (PID=79) to work on /home/airflow/.local/lib/python3.8/site-packages/airflow/example_dags/example_setup_teardown_taskflow.py
[2025-04-08T05:44:53.274+0000] {processor.py:830} INFO - Processing file /home/airflow/.local/lib/python3.8/site-packages/airflow/example_dags/example_setup_teardown_taskflow.py for tasks to queue
[2025-04-08T05:44:53.276+0000] {logging_mixin.py:188} INFO - [2025-04-08T05:44:53.275+0000] {dagbag.py:538} INFO - Filling up the DagBag from /home/airflow/.local/lib/python3.8/site-packages/airflow/example_dags/example_setup_teardown_taskflow.py
[2025-04-08T05:44:53.288+0000] {processor.py:840} INFO - DAG(s) 'example_setup_teardown_taskflow' retrieved from /home/airflow/.local/lib/python3.8/site-packages/airflow/example_dags/example_setup_teardown_taskflow.py
[2025-04-08T05:44:53.439+0000] {logging_mixin.py:188} INFO - [2025-04-08T05:44:53.439+0000] {dag.py:3036} INFO - Sync 1 DAGs
[2025-04-08T05:44:53.463+0000] {logging_mixin.py:188} INFO - [2025-04-08T05:44:53.463+0000] {dag.py:3823} INFO - Setting next_dagrun for example_setup_teardown_taskflow to 2025-04-07 00:00:00+00:00, run_after=2025-04-08 00:00:00+00:00
[2025-04-08T05:44:53.535+0000] {processor.py:183} INFO - Processing /home/airflow/.local/lib/python3.8/site-packages/airflow/example_dags/example_setup_teardown_taskflow.py took 0.265 seconds
[2025-04-08T05:45:25.388+0000] {processor.py:161} INFO - Started process (PID=134) to work on /home/airflow/.local/lib/python3.8/site-packages/airflow/example_dags/example_setup_teardown_taskflow.py
[2025-04-08T05:45:25.389+0000] {processor.py:830} INFO - Processing file /home/airflow/.local/lib/python3.8/site-packages/airflow/example_dags/example_setup_teardown_taskflow.py for tasks to queue
[2025-04-08T05:45:25.391+0000] {logging_mixin.py:188} INFO - [2025-04-08T05:45:25.391+0000] {dagbag.py:538} INFO - Filling up the DagBag from /home/airflow/.local/lib/python3.8/site-packages/airflow/example_dags/example_setup_teardown_taskflow.py
[2025-04-08T05:45:25.400+0000] {processor.py:840} INFO - DAG(s) 'example_setup_teardown_taskflow' retrieved from /home/airflow/.local/lib/python3.8/site-packages/airflow/example_dags/example_setup_teardown_taskflow.py
[2025-04-08T05:45:25.422+0000] {logging_mixin.py:188} INFO - [2025-04-08T05:45:25.422+0000] {dag.py:3036} INFO - Sync 1 DAGs
[2025-04-08T05:45:25.444+0000] {logging_mixin.py:188} INFO - [2025-04-08T05:45:25.443+0000] {dag.py:3823} INFO - Setting next_dagrun for example_setup_teardown_taskflow to 2025-04-07 00:00:00+00:00, run_after=2025-04-08 00:00:00+00:00
[2025-04-08T05:45:25.536+0000] {processor.py:183} INFO - Processing /home/airflow/.local/lib/python3.8/site-packages/airflow/example_dags/example_setup_teardown_taskflow.py took 0.151 seconds
[2025-04-08T05:45:58.812+0000] {processor.py:161} INFO - Started process (PID=189) to work on /home/airflow/.local/lib/python3.8/site-packages/airflow/example_dags/example_setup_teardown_taskflow.py
[2025-04-08T05:45:58.813+0000] {processor.py:830} INFO - Processing file /home/airflow/.local/lib/python3.8/site-packages/airflow/example_dags/example_setup_teardown_taskflow.py for tasks to queue
[2025-04-08T05:45:58.816+0000] {logging_mixin.py:188} INFO - [2025-04-08T05:45:58.815+0000] {dagbag.py:538} INFO - Filling up the DagBag from /home/airflow/.local/lib/python3.8/site-packages/airflow/example_dags/example_setup_teardown_taskflow.py
[2025-04-08T05:45:58.833+0000] {processor.py:840} INFO - DAG(s) 'example_setup_teardown_taskflow' retrieved from /home/airflow/.local/lib/python3.8/site-packages/airflow/example_dags/example_setup_teardown_taskflow.py
[2025-04-08T05:45:58.866+0000] {logging_mixin.py:188} INFO - [2025-04-08T05:45:58.866+0000] {dag.py:3036} INFO - Sync 1 DAGs
[2025-04-08T05:45:58.904+0000] {logging_mixin.py:188} INFO - [2025-04-08T05:45:58.904+0000] {dag.py:3823} INFO - Setting next_dagrun for example_setup_teardown_taskflow to 2025-04-07 00:00:00+00:00, run_after=2025-04-08 00:00:00+00:00
[2025-04-08T05:45:58.998+0000] {processor.py:183} INFO - Processing /home/airflow/.local/lib/python3.8/site-packages/airflow/example_dags/example_setup_teardown_taskflow.py took 0.190 seconds
[2025-04-08T05:46:29.158+0000] {processor.py:161} INFO - Started process (PID=244) to work on /home/airflow/.local/lib/python3.8/site-packages/airflow/example_dags/example_setup_teardown_taskflow.py
[2025-04-08T05:46:29.159+0000] {processor.py:830} INFO - Processing file /home/airflow/.local/lib/python3.8/site-packages/airflow/example_dags/example_setup_teardown_taskflow.py for tasks to queue
[2025-04-08T05:46:29.161+0000] {logging_mixin.py:188} INFO - [2025-04-08T05:46:29.161+0000] {dagbag.py:538} INFO - Filling up the DagBag from /home/airflow/.local/lib/python3.8/site-packages/airflow/example_dags/example_setup_teardown_taskflow.py
[2025-04-08T05:46:29.172+0000] {processor.py:840} INFO - DAG(s) 'example_setup_teardown_taskflow' retrieved from /home/airflow/.local/lib/python3.8/site-packages/airflow/example_dags/example_setup_teardown_taskflow.py
[2025-04-08T05:46:29.197+0000] {logging_mixin.py:188} INFO - [2025-04-08T05:46:29.196+0000] {dag.py:3036} INFO - Sync 1 DAGs
[2025-04-08T05:46:29.221+0000] {logging_mixin.py:188} INFO - [2025-04-08T05:46:29.221+0000] {dag.py:3823} INFO - Setting next_dagrun for example_setup_teardown_taskflow to 2025-04-07 00:00:00+00:00, run_after=2025-04-08 00:00:00+00:00
[2025-04-08T05:46:29.270+0000] {processor.py:183} INFO - Processing /home/airflow/.local/lib/python3.8/site-packages/airflow/example_dags/example_setup_teardown_taskflow.py took 0.115 seconds
[2025-04-08T05:46:59.585+0000] {processor.py:161} INFO - Started process (PID=299) to work on /home/airflow/.local/lib/python3.8/site-packages/airflow/example_dags/example_setup_teardown_taskflow.py
[2025-04-08T05:46:59.586+0000] {processor.py:830} INFO - Processing file /home/airflow/.local/lib/python3.8/site-packages/airflow/example_dags/example_setup_teardown_taskflow.py for tasks to queue
[2025-04-08T05:46:59.589+0000] {logging_mixin.py:188} INFO - [2025-04-08T05:46:59.589+0000] {dagbag.py:538} INFO - Filling up the DagBag from /home/airflow/.local/lib/python3.8/site-packages/airflow/example_dags/example_setup_teardown_taskflow.py
[2025-04-08T05:46:59.601+0000] {processor.py:840} INFO - DAG(s) 'example_setup_teardown_taskflow' retrieved from /home/airflow/.local/lib/python3.8/site-packages/airflow/example_dags/example_setup_teardown_taskflow.py
[2025-04-08T05:46:59.629+0000] {logging_mixin.py:188} INFO - [2025-04-08T05:46:59.629+0000] {dag.py:3036} INFO - Sync 1 DAGs
[2025-04-08T05:46:59.658+0000] {logging_mixin.py:188} INFO - [2025-04-08T05:46:59.657+0000] {dag.py:3823} INFO - Setting next_dagrun for example_setup_teardown_taskflow to 2025-04-07 00:00:00+00:00, run_after=2025-04-08 00:00:00+00:00
[2025-04-08T05:46:59.735+0000] {processor.py:183} INFO - Processing /home/airflow/.local/lib/python3.8/site-packages/airflow/example_dags/example_setup_teardown_taskflow.py took 0.153 seconds
[2025-04-08T05:47:29.843+0000] {processor.py:161} INFO - Started process (PID=354) to work on /home/airflow/.local/lib/python3.8/site-packages/airflow/example_dags/example_setup_teardown_taskflow.py
[2025-04-08T05:47:29.844+0000] {processor.py:830} INFO - Processing file /home/airflow/.local/lib/python3.8/site-packages/airflow/example_dags/example_setup_teardown_taskflow.py for tasks to queue
[2025-04-08T05:47:29.846+0000] {logging_mixin.py:188} INFO - [2025-04-08T05:47:29.846+0000] {dagbag.py:538} INFO - Filling up the DagBag from /home/airflow/.local/lib/python3.8/site-packages/airflow/example_dags/example_setup_teardown_taskflow.py
[2025-04-08T05:47:29.858+0000] {processor.py:840} INFO - DAG(s) 'example_setup_teardown_taskflow' retrieved from /home/airflow/.local/lib/python3.8/site-packages/airflow/example_dags/example_setup_teardown_taskflow.py
[2025-04-08T05:47:29.888+0000] {logging_mixin.py:188} INFO - [2025-04-08T05:47:29.888+0000] {dag.py:3036} INFO - Sync 1 DAGs
[2025-04-08T05:47:29.915+0000] {logging_mixin.py:188} INFO - [2025-04-08T05:47:29.915+0000] {dag.py:3823} INFO - Setting next_dagrun for example_setup_teardown_taskflow to 2025-04-07 00:00:00+00:00, run_after=2025-04-08 00:00:00+00:00
[2025-04-08T05:47:29.973+0000] {processor.py:183} INFO - Processing /home/airflow/.local/lib/python3.8/site-packages/airflow/example_dags/example_setup_teardown_taskflow.py took 0.134 seconds
[2025-04-08T05:48:00.264+0000] {processor.py:161} INFO - Started process (PID=409) to work on /home/airflow/.local/lib/python3.8/site-packages/airflow/example_dags/example_setup_teardown_taskflow.py
[2025-04-08T05:48:00.265+0000] {processor.py:830} INFO - Processing file /home/airflow/.local/lib/python3.8/site-packages/airflow/example_dags/example_setup_teardown_taskflow.py for tasks to queue
[2025-04-08T05:48:00.267+0000] {logging_mixin.py:188} INFO - [2025-04-08T05:48:00.267+0000] {dagbag.py:538} INFO - Filling up the DagBag from /home/airflow/.local/lib/python3.8/site-packages/airflow/example_dags/example_setup_teardown_taskflow.py
[2025-04-08T05:48:00.279+0000] {processor.py:840} INFO - DAG(s) 'example_setup_teardown_taskflow' retrieved from /home/airflow/.local/lib/python3.8/site-packages/airflow/example_dags/example_setup_teardown_taskflow.py
[2025-04-08T05:48:00.311+0000] {logging_mixin.py:188} INFO - [2025-04-08T05:48:00.310+0000] {dag.py:3036} INFO - Sync 1 DAGs
[2025-04-08T05:48:00.336+0000] {logging_mixin.py:188} INFO - [2025-04-08T05:48:00.336+0000] {dag.py:3823} INFO - Setting next_dagrun for example_setup_teardown_taskflow to 2025-04-07 00:00:00+00:00, run_after=2025-04-08 00:00:00+00:00
[2025-04-08T05:48:00.413+0000] {processor.py:183} INFO - Processing /home/airflow/.local/lib/python3.8/site-packages/airflow/example_dags/example_setup_teardown_taskflow.py took 0.152 seconds
[2025-04-08T05:48:31.008+0000] {processor.py:161} INFO - Started process (PID=464) to work on /home/airflow/.local/lib/python3.8/site-packages/airflow/example_dags/example_setup_teardown_taskflow.py
[2025-04-08T05:48:31.009+0000] {processor.py:830} INFO - Processing file /home/airflow/.local/lib/python3.8/site-packages/airflow/example_dags/example_setup_teardown_taskflow.py for tasks to queue
[2025-04-08T05:48:31.011+0000] {logging_mixin.py:188} INFO - [2025-04-08T05:48:31.011+0000] {dagbag.py:538} INFO - Filling up the DagBag from /home/airflow/.local/lib/python3.8/site-packages/airflow/example_dags/example_setup_teardown_taskflow.py
[2025-04-08T05:48:31.024+0000] {processor.py:840} INFO - DAG(s) 'example_setup_teardown_taskflow' retrieved from /home/airflow/.local/lib/python3.8/site-packages/airflow/example_dags/example_setup_teardown_taskflow.py
[2025-04-08T05:48:31.053+0000] {logging_mixin.py:188} INFO - [2025-04-08T05:48:31.053+0000] {dag.py:3036} INFO - Sync 1 DAGs
[2025-04-08T05:48:31.081+0000] {logging_mixin.py:188} INFO - [2025-04-08T05:48:31.081+0000] {dag.py:3823} INFO - Setting next_dagrun for example_setup_teardown_taskflow to 2025-04-07 00:00:00+00:00, run_after=2025-04-08 00:00:00+00:00
[2025-04-08T05:48:31.141+0000] {processor.py:183} INFO - Processing /home/airflow/.local/lib/python3.8/site-packages/airflow/example_dags/example_setup_teardown_taskflow.py took 0.137 seconds
[2025-04-08T05:49:01.791+0000] {processor.py:161} INFO - Started process (PID=519) to work on /home/airflow/.local/lib/python3.8/site-packages/airflow/example_dags/example_setup_teardown_taskflow.py
[2025-04-08T05:49:01.793+0000] {processor.py:830} INFO - Processing file /home/airflow/.local/lib/python3.8/site-packages/airflow/example_dags/example_setup_teardown_taskflow.py for tasks to queue
[2025-04-08T05:49:01.795+0000] {logging_mixin.py:188} INFO - [2025-04-08T05:49:01.795+0000] {dagbag.py:538} INFO - Filling up the DagBag from /home/airflow/.local/lib/python3.8/site-packages/airflow/example_dags/example_setup_teardown_taskflow.py
[2025-04-08T05:49:01.805+0000] {processor.py:840} INFO - DAG(s) 'example_setup_teardown_taskflow' retrieved from /home/airflow/.local/lib/python3.8/site-packages/airflow/example_dags/example_setup_teardown_taskflow.py
[2025-04-08T05:49:01.828+0000] {logging_mixin.py:188} INFO - [2025-04-08T05:49:01.828+0000] {dag.py:3036} INFO - Sync 1 DAGs
[2025-04-08T05:49:01.850+0000] {logging_mixin.py:188} INFO - [2025-04-08T05:49:01.850+0000] {dag.py:3823} INFO - Setting next_dagrun for example_setup_teardown_taskflow to 2025-04-07 00:00:00+00:00, run_after=2025-04-08 00:00:00+00:00
[2025-04-08T05:49:01.898+0000] {processor.py:183} INFO - Processing /home/airflow/.local/lib/python3.8/site-packages/airflow/example_dags/example_setup_teardown_taskflow.py took 0.109 seconds
[2025-04-08T05:49:32.594+0000] {processor.py:161} INFO - Started process (PID=574) to work on /home/airflow/.local/lib/python3.8/site-packages/airflow/example_dags/example_setup_teardown_taskflow.py
[2025-04-08T05:49:32.595+0000] {processor.py:830} INFO - Processing file /home/airflow/.local/lib/python3.8/site-packages/airflow/example_dags/example_setup_teardown_taskflow.py for tasks to queue
[2025-04-08T05:49:32.597+0000] {logging_mixin.py:188} INFO - [2025-04-08T05:49:32.596+0000] {dagbag.py:538} INFO - Filling up the DagBag from /home/airflow/.local/lib/python3.8/site-packages/airflow/example_dags/example_setup_teardown_taskflow.py
[2025-04-08T05:49:32.605+0000] {processor.py:840} INFO - DAG(s) 'example_setup_teardown_taskflow' retrieved from /home/airflow/.local/lib/python3.8/site-packages/airflow/example_dags/example_setup_teardown_taskflow.py
[2025-04-08T05:49:32.625+0000] {logging_mixin.py:188} INFO - [2025-04-08T05:49:32.625+0000] {dag.py:3036} INFO - Sync 1 DAGs
[2025-04-08T05:49:32.645+0000] {logging_mixin.py:188} INFO - [2025-04-08T05:49:32.645+0000] {dag.py:3823} INFO - Setting next_dagrun for example_setup_teardown_taskflow to 2025-04-07 00:00:00+00:00, run_after=2025-04-08 00:00:00+00:00
[2025-04-08T05:49:32.732+0000] {processor.py:183} INFO - Processing /home/airflow/.local/lib/python3.8/site-packages/airflow/example_dags/example_setup_teardown_taskflow.py took 0.140 seconds
[2025-04-08T05:50:06.765+0000] {processor.py:161} INFO - Started process (PID=629) to work on /home/airflow/.local/lib/python3.8/site-packages/airflow/example_dags/example_setup_teardown_taskflow.py
[2025-04-08T05:50:06.766+0000] {processor.py:830} INFO - Processing file /home/airflow/.local/lib/python3.8/site-packages/airflow/example_dags/example_setup_teardown_taskflow.py for tasks to queue
[2025-04-08T05:50:06.768+0000] {logging_mixin.py:188} INFO - [2025-04-08T05:50:06.768+0000] {dagbag.py:538} INFO - Filling up the DagBag from /home/airflow/.local/lib/python3.8/site-packages/airflow/example_dags/example_setup_teardown_taskflow.py
[2025-04-08T05:50:06.780+0000] {processor.py:840} INFO - DAG(s) 'example_setup_teardown_taskflow' retrieved from /home/airflow/.local/lib/python3.8/site-packages/airflow/example_dags/example_setup_teardown_taskflow.py
[2025-04-08T05:50:06.806+0000] {logging_mixin.py:188} INFO - [2025-04-08T05:50:06.806+0000] {dag.py:3036} INFO - Sync 1 DAGs
[2025-04-08T05:50:06.830+0000] {logging_mixin.py:188} INFO - [2025-04-08T05:50:06.830+0000] {dag.py:3823} INFO - Setting next_dagrun for example_setup_teardown_taskflow to 2025-04-07 00:00:00+00:00, run_after=2025-04-08 00:00:00+00:00
[2025-04-08T05:50:06.876+0000] {processor.py:183} INFO - Processing /home/airflow/.local/lib/python3.8/site-packages/airflow/example_dags/example_setup_teardown_taskflow.py took 0.115 seconds
[2025-04-08T05:50:37.674+0000] {processor.py:161} INFO - Started process (PID=684) to work on /home/airflow/.local/lib/python3.8/site-packages/airflow/example_dags/example_setup_teardown_taskflow.py
[2025-04-08T05:50:37.676+0000] {processor.py:830} INFO - Processing file /home/airflow/.local/lib/python3.8/site-packages/airflow/example_dags/example_setup_teardown_taskflow.py for tasks to queue
[2025-04-08T05:50:37.681+0000] {logging_mixin.py:188} INFO - [2025-04-08T05:50:37.680+0000] {dagbag.py:538} INFO - Filling up the DagBag from /home/airflow/.local/lib/python3.8/site-packages/airflow/example_dags/example_setup_teardown_taskflow.py
[2025-04-08T05:50:37.697+0000] {processor.py:840} INFO - DAG(s) 'example_setup_teardown_taskflow' retrieved from /home/airflow/.local/lib/python3.8/site-packages/airflow/example_dags/example_setup_teardown_taskflow.py
[2025-04-08T05:50:37.727+0000] {logging_mixin.py:188} INFO - [2025-04-08T05:50:37.726+0000] {dag.py:3036} INFO - Sync 1 DAGs
[2025-04-08T05:50:37.754+0000] {logging_mixin.py:188} INFO - [2025-04-08T05:50:37.753+0000] {dag.py:3823} INFO - Setting next_dagrun for example_setup_teardown_taskflow to 2025-04-07 00:00:00+00:00, run_after=2025-04-08 00:00:00+00:00
[2025-04-08T05:50:37.806+0000] {processor.py:183} INFO - Processing /home/airflow/.local/lib/python3.8/site-packages/airflow/example_dags/example_setup_teardown_taskflow.py took 0.136 seconds
[2025-04-08T05:54:04.409+0000] {processor.py:161} INFO - Started process (PID=74) to work on /home/airflow/.local/lib/python3.8/site-packages/airflow/example_dags/example_setup_teardown_taskflow.py
[2025-04-08T05:54:04.410+0000] {processor.py:830} INFO - Processing file /home/airflow/.local/lib/python3.8/site-packages/airflow/example_dags/example_setup_teardown_taskflow.py for tasks to queue
[2025-04-08T05:54:04.412+0000] {logging_mixin.py:188} INFO - [2025-04-08T05:54:04.412+0000] {dagbag.py:538} INFO - Filling up the DagBag from /home/airflow/.local/lib/python3.8/site-packages/airflow/example_dags/example_setup_teardown_taskflow.py
[2025-04-08T05:54:04.424+0000] {processor.py:840} INFO - DAG(s) 'example_setup_teardown_taskflow' retrieved from /home/airflow/.local/lib/python3.8/site-packages/airflow/example_dags/example_setup_teardown_taskflow.py
[2025-04-08T05:54:04.548+0000] {logging_mixin.py:188} INFO - [2025-04-08T05:54:04.547+0000] {dag.py:3036} INFO - Sync 1 DAGs
[2025-04-08T05:54:04.573+0000] {logging_mixin.py:188} INFO - [2025-04-08T05:54:04.573+0000] {dag.py:3823} INFO - Setting next_dagrun for example_setup_teardown_taskflow to 2025-04-07 00:00:00+00:00, run_after=2025-04-08 00:00:00+00:00
[2025-04-08T05:54:04.626+0000] {processor.py:183} INFO - Processing /home/airflow/.local/lib/python3.8/site-packages/airflow/example_dags/example_setup_teardown_taskflow.py took 0.221 seconds
[2025-04-08T05:54:35.562+0000] {processor.py:161} INFO - Started process (PID=123) to work on /home/airflow/.local/lib/python3.8/site-packages/airflow/example_dags/example_setup_teardown_taskflow.py
[2025-04-08T05:54:35.563+0000] {processor.py:830} INFO - Processing file /home/airflow/.local/lib/python3.8/site-packages/airflow/example_dags/example_setup_teardown_taskflow.py for tasks to queue
[2025-04-08T05:54:35.565+0000] {logging_mixin.py:188} INFO - [2025-04-08T05:54:35.565+0000] {dagbag.py:538} INFO - Filling up the DagBag from /home/airflow/.local/lib/python3.8/site-packages/airflow/example_dags/example_setup_teardown_taskflow.py
[2025-04-08T05:54:35.577+0000] {processor.py:840} INFO - DAG(s) 'example_setup_teardown_taskflow' retrieved from /home/airflow/.local/lib/python3.8/site-packages/airflow/example_dags/example_setup_teardown_taskflow.py
[2025-04-08T05:54:35.607+0000] {logging_mixin.py:188} INFO - [2025-04-08T05:54:35.607+0000] {dag.py:3036} INFO - Sync 1 DAGs
[2025-04-08T05:54:35.632+0000] {logging_mixin.py:188} INFO - [2025-04-08T05:54:35.632+0000] {dag.py:3823} INFO - Setting next_dagrun for example_setup_teardown_taskflow to 2025-04-07 00:00:00+00:00, run_after=2025-04-08 00:00:00+00:00
[2025-04-08T05:54:35.709+0000] {processor.py:183} INFO - Processing /home/airflow/.local/lib/python3.8/site-packages/airflow/example_dags/example_setup_teardown_taskflow.py took 0.151 seconds
[2025-04-08T05:55:05.890+0000] {processor.py:161} INFO - Started process (PID=180) to work on /home/airflow/.local/lib/python3.8/site-packages/airflow/example_dags/example_setup_teardown_taskflow.py
[2025-04-08T05:55:05.892+0000] {processor.py:830} INFO - Processing file /home/airflow/.local/lib/python3.8/site-packages/airflow/example_dags/example_setup_teardown_taskflow.py for tasks to queue
[2025-04-08T05:55:05.894+0000] {logging_mixin.py:188} INFO - [2025-04-08T05:55:05.893+0000] {dagbag.py:538} INFO - Filling up the DagBag from /home/airflow/.local/lib/python3.8/site-packages/airflow/example_dags/example_setup_teardown_taskflow.py
[2025-04-08T05:55:05.903+0000] {processor.py:840} INFO - DAG(s) 'example_setup_teardown_taskflow' retrieved from /home/airflow/.local/lib/python3.8/site-packages/airflow/example_dags/example_setup_teardown_taskflow.py
[2025-04-08T05:55:05.926+0000] {logging_mixin.py:188} INFO - [2025-04-08T05:55:05.925+0000] {dag.py:3036} INFO - Sync 1 DAGs
[2025-04-08T05:55:05.952+0000] {logging_mixin.py:188} INFO - [2025-04-08T05:55:05.951+0000] {dag.py:3823} INFO - Setting next_dagrun for example_setup_teardown_taskflow to 2025-04-07 00:00:00+00:00, run_after=2025-04-08 00:00:00+00:00
[2025-04-08T05:55:06.038+0000] {processor.py:183} INFO - Processing /home/airflow/.local/lib/python3.8/site-packages/airflow/example_dags/example_setup_teardown_taskflow.py took 0.150 seconds
[2025-04-08T05:55:36.229+0000] {processor.py:161} INFO - Started process (PID=235) to work on /home/airflow/.local/lib/python3.8/site-packages/airflow/example_dags/example_setup_teardown_taskflow.py
[2025-04-08T05:55:36.230+0000] {processor.py:830} INFO - Processing file /home/airflow/.local/lib/python3.8/site-packages/airflow/example_dags/example_setup_teardown_taskflow.py for tasks to queue
[2025-04-08T05:55:36.232+0000] {logging_mixin.py:188} INFO - [2025-04-08T05:55:36.231+0000] {dagbag.py:538} INFO - Filling up the DagBag from /home/airflow/.local/lib/python3.8/site-packages/airflow/example_dags/example_setup_teardown_taskflow.py
[2025-04-08T05:55:36.242+0000] {processor.py:840} INFO - DAG(s) 'example_setup_teardown_taskflow' retrieved from /home/airflow/.local/lib/python3.8/site-packages/airflow/example_dags/example_setup_teardown_taskflow.py
[2025-04-08T05:55:36.262+0000] {logging_mixin.py:188} INFO - [2025-04-08T05:55:36.262+0000] {dag.py:3036} INFO - Sync 1 DAGs
[2025-04-08T05:55:36.285+0000] {logging_mixin.py:188} INFO - [2025-04-08T05:55:36.285+0000] {dag.py:3823} INFO - Setting next_dagrun for example_setup_teardown_taskflow to 2025-04-07 00:00:00+00:00, run_after=2025-04-08 00:00:00+00:00
[2025-04-08T05:55:36.361+0000] {processor.py:183} INFO - Processing /home/airflow/.local/lib/python3.8/site-packages/airflow/example_dags/example_setup_teardown_taskflow.py took 0.135 seconds
[2025-04-08T05:56:06.691+0000] {processor.py:161} INFO - Started process (PID=289) to work on /home/airflow/.local/lib/python3.8/site-packages/airflow/example_dags/example_setup_teardown_taskflow.py
[2025-04-08T05:56:06.692+0000] {processor.py:830} INFO - Processing file /home/airflow/.local/lib/python3.8/site-packages/airflow/example_dags/example_setup_teardown_taskflow.py for tasks to queue
[2025-04-08T05:56:06.694+0000] {logging_mixin.py:188} INFO - [2025-04-08T05:56:06.693+0000] {dagbag.py:538} INFO - Filling up the DagBag from /home/airflow/.local/lib/python3.8/site-packages/airflow/example_dags/example_setup_teardown_taskflow.py
[2025-04-08T05:56:06.703+0000] {processor.py:840} INFO - DAG(s) 'example_setup_teardown_taskflow' retrieved from /home/airflow/.local/lib/python3.8/site-packages/airflow/example_dags/example_setup_teardown_taskflow.py
[2025-04-08T05:56:06.724+0000] {logging_mixin.py:188} INFO - [2025-04-08T05:56:06.724+0000] {dag.py:3036} INFO - Sync 1 DAGs
[2025-04-08T05:56:06.747+0000] {logging_mixin.py:188} INFO - [2025-04-08T05:56:06.746+0000] {dag.py:3823} INFO - Setting next_dagrun for example_setup_teardown_taskflow to 2025-04-07 00:00:00+00:00, run_after=2025-04-08 00:00:00+00:00
[2025-04-08T05:56:06.798+0000] {processor.py:183} INFO - Processing /home/airflow/.local/lib/python3.8/site-packages/airflow/example_dags/example_setup_teardown_taskflow.py took 0.110 seconds
[2025-04-08T05:56:41.382+0000] {processor.py:161} INFO - Started process (PID=344) to work on /home/airflow/.local/lib/python3.8/site-packages/airflow/example_dags/example_setup_teardown_taskflow.py
[2025-04-08T05:56:41.383+0000] {processor.py:830} INFO - Processing file /home/airflow/.local/lib/python3.8/site-packages/airflow/example_dags/example_setup_teardown_taskflow.py for tasks to queue
[2025-04-08T05:56:41.385+0000] {logging_mixin.py:188} INFO - [2025-04-08T05:56:41.385+0000] {dagbag.py:538} INFO - Filling up the DagBag from /home/airflow/.local/lib/python3.8/site-packages/airflow/example_dags/example_setup_teardown_taskflow.py
[2025-04-08T05:56:41.396+0000] {processor.py:840} INFO - DAG(s) 'example_setup_teardown_taskflow' retrieved from /home/airflow/.local/lib/python3.8/site-packages/airflow/example_dags/example_setup_teardown_taskflow.py
[2025-04-08T05:56:41.423+0000] {logging_mixin.py:188} INFO - [2025-04-08T05:56:41.422+0000] {dag.py:3036} INFO - Sync 1 DAGs
[2025-04-08T05:56:41.458+0000] {logging_mixin.py:188} INFO - [2025-04-08T05:56:41.458+0000] {dag.py:3823} INFO - Setting next_dagrun for example_setup_teardown_taskflow to 2025-04-07 00:00:00+00:00, run_after=2025-04-08 00:00:00+00:00
[2025-04-08T05:56:41.552+0000] {processor.py:183} INFO - Processing /home/airflow/.local/lib/python3.8/site-packages/airflow/example_dags/example_setup_teardown_taskflow.py took 0.174 seconds
[2025-04-08T05:57:11.623+0000] {processor.py:161} INFO - Started process (PID=399) to work on /home/airflow/.local/lib/python3.8/site-packages/airflow/example_dags/example_setup_teardown_taskflow.py
[2025-04-08T05:57:11.624+0000] {processor.py:830} INFO - Processing file /home/airflow/.local/lib/python3.8/site-packages/airflow/example_dags/example_setup_teardown_taskflow.py for tasks to queue
[2025-04-08T05:57:11.626+0000] {logging_mixin.py:188} INFO - [2025-04-08T05:57:11.626+0000] {dagbag.py:538} INFO - Filling up the DagBag from /home/airflow/.local/lib/python3.8/site-packages/airflow/example_dags/example_setup_teardown_taskflow.py
[2025-04-08T05:57:11.636+0000] {processor.py:840} INFO - DAG(s) 'example_setup_teardown_taskflow' retrieved from /home/airflow/.local/lib/python3.8/site-packages/airflow/example_dags/example_setup_teardown_taskflow.py
[2025-04-08T05:57:11.658+0000] {logging_mixin.py:188} INFO - [2025-04-08T05:57:11.657+0000] {dag.py:3036} INFO - Sync 1 DAGs
[2025-04-08T05:57:11.679+0000] {logging_mixin.py:188} INFO - [2025-04-08T05:57:11.678+0000] {dag.py:3823} INFO - Setting next_dagrun for example_setup_teardown_taskflow to 2025-04-07 00:00:00+00:00, run_after=2025-04-08 00:00:00+00:00
[2025-04-08T05:57:11.749+0000] {processor.py:183} INFO - Processing /home/airflow/.local/lib/python3.8/site-packages/airflow/example_dags/example_setup_teardown_taskflow.py took 0.129 seconds
[2025-04-08T05:57:41.938+0000] {processor.py:161} INFO - Started process (PID=454) to work on /home/airflow/.local/lib/python3.8/site-packages/airflow/example_dags/example_setup_teardown_taskflow.py
[2025-04-08T05:57:41.939+0000] {processor.py:830} INFO - Processing file /home/airflow/.local/lib/python3.8/site-packages/airflow/example_dags/example_setup_teardown_taskflow.py for tasks to queue
[2025-04-08T05:57:41.941+0000] {logging_mixin.py:188} INFO - [2025-04-08T05:57:41.941+0000] {dagbag.py:538} INFO - Filling up the DagBag from /home/airflow/.local/lib/python3.8/site-packages/airflow/example_dags/example_setup_teardown_taskflow.py
[2025-04-08T05:57:41.951+0000] {processor.py:840} INFO - DAG(s) 'example_setup_teardown_taskflow' retrieved from /home/airflow/.local/lib/python3.8/site-packages/airflow/example_dags/example_setup_teardown_taskflow.py
[2025-04-08T05:57:41.976+0000] {logging_mixin.py:188} INFO - [2025-04-08T05:57:41.976+0000] {dag.py:3036} INFO - Sync 1 DAGs
[2025-04-08T05:57:42.001+0000] {logging_mixin.py:188} INFO - [2025-04-08T05:57:42.001+0000] {dag.py:3823} INFO - Setting next_dagrun for example_setup_teardown_taskflow to 2025-04-07 00:00:00+00:00, run_after=2025-04-08 00:00:00+00:00
[2025-04-08T05:57:42.056+0000] {processor.py:183} INFO - Processing /home/airflow/.local/lib/python3.8/site-packages/airflow/example_dags/example_setup_teardown_taskflow.py took 0.121 seconds
[2025-04-08T05:58:12.638+0000] {processor.py:161} INFO - Started process (PID=509) to work on /home/airflow/.local/lib/python3.8/site-packages/airflow/example_dags/example_setup_teardown_taskflow.py
[2025-04-08T05:58:12.639+0000] {processor.py:830} INFO - Processing file /home/airflow/.local/lib/python3.8/site-packages/airflow/example_dags/example_setup_teardown_taskflow.py for tasks to queue
[2025-04-08T05:58:12.641+0000] {logging_mixin.py:188} INFO - [2025-04-08T05:58:12.641+0000] {dagbag.py:538} INFO - Filling up the DagBag from /home/airflow/.local/lib/python3.8/site-packages/airflow/example_dags/example_setup_teardown_taskflow.py
[2025-04-08T05:58:12.653+0000] {processor.py:840} INFO - DAG(s) 'example_setup_teardown_taskflow' retrieved from /home/airflow/.local/lib/python3.8/site-packages/airflow/example_dags/example_setup_teardown_taskflow.py
[2025-04-08T05:58:12.676+0000] {logging_mixin.py:188} INFO - [2025-04-08T05:58:12.676+0000] {dag.py:3036} INFO - Sync 1 DAGs
[2025-04-08T05:58:12.697+0000] {logging_mixin.py:188} INFO - [2025-04-08T05:58:12.696+0000] {dag.py:3823} INFO - Setting next_dagrun for example_setup_teardown_taskflow to 2025-04-07 00:00:00+00:00, run_after=2025-04-08 00:00:00+00:00
[2025-04-08T05:58:12.754+0000] {processor.py:183} INFO - Processing /home/airflow/.local/lib/python3.8/site-packages/airflow/example_dags/example_setup_teardown_taskflow.py took 0.118 seconds
[2025-04-08T05:58:43.751+0000] {processor.py:161} INFO - Started process (PID=564) to work on /home/airflow/.local/lib/python3.8/site-packages/airflow/example_dags/example_setup_teardown_taskflow.py
[2025-04-08T05:58:43.752+0000] {processor.py:830} INFO - Processing file /home/airflow/.local/lib/python3.8/site-packages/airflow/example_dags/example_setup_teardown_taskflow.py for tasks to queue
[2025-04-08T05:58:43.755+0000] {logging_mixin.py:188} INFO - [2025-04-08T05:58:43.755+0000] {dagbag.py:538} INFO - Filling up the DagBag from /home/airflow/.local/lib/python3.8/site-packages/airflow/example_dags/example_setup_teardown_taskflow.py
[2025-04-08T05:58:43.769+0000] {processor.py:840} INFO - DAG(s) 'example_setup_teardown_taskflow' retrieved from /home/airflow/.local/lib/python3.8/site-packages/airflow/example_dags/example_setup_teardown_taskflow.py
[2025-04-08T05:58:43.802+0000] {logging_mixin.py:188} INFO - [2025-04-08T05:58:43.802+0000] {dag.py:3036} INFO - Sync 1 DAGs
[2025-04-08T05:58:43.825+0000] {logging_mixin.py:188} INFO - [2025-04-08T05:58:43.825+0000] {dag.py:3823} INFO - Setting next_dagrun for example_setup_teardown_taskflow to 2025-04-07 00:00:00+00:00, run_after=2025-04-08 00:00:00+00:00
[2025-04-08T05:58:43.890+0000] {processor.py:183} INFO - Processing /home/airflow/.local/lib/python3.8/site-packages/airflow/example_dags/example_setup_teardown_taskflow.py took 0.142 seconds
