[2025-04-08T05:44:52.925+0000] {processor.py:161} INFO - Started process (PID=76) to work on /home/airflow/.local/lib/python3.8/site-packages/airflow/example_dags/example_branch_labels.py
[2025-04-08T05:44:52.927+0000] {processor.py:830} INFO - Processing file /home/airflow/.local/lib/python3.8/site-packages/airflow/example_dags/example_branch_labels.py for tasks to queue
[2025-04-08T05:44:52.928+0000] {logging_mixin.py:188} INFO - [2025-04-08T05:44:52.928+0000] {dagbag.py:538} INFO - Filling up the DagBag from /home/airflow/.local/lib/python3.8/site-packages/airflow/example_dags/example_branch_labels.py
[2025-04-08T05:44:52.940+0000] {processor.py:840} INFO - DAG(s) 'example_branch_labels' retrieved from /home/airflow/.local/lib/python3.8/site-packages/airflow/example_dags/example_branch_labels.py
[2025-04-08T05:44:53.079+0000] {logging_mixin.py:188} INFO - [2025-04-08T05:44:53.079+0000] {dag.py:3036} INFO - Sync 1 DAGs
[2025-04-08T05:44:53.110+0000] {logging_mixin.py:188} INFO - [2025-04-08T05:44:53.110+0000] {dag.py:3823} INFO - Setting next_dagrun for example_branch_labels to 2025-04-07 00:00:00+00:00, run_after=2025-04-08 00:00:00+00:00
[2025-04-08T05:44:53.174+0000] {processor.py:183} INFO - Processing /home/airflow/.local/lib/python3.8/site-packages/airflow/example_dags/example_branch_labels.py took 0.251 seconds
[2025-04-08T05:45:25.209+0000] {processor.py:161} INFO - Started process (PID=131) to work on /home/airflow/.local/lib/python3.8/site-packages/airflow/example_dags/example_branch_labels.py
[2025-04-08T05:45:25.211+0000] {processor.py:830} INFO - Processing file /home/airflow/.local/lib/python3.8/site-packages/airflow/example_dags/example_branch_labels.py for tasks to queue
[2025-04-08T05:45:25.213+0000] {logging_mixin.py:188} INFO - [2025-04-08T05:45:25.213+0000] {dagbag.py:538} INFO - Filling up the DagBag from /home/airflow/.local/lib/python3.8/site-packages/airflow/example_dags/example_branch_labels.py
[2025-04-08T05:45:25.223+0000] {processor.py:840} INFO - DAG(s) 'example_branch_labels' retrieved from /home/airflow/.local/lib/python3.8/site-packages/airflow/example_dags/example_branch_labels.py
[2025-04-08T05:45:25.248+0000] {logging_mixin.py:188} INFO - [2025-04-08T05:45:25.248+0000] {dag.py:3036} INFO - Sync 1 DAGs
[2025-04-08T05:45:25.273+0000] {logging_mixin.py:188} INFO - [2025-04-08T05:45:25.272+0000] {dag.py:3823} INFO - Setting next_dagrun for example_branch_labels to 2025-04-07 00:00:00+00:00, run_after=2025-04-08 00:00:00+00:00
[2025-04-08T05:45:25.321+0000] {processor.py:183} INFO - Processing /home/airflow/.local/lib/python3.8/site-packages/airflow/example_dags/example_branch_labels.py took 0.115 seconds
[2025-04-08T05:45:55.409+0000] {processor.py:161} INFO - Started process (PID=186) to work on /home/airflow/.local/lib/python3.8/site-packages/airflow/example_dags/example_branch_labels.py
[2025-04-08T05:45:55.410+0000] {processor.py:830} INFO - Processing file /home/airflow/.local/lib/python3.8/site-packages/airflow/example_dags/example_branch_labels.py for tasks to queue
[2025-04-08T05:45:55.414+0000] {logging_mixin.py:188} INFO - [2025-04-08T05:45:55.414+0000] {dagbag.py:538} INFO - Filling up the DagBag from /home/airflow/.local/lib/python3.8/site-packages/airflow/example_dags/example_branch_labels.py
[2025-04-08T05:45:55.422+0000] {processor.py:840} INFO - DAG(s) 'example_branch_labels' retrieved from /home/airflow/.local/lib/python3.8/site-packages/airflow/example_dags/example_branch_labels.py
[2025-04-08T05:45:55.446+0000] {logging_mixin.py:188} INFO - [2025-04-08T05:45:55.446+0000] {dag.py:3036} INFO - Sync 1 DAGs
[2025-04-08T05:45:55.471+0000] {logging_mixin.py:188} INFO - [2025-04-08T05:45:55.471+0000] {dag.py:3823} INFO - Setting next_dagrun for example_branch_labels to 2025-04-07 00:00:00+00:00, run_after=2025-04-08 00:00:00+00:00
[2025-04-08T05:45:55.669+0000] {processor.py:183} INFO - Processing /home/airflow/.local/lib/python3.8/site-packages/airflow/example_dags/example_branch_labels.py took 0.263 seconds
[2025-04-08T05:46:25.714+0000] {processor.py:161} INFO - Started process (PID=241) to work on /home/airflow/.local/lib/python3.8/site-packages/airflow/example_dags/example_branch_labels.py
[2025-04-08T05:46:25.716+0000] {processor.py:830} INFO - Processing file /home/airflow/.local/lib/python3.8/site-packages/airflow/example_dags/example_branch_labels.py for tasks to queue
[2025-04-08T05:46:25.718+0000] {logging_mixin.py:188} INFO - [2025-04-08T05:46:25.717+0000] {dagbag.py:538} INFO - Filling up the DagBag from /home/airflow/.local/lib/python3.8/site-packages/airflow/example_dags/example_branch_labels.py
[2025-04-08T05:46:25.725+0000] {processor.py:840} INFO - DAG(s) 'example_branch_labels' retrieved from /home/airflow/.local/lib/python3.8/site-packages/airflow/example_dags/example_branch_labels.py
[2025-04-08T05:46:25.747+0000] {logging_mixin.py:188} INFO - [2025-04-08T05:46:25.746+0000] {dag.py:3036} INFO - Sync 1 DAGs
[2025-04-08T05:46:25.769+0000] {logging_mixin.py:188} INFO - [2025-04-08T05:46:25.769+0000] {dag.py:3823} INFO - Setting next_dagrun for example_branch_labels to 2025-04-07 00:00:00+00:00, run_after=2025-04-08 00:00:00+00:00
[2025-04-08T05:46:25.817+0000] {processor.py:183} INFO - Processing /home/airflow/.local/lib/python3.8/site-packages/airflow/example_dags/example_branch_labels.py took 0.106 seconds
[2025-04-08T05:46:56.184+0000] {processor.py:161} INFO - Started process (PID=296) to work on /home/airflow/.local/lib/python3.8/site-packages/airflow/example_dags/example_branch_labels.py
[2025-04-08T05:46:56.185+0000] {processor.py:830} INFO - Processing file /home/airflow/.local/lib/python3.8/site-packages/airflow/example_dags/example_branch_labels.py for tasks to queue
[2025-04-08T05:46:56.187+0000] {logging_mixin.py:188} INFO - [2025-04-08T05:46:56.187+0000] {dagbag.py:538} INFO - Filling up the DagBag from /home/airflow/.local/lib/python3.8/site-packages/airflow/example_dags/example_branch_labels.py
[2025-04-08T05:46:56.195+0000] {processor.py:840} INFO - DAG(s) 'example_branch_labels' retrieved from /home/airflow/.local/lib/python3.8/site-packages/airflow/example_dags/example_branch_labels.py
[2025-04-08T05:46:56.216+0000] {logging_mixin.py:188} INFO - [2025-04-08T05:46:56.216+0000] {dag.py:3036} INFO - Sync 1 DAGs
[2025-04-08T05:46:56.239+0000] {logging_mixin.py:188} INFO - [2025-04-08T05:46:56.239+0000] {dag.py:3823} INFO - Setting next_dagrun for example_branch_labels to 2025-04-07 00:00:00+00:00, run_after=2025-04-08 00:00:00+00:00
[2025-04-08T05:46:56.417+0000] {processor.py:183} INFO - Processing /home/airflow/.local/lib/python3.8/site-packages/airflow/example_dags/example_branch_labels.py took 0.236 seconds
[2025-04-08T05:47:26.617+0000] {processor.py:161} INFO - Started process (PID=351) to work on /home/airflow/.local/lib/python3.8/site-packages/airflow/example_dags/example_branch_labels.py
[2025-04-08T05:47:26.618+0000] {processor.py:830} INFO - Processing file /home/airflow/.local/lib/python3.8/site-packages/airflow/example_dags/example_branch_labels.py for tasks to queue
[2025-04-08T05:47:26.621+0000] {logging_mixin.py:188} INFO - [2025-04-08T05:47:26.620+0000] {dagbag.py:538} INFO - Filling up the DagBag from /home/airflow/.local/lib/python3.8/site-packages/airflow/example_dags/example_branch_labels.py
[2025-04-08T05:47:26.628+0000] {processor.py:840} INFO - DAG(s) 'example_branch_labels' retrieved from /home/airflow/.local/lib/python3.8/site-packages/airflow/example_dags/example_branch_labels.py
[2025-04-08T05:47:26.651+0000] {logging_mixin.py:188} INFO - [2025-04-08T05:47:26.650+0000] {dag.py:3036} INFO - Sync 1 DAGs
[2025-04-08T05:47:26.676+0000] {logging_mixin.py:188} INFO - [2025-04-08T05:47:26.675+0000] {dag.py:3823} INFO - Setting next_dagrun for example_branch_labels to 2025-04-07 00:00:00+00:00, run_after=2025-04-08 00:00:00+00:00
[2025-04-08T05:47:26.812+0000] {processor.py:183} INFO - Processing /home/airflow/.local/lib/python3.8/site-packages/airflow/example_dags/example_branch_labels.py took 0.198 seconds
[2025-04-08T05:47:57.097+0000] {processor.py:161} INFO - Started process (PID=406) to work on /home/airflow/.local/lib/python3.8/site-packages/airflow/example_dags/example_branch_labels.py
[2025-04-08T05:47:57.098+0000] {processor.py:830} INFO - Processing file /home/airflow/.local/lib/python3.8/site-packages/airflow/example_dags/example_branch_labels.py for tasks to queue
[2025-04-08T05:47:57.100+0000] {logging_mixin.py:188} INFO - [2025-04-08T05:47:57.100+0000] {dagbag.py:538} INFO - Filling up the DagBag from /home/airflow/.local/lib/python3.8/site-packages/airflow/example_dags/example_branch_labels.py
[2025-04-08T05:47:57.110+0000] {processor.py:840} INFO - DAG(s) 'example_branch_labels' retrieved from /home/airflow/.local/lib/python3.8/site-packages/airflow/example_dags/example_branch_labels.py
[2025-04-08T05:47:57.132+0000] {logging_mixin.py:188} INFO - [2025-04-08T05:47:57.132+0000] {dag.py:3036} INFO - Sync 1 DAGs
[2025-04-08T05:47:57.155+0000] {logging_mixin.py:188} INFO - [2025-04-08T05:47:57.155+0000] {dag.py:3823} INFO - Setting next_dagrun for example_branch_labels to 2025-04-07 00:00:00+00:00, run_after=2025-04-08 00:00:00+00:00
[2025-04-08T05:47:57.250+0000] {processor.py:183} INFO - Processing /home/airflow/.local/lib/python3.8/site-packages/airflow/example_dags/example_branch_labels.py took 0.156 seconds
[2025-04-08T05:48:27.674+0000] {processor.py:161} INFO - Started process (PID=461) to work on /home/airflow/.local/lib/python3.8/site-packages/airflow/example_dags/example_branch_labels.py
[2025-04-08T05:48:27.675+0000] {processor.py:830} INFO - Processing file /home/airflow/.local/lib/python3.8/site-packages/airflow/example_dags/example_branch_labels.py for tasks to queue
[2025-04-08T05:48:27.678+0000] {logging_mixin.py:188} INFO - [2025-04-08T05:48:27.677+0000] {dagbag.py:538} INFO - Filling up the DagBag from /home/airflow/.local/lib/python3.8/site-packages/airflow/example_dags/example_branch_labels.py
[2025-04-08T05:48:27.686+0000] {processor.py:840} INFO - DAG(s) 'example_branch_labels' retrieved from /home/airflow/.local/lib/python3.8/site-packages/airflow/example_dags/example_branch_labels.py
[2025-04-08T05:48:27.717+0000] {logging_mixin.py:188} INFO - [2025-04-08T05:48:27.716+0000] {dag.py:3036} INFO - Sync 1 DAGs
[2025-04-08T05:48:27.744+0000] {logging_mixin.py:188} INFO - [2025-04-08T05:48:27.743+0000] {dag.py:3823} INFO - Setting next_dagrun for example_branch_labels to 2025-04-07 00:00:00+00:00, run_after=2025-04-08 00:00:00+00:00
[2025-04-08T05:48:27.792+0000] {processor.py:183} INFO - Processing /home/airflow/.local/lib/python3.8/site-packages/airflow/example_dags/example_branch_labels.py took 0.121 seconds
[2025-04-08T05:48:58.474+0000] {processor.py:161} INFO - Started process (PID=516) to work on /home/airflow/.local/lib/python3.8/site-packages/airflow/example_dags/example_branch_labels.py
[2025-04-08T05:48:58.475+0000] {processor.py:830} INFO - Processing file /home/airflow/.local/lib/python3.8/site-packages/airflow/example_dags/example_branch_labels.py for tasks to queue
[2025-04-08T05:48:58.477+0000] {logging_mixin.py:188} INFO - [2025-04-08T05:48:58.477+0000] {dagbag.py:538} INFO - Filling up the DagBag from /home/airflow/.local/lib/python3.8/site-packages/airflow/example_dags/example_branch_labels.py
[2025-04-08T05:48:58.484+0000] {processor.py:840} INFO - DAG(s) 'example_branch_labels' retrieved from /home/airflow/.local/lib/python3.8/site-packages/airflow/example_dags/example_branch_labels.py
[2025-04-08T05:48:58.505+0000] {logging_mixin.py:188} INFO - [2025-04-08T05:48:58.505+0000] {dag.py:3036} INFO - Sync 1 DAGs
[2025-04-08T05:48:58.529+0000] {logging_mixin.py:188} INFO - [2025-04-08T05:48:58.529+0000] {dag.py:3823} INFO - Setting next_dagrun for example_branch_labels to 2025-04-07 00:00:00+00:00, run_after=2025-04-08 00:00:00+00:00
[2025-04-08T05:48:58.597+0000] {processor.py:183} INFO - Processing /home/airflow/.local/lib/python3.8/site-packages/airflow/example_dags/example_branch_labels.py took 0.125 seconds
[2025-04-08T05:49:31.392+0000] {processor.py:161} INFO - Started process (PID=571) to work on /home/airflow/.local/lib/python3.8/site-packages/airflow/example_dags/example_branch_labels.py
[2025-04-08T05:49:31.393+0000] {processor.py:830} INFO - Processing file /home/airflow/.local/lib/python3.8/site-packages/airflow/example_dags/example_branch_labels.py for tasks to queue
[2025-04-08T05:49:31.396+0000] {logging_mixin.py:188} INFO - [2025-04-08T05:49:31.396+0000] {dagbag.py:538} INFO - Filling up the DagBag from /home/airflow/.local/lib/python3.8/site-packages/airflow/example_dags/example_branch_labels.py
[2025-04-08T05:49:31.405+0000] {processor.py:840} INFO - DAG(s) 'example_branch_labels' retrieved from /home/airflow/.local/lib/python3.8/site-packages/airflow/example_dags/example_branch_labels.py
[2025-04-08T05:49:31.433+0000] {logging_mixin.py:188} INFO - [2025-04-08T05:49:31.432+0000] {dag.py:3036} INFO - Sync 1 DAGs
[2025-04-08T05:49:31.459+0000] {logging_mixin.py:188} INFO - [2025-04-08T05:49:31.458+0000] {dag.py:3823} INFO - Setting next_dagrun for example_branch_labels to 2025-04-07 00:00:00+00:00, run_after=2025-04-08 00:00:00+00:00
[2025-04-08T05:49:31.512+0000] {processor.py:183} INFO - Processing /home/airflow/.local/lib/python3.8/site-packages/airflow/example_dags/example_branch_labels.py took 0.122 seconds
[2025-04-08T05:50:01.956+0000] {processor.py:161} INFO - Started process (PID=626) to work on /home/airflow/.local/lib/python3.8/site-packages/airflow/example_dags/example_branch_labels.py
[2025-04-08T05:50:01.957+0000] {processor.py:830} INFO - Processing file /home/airflow/.local/lib/python3.8/site-packages/airflow/example_dags/example_branch_labels.py for tasks to queue
[2025-04-08T05:50:01.959+0000] {logging_mixin.py:188} INFO - [2025-04-08T05:50:01.959+0000] {dagbag.py:538} INFO - Filling up the DagBag from /home/airflow/.local/lib/python3.8/site-packages/airflow/example_dags/example_branch_labels.py
[2025-04-08T05:50:01.966+0000] {processor.py:840} INFO - DAG(s) 'example_branch_labels' retrieved from /home/airflow/.local/lib/python3.8/site-packages/airflow/example_dags/example_branch_labels.py
[2025-04-08T05:50:01.987+0000] {logging_mixin.py:188} INFO - [2025-04-08T05:50:01.987+0000] {dag.py:3036} INFO - Sync 1 DAGs
[2025-04-08T05:50:02.013+0000] {logging_mixin.py:188} INFO - [2025-04-08T05:50:02.013+0000] {dag.py:3823} INFO - Setting next_dagrun for example_branch_labels to 2025-04-07 00:00:00+00:00, run_after=2025-04-08 00:00:00+00:00
[2025-04-08T05:50:02.064+0000] {processor.py:183} INFO - Processing /home/airflow/.local/lib/python3.8/site-packages/airflow/example_dags/example_branch_labels.py took 0.111 seconds
[2025-04-08T05:50:32.391+0000] {processor.py:161} INFO - Started process (PID=681) to work on /home/airflow/.local/lib/python3.8/site-packages/airflow/example_dags/example_branch_labels.py
[2025-04-08T05:50:32.393+0000] {processor.py:830} INFO - Processing file /home/airflow/.local/lib/python3.8/site-packages/airflow/example_dags/example_branch_labels.py for tasks to queue
[2025-04-08T05:50:32.395+0000] {logging_mixin.py:188} INFO - [2025-04-08T05:50:32.394+0000] {dagbag.py:538} INFO - Filling up the DagBag from /home/airflow/.local/lib/python3.8/site-packages/airflow/example_dags/example_branch_labels.py
[2025-04-08T05:50:32.403+0000] {processor.py:840} INFO - DAG(s) 'example_branch_labels' retrieved from /home/airflow/.local/lib/python3.8/site-packages/airflow/example_dags/example_branch_labels.py
[2025-04-08T05:50:32.424+0000] {logging_mixin.py:188} INFO - [2025-04-08T05:50:32.423+0000] {dag.py:3036} INFO - Sync 1 DAGs
[2025-04-08T05:50:32.446+0000] {logging_mixin.py:188} INFO - [2025-04-08T05:50:32.446+0000] {dag.py:3823} INFO - Setting next_dagrun for example_branch_labels to 2025-04-07 00:00:00+00:00, run_after=2025-04-08 00:00:00+00:00
[2025-04-08T05:50:32.494+0000] {processor.py:183} INFO - Processing /home/airflow/.local/lib/python3.8/site-packages/airflow/example_dags/example_branch_labels.py took 0.105 seconds
[2025-04-08T05:54:03.946+0000] {processor.py:161} INFO - Started process (PID=71) to work on /home/airflow/.local/lib/python3.8/site-packages/airflow/example_dags/example_branch_labels.py
[2025-04-08T05:54:03.947+0000] {processor.py:830} INFO - Processing file /home/airflow/.local/lib/python3.8/site-packages/airflow/example_dags/example_branch_labels.py for tasks to queue
[2025-04-08T05:54:03.949+0000] {logging_mixin.py:188} INFO - [2025-04-08T05:54:03.948+0000] {dagbag.py:538} INFO - Filling up the DagBag from /home/airflow/.local/lib/python3.8/site-packages/airflow/example_dags/example_branch_labels.py
[2025-04-08T05:54:03.958+0000] {processor.py:840} INFO - DAG(s) 'example_branch_labels' retrieved from /home/airflow/.local/lib/python3.8/site-packages/airflow/example_dags/example_branch_labels.py
[2025-04-08T05:54:04.064+0000] {logging_mixin.py:188} INFO - [2025-04-08T05:54:04.063+0000] {dag.py:3036} INFO - Sync 1 DAGs
[2025-04-08T05:54:04.089+0000] {logging_mixin.py:188} INFO - [2025-04-08T05:54:04.089+0000] {dag.py:3823} INFO - Setting next_dagrun for example_branch_labels to 2025-04-07 00:00:00+00:00, run_after=2025-04-08 00:00:00+00:00
[2025-04-08T05:54:04.140+0000] {processor.py:183} INFO - Processing /home/airflow/.local/lib/python3.8/site-packages/airflow/example_dags/example_branch_labels.py took 0.198 seconds
[2025-04-08T05:54:34.237+0000] {processor.py:161} INFO - Started process (PID=120) to work on /home/airflow/.local/lib/python3.8/site-packages/airflow/example_dags/example_branch_labels.py
[2025-04-08T05:54:34.238+0000] {processor.py:830} INFO - Processing file /home/airflow/.local/lib/python3.8/site-packages/airflow/example_dags/example_branch_labels.py for tasks to queue
[2025-04-08T05:54:34.240+0000] {logging_mixin.py:188} INFO - [2025-04-08T05:54:34.239+0000] {dagbag.py:538} INFO - Filling up the DagBag from /home/airflow/.local/lib/python3.8/site-packages/airflow/example_dags/example_branch_labels.py
[2025-04-08T05:54:34.247+0000] {processor.py:840} INFO - DAG(s) 'example_branch_labels' retrieved from /home/airflow/.local/lib/python3.8/site-packages/airflow/example_dags/example_branch_labels.py
[2025-04-08T05:54:34.268+0000] {logging_mixin.py:188} INFO - [2025-04-08T05:54:34.267+0000] {dag.py:3036} INFO - Sync 1 DAGs
[2025-04-08T05:54:34.293+0000] {logging_mixin.py:188} INFO - [2025-04-08T05:54:34.293+0000] {dag.py:3823} INFO - Setting next_dagrun for example_branch_labels to 2025-04-07 00:00:00+00:00, run_after=2025-04-08 00:00:00+00:00
[2025-04-08T05:54:34.356+0000] {processor.py:183} INFO - Processing /home/airflow/.local/lib/python3.8/site-packages/airflow/example_dags/example_branch_labels.py took 0.122 seconds
[2025-04-08T05:55:04.561+0000] {processor.py:161} INFO - Started process (PID=176) to work on /home/airflow/.local/lib/python3.8/site-packages/airflow/example_dags/example_branch_labels.py
[2025-04-08T05:55:04.562+0000] {processor.py:830} INFO - Processing file /home/airflow/.local/lib/python3.8/site-packages/airflow/example_dags/example_branch_labels.py for tasks to queue
[2025-04-08T05:55:04.564+0000] {logging_mixin.py:188} INFO - [2025-04-08T05:55:04.564+0000] {dagbag.py:538} INFO - Filling up the DagBag from /home/airflow/.local/lib/python3.8/site-packages/airflow/example_dags/example_branch_labels.py
[2025-04-08T05:55:04.571+0000] {processor.py:840} INFO - DAG(s) 'example_branch_labels' retrieved from /home/airflow/.local/lib/python3.8/site-packages/airflow/example_dags/example_branch_labels.py
[2025-04-08T05:55:04.592+0000] {logging_mixin.py:188} INFO - [2025-04-08T05:55:04.592+0000] {dag.py:3036} INFO - Sync 1 DAGs
[2025-04-08T05:55:04.615+0000] {logging_mixin.py:188} INFO - [2025-04-08T05:55:04.615+0000] {dag.py:3823} INFO - Setting next_dagrun for example_branch_labels to 2025-04-07 00:00:00+00:00, run_after=2025-04-08 00:00:00+00:00
[2025-04-08T05:55:04.681+0000] {processor.py:183} INFO - Processing /home/airflow/.local/lib/python3.8/site-packages/airflow/example_dags/example_branch_labels.py took 0.123 seconds
[2025-04-08T05:55:34.917+0000] {processor.py:161} INFO - Started process (PID=231) to work on /home/airflow/.local/lib/python3.8/site-packages/airflow/example_dags/example_branch_labels.py
[2025-04-08T05:55:34.918+0000] {processor.py:830} INFO - Processing file /home/airflow/.local/lib/python3.8/site-packages/airflow/example_dags/example_branch_labels.py for tasks to queue
[2025-04-08T05:55:34.920+0000] {logging_mixin.py:188} INFO - [2025-04-08T05:55:34.920+0000] {dagbag.py:538} INFO - Filling up the DagBag from /home/airflow/.local/lib/python3.8/site-packages/airflow/example_dags/example_branch_labels.py
[2025-04-08T05:55:34.927+0000] {processor.py:840} INFO - DAG(s) 'example_branch_labels' retrieved from /home/airflow/.local/lib/python3.8/site-packages/airflow/example_dags/example_branch_labels.py
[2025-04-08T05:55:34.947+0000] {logging_mixin.py:188} INFO - [2025-04-08T05:55:34.947+0000] {dag.py:3036} INFO - Sync 1 DAGs
[2025-04-08T05:55:34.970+0000] {logging_mixin.py:188} INFO - [2025-04-08T05:55:34.970+0000] {dag.py:3823} INFO - Setting next_dagrun for example_branch_labels to 2025-04-07 00:00:00+00:00, run_after=2025-04-08 00:00:00+00:00
[2025-04-08T05:55:35.036+0000] {processor.py:183} INFO - Processing /home/airflow/.local/lib/python3.8/site-packages/airflow/example_dags/example_branch_labels.py took 0.122 seconds
[2025-04-08T05:56:06.465+0000] {processor.py:161} INFO - Started process (PID=286) to work on /home/airflow/.local/lib/python3.8/site-packages/airflow/example_dags/example_branch_labels.py
[2025-04-08T05:56:06.466+0000] {processor.py:830} INFO - Processing file /home/airflow/.local/lib/python3.8/site-packages/airflow/example_dags/example_branch_labels.py for tasks to queue
[2025-04-08T05:56:06.468+0000] {logging_mixin.py:188} INFO - [2025-04-08T05:56:06.468+0000] {dagbag.py:538} INFO - Filling up the DagBag from /home/airflow/.local/lib/python3.8/site-packages/airflow/example_dags/example_branch_labels.py
[2025-04-08T05:56:06.477+0000] {processor.py:840} INFO - DAG(s) 'example_branch_labels' retrieved from /home/airflow/.local/lib/python3.8/site-packages/airflow/example_dags/example_branch_labels.py
[2025-04-08T05:56:06.496+0000] {logging_mixin.py:188} INFO - [2025-04-08T05:56:06.495+0000] {dag.py:3036} INFO - Sync 1 DAGs
[2025-04-08T05:56:06.520+0000] {logging_mixin.py:188} INFO - [2025-04-08T05:56:06.520+0000] {dag.py:3823} INFO - Setting next_dagrun for example_branch_labels to 2025-04-07 00:00:00+00:00, run_after=2025-04-08 00:00:00+00:00
[2025-04-08T05:56:06.617+0000] {processor.py:183} INFO - Processing /home/airflow/.local/lib/python3.8/site-packages/airflow/example_dags/example_branch_labels.py took 0.155 seconds
[2025-04-08T05:56:41.161+0000] {processor.py:161} INFO - Started process (PID=341) to work on /home/airflow/.local/lib/python3.8/site-packages/airflow/example_dags/example_branch_labels.py
[2025-04-08T05:56:41.163+0000] {processor.py:830} INFO - Processing file /home/airflow/.local/lib/python3.8/site-packages/airflow/example_dags/example_branch_labels.py for tasks to queue
[2025-04-08T05:56:41.165+0000] {logging_mixin.py:188} INFO - [2025-04-08T05:56:41.165+0000] {dagbag.py:538} INFO - Filling up the DagBag from /home/airflow/.local/lib/python3.8/site-packages/airflow/example_dags/example_branch_labels.py
[2025-04-08T05:56:41.180+0000] {processor.py:840} INFO - DAG(s) 'example_branch_labels' retrieved from /home/airflow/.local/lib/python3.8/site-packages/airflow/example_dags/example_branch_labels.py
[2025-04-08T05:56:41.218+0000] {logging_mixin.py:188} INFO - [2025-04-08T05:56:41.217+0000] {dag.py:3036} INFO - Sync 1 DAGs
[2025-04-08T05:56:41.251+0000] {logging_mixin.py:188} INFO - [2025-04-08T05:56:41.251+0000] {dag.py:3823} INFO - Setting next_dagrun for example_branch_labels to 2025-04-07 00:00:00+00:00, run_after=2025-04-08 00:00:00+00:00
[2025-04-08T05:56:41.341+0000] {processor.py:183} INFO - Processing /home/airflow/.local/lib/python3.8/site-packages/airflow/example_dags/example_branch_labels.py took 0.184 seconds
[2025-04-08T05:57:11.373+0000] {processor.py:161} INFO - Started process (PID=396) to work on /home/airflow/.local/lib/python3.8/site-packages/airflow/example_dags/example_branch_labels.py
[2025-04-08T05:57:11.375+0000] {processor.py:830} INFO - Processing file /home/airflow/.local/lib/python3.8/site-packages/airflow/example_dags/example_branch_labels.py for tasks to queue
[2025-04-08T05:57:11.377+0000] {logging_mixin.py:188} INFO - [2025-04-08T05:57:11.377+0000] {dagbag.py:538} INFO - Filling up the DagBag from /home/airflow/.local/lib/python3.8/site-packages/airflow/example_dags/example_branch_labels.py
[2025-04-08T05:57:11.387+0000] {processor.py:840} INFO - DAG(s) 'example_branch_labels' retrieved from /home/airflow/.local/lib/python3.8/site-packages/airflow/example_dags/example_branch_labels.py
[2025-04-08T05:57:11.418+0000] {logging_mixin.py:188} INFO - [2025-04-08T05:57:11.418+0000] {dag.py:3036} INFO - Sync 1 DAGs
[2025-04-08T05:57:11.449+0000] {logging_mixin.py:188} INFO - [2025-04-08T05:57:11.449+0000] {dag.py:3823} INFO - Setting next_dagrun for example_branch_labels to 2025-04-07 00:00:00+00:00, run_after=2025-04-08 00:00:00+00:00
[2025-04-08T05:57:11.557+0000] {processor.py:183} INFO - Processing /home/airflow/.local/lib/python3.8/site-packages/airflow/example_dags/example_branch_labels.py took 0.187 seconds
[2025-04-08T05:57:41.691+0000] {processor.py:161} INFO - Started process (PID=451) to work on /home/airflow/.local/lib/python3.8/site-packages/airflow/example_dags/example_branch_labels.py
[2025-04-08T05:57:41.692+0000] {processor.py:830} INFO - Processing file /home/airflow/.local/lib/python3.8/site-packages/airflow/example_dags/example_branch_labels.py for tasks to queue
[2025-04-08T05:57:41.694+0000] {logging_mixin.py:188} INFO - [2025-04-08T05:57:41.693+0000] {dagbag.py:538} INFO - Filling up the DagBag from /home/airflow/.local/lib/python3.8/site-packages/airflow/example_dags/example_branch_labels.py
[2025-04-08T05:57:41.701+0000] {processor.py:840} INFO - DAG(s) 'example_branch_labels' retrieved from /home/airflow/.local/lib/python3.8/site-packages/airflow/example_dags/example_branch_labels.py
[2025-04-08T05:57:41.723+0000] {logging_mixin.py:188} INFO - [2025-04-08T05:57:41.722+0000] {dag.py:3036} INFO - Sync 1 DAGs
[2025-04-08T05:57:41.745+0000] {logging_mixin.py:188} INFO - [2025-04-08T05:57:41.745+0000] {dag.py:3823} INFO - Setting next_dagrun for example_branch_labels to 2025-04-07 00:00:00+00:00, run_after=2025-04-08 00:00:00+00:00
[2025-04-08T05:57:41.801+0000] {processor.py:183} INFO - Processing /home/airflow/.local/lib/python3.8/site-packages/airflow/example_dags/example_branch_labels.py took 0.113 seconds
[2025-04-08T05:58:12.446+0000] {processor.py:161} INFO - Started process (PID=506) to work on /home/airflow/.local/lib/python3.8/site-packages/airflow/example_dags/example_branch_labels.py
[2025-04-08T05:58:12.447+0000] {processor.py:830} INFO - Processing file /home/airflow/.local/lib/python3.8/site-packages/airflow/example_dags/example_branch_labels.py for tasks to queue
[2025-04-08T05:58:12.449+0000] {logging_mixin.py:188} INFO - [2025-04-08T05:58:12.448+0000] {dagbag.py:538} INFO - Filling up the DagBag from /home/airflow/.local/lib/python3.8/site-packages/airflow/example_dags/example_branch_labels.py
[2025-04-08T05:58:12.459+0000] {processor.py:840} INFO - DAG(s) 'example_branch_labels' retrieved from /home/airflow/.local/lib/python3.8/site-packages/airflow/example_dags/example_branch_labels.py
[2025-04-08T05:58:12.481+0000] {logging_mixin.py:188} INFO - [2025-04-08T05:58:12.481+0000] {dag.py:3036} INFO - Sync 1 DAGs
[2025-04-08T05:58:12.506+0000] {logging_mixin.py:188} INFO - [2025-04-08T05:58:12.505+0000] {dag.py:3823} INFO - Setting next_dagrun for example_branch_labels to 2025-04-07 00:00:00+00:00, run_after=2025-04-08 00:00:00+00:00
[2025-04-08T05:58:12.572+0000] {processor.py:183} INFO - Processing /home/airflow/.local/lib/python3.8/site-packages/airflow/example_dags/example_branch_labels.py took 0.129 seconds
[2025-04-08T05:58:43.550+0000] {processor.py:161} INFO - Started process (PID=561) to work on /home/airflow/.local/lib/python3.8/site-packages/airflow/example_dags/example_branch_labels.py
[2025-04-08T05:58:43.551+0000] {processor.py:830} INFO - Processing file /home/airflow/.local/lib/python3.8/site-packages/airflow/example_dags/example_branch_labels.py for tasks to queue
[2025-04-08T05:58:43.553+0000] {logging_mixin.py:188} INFO - [2025-04-08T05:58:43.553+0000] {dagbag.py:538} INFO - Filling up the DagBag from /home/airflow/.local/lib/python3.8/site-packages/airflow/example_dags/example_branch_labels.py
[2025-04-08T05:58:43.563+0000] {processor.py:840} INFO - DAG(s) 'example_branch_labels' retrieved from /home/airflow/.local/lib/python3.8/site-packages/airflow/example_dags/example_branch_labels.py
[2025-04-08T05:58:43.591+0000] {logging_mixin.py:188} INFO - [2025-04-08T05:58:43.591+0000] {dag.py:3036} INFO - Sync 1 DAGs
[2025-04-08T05:58:43.616+0000] {logging_mixin.py:188} INFO - [2025-04-08T05:58:43.616+0000] {dag.py:3823} INFO - Setting next_dagrun for example_branch_labels to 2025-04-07 00:00:00+00:00, run_after=2025-04-08 00:00:00+00:00
[2025-04-08T05:58:43.669+0000] {processor.py:183} INFO - Processing /home/airflow/.local/lib/python3.8/site-packages/airflow/example_dags/example_branch_labels.py took 0.123 seconds
