[2025-04-08T05:44:50.000+0000] {processor.py:161} INFO - Started process (PID=61) to work on /home/airflow/.local/lib/python3.8/site-packages/airflow/example_dags/example_datasets.py
[2025-04-08T05:44:50.002+0000] {processor.py:830} INFO - Processing file /home/airflow/.local/lib/python3.8/site-packages/airflow/example_dags/example_datasets.py for tasks to queue
[2025-04-08T05:44:50.005+0000] {logging_mixin.py:188} INFO - [2025-04-08T05:44:50.004+0000] {dagbag.py:538} INFO - Filling up the DagBag from /home/airflow/.local/lib/python3.8/site-packages/airflow/example_dags/example_datasets.py
[2025-04-08T05:44:50.023+0000] {processor.py:840} INFO - DAG(s) 'dataset_consumes_1_and_2', 'dataset_produces_2', 'dataset_produces_1', 'dataset_consumes_unknown_never_scheduled', 'dataset_consumes_1', 'dataset_consumes_1_never_scheduled' retrieved from /home/airflow/.local/lib/python3.8/site-packages/airflow/example_dags/example_datasets.py
[2025-04-08T05:44:50.247+0000] {logging_mixin.py:188} INFO - [2025-04-08T05:44:50.247+0000] {dag.py:3036} INFO - Sync 6 DAGs
[2025-04-08T05:44:50.275+0000] {logging_mixin.py:188} INFO - [2025-04-08T05:44:50.275+0000] {dag.py:3823} INFO - Setting next_dagrun for dataset_consumes_1 to None, run_after=None
[2025-04-08T05:44:50.280+0000] {logging_mixin.py:188} INFO - [2025-04-08T05:44:50.280+0000] {dag.py:3823} INFO - Setting next_dagrun for dataset_consumes_1_and_2 to None, run_after=None
[2025-04-08T05:44:50.284+0000] {logging_mixin.py:188} INFO - [2025-04-08T05:44:50.283+0000] {dag.py:3823} INFO - Setting next_dagrun for dataset_consumes_1_never_scheduled to None, run_after=None
[2025-04-08T05:44:50.288+0000] {logging_mixin.py:188} INFO - [2025-04-08T05:44:50.287+0000] {dag.py:3823} INFO - Setting next_dagrun for dataset_consumes_unknown_never_scheduled to None, run_after=None
[2025-04-08T05:44:50.293+0000] {logging_mixin.py:188} INFO - [2025-04-08T05:44:50.293+0000] {dag.py:3823} INFO - Setting next_dagrun for dataset_produces_1 to 2025-04-07 00:00:00+00:00, run_after=2025-04-08 00:00:00+00:00
[2025-04-08T05:44:50.296+0000] {logging_mixin.py:188} INFO - [2025-04-08T05:44:50.296+0000] {dag.py:3823} INFO - Setting next_dagrun for dataset_produces_2 to None, run_after=None
[2025-04-08T05:44:50.437+0000] {processor.py:183} INFO - Processing /home/airflow/.local/lib/python3.8/site-packages/airflow/example_dags/example_datasets.py took 0.441 seconds
[2025-04-08T05:45:23.676+0000] {processor.py:161} INFO - Started process (PID=116) to work on /home/airflow/.local/lib/python3.8/site-packages/airflow/example_dags/example_datasets.py
[2025-04-08T05:45:23.677+0000] {processor.py:830} INFO - Processing file /home/airflow/.local/lib/python3.8/site-packages/airflow/example_dags/example_datasets.py for tasks to queue
[2025-04-08T05:45:23.679+0000] {logging_mixin.py:188} INFO - [2025-04-08T05:45:23.679+0000] {dagbag.py:538} INFO - Filling up the DagBag from /home/airflow/.local/lib/python3.8/site-packages/airflow/example_dags/example_datasets.py
[2025-04-08T05:45:23.692+0000] {processor.py:840} INFO - DAG(s) 'dataset_consumes_unknown_never_scheduled', 'dataset_produces_1', 'dataset_produces_2', 'dataset_consumes_1', 'dataset_consumes_1_and_2', 'dataset_consumes_1_never_scheduled' retrieved from /home/airflow/.local/lib/python3.8/site-packages/airflow/example_dags/example_datasets.py
[2025-04-08T05:45:23.742+0000] {logging_mixin.py:188} INFO - [2025-04-08T05:45:23.742+0000] {dag.py:3036} INFO - Sync 6 DAGs
[2025-04-08T05:45:23.779+0000] {logging_mixin.py:188} INFO - [2025-04-08T05:45:23.778+0000] {dag.py:3823} INFO - Setting next_dagrun for dataset_consumes_1 to None, run_after=None
[2025-04-08T05:45:23.784+0000] {logging_mixin.py:188} INFO - [2025-04-08T05:45:23.784+0000] {dag.py:3823} INFO - Setting next_dagrun for dataset_consumes_1_and_2 to None, run_after=None
[2025-04-08T05:45:23.787+0000] {logging_mixin.py:188} INFO - [2025-04-08T05:45:23.786+0000] {dag.py:3823} INFO - Setting next_dagrun for dataset_consumes_1_never_scheduled to None, run_after=None
[2025-04-08T05:45:23.789+0000] {logging_mixin.py:188} INFO - [2025-04-08T05:45:23.789+0000] {dag.py:3823} INFO - Setting next_dagrun for dataset_consumes_unknown_never_scheduled to None, run_after=None
[2025-04-08T05:45:23.793+0000] {logging_mixin.py:188} INFO - [2025-04-08T05:45:23.793+0000] {dag.py:3823} INFO - Setting next_dagrun for dataset_produces_1 to 2025-04-07 00:00:00+00:00, run_after=2025-04-08 00:00:00+00:00
[2025-04-08T05:45:23.796+0000] {logging_mixin.py:188} INFO - [2025-04-08T05:45:23.796+0000] {dag.py:3823} INFO - Setting next_dagrun for dataset_produces_2 to None, run_after=None
[2025-04-08T05:45:23.870+0000] {processor.py:183} INFO - Processing /home/airflow/.local/lib/python3.8/site-packages/airflow/example_dags/example_datasets.py took 0.198 seconds
[2025-04-08T05:45:54.253+0000] {processor.py:161} INFO - Started process (PID=172) to work on /home/airflow/.local/lib/python3.8/site-packages/airflow/example_dags/example_datasets.py
[2025-04-08T05:45:54.254+0000] {processor.py:830} INFO - Processing file /home/airflow/.local/lib/python3.8/site-packages/airflow/example_dags/example_datasets.py for tasks to queue
[2025-04-08T05:45:54.256+0000] {logging_mixin.py:188} INFO - [2025-04-08T05:45:54.256+0000] {dagbag.py:538} INFO - Filling up the DagBag from /home/airflow/.local/lib/python3.8/site-packages/airflow/example_dags/example_datasets.py
[2025-04-08T05:45:54.266+0000] {processor.py:840} INFO - DAG(s) 'dataset_produces_1', 'dataset_consumes_1', 'dataset_consumes_unknown_never_scheduled', 'dataset_produces_2', 'dataset_consumes_1_and_2', 'dataset_consumes_1_never_scheduled' retrieved from /home/airflow/.local/lib/python3.8/site-packages/airflow/example_dags/example_datasets.py
[2025-04-08T05:45:54.308+0000] {logging_mixin.py:188} INFO - [2025-04-08T05:45:54.308+0000] {dag.py:3036} INFO - Sync 6 DAGs
[2025-04-08T05:45:54.333+0000] {logging_mixin.py:188} INFO - [2025-04-08T05:45:54.332+0000] {dag.py:3823} INFO - Setting next_dagrun for dataset_consumes_1 to None, run_after=None
[2025-04-08T05:45:54.337+0000] {logging_mixin.py:188} INFO - [2025-04-08T05:45:54.336+0000] {dag.py:3823} INFO - Setting next_dagrun for dataset_consumes_1_and_2 to None, run_after=None
[2025-04-08T05:45:54.340+0000] {logging_mixin.py:188} INFO - [2025-04-08T05:45:54.339+0000] {dag.py:3823} INFO - Setting next_dagrun for dataset_consumes_1_never_scheduled to None, run_after=None
[2025-04-08T05:45:54.343+0000] {logging_mixin.py:188} INFO - [2025-04-08T05:45:54.342+0000] {dag.py:3823} INFO - Setting next_dagrun for dataset_consumes_unknown_never_scheduled to None, run_after=None
[2025-04-08T05:45:54.346+0000] {logging_mixin.py:188} INFO - [2025-04-08T05:45:54.346+0000] {dag.py:3823} INFO - Setting next_dagrun for dataset_produces_1 to 2025-04-07 00:00:00+00:00, run_after=2025-04-08 00:00:00+00:00
[2025-04-08T05:45:54.348+0000] {logging_mixin.py:188} INFO - [2025-04-08T05:45:54.347+0000] {dag.py:3823} INFO - Setting next_dagrun for dataset_produces_2 to None, run_after=None
[2025-04-08T05:45:54.424+0000] {processor.py:183} INFO - Processing /home/airflow/.local/lib/python3.8/site-packages/airflow/example_dags/example_datasets.py took 0.174 seconds
[2025-04-08T05:46:24.532+0000] {processor.py:161} INFO - Started process (PID=228) to work on /home/airflow/.local/lib/python3.8/site-packages/airflow/example_dags/example_datasets.py
[2025-04-08T05:46:24.534+0000] {processor.py:830} INFO - Processing file /home/airflow/.local/lib/python3.8/site-packages/airflow/example_dags/example_datasets.py for tasks to queue
[2025-04-08T05:46:24.536+0000] {logging_mixin.py:188} INFO - [2025-04-08T05:46:24.535+0000] {dagbag.py:538} INFO - Filling up the DagBag from /home/airflow/.local/lib/python3.8/site-packages/airflow/example_dags/example_datasets.py
[2025-04-08T05:46:24.546+0000] {processor.py:840} INFO - DAG(s) 'dataset_consumes_unknown_never_scheduled', 'dataset_produces_2', 'dataset_consumes_1_never_scheduled', 'dataset_produces_1', 'dataset_consumes_1', 'dataset_consumes_1_and_2' retrieved from /home/airflow/.local/lib/python3.8/site-packages/airflow/example_dags/example_datasets.py
[2025-04-08T05:46:24.617+0000] {logging_mixin.py:188} INFO - [2025-04-08T05:46:24.616+0000] {dag.py:3036} INFO - Sync 6 DAGs
[2025-04-08T05:46:24.639+0000] {logging_mixin.py:188} INFO - [2025-04-08T05:46:24.639+0000] {dag.py:3823} INFO - Setting next_dagrun for dataset_consumes_1 to None, run_after=None
[2025-04-08T05:46:24.643+0000] {logging_mixin.py:188} INFO - [2025-04-08T05:46:24.643+0000] {dag.py:3823} INFO - Setting next_dagrun for dataset_consumes_1_and_2 to None, run_after=None
[2025-04-08T05:46:24.645+0000] {logging_mixin.py:188} INFO - [2025-04-08T05:46:24.645+0000] {dag.py:3823} INFO - Setting next_dagrun for dataset_consumes_1_never_scheduled to None, run_after=None
[2025-04-08T05:46:24.647+0000] {logging_mixin.py:188} INFO - [2025-04-08T05:46:24.647+0000] {dag.py:3823} INFO - Setting next_dagrun for dataset_consumes_unknown_never_scheduled to None, run_after=None
[2025-04-08T05:46:24.650+0000] {logging_mixin.py:188} INFO - [2025-04-08T05:46:24.650+0000] {dag.py:3823} INFO - Setting next_dagrun for dataset_produces_1 to 2025-04-07 00:00:00+00:00, run_after=2025-04-08 00:00:00+00:00
[2025-04-08T05:46:24.652+0000] {logging_mixin.py:188} INFO - [2025-04-08T05:46:24.652+0000] {dag.py:3823} INFO - Setting next_dagrun for dataset_produces_2 to None, run_after=None
[2025-04-08T05:46:24.725+0000] {processor.py:183} INFO - Processing /home/airflow/.local/lib/python3.8/site-packages/airflow/example_dags/example_datasets.py took 0.196 seconds
[2025-04-08T05:46:55.031+0000] {processor.py:161} INFO - Started process (PID=283) to work on /home/airflow/.local/lib/python3.8/site-packages/airflow/example_dags/example_datasets.py
[2025-04-08T05:46:55.032+0000] {processor.py:830} INFO - Processing file /home/airflow/.local/lib/python3.8/site-packages/airflow/example_dags/example_datasets.py for tasks to queue
[2025-04-08T05:46:55.033+0000] {logging_mixin.py:188} INFO - [2025-04-08T05:46:55.033+0000] {dagbag.py:538} INFO - Filling up the DagBag from /home/airflow/.local/lib/python3.8/site-packages/airflow/example_dags/example_datasets.py
[2025-04-08T05:46:55.042+0000] {processor.py:840} INFO - DAG(s) 'dataset_consumes_unknown_never_scheduled', 'dataset_consumes_1', 'dataset_produces_1', 'dataset_consumes_1_never_scheduled', 'dataset_produces_2', 'dataset_consumes_1_and_2' retrieved from /home/airflow/.local/lib/python3.8/site-packages/airflow/example_dags/example_datasets.py
[2025-04-08T05:46:55.079+0000] {logging_mixin.py:188} INFO - [2025-04-08T05:46:55.079+0000] {dag.py:3036} INFO - Sync 6 DAGs
[2025-04-08T05:46:55.102+0000] {logging_mixin.py:188} INFO - [2025-04-08T05:46:55.102+0000] {dag.py:3823} INFO - Setting next_dagrun for dataset_consumes_1 to None, run_after=None
[2025-04-08T05:46:55.107+0000] {logging_mixin.py:188} INFO - [2025-04-08T05:46:55.106+0000] {dag.py:3823} INFO - Setting next_dagrun for dataset_consumes_1_and_2 to None, run_after=None
[2025-04-08T05:46:55.109+0000] {logging_mixin.py:188} INFO - [2025-04-08T05:46:55.108+0000] {dag.py:3823} INFO - Setting next_dagrun for dataset_consumes_1_never_scheduled to None, run_after=None
[2025-04-08T05:46:55.110+0000] {logging_mixin.py:188} INFO - [2025-04-08T05:46:55.110+0000] {dag.py:3823} INFO - Setting next_dagrun for dataset_consumes_unknown_never_scheduled to None, run_after=None
[2025-04-08T05:46:55.114+0000] {logging_mixin.py:188} INFO - [2025-04-08T05:46:55.113+0000] {dag.py:3823} INFO - Setting next_dagrun for dataset_produces_1 to 2025-04-07 00:00:00+00:00, run_after=2025-04-08 00:00:00+00:00
[2025-04-08T05:46:55.116+0000] {logging_mixin.py:188} INFO - [2025-04-08T05:46:55.115+0000] {dag.py:3823} INFO - Setting next_dagrun for dataset_produces_2 to None, run_after=None
[2025-04-08T05:46:55.193+0000] {processor.py:183} INFO - Processing /home/airflow/.local/lib/python3.8/site-packages/airflow/example_dags/example_datasets.py took 0.165 seconds
[2025-04-08T05:47:25.259+0000] {processor.py:161} INFO - Started process (PID=338) to work on /home/airflow/.local/lib/python3.8/site-packages/airflow/example_dags/example_datasets.py
[2025-04-08T05:47:25.260+0000] {processor.py:830} INFO - Processing file /home/airflow/.local/lib/python3.8/site-packages/airflow/example_dags/example_datasets.py for tasks to queue
[2025-04-08T05:47:25.262+0000] {logging_mixin.py:188} INFO - [2025-04-08T05:47:25.262+0000] {dagbag.py:538} INFO - Filling up the DagBag from /home/airflow/.local/lib/python3.8/site-packages/airflow/example_dags/example_datasets.py
[2025-04-08T05:47:25.270+0000] {processor.py:840} INFO - DAG(s) 'dataset_consumes_1_never_scheduled', 'dataset_produces_1', 'dataset_consumes_1', 'dataset_produces_2', 'dataset_consumes_unknown_never_scheduled', 'dataset_consumes_1_and_2' retrieved from /home/airflow/.local/lib/python3.8/site-packages/airflow/example_dags/example_datasets.py
[2025-04-08T05:47:25.309+0000] {logging_mixin.py:188} INFO - [2025-04-08T05:47:25.309+0000] {dag.py:3036} INFO - Sync 6 DAGs
[2025-04-08T05:47:25.335+0000] {logging_mixin.py:188} INFO - [2025-04-08T05:47:25.334+0000] {dag.py:3823} INFO - Setting next_dagrun for dataset_consumes_1 to None, run_after=None
[2025-04-08T05:47:25.338+0000] {logging_mixin.py:188} INFO - [2025-04-08T05:47:25.338+0000] {dag.py:3823} INFO - Setting next_dagrun for dataset_consumes_1_and_2 to None, run_after=None
[2025-04-08T05:47:25.340+0000] {logging_mixin.py:188} INFO - [2025-04-08T05:47:25.340+0000] {dag.py:3823} INFO - Setting next_dagrun for dataset_consumes_1_never_scheduled to None, run_after=None
[2025-04-08T05:47:25.342+0000] {logging_mixin.py:188} INFO - [2025-04-08T05:47:25.342+0000] {dag.py:3823} INFO - Setting next_dagrun for dataset_consumes_unknown_never_scheduled to None, run_after=None
[2025-04-08T05:47:25.346+0000] {logging_mixin.py:188} INFO - [2025-04-08T05:47:25.345+0000] {dag.py:3823} INFO - Setting next_dagrun for dataset_produces_1 to 2025-04-07 00:00:00+00:00, run_after=2025-04-08 00:00:00+00:00
[2025-04-08T05:47:25.348+0000] {logging_mixin.py:188} INFO - [2025-04-08T05:47:25.347+0000] {dag.py:3823} INFO - Setting next_dagrun for dataset_produces_2 to None, run_after=None
[2025-04-08T05:47:25.417+0000] {processor.py:183} INFO - Processing /home/airflow/.local/lib/python3.8/site-packages/airflow/example_dags/example_datasets.py took 0.160 seconds
[2025-04-08T05:47:55.542+0000] {processor.py:161} INFO - Started process (PID=393) to work on /home/airflow/.local/lib/python3.8/site-packages/airflow/example_dags/example_datasets.py
[2025-04-08T05:47:55.544+0000] {processor.py:830} INFO - Processing file /home/airflow/.local/lib/python3.8/site-packages/airflow/example_dags/example_datasets.py for tasks to queue
[2025-04-08T05:47:55.546+0000] {logging_mixin.py:188} INFO - [2025-04-08T05:47:55.545+0000] {dagbag.py:538} INFO - Filling up the DagBag from /home/airflow/.local/lib/python3.8/site-packages/airflow/example_dags/example_datasets.py
[2025-04-08T05:47:55.556+0000] {processor.py:840} INFO - DAG(s) 'dataset_produces_2', 'dataset_consumes_unknown_never_scheduled', 'dataset_consumes_1', 'dataset_produces_1', 'dataset_consumes_1_and_2', 'dataset_consumes_1_never_scheduled' retrieved from /home/airflow/.local/lib/python3.8/site-packages/airflow/example_dags/example_datasets.py
[2025-04-08T05:47:55.602+0000] {logging_mixin.py:188} INFO - [2025-04-08T05:47:55.602+0000] {dag.py:3036} INFO - Sync 6 DAGs
[2025-04-08T05:47:55.629+0000] {logging_mixin.py:188} INFO - [2025-04-08T05:47:55.629+0000] {dag.py:3823} INFO - Setting next_dagrun for dataset_consumes_1 to None, run_after=None
[2025-04-08T05:47:55.633+0000] {logging_mixin.py:188} INFO - [2025-04-08T05:47:55.633+0000] {dag.py:3823} INFO - Setting next_dagrun for dataset_consumes_1_and_2 to None, run_after=None
[2025-04-08T05:47:55.635+0000] {logging_mixin.py:188} INFO - [2025-04-08T05:47:55.635+0000] {dag.py:3823} INFO - Setting next_dagrun for dataset_consumes_1_never_scheduled to None, run_after=None
[2025-04-08T05:47:55.638+0000] {logging_mixin.py:188} INFO - [2025-04-08T05:47:55.638+0000] {dag.py:3823} INFO - Setting next_dagrun for dataset_consumes_unknown_never_scheduled to None, run_after=None
[2025-04-08T05:47:55.642+0000] {logging_mixin.py:188} INFO - [2025-04-08T05:47:55.642+0000] {dag.py:3823} INFO - Setting next_dagrun for dataset_produces_1 to 2025-04-07 00:00:00+00:00, run_after=2025-04-08 00:00:00+00:00
[2025-04-08T05:47:55.644+0000] {logging_mixin.py:188} INFO - [2025-04-08T05:47:55.644+0000] {dag.py:3823} INFO - Setting next_dagrun for dataset_produces_2 to None, run_after=None
[2025-04-08T05:47:55.710+0000] {processor.py:183} INFO - Processing /home/airflow/.local/lib/python3.8/site-packages/airflow/example_dags/example_datasets.py took 0.171 seconds
[2025-04-08T05:48:25.902+0000] {processor.py:161} INFO - Started process (PID=448) to work on /home/airflow/.local/lib/python3.8/site-packages/airflow/example_dags/example_datasets.py
[2025-04-08T05:48:25.903+0000] {processor.py:830} INFO - Processing file /home/airflow/.local/lib/python3.8/site-packages/airflow/example_dags/example_datasets.py for tasks to queue
[2025-04-08T05:48:25.906+0000] {logging_mixin.py:188} INFO - [2025-04-08T05:48:25.906+0000] {dagbag.py:538} INFO - Filling up the DagBag from /home/airflow/.local/lib/python3.8/site-packages/airflow/example_dags/example_datasets.py
[2025-04-08T05:48:25.917+0000] {processor.py:840} INFO - DAG(s) 'dataset_consumes_1_and_2', 'dataset_consumes_1', 'dataset_consumes_1_never_scheduled', 'dataset_consumes_unknown_never_scheduled', 'dataset_produces_1', 'dataset_produces_2' retrieved from /home/airflow/.local/lib/python3.8/site-packages/airflow/example_dags/example_datasets.py
[2025-04-08T05:48:25.966+0000] {logging_mixin.py:188} INFO - [2025-04-08T05:48:25.965+0000] {dag.py:3036} INFO - Sync 6 DAGs
[2025-04-08T05:48:25.999+0000] {logging_mixin.py:188} INFO - [2025-04-08T05:48:25.999+0000] {dag.py:3823} INFO - Setting next_dagrun for dataset_consumes_1 to None, run_after=None
[2025-04-08T05:48:26.004+0000] {logging_mixin.py:188} INFO - [2025-04-08T05:48:26.004+0000] {dag.py:3823} INFO - Setting next_dagrun for dataset_consumes_1_and_2 to None, run_after=None
[2025-04-08T05:48:26.007+0000] {logging_mixin.py:188} INFO - [2025-04-08T05:48:26.007+0000] {dag.py:3823} INFO - Setting next_dagrun for dataset_consumes_1_never_scheduled to None, run_after=None
[2025-04-08T05:48:26.009+0000] {logging_mixin.py:188} INFO - [2025-04-08T05:48:26.009+0000] {dag.py:3823} INFO - Setting next_dagrun for dataset_consumes_unknown_never_scheduled to None, run_after=None
[2025-04-08T05:48:26.013+0000] {logging_mixin.py:188} INFO - [2025-04-08T05:48:26.013+0000] {dag.py:3823} INFO - Setting next_dagrun for dataset_produces_1 to 2025-04-07 00:00:00+00:00, run_after=2025-04-08 00:00:00+00:00
[2025-04-08T05:48:26.015+0000] {logging_mixin.py:188} INFO - [2025-04-08T05:48:26.015+0000] {dag.py:3823} INFO - Setting next_dagrun for dataset_produces_2 to None, run_after=None
[2025-04-08T05:48:26.090+0000] {processor.py:183} INFO - Processing /home/airflow/.local/lib/python3.8/site-packages/airflow/example_dags/example_datasets.py took 0.192 seconds
[2025-04-08T05:48:56.239+0000] {processor.py:161} INFO - Started process (PID=503) to work on /home/airflow/.local/lib/python3.8/site-packages/airflow/example_dags/example_datasets.py
[2025-04-08T05:48:56.240+0000] {processor.py:830} INFO - Processing file /home/airflow/.local/lib/python3.8/site-packages/airflow/example_dags/example_datasets.py for tasks to queue
[2025-04-08T05:48:56.242+0000] {logging_mixin.py:188} INFO - [2025-04-08T05:48:56.241+0000] {dagbag.py:538} INFO - Filling up the DagBag from /home/airflow/.local/lib/python3.8/site-packages/airflow/example_dags/example_datasets.py
[2025-04-08T05:48:56.251+0000] {processor.py:840} INFO - DAG(s) 'dataset_consumes_1_and_2', 'dataset_consumes_1', 'dataset_produces_1', 'dataset_consumes_unknown_never_scheduled', 'dataset_consumes_1_never_scheduled', 'dataset_produces_2' retrieved from /home/airflow/.local/lib/python3.8/site-packages/airflow/example_dags/example_datasets.py
[2025-04-08T05:48:56.295+0000] {logging_mixin.py:188} INFO - [2025-04-08T05:48:56.294+0000] {dag.py:3036} INFO - Sync 6 DAGs
[2025-04-08T05:48:56.321+0000] {logging_mixin.py:188} INFO - [2025-04-08T05:48:56.321+0000] {dag.py:3823} INFO - Setting next_dagrun for dataset_consumes_1 to None, run_after=None
[2025-04-08T05:48:56.326+0000] {logging_mixin.py:188} INFO - [2025-04-08T05:48:56.325+0000] {dag.py:3823} INFO - Setting next_dagrun for dataset_consumes_1_and_2 to None, run_after=None
[2025-04-08T05:48:56.328+0000] {logging_mixin.py:188} INFO - [2025-04-08T05:48:56.327+0000] {dag.py:3823} INFO - Setting next_dagrun for dataset_consumes_1_never_scheduled to None, run_after=None
[2025-04-08T05:48:56.331+0000] {logging_mixin.py:188} INFO - [2025-04-08T05:48:56.330+0000] {dag.py:3823} INFO - Setting next_dagrun for dataset_consumes_unknown_never_scheduled to None, run_after=None
[2025-04-08T05:48:56.335+0000] {logging_mixin.py:188} INFO - [2025-04-08T05:48:56.334+0000] {dag.py:3823} INFO - Setting next_dagrun for dataset_produces_1 to 2025-04-07 00:00:00+00:00, run_after=2025-04-08 00:00:00+00:00
[2025-04-08T05:48:56.337+0000] {logging_mixin.py:188} INFO - [2025-04-08T05:48:56.336+0000] {dag.py:3823} INFO - Setting next_dagrun for dataset_produces_2 to None, run_after=None
[2025-04-08T05:48:56.407+0000] {processor.py:183} INFO - Processing /home/airflow/.local/lib/python3.8/site-packages/airflow/example_dags/example_datasets.py took 0.171 seconds
[2025-04-08T05:49:26.476+0000] {processor.py:161} INFO - Started process (PID=558) to work on /home/airflow/.local/lib/python3.8/site-packages/airflow/example_dags/example_datasets.py
[2025-04-08T05:49:26.477+0000] {processor.py:830} INFO - Processing file /home/airflow/.local/lib/python3.8/site-packages/airflow/example_dags/example_datasets.py for tasks to queue
[2025-04-08T05:49:26.479+0000] {logging_mixin.py:188} INFO - [2025-04-08T05:49:26.479+0000] {dagbag.py:538} INFO - Filling up the DagBag from /home/airflow/.local/lib/python3.8/site-packages/airflow/example_dags/example_datasets.py
[2025-04-08T05:49:26.493+0000] {processor.py:840} INFO - DAG(s) 'dataset_consumes_1_never_scheduled', 'dataset_consumes_1_and_2', 'dataset_produces_1', 'dataset_consumes_unknown_never_scheduled', 'dataset_produces_2', 'dataset_consumes_1' retrieved from /home/airflow/.local/lib/python3.8/site-packages/airflow/example_dags/example_datasets.py
[2025-04-08T05:49:26.535+0000] {logging_mixin.py:188} INFO - [2025-04-08T05:49:26.535+0000] {dag.py:3036} INFO - Sync 6 DAGs
[2025-04-08T05:49:26.558+0000] {logging_mixin.py:188} INFO - [2025-04-08T05:49:26.558+0000] {dag.py:3823} INFO - Setting next_dagrun for dataset_consumes_1 to None, run_after=None
[2025-04-08T05:49:26.563+0000] {logging_mixin.py:188} INFO - [2025-04-08T05:49:26.562+0000] {dag.py:3823} INFO - Setting next_dagrun for dataset_consumes_1_and_2 to None, run_after=None
[2025-04-08T05:49:26.565+0000] {logging_mixin.py:188} INFO - [2025-04-08T05:49:26.565+0000] {dag.py:3823} INFO - Setting next_dagrun for dataset_consumes_1_never_scheduled to None, run_after=None
[2025-04-08T05:49:26.567+0000] {logging_mixin.py:188} INFO - [2025-04-08T05:49:26.567+0000] {dag.py:3823} INFO - Setting next_dagrun for dataset_consumes_unknown_never_scheduled to None, run_after=None
[2025-04-08T05:49:26.571+0000] {logging_mixin.py:188} INFO - [2025-04-08T05:49:26.571+0000] {dag.py:3823} INFO - Setting next_dagrun for dataset_produces_1 to 2025-04-07 00:00:00+00:00, run_after=2025-04-08 00:00:00+00:00
[2025-04-08T05:49:26.573+0000] {logging_mixin.py:188} INFO - [2025-04-08T05:49:26.573+0000] {dag.py:3823} INFO - Setting next_dagrun for dataset_produces_2 to None, run_after=None
[2025-04-08T05:49:26.647+0000] {processor.py:183} INFO - Processing /home/airflow/.local/lib/python3.8/site-packages/airflow/example_dags/example_datasets.py took 0.174 seconds
[2025-04-08T05:49:56.743+0000] {processor.py:161} INFO - Started process (PID=613) to work on /home/airflow/.local/lib/python3.8/site-packages/airflow/example_dags/example_datasets.py
[2025-04-08T05:49:56.744+0000] {processor.py:830} INFO - Processing file /home/airflow/.local/lib/python3.8/site-packages/airflow/example_dags/example_datasets.py for tasks to queue
[2025-04-08T05:49:56.746+0000] {logging_mixin.py:188} INFO - [2025-04-08T05:49:56.746+0000] {dagbag.py:538} INFO - Filling up the DagBag from /home/airflow/.local/lib/python3.8/site-packages/airflow/example_dags/example_datasets.py
[2025-04-08T05:49:56.758+0000] {processor.py:840} INFO - DAG(s) 'dataset_produces_2', 'dataset_produces_1', 'dataset_consumes_1_never_scheduled', 'dataset_consumes_unknown_never_scheduled', 'dataset_consumes_1', 'dataset_consumes_1_and_2' retrieved from /home/airflow/.local/lib/python3.8/site-packages/airflow/example_dags/example_datasets.py
[2025-04-08T05:49:56.806+0000] {logging_mixin.py:188} INFO - [2025-04-08T05:49:56.805+0000] {dag.py:3036} INFO - Sync 6 DAGs
[2025-04-08T05:49:56.833+0000] {logging_mixin.py:188} INFO - [2025-04-08T05:49:56.833+0000] {dag.py:3823} INFO - Setting next_dagrun for dataset_consumes_1 to None, run_after=None
[2025-04-08T05:49:56.838+0000] {logging_mixin.py:188} INFO - [2025-04-08T05:49:56.837+0000] {dag.py:3823} INFO - Setting next_dagrun for dataset_consumes_1_and_2 to None, run_after=None
[2025-04-08T05:49:56.840+0000] {logging_mixin.py:188} INFO - [2025-04-08T05:49:56.840+0000] {dag.py:3823} INFO - Setting next_dagrun for dataset_consumes_1_never_scheduled to None, run_after=None
[2025-04-08T05:49:56.842+0000] {logging_mixin.py:188} INFO - [2025-04-08T05:49:56.842+0000] {dag.py:3823} INFO - Setting next_dagrun for dataset_consumes_unknown_never_scheduled to None, run_after=None
[2025-04-08T05:49:56.846+0000] {logging_mixin.py:188} INFO - [2025-04-08T05:49:56.846+0000] {dag.py:3823} INFO - Setting next_dagrun for dataset_produces_1 to 2025-04-07 00:00:00+00:00, run_after=2025-04-08 00:00:00+00:00
[2025-04-08T05:49:56.848+0000] {logging_mixin.py:188} INFO - [2025-04-08T05:49:56.848+0000] {dag.py:3823} INFO - Setting next_dagrun for dataset_produces_2 to None, run_after=None
[2025-04-08T05:49:56.912+0000] {processor.py:183} INFO - Processing /home/airflow/.local/lib/python3.8/site-packages/airflow/example_dags/example_datasets.py took 0.174 seconds
[2025-04-08T05:50:27.180+0000] {processor.py:161} INFO - Started process (PID=668) to work on /home/airflow/.local/lib/python3.8/site-packages/airflow/example_dags/example_datasets.py
[2025-04-08T05:50:27.181+0000] {processor.py:830} INFO - Processing file /home/airflow/.local/lib/python3.8/site-packages/airflow/example_dags/example_datasets.py for tasks to queue
[2025-04-08T05:50:27.184+0000] {logging_mixin.py:188} INFO - [2025-04-08T05:50:27.183+0000] {dagbag.py:538} INFO - Filling up the DagBag from /home/airflow/.local/lib/python3.8/site-packages/airflow/example_dags/example_datasets.py
[2025-04-08T05:50:27.193+0000] {processor.py:840} INFO - DAG(s) 'dataset_consumes_1_never_scheduled', 'dataset_consumes_1_and_2', 'dataset_produces_2', 'dataset_consumes_unknown_never_scheduled', 'dataset_produces_1', 'dataset_consumes_1' retrieved from /home/airflow/.local/lib/python3.8/site-packages/airflow/example_dags/example_datasets.py
[2025-04-08T05:50:27.236+0000] {logging_mixin.py:188} INFO - [2025-04-08T05:50:27.235+0000] {dag.py:3036} INFO - Sync 6 DAGs
[2025-04-08T05:50:27.259+0000] {logging_mixin.py:188} INFO - [2025-04-08T05:50:27.259+0000] {dag.py:3823} INFO - Setting next_dagrun for dataset_consumes_1 to None, run_after=None
[2025-04-08T05:50:27.264+0000] {logging_mixin.py:188} INFO - [2025-04-08T05:50:27.264+0000] {dag.py:3823} INFO - Setting next_dagrun for dataset_consumes_1_and_2 to None, run_after=None
[2025-04-08T05:50:27.266+0000] {logging_mixin.py:188} INFO - [2025-04-08T05:50:27.266+0000] {dag.py:3823} INFO - Setting next_dagrun for dataset_consumes_1_never_scheduled to None, run_after=None
[2025-04-08T05:50:27.268+0000] {logging_mixin.py:188} INFO - [2025-04-08T05:50:27.268+0000] {dag.py:3823} INFO - Setting next_dagrun for dataset_consumes_unknown_never_scheduled to None, run_after=None
[2025-04-08T05:50:27.271+0000] {logging_mixin.py:188} INFO - [2025-04-08T05:50:27.271+0000] {dag.py:3823} INFO - Setting next_dagrun for dataset_produces_1 to 2025-04-07 00:00:00+00:00, run_after=2025-04-08 00:00:00+00:00
[2025-04-08T05:50:27.273+0000] {logging_mixin.py:188} INFO - [2025-04-08T05:50:27.272+0000] {dag.py:3823} INFO - Setting next_dagrun for dataset_produces_2 to None, run_after=None
[2025-04-08T05:50:27.436+0000] {processor.py:183} INFO - Processing /home/airflow/.local/lib/python3.8/site-packages/airflow/example_dags/example_datasets.py took 0.261 seconds
[2025-04-08T05:50:57.668+0000] {processor.py:161} INFO - Started process (PID=723) to work on /home/airflow/.local/lib/python3.8/site-packages/airflow/example_dags/example_datasets.py
[2025-04-08T05:50:57.670+0000] {processor.py:830} INFO - Processing file /home/airflow/.local/lib/python3.8/site-packages/airflow/example_dags/example_datasets.py for tasks to queue
[2025-04-08T05:50:57.672+0000] {logging_mixin.py:188} INFO - [2025-04-08T05:50:57.672+0000] {dagbag.py:538} INFO - Filling up the DagBag from /home/airflow/.local/lib/python3.8/site-packages/airflow/example_dags/example_datasets.py
[2025-04-08T05:50:57.687+0000] {processor.py:840} INFO - DAG(s) 'dataset_consumes_unknown_never_scheduled', 'dataset_consumes_1', 'dataset_produces_1', 'dataset_consumes_1_never_scheduled', 'dataset_consumes_1_and_2', 'dataset_produces_2' retrieved from /home/airflow/.local/lib/python3.8/site-packages/airflow/example_dags/example_datasets.py
[2025-04-08T05:50:57.764+0000] {logging_mixin.py:188} INFO - [2025-04-08T05:50:57.763+0000] {dag.py:3036} INFO - Sync 6 DAGs
[2025-04-08T05:50:57.803+0000] {logging_mixin.py:188} INFO - [2025-04-08T05:50:57.802+0000] {dag.py:3823} INFO - Setting next_dagrun for dataset_consumes_1 to None, run_after=None
[2025-04-08T05:50:57.809+0000] {logging_mixin.py:188} INFO - [2025-04-08T05:50:57.809+0000] {dag.py:3823} INFO - Setting next_dagrun for dataset_consumes_1_and_2 to None, run_after=None
[2025-04-08T05:50:57.813+0000] {logging_mixin.py:188} INFO - [2025-04-08T05:50:57.812+0000] {dag.py:3823} INFO - Setting next_dagrun for dataset_consumes_1_never_scheduled to None, run_after=None
[2025-04-08T05:50:57.816+0000] {logging_mixin.py:188} INFO - [2025-04-08T05:50:57.816+0000] {dag.py:3823} INFO - Setting next_dagrun for dataset_consumes_unknown_never_scheduled to None, run_after=None
[2025-04-08T05:50:57.822+0000] {logging_mixin.py:188} INFO - [2025-04-08T05:50:57.821+0000] {dag.py:3823} INFO - Setting next_dagrun for dataset_produces_1 to 2025-04-07 00:00:00+00:00, run_after=2025-04-08 00:00:00+00:00
[2025-04-08T05:50:57.824+0000] {logging_mixin.py:188} INFO - [2025-04-08T05:50:57.824+0000] {dag.py:3823} INFO - Setting next_dagrun for dataset_produces_2 to None, run_after=None
[2025-04-08T05:50:58.080+0000] {processor.py:183} INFO - Processing /home/airflow/.local/lib/python3.8/site-packages/airflow/example_dags/example_datasets.py took 0.417 seconds
[2025-04-08T05:54:01.194+0000] {processor.py:161} INFO - Started process (PID=49) to work on /home/airflow/.local/lib/python3.8/site-packages/airflow/example_dags/example_datasets.py
[2025-04-08T05:54:01.196+0000] {processor.py:830} INFO - Processing file /home/airflow/.local/lib/python3.8/site-packages/airflow/example_dags/example_datasets.py for tasks to queue
[2025-04-08T05:54:01.199+0000] {logging_mixin.py:188} INFO - [2025-04-08T05:54:01.199+0000] {dagbag.py:538} INFO - Filling up the DagBag from /home/airflow/.local/lib/python3.8/site-packages/airflow/example_dags/example_datasets.py
[2025-04-08T05:54:01.220+0000] {processor.py:840} INFO - DAG(s) 'dataset_consumes_1_and_2', 'dataset_produces_2', 'dataset_produces_1', 'dataset_consumes_unknown_never_scheduled', 'dataset_consumes_1_never_scheduled', 'dataset_consumes_1' retrieved from /home/airflow/.local/lib/python3.8/site-packages/airflow/example_dags/example_datasets.py
[2025-04-08T05:54:01.485+0000] {logging_mixin.py:188} INFO - [2025-04-08T05:54:01.485+0000] {dag.py:3036} INFO - Sync 6 DAGs
[2025-04-08T05:54:01.514+0000] {logging_mixin.py:188} INFO - [2025-04-08T05:54:01.513+0000] {dag.py:3823} INFO - Setting next_dagrun for dataset_consumes_1 to None, run_after=None
[2025-04-08T05:54:01.519+0000] {logging_mixin.py:188} INFO - [2025-04-08T05:54:01.519+0000] {dag.py:3823} INFO - Setting next_dagrun for dataset_consumes_1_and_2 to None, run_after=None
[2025-04-08T05:54:01.523+0000] {logging_mixin.py:188} INFO - [2025-04-08T05:54:01.522+0000] {dag.py:3823} INFO - Setting next_dagrun for dataset_consumes_1_never_scheduled to None, run_after=None
[2025-04-08T05:54:01.525+0000] {logging_mixin.py:188} INFO - [2025-04-08T05:54:01.525+0000] {dag.py:3823} INFO - Setting next_dagrun for dataset_consumes_unknown_never_scheduled to None, run_after=None
[2025-04-08T05:54:01.529+0000] {logging_mixin.py:188} INFO - [2025-04-08T05:54:01.529+0000] {dag.py:3823} INFO - Setting next_dagrun for dataset_produces_1 to 2025-04-07 00:00:00+00:00, run_after=2025-04-08 00:00:00+00:00
[2025-04-08T05:54:01.532+0000] {logging_mixin.py:188} INFO - [2025-04-08T05:54:01.532+0000] {dag.py:3823} INFO - Setting next_dagrun for dataset_produces_2 to None, run_after=None
[2025-04-08T05:54:01.629+0000] {processor.py:183} INFO - Processing /home/airflow/.local/lib/python3.8/site-packages/airflow/example_dags/example_datasets.py took 0.437 seconds
[2025-04-08T05:54:31.741+0000] {processor.py:161} INFO - Started process (PID=105) to work on /home/airflow/.local/lib/python3.8/site-packages/airflow/example_dags/example_datasets.py
[2025-04-08T05:54:31.743+0000] {processor.py:830} INFO - Processing file /home/airflow/.local/lib/python3.8/site-packages/airflow/example_dags/example_datasets.py for tasks to queue
[2025-04-08T05:54:31.746+0000] {logging_mixin.py:188} INFO - [2025-04-08T05:54:31.745+0000] {dagbag.py:538} INFO - Filling up the DagBag from /home/airflow/.local/lib/python3.8/site-packages/airflow/example_dags/example_datasets.py
[2025-04-08T05:54:31.768+0000] {processor.py:840} INFO - DAG(s) 'dataset_produces_2', 'dataset_consumes_1', 'dataset_consumes_1_never_scheduled', 'dataset_produces_1', 'dataset_consumes_unknown_never_scheduled', 'dataset_consumes_1_and_2' retrieved from /home/airflow/.local/lib/python3.8/site-packages/airflow/example_dags/example_datasets.py
[2025-04-08T05:54:31.830+0000] {logging_mixin.py:188} INFO - [2025-04-08T05:54:31.829+0000] {dag.py:3036} INFO - Sync 6 DAGs
[2025-04-08T05:54:31.861+0000] {logging_mixin.py:188} INFO - [2025-04-08T05:54:31.861+0000] {dag.py:3823} INFO - Setting next_dagrun for dataset_consumes_1 to None, run_after=None
[2025-04-08T05:54:31.868+0000] {logging_mixin.py:188} INFO - [2025-04-08T05:54:31.868+0000] {dag.py:3823} INFO - Setting next_dagrun for dataset_consumes_1_and_2 to None, run_after=None
[2025-04-08T05:54:31.872+0000] {logging_mixin.py:188} INFO - [2025-04-08T05:54:31.871+0000] {dag.py:3823} INFO - Setting next_dagrun for dataset_consumes_1_never_scheduled to None, run_after=None
[2025-04-08T05:54:31.876+0000] {logging_mixin.py:188} INFO - [2025-04-08T05:54:31.875+0000] {dag.py:3823} INFO - Setting next_dagrun for dataset_consumes_unknown_never_scheduled to None, run_after=None
[2025-04-08T05:54:31.881+0000] {logging_mixin.py:188} INFO - [2025-04-08T05:54:31.881+0000] {dag.py:3823} INFO - Setting next_dagrun for dataset_produces_1 to 2025-04-07 00:00:00+00:00, run_after=2025-04-08 00:00:00+00:00
[2025-04-08T05:54:31.884+0000] {logging_mixin.py:188} INFO - [2025-04-08T05:54:31.884+0000] {dag.py:3823} INFO - Setting next_dagrun for dataset_produces_2 to None, run_after=None
[2025-04-08T05:54:31.970+0000] {processor.py:183} INFO - Processing /home/airflow/.local/lib/python3.8/site-packages/airflow/example_dags/example_datasets.py took 0.233 seconds
[2025-04-08T05:55:02.285+0000] {processor.py:161} INFO - Started process (PID=161) to work on /home/airflow/.local/lib/python3.8/site-packages/airflow/example_dags/example_datasets.py
[2025-04-08T05:55:02.286+0000] {processor.py:830} INFO - Processing file /home/airflow/.local/lib/python3.8/site-packages/airflow/example_dags/example_datasets.py for tasks to queue
[2025-04-08T05:55:02.288+0000] {logging_mixin.py:188} INFO - [2025-04-08T05:55:02.288+0000] {dagbag.py:538} INFO - Filling up the DagBag from /home/airflow/.local/lib/python3.8/site-packages/airflow/example_dags/example_datasets.py
[2025-04-08T05:55:02.304+0000] {processor.py:840} INFO - DAG(s) 'dataset_consumes_1_never_scheduled', 'dataset_produces_1', 'dataset_consumes_1', 'dataset_produces_2', 'dataset_consumes_unknown_never_scheduled', 'dataset_consumes_1_and_2' retrieved from /home/airflow/.local/lib/python3.8/site-packages/airflow/example_dags/example_datasets.py
[2025-04-08T05:55:02.356+0000] {logging_mixin.py:188} INFO - [2025-04-08T05:55:02.356+0000] {dag.py:3036} INFO - Sync 6 DAGs
[2025-04-08T05:55:02.382+0000] {logging_mixin.py:188} INFO - [2025-04-08T05:55:02.382+0000] {dag.py:3823} INFO - Setting next_dagrun for dataset_consumes_1 to None, run_after=None
[2025-04-08T05:55:02.387+0000] {logging_mixin.py:188} INFO - [2025-04-08T05:55:02.386+0000] {dag.py:3823} INFO - Setting next_dagrun for dataset_consumes_1_and_2 to None, run_after=None
[2025-04-08T05:55:02.389+0000] {logging_mixin.py:188} INFO - [2025-04-08T05:55:02.389+0000] {dag.py:3823} INFO - Setting next_dagrun for dataset_consumes_1_never_scheduled to None, run_after=None
[2025-04-08T05:55:02.391+0000] {logging_mixin.py:188} INFO - [2025-04-08T05:55:02.391+0000] {dag.py:3823} INFO - Setting next_dagrun for dataset_consumes_unknown_never_scheduled to None, run_after=None
[2025-04-08T05:55:02.395+0000] {logging_mixin.py:188} INFO - [2025-04-08T05:55:02.395+0000] {dag.py:3823} INFO - Setting next_dagrun for dataset_produces_1 to 2025-04-07 00:00:00+00:00, run_after=2025-04-08 00:00:00+00:00
[2025-04-08T05:55:02.398+0000] {logging_mixin.py:188} INFO - [2025-04-08T05:55:02.398+0000] {dag.py:3823} INFO - Setting next_dagrun for dataset_produces_2 to None, run_after=None
[2025-04-08T05:55:02.466+0000] {processor.py:183} INFO - Processing /home/airflow/.local/lib/python3.8/site-packages/airflow/example_dags/example_datasets.py took 0.185 seconds
[2025-04-08T05:55:32.687+0000] {processor.py:161} INFO - Started process (PID=216) to work on /home/airflow/.local/lib/python3.8/site-packages/airflow/example_dags/example_datasets.py
[2025-04-08T05:55:32.688+0000] {processor.py:830} INFO - Processing file /home/airflow/.local/lib/python3.8/site-packages/airflow/example_dags/example_datasets.py for tasks to queue
[2025-04-08T05:55:32.690+0000] {logging_mixin.py:188} INFO - [2025-04-08T05:55:32.690+0000] {dagbag.py:538} INFO - Filling up the DagBag from /home/airflow/.local/lib/python3.8/site-packages/airflow/example_dags/example_datasets.py
[2025-04-08T05:55:32.702+0000] {processor.py:840} INFO - DAG(s) 'dataset_consumes_unknown_never_scheduled', 'dataset_produces_1', 'dataset_produces_2', 'dataset_consumes_1', 'dataset_consumes_1_never_scheduled', 'dataset_consumes_1_and_2' retrieved from /home/airflow/.local/lib/python3.8/site-packages/airflow/example_dags/example_datasets.py
[2025-04-08T05:55:32.746+0000] {logging_mixin.py:188} INFO - [2025-04-08T05:55:32.746+0000] {dag.py:3036} INFO - Sync 6 DAGs
[2025-04-08T05:55:32.771+0000] {logging_mixin.py:188} INFO - [2025-04-08T05:55:32.770+0000] {dag.py:3823} INFO - Setting next_dagrun for dataset_consumes_1 to None, run_after=None
[2025-04-08T05:55:32.775+0000] {logging_mixin.py:188} INFO - [2025-04-08T05:55:32.774+0000] {dag.py:3823} INFO - Setting next_dagrun for dataset_consumes_1_and_2 to None, run_after=None
[2025-04-08T05:55:32.778+0000] {logging_mixin.py:188} INFO - [2025-04-08T05:55:32.777+0000] {dag.py:3823} INFO - Setting next_dagrun for dataset_consumes_1_never_scheduled to None, run_after=None
[2025-04-08T05:55:32.781+0000] {logging_mixin.py:188} INFO - [2025-04-08T05:55:32.780+0000] {dag.py:3823} INFO - Setting next_dagrun for dataset_consumes_unknown_never_scheduled to None, run_after=None
[2025-04-08T05:55:32.785+0000] {logging_mixin.py:188} INFO - [2025-04-08T05:55:32.785+0000] {dag.py:3823} INFO - Setting next_dagrun for dataset_produces_1 to 2025-04-07 00:00:00+00:00, run_after=2025-04-08 00:00:00+00:00
[2025-04-08T05:55:32.787+0000] {logging_mixin.py:188} INFO - [2025-04-08T05:55:32.787+0000] {dag.py:3823} INFO - Setting next_dagrun for dataset_produces_2 to None, run_after=None
[2025-04-08T05:55:32.871+0000] {processor.py:183} INFO - Processing /home/airflow/.local/lib/python3.8/site-packages/airflow/example_dags/example_datasets.py took 0.187 seconds
[2025-04-08T05:56:05.220+0000] {processor.py:161} INFO - Started process (PID=271) to work on /home/airflow/.local/lib/python3.8/site-packages/airflow/example_dags/example_datasets.py
[2025-04-08T05:56:05.221+0000] {processor.py:830} INFO - Processing file /home/airflow/.local/lib/python3.8/site-packages/airflow/example_dags/example_datasets.py for tasks to queue
[2025-04-08T05:56:05.223+0000] {logging_mixin.py:188} INFO - [2025-04-08T05:56:05.223+0000] {dagbag.py:538} INFO - Filling up the DagBag from /home/airflow/.local/lib/python3.8/site-packages/airflow/example_dags/example_datasets.py
[2025-04-08T05:56:05.234+0000] {processor.py:840} INFO - DAG(s) 'dataset_consumes_1', 'dataset_consumes_1_and_2', 'dataset_produces_2', 'dataset_consumes_1_never_scheduled', 'dataset_consumes_unknown_never_scheduled', 'dataset_produces_1' retrieved from /home/airflow/.local/lib/python3.8/site-packages/airflow/example_dags/example_datasets.py
[2025-04-08T05:56:05.284+0000] {logging_mixin.py:188} INFO - [2025-04-08T05:56:05.284+0000] {dag.py:3036} INFO - Sync 6 DAGs
[2025-04-08T05:56:05.312+0000] {logging_mixin.py:188} INFO - [2025-04-08T05:56:05.311+0000] {dag.py:3823} INFO - Setting next_dagrun for dataset_consumes_1 to None, run_after=None
[2025-04-08T05:56:05.316+0000] {logging_mixin.py:188} INFO - [2025-04-08T05:56:05.316+0000] {dag.py:3823} INFO - Setting next_dagrun for dataset_consumes_1_and_2 to None, run_after=None
[2025-04-08T05:56:05.318+0000] {logging_mixin.py:188} INFO - [2025-04-08T05:56:05.318+0000] {dag.py:3823} INFO - Setting next_dagrun for dataset_consumes_1_never_scheduled to None, run_after=None
[2025-04-08T05:56:05.321+0000] {logging_mixin.py:188} INFO - [2025-04-08T05:56:05.321+0000] {dag.py:3823} INFO - Setting next_dagrun for dataset_consumes_unknown_never_scheduled to None, run_after=None
[2025-04-08T05:56:05.325+0000] {logging_mixin.py:188} INFO - [2025-04-08T05:56:05.325+0000] {dag.py:3823} INFO - Setting next_dagrun for dataset_produces_1 to 2025-04-07 00:00:00+00:00, run_after=2025-04-08 00:00:00+00:00
[2025-04-08T05:56:05.328+0000] {logging_mixin.py:188} INFO - [2025-04-08T05:56:05.327+0000] {dag.py:3823} INFO - Setting next_dagrun for dataset_produces_2 to None, run_after=None
[2025-04-08T05:56:05.433+0000] {processor.py:183} INFO - Processing /home/airflow/.local/lib/python3.8/site-packages/airflow/example_dags/example_datasets.py took 0.218 seconds
[2025-04-08T05:56:35.581+0000] {processor.py:161} INFO - Started process (PID=326) to work on /home/airflow/.local/lib/python3.8/site-packages/airflow/example_dags/example_datasets.py
[2025-04-08T05:56:35.582+0000] {processor.py:830} INFO - Processing file /home/airflow/.local/lib/python3.8/site-packages/airflow/example_dags/example_datasets.py for tasks to queue
[2025-04-08T05:56:35.586+0000] {logging_mixin.py:188} INFO - [2025-04-08T05:56:35.585+0000] {dagbag.py:538} INFO - Filling up the DagBag from /home/airflow/.local/lib/python3.8/site-packages/airflow/example_dags/example_datasets.py
[2025-04-08T05:56:35.595+0000] {processor.py:840} INFO - DAG(s) 'dataset_produces_2', 'dataset_consumes_1_and_2', 'dataset_consumes_unknown_never_scheduled', 'dataset_produces_1', 'dataset_consumes_1_never_scheduled', 'dataset_consumes_1' retrieved from /home/airflow/.local/lib/python3.8/site-packages/airflow/example_dags/example_datasets.py
[2025-04-08T05:56:35.646+0000] {logging_mixin.py:188} INFO - [2025-04-08T05:56:35.645+0000] {dag.py:3036} INFO - Sync 6 DAGs
[2025-04-08T05:56:35.673+0000] {logging_mixin.py:188} INFO - [2025-04-08T05:56:35.673+0000] {dag.py:3823} INFO - Setting next_dagrun for dataset_consumes_1 to None, run_after=None
[2025-04-08T05:56:35.681+0000] {logging_mixin.py:188} INFO - [2025-04-08T05:56:35.681+0000] {dag.py:3823} INFO - Setting next_dagrun for dataset_consumes_1_and_2 to None, run_after=None
[2025-04-08T05:56:35.683+0000] {logging_mixin.py:188} INFO - [2025-04-08T05:56:35.683+0000] {dag.py:3823} INFO - Setting next_dagrun for dataset_consumes_1_never_scheduled to None, run_after=None
[2025-04-08T05:56:35.685+0000] {logging_mixin.py:188} INFO - [2025-04-08T05:56:35.685+0000] {dag.py:3823} INFO - Setting next_dagrun for dataset_consumes_unknown_never_scheduled to None, run_after=None
[2025-04-08T05:56:35.689+0000] {logging_mixin.py:188} INFO - [2025-04-08T05:56:35.688+0000] {dag.py:3823} INFO - Setting next_dagrun for dataset_produces_1 to 2025-04-07 00:00:00+00:00, run_after=2025-04-08 00:00:00+00:00
[2025-04-08T05:56:35.691+0000] {logging_mixin.py:188} INFO - [2025-04-08T05:56:35.691+0000] {dag.py:3823} INFO - Setting next_dagrun for dataset_produces_2 to None, run_after=None
[2025-04-08T05:56:35.783+0000] {processor.py:183} INFO - Processing /home/airflow/.local/lib/python3.8/site-packages/airflow/example_dags/example_datasets.py took 0.205 seconds
[2025-04-08T05:57:05.974+0000] {processor.py:161} INFO - Started process (PID=381) to work on /home/airflow/.local/lib/python3.8/site-packages/airflow/example_dags/example_datasets.py
[2025-04-08T05:57:05.975+0000] {processor.py:830} INFO - Processing file /home/airflow/.local/lib/python3.8/site-packages/airflow/example_dags/example_datasets.py for tasks to queue
[2025-04-08T05:57:05.977+0000] {logging_mixin.py:188} INFO - [2025-04-08T05:57:05.977+0000] {dagbag.py:538} INFO - Filling up the DagBag from /home/airflow/.local/lib/python3.8/site-packages/airflow/example_dags/example_datasets.py
[2025-04-08T05:57:05.988+0000] {processor.py:840} INFO - DAG(s) 'dataset_consumes_1_and_2', 'dataset_consumes_1_never_scheduled', 'dataset_consumes_unknown_never_scheduled', 'dataset_produces_1', 'dataset_consumes_1', 'dataset_produces_2' retrieved from /home/airflow/.local/lib/python3.8/site-packages/airflow/example_dags/example_datasets.py
[2025-04-08T05:57:06.037+0000] {logging_mixin.py:188} INFO - [2025-04-08T05:57:06.037+0000] {dag.py:3036} INFO - Sync 6 DAGs
[2025-04-08T05:57:06.062+0000] {logging_mixin.py:188} INFO - [2025-04-08T05:57:06.061+0000] {dag.py:3823} INFO - Setting next_dagrun for dataset_consumes_1 to None, run_after=None
[2025-04-08T05:57:06.066+0000] {logging_mixin.py:188} INFO - [2025-04-08T05:57:06.066+0000] {dag.py:3823} INFO - Setting next_dagrun for dataset_consumes_1_and_2 to None, run_after=None
[2025-04-08T05:57:06.069+0000] {logging_mixin.py:188} INFO - [2025-04-08T05:57:06.068+0000] {dag.py:3823} INFO - Setting next_dagrun for dataset_consumes_1_never_scheduled to None, run_after=None
[2025-04-08T05:57:06.071+0000] {logging_mixin.py:188} INFO - [2025-04-08T05:57:06.070+0000] {dag.py:3823} INFO - Setting next_dagrun for dataset_consumes_unknown_never_scheduled to None, run_after=None
[2025-04-08T05:57:06.074+0000] {logging_mixin.py:188} INFO - [2025-04-08T05:57:06.074+0000] {dag.py:3823} INFO - Setting next_dagrun for dataset_produces_1 to 2025-04-07 00:00:00+00:00, run_after=2025-04-08 00:00:00+00:00
[2025-04-08T05:57:06.076+0000] {logging_mixin.py:188} INFO - [2025-04-08T05:57:06.076+0000] {dag.py:3823} INFO - Setting next_dagrun for dataset_produces_2 to None, run_after=None
[2025-04-08T05:57:06.174+0000] {processor.py:183} INFO - Processing /home/airflow/.local/lib/python3.8/site-packages/airflow/example_dags/example_datasets.py took 0.204 seconds
[2025-04-08T05:57:36.284+0000] {processor.py:161} INFO - Started process (PID=436) to work on /home/airflow/.local/lib/python3.8/site-packages/airflow/example_dags/example_datasets.py
[2025-04-08T05:57:36.285+0000] {processor.py:830} INFO - Processing file /home/airflow/.local/lib/python3.8/site-packages/airflow/example_dags/example_datasets.py for tasks to queue
[2025-04-08T05:57:36.287+0000] {logging_mixin.py:188} INFO - [2025-04-08T05:57:36.287+0000] {dagbag.py:538} INFO - Filling up the DagBag from /home/airflow/.local/lib/python3.8/site-packages/airflow/example_dags/example_datasets.py
[2025-04-08T05:57:36.297+0000] {processor.py:840} INFO - DAG(s) 'dataset_consumes_1_never_scheduled', 'dataset_produces_1', 'dataset_consumes_1_and_2', 'dataset_consumes_1', 'dataset_produces_2', 'dataset_consumes_unknown_never_scheduled' retrieved from /home/airflow/.local/lib/python3.8/site-packages/airflow/example_dags/example_datasets.py
[2025-04-08T05:57:36.342+0000] {logging_mixin.py:188} INFO - [2025-04-08T05:57:36.341+0000] {dag.py:3036} INFO - Sync 6 DAGs
[2025-04-08T05:57:36.365+0000] {logging_mixin.py:188} INFO - [2025-04-08T05:57:36.364+0000] {dag.py:3823} INFO - Setting next_dagrun for dataset_consumes_1 to None, run_after=None
[2025-04-08T05:57:36.369+0000] {logging_mixin.py:188} INFO - [2025-04-08T05:57:36.369+0000] {dag.py:3823} INFO - Setting next_dagrun for dataset_consumes_1_and_2 to None, run_after=None
[2025-04-08T05:57:36.371+0000] {logging_mixin.py:188} INFO - [2025-04-08T05:57:36.371+0000] {dag.py:3823} INFO - Setting next_dagrun for dataset_consumes_1_never_scheduled to None, run_after=None
[2025-04-08T05:57:36.373+0000] {logging_mixin.py:188} INFO - [2025-04-08T05:57:36.373+0000] {dag.py:3823} INFO - Setting next_dagrun for dataset_consumes_unknown_never_scheduled to None, run_after=None
[2025-04-08T05:57:36.376+0000] {logging_mixin.py:188} INFO - [2025-04-08T05:57:36.376+0000] {dag.py:3823} INFO - Setting next_dagrun for dataset_produces_1 to 2025-04-07 00:00:00+00:00, run_after=2025-04-08 00:00:00+00:00
[2025-04-08T05:57:36.378+0000] {logging_mixin.py:188} INFO - [2025-04-08T05:57:36.378+0000] {dag.py:3823} INFO - Setting next_dagrun for dataset_produces_2 to None, run_after=None
[2025-04-08T05:57:36.491+0000] {processor.py:183} INFO - Processing /home/airflow/.local/lib/python3.8/site-packages/airflow/example_dags/example_datasets.py took 0.209 seconds
[2025-04-08T05:58:07.001+0000] {processor.py:161} INFO - Started process (PID=491) to work on /home/airflow/.local/lib/python3.8/site-packages/airflow/example_dags/example_datasets.py
[2025-04-08T05:58:07.003+0000] {processor.py:830} INFO - Processing file /home/airflow/.local/lib/python3.8/site-packages/airflow/example_dags/example_datasets.py for tasks to queue
[2025-04-08T05:58:07.005+0000] {logging_mixin.py:188} INFO - [2025-04-08T05:58:07.004+0000] {dagbag.py:538} INFO - Filling up the DagBag from /home/airflow/.local/lib/python3.8/site-packages/airflow/example_dags/example_datasets.py
[2025-04-08T05:58:07.019+0000] {processor.py:840} INFO - DAG(s) 'dataset_produces_1', 'dataset_consumes_1_never_scheduled', 'dataset_consumes_1', 'dataset_consumes_1_and_2', 'dataset_produces_2', 'dataset_consumes_unknown_never_scheduled' retrieved from /home/airflow/.local/lib/python3.8/site-packages/airflow/example_dags/example_datasets.py
[2025-04-08T05:58:07.064+0000] {logging_mixin.py:188} INFO - [2025-04-08T05:58:07.064+0000] {dag.py:3036} INFO - Sync 6 DAGs
[2025-04-08T05:58:07.090+0000] {logging_mixin.py:188} INFO - [2025-04-08T05:58:07.089+0000] {dag.py:3823} INFO - Setting next_dagrun for dataset_consumes_1 to None, run_after=None
[2025-04-08T05:58:07.095+0000] {logging_mixin.py:188} INFO - [2025-04-08T05:58:07.095+0000] {dag.py:3823} INFO - Setting next_dagrun for dataset_consumes_1_and_2 to None, run_after=None
[2025-04-08T05:58:07.097+0000] {logging_mixin.py:188} INFO - [2025-04-08T05:58:07.097+0000] {dag.py:3823} INFO - Setting next_dagrun for dataset_consumes_1_never_scheduled to None, run_after=None
[2025-04-08T05:58:07.099+0000] {logging_mixin.py:188} INFO - [2025-04-08T05:58:07.099+0000] {dag.py:3823} INFO - Setting next_dagrun for dataset_consumes_unknown_never_scheduled to None, run_after=None
[2025-04-08T05:58:07.103+0000] {logging_mixin.py:188} INFO - [2025-04-08T05:58:07.103+0000] {dag.py:3823} INFO - Setting next_dagrun for dataset_produces_1 to 2025-04-07 00:00:00+00:00, run_after=2025-04-08 00:00:00+00:00
[2025-04-08T05:58:07.105+0000] {logging_mixin.py:188} INFO - [2025-04-08T05:58:07.105+0000] {dag.py:3823} INFO - Setting next_dagrun for dataset_produces_2 to None, run_after=None
[2025-04-08T05:58:07.182+0000] {processor.py:183} INFO - Processing /home/airflow/.local/lib/python3.8/site-packages/airflow/example_dags/example_datasets.py took 0.184 seconds
[2025-04-08T05:58:38.087+0000] {processor.py:161} INFO - Started process (PID=546) to work on /home/airflow/.local/lib/python3.8/site-packages/airflow/example_dags/example_datasets.py
[2025-04-08T05:58:38.088+0000] {processor.py:830} INFO - Processing file /home/airflow/.local/lib/python3.8/site-packages/airflow/example_dags/example_datasets.py for tasks to queue
[2025-04-08T05:58:38.090+0000] {logging_mixin.py:188} INFO - [2025-04-08T05:58:38.090+0000] {dagbag.py:538} INFO - Filling up the DagBag from /home/airflow/.local/lib/python3.8/site-packages/airflow/example_dags/example_datasets.py
[2025-04-08T05:58:38.102+0000] {processor.py:840} INFO - DAG(s) 'dataset_consumes_1', 'dataset_consumes_unknown_never_scheduled', 'dataset_produces_1', 'dataset_consumes_1_and_2', 'dataset_consumes_1_never_scheduled', 'dataset_produces_2' retrieved from /home/airflow/.local/lib/python3.8/site-packages/airflow/example_dags/example_datasets.py
[2025-04-08T05:58:38.151+0000] {logging_mixin.py:188} INFO - [2025-04-08T05:58:38.151+0000] {dag.py:3036} INFO - Sync 6 DAGs
[2025-04-08T05:58:38.177+0000] {logging_mixin.py:188} INFO - [2025-04-08T05:58:38.177+0000] {dag.py:3823} INFO - Setting next_dagrun for dataset_consumes_1 to None, run_after=None
[2025-04-08T05:58:38.182+0000] {logging_mixin.py:188} INFO - [2025-04-08T05:58:38.182+0000] {dag.py:3823} INFO - Setting next_dagrun for dataset_consumes_1_and_2 to None, run_after=None
[2025-04-08T05:58:38.185+0000] {logging_mixin.py:188} INFO - [2025-04-08T05:58:38.185+0000] {dag.py:3823} INFO - Setting next_dagrun for dataset_consumes_1_never_scheduled to None, run_after=None
[2025-04-08T05:58:38.187+0000] {logging_mixin.py:188} INFO - [2025-04-08T05:58:38.187+0000] {dag.py:3823} INFO - Setting next_dagrun for dataset_consumes_unknown_never_scheduled to None, run_after=None
[2025-04-08T05:58:38.191+0000] {logging_mixin.py:188} INFO - [2025-04-08T05:58:38.191+0000] {dag.py:3823} INFO - Setting next_dagrun for dataset_produces_1 to 2025-04-07 00:00:00+00:00, run_after=2025-04-08 00:00:00+00:00
[2025-04-08T05:58:38.193+0000] {logging_mixin.py:188} INFO - [2025-04-08T05:58:38.193+0000] {dag.py:3823} INFO - Setting next_dagrun for dataset_produces_2 to None, run_after=None
[2025-04-08T05:58:38.282+0000] {processor.py:183} INFO - Processing /home/airflow/.local/lib/python3.8/site-packages/airflow/example_dags/example_datasets.py took 0.199 seconds
