[2025-04-08T05:44:53.660+0000] {processor.py:161} INFO - Started process (PID=86) to work on /home/airflow/.local/lib/python3.8/site-packages/airflow/example_dags/tutorial_objectstorage.py
[2025-04-08T05:44:53.662+0000] {processor.py:830} INFO - Processing file /home/airflow/.local/lib/python3.8/site-packages/airflow/example_dags/tutorial_objectstorage.py for tasks to queue
[2025-04-08T05:44:53.664+0000] {logging_mixin.py:188} INFO - [2025-04-08T05:44:53.663+0000] {dagbag.py:538} INFO - Filling up the DagBag from /home/airflow/.local/lib/python3.8/site-packages/airflow/example_dags/tutorial_objectstorage.py
[2025-04-08T05:44:53.673+0000] {processor.py:840} INFO - DAG(s) 'tutorial_objectstorage' retrieved from /home/airflow/.local/lib/python3.8/site-packages/airflow/example_dags/tutorial_objectstorage.py
[2025-04-08T05:44:53.797+0000] {logging_mixin.py:188} INFO - [2025-04-08T05:44:53.797+0000] {dag.py:3036} INFO - Sync 1 DAGs
[2025-04-08T05:44:53.808+0000] {logging_mixin.py:188} INFO - [2025-04-08T05:44:53.808+0000] {dag.py:3823} INFO - Setting next_dagrun for tutorial_objectstorage to None, run_after=None
[2025-04-08T05:44:53.895+0000] {processor.py:183} INFO - Processing /home/airflow/.local/lib/python3.8/site-packages/airflow/example_dags/tutorial_objectstorage.py took 0.237 seconds
[2025-04-08T05:45:25.578+0000] {processor.py:161} INFO - Started process (PID=135) to work on /home/airflow/.local/lib/python3.8/site-packages/airflow/example_dags/tutorial_objectstorage.py
[2025-04-08T05:45:25.580+0000] {processor.py:830} INFO - Processing file /home/airflow/.local/lib/python3.8/site-packages/airflow/example_dags/tutorial_objectstorage.py for tasks to queue
[2025-04-08T05:45:25.583+0000] {logging_mixin.py:188} INFO - [2025-04-08T05:45:25.583+0000] {dagbag.py:538} INFO - Filling up the DagBag from /home/airflow/.local/lib/python3.8/site-packages/airflow/example_dags/tutorial_objectstorage.py
[2025-04-08T05:45:25.592+0000] {processor.py:840} INFO - DAG(s) 'tutorial_objectstorage' retrieved from /home/airflow/.local/lib/python3.8/site-packages/airflow/example_dags/tutorial_objectstorage.py
[2025-04-08T05:45:25.616+0000] {logging_mixin.py:188} INFO - [2025-04-08T05:45:25.616+0000] {dag.py:3036} INFO - Sync 1 DAGs
[2025-04-08T05:45:25.633+0000] {logging_mixin.py:188} INFO - [2025-04-08T05:45:25.633+0000] {dag.py:3823} INFO - Setting next_dagrun for tutorial_objectstorage to None, run_after=None
[2025-04-08T05:45:25.691+0000] {processor.py:183} INFO - Processing /home/airflow/.local/lib/python3.8/site-packages/airflow/example_dags/tutorial_objectstorage.py took 0.116 seconds
[2025-04-08T05:45:58.856+0000] {processor.py:161} INFO - Started process (PID=190) to work on /home/airflow/.local/lib/python3.8/site-packages/airflow/example_dags/tutorial_objectstorage.py
[2025-04-08T05:45:58.857+0000] {processor.py:830} INFO - Processing file /home/airflow/.local/lib/python3.8/site-packages/airflow/example_dags/tutorial_objectstorage.py for tasks to queue
[2025-04-08T05:45:58.859+0000] {logging_mixin.py:188} INFO - [2025-04-08T05:45:58.859+0000] {dagbag.py:538} INFO - Filling up the DagBag from /home/airflow/.local/lib/python3.8/site-packages/airflow/example_dags/tutorial_objectstorage.py
[2025-04-08T05:45:58.867+0000] {processor.py:840} INFO - DAG(s) 'tutorial_objectstorage' retrieved from /home/airflow/.local/lib/python3.8/site-packages/airflow/example_dags/tutorial_objectstorage.py
[2025-04-08T05:45:58.896+0000] {logging_mixin.py:188} INFO - [2025-04-08T05:45:58.895+0000] {dag.py:3036} INFO - Sync 1 DAGs
[2025-04-08T05:45:58.919+0000] {logging_mixin.py:188} INFO - [2025-04-08T05:45:58.919+0000] {dag.py:3823} INFO - Setting next_dagrun for tutorial_objectstorage to None, run_after=None
[2025-04-08T05:45:58.998+0000] {processor.py:183} INFO - Processing /home/airflow/.local/lib/python3.8/site-packages/airflow/example_dags/tutorial_objectstorage.py took 0.146 seconds
[2025-04-08T05:46:29.193+0000] {processor.py:161} INFO - Started process (PID=245) to work on /home/airflow/.local/lib/python3.8/site-packages/airflow/example_dags/tutorial_objectstorage.py
[2025-04-08T05:46:29.194+0000] {processor.py:830} INFO - Processing file /home/airflow/.local/lib/python3.8/site-packages/airflow/example_dags/tutorial_objectstorage.py for tasks to queue
[2025-04-08T05:46:29.196+0000] {logging_mixin.py:188} INFO - [2025-04-08T05:46:29.196+0000] {dagbag.py:538} INFO - Filling up the DagBag from /home/airflow/.local/lib/python3.8/site-packages/airflow/example_dags/tutorial_objectstorage.py
[2025-04-08T05:46:29.202+0000] {processor.py:840} INFO - DAG(s) 'tutorial_objectstorage' retrieved from /home/airflow/.local/lib/python3.8/site-packages/airflow/example_dags/tutorial_objectstorage.py
[2025-04-08T05:46:29.223+0000] {logging_mixin.py:188} INFO - [2025-04-08T05:46:29.222+0000] {dag.py:3036} INFO - Sync 1 DAGs
[2025-04-08T05:46:29.236+0000] {logging_mixin.py:188} INFO - [2025-04-08T05:46:29.236+0000] {dag.py:3823} INFO - Setting next_dagrun for tutorial_objectstorage to None, run_after=None
[2025-04-08T05:46:29.302+0000] {processor.py:183} INFO - Processing /home/airflow/.local/lib/python3.8/site-packages/airflow/example_dags/tutorial_objectstorage.py took 0.112 seconds
[2025-04-08T05:46:59.630+0000] {processor.py:161} INFO - Started process (PID=300) to work on /home/airflow/.local/lib/python3.8/site-packages/airflow/example_dags/tutorial_objectstorage.py
[2025-04-08T05:46:59.631+0000] {processor.py:830} INFO - Processing file /home/airflow/.local/lib/python3.8/site-packages/airflow/example_dags/tutorial_objectstorage.py for tasks to queue
[2025-04-08T05:46:59.634+0000] {logging_mixin.py:188} INFO - [2025-04-08T05:46:59.633+0000] {dagbag.py:538} INFO - Filling up the DagBag from /home/airflow/.local/lib/python3.8/site-packages/airflow/example_dags/tutorial_objectstorage.py
[2025-04-08T05:46:59.640+0000] {processor.py:840} INFO - DAG(s) 'tutorial_objectstorage' retrieved from /home/airflow/.local/lib/python3.8/site-packages/airflow/example_dags/tutorial_objectstorage.py
[2025-04-08T05:46:59.664+0000] {logging_mixin.py:188} INFO - [2025-04-08T05:46:59.663+0000] {dag.py:3036} INFO - Sync 1 DAGs
[2025-04-08T05:46:59.678+0000] {logging_mixin.py:188} INFO - [2025-04-08T05:46:59.678+0000] {dag.py:3823} INFO - Setting next_dagrun for tutorial_objectstorage to None, run_after=None
[2025-04-08T05:46:59.770+0000] {processor.py:183} INFO - Processing /home/airflow/.local/lib/python3.8/site-packages/airflow/example_dags/tutorial_objectstorage.py took 0.144 seconds
[2025-04-08T05:47:29.880+0000] {processor.py:161} INFO - Started process (PID=355) to work on /home/airflow/.local/lib/python3.8/site-packages/airflow/example_dags/tutorial_objectstorage.py
[2025-04-08T05:47:29.882+0000] {processor.py:830} INFO - Processing file /home/airflow/.local/lib/python3.8/site-packages/airflow/example_dags/tutorial_objectstorage.py for tasks to queue
[2025-04-08T05:47:29.884+0000] {logging_mixin.py:188} INFO - [2025-04-08T05:47:29.884+0000] {dagbag.py:538} INFO - Filling up the DagBag from /home/airflow/.local/lib/python3.8/site-packages/airflow/example_dags/tutorial_objectstorage.py
[2025-04-08T05:47:29.891+0000] {processor.py:840} INFO - DAG(s) 'tutorial_objectstorage' retrieved from /home/airflow/.local/lib/python3.8/site-packages/airflow/example_dags/tutorial_objectstorage.py
[2025-04-08T05:47:29.913+0000] {logging_mixin.py:188} INFO - [2025-04-08T05:47:29.913+0000] {dag.py:3036} INFO - Sync 1 DAGs
[2025-04-08T05:47:29.926+0000] {logging_mixin.py:188} INFO - [2025-04-08T05:47:29.926+0000] {dag.py:3823} INFO - Setting next_dagrun for tutorial_objectstorage to None, run_after=None
[2025-04-08T05:47:30.011+0000] {processor.py:183} INFO - Processing /home/airflow/.local/lib/python3.8/site-packages/airflow/example_dags/tutorial_objectstorage.py took 0.135 seconds
[2025-04-08T05:48:00.315+0000] {processor.py:161} INFO - Started process (PID=410) to work on /home/airflow/.local/lib/python3.8/site-packages/airflow/example_dags/tutorial_objectstorage.py
[2025-04-08T05:48:00.316+0000] {processor.py:830} INFO - Processing file /home/airflow/.local/lib/python3.8/site-packages/airflow/example_dags/tutorial_objectstorage.py for tasks to queue
[2025-04-08T05:48:00.318+0000] {logging_mixin.py:188} INFO - [2025-04-08T05:48:00.318+0000] {dagbag.py:538} INFO - Filling up the DagBag from /home/airflow/.local/lib/python3.8/site-packages/airflow/example_dags/tutorial_objectstorage.py
[2025-04-08T05:48:00.324+0000] {processor.py:840} INFO - DAG(s) 'tutorial_objectstorage' retrieved from /home/airflow/.local/lib/python3.8/site-packages/airflow/example_dags/tutorial_objectstorage.py
[2025-04-08T05:48:00.347+0000] {logging_mixin.py:188} INFO - [2025-04-08T05:48:00.346+0000] {dag.py:3036} INFO - Sync 1 DAGs
[2025-04-08T05:48:00.359+0000] {logging_mixin.py:188} INFO - [2025-04-08T05:48:00.358+0000] {dag.py:3823} INFO - Setting next_dagrun for tutorial_objectstorage to None, run_after=None
[2025-04-08T05:48:00.447+0000] {processor.py:183} INFO - Processing /home/airflow/.local/lib/python3.8/site-packages/airflow/example_dags/tutorial_objectstorage.py took 0.135 seconds
[2025-04-08T05:48:31.050+0000] {processor.py:161} INFO - Started process (PID=465) to work on /home/airflow/.local/lib/python3.8/site-packages/airflow/example_dags/tutorial_objectstorage.py
[2025-04-08T05:48:31.051+0000] {processor.py:830} INFO - Processing file /home/airflow/.local/lib/python3.8/site-packages/airflow/example_dags/tutorial_objectstorage.py for tasks to queue
[2025-04-08T05:48:31.053+0000] {logging_mixin.py:188} INFO - [2025-04-08T05:48:31.053+0000] {dagbag.py:538} INFO - Filling up the DagBag from /home/airflow/.local/lib/python3.8/site-packages/airflow/example_dags/tutorial_objectstorage.py
[2025-04-08T05:48:31.061+0000] {processor.py:840} INFO - DAG(s) 'tutorial_objectstorage' retrieved from /home/airflow/.local/lib/python3.8/site-packages/airflow/example_dags/tutorial_objectstorage.py
[2025-04-08T05:48:31.085+0000] {logging_mixin.py:188} INFO - [2025-04-08T05:48:31.084+0000] {dag.py:3036} INFO - Sync 1 DAGs
[2025-04-08T05:48:31.099+0000] {logging_mixin.py:188} INFO - [2025-04-08T05:48:31.099+0000] {dag.py:3823} INFO - Setting next_dagrun for tutorial_objectstorage to None, run_after=None
[2025-04-08T05:48:31.176+0000] {processor.py:183} INFO - Processing /home/airflow/.local/lib/python3.8/site-packages/airflow/example_dags/tutorial_objectstorage.py took 0.129 seconds
[2025-04-08T05:49:01.936+0000] {processor.py:161} INFO - Started process (PID=520) to work on /home/airflow/.local/lib/python3.8/site-packages/airflow/example_dags/tutorial_objectstorage.py
[2025-04-08T05:49:01.937+0000] {processor.py:830} INFO - Processing file /home/airflow/.local/lib/python3.8/site-packages/airflow/example_dags/tutorial_objectstorage.py for tasks to queue
[2025-04-08T05:49:01.939+0000] {logging_mixin.py:188} INFO - [2025-04-08T05:49:01.938+0000] {dagbag.py:538} INFO - Filling up the DagBag from /home/airflow/.local/lib/python3.8/site-packages/airflow/example_dags/tutorial_objectstorage.py
[2025-04-08T05:49:01.945+0000] {processor.py:840} INFO - DAG(s) 'tutorial_objectstorage' retrieved from /home/airflow/.local/lib/python3.8/site-packages/airflow/example_dags/tutorial_objectstorage.py
[2025-04-08T05:49:01.967+0000] {logging_mixin.py:188} INFO - [2025-04-08T05:49:01.966+0000] {dag.py:3036} INFO - Sync 1 DAGs
[2025-04-08T05:49:01.980+0000] {logging_mixin.py:188} INFO - [2025-04-08T05:49:01.980+0000] {dag.py:3823} INFO - Setting next_dagrun for tutorial_objectstorage to None, run_after=None
[2025-04-08T05:49:02.038+0000] {processor.py:183} INFO - Processing /home/airflow/.local/lib/python3.8/site-packages/airflow/example_dags/tutorial_objectstorage.py took 0.105 seconds
[2025-04-08T05:49:32.770+0000] {processor.py:161} INFO - Started process (PID=575) to work on /home/airflow/.local/lib/python3.8/site-packages/airflow/example_dags/tutorial_objectstorage.py
[2025-04-08T05:49:32.771+0000] {processor.py:830} INFO - Processing file /home/airflow/.local/lib/python3.8/site-packages/airflow/example_dags/tutorial_objectstorage.py for tasks to queue
[2025-04-08T05:49:32.773+0000] {logging_mixin.py:188} INFO - [2025-04-08T05:49:32.772+0000] {dagbag.py:538} INFO - Filling up the DagBag from /home/airflow/.local/lib/python3.8/site-packages/airflow/example_dags/tutorial_objectstorage.py
[2025-04-08T05:49:32.780+0000] {processor.py:840} INFO - DAG(s) 'tutorial_objectstorage' retrieved from /home/airflow/.local/lib/python3.8/site-packages/airflow/example_dags/tutorial_objectstorage.py
[2025-04-08T05:49:32.802+0000] {logging_mixin.py:188} INFO - [2025-04-08T05:49:32.802+0000] {dag.py:3036} INFO - Sync 1 DAGs
[2025-04-08T05:49:32.816+0000] {logging_mixin.py:188} INFO - [2025-04-08T05:49:32.816+0000] {dag.py:3823} INFO - Setting next_dagrun for tutorial_objectstorage to None, run_after=None
[2025-04-08T05:49:32.862+0000] {processor.py:183} INFO - Processing /home/airflow/.local/lib/python3.8/site-packages/airflow/example_dags/tutorial_objectstorage.py took 0.096 seconds
[2025-04-08T05:50:06.799+0000] {processor.py:161} INFO - Started process (PID=630) to work on /home/airflow/.local/lib/python3.8/site-packages/airflow/example_dags/tutorial_objectstorage.py
[2025-04-08T05:50:06.800+0000] {processor.py:830} INFO - Processing file /home/airflow/.local/lib/python3.8/site-packages/airflow/example_dags/tutorial_objectstorage.py for tasks to queue
[2025-04-08T05:50:06.802+0000] {logging_mixin.py:188} INFO - [2025-04-08T05:50:06.802+0000] {dagbag.py:538} INFO - Filling up the DagBag from /home/airflow/.local/lib/python3.8/site-packages/airflow/example_dags/tutorial_objectstorage.py
[2025-04-08T05:50:06.809+0000] {processor.py:840} INFO - DAG(s) 'tutorial_objectstorage' retrieved from /home/airflow/.local/lib/python3.8/site-packages/airflow/example_dags/tutorial_objectstorage.py
[2025-04-08T05:50:06.829+0000] {logging_mixin.py:188} INFO - [2025-04-08T05:50:06.829+0000] {dag.py:3036} INFO - Sync 1 DAGs
[2025-04-08T05:50:06.842+0000] {logging_mixin.py:188} INFO - [2025-04-08T05:50:06.842+0000] {dag.py:3823} INFO - Setting next_dagrun for tutorial_objectstorage to None, run_after=None
[2025-04-08T05:50:06.906+0000] {processor.py:183} INFO - Processing /home/airflow/.local/lib/python3.8/site-packages/airflow/example_dags/tutorial_objectstorage.py took 0.109 seconds
[2025-04-08T05:50:37.717+0000] {processor.py:161} INFO - Started process (PID=685) to work on /home/airflow/.local/lib/python3.8/site-packages/airflow/example_dags/tutorial_objectstorage.py
[2025-04-08T05:50:37.718+0000] {processor.py:830} INFO - Processing file /home/airflow/.local/lib/python3.8/site-packages/airflow/example_dags/tutorial_objectstorage.py for tasks to queue
[2025-04-08T05:50:37.720+0000] {logging_mixin.py:188} INFO - [2025-04-08T05:50:37.720+0000] {dagbag.py:538} INFO - Filling up the DagBag from /home/airflow/.local/lib/python3.8/site-packages/airflow/example_dags/tutorial_objectstorage.py
[2025-04-08T05:50:37.730+0000] {processor.py:840} INFO - DAG(s) 'tutorial_objectstorage' retrieved from /home/airflow/.local/lib/python3.8/site-packages/airflow/example_dags/tutorial_objectstorage.py
[2025-04-08T05:50:37.756+0000] {logging_mixin.py:188} INFO - [2025-04-08T05:50:37.756+0000] {dag.py:3036} INFO - Sync 1 DAGs
[2025-04-08T05:50:37.771+0000] {logging_mixin.py:188} INFO - [2025-04-08T05:50:37.770+0000] {dag.py:3823} INFO - Setting next_dagrun for tutorial_objectstorage to None, run_after=None
[2025-04-08T05:50:37.840+0000] {processor.py:183} INFO - Processing /home/airflow/.local/lib/python3.8/site-packages/airflow/example_dags/tutorial_objectstorage.py took 0.126 seconds
[2025-04-08T05:54:04.505+0000] {processor.py:161} INFO - Started process (PID=75) to work on /home/airflow/.local/lib/python3.8/site-packages/airflow/example_dags/tutorial_objectstorage.py
[2025-04-08T05:54:04.506+0000] {processor.py:830} INFO - Processing file /home/airflow/.local/lib/python3.8/site-packages/airflow/example_dags/tutorial_objectstorage.py for tasks to queue
[2025-04-08T05:54:04.508+0000] {logging_mixin.py:188} INFO - [2025-04-08T05:54:04.508+0000] {dagbag.py:538} INFO - Filling up the DagBag from /home/airflow/.local/lib/python3.8/site-packages/airflow/example_dags/tutorial_objectstorage.py
[2025-04-08T05:54:04.518+0000] {processor.py:840} INFO - DAG(s) 'tutorial_objectstorage' retrieved from /home/airflow/.local/lib/python3.8/site-packages/airflow/example_dags/tutorial_objectstorage.py
[2025-04-08T05:54:04.628+0000] {logging_mixin.py:188} INFO - [2025-04-08T05:54:04.628+0000] {dag.py:3036} INFO - Sync 1 DAGs
[2025-04-08T05:54:04.640+0000] {logging_mixin.py:188} INFO - [2025-04-08T05:54:04.640+0000] {dag.py:3823} INFO - Setting next_dagrun for tutorial_objectstorage to None, run_after=None
[2025-04-08T05:54:04.699+0000] {processor.py:183} INFO - Processing /home/airflow/.local/lib/python3.8/site-packages/airflow/example_dags/tutorial_objectstorage.py took 0.197 seconds
[2025-04-08T05:54:35.565+0000] {processor.py:161} INFO - Started process (PID=124) to work on /home/airflow/.local/lib/python3.8/site-packages/airflow/example_dags/tutorial_objectstorage.py
[2025-04-08T05:54:35.566+0000] {processor.py:830} INFO - Processing file /home/airflow/.local/lib/python3.8/site-packages/airflow/example_dags/tutorial_objectstorage.py for tasks to queue
[2025-04-08T05:54:35.571+0000] {logging_mixin.py:188} INFO - [2025-04-08T05:54:35.570+0000] {dagbag.py:538} INFO - Filling up the DagBag from /home/airflow/.local/lib/python3.8/site-packages/airflow/example_dags/tutorial_objectstorage.py
[2025-04-08T05:54:35.579+0000] {processor.py:840} INFO - DAG(s) 'tutorial_objectstorage' retrieved from /home/airflow/.local/lib/python3.8/site-packages/airflow/example_dags/tutorial_objectstorage.py
[2025-04-08T05:54:35.605+0000] {logging_mixin.py:188} INFO - [2025-04-08T05:54:35.604+0000] {dag.py:3036} INFO - Sync 1 DAGs
[2025-04-08T05:54:35.620+0000] {logging_mixin.py:188} INFO - [2025-04-08T05:54:35.620+0000] {dag.py:3823} INFO - Setting next_dagrun for tutorial_objectstorage to None, run_after=None
[2025-04-08T05:54:35.674+0000] {processor.py:183} INFO - Processing /home/airflow/.local/lib/python3.8/site-packages/airflow/example_dags/tutorial_objectstorage.py took 0.115 seconds
[2025-04-08T05:55:05.849+0000] {processor.py:161} INFO - Started process (PID=179) to work on /home/airflow/.local/lib/python3.8/site-packages/airflow/example_dags/tutorial_objectstorage.py
[2025-04-08T05:55:05.851+0000] {processor.py:830} INFO - Processing file /home/airflow/.local/lib/python3.8/site-packages/airflow/example_dags/tutorial_objectstorage.py for tasks to queue
[2025-04-08T05:55:05.854+0000] {logging_mixin.py:188} INFO - [2025-04-08T05:55:05.853+0000] {dagbag.py:538} INFO - Filling up the DagBag from /home/airflow/.local/lib/python3.8/site-packages/airflow/example_dags/tutorial_objectstorage.py
[2025-04-08T05:55:05.861+0000] {processor.py:840} INFO - DAG(s) 'tutorial_objectstorage' retrieved from /home/airflow/.local/lib/python3.8/site-packages/airflow/example_dags/tutorial_objectstorage.py
[2025-04-08T05:55:05.887+0000] {logging_mixin.py:188} INFO - [2025-04-08T05:55:05.887+0000] {dag.py:3036} INFO - Sync 1 DAGs
[2025-04-08T05:55:05.900+0000] {logging_mixin.py:188} INFO - [2025-04-08T05:55:05.900+0000] {dag.py:3823} INFO - Setting next_dagrun for tutorial_objectstorage to None, run_after=None
[2025-04-08T05:55:05.959+0000] {processor.py:183} INFO - Processing /home/airflow/.local/lib/python3.8/site-packages/airflow/example_dags/tutorial_objectstorage.py took 0.113 seconds
[2025-04-08T05:55:36.189+0000] {processor.py:161} INFO - Started process (PID=234) to work on /home/airflow/.local/lib/python3.8/site-packages/airflow/example_dags/tutorial_objectstorage.py
[2025-04-08T05:55:36.190+0000] {processor.py:830} INFO - Processing file /home/airflow/.local/lib/python3.8/site-packages/airflow/example_dags/tutorial_objectstorage.py for tasks to queue
[2025-04-08T05:55:36.192+0000] {logging_mixin.py:188} INFO - [2025-04-08T05:55:36.192+0000] {dagbag.py:538} INFO - Filling up the DagBag from /home/airflow/.local/lib/python3.8/site-packages/airflow/example_dags/tutorial_objectstorage.py
[2025-04-08T05:55:36.199+0000] {processor.py:840} INFO - DAG(s) 'tutorial_objectstorage' retrieved from /home/airflow/.local/lib/python3.8/site-packages/airflow/example_dags/tutorial_objectstorage.py
[2025-04-08T05:55:36.219+0000] {logging_mixin.py:188} INFO - [2025-04-08T05:55:36.219+0000] {dag.py:3036} INFO - Sync 1 DAGs
[2025-04-08T05:55:36.233+0000] {logging_mixin.py:188} INFO - [2025-04-08T05:55:36.232+0000] {dag.py:3823} INFO - Setting next_dagrun for tutorial_objectstorage to None, run_after=None
[2025-04-08T05:55:36.292+0000] {processor.py:183} INFO - Processing /home/airflow/.local/lib/python3.8/site-packages/airflow/example_dags/tutorial_objectstorage.py took 0.106 seconds
[2025-04-08T05:56:06.790+0000] {processor.py:161} INFO - Started process (PID=290) to work on /home/airflow/.local/lib/python3.8/site-packages/airflow/example_dags/tutorial_objectstorage.py
[2025-04-08T05:56:06.791+0000] {processor.py:830} INFO - Processing file /home/airflow/.local/lib/python3.8/site-packages/airflow/example_dags/tutorial_objectstorage.py for tasks to queue
[2025-04-08T05:56:06.794+0000] {logging_mixin.py:188} INFO - [2025-04-08T05:56:06.793+0000] {dagbag.py:538} INFO - Filling up the DagBag from /home/airflow/.local/lib/python3.8/site-packages/airflow/example_dags/tutorial_objectstorage.py
[2025-04-08T05:56:06.803+0000] {processor.py:840} INFO - DAG(s) 'tutorial_objectstorage' retrieved from /home/airflow/.local/lib/python3.8/site-packages/airflow/example_dags/tutorial_objectstorage.py
[2025-04-08T05:56:06.826+0000] {logging_mixin.py:188} INFO - [2025-04-08T05:56:06.826+0000] {dag.py:3036} INFO - Sync 1 DAGs
[2025-04-08T05:56:06.838+0000] {logging_mixin.py:188} INFO - [2025-04-08T05:56:06.838+0000] {dag.py:3823} INFO - Setting next_dagrun for tutorial_objectstorage to None, run_after=None
[2025-04-08T05:56:06.898+0000] {processor.py:183} INFO - Processing /home/airflow/.local/lib/python3.8/site-packages/airflow/example_dags/tutorial_objectstorage.py took 0.111 seconds
[2025-04-08T05:56:41.518+0000] {processor.py:161} INFO - Started process (PID=345) to work on /home/airflow/.local/lib/python3.8/site-packages/airflow/example_dags/tutorial_objectstorage.py
[2025-04-08T05:56:41.519+0000] {processor.py:830} INFO - Processing file /home/airflow/.local/lib/python3.8/site-packages/airflow/example_dags/tutorial_objectstorage.py for tasks to queue
[2025-04-08T05:56:41.522+0000] {logging_mixin.py:188} INFO - [2025-04-08T05:56:41.521+0000] {dagbag.py:538} INFO - Filling up the DagBag from /home/airflow/.local/lib/python3.8/site-packages/airflow/example_dags/tutorial_objectstorage.py
[2025-04-08T05:56:41.530+0000] {processor.py:840} INFO - DAG(s) 'tutorial_objectstorage' retrieved from /home/airflow/.local/lib/python3.8/site-packages/airflow/example_dags/tutorial_objectstorage.py
[2025-04-08T05:56:41.554+0000] {logging_mixin.py:188} INFO - [2025-04-08T05:56:41.553+0000] {dag.py:3036} INFO - Sync 1 DAGs
[2025-04-08T05:56:41.571+0000] {logging_mixin.py:188} INFO - [2025-04-08T05:56:41.571+0000] {dag.py:3823} INFO - Setting next_dagrun for tutorial_objectstorage to None, run_after=None
[2025-04-08T05:56:41.626+0000] {processor.py:183} INFO - Processing /home/airflow/.local/lib/python3.8/site-packages/airflow/example_dags/tutorial_objectstorage.py took 0.111 seconds
[2025-04-08T05:57:11.730+0000] {processor.py:161} INFO - Started process (PID=400) to work on /home/airflow/.local/lib/python3.8/site-packages/airflow/example_dags/tutorial_objectstorage.py
[2025-04-08T05:57:11.731+0000] {processor.py:830} INFO - Processing file /home/airflow/.local/lib/python3.8/site-packages/airflow/example_dags/tutorial_objectstorage.py for tasks to queue
[2025-04-08T05:57:11.733+0000] {logging_mixin.py:188} INFO - [2025-04-08T05:57:11.732+0000] {dagbag.py:538} INFO - Filling up the DagBag from /home/airflow/.local/lib/python3.8/site-packages/airflow/example_dags/tutorial_objectstorage.py
[2025-04-08T05:57:11.738+0000] {processor.py:840} INFO - DAG(s) 'tutorial_objectstorage' retrieved from /home/airflow/.local/lib/python3.8/site-packages/airflow/example_dags/tutorial_objectstorage.py
[2025-04-08T05:57:11.758+0000] {logging_mixin.py:188} INFO - [2025-04-08T05:57:11.758+0000] {dag.py:3036} INFO - Sync 1 DAGs
[2025-04-08T05:57:11.771+0000] {logging_mixin.py:188} INFO - [2025-04-08T05:57:11.771+0000] {dag.py:3823} INFO - Setting next_dagrun for tutorial_objectstorage to None, run_after=None
[2025-04-08T05:57:11.845+0000] {processor.py:183} INFO - Processing /home/airflow/.local/lib/python3.8/site-packages/airflow/example_dags/tutorial_objectstorage.py took 0.117 seconds
[2025-04-08T05:57:41.985+0000] {processor.py:161} INFO - Started process (PID=455) to work on /home/airflow/.local/lib/python3.8/site-packages/airflow/example_dags/tutorial_objectstorage.py
[2025-04-08T05:57:41.987+0000] {processor.py:830} INFO - Processing file /home/airflow/.local/lib/python3.8/site-packages/airflow/example_dags/tutorial_objectstorage.py for tasks to queue
[2025-04-08T05:57:41.989+0000] {logging_mixin.py:188} INFO - [2025-04-08T05:57:41.988+0000] {dagbag.py:538} INFO - Filling up the DagBag from /home/airflow/.local/lib/python3.8/site-packages/airflow/example_dags/tutorial_objectstorage.py
[2025-04-08T05:57:41.995+0000] {processor.py:840} INFO - DAG(s) 'tutorial_objectstorage' retrieved from /home/airflow/.local/lib/python3.8/site-packages/airflow/example_dags/tutorial_objectstorage.py
[2025-04-08T05:57:42.017+0000] {logging_mixin.py:188} INFO - [2025-04-08T05:57:42.017+0000] {dag.py:3036} INFO - Sync 1 DAGs
[2025-04-08T05:57:42.028+0000] {logging_mixin.py:188} INFO - [2025-04-08T05:57:42.028+0000] {dag.py:3823} INFO - Setting next_dagrun for tutorial_objectstorage to None, run_after=None
[2025-04-08T05:57:42.117+0000] {processor.py:183} INFO - Processing /home/airflow/.local/lib/python3.8/site-packages/airflow/example_dags/tutorial_objectstorage.py took 0.134 seconds
[2025-04-08T05:58:12.742+0000] {processor.py:161} INFO - Started process (PID=510) to work on /home/airflow/.local/lib/python3.8/site-packages/airflow/example_dags/tutorial_objectstorage.py
[2025-04-08T05:58:12.743+0000] {processor.py:830} INFO - Processing file /home/airflow/.local/lib/python3.8/site-packages/airflow/example_dags/tutorial_objectstorage.py for tasks to queue
[2025-04-08T05:58:12.746+0000] {logging_mixin.py:188} INFO - [2025-04-08T05:58:12.745+0000] {dagbag.py:538} INFO - Filling up the DagBag from /home/airflow/.local/lib/python3.8/site-packages/airflow/example_dags/tutorial_objectstorage.py
[2025-04-08T05:58:12.753+0000] {processor.py:840} INFO - DAG(s) 'tutorial_objectstorage' retrieved from /home/airflow/.local/lib/python3.8/site-packages/airflow/example_dags/tutorial_objectstorage.py
[2025-04-08T05:58:12.776+0000] {logging_mixin.py:188} INFO - [2025-04-08T05:58:12.776+0000] {dag.py:3036} INFO - Sync 1 DAGs
[2025-04-08T05:58:12.792+0000] {logging_mixin.py:188} INFO - [2025-04-08T05:58:12.791+0000] {dag.py:3823} INFO - Setting next_dagrun for tutorial_objectstorage to None, run_after=None
[2025-04-08T05:58:12.844+0000] {processor.py:183} INFO - Processing /home/airflow/.local/lib/python3.8/site-packages/airflow/example_dags/tutorial_objectstorage.py took 0.104 seconds
[2025-04-08T05:58:43.889+0000] {processor.py:161} INFO - Started process (PID=565) to work on /home/airflow/.local/lib/python3.8/site-packages/airflow/example_dags/tutorial_objectstorage.py
[2025-04-08T05:58:43.891+0000] {processor.py:830} INFO - Processing file /home/airflow/.local/lib/python3.8/site-packages/airflow/example_dags/tutorial_objectstorage.py for tasks to queue
[2025-04-08T05:58:43.893+0000] {logging_mixin.py:188} INFO - [2025-04-08T05:58:43.892+0000] {dagbag.py:538} INFO - Filling up the DagBag from /home/airflow/.local/lib/python3.8/site-packages/airflow/example_dags/tutorial_objectstorage.py
[2025-04-08T05:58:43.900+0000] {processor.py:840} INFO - DAG(s) 'tutorial_objectstorage' retrieved from /home/airflow/.local/lib/python3.8/site-packages/airflow/example_dags/tutorial_objectstorage.py
[2025-04-08T05:58:43.925+0000] {logging_mixin.py:188} INFO - [2025-04-08T05:58:43.924+0000] {dag.py:3036} INFO - Sync 1 DAGs
[2025-04-08T05:58:43.938+0000] {logging_mixin.py:188} INFO - [2025-04-08T05:58:43.938+0000] {dag.py:3823} INFO - Setting next_dagrun for tutorial_objectstorage to None, run_after=None
[2025-04-08T05:58:44.001+0000] {processor.py:183} INFO - Processing /home/airflow/.local/lib/python3.8/site-packages/airflow/example_dags/tutorial_objectstorage.py took 0.114 seconds
