[2025-04-08T05:44:51.118+0000] {processor.py:161} INFO - Started process (PID=67) to work on /home/airflow/.local/lib/python3.8/site-packages/airflow/example_dags/tutorial.py
[2025-04-08T05:44:51.119+0000] {processor.py:830} INFO - Processing file /home/airflow/.local/lib/python3.8/site-packages/airflow/example_dags/tutorial.py for tasks to queue
[2025-04-08T05:44:51.121+0000] {logging_mixin.py:188} INFO - [2025-04-08T05:44:51.121+0000] {dagbag.py:538} INFO - Filling up the DagBag from /home/airflow/.local/lib/python3.8/site-packages/airflow/example_dags/tutorial.py
[2025-04-08T05:44:51.131+0000] {processor.py:840} INFO - DAG(s) 'tutorial' retrieved from /home/airflow/.local/lib/python3.8/site-packages/airflow/example_dags/tutorial.py
[2025-04-08T05:44:51.262+0000] {logging_mixin.py:188} INFO - [2025-04-08T05:44:51.261+0000] {dag.py:3036} INFO - Sync 1 DAGs
[2025-04-08T05:44:51.283+0000] {logging_mixin.py:188} INFO - [2025-04-08T05:44:51.283+0000] {dag.py:3823} INFO - Setting next_dagrun for tutorial to 2025-04-07 00:00:00+00:00, run_after=2025-04-08 00:00:00+00:00
[2025-04-08T05:44:51.350+0000] {processor.py:183} INFO - Processing /home/airflow/.local/lib/python3.8/site-packages/airflow/example_dags/tutorial.py took 0.236 seconds
[2025-04-08T05:45:24.161+0000] {processor.py:161} INFO - Started process (PID=122) to work on /home/airflow/.local/lib/python3.8/site-packages/airflow/example_dags/tutorial.py
[2025-04-08T05:45:24.162+0000] {processor.py:830} INFO - Processing file /home/airflow/.local/lib/python3.8/site-packages/airflow/example_dags/tutorial.py for tasks to queue
[2025-04-08T05:45:24.165+0000] {logging_mixin.py:188} INFO - [2025-04-08T05:45:24.164+0000] {dagbag.py:538} INFO - Filling up the DagBag from /home/airflow/.local/lib/python3.8/site-packages/airflow/example_dags/tutorial.py
[2025-04-08T05:45:24.171+0000] {processor.py:840} INFO - DAG(s) 'tutorial' retrieved from /home/airflow/.local/lib/python3.8/site-packages/airflow/example_dags/tutorial.py
[2025-04-08T05:45:24.195+0000] {logging_mixin.py:188} INFO - [2025-04-08T05:45:24.195+0000] {dag.py:3036} INFO - Sync 1 DAGs
[2025-04-08T05:45:24.225+0000] {logging_mixin.py:188} INFO - [2025-04-08T05:45:24.224+0000] {dag.py:3823} INFO - Setting next_dagrun for tutorial to 2025-04-07 00:00:00+00:00, run_after=2025-04-08 00:00:00+00:00
[2025-04-08T05:45:24.318+0000] {processor.py:183} INFO - Processing /home/airflow/.local/lib/python3.8/site-packages/airflow/example_dags/tutorial.py took 0.159 seconds
[2025-04-08T05:45:54.613+0000] {processor.py:161} INFO - Started process (PID=177) to work on /home/airflow/.local/lib/python3.8/site-packages/airflow/example_dags/tutorial.py
[2025-04-08T05:45:54.615+0000] {processor.py:830} INFO - Processing file /home/airflow/.local/lib/python3.8/site-packages/airflow/example_dags/tutorial.py for tasks to queue
[2025-04-08T05:45:54.617+0000] {logging_mixin.py:188} INFO - [2025-04-08T05:45:54.617+0000] {dagbag.py:538} INFO - Filling up the DagBag from /home/airflow/.local/lib/python3.8/site-packages/airflow/example_dags/tutorial.py
[2025-04-08T05:45:54.623+0000] {processor.py:840} INFO - DAG(s) 'tutorial' retrieved from /home/airflow/.local/lib/python3.8/site-packages/airflow/example_dags/tutorial.py
[2025-04-08T05:45:54.647+0000] {logging_mixin.py:188} INFO - [2025-04-08T05:45:54.646+0000] {dag.py:3036} INFO - Sync 1 DAGs
[2025-04-08T05:45:54.677+0000] {logging_mixin.py:188} INFO - [2025-04-08T05:45:54.677+0000] {dag.py:3823} INFO - Setting next_dagrun for tutorial to 2025-04-07 00:00:00+00:00, run_after=2025-04-08 00:00:00+00:00
[2025-04-08T05:45:54.731+0000] {processor.py:183} INFO - Processing /home/airflow/.local/lib/python3.8/site-packages/airflow/example_dags/tutorial.py took 0.121 seconds
[2025-04-08T05:46:24.950+0000] {processor.py:161} INFO - Started process (PID=232) to work on /home/airflow/.local/lib/python3.8/site-packages/airflow/example_dags/tutorial.py
[2025-04-08T05:46:24.951+0000] {processor.py:830} INFO - Processing file /home/airflow/.local/lib/python3.8/site-packages/airflow/example_dags/tutorial.py for tasks to queue
[2025-04-08T05:46:24.953+0000] {logging_mixin.py:188} INFO - [2025-04-08T05:46:24.953+0000] {dagbag.py:538} INFO - Filling up the DagBag from /home/airflow/.local/lib/python3.8/site-packages/airflow/example_dags/tutorial.py
[2025-04-08T05:46:24.959+0000] {processor.py:840} INFO - DAG(s) 'tutorial' retrieved from /home/airflow/.local/lib/python3.8/site-packages/airflow/example_dags/tutorial.py
[2025-04-08T05:46:24.982+0000] {logging_mixin.py:188} INFO - [2025-04-08T05:46:24.982+0000] {dag.py:3036} INFO - Sync 1 DAGs
[2025-04-08T05:46:25.009+0000] {logging_mixin.py:188} INFO - [2025-04-08T05:46:25.008+0000] {dag.py:3823} INFO - Setting next_dagrun for tutorial to 2025-04-07 00:00:00+00:00, run_after=2025-04-08 00:00:00+00:00
[2025-04-08T05:46:25.061+0000] {processor.py:183} INFO - Processing /home/airflow/.local/lib/python3.8/site-packages/airflow/example_dags/tutorial.py took 0.114 seconds
[2025-04-08T05:46:55.407+0000] {processor.py:161} INFO - Started process (PID=287) to work on /home/airflow/.local/lib/python3.8/site-packages/airflow/example_dags/tutorial.py
[2025-04-08T05:46:55.408+0000] {processor.py:830} INFO - Processing file /home/airflow/.local/lib/python3.8/site-packages/airflow/example_dags/tutorial.py for tasks to queue
[2025-04-08T05:46:55.410+0000] {logging_mixin.py:188} INFO - [2025-04-08T05:46:55.410+0000] {dagbag.py:538} INFO - Filling up the DagBag from /home/airflow/.local/lib/python3.8/site-packages/airflow/example_dags/tutorial.py
[2025-04-08T05:46:55.416+0000] {processor.py:840} INFO - DAG(s) 'tutorial' retrieved from /home/airflow/.local/lib/python3.8/site-packages/airflow/example_dags/tutorial.py
[2025-04-08T05:46:55.440+0000] {logging_mixin.py:188} INFO - [2025-04-08T05:46:55.440+0000] {dag.py:3036} INFO - Sync 1 DAGs
[2025-04-08T05:46:55.464+0000] {logging_mixin.py:188} INFO - [2025-04-08T05:46:55.464+0000] {dag.py:3823} INFO - Setting next_dagrun for tutorial to 2025-04-07 00:00:00+00:00, run_after=2025-04-08 00:00:00+00:00
[2025-04-08T05:46:55.519+0000] {processor.py:183} INFO - Processing /home/airflow/.local/lib/python3.8/site-packages/airflow/example_dags/tutorial.py took 0.115 seconds
[2025-04-08T05:47:25.634+0000] {processor.py:161} INFO - Started process (PID=342) to work on /home/airflow/.local/lib/python3.8/site-packages/airflow/example_dags/tutorial.py
[2025-04-08T05:47:25.635+0000] {processor.py:830} INFO - Processing file /home/airflow/.local/lib/python3.8/site-packages/airflow/example_dags/tutorial.py for tasks to queue
[2025-04-08T05:47:25.637+0000] {logging_mixin.py:188} INFO - [2025-04-08T05:47:25.636+0000] {dagbag.py:538} INFO - Filling up the DagBag from /home/airflow/.local/lib/python3.8/site-packages/airflow/example_dags/tutorial.py
[2025-04-08T05:47:25.642+0000] {processor.py:840} INFO - DAG(s) 'tutorial' retrieved from /home/airflow/.local/lib/python3.8/site-packages/airflow/example_dags/tutorial.py
[2025-04-08T05:47:25.664+0000] {logging_mixin.py:188} INFO - [2025-04-08T05:47:25.664+0000] {dag.py:3036} INFO - Sync 1 DAGs
[2025-04-08T05:47:25.686+0000] {logging_mixin.py:188} INFO - [2025-04-08T05:47:25.686+0000] {dag.py:3823} INFO - Setting next_dagrun for tutorial to 2025-04-07 00:00:00+00:00, run_after=2025-04-08 00:00:00+00:00
[2025-04-08T05:47:25.744+0000] {processor.py:183} INFO - Processing /home/airflow/.local/lib/python3.8/site-packages/airflow/example_dags/tutorial.py took 0.113 seconds
[2025-04-08T05:47:56.168+0000] {processor.py:161} INFO - Started process (PID=397) to work on /home/airflow/.local/lib/python3.8/site-packages/airflow/example_dags/tutorial.py
[2025-04-08T05:47:56.169+0000] {processor.py:830} INFO - Processing file /home/airflow/.local/lib/python3.8/site-packages/airflow/example_dags/tutorial.py for tasks to queue
[2025-04-08T05:47:56.172+0000] {logging_mixin.py:188} INFO - [2025-04-08T05:47:56.171+0000] {dagbag.py:538} INFO - Filling up the DagBag from /home/airflow/.local/lib/python3.8/site-packages/airflow/example_dags/tutorial.py
[2025-04-08T05:47:56.178+0000] {processor.py:840} INFO - DAG(s) 'tutorial' retrieved from /home/airflow/.local/lib/python3.8/site-packages/airflow/example_dags/tutorial.py
[2025-04-08T05:47:56.205+0000] {logging_mixin.py:188} INFO - [2025-04-08T05:47:56.205+0000] {dag.py:3036} INFO - Sync 1 DAGs
[2025-04-08T05:47:56.232+0000] {logging_mixin.py:188} INFO - [2025-04-08T05:47:56.231+0000] {dag.py:3823} INFO - Setting next_dagrun for tutorial to 2025-04-07 00:00:00+00:00, run_after=2025-04-08 00:00:00+00:00
[2025-04-08T05:47:56.280+0000] {processor.py:183} INFO - Processing /home/airflow/.local/lib/python3.8/site-packages/airflow/example_dags/tutorial.py took 0.115 seconds
[2025-04-08T05:48:26.366+0000] {processor.py:161} INFO - Started process (PID=452) to work on /home/airflow/.local/lib/python3.8/site-packages/airflow/example_dags/tutorial.py
[2025-04-08T05:48:26.367+0000] {processor.py:830} INFO - Processing file /home/airflow/.local/lib/python3.8/site-packages/airflow/example_dags/tutorial.py for tasks to queue
[2025-04-08T05:48:26.369+0000] {logging_mixin.py:188} INFO - [2025-04-08T05:48:26.368+0000] {dagbag.py:538} INFO - Filling up the DagBag from /home/airflow/.local/lib/python3.8/site-packages/airflow/example_dags/tutorial.py
[2025-04-08T05:48:26.375+0000] {processor.py:840} INFO - DAG(s) 'tutorial' retrieved from /home/airflow/.local/lib/python3.8/site-packages/airflow/example_dags/tutorial.py
[2025-04-08T05:48:26.398+0000] {logging_mixin.py:188} INFO - [2025-04-08T05:48:26.397+0000] {dag.py:3036} INFO - Sync 1 DAGs
[2025-04-08T05:48:26.428+0000] {logging_mixin.py:188} INFO - [2025-04-08T05:48:26.428+0000] {dag.py:3823} INFO - Setting next_dagrun for tutorial to 2025-04-07 00:00:00+00:00, run_after=2025-04-08 00:00:00+00:00
[2025-04-08T05:48:26.486+0000] {processor.py:183} INFO - Processing /home/airflow/.local/lib/python3.8/site-packages/airflow/example_dags/tutorial.py took 0.123 seconds
[2025-04-08T05:48:56.625+0000] {processor.py:161} INFO - Started process (PID=507) to work on /home/airflow/.local/lib/python3.8/site-packages/airflow/example_dags/tutorial.py
[2025-04-08T05:48:56.626+0000] {processor.py:830} INFO - Processing file /home/airflow/.local/lib/python3.8/site-packages/airflow/example_dags/tutorial.py for tasks to queue
[2025-04-08T05:48:56.628+0000] {logging_mixin.py:188} INFO - [2025-04-08T05:48:56.628+0000] {dagbag.py:538} INFO - Filling up the DagBag from /home/airflow/.local/lib/python3.8/site-packages/airflow/example_dags/tutorial.py
[2025-04-08T05:48:56.634+0000] {processor.py:840} INFO - DAG(s) 'tutorial' retrieved from /home/airflow/.local/lib/python3.8/site-packages/airflow/example_dags/tutorial.py
[2025-04-08T05:48:56.657+0000] {logging_mixin.py:188} INFO - [2025-04-08T05:48:56.656+0000] {dag.py:3036} INFO - Sync 1 DAGs
[2025-04-08T05:48:56.680+0000] {logging_mixin.py:188} INFO - [2025-04-08T05:48:56.680+0000] {dag.py:3823} INFO - Setting next_dagrun for tutorial to 2025-04-07 00:00:00+00:00, run_after=2025-04-08 00:00:00+00:00
[2025-04-08T05:48:56.811+0000] {processor.py:183} INFO - Processing /home/airflow/.local/lib/python3.8/site-packages/airflow/example_dags/tutorial.py took 0.189 seconds
[2025-04-08T05:49:26.872+0000] {processor.py:161} INFO - Started process (PID=562) to work on /home/airflow/.local/lib/python3.8/site-packages/airflow/example_dags/tutorial.py
[2025-04-08T05:49:26.873+0000] {processor.py:830} INFO - Processing file /home/airflow/.local/lib/python3.8/site-packages/airflow/example_dags/tutorial.py for tasks to queue
[2025-04-08T05:49:26.875+0000] {logging_mixin.py:188} INFO - [2025-04-08T05:49:26.875+0000] {dagbag.py:538} INFO - Filling up the DagBag from /home/airflow/.local/lib/python3.8/site-packages/airflow/example_dags/tutorial.py
[2025-04-08T05:49:26.880+0000] {processor.py:840} INFO - DAG(s) 'tutorial' retrieved from /home/airflow/.local/lib/python3.8/site-packages/airflow/example_dags/tutorial.py
[2025-04-08T05:49:26.901+0000] {logging_mixin.py:188} INFO - [2025-04-08T05:49:26.901+0000] {dag.py:3036} INFO - Sync 1 DAGs
[2025-04-08T05:49:26.923+0000] {logging_mixin.py:188} INFO - [2025-04-08T05:49:26.923+0000] {dag.py:3823} INFO - Setting next_dagrun for tutorial to 2025-04-07 00:00:00+00:00, run_after=2025-04-08 00:00:00+00:00
[2025-04-08T05:49:27.017+0000] {processor.py:183} INFO - Processing /home/airflow/.local/lib/python3.8/site-packages/airflow/example_dags/tutorial.py took 0.148 seconds
[2025-04-08T05:49:57.127+0000] {processor.py:161} INFO - Started process (PID=617) to work on /home/airflow/.local/lib/python3.8/site-packages/airflow/example_dags/tutorial.py
[2025-04-08T05:49:57.128+0000] {processor.py:830} INFO - Processing file /home/airflow/.local/lib/python3.8/site-packages/airflow/example_dags/tutorial.py for tasks to queue
[2025-04-08T05:49:57.130+0000] {logging_mixin.py:188} INFO - [2025-04-08T05:49:57.130+0000] {dagbag.py:538} INFO - Filling up the DagBag from /home/airflow/.local/lib/python3.8/site-packages/airflow/example_dags/tutorial.py
[2025-04-08T05:49:57.136+0000] {processor.py:840} INFO - DAG(s) 'tutorial' retrieved from /home/airflow/.local/lib/python3.8/site-packages/airflow/example_dags/tutorial.py
[2025-04-08T05:49:57.155+0000] {logging_mixin.py:188} INFO - [2025-04-08T05:49:57.155+0000] {dag.py:3036} INFO - Sync 1 DAGs
[2025-04-08T05:49:57.176+0000] {logging_mixin.py:188} INFO - [2025-04-08T05:49:57.176+0000] {dag.py:3823} INFO - Setting next_dagrun for tutorial to 2025-04-07 00:00:00+00:00, run_after=2025-04-08 00:00:00+00:00
[2025-04-08T05:49:57.232+0000] {processor.py:183} INFO - Processing /home/airflow/.local/lib/python3.8/site-packages/airflow/example_dags/tutorial.py took 0.108 seconds
[2025-04-08T05:50:27.621+0000] {processor.py:161} INFO - Started process (PID=672) to work on /home/airflow/.local/lib/python3.8/site-packages/airflow/example_dags/tutorial.py
[2025-04-08T05:50:27.622+0000] {processor.py:830} INFO - Processing file /home/airflow/.local/lib/python3.8/site-packages/airflow/example_dags/tutorial.py for tasks to queue
[2025-04-08T05:50:27.624+0000] {logging_mixin.py:188} INFO - [2025-04-08T05:50:27.624+0000] {dagbag.py:538} INFO - Filling up the DagBag from /home/airflow/.local/lib/python3.8/site-packages/airflow/example_dags/tutorial.py
[2025-04-08T05:50:27.629+0000] {processor.py:840} INFO - DAG(s) 'tutorial' retrieved from /home/airflow/.local/lib/python3.8/site-packages/airflow/example_dags/tutorial.py
[2025-04-08T05:50:27.649+0000] {logging_mixin.py:188} INFO - [2025-04-08T05:50:27.649+0000] {dag.py:3036} INFO - Sync 1 DAGs
[2025-04-08T05:50:27.673+0000] {logging_mixin.py:188} INFO - [2025-04-08T05:50:27.672+0000] {dag.py:3823} INFO - Setting next_dagrun for tutorial to 2025-04-07 00:00:00+00:00, run_after=2025-04-08 00:00:00+00:00
[2025-04-08T05:50:27.743+0000] {processor.py:183} INFO - Processing /home/airflow/.local/lib/python3.8/site-packages/airflow/example_dags/tutorial.py took 0.125 seconds
[2025-04-08T05:50:58.190+0000] {processor.py:161} INFO - Started process (PID=727) to work on /home/airflow/.local/lib/python3.8/site-packages/airflow/example_dags/tutorial.py
[2025-04-08T05:50:58.191+0000] {processor.py:830} INFO - Processing file /home/airflow/.local/lib/python3.8/site-packages/airflow/example_dags/tutorial.py for tasks to queue
[2025-04-08T05:50:58.193+0000] {logging_mixin.py:188} INFO - [2025-04-08T05:50:58.193+0000] {dagbag.py:538} INFO - Filling up the DagBag from /home/airflow/.local/lib/python3.8/site-packages/airflow/example_dags/tutorial.py
[2025-04-08T05:50:58.199+0000] {processor.py:840} INFO - DAG(s) 'tutorial' retrieved from /home/airflow/.local/lib/python3.8/site-packages/airflow/example_dags/tutorial.py
[2025-04-08T05:50:58.220+0000] {logging_mixin.py:188} INFO - [2025-04-08T05:50:58.220+0000] {dag.py:3036} INFO - Sync 1 DAGs
[2025-04-08T05:50:58.243+0000] {logging_mixin.py:188} INFO - [2025-04-08T05:50:58.243+0000] {dag.py:3823} INFO - Setting next_dagrun for tutorial to 2025-04-07 00:00:00+00:00, run_after=2025-04-08 00:00:00+00:00
[2025-04-08T05:50:58.409+0000] {processor.py:183} INFO - Processing /home/airflow/.local/lib/python3.8/site-packages/airflow/example_dags/tutorial.py took 0.222 seconds
[2025-04-08T05:54:02.389+0000] {processor.py:161} INFO - Started process (PID=62) to work on /home/airflow/.local/lib/python3.8/site-packages/airflow/example_dags/tutorial.py
[2025-04-08T05:54:02.390+0000] {processor.py:830} INFO - Processing file /home/airflow/.local/lib/python3.8/site-packages/airflow/example_dags/tutorial.py for tasks to queue
[2025-04-08T05:54:02.392+0000] {logging_mixin.py:188} INFO - [2025-04-08T05:54:02.391+0000] {dagbag.py:538} INFO - Filling up the DagBag from /home/airflow/.local/lib/python3.8/site-packages/airflow/example_dags/tutorial.py
[2025-04-08T05:54:02.399+0000] {processor.py:840} INFO - DAG(s) 'tutorial' retrieved from /home/airflow/.local/lib/python3.8/site-packages/airflow/example_dags/tutorial.py
[2025-04-08T05:54:02.510+0000] {logging_mixin.py:188} INFO - [2025-04-08T05:54:02.510+0000] {dag.py:3036} INFO - Sync 1 DAGs
[2025-04-08T05:54:02.535+0000] {logging_mixin.py:188} INFO - [2025-04-08T05:54:02.535+0000] {dag.py:3823} INFO - Setting next_dagrun for tutorial to 2025-04-07 00:00:00+00:00, run_after=2025-04-08 00:00:00+00:00
[2025-04-08T05:54:02.659+0000] {processor.py:183} INFO - Processing /home/airflow/.local/lib/python3.8/site-packages/airflow/example_dags/tutorial.py took 0.273 seconds
[2025-04-08T05:54:33.230+0000] {processor.py:161} INFO - Started process (PID=111) to work on /home/airflow/.local/lib/python3.8/site-packages/airflow/example_dags/tutorial.py
[2025-04-08T05:54:33.231+0000] {processor.py:830} INFO - Processing file /home/airflow/.local/lib/python3.8/site-packages/airflow/example_dags/tutorial.py for tasks to queue
[2025-04-08T05:54:33.233+0000] {logging_mixin.py:188} INFO - [2025-04-08T05:54:33.233+0000] {dagbag.py:538} INFO - Filling up the DagBag from /home/airflow/.local/lib/python3.8/site-packages/airflow/example_dags/tutorial.py
[2025-04-08T05:54:33.240+0000] {processor.py:840} INFO - DAG(s) 'tutorial' retrieved from /home/airflow/.local/lib/python3.8/site-packages/airflow/example_dags/tutorial.py
[2025-04-08T05:54:33.262+0000] {logging_mixin.py:188} INFO - [2025-04-08T05:54:33.262+0000] {dag.py:3036} INFO - Sync 1 DAGs
[2025-04-08T05:54:33.286+0000] {logging_mixin.py:188} INFO - [2025-04-08T05:54:33.286+0000] {dag.py:3823} INFO - Setting next_dagrun for tutorial to 2025-04-07 00:00:00+00:00, run_after=2025-04-08 00:00:00+00:00
[2025-04-08T05:54:33.342+0000] {processor.py:183} INFO - Processing /home/airflow/.local/lib/python3.8/site-packages/airflow/example_dags/tutorial.py took 0.115 seconds
[2025-04-08T05:55:03.729+0000] {processor.py:161} INFO - Started process (PID=167) to work on /home/airflow/.local/lib/python3.8/site-packages/airflow/example_dags/tutorial.py
[2025-04-08T05:55:03.730+0000] {processor.py:830} INFO - Processing file /home/airflow/.local/lib/python3.8/site-packages/airflow/example_dags/tutorial.py for tasks to queue
[2025-04-08T05:55:03.732+0000] {logging_mixin.py:188} INFO - [2025-04-08T05:55:03.732+0000] {dagbag.py:538} INFO - Filling up the DagBag from /home/airflow/.local/lib/python3.8/site-packages/airflow/example_dags/tutorial.py
[2025-04-08T05:55:03.738+0000] {processor.py:840} INFO - DAG(s) 'tutorial' retrieved from /home/airflow/.local/lib/python3.8/site-packages/airflow/example_dags/tutorial.py
[2025-04-08T05:55:03.764+0000] {logging_mixin.py:188} INFO - [2025-04-08T05:55:03.764+0000] {dag.py:3036} INFO - Sync 1 DAGs
[2025-04-08T05:55:03.788+0000] {logging_mixin.py:188} INFO - [2025-04-08T05:55:03.787+0000] {dag.py:3823} INFO - Setting next_dagrun for tutorial to 2025-04-07 00:00:00+00:00, run_after=2025-04-08 00:00:00+00:00
[2025-04-08T05:55:03.841+0000] {processor.py:183} INFO - Processing /home/airflow/.local/lib/python3.8/site-packages/airflow/example_dags/tutorial.py took 0.115 seconds
[2025-04-08T05:55:34.193+0000] {processor.py:161} INFO - Started process (PID=222) to work on /home/airflow/.local/lib/python3.8/site-packages/airflow/example_dags/tutorial.py
[2025-04-08T05:55:34.194+0000] {processor.py:830} INFO - Processing file /home/airflow/.local/lib/python3.8/site-packages/airflow/example_dags/tutorial.py for tasks to queue
[2025-04-08T05:55:34.196+0000] {logging_mixin.py:188} INFO - [2025-04-08T05:55:34.195+0000] {dagbag.py:538} INFO - Filling up the DagBag from /home/airflow/.local/lib/python3.8/site-packages/airflow/example_dags/tutorial.py
[2025-04-08T05:55:34.202+0000] {processor.py:840} INFO - DAG(s) 'tutorial' retrieved from /home/airflow/.local/lib/python3.8/site-packages/airflow/example_dags/tutorial.py
[2025-04-08T05:55:34.226+0000] {logging_mixin.py:188} INFO - [2025-04-08T05:55:34.226+0000] {dag.py:3036} INFO - Sync 1 DAGs
[2025-04-08T05:55:34.250+0000] {logging_mixin.py:188} INFO - [2025-04-08T05:55:34.250+0000] {dag.py:3823} INFO - Setting next_dagrun for tutorial to 2025-04-07 00:00:00+00:00, run_after=2025-04-08 00:00:00+00:00
[2025-04-08T05:55:34.302+0000] {processor.py:183} INFO - Processing /home/airflow/.local/lib/python3.8/site-packages/airflow/example_dags/tutorial.py took 0.112 seconds
[2025-04-08T05:56:05.749+0000] {processor.py:161} INFO - Started process (PID=277) to work on /home/airflow/.local/lib/python3.8/site-packages/airflow/example_dags/tutorial.py
[2025-04-08T05:56:05.750+0000] {processor.py:830} INFO - Processing file /home/airflow/.local/lib/python3.8/site-packages/airflow/example_dags/tutorial.py for tasks to queue
[2025-04-08T05:56:05.752+0000] {logging_mixin.py:188} INFO - [2025-04-08T05:56:05.751+0000] {dagbag.py:538} INFO - Filling up the DagBag from /home/airflow/.local/lib/python3.8/site-packages/airflow/example_dags/tutorial.py
[2025-04-08T05:56:05.758+0000] {processor.py:840} INFO - DAG(s) 'tutorial' retrieved from /home/airflow/.local/lib/python3.8/site-packages/airflow/example_dags/tutorial.py
[2025-04-08T05:56:05.782+0000] {logging_mixin.py:188} INFO - [2025-04-08T05:56:05.781+0000] {dag.py:3036} INFO - Sync 1 DAGs
[2025-04-08T05:56:05.806+0000] {logging_mixin.py:188} INFO - [2025-04-08T05:56:05.806+0000] {dag.py:3823} INFO - Setting next_dagrun for tutorial to 2025-04-07 00:00:00+00:00, run_after=2025-04-08 00:00:00+00:00
[2025-04-08T05:56:05.862+0000] {processor.py:183} INFO - Processing /home/airflow/.local/lib/python3.8/site-packages/airflow/example_dags/tutorial.py took 0.116 seconds
[2025-04-08T05:56:36.138+0000] {processor.py:161} INFO - Started process (PID=332) to work on /home/airflow/.local/lib/python3.8/site-packages/airflow/example_dags/tutorial.py
[2025-04-08T05:56:36.139+0000] {processor.py:830} INFO - Processing file /home/airflow/.local/lib/python3.8/site-packages/airflow/example_dags/tutorial.py for tasks to queue
[2025-04-08T05:56:36.141+0000] {logging_mixin.py:188} INFO - [2025-04-08T05:56:36.141+0000] {dagbag.py:538} INFO - Filling up the DagBag from /home/airflow/.local/lib/python3.8/site-packages/airflow/example_dags/tutorial.py
[2025-04-08T05:56:36.146+0000] {processor.py:840} INFO - DAG(s) 'tutorial' retrieved from /home/airflow/.local/lib/python3.8/site-packages/airflow/example_dags/tutorial.py
[2025-04-08T05:56:36.172+0000] {logging_mixin.py:188} INFO - [2025-04-08T05:56:36.172+0000] {dag.py:3036} INFO - Sync 1 DAGs
[2025-04-08T05:56:36.197+0000] {logging_mixin.py:188} INFO - [2025-04-08T05:56:36.197+0000] {dag.py:3823} INFO - Setting next_dagrun for tutorial to 2025-04-07 00:00:00+00:00, run_after=2025-04-08 00:00:00+00:00
[2025-04-08T05:56:36.274+0000] {processor.py:183} INFO - Processing /home/airflow/.local/lib/python3.8/site-packages/airflow/example_dags/tutorial.py took 0.139 seconds
[2025-04-08T05:57:06.468+0000] {processor.py:161} INFO - Started process (PID=387) to work on /home/airflow/.local/lib/python3.8/site-packages/airflow/example_dags/tutorial.py
[2025-04-08T05:57:06.469+0000] {processor.py:830} INFO - Processing file /home/airflow/.local/lib/python3.8/site-packages/airflow/example_dags/tutorial.py for tasks to queue
[2025-04-08T05:57:06.471+0000] {logging_mixin.py:188} INFO - [2025-04-08T05:57:06.471+0000] {dagbag.py:538} INFO - Filling up the DagBag from /home/airflow/.local/lib/python3.8/site-packages/airflow/example_dags/tutorial.py
[2025-04-08T05:57:06.477+0000] {processor.py:840} INFO - DAG(s) 'tutorial' retrieved from /home/airflow/.local/lib/python3.8/site-packages/airflow/example_dags/tutorial.py
[2025-04-08T05:57:06.501+0000] {logging_mixin.py:188} INFO - [2025-04-08T05:57:06.501+0000] {dag.py:3036} INFO - Sync 1 DAGs
[2025-04-08T05:57:06.526+0000] {logging_mixin.py:188} INFO - [2025-04-08T05:57:06.526+0000] {dag.py:3823} INFO - Setting next_dagrun for tutorial to 2025-04-07 00:00:00+00:00, run_after=2025-04-08 00:00:00+00:00
[2025-04-08T05:57:06.580+0000] {processor.py:183} INFO - Processing /home/airflow/.local/lib/python3.8/site-packages/airflow/example_dags/tutorial.py took 0.115 seconds
[2025-04-08T05:57:36.758+0000] {processor.py:161} INFO - Started process (PID=442) to work on /home/airflow/.local/lib/python3.8/site-packages/airflow/example_dags/tutorial.py
[2025-04-08T05:57:36.759+0000] {processor.py:830} INFO - Processing file /home/airflow/.local/lib/python3.8/site-packages/airflow/example_dags/tutorial.py for tasks to queue
[2025-04-08T05:57:36.762+0000] {logging_mixin.py:188} INFO - [2025-04-08T05:57:36.761+0000] {dagbag.py:538} INFO - Filling up the DagBag from /home/airflow/.local/lib/python3.8/site-packages/airflow/example_dags/tutorial.py
[2025-04-08T05:57:36.768+0000] {processor.py:840} INFO - DAG(s) 'tutorial' retrieved from /home/airflow/.local/lib/python3.8/site-packages/airflow/example_dags/tutorial.py
[2025-04-08T05:57:36.791+0000] {logging_mixin.py:188} INFO - [2025-04-08T05:57:36.790+0000] {dag.py:3036} INFO - Sync 1 DAGs
[2025-04-08T05:57:36.813+0000] {logging_mixin.py:188} INFO - [2025-04-08T05:57:36.813+0000] {dag.py:3823} INFO - Setting next_dagrun for tutorial to 2025-04-07 00:00:00+00:00, run_after=2025-04-08 00:00:00+00:00
[2025-04-08T05:57:36.894+0000] {processor.py:183} INFO - Processing /home/airflow/.local/lib/python3.8/site-packages/airflow/example_dags/tutorial.py took 0.139 seconds
[2025-04-08T05:58:07.601+0000] {processor.py:161} INFO - Started process (PID=497) to work on /home/airflow/.local/lib/python3.8/site-packages/airflow/example_dags/tutorial.py
[2025-04-08T05:58:07.603+0000] {processor.py:830} INFO - Processing file /home/airflow/.local/lib/python3.8/site-packages/airflow/example_dags/tutorial.py for tasks to queue
[2025-04-08T05:58:07.606+0000] {logging_mixin.py:188} INFO - [2025-04-08T05:58:07.605+0000] {dagbag.py:538} INFO - Filling up the DagBag from /home/airflow/.local/lib/python3.8/site-packages/airflow/example_dags/tutorial.py
[2025-04-08T05:58:07.612+0000] {processor.py:840} INFO - DAG(s) 'tutorial' retrieved from /home/airflow/.local/lib/python3.8/site-packages/airflow/example_dags/tutorial.py
[2025-04-08T05:58:07.639+0000] {logging_mixin.py:188} INFO - [2025-04-08T05:58:07.638+0000] {dag.py:3036} INFO - Sync 1 DAGs
[2025-04-08T05:58:07.664+0000] {logging_mixin.py:188} INFO - [2025-04-08T05:58:07.664+0000] {dag.py:3823} INFO - Setting next_dagrun for tutorial to 2025-04-07 00:00:00+00:00, run_after=2025-04-08 00:00:00+00:00
[2025-04-08T05:58:07.720+0000] {processor.py:183} INFO - Processing /home/airflow/.local/lib/python3.8/site-packages/airflow/example_dags/tutorial.py took 0.122 seconds
[2025-04-08T05:58:38.596+0000] {processor.py:161} INFO - Started process (PID=552) to work on /home/airflow/.local/lib/python3.8/site-packages/airflow/example_dags/tutorial.py
[2025-04-08T05:58:38.597+0000] {processor.py:830} INFO - Processing file /home/airflow/.local/lib/python3.8/site-packages/airflow/example_dags/tutorial.py for tasks to queue
[2025-04-08T05:58:38.599+0000] {logging_mixin.py:188} INFO - [2025-04-08T05:58:38.598+0000] {dagbag.py:538} INFO - Filling up the DagBag from /home/airflow/.local/lib/python3.8/site-packages/airflow/example_dags/tutorial.py
[2025-04-08T05:58:38.604+0000] {processor.py:840} INFO - DAG(s) 'tutorial' retrieved from /home/airflow/.local/lib/python3.8/site-packages/airflow/example_dags/tutorial.py
[2025-04-08T05:58:38.629+0000] {logging_mixin.py:188} INFO - [2025-04-08T05:58:38.629+0000] {dag.py:3036} INFO - Sync 1 DAGs
[2025-04-08T05:58:38.655+0000] {logging_mixin.py:188} INFO - [2025-04-08T05:58:38.655+0000] {dag.py:3823} INFO - Setting next_dagrun for tutorial to 2025-04-07 00:00:00+00:00, run_after=2025-04-08 00:00:00+00:00
[2025-04-08T05:58:38.726+0000] {processor.py:183} INFO - Processing /home/airflow/.local/lib/python3.8/site-packages/airflow/example_dags/tutorial.py took 0.133 seconds
