[2025-04-08T05:44:51.673+0000] {processor.py:161} INFO - Started process (PID=69) to work on /home/airflow/.local/lib/python3.8/site-packages/airflow/example_dags/tutorial_dag.py
[2025-04-08T05:44:51.674+0000] {processor.py:830} INFO - Processing file /home/airflow/.local/lib/python3.8/site-packages/airflow/example_dags/tutorial_dag.py for tasks to queue
[2025-04-08T05:44:51.676+0000] {logging_mixin.py:188} INFO - [2025-04-08T05:44:51.676+0000] {dagbag.py:538} INFO - Filling up the DagBag from /home/airflow/.local/lib/python3.8/site-packages/airflow/example_dags/tutorial_dag.py
[2025-04-08T05:44:51.685+0000] {processor.py:840} INFO - DAG(s) 'tutorial_dag' retrieved from /home/airflow/.local/lib/python3.8/site-packages/airflow/example_dags/tutorial_dag.py
[2025-04-08T05:44:51.825+0000] {logging_mixin.py:188} INFO - [2025-04-08T05:44:51.825+0000] {dag.py:3036} INFO - Sync 1 DAGs
[2025-04-08T05:44:51.837+0000] {logging_mixin.py:188} INFO - [2025-04-08T05:44:51.836+0000] {dag.py:3823} INFO - Setting next_dagrun for tutorial_dag to None, run_after=None
[2025-04-08T05:44:51.903+0000] {processor.py:183} INFO - Processing /home/airflow/.local/lib/python3.8/site-packages/airflow/example_dags/tutorial_dag.py took 0.233 seconds
[2025-04-08T05:45:24.361+0000] {processor.py:161} INFO - Started process (PID=124) to work on /home/airflow/.local/lib/python3.8/site-packages/airflow/example_dags/tutorial_dag.py
[2025-04-08T05:45:24.362+0000] {processor.py:830} INFO - Processing file /home/airflow/.local/lib/python3.8/site-packages/airflow/example_dags/tutorial_dag.py for tasks to queue
[2025-04-08T05:45:24.365+0000] {logging_mixin.py:188} INFO - [2025-04-08T05:45:24.364+0000] {dagbag.py:538} INFO - Filling up the DagBag from /home/airflow/.local/lib/python3.8/site-packages/airflow/example_dags/tutorial_dag.py
[2025-04-08T05:45:24.374+0000] {processor.py:840} INFO - DAG(s) 'tutorial_dag' retrieved from /home/airflow/.local/lib/python3.8/site-packages/airflow/example_dags/tutorial_dag.py
[2025-04-08T05:45:24.403+0000] {logging_mixin.py:188} INFO - [2025-04-08T05:45:24.402+0000] {dag.py:3036} INFO - Sync 1 DAGs
[2025-04-08T05:45:24.418+0000] {logging_mixin.py:188} INFO - [2025-04-08T05:45:24.418+0000] {dag.py:3823} INFO - Setting next_dagrun for tutorial_dag to None, run_after=None
[2025-04-08T05:45:24.481+0000] {processor.py:183} INFO - Processing /home/airflow/.local/lib/python3.8/site-packages/airflow/example_dags/tutorial_dag.py took 0.124 seconds
[2025-04-08T05:45:54.763+0000] {processor.py:161} INFO - Started process (PID=179) to work on /home/airflow/.local/lib/python3.8/site-packages/airflow/example_dags/tutorial_dag.py
[2025-04-08T05:45:54.764+0000] {processor.py:830} INFO - Processing file /home/airflow/.local/lib/python3.8/site-packages/airflow/example_dags/tutorial_dag.py for tasks to queue
[2025-04-08T05:45:54.767+0000] {logging_mixin.py:188} INFO - [2025-04-08T05:45:54.766+0000] {dagbag.py:538} INFO - Filling up the DagBag from /home/airflow/.local/lib/python3.8/site-packages/airflow/example_dags/tutorial_dag.py
[2025-04-08T05:45:54.773+0000] {processor.py:840} INFO - DAG(s) 'tutorial_dag' retrieved from /home/airflow/.local/lib/python3.8/site-packages/airflow/example_dags/tutorial_dag.py
[2025-04-08T05:45:54.799+0000] {logging_mixin.py:188} INFO - [2025-04-08T05:45:54.799+0000] {dag.py:3036} INFO - Sync 1 DAGs
[2025-04-08T05:45:54.825+0000] {logging_mixin.py:188} INFO - [2025-04-08T05:45:54.824+0000] {dag.py:3823} INFO - Setting next_dagrun for tutorial_dag to None, run_after=None
[2025-04-08T05:45:54.881+0000] {processor.py:183} INFO - Processing /home/airflow/.local/lib/python3.8/site-packages/airflow/example_dags/tutorial_dag.py took 0.121 seconds
[2025-04-08T05:46:25.095+0000] {processor.py:161} INFO - Started process (PID=234) to work on /home/airflow/.local/lib/python3.8/site-packages/airflow/example_dags/tutorial_dag.py
[2025-04-08T05:46:25.096+0000] {processor.py:830} INFO - Processing file /home/airflow/.local/lib/python3.8/site-packages/airflow/example_dags/tutorial_dag.py for tasks to queue
[2025-04-08T05:46:25.099+0000] {logging_mixin.py:188} INFO - [2025-04-08T05:46:25.098+0000] {dagbag.py:538} INFO - Filling up the DagBag from /home/airflow/.local/lib/python3.8/site-packages/airflow/example_dags/tutorial_dag.py
[2025-04-08T05:46:25.105+0000] {processor.py:840} INFO - DAG(s) 'tutorial_dag' retrieved from /home/airflow/.local/lib/python3.8/site-packages/airflow/example_dags/tutorial_dag.py
[2025-04-08T05:46:25.132+0000] {logging_mixin.py:188} INFO - [2025-04-08T05:46:25.131+0000] {dag.py:3036} INFO - Sync 1 DAGs
[2025-04-08T05:46:25.146+0000] {logging_mixin.py:188} INFO - [2025-04-08T05:46:25.146+0000] {dag.py:3823} INFO - Setting next_dagrun for tutorial_dag to None, run_after=None
[2025-04-08T05:46:25.193+0000] {processor.py:183} INFO - Processing /home/airflow/.local/lib/python3.8/site-packages/airflow/example_dags/tutorial_dag.py took 0.101 seconds
[2025-04-08T05:46:55.552+0000] {processor.py:161} INFO - Started process (PID=289) to work on /home/airflow/.local/lib/python3.8/site-packages/airflow/example_dags/tutorial_dag.py
[2025-04-08T05:46:55.554+0000] {processor.py:830} INFO - Processing file /home/airflow/.local/lib/python3.8/site-packages/airflow/example_dags/tutorial_dag.py for tasks to queue
[2025-04-08T05:46:55.556+0000] {logging_mixin.py:188} INFO - [2025-04-08T05:46:55.555+0000] {dagbag.py:538} INFO - Filling up the DagBag from /home/airflow/.local/lib/python3.8/site-packages/airflow/example_dags/tutorial_dag.py
[2025-04-08T05:46:55.561+0000] {processor.py:840} INFO - DAG(s) 'tutorial_dag' retrieved from /home/airflow/.local/lib/python3.8/site-packages/airflow/example_dags/tutorial_dag.py
[2025-04-08T05:46:55.584+0000] {logging_mixin.py:188} INFO - [2025-04-08T05:46:55.583+0000] {dag.py:3036} INFO - Sync 1 DAGs
[2025-04-08T05:46:55.596+0000] {logging_mixin.py:188} INFO - [2025-04-08T05:46:55.596+0000] {dag.py:3823} INFO - Setting next_dagrun for tutorial_dag to None, run_after=None
[2025-04-08T05:46:55.673+0000] {processor.py:183} INFO - Processing /home/airflow/.local/lib/python3.8/site-packages/airflow/example_dags/tutorial_dag.py took 0.124 seconds
[2025-04-08T05:47:25.777+0000] {processor.py:161} INFO - Started process (PID=344) to work on /home/airflow/.local/lib/python3.8/site-packages/airflow/example_dags/tutorial_dag.py
[2025-04-08T05:47:25.778+0000] {processor.py:830} INFO - Processing file /home/airflow/.local/lib/python3.8/site-packages/airflow/example_dags/tutorial_dag.py for tasks to queue
[2025-04-08T05:47:25.781+0000] {logging_mixin.py:188} INFO - [2025-04-08T05:47:25.781+0000] {dagbag.py:538} INFO - Filling up the DagBag from /home/airflow/.local/lib/python3.8/site-packages/airflow/example_dags/tutorial_dag.py
[2025-04-08T05:47:25.788+0000] {processor.py:840} INFO - DAG(s) 'tutorial_dag' retrieved from /home/airflow/.local/lib/python3.8/site-packages/airflow/example_dags/tutorial_dag.py
[2025-04-08T05:47:25.808+0000] {logging_mixin.py:188} INFO - [2025-04-08T05:47:25.808+0000] {dag.py:3036} INFO - Sync 1 DAGs
[2025-04-08T05:47:25.820+0000] {logging_mixin.py:188} INFO - [2025-04-08T05:47:25.820+0000] {dag.py:3823} INFO - Setting next_dagrun for tutorial_dag to None, run_after=None
[2025-04-08T05:47:25.878+0000] {processor.py:183} INFO - Processing /home/airflow/.local/lib/python3.8/site-packages/airflow/example_dags/tutorial_dag.py took 0.105 seconds
[2025-04-08T05:47:56.328+0000] {processor.py:161} INFO - Started process (PID=399) to work on /home/airflow/.local/lib/python3.8/site-packages/airflow/example_dags/tutorial_dag.py
[2025-04-08T05:47:56.330+0000] {processor.py:830} INFO - Processing file /home/airflow/.local/lib/python3.8/site-packages/airflow/example_dags/tutorial_dag.py for tasks to queue
[2025-04-08T05:47:56.333+0000] {logging_mixin.py:188} INFO - [2025-04-08T05:47:56.332+0000] {dagbag.py:538} INFO - Filling up the DagBag from /home/airflow/.local/lib/python3.8/site-packages/airflow/example_dags/tutorial_dag.py
[2025-04-08T05:47:56.339+0000] {processor.py:840} INFO - DAG(s) 'tutorial_dag' retrieved from /home/airflow/.local/lib/python3.8/site-packages/airflow/example_dags/tutorial_dag.py
[2025-04-08T05:47:56.375+0000] {logging_mixin.py:188} INFO - [2025-04-08T05:47:56.374+0000] {dag.py:3036} INFO - Sync 1 DAGs
[2025-04-08T05:47:56.391+0000] {logging_mixin.py:188} INFO - [2025-04-08T05:47:56.391+0000] {dag.py:3823} INFO - Setting next_dagrun for tutorial_dag to None, run_after=None
[2025-04-08T05:47:56.445+0000] {processor.py:183} INFO - Processing /home/airflow/.local/lib/python3.8/site-packages/airflow/example_dags/tutorial_dag.py took 0.122 seconds
[2025-04-08T05:48:26.518+0000] {processor.py:161} INFO - Started process (PID=454) to work on /home/airflow/.local/lib/python3.8/site-packages/airflow/example_dags/tutorial_dag.py
[2025-04-08T05:48:26.519+0000] {processor.py:830} INFO - Processing file /home/airflow/.local/lib/python3.8/site-packages/airflow/example_dags/tutorial_dag.py for tasks to queue
[2025-04-08T05:48:26.521+0000] {logging_mixin.py:188} INFO - [2025-04-08T05:48:26.521+0000] {dagbag.py:538} INFO - Filling up the DagBag from /home/airflow/.local/lib/python3.8/site-packages/airflow/example_dags/tutorial_dag.py
[2025-04-08T05:48:26.526+0000] {processor.py:840} INFO - DAG(s) 'tutorial_dag' retrieved from /home/airflow/.local/lib/python3.8/site-packages/airflow/example_dags/tutorial_dag.py
[2025-04-08T05:48:26.550+0000] {logging_mixin.py:188} INFO - [2025-04-08T05:48:26.549+0000] {dag.py:3036} INFO - Sync 1 DAGs
[2025-04-08T05:48:26.565+0000] {logging_mixin.py:188} INFO - [2025-04-08T05:48:26.565+0000] {dag.py:3823} INFO - Setting next_dagrun for tutorial_dag to None, run_after=None
[2025-04-08T05:48:26.630+0000] {processor.py:183} INFO - Processing /home/airflow/.local/lib/python3.8/site-packages/airflow/example_dags/tutorial_dag.py took 0.114 seconds
[2025-04-08T05:48:56.848+0000] {processor.py:161} INFO - Started process (PID=509) to work on /home/airflow/.local/lib/python3.8/site-packages/airflow/example_dags/tutorial_dag.py
[2025-04-08T05:48:56.850+0000] {processor.py:830} INFO - Processing file /home/airflow/.local/lib/python3.8/site-packages/airflow/example_dags/tutorial_dag.py for tasks to queue
[2025-04-08T05:48:56.852+0000] {logging_mixin.py:188} INFO - [2025-04-08T05:48:56.851+0000] {dagbag.py:538} INFO - Filling up the DagBag from /home/airflow/.local/lib/python3.8/site-packages/airflow/example_dags/tutorial_dag.py
[2025-04-08T05:48:56.857+0000] {processor.py:840} INFO - DAG(s) 'tutorial_dag' retrieved from /home/airflow/.local/lib/python3.8/site-packages/airflow/example_dags/tutorial_dag.py
[2025-04-08T05:48:56.880+0000] {logging_mixin.py:188} INFO - [2025-04-08T05:48:56.880+0000] {dag.py:3036} INFO - Sync 1 DAGs
[2025-04-08T05:48:56.894+0000] {logging_mixin.py:188} INFO - [2025-04-08T05:48:56.894+0000] {dag.py:3823} INFO - Setting next_dagrun for tutorial_dag to None, run_after=None
[2025-04-08T05:48:56.971+0000] {processor.py:183} INFO - Processing /home/airflow/.local/lib/python3.8/site-packages/airflow/example_dags/tutorial_dag.py took 0.126 seconds
[2025-04-08T05:49:27.052+0000] {processor.py:161} INFO - Started process (PID=564) to work on /home/airflow/.local/lib/python3.8/site-packages/airflow/example_dags/tutorial_dag.py
[2025-04-08T05:49:27.053+0000] {processor.py:830} INFO - Processing file /home/airflow/.local/lib/python3.8/site-packages/airflow/example_dags/tutorial_dag.py for tasks to queue
[2025-04-08T05:49:27.055+0000] {logging_mixin.py:188} INFO - [2025-04-08T05:49:27.055+0000] {dagbag.py:538} INFO - Filling up the DagBag from /home/airflow/.local/lib/python3.8/site-packages/airflow/example_dags/tutorial_dag.py
[2025-04-08T05:49:27.060+0000] {processor.py:840} INFO - DAG(s) 'tutorial_dag' retrieved from /home/airflow/.local/lib/python3.8/site-packages/airflow/example_dags/tutorial_dag.py
[2025-04-08T05:49:27.082+0000] {logging_mixin.py:188} INFO - [2025-04-08T05:49:27.081+0000] {dag.py:3036} INFO - Sync 1 DAGs
[2025-04-08T05:49:27.097+0000] {logging_mixin.py:188} INFO - [2025-04-08T05:49:27.096+0000] {dag.py:3823} INFO - Setting next_dagrun for tutorial_dag to None, run_after=None
[2025-04-08T05:49:30.751+0000] {processor.py:183} INFO - Processing /home/airflow/.local/lib/python3.8/site-packages/airflow/example_dags/tutorial_dag.py took 0.117 seconds
[2025-04-08T05:50:01.263+0000] {processor.py:161} INFO - Started process (PID=619) to work on /home/airflow/.local/lib/python3.8/site-packages/airflow/example_dags/tutorial_dag.py
[2025-04-08T05:50:01.264+0000] {processor.py:830} INFO - Processing file /home/airflow/.local/lib/python3.8/site-packages/airflow/example_dags/tutorial_dag.py for tasks to queue
[2025-04-08T05:50:01.266+0000] {logging_mixin.py:188} INFO - [2025-04-08T05:50:01.266+0000] {dagbag.py:538} INFO - Filling up the DagBag from /home/airflow/.local/lib/python3.8/site-packages/airflow/example_dags/tutorial_dag.py
[2025-04-08T05:50:01.272+0000] {processor.py:840} INFO - DAG(s) 'tutorial_dag' retrieved from /home/airflow/.local/lib/python3.8/site-packages/airflow/example_dags/tutorial_dag.py
[2025-04-08T05:50:01.296+0000] {logging_mixin.py:188} INFO - [2025-04-08T05:50:01.296+0000] {dag.py:3036} INFO - Sync 1 DAGs
[2025-04-08T05:50:01.311+0000] {logging_mixin.py:188} INFO - [2025-04-08T05:50:01.310+0000] {dag.py:3823} INFO - Setting next_dagrun for tutorial_dag to None, run_after=None
[2025-04-08T05:50:01.363+0000] {processor.py:183} INFO - Processing /home/airflow/.local/lib/python3.8/site-packages/airflow/example_dags/tutorial_dag.py took 0.103 seconds
[2025-04-08T05:50:31.774+0000] {processor.py:161} INFO - Started process (PID=674) to work on /home/airflow/.local/lib/python3.8/site-packages/airflow/example_dags/tutorial_dag.py
[2025-04-08T05:50:31.776+0000] {processor.py:830} INFO - Processing file /home/airflow/.local/lib/python3.8/site-packages/airflow/example_dags/tutorial_dag.py for tasks to queue
[2025-04-08T05:50:31.778+0000] {logging_mixin.py:188} INFO - [2025-04-08T05:50:31.777+0000] {dagbag.py:538} INFO - Filling up the DagBag from /home/airflow/.local/lib/python3.8/site-packages/airflow/example_dags/tutorial_dag.py
[2025-04-08T05:50:31.783+0000] {processor.py:840} INFO - DAG(s) 'tutorial_dag' retrieved from /home/airflow/.local/lib/python3.8/site-packages/airflow/example_dags/tutorial_dag.py
[2025-04-08T05:50:31.806+0000] {logging_mixin.py:188} INFO - [2025-04-08T05:50:31.806+0000] {dag.py:3036} INFO - Sync 1 DAGs
[2025-04-08T05:50:31.818+0000] {logging_mixin.py:188} INFO - [2025-04-08T05:50:31.818+0000] {dag.py:3823} INFO - Setting next_dagrun for tutorial_dag to None, run_after=None
[2025-04-08T05:50:31.867+0000] {processor.py:183} INFO - Processing /home/airflow/.local/lib/python3.8/site-packages/airflow/example_dags/tutorial_dag.py took 0.096 seconds
[2025-04-08T05:54:02.999+0000] {processor.py:161} INFO - Started process (PID=64) to work on /home/airflow/.local/lib/python3.8/site-packages/airflow/example_dags/tutorial_dag.py
[2025-04-08T05:54:03.007+0000] {processor.py:830} INFO - Processing file /home/airflow/.local/lib/python3.8/site-packages/airflow/example_dags/tutorial_dag.py for tasks to queue
[2025-04-08T05:54:03.009+0000] {logging_mixin.py:188} INFO - [2025-04-08T05:54:03.009+0000] {dagbag.py:538} INFO - Filling up the DagBag from /home/airflow/.local/lib/python3.8/site-packages/airflow/example_dags/tutorial_dag.py
[2025-04-08T05:54:03.018+0000] {processor.py:840} INFO - DAG(s) 'tutorial_dag' retrieved from /home/airflow/.local/lib/python3.8/site-packages/airflow/example_dags/tutorial_dag.py
[2025-04-08T05:54:03.132+0000] {logging_mixin.py:188} INFO - [2025-04-08T05:54:03.132+0000] {dag.py:3036} INFO - Sync 1 DAGs
[2025-04-08T05:54:03.147+0000] {logging_mixin.py:188} INFO - [2025-04-08T05:54:03.147+0000] {dag.py:3823} INFO - Setting next_dagrun for tutorial_dag to None, run_after=None
[2025-04-08T05:54:03.268+0000] {processor.py:183} INFO - Processing /home/airflow/.local/lib/python3.8/site-packages/airflow/example_dags/tutorial_dag.py took 0.273 seconds
[2025-04-08T05:54:33.371+0000] {processor.py:161} INFO - Started process (PID=113) to work on /home/airflow/.local/lib/python3.8/site-packages/airflow/example_dags/tutorial_dag.py
[2025-04-08T05:54:33.372+0000] {processor.py:830} INFO - Processing file /home/airflow/.local/lib/python3.8/site-packages/airflow/example_dags/tutorial_dag.py for tasks to queue
[2025-04-08T05:54:33.375+0000] {logging_mixin.py:188} INFO - [2025-04-08T05:54:33.374+0000] {dagbag.py:538} INFO - Filling up the DagBag from /home/airflow/.local/lib/python3.8/site-packages/airflow/example_dags/tutorial_dag.py
[2025-04-08T05:54:33.381+0000] {processor.py:840} INFO - DAG(s) 'tutorial_dag' retrieved from /home/airflow/.local/lib/python3.8/site-packages/airflow/example_dags/tutorial_dag.py
[2025-04-08T05:54:33.404+0000] {logging_mixin.py:188} INFO - [2025-04-08T05:54:33.404+0000] {dag.py:3036} INFO - Sync 1 DAGs
[2025-04-08T05:54:33.418+0000] {logging_mixin.py:188} INFO - [2025-04-08T05:54:33.418+0000] {dag.py:3823} INFO - Setting next_dagrun for tutorial_dag to None, run_after=None
[2025-04-08T05:54:33.474+0000] {processor.py:183} INFO - Processing /home/airflow/.local/lib/python3.8/site-packages/airflow/example_dags/tutorial_dag.py took 0.106 seconds
[2025-04-08T05:55:03.868+0000] {processor.py:161} INFO - Started process (PID=169) to work on /home/airflow/.local/lib/python3.8/site-packages/airflow/example_dags/tutorial_dag.py
[2025-04-08T05:55:03.869+0000] {processor.py:830} INFO - Processing file /home/airflow/.local/lib/python3.8/site-packages/airflow/example_dags/tutorial_dag.py for tasks to queue
[2025-04-08T05:55:03.871+0000] {logging_mixin.py:188} INFO - [2025-04-08T05:55:03.871+0000] {dagbag.py:538} INFO - Filling up the DagBag from /home/airflow/.local/lib/python3.8/site-packages/airflow/example_dags/tutorial_dag.py
[2025-04-08T05:55:03.876+0000] {processor.py:840} INFO - DAG(s) 'tutorial_dag' retrieved from /home/airflow/.local/lib/python3.8/site-packages/airflow/example_dags/tutorial_dag.py
[2025-04-08T05:55:03.895+0000] {logging_mixin.py:188} INFO - [2025-04-08T05:55:03.895+0000] {dag.py:3036} INFO - Sync 1 DAGs
[2025-04-08T05:55:03.907+0000] {logging_mixin.py:188} INFO - [2025-04-08T05:55:03.907+0000] {dag.py:3823} INFO - Setting next_dagrun for tutorial_dag to None, run_after=None
[2025-04-08T05:55:03.959+0000] {processor.py:183} INFO - Processing /home/airflow/.local/lib/python3.8/site-packages/airflow/example_dags/tutorial_dag.py took 0.093 seconds
[2025-04-08T05:55:34.328+0000] {processor.py:161} INFO - Started process (PID=224) to work on /home/airflow/.local/lib/python3.8/site-packages/airflow/example_dags/tutorial_dag.py
[2025-04-08T05:55:34.329+0000] {processor.py:830} INFO - Processing file /home/airflow/.local/lib/python3.8/site-packages/airflow/example_dags/tutorial_dag.py for tasks to queue
[2025-04-08T05:55:34.331+0000] {logging_mixin.py:188} INFO - [2025-04-08T05:55:34.330+0000] {dagbag.py:538} INFO - Filling up the DagBag from /home/airflow/.local/lib/python3.8/site-packages/airflow/example_dags/tutorial_dag.py
[2025-04-08T05:55:34.336+0000] {processor.py:840} INFO - DAG(s) 'tutorial_dag' retrieved from /home/airflow/.local/lib/python3.8/site-packages/airflow/example_dags/tutorial_dag.py
[2025-04-08T05:55:34.357+0000] {logging_mixin.py:188} INFO - [2025-04-08T05:55:34.357+0000] {dag.py:3036} INFO - Sync 1 DAGs
[2025-04-08T05:55:34.370+0000] {logging_mixin.py:188} INFO - [2025-04-08T05:55:34.370+0000] {dag.py:3823} INFO - Setting next_dagrun for tutorial_dag to None, run_after=None
[2025-04-08T05:55:34.422+0000] {processor.py:183} INFO - Processing /home/airflow/.local/lib/python3.8/site-packages/airflow/example_dags/tutorial_dag.py took 0.097 seconds
[2025-04-08T05:56:05.888+0000] {processor.py:161} INFO - Started process (PID=279) to work on /home/airflow/.local/lib/python3.8/site-packages/airflow/example_dags/tutorial_dag.py
[2025-04-08T05:56:05.890+0000] {processor.py:830} INFO - Processing file /home/airflow/.local/lib/python3.8/site-packages/airflow/example_dags/tutorial_dag.py for tasks to queue
[2025-04-08T05:56:05.892+0000] {logging_mixin.py:188} INFO - [2025-04-08T05:56:05.891+0000] {dagbag.py:538} INFO - Filling up the DagBag from /home/airflow/.local/lib/python3.8/site-packages/airflow/example_dags/tutorial_dag.py
[2025-04-08T05:56:05.898+0000] {processor.py:840} INFO - DAG(s) 'tutorial_dag' retrieved from /home/airflow/.local/lib/python3.8/site-packages/airflow/example_dags/tutorial_dag.py
[2025-04-08T05:56:05.921+0000] {logging_mixin.py:188} INFO - [2025-04-08T05:56:05.921+0000] {dag.py:3036} INFO - Sync 1 DAGs
[2025-04-08T05:56:05.934+0000] {logging_mixin.py:188} INFO - [2025-04-08T05:56:05.934+0000] {dag.py:3823} INFO - Setting next_dagrun for tutorial_dag to None, run_after=None
[2025-04-08T05:56:05.986+0000] {processor.py:183} INFO - Processing /home/airflow/.local/lib/python3.8/site-packages/airflow/example_dags/tutorial_dag.py took 0.101 seconds
[2025-04-08T05:56:36.342+0000] {processor.py:161} INFO - Started process (PID=334) to work on /home/airflow/.local/lib/python3.8/site-packages/airflow/example_dags/tutorial_dag.py
[2025-04-08T05:56:36.346+0000] {processor.py:830} INFO - Processing file /home/airflow/.local/lib/python3.8/site-packages/airflow/example_dags/tutorial_dag.py for tasks to queue
[2025-04-08T05:56:36.350+0000] {logging_mixin.py:188} INFO - [2025-04-08T05:56:36.349+0000] {dagbag.py:538} INFO - Filling up the DagBag from /home/airflow/.local/lib/python3.8/site-packages/airflow/example_dags/tutorial_dag.py
[2025-04-08T05:56:36.357+0000] {processor.py:840} INFO - DAG(s) 'tutorial_dag' retrieved from /home/airflow/.local/lib/python3.8/site-packages/airflow/example_dags/tutorial_dag.py
[2025-04-08T05:56:36.378+0000] {logging_mixin.py:188} INFO - [2025-04-08T05:56:36.378+0000] {dag.py:3036} INFO - Sync 1 DAGs
[2025-04-08T05:56:36.402+0000] {logging_mixin.py:188} INFO - [2025-04-08T05:56:36.401+0000] {dag.py:3823} INFO - Setting next_dagrun for tutorial_dag to None, run_after=None
[2025-04-08T05:56:36.473+0000] {processor.py:183} INFO - Processing /home/airflow/.local/lib/python3.8/site-packages/airflow/example_dags/tutorial_dag.py took 0.137 seconds
[2025-04-08T05:57:06.509+0000] {processor.py:161} INFO - Started process (PID=388) to work on /home/airflow/.local/lib/python3.8/site-packages/airflow/example_dags/tutorial_dag.py
[2025-04-08T05:57:06.511+0000] {processor.py:830} INFO - Processing file /home/airflow/.local/lib/python3.8/site-packages/airflow/example_dags/tutorial_dag.py for tasks to queue
[2025-04-08T05:57:06.512+0000] {logging_mixin.py:188} INFO - [2025-04-08T05:57:06.512+0000] {dagbag.py:538} INFO - Filling up the DagBag from /home/airflow/.local/lib/python3.8/site-packages/airflow/example_dags/tutorial_dag.py
[2025-04-08T05:57:06.519+0000] {processor.py:840} INFO - DAG(s) 'tutorial_dag' retrieved from /home/airflow/.local/lib/python3.8/site-packages/airflow/example_dags/tutorial_dag.py
[2025-04-08T05:57:06.540+0000] {logging_mixin.py:188} INFO - [2025-04-08T05:57:06.540+0000] {dag.py:3036} INFO - Sync 1 DAGs
[2025-04-08T05:57:06.552+0000] {logging_mixin.py:188} INFO - [2025-04-08T05:57:06.552+0000] {dag.py:3823} INFO - Setting next_dagrun for tutorial_dag to None, run_after=None
[2025-04-08T05:57:06.659+0000] {processor.py:183} INFO - Processing /home/airflow/.local/lib/python3.8/site-packages/airflow/example_dags/tutorial_dag.py took 0.152 seconds
[2025-04-08T05:57:36.796+0000] {processor.py:161} INFO - Started process (PID=443) to work on /home/airflow/.local/lib/python3.8/site-packages/airflow/example_dags/tutorial_dag.py
[2025-04-08T05:57:36.797+0000] {processor.py:830} INFO - Processing file /home/airflow/.local/lib/python3.8/site-packages/airflow/example_dags/tutorial_dag.py for tasks to queue
[2025-04-08T05:57:36.799+0000] {logging_mixin.py:188} INFO - [2025-04-08T05:57:36.799+0000] {dagbag.py:538} INFO - Filling up the DagBag from /home/airflow/.local/lib/python3.8/site-packages/airflow/example_dags/tutorial_dag.py
[2025-04-08T05:57:36.804+0000] {processor.py:840} INFO - DAG(s) 'tutorial_dag' retrieved from /home/airflow/.local/lib/python3.8/site-packages/airflow/example_dags/tutorial_dag.py
[2025-04-08T05:57:36.825+0000] {logging_mixin.py:188} INFO - [2025-04-08T05:57:36.824+0000] {dag.py:3036} INFO - Sync 1 DAGs
[2025-04-08T05:57:36.836+0000] {logging_mixin.py:188} INFO - [2025-04-08T05:57:36.836+0000] {dag.py:3823} INFO - Setting next_dagrun for tutorial_dag to None, run_after=None
[2025-04-08T05:57:36.895+0000] {processor.py:183} INFO - Processing /home/airflow/.local/lib/python3.8/site-packages/airflow/example_dags/tutorial_dag.py took 0.102 seconds
[2025-04-08T05:58:07.756+0000] {processor.py:161} INFO - Started process (PID=499) to work on /home/airflow/.local/lib/python3.8/site-packages/airflow/example_dags/tutorial_dag.py
[2025-04-08T05:58:07.757+0000] {processor.py:830} INFO - Processing file /home/airflow/.local/lib/python3.8/site-packages/airflow/example_dags/tutorial_dag.py for tasks to queue
[2025-04-08T05:58:07.759+0000] {logging_mixin.py:188} INFO - [2025-04-08T05:58:07.758+0000] {dagbag.py:538} INFO - Filling up the DagBag from /home/airflow/.local/lib/python3.8/site-packages/airflow/example_dags/tutorial_dag.py
[2025-04-08T05:58:07.764+0000] {processor.py:840} INFO - DAG(s) 'tutorial_dag' retrieved from /home/airflow/.local/lib/python3.8/site-packages/airflow/example_dags/tutorial_dag.py
[2025-04-08T05:58:07.785+0000] {logging_mixin.py:188} INFO - [2025-04-08T05:58:07.785+0000] {dag.py:3036} INFO - Sync 1 DAGs
[2025-04-08T05:58:07.799+0000] {logging_mixin.py:188} INFO - [2025-04-08T05:58:07.798+0000] {dag.py:3823} INFO - Setting next_dagrun for tutorial_dag to None, run_after=None
[2025-04-08T05:58:07.914+0000] {processor.py:183} INFO - Processing /home/airflow/.local/lib/python3.8/site-packages/airflow/example_dags/tutorial_dag.py took 0.161 seconds
[2025-04-08T05:58:38.756+0000] {processor.py:161} INFO - Started process (PID=554) to work on /home/airflow/.local/lib/python3.8/site-packages/airflow/example_dags/tutorial_dag.py
[2025-04-08T05:58:38.757+0000] {processor.py:830} INFO - Processing file /home/airflow/.local/lib/python3.8/site-packages/airflow/example_dags/tutorial_dag.py for tasks to queue
[2025-04-08T05:58:38.760+0000] {logging_mixin.py:188} INFO - [2025-04-08T05:58:38.759+0000] {dagbag.py:538} INFO - Filling up the DagBag from /home/airflow/.local/lib/python3.8/site-packages/airflow/example_dags/tutorial_dag.py
[2025-04-08T05:58:38.767+0000] {processor.py:840} INFO - DAG(s) 'tutorial_dag' retrieved from /home/airflow/.local/lib/python3.8/site-packages/airflow/example_dags/tutorial_dag.py
[2025-04-08T05:58:38.817+0000] {logging_mixin.py:188} INFO - [2025-04-08T05:58:38.816+0000] {dag.py:3036} INFO - Sync 1 DAGs
[2025-04-08T05:58:38.845+0000] {logging_mixin.py:188} INFO - [2025-04-08T05:58:38.844+0000] {dag.py:3823} INFO - Setting next_dagrun for tutorial_dag to None, run_after=None
[2025-04-08T05:58:38.936+0000] {processor.py:183} INFO - Processing /home/airflow/.local/lib/python3.8/site-packages/airflow/example_dags/tutorial_dag.py took 0.184 seconds
