[2025-04-08T05:44:55.918+0000] {processor.py:161} INFO - Started process (PID=101) to work on /home/airflow/.local/lib/python3.8/site-packages/airflow/example_dags/tutorial_taskflow_api.py
[2025-04-08T05:44:55.919+0000] {processor.py:830} INFO - Processing file /home/airflow/.local/lib/python3.8/site-packages/airflow/example_dags/tutorial_taskflow_api.py for tasks to queue
[2025-04-08T05:44:55.921+0000] {logging_mixin.py:188} INFO - [2025-04-08T05:44:55.921+0000] {dagbag.py:538} INFO - Filling up the DagBag from /home/airflow/.local/lib/python3.8/site-packages/airflow/example_dags/tutorial_taskflow_api.py
[2025-04-08T05:44:55.927+0000] {processor.py:840} INFO - DAG(s) 'tutorial_taskflow_api' retrieved from /home/airflow/.local/lib/python3.8/site-packages/airflow/example_dags/tutorial_taskflow_api.py
[2025-04-08T05:44:56.047+0000] {logging_mixin.py:188} INFO - [2025-04-08T05:44:56.046+0000] {dag.py:3036} INFO - Sync 1 DAGs
[2025-04-08T05:44:56.057+0000] {logging_mixin.py:188} INFO - [2025-04-08T05:44:56.057+0000] {dag.py:3823} INFO - Setting next_dagrun for tutorial_taskflow_api to None, run_after=None
[2025-04-08T05:44:56.117+0000] {processor.py:183} INFO - Processing /home/airflow/.local/lib/python3.8/site-packages/airflow/example_dags/tutorial_taskflow_api.py took 0.201 seconds
[2025-04-08T05:45:27.371+0000] {processor.py:161} INFO - Started process (PID=156) to work on /home/airflow/.local/lib/python3.8/site-packages/airflow/example_dags/tutorial_taskflow_api.py
[2025-04-08T05:45:27.373+0000] {processor.py:830} INFO - Processing file /home/airflow/.local/lib/python3.8/site-packages/airflow/example_dags/tutorial_taskflow_api.py for tasks to queue
[2025-04-08T05:45:27.375+0000] {logging_mixin.py:188} INFO - [2025-04-08T05:45:27.375+0000] {dagbag.py:538} INFO - Filling up the DagBag from /home/airflow/.local/lib/python3.8/site-packages/airflow/example_dags/tutorial_taskflow_api.py
[2025-04-08T05:45:27.383+0000] {processor.py:840} INFO - DAG(s) 'tutorial_taskflow_api' retrieved from /home/airflow/.local/lib/python3.8/site-packages/airflow/example_dags/tutorial_taskflow_api.py
[2025-04-08T05:45:27.408+0000] {logging_mixin.py:188} INFO - [2025-04-08T05:45:27.407+0000] {dag.py:3036} INFO - Sync 1 DAGs
[2025-04-08T05:45:27.421+0000] {logging_mixin.py:188} INFO - [2025-04-08T05:45:27.421+0000] {dag.py:3823} INFO - Setting next_dagrun for tutorial_taskflow_api to None, run_after=None
[2025-04-08T05:45:27.497+0000] {processor.py:183} INFO - Processing /home/airflow/.local/lib/python3.8/site-packages/airflow/example_dags/tutorial_taskflow_api.py took 0.129 seconds
[2025-04-08T05:46:00.373+0000] {processor.py:161} INFO - Started process (PID=211) to work on /home/airflow/.local/lib/python3.8/site-packages/airflow/example_dags/tutorial_taskflow_api.py
[2025-04-08T05:46:00.374+0000] {processor.py:830} INFO - Processing file /home/airflow/.local/lib/python3.8/site-packages/airflow/example_dags/tutorial_taskflow_api.py for tasks to queue
[2025-04-08T05:46:00.376+0000] {logging_mixin.py:188} INFO - [2025-04-08T05:46:00.376+0000] {dagbag.py:538} INFO - Filling up the DagBag from /home/airflow/.local/lib/python3.8/site-packages/airflow/example_dags/tutorial_taskflow_api.py
[2025-04-08T05:46:00.383+0000] {processor.py:840} INFO - DAG(s) 'tutorial_taskflow_api' retrieved from /home/airflow/.local/lib/python3.8/site-packages/airflow/example_dags/tutorial_taskflow_api.py
[2025-04-08T05:46:00.406+0000] {logging_mixin.py:188} INFO - [2025-04-08T05:46:00.406+0000] {dag.py:3036} INFO - Sync 1 DAGs
[2025-04-08T05:46:00.418+0000] {logging_mixin.py:188} INFO - [2025-04-08T05:46:00.418+0000] {dag.py:3823} INFO - Setting next_dagrun for tutorial_taskflow_api to None, run_after=None
[2025-04-08T05:46:00.476+0000] {processor.py:183} INFO - Processing /home/airflow/.local/lib/python3.8/site-packages/airflow/example_dags/tutorial_taskflow_api.py took 0.106 seconds
[2025-04-08T05:46:30.736+0000] {processor.py:161} INFO - Started process (PID=266) to work on /home/airflow/.local/lib/python3.8/site-packages/airflow/example_dags/tutorial_taskflow_api.py
[2025-04-08T05:46:30.737+0000] {processor.py:830} INFO - Processing file /home/airflow/.local/lib/python3.8/site-packages/airflow/example_dags/tutorial_taskflow_api.py for tasks to queue
[2025-04-08T05:46:30.740+0000] {logging_mixin.py:188} INFO - [2025-04-08T05:46:30.739+0000] {dagbag.py:538} INFO - Filling up the DagBag from /home/airflow/.local/lib/python3.8/site-packages/airflow/example_dags/tutorial_taskflow_api.py
[2025-04-08T05:46:30.747+0000] {processor.py:840} INFO - DAG(s) 'tutorial_taskflow_api' retrieved from /home/airflow/.local/lib/python3.8/site-packages/airflow/example_dags/tutorial_taskflow_api.py
[2025-04-08T05:46:30.775+0000] {logging_mixin.py:188} INFO - [2025-04-08T05:46:30.775+0000] {dag.py:3036} INFO - Sync 1 DAGs
[2025-04-08T05:46:30.792+0000] {logging_mixin.py:188} INFO - [2025-04-08T05:46:30.792+0000] {dag.py:3823} INFO - Setting next_dagrun for tutorial_taskflow_api to None, run_after=None
[2025-04-08T05:46:30.951+0000] {processor.py:183} INFO - Processing /home/airflow/.local/lib/python3.8/site-packages/airflow/example_dags/tutorial_taskflow_api.py took 0.220 seconds
[2025-04-08T05:47:01.064+0000] {processor.py:161} INFO - Started process (PID=315) to work on /home/airflow/.local/lib/python3.8/site-packages/airflow/example_dags/tutorial_taskflow_api.py
[2025-04-08T05:47:01.065+0000] {processor.py:830} INFO - Processing file /home/airflow/.local/lib/python3.8/site-packages/airflow/example_dags/tutorial_taskflow_api.py for tasks to queue
[2025-04-08T05:47:01.067+0000] {logging_mixin.py:188} INFO - [2025-04-08T05:47:01.066+0000] {dagbag.py:538} INFO - Filling up the DagBag from /home/airflow/.local/lib/python3.8/site-packages/airflow/example_dags/tutorial_taskflow_api.py
[2025-04-08T05:47:01.072+0000] {processor.py:840} INFO - DAG(s) 'tutorial_taskflow_api' retrieved from /home/airflow/.local/lib/python3.8/site-packages/airflow/example_dags/tutorial_taskflow_api.py
[2025-04-08T05:47:01.091+0000] {logging_mixin.py:188} INFO - [2025-04-08T05:47:01.091+0000] {dag.py:3036} INFO - Sync 1 DAGs
[2025-04-08T05:47:01.103+0000] {logging_mixin.py:188} INFO - [2025-04-08T05:47:01.103+0000] {dag.py:3823} INFO - Setting next_dagrun for tutorial_taskflow_api to None, run_after=None
[2025-04-08T05:47:01.159+0000] {processor.py:183} INFO - Processing /home/airflow/.local/lib/python3.8/site-packages/airflow/example_dags/tutorial_taskflow_api.py took 0.098 seconds
[2025-04-08T05:47:31.192+0000] {processor.py:161} INFO - Started process (PID=370) to work on /home/airflow/.local/lib/python3.8/site-packages/airflow/example_dags/tutorial_taskflow_api.py
[2025-04-08T05:47:31.194+0000] {processor.py:830} INFO - Processing file /home/airflow/.local/lib/python3.8/site-packages/airflow/example_dags/tutorial_taskflow_api.py for tasks to queue
[2025-04-08T05:47:31.196+0000] {logging_mixin.py:188} INFO - [2025-04-08T05:47:31.196+0000] {dagbag.py:538} INFO - Filling up the DagBag from /home/airflow/.local/lib/python3.8/site-packages/airflow/example_dags/tutorial_taskflow_api.py
[2025-04-08T05:47:31.203+0000] {processor.py:840} INFO - DAG(s) 'tutorial_taskflow_api' retrieved from /home/airflow/.local/lib/python3.8/site-packages/airflow/example_dags/tutorial_taskflow_api.py
[2025-04-08T05:47:31.228+0000] {logging_mixin.py:188} INFO - [2025-04-08T05:47:31.228+0000] {dag.py:3036} INFO - Sync 1 DAGs
[2025-04-08T05:47:31.243+0000] {logging_mixin.py:188} INFO - [2025-04-08T05:47:31.242+0000] {dag.py:3823} INFO - Setting next_dagrun for tutorial_taskflow_api to None, run_after=None
[2025-04-08T05:47:31.305+0000] {processor.py:183} INFO - Processing /home/airflow/.local/lib/python3.8/site-packages/airflow/example_dags/tutorial_taskflow_api.py took 0.116 seconds
[2025-04-08T05:48:01.637+0000] {processor.py:161} INFO - Started process (PID=425) to work on /home/airflow/.local/lib/python3.8/site-packages/airflow/example_dags/tutorial_taskflow_api.py
[2025-04-08T05:48:01.638+0000] {processor.py:830} INFO - Processing file /home/airflow/.local/lib/python3.8/site-packages/airflow/example_dags/tutorial_taskflow_api.py for tasks to queue
[2025-04-08T05:48:01.639+0000] {logging_mixin.py:188} INFO - [2025-04-08T05:48:01.639+0000] {dagbag.py:538} INFO - Filling up the DagBag from /home/airflow/.local/lib/python3.8/site-packages/airflow/example_dags/tutorial_taskflow_api.py
[2025-04-08T05:48:01.645+0000] {processor.py:840} INFO - DAG(s) 'tutorial_taskflow_api' retrieved from /home/airflow/.local/lib/python3.8/site-packages/airflow/example_dags/tutorial_taskflow_api.py
[2025-04-08T05:48:01.667+0000] {logging_mixin.py:188} INFO - [2025-04-08T05:48:01.667+0000] {dag.py:3036} INFO - Sync 1 DAGs
[2025-04-08T05:48:01.682+0000] {logging_mixin.py:188} INFO - [2025-04-08T05:48:01.682+0000] {dag.py:3823} INFO - Setting next_dagrun for tutorial_taskflow_api to None, run_after=None
[2025-04-08T05:48:01.740+0000] {processor.py:183} INFO - Processing /home/airflow/.local/lib/python3.8/site-packages/airflow/example_dags/tutorial_taskflow_api.py took 0.106 seconds
[2025-04-08T05:48:32.361+0000] {processor.py:161} INFO - Started process (PID=480) to work on /home/airflow/.local/lib/python3.8/site-packages/airflow/example_dags/tutorial_taskflow_api.py
[2025-04-08T05:48:32.362+0000] {processor.py:830} INFO - Processing file /home/airflow/.local/lib/python3.8/site-packages/airflow/example_dags/tutorial_taskflow_api.py for tasks to queue
[2025-04-08T05:48:32.363+0000] {logging_mixin.py:188} INFO - [2025-04-08T05:48:32.363+0000] {dagbag.py:538} INFO - Filling up the DagBag from /home/airflow/.local/lib/python3.8/site-packages/airflow/example_dags/tutorial_taskflow_api.py
[2025-04-08T05:48:32.369+0000] {processor.py:840} INFO - DAG(s) 'tutorial_taskflow_api' retrieved from /home/airflow/.local/lib/python3.8/site-packages/airflow/example_dags/tutorial_taskflow_api.py
[2025-04-08T05:48:32.393+0000] {logging_mixin.py:188} INFO - [2025-04-08T05:48:32.393+0000] {dag.py:3036} INFO - Sync 1 DAGs
[2025-04-08T05:48:32.408+0000] {logging_mixin.py:188} INFO - [2025-04-08T05:48:32.407+0000] {dag.py:3823} INFO - Setting next_dagrun for tutorial_taskflow_api to None, run_after=None
[2025-04-08T05:48:32.488+0000] {processor.py:183} INFO - Processing /home/airflow/.local/lib/python3.8/site-packages/airflow/example_dags/tutorial_taskflow_api.py took 0.130 seconds
[2025-04-08T05:49:03.120+0000] {processor.py:161} INFO - Started process (PID=535) to work on /home/airflow/.local/lib/python3.8/site-packages/airflow/example_dags/tutorial_taskflow_api.py
[2025-04-08T05:49:03.121+0000] {processor.py:830} INFO - Processing file /home/airflow/.local/lib/python3.8/site-packages/airflow/example_dags/tutorial_taskflow_api.py for tasks to queue
[2025-04-08T05:49:03.124+0000] {logging_mixin.py:188} INFO - [2025-04-08T05:49:03.123+0000] {dagbag.py:538} INFO - Filling up the DagBag from /home/airflow/.local/lib/python3.8/site-packages/airflow/example_dags/tutorial_taskflow_api.py
[2025-04-08T05:49:03.133+0000] {processor.py:840} INFO - DAG(s) 'tutorial_taskflow_api' retrieved from /home/airflow/.local/lib/python3.8/site-packages/airflow/example_dags/tutorial_taskflow_api.py
[2025-04-08T05:49:03.159+0000] {logging_mixin.py:188} INFO - [2025-04-08T05:49:03.159+0000] {dag.py:3036} INFO - Sync 1 DAGs
[2025-04-08T05:49:03.174+0000] {logging_mixin.py:188} INFO - [2025-04-08T05:49:03.174+0000] {dag.py:3823} INFO - Setting next_dagrun for tutorial_taskflow_api to None, run_after=None
[2025-04-08T05:49:03.267+0000] {processor.py:183} INFO - Processing /home/airflow/.local/lib/python3.8/site-packages/airflow/example_dags/tutorial_taskflow_api.py took 0.152 seconds
[2025-04-08T05:49:33.942+0000] {processor.py:161} INFO - Started process (PID=590) to work on /home/airflow/.local/lib/python3.8/site-packages/airflow/example_dags/tutorial_taskflow_api.py
[2025-04-08T05:49:33.943+0000] {processor.py:830} INFO - Processing file /home/airflow/.local/lib/python3.8/site-packages/airflow/example_dags/tutorial_taskflow_api.py for tasks to queue
[2025-04-08T05:49:33.945+0000] {logging_mixin.py:188} INFO - [2025-04-08T05:49:33.945+0000] {dagbag.py:538} INFO - Filling up the DagBag from /home/airflow/.local/lib/python3.8/site-packages/airflow/example_dags/tutorial_taskflow_api.py
[2025-04-08T05:49:33.951+0000] {processor.py:840} INFO - DAG(s) 'tutorial_taskflow_api' retrieved from /home/airflow/.local/lib/python3.8/site-packages/airflow/example_dags/tutorial_taskflow_api.py
[2025-04-08T05:49:33.969+0000] {logging_mixin.py:188} INFO - [2025-04-08T05:49:33.969+0000] {dag.py:3036} INFO - Sync 1 DAGs
[2025-04-08T05:49:33.981+0000] {logging_mixin.py:188} INFO - [2025-04-08T05:49:33.981+0000] {dag.py:3823} INFO - Setting next_dagrun for tutorial_taskflow_api to None, run_after=None
[2025-04-08T05:49:34.030+0000] {processor.py:183} INFO - Processing /home/airflow/.local/lib/python3.8/site-packages/airflow/example_dags/tutorial_taskflow_api.py took 0.090 seconds
[2025-04-08T05:50:08.095+0000] {processor.py:161} INFO - Started process (PID=645) to work on /home/airflow/.local/lib/python3.8/site-packages/airflow/example_dags/tutorial_taskflow_api.py
[2025-04-08T05:50:08.097+0000] {processor.py:830} INFO - Processing file /home/airflow/.local/lib/python3.8/site-packages/airflow/example_dags/tutorial_taskflow_api.py for tasks to queue
[2025-04-08T05:50:08.098+0000] {logging_mixin.py:188} INFO - [2025-04-08T05:50:08.098+0000] {dagbag.py:538} INFO - Filling up the DagBag from /home/airflow/.local/lib/python3.8/site-packages/airflow/example_dags/tutorial_taskflow_api.py
[2025-04-08T05:50:08.104+0000] {processor.py:840} INFO - DAG(s) 'tutorial_taskflow_api' retrieved from /home/airflow/.local/lib/python3.8/site-packages/airflow/example_dags/tutorial_taskflow_api.py
[2025-04-08T05:50:08.123+0000] {logging_mixin.py:188} INFO - [2025-04-08T05:50:08.123+0000] {dag.py:3036} INFO - Sync 1 DAGs
[2025-04-08T05:50:08.136+0000] {logging_mixin.py:188} INFO - [2025-04-08T05:50:08.135+0000] {dag.py:3823} INFO - Setting next_dagrun for tutorial_taskflow_api to None, run_after=None
[2025-04-08T05:50:08.184+0000] {processor.py:183} INFO - Processing /home/airflow/.local/lib/python3.8/site-packages/airflow/example_dags/tutorial_taskflow_api.py took 0.091 seconds
[2025-04-08T05:50:42.751+0000] {processor.py:161} INFO - Started process (PID=700) to work on /home/airflow/.local/lib/python3.8/site-packages/airflow/example_dags/tutorial_taskflow_api.py
[2025-04-08T05:50:42.752+0000] {processor.py:830} INFO - Processing file /home/airflow/.local/lib/python3.8/site-packages/airflow/example_dags/tutorial_taskflow_api.py for tasks to queue
[2025-04-08T05:50:42.754+0000] {logging_mixin.py:188} INFO - [2025-04-08T05:50:42.754+0000] {dagbag.py:538} INFO - Filling up the DagBag from /home/airflow/.local/lib/python3.8/site-packages/airflow/example_dags/tutorial_taskflow_api.py
[2025-04-08T05:50:42.762+0000] {processor.py:840} INFO - DAG(s) 'tutorial_taskflow_api' retrieved from /home/airflow/.local/lib/python3.8/site-packages/airflow/example_dags/tutorial_taskflow_api.py
[2025-04-08T05:50:42.789+0000] {logging_mixin.py:188} INFO - [2025-04-08T05:50:42.789+0000] {dag.py:3036} INFO - Sync 1 DAGs
[2025-04-08T05:50:42.805+0000] {logging_mixin.py:188} INFO - [2025-04-08T05:50:42.805+0000] {dag.py:3823} INFO - Setting next_dagrun for tutorial_taskflow_api to None, run_after=None
[2025-04-08T05:50:42.862+0000] {processor.py:183} INFO - Processing /home/airflow/.local/lib/python3.8/site-packages/airflow/example_dags/tutorial_taskflow_api.py took 0.113 seconds
[2025-04-08T05:54:06.505+0000] {processor.py:161} INFO - Started process (PID=90) to work on /home/airflow/.local/lib/python3.8/site-packages/airflow/example_dags/tutorial_taskflow_api.py
[2025-04-08T05:54:06.506+0000] {processor.py:830} INFO - Processing file /home/airflow/.local/lib/python3.8/site-packages/airflow/example_dags/tutorial_taskflow_api.py for tasks to queue
[2025-04-08T05:54:06.508+0000] {logging_mixin.py:188} INFO - [2025-04-08T05:54:06.507+0000] {dagbag.py:538} INFO - Filling up the DagBag from /home/airflow/.local/lib/python3.8/site-packages/airflow/example_dags/tutorial_taskflow_api.py
[2025-04-08T05:54:06.515+0000] {processor.py:840} INFO - DAG(s) 'tutorial_taskflow_api' retrieved from /home/airflow/.local/lib/python3.8/site-packages/airflow/example_dags/tutorial_taskflow_api.py
[2025-04-08T05:54:06.626+0000] {logging_mixin.py:188} INFO - [2025-04-08T05:54:06.626+0000] {dag.py:3036} INFO - Sync 1 DAGs
[2025-04-08T05:54:06.637+0000] {logging_mixin.py:188} INFO - [2025-04-08T05:54:06.637+0000] {dag.py:3823} INFO - Setting next_dagrun for tutorial_taskflow_api to None, run_after=None
[2025-04-08T05:54:06.691+0000] {processor.py:183} INFO - Processing /home/airflow/.local/lib/python3.8/site-packages/airflow/example_dags/tutorial_taskflow_api.py took 0.189 seconds
[2025-04-08T05:54:37.172+0000] {processor.py:161} INFO - Started process (PID=146) to work on /home/airflow/.local/lib/python3.8/site-packages/airflow/example_dags/tutorial_taskflow_api.py
[2025-04-08T05:54:37.173+0000] {processor.py:830} INFO - Processing file /home/airflow/.local/lib/python3.8/site-packages/airflow/example_dags/tutorial_taskflow_api.py for tasks to queue
[2025-04-08T05:54:37.175+0000] {logging_mixin.py:188} INFO - [2025-04-08T05:54:37.175+0000] {dagbag.py:538} INFO - Filling up the DagBag from /home/airflow/.local/lib/python3.8/site-packages/airflow/example_dags/tutorial_taskflow_api.py
[2025-04-08T05:54:37.181+0000] {processor.py:840} INFO - DAG(s) 'tutorial_taskflow_api' retrieved from /home/airflow/.local/lib/python3.8/site-packages/airflow/example_dags/tutorial_taskflow_api.py
[2025-04-08T05:54:37.203+0000] {logging_mixin.py:188} INFO - [2025-04-08T05:54:37.203+0000] {dag.py:3036} INFO - Sync 1 DAGs
[2025-04-08T05:54:37.220+0000] {logging_mixin.py:188} INFO - [2025-04-08T05:54:37.220+0000] {dag.py:3823} INFO - Setting next_dagrun for tutorial_taskflow_api to None, run_after=None
[2025-04-08T05:54:37.273+0000] {processor.py:183} INFO - Processing /home/airflow/.local/lib/python3.8/site-packages/airflow/example_dags/tutorial_taskflow_api.py took 0.103 seconds
[2025-04-08T05:55:08.162+0000] {processor.py:161} INFO - Started process (PID=195) to work on /home/airflow/.local/lib/python3.8/site-packages/airflow/example_dags/tutorial_taskflow_api.py
[2025-04-08T05:55:08.163+0000] {processor.py:830} INFO - Processing file /home/airflow/.local/lib/python3.8/site-packages/airflow/example_dags/tutorial_taskflow_api.py for tasks to queue
[2025-04-08T05:55:08.165+0000] {logging_mixin.py:188} INFO - [2025-04-08T05:55:08.165+0000] {dagbag.py:538} INFO - Filling up the DagBag from /home/airflow/.local/lib/python3.8/site-packages/airflow/example_dags/tutorial_taskflow_api.py
[2025-04-08T05:55:08.171+0000] {processor.py:840} INFO - DAG(s) 'tutorial_taskflow_api' retrieved from /home/airflow/.local/lib/python3.8/site-packages/airflow/example_dags/tutorial_taskflow_api.py
[2025-04-08T05:55:08.195+0000] {logging_mixin.py:188} INFO - [2025-04-08T05:55:08.194+0000] {dag.py:3036} INFO - Sync 1 DAGs
[2025-04-08T05:55:08.212+0000] {logging_mixin.py:188} INFO - [2025-04-08T05:55:08.212+0000] {dag.py:3823} INFO - Setting next_dagrun for tutorial_taskflow_api to None, run_after=None
[2025-04-08T05:55:08.304+0000] {processor.py:183} INFO - Processing /home/airflow/.local/lib/python3.8/site-packages/airflow/example_dags/tutorial_taskflow_api.py took 0.144 seconds
[2025-04-08T05:55:38.630+0000] {processor.py:161} INFO - Started process (PID=250) to work on /home/airflow/.local/lib/python3.8/site-packages/airflow/example_dags/tutorial_taskflow_api.py
[2025-04-08T05:55:38.631+0000] {processor.py:830} INFO - Processing file /home/airflow/.local/lib/python3.8/site-packages/airflow/example_dags/tutorial_taskflow_api.py for tasks to queue
[2025-04-08T05:55:38.633+0000] {logging_mixin.py:188} INFO - [2025-04-08T05:55:38.633+0000] {dagbag.py:538} INFO - Filling up the DagBag from /home/airflow/.local/lib/python3.8/site-packages/airflow/example_dags/tutorial_taskflow_api.py
[2025-04-08T05:55:38.640+0000] {processor.py:840} INFO - DAG(s) 'tutorial_taskflow_api' retrieved from /home/airflow/.local/lib/python3.8/site-packages/airflow/example_dags/tutorial_taskflow_api.py
[2025-04-08T05:55:38.669+0000] {logging_mixin.py:188} INFO - [2025-04-08T05:55:38.669+0000] {dag.py:3036} INFO - Sync 1 DAGs
[2025-04-08T05:55:38.684+0000] {logging_mixin.py:188} INFO - [2025-04-08T05:55:38.683+0000] {dag.py:3823} INFO - Setting next_dagrun for tutorial_taskflow_api to None, run_after=None
[2025-04-08T05:55:38.737+0000] {processor.py:183} INFO - Processing /home/airflow/.local/lib/python3.8/site-packages/airflow/example_dags/tutorial_taskflow_api.py took 0.110 seconds
[2025-04-08T05:56:08.923+0000] {processor.py:161} INFO - Started process (PID=305) to work on /home/airflow/.local/lib/python3.8/site-packages/airflow/example_dags/tutorial_taskflow_api.py
[2025-04-08T05:56:08.925+0000] {processor.py:830} INFO - Processing file /home/airflow/.local/lib/python3.8/site-packages/airflow/example_dags/tutorial_taskflow_api.py for tasks to queue
[2025-04-08T05:56:08.926+0000] {logging_mixin.py:188} INFO - [2025-04-08T05:56:08.926+0000] {dagbag.py:538} INFO - Filling up the DagBag from /home/airflow/.local/lib/python3.8/site-packages/airflow/example_dags/tutorial_taskflow_api.py
[2025-04-08T05:56:08.933+0000] {processor.py:840} INFO - DAG(s) 'tutorial_taskflow_api' retrieved from /home/airflow/.local/lib/python3.8/site-packages/airflow/example_dags/tutorial_taskflow_api.py
[2025-04-08T05:56:08.955+0000] {logging_mixin.py:188} INFO - [2025-04-08T05:56:08.954+0000] {dag.py:3036} INFO - Sync 1 DAGs
[2025-04-08T05:56:08.970+0000] {logging_mixin.py:188} INFO - [2025-04-08T05:56:08.970+0000] {dag.py:3823} INFO - Setting next_dagrun for tutorial_taskflow_api to None, run_after=None
[2025-04-08T05:56:09.029+0000] {processor.py:183} INFO - Processing /home/airflow/.local/lib/python3.8/site-packages/airflow/example_dags/tutorial_taskflow_api.py took 0.108 seconds
[2025-04-08T05:56:42.925+0000] {processor.py:161} INFO - Started process (PID=360) to work on /home/airflow/.local/lib/python3.8/site-packages/airflow/example_dags/tutorial_taskflow_api.py
[2025-04-08T05:56:42.927+0000] {processor.py:830} INFO - Processing file /home/airflow/.local/lib/python3.8/site-packages/airflow/example_dags/tutorial_taskflow_api.py for tasks to queue
[2025-04-08T05:56:42.928+0000] {logging_mixin.py:188} INFO - [2025-04-08T05:56:42.928+0000] {dagbag.py:538} INFO - Filling up the DagBag from /home/airflow/.local/lib/python3.8/site-packages/airflow/example_dags/tutorial_taskflow_api.py
[2025-04-08T05:56:42.936+0000] {processor.py:840} INFO - DAG(s) 'tutorial_taskflow_api' retrieved from /home/airflow/.local/lib/python3.8/site-packages/airflow/example_dags/tutorial_taskflow_api.py
[2025-04-08T05:56:42.956+0000] {logging_mixin.py:188} INFO - [2025-04-08T05:56:42.956+0000] {dag.py:3036} INFO - Sync 1 DAGs
[2025-04-08T05:56:42.968+0000] {logging_mixin.py:188} INFO - [2025-04-08T05:56:42.968+0000] {dag.py:3823} INFO - Setting next_dagrun for tutorial_taskflow_api to None, run_after=None
[2025-04-08T05:56:43.050+0000] {processor.py:183} INFO - Processing /home/airflow/.local/lib/python3.8/site-packages/airflow/example_dags/tutorial_taskflow_api.py took 0.127 seconds
[2025-04-08T05:57:16.815+0000] {processor.py:161} INFO - Started process (PID=415) to work on /home/airflow/.local/lib/python3.8/site-packages/airflow/example_dags/tutorial_taskflow_api.py
[2025-04-08T05:57:16.816+0000] {processor.py:830} INFO - Processing file /home/airflow/.local/lib/python3.8/site-packages/airflow/example_dags/tutorial_taskflow_api.py for tasks to queue
[2025-04-08T05:57:16.818+0000] {logging_mixin.py:188} INFO - [2025-04-08T05:57:16.818+0000] {dagbag.py:538} INFO - Filling up the DagBag from /home/airflow/.local/lib/python3.8/site-packages/airflow/example_dags/tutorial_taskflow_api.py
[2025-04-08T05:57:16.825+0000] {processor.py:840} INFO - DAG(s) 'tutorial_taskflow_api' retrieved from /home/airflow/.local/lib/python3.8/site-packages/airflow/example_dags/tutorial_taskflow_api.py
[2025-04-08T05:57:16.852+0000] {logging_mixin.py:188} INFO - [2025-04-08T05:57:16.851+0000] {dag.py:3036} INFO - Sync 1 DAGs
[2025-04-08T05:57:16.865+0000] {logging_mixin.py:188} INFO - [2025-04-08T05:57:16.865+0000] {dag.py:3823} INFO - Setting next_dagrun for tutorial_taskflow_api to None, run_after=None
[2025-04-08T05:57:16.936+0000] {processor.py:183} INFO - Processing /home/airflow/.local/lib/python3.8/site-packages/airflow/example_dags/tutorial_taskflow_api.py took 0.125 seconds
[2025-04-08T05:57:47.408+0000] {processor.py:161} INFO - Started process (PID=470) to work on /home/airflow/.local/lib/python3.8/site-packages/airflow/example_dags/tutorial_taskflow_api.py
[2025-04-08T05:57:47.410+0000] {processor.py:830} INFO - Processing file /home/airflow/.local/lib/python3.8/site-packages/airflow/example_dags/tutorial_taskflow_api.py for tasks to queue
[2025-04-08T05:57:47.412+0000] {logging_mixin.py:188} INFO - [2025-04-08T05:57:47.412+0000] {dagbag.py:538} INFO - Filling up the DagBag from /home/airflow/.local/lib/python3.8/site-packages/airflow/example_dags/tutorial_taskflow_api.py
[2025-04-08T05:57:47.419+0000] {processor.py:840} INFO - DAG(s) 'tutorial_taskflow_api' retrieved from /home/airflow/.local/lib/python3.8/site-packages/airflow/example_dags/tutorial_taskflow_api.py
[2025-04-08T05:57:47.439+0000] {logging_mixin.py:188} INFO - [2025-04-08T05:57:47.438+0000] {dag.py:3036} INFO - Sync 1 DAGs
[2025-04-08T05:57:47.451+0000] {logging_mixin.py:188} INFO - [2025-04-08T05:57:47.451+0000] {dag.py:3823} INFO - Setting next_dagrun for tutorial_taskflow_api to None, run_after=None
[2025-04-08T05:57:47.511+0000] {processor.py:183} INFO - Processing /home/airflow/.local/lib/python3.8/site-packages/airflow/example_dags/tutorial_taskflow_api.py took 0.105 seconds
[2025-04-08T05:58:17.841+0000] {processor.py:161} INFO - Started process (PID=525) to work on /home/airflow/.local/lib/python3.8/site-packages/airflow/example_dags/tutorial_taskflow_api.py
[2025-04-08T05:58:17.842+0000] {processor.py:830} INFO - Processing file /home/airflow/.local/lib/python3.8/site-packages/airflow/example_dags/tutorial_taskflow_api.py for tasks to queue
[2025-04-08T05:58:17.845+0000] {logging_mixin.py:188} INFO - [2025-04-08T05:58:17.844+0000] {dagbag.py:538} INFO - Filling up the DagBag from /home/airflow/.local/lib/python3.8/site-packages/airflow/example_dags/tutorial_taskflow_api.py
[2025-04-08T05:58:17.853+0000] {processor.py:840} INFO - DAG(s) 'tutorial_taskflow_api' retrieved from /home/airflow/.local/lib/python3.8/site-packages/airflow/example_dags/tutorial_taskflow_api.py
[2025-04-08T05:58:17.876+0000] {logging_mixin.py:188} INFO - [2025-04-08T05:58:17.876+0000] {dag.py:3036} INFO - Sync 1 DAGs
[2025-04-08T05:58:17.896+0000] {logging_mixin.py:188} INFO - [2025-04-08T05:58:17.895+0000] {dag.py:3823} INFO - Setting next_dagrun for tutorial_taskflow_api to None, run_after=None
[2025-04-08T05:58:17.980+0000] {processor.py:183} INFO - Processing /home/airflow/.local/lib/python3.8/site-packages/airflow/example_dags/tutorial_taskflow_api.py took 0.142 seconds
[2025-04-08T05:58:48.154+0000] {processor.py:161} INFO - Started process (PID=580) to work on /home/airflow/.local/lib/python3.8/site-packages/airflow/example_dags/tutorial_taskflow_api.py
[2025-04-08T05:58:48.156+0000] {processor.py:830} INFO - Processing file /home/airflow/.local/lib/python3.8/site-packages/airflow/example_dags/tutorial_taskflow_api.py for tasks to queue
[2025-04-08T05:58:48.158+0000] {logging_mixin.py:188} INFO - [2025-04-08T05:58:48.158+0000] {dagbag.py:538} INFO - Filling up the DagBag from /home/airflow/.local/lib/python3.8/site-packages/airflow/example_dags/tutorial_taskflow_api.py
[2025-04-08T05:58:48.165+0000] {processor.py:840} INFO - DAG(s) 'tutorial_taskflow_api' retrieved from /home/airflow/.local/lib/python3.8/site-packages/airflow/example_dags/tutorial_taskflow_api.py
[2025-04-08T05:58:48.186+0000] {logging_mixin.py:188} INFO - [2025-04-08T05:58:48.185+0000] {dag.py:3036} INFO - Sync 1 DAGs
[2025-04-08T05:58:48.198+0000] {logging_mixin.py:188} INFO - [2025-04-08T05:58:48.198+0000] {dag.py:3823} INFO - Setting next_dagrun for tutorial_taskflow_api to None, run_after=None
[2025-04-08T05:58:48.260+0000] {processor.py:183} INFO - Processing /home/airflow/.local/lib/python3.8/site-packages/airflow/example_dags/tutorial_taskflow_api.py took 0.109 seconds
