[2025-04-11T02:48:51.225+0000] {taskinstance.py:1956} INFO - Dependencies all met for dep_context=non-requeueable deps ti=<TaskInstance: etl_pipeline_modo_prueba.transform_lastfm manual__2025-04-11T02:42:23.877429+00:00 [queued]>
[2025-04-11T02:48:51.235+0000] {taskinstance.py:1956} INFO - Dependencies all met for dep_context=requeueable deps ti=<TaskInstance: etl_pipeline_modo_prueba.transform_lastfm manual__2025-04-11T02:42:23.877429+00:00 [queued]>
[2025-04-11T02:48:51.235+0000] {taskinstance.py:2170} INFO - Starting attempt 1 of 2
[2025-04-11T02:48:51.272+0000] {taskinstance.py:2191} INFO - Executing <Task(BashOperator): transform_lastfm> on 2025-04-11 02:42:23.877429+00:00
[2025-04-11T02:48:51.278+0000] {standard_task_runner.py:60} INFO - Started process 157 to run task
[2025-04-11T02:48:51.281+0000] {standard_task_runner.py:87} INFO - Running: ['***', 'tasks', 'run', 'etl_pipeline_modo_prueba', 'transform_lastfm', 'manual__2025-04-11T02:42:23.877429+00:00', '--job-id', '339', '--raw', '--subdir', 'DAGS_FOLDER/etl_workflow.py', '--cfg-path', '/tmp/tmp02s0324o']
[2025-04-11T02:48:51.282+0000] {standard_task_runner.py:88} INFO - Job 339: Subtask transform_lastfm
[2025-04-11T02:48:51.360+0000] {task_command.py:423} INFO - Running <TaskInstance: etl_pipeline_modo_prueba.transform_lastfm manual__2025-04-11T02:42:23.877429+00:00 [running]> on host e756af2737b4
[2025-04-11T02:48:51.518+0000] {taskinstance.py:2480} INFO - Exporting env vars: AIRFLOW_CTX_DAG_OWNER='simon' AIRFLOW_CTX_DAG_ID='etl_pipeline_modo_prueba' AIRFLOW_CTX_TASK_ID='transform_lastfm' AIRFLOW_CTX_EXECUTION_DATE='2025-04-11T02:42:23.877429+00:00' AIRFLOW_CTX_TRY_NUMBER='1' AIRFLOW_CTX_DAG_RUN_ID='manual__2025-04-11T02:42:23.877429+00:00'
[2025-04-11T02:48:51.519+0000] {subprocess.py:63} INFO - Tmp dir root location: /tmp
[2025-04-11T02:48:51.521+0000] {subprocess.py:75} INFO - Running command: ['/usr/bin/bash', '-c', 'python3 /opt/***/scripts/transform_lastfm.py']
[2025-04-11T02:48:51.532+0000] {subprocess.py:86} INFO - Output:
[2025-04-11T02:48:52.043+0000] {subprocess.py:93} INFO - ✅ Last.fm transformado guardado en /opt/***/data/processed/lastfm_transformed.parquet
[2025-04-11T02:48:52.044+0000] {subprocess.py:93} INFO -                                       artist  ...                                               tags
[2025-04-11T02:48:52.044+0000] {subprocess.py:93} INFO - 0                                     shouse  ...   House, electronic, australian, australia, shouse
[2025-04-11T02:48:52.044+0000] {subprocess.py:93} INFO - 1    Chubby Carrier and the Bayou Swamp Band  ...     zydeco, blues, louisiana, cajun, United States
[2025-04-11T02:48:52.044+0000] {subprocess.py:93} INFO - 2                Ariana Grande  Social House  ...
[2025-04-11T02:48:52.044+0000] {subprocess.py:93} INFO - 3                              Anderson Paak  ...       Hip-Hop, chillout, electronic, hip hop, soul
[2025-04-11T02:48:52.045+0000] {subprocess.py:93} INFO - 4                               Sara Gazarek  ...  jazz, female vocalists, jazz vocal, female jaz...
[2025-04-11T02:48:52.045+0000] {subprocess.py:93} INFO - ..                                       ...  ...                                                ...
[2025-04-11T02:48:52.045+0000] {subprocess.py:93} INFO - 784                             Salvia Palth  ...        Lo-Fi, slowcore, dream pop, shoegaze, indie
[2025-04-11T02:48:52.045+0000] {subprocess.py:93} INFO - 785                Christone Kingfish Ingram  ...
[2025-04-11T02:48:52.045+0000] {subprocess.py:93} INFO - 786                         Chick Corea Trio  ...                                               jazz
[2025-04-11T02:48:52.045+0000] {subprocess.py:93} INFO - 787                        Michael Cleveland  ...        bluegrass, country, fiddle, cowhat fav, USA
[2025-04-11T02:48:52.045+0000] {subprocess.py:93} INFO - 788                                 Dua Lipa  ...      pop, seen live, electropop, synthpop, british
[2025-04-11T02:48:52.045+0000] {subprocess.py:93} INFO - 
[2025-04-11T02:48:52.046+0000] {subprocess.py:93} INFO - [789 rows x 5 columns]
[2025-04-11T02:48:52.129+0000] {subprocess.py:97} INFO - Command exited with return code 0
[2025-04-11T02:48:52.180+0000] {taskinstance.py:1138} INFO - Marking task as SUCCESS. dag_id=etl_pipeline_modo_prueba, task_id=transform_lastfm, execution_date=20250411T024223, start_date=20250411T024851, end_date=20250411T024852
[2025-04-11T02:48:52.255+0000] {local_task_job_runner.py:234} INFO - Task exited with return code 0
[2025-04-11T02:48:52.281+0000] {taskinstance.py:3280} INFO - 1 downstream tasks scheduled from follow-on schedule check
