[2025-04-11T04:11:22.321+0000] {taskinstance.py:1956} INFO - Dependencies all met for dep_context=non-requeueable deps ti=<TaskInstance: etl_pipeline_modo_prueba.load_to_sqlite manual__2025-04-11T04:05:03.077711+00:00 [queued]>
[2025-04-11T04:11:22.331+0000] {taskinstance.py:1956} INFO - Dependencies all met for dep_context=requeueable deps ti=<TaskInstance: etl_pipeline_modo_prueba.load_to_sqlite manual__2025-04-11T04:05:03.077711+00:00 [queued]>
[2025-04-11T04:11:22.331+0000] {taskinstance.py:2170} INFO - Starting attempt 1 of 2
[2025-04-11T04:11:22.370+0000] {taskinstance.py:2191} INFO - Executing <Task(BashOperator): load_to_sqlite> on 2025-04-11 04:05:03.077711+00:00
[2025-04-11T04:11:22.377+0000] {standard_task_runner.py:60} INFO - Started process 190 to run task
[2025-04-11T04:11:22.380+0000] {standard_task_runner.py:87} INFO - Running: ['***', 'tasks', 'run', 'etl_pipeline_modo_prueba', 'load_to_sqlite', 'manual__2025-04-11T04:05:03.077711+00:00', '--job-id', '374', '--raw', '--subdir', 'DAGS_FOLDER/etl_workflow.py', '--cfg-path', '/tmp/tmpyqlgao2o']
[2025-04-11T04:11:22.381+0000] {standard_task_runner.py:88} INFO - Job 374: Subtask load_to_sqlite
[2025-04-11T04:11:22.455+0000] {task_command.py:423} INFO - Running <TaskInstance: etl_pipeline_modo_prueba.load_to_sqlite manual__2025-04-11T04:05:03.077711+00:00 [running]> on host 51427b16b819
[2025-04-11T04:11:22.596+0000] {taskinstance.py:2480} INFO - Exporting env vars: AIRFLOW_CTX_DAG_OWNER='simon' AIRFLOW_CTX_DAG_ID='etl_pipeline_modo_prueba' AIRFLOW_CTX_TASK_ID='load_to_sqlite' AIRFLOW_CTX_EXECUTION_DATE='2025-04-11T04:05:03.077711+00:00' AIRFLOW_CTX_TRY_NUMBER='1' AIRFLOW_CTX_DAG_RUN_ID='manual__2025-04-11T04:05:03.077711+00:00'
[2025-04-11T04:11:22.597+0000] {subprocess.py:63} INFO - Tmp dir root location: /tmp
[2025-04-11T04:11:22.598+0000] {subprocess.py:75} INFO - Running command: ['/usr/bin/bash', '-c', 'python3 /opt/***/scripts/load_to_sqlite.py']
[2025-04-11T04:11:22.610+0000] {subprocess.py:86} INFO - Output:
[2025-04-11T04:11:23.744+0000] {subprocess.py:93} INFO - ✅ Archivo parquet leído: /opt/***/data/processed/final_merged.parquet
[2025-04-11T04:11:23.745+0000] {subprocess.py:93} INFO - 🔗 Conectado a la base de datos SQLite en /opt/***/data/output/merged_data.db
[2025-04-11T04:11:23.745+0000] {subprocess.py:93} INFO - 📦 Datos cargados en la tabla 'datos_finales'
[2025-04-11T04:11:23.745+0000] {subprocess.py:93} INFO - ✅ Conexión cerrada. Proceso de carga completado.
[2025-04-11T04:11:23.828+0000] {subprocess.py:97} INFO - Command exited with return code 0
[2025-04-11T04:11:23.878+0000] {taskinstance.py:1138} INFO - Marking task as SUCCESS. dag_id=etl_pipeline_modo_prueba, task_id=load_to_sqlite, execution_date=20250411T040503, start_date=20250411T041122, end_date=20250411T041123
[2025-04-11T04:11:23.956+0000] {local_task_job_runner.py:234} INFO - Task exited with return code 0
[2025-04-11T04:11:23.992+0000] {taskinstance.py:3280} INFO - 0 downstream tasks scheduled from follow-on schedule check
