[2025-04-11T04:36:50.700+0000] {taskinstance.py:1956} INFO - Dependencies all met for dep_context=non-requeueable deps ti=<TaskInstance: etl_pipeline_modo_prueba.transform_lastfm manual__2025-04-11T04:30:36.796988+00:00 [queued]>
[2025-04-11T04:36:50.710+0000] {taskinstance.py:1956} INFO - Dependencies all met for dep_context=requeueable deps ti=<TaskInstance: etl_pipeline_modo_prueba.transform_lastfm manual__2025-04-11T04:30:36.796988+00:00 [queued]>
[2025-04-11T04:36:50.710+0000] {taskinstance.py:2170} INFO - Starting attempt 1 of 2
[2025-04-11T04:36:50.751+0000] {taskinstance.py:2191} INFO - Executing <Task(BashOperator): transform_lastfm> on 2025-04-11 04:30:36.796988+00:00
[2025-04-11T04:36:50.758+0000] {standard_task_runner.py:60} INFO - Started process 155 to run task
[2025-04-11T04:36:50.761+0000] {standard_task_runner.py:87} INFO - Running: ['***', 'tasks', 'run', 'etl_pipeline_modo_prueba', 'transform_lastfm', 'manual__2025-04-11T04:30:36.796988+00:00', '--job-id', '383', '--raw', '--subdir', 'DAGS_FOLDER/etl_workflow.py', '--cfg-path', '/tmp/tmp3dsr4bha']
[2025-04-11T04:36:50.762+0000] {standard_task_runner.py:88} INFO - Job 383: Subtask transform_lastfm
[2025-04-11T04:36:50.833+0000] {task_command.py:423} INFO - Running <TaskInstance: etl_pipeline_modo_prueba.transform_lastfm manual__2025-04-11T04:30:36.796988+00:00 [running]> on host a96ee05bd6a2
[2025-04-11T04:36:50.984+0000] {taskinstance.py:2480} INFO - Exporting env vars: AIRFLOW_CTX_DAG_OWNER='simon' AIRFLOW_CTX_DAG_ID='etl_pipeline_modo_prueba' AIRFLOW_CTX_TASK_ID='transform_lastfm' AIRFLOW_CTX_EXECUTION_DATE='2025-04-11T04:30:36.796988+00:00' AIRFLOW_CTX_TRY_NUMBER='1' AIRFLOW_CTX_DAG_RUN_ID='manual__2025-04-11T04:30:36.796988+00:00'
[2025-04-11T04:36:50.986+0000] {subprocess.py:63} INFO - Tmp dir root location: /tmp
[2025-04-11T04:36:50.987+0000] {subprocess.py:75} INFO - Running command: ['/usr/bin/bash', '-c', 'python3 /opt/***/scripts/transform_lastfm.py']
[2025-04-11T04:36:50.998+0000] {subprocess.py:86} INFO - Output:
[2025-04-11T04:36:51.479+0000] {subprocess.py:93} INFO - ✅ Last.fm transformado guardado en /opt/***/data/processed/lastfm_transformed.parquet
[2025-04-11T04:36:51.480+0000] {subprocess.py:93} INFO -                 artist  ...                                               tags
[2025-04-11T04:36:51.480+0000] {subprocess.py:93} INFO - 0             LIL PEEP  ...              cloud rap, emo rap, Hip-Hop, rap, emo
[2025-04-11T04:36:51.480+0000] {subprocess.py:93} INFO - 1    Bruce Springsteen  ...   rock, classic rock, singer-songwriter, 80s, folk
[2025-04-11T04:36:51.480+0000] {subprocess.py:93} INFO - 2         Ravi Shankar  ...  Indian, sitar, indian classical, world, World ...
[2025-04-11T04:36:51.480+0000] {subprocess.py:93} INFO - 3          Deva Premal  ...  mantra, meditative, new age, female vocalists,...
[2025-04-11T04:36:51.480+0000] {subprocess.py:93} INFO - 4                 ABBA  ...                      pop, Disco, 70s, swedish, 80s
[2025-04-11T04:36:51.481+0000] {subprocess.py:93} INFO - ..                 ...  ...                                                ...
[2025-04-11T04:36:51.481+0000] {subprocess.py:93} INFO - 784           Cavetown  ...      seen live, pop, indie, indie pop, bedroom pop
[2025-04-11T04:36:51.481+0000] {subprocess.py:93} INFO - 785            Journey  ...  classic rock, rock, 80s, hard rock, Progressiv...
[2025-04-11T04:36:51.481+0000] {subprocess.py:93} INFO - 786        Limp Bizkit  ...        Nu Metal, rapcore, rock, alternative, metal
[2025-04-11T04:36:51.481+0000] {subprocess.py:93} INFO - 787               2Pac  ...  rap, Hip-Hop, Gangsta Rap, West Coast Rap, hip...
[2025-04-11T04:36:51.481+0000] {subprocess.py:93} INFO - 788               Akon  ...                    Hip-Hop, rnb, rap, hip hop, pop
[2025-04-11T04:36:51.481+0000] {subprocess.py:93} INFO - 
[2025-04-11T04:36:51.482+0000] {subprocess.py:93} INFO - [789 rows x 5 columns]
[2025-04-11T04:36:51.573+0000] {subprocess.py:97} INFO - Command exited with return code 0
[2025-04-11T04:36:51.657+0000] {taskinstance.py:1138} INFO - Marking task as SUCCESS. dag_id=etl_pipeline_modo_prueba, task_id=transform_lastfm, execution_date=20250411T043036, start_date=20250411T043650, end_date=20250411T043651
[2025-04-11T04:36:51.735+0000] {local_task_job_runner.py:234} INFO - Task exited with return code 0
[2025-04-11T04:36:51.763+0000] {taskinstance.py:3280} INFO - 1 downstream tasks scheduled from follow-on schedule check
