[2025-04-09T21:37:06.188+0000] {taskinstance.py:1956} INFO - Dependencies all met for dep_context=non-requeueable deps ti=<TaskInstance: etl_pipeline_modo_prueba.transform_lastfm manual__2025-04-09T21:23:26.008365+00:00 [queued]>
[2025-04-09T21:37:06.199+0000] {taskinstance.py:1956} INFO - Dependencies all met for dep_context=requeueable deps ti=<TaskInstance: etl_pipeline_modo_prueba.transform_lastfm manual__2025-04-09T21:23:26.008365+00:00 [queued]>
[2025-04-09T21:37:06.199+0000] {taskinstance.py:2170} INFO - Starting attempt 1 of 2
[2025-04-09T21:37:06.253+0000] {taskinstance.py:2191} INFO - Executing <Task(BashOperator): transform_lastfm> on 2025-04-09 21:23:26.008365+00:00
[2025-04-09T21:37:06.259+0000] {standard_task_runner.py:60} INFO - Started process 207 to run task
[2025-04-09T21:37:06.263+0000] {standard_task_runner.py:87} INFO - Running: ['***', 'tasks', 'run', 'etl_pipeline_modo_prueba', 'transform_lastfm', 'manual__2025-04-09T21:23:26.008365+00:00', '--job-id', '204', '--raw', '--subdir', 'DAGS_FOLDER/etl_workflow.py', '--cfg-path', '/tmp/tmp3k_m7515']
[2025-04-09T21:37:06.265+0000] {standard_task_runner.py:88} INFO - Job 204: Subtask transform_lastfm
[2025-04-09T21:37:06.350+0000] {task_command.py:423} INFO - Running <TaskInstance: etl_pipeline_modo_prueba.transform_lastfm manual__2025-04-09T21:23:26.008365+00:00 [running]> on host 705bf0793dae
[2025-04-09T21:37:06.541+0000] {taskinstance.py:2480} INFO - Exporting env vars: AIRFLOW_CTX_DAG_OWNER='simon' AIRFLOW_CTX_DAG_ID='etl_pipeline_modo_prueba' AIRFLOW_CTX_TASK_ID='transform_lastfm' AIRFLOW_CTX_EXECUTION_DATE='2025-04-09T21:23:26.008365+00:00' AIRFLOW_CTX_TRY_NUMBER='1' AIRFLOW_CTX_DAG_RUN_ID='manual__2025-04-09T21:23:26.008365+00:00'
[2025-04-09T21:37:06.542+0000] {subprocess.py:63} INFO - Tmp dir root location: /tmp
[2025-04-09T21:37:06.543+0000] {subprocess.py:75} INFO - Running command: ['/usr/bin/bash', '-c', 'python3 /opt/***/scripts/transform_lastfm.py']
[2025-04-09T21:37:06.557+0000] {subprocess.py:86} INFO - Output:
[2025-04-09T21:37:07.185+0000] {subprocess.py:93} INFO - ✅ Last.fm transformado guardado en /opt/***/data/processed/lastfm_transformed.parquet
[2025-04-09T21:37:07.185+0000] {subprocess.py:93} INFO -                             artist  ...                                               tags
[2025-04-09T21:37:07.186+0000] {subprocess.py:93} INFO - 0                         Aventura  ...               bachata, latin, spanish, latino, pop
[2025-04-09T21:37:07.186+0000] {subprocess.py:93} INFO - 1                 Childish Gambino  ...            Hip-Hop, rap, seen live, hip hop, indie
[2025-04-09T21:37:07.186+0000] {subprocess.py:93} INFO - 2    CHRISTIAN SCOTT ATUNDE ADJUAH  ...       jazz, nu jazz, Fusion, jazz fusion, Post-Bop
[2025-04-09T21:37:07.186+0000] {subprocess.py:93} INFO - 3                     Dave Stewart  ...       rock, pop, blues rock, alternative, Pop-Rock
[2025-04-09T21:37:07.186+0000] {subprocess.py:93} INFO - 4                   Tanishk Bagchi  ...        Indian, bollywood, india, Hindi, titanitska
[2025-04-09T21:37:07.186+0000] {subprocess.py:93} INFO - ..                             ...  ...                                                ...
[2025-04-09T21:37:07.186+0000] {subprocess.py:93} INFO - 894                    Frank Ocean  ...                   rnb, soul, Hip-Hop, r&b, ofwgkta
[2025-04-09T21:37:07.187+0000] {subprocess.py:93} INFO - 895                     Tori Kelly  ...  pop, female vocalists, soul, rnb, singer-songw...
[2025-04-09T21:37:07.187+0000] {subprocess.py:93} INFO - 896                           Rema  ...          afrobeats, seen live, trap, pop, nigerian
[2025-04-09T21:37:07.187+0000] {subprocess.py:93} INFO - 897                  Carol Burnett  ...  female vocalists, showtunes, musical theater, ...
[2025-04-09T21:37:07.187+0000] {subprocess.py:93} INFO - 898                    Ranky Tanky  ...                  jazz, blues, gospel, gullah, folk
[2025-04-09T21:37:07.187+0000] {subprocess.py:93} INFO - 
[2025-04-09T21:37:07.187+0000] {subprocess.py:93} INFO - [899 rows x 5 columns]
[2025-04-09T21:37:07.277+0000] {subprocess.py:97} INFO - Command exited with return code 0
[2025-04-09T21:37:07.338+0000] {taskinstance.py:1138} INFO - Marking task as SUCCESS. dag_id=etl_pipeline_modo_prueba, task_id=transform_lastfm, execution_date=20250409T212326, start_date=20250409T213706, end_date=20250409T213707
[2025-04-09T21:37:07.408+0000] {local_task_job_runner.py:234} INFO - Task exited with return code 0
[2025-04-09T21:37:07.439+0000] {taskinstance.py:3280} INFO - 1 downstream tasks scheduled from follow-on schedule check
