[2025-04-09T18:28:41.310+0000] {taskinstance.py:1956} INFO - Dependencies all met for dep_context=non-requeueable deps ti=<TaskInstance: etl_pipeline_modo_prueba.transform_lastfm manual__2025-04-09T18:21:44.490977+00:00 [queued]>
[2025-04-09T18:28:41.323+0000] {taskinstance.py:1956} INFO - Dependencies all met for dep_context=requeueable deps ti=<TaskInstance: etl_pipeline_modo_prueba.transform_lastfm manual__2025-04-09T18:21:44.490977+00:00 [queued]>
[2025-04-09T18:28:41.323+0000] {taskinstance.py:2170} INFO - Starting attempt 1 of 2
[2025-04-09T18:28:41.370+0000] {taskinstance.py:2191} INFO - Executing <Task(BashOperator): transform_lastfm> on 2025-04-09 18:21:44.490977+00:00
[2025-04-09T18:28:41.376+0000] {standard_task_runner.py:60} INFO - Started process 157 to run task
[2025-04-09T18:28:41.380+0000] {standard_task_runner.py:87} INFO - Running: ['***', 'tasks', 'run', 'etl_pipeline_modo_prueba', 'transform_lastfm', 'manual__2025-04-09T18:21:44.490977+00:00', '--job-id', '151', '--raw', '--subdir', 'DAGS_FOLDER/etl_workflow.py', '--cfg-path', '/tmp/tmp2coy5spw']
[2025-04-09T18:28:41.382+0000] {standard_task_runner.py:88} INFO - Job 151: Subtask transform_lastfm
[2025-04-09T18:28:41.515+0000] {task_command.py:423} INFO - Running <TaskInstance: etl_pipeline_modo_prueba.transform_lastfm manual__2025-04-09T18:21:44.490977+00:00 [running]> on host 771ae2283d18
[2025-04-09T18:28:41.692+0000] {taskinstance.py:2480} INFO - Exporting env vars: AIRFLOW_CTX_DAG_OWNER='simon' AIRFLOW_CTX_DAG_ID='etl_pipeline_modo_prueba' AIRFLOW_CTX_TASK_ID='transform_lastfm' AIRFLOW_CTX_EXECUTION_DATE='2025-04-09T18:21:44.490977+00:00' AIRFLOW_CTX_TRY_NUMBER='1' AIRFLOW_CTX_DAG_RUN_ID='manual__2025-04-09T18:21:44.490977+00:00'
[2025-04-09T18:28:41.694+0000] {subprocess.py:63} INFO - Tmp dir root location: /tmp
[2025-04-09T18:28:41.695+0000] {subprocess.py:75} INFO - Running command: ['/usr/bin/bash', '-c', 'python3 /opt/***/scripts/transform_lastfm.py']
[2025-04-09T18:28:41.710+0000] {subprocess.py:86} INFO - Output:
[2025-04-09T18:28:42.344+0000] {subprocess.py:93} INFO - ✅ Last.fm transformado guardado en /opt/***/data/processed/lastfm_transformed.parquet
[2025-04-09T18:28:42.345+0000] {subprocess.py:93} INFO -                 artist  ...                                               tags
[2025-04-09T18:28:42.345+0000] {subprocess.py:93} INFO - 0                 Rael  ...  Hip-Hop, Progressive rock, rap, Gay Metal, ric...
[2025-04-09T18:28:42.345+0000] {subprocess.py:93} INFO - 1        Phillip Larue  ...  singer-songwriter, acoustic, christian, pop, a...
[2025-04-09T18:28:42.345+0000] {subprocess.py:93} INFO - 2    Chad Hates George  ...     folk punk, USA, americana, american, anti folk
[2025-04-09T18:28:42.345+0000] {subprocess.py:93} INFO - 3          Diamond Rio  ...  country, Diamond Rio, modern country, country ...
[2025-04-09T18:28:42.346+0000] {subprocess.py:93} INFO - 4                Lizzo  ...                  seen live, Hip-Hop, pop, rnb, rap
[2025-04-09T18:28:42.346+0000] {subprocess.py:93} INFO - ..                 ...  ...                                                ...
[2025-04-09T18:28:42.346+0000] {subprocess.py:93} INFO - 875        Alicia Keys  ...  soul, rnb, female vocalists, pop, singer-songw...
[2025-04-09T18:28:42.346+0000] {subprocess.py:93} INFO - 876              Meiko  ...  female vocalists, folk, singer-songwriter, ind...
[2025-04-09T18:28:42.346+0000] {subprocess.py:93} INFO - 877    Colin  Caroline  ...
[2025-04-09T18:28:42.346+0000] {subprocess.py:93} INFO - 878        Jess Penner  ...  singer-songwriter, indie pop, female vocalists...
[2025-04-09T18:28:42.346+0000] {subprocess.py:93} INFO - 879         Futuristic  ...  Hip-Hop, rap, underground hip-hop, seen live, ...
[2025-04-09T18:28:42.347+0000] {subprocess.py:93} INFO - 
[2025-04-09T18:28:42.347+0000] {subprocess.py:93} INFO - [880 rows x 5 columns]
[2025-04-09T18:28:42.434+0000] {subprocess.py:97} INFO - Command exited with return code 0
[2025-04-09T18:28:42.510+0000] {taskinstance.py:1138} INFO - Marking task as SUCCESS. dag_id=etl_pipeline_modo_prueba, task_id=transform_lastfm, execution_date=20250409T182144, start_date=20250409T182841, end_date=20250409T182842
[2025-04-09T18:28:42.602+0000] {local_task_job_runner.py:234} INFO - Task exited with return code 0
[2025-04-09T18:28:42.632+0000] {taskinstance.py:3280} INFO - 1 downstream tasks scheduled from follow-on schedule check
