[2025-04-11T03:26:04.555+0000] {taskinstance.py:1956} INFO - Dependencies all met for dep_context=non-requeueable deps ti=<TaskInstance: etl_pipeline_modo_prueba.transform_lastfm manual__2025-04-11T03:19:52.328275+00:00 [queued]>
[2025-04-11T03:26:04.563+0000] {taskinstance.py:1956} INFO - Dependencies all met for dep_context=requeueable deps ti=<TaskInstance: etl_pipeline_modo_prueba.transform_lastfm manual__2025-04-11T03:19:52.328275+00:00 [queued]>
[2025-04-11T03:26:04.564+0000] {taskinstance.py:2170} INFO - Starting attempt 1 of 2
[2025-04-11T03:26:04.599+0000] {taskinstance.py:2191} INFO - Executing <Task(BashOperator): transform_lastfm> on 2025-04-11 03:19:52.328275+00:00
[2025-04-11T03:26:04.605+0000] {standard_task_runner.py:60} INFO - Started process 155 to run task
[2025-04-11T03:26:04.608+0000] {standard_task_runner.py:87} INFO - Running: ['***', 'tasks', 'run', 'etl_pipeline_modo_prueba', 'transform_lastfm', 'manual__2025-04-11T03:19:52.328275+00:00', '--job-id', '361', '--raw', '--subdir', 'DAGS_FOLDER/etl_workflow.py', '--cfg-path', '/tmp/tmpjwnnckh2']
[2025-04-11T03:26:04.608+0000] {standard_task_runner.py:88} INFO - Job 361: Subtask transform_lastfm
[2025-04-11T03:26:04.688+0000] {task_command.py:423} INFO - Running <TaskInstance: etl_pipeline_modo_prueba.transform_lastfm manual__2025-04-11T03:19:52.328275+00:00 [running]> on host a42c4eec2493
[2025-04-11T03:26:04.838+0000] {taskinstance.py:2480} INFO - Exporting env vars: AIRFLOW_CTX_DAG_OWNER='simon' AIRFLOW_CTX_DAG_ID='etl_pipeline_modo_prueba' AIRFLOW_CTX_TASK_ID='transform_lastfm' AIRFLOW_CTX_EXECUTION_DATE='2025-04-11T03:19:52.328275+00:00' AIRFLOW_CTX_TRY_NUMBER='1' AIRFLOW_CTX_DAG_RUN_ID='manual__2025-04-11T03:19:52.328275+00:00'
[2025-04-11T03:26:04.839+0000] {subprocess.py:63} INFO - Tmp dir root location: /tmp
[2025-04-11T03:26:04.840+0000] {subprocess.py:75} INFO - Running command: ['/usr/bin/bash', '-c', 'python3 /opt/***/scripts/transform_lastfm.py']
[2025-04-11T03:26:04.851+0000] {subprocess.py:86} INFO - Output:
[2025-04-11T03:26:05.319+0000] {subprocess.py:93} INFO - ✅ Last.fm transformado guardado en /opt/***/data/processed/lastfm_transformed.parquet
[2025-04-11T03:26:05.319+0000] {subprocess.py:93} INFO -                                artist  ...                                               tags
[2025-04-11T03:26:05.320+0000] {subprocess.py:93} INFO - 0                          Elton John  ...  pop, classic rock, singer-songwriter, rock, piano
[2025-04-11T03:26:05.320+0000] {subprocess.py:93} INFO - 1    Kendrick Lamar featuring Rihanna  ...
[2025-04-11T03:26:05.320+0000] {subprocess.py:93} INFO - 2                      Arctic Monkeys  ...      indie rock, indie, british, rock, alternative
[2025-04-11T03:26:05.320+0000] {subprocess.py:93} INFO - 3                           Joy Again  ...      USA, soft rock, Garage Rock, seen live, indie
[2025-04-11T03:26:05.320+0000] {subprocess.py:93} INFO - 4                Juan Luis Guerra 440  ...            merengue, latin, salsa, my shit, caribe
[2025-04-11T03:26:05.320+0000] {subprocess.py:93} INFO - ..                                ...  ...                                                ...
[2025-04-11T03:26:05.320+0000] {subprocess.py:93} INFO - 784                      Ravi Shankar  ...  Indian, sitar, indian classical, world, World ...
[2025-04-11T03:26:05.321+0000] {subprocess.py:93} INFO - 785                    Booker T Jones  ...
[2025-04-11T03:26:05.321+0000] {subprocess.py:93} INFO - 786                 The Goo Goo Dolls  ...  rock, alternative rock, alternative, indie, in...
[2025-04-11T03:26:05.321+0000] {subprocess.py:93} INFO - 787                               Mia  ...            german, electronic, deutsch, pop, indie
[2025-04-11T03:26:05.321+0000] {subprocess.py:93} INFO - 788                       James Blake  ...  electronic, dubstep, experimental, downtempo, ...
[2025-04-11T03:26:05.321+0000] {subprocess.py:93} INFO - 
[2025-04-11T03:26:05.321+0000] {subprocess.py:93} INFO - [789 rows x 5 columns]
[2025-04-11T03:26:05.406+0000] {subprocess.py:97} INFO - Command exited with return code 0
[2025-04-11T03:26:05.475+0000] {taskinstance.py:1138} INFO - Marking task as SUCCESS. dag_id=etl_pipeline_modo_prueba, task_id=transform_lastfm, execution_date=20250411T031952, start_date=20250411T032604, end_date=20250411T032605
[2025-04-11T03:26:05.541+0000] {local_task_job_runner.py:234} INFO - Task exited with return code 0
[2025-04-11T03:26:05.593+0000] {taskinstance.py:3280} INFO - 1 downstream tasks scheduled from follow-on schedule check
