[2025-04-11T08:34:44.041+0000] {taskinstance.py:1956} INFO - Dependencies all met for dep_context=non-requeueable deps ti=<TaskInstance: etl_pipeline_modo_prueba.transform_grammy manual__2025-04-11T08:34:36.860494+00:00 [queued]>
[2025-04-11T08:34:44.053+0000] {taskinstance.py:1956} INFO - Dependencies all met for dep_context=requeueable deps ti=<TaskInstance: etl_pipeline_modo_prueba.transform_grammy manual__2025-04-11T08:34:36.860494+00:00 [queued]>
[2025-04-11T08:34:44.054+0000] {taskinstance.py:2170} INFO - Starting attempt 1 of 2
[2025-04-11T08:34:44.108+0000] {taskinstance.py:2191} INFO - Executing <Task(BashOperator): transform_grammy> on 2025-04-11 08:34:36.860494+00:00
[2025-04-11T08:34:44.115+0000] {standard_task_runner.py:60} INFO - Started process 106 to run task
[2025-04-11T08:34:44.118+0000] {standard_task_runner.py:87} INFO - Running: ['***', 'tasks', 'run', 'etl_pipeline_modo_prueba', 'transform_grammy', 'manual__2025-04-11T08:34:36.860494+00:00', '--job-id', '491', '--raw', '--subdir', 'DAGS_FOLDER/etl_workflow.py', '--cfg-path', '/tmp/tmpqu52q5g4']
[2025-04-11T08:34:44.119+0000] {standard_task_runner.py:88} INFO - Job 491: Subtask transform_grammy
[2025-04-11T08:34:44.199+0000] {task_command.py:423} INFO - Running <TaskInstance: etl_pipeline_modo_prueba.transform_grammy manual__2025-04-11T08:34:36.860494+00:00 [running]> on host 4cca4d824edf
[2025-04-11T08:34:44.428+0000] {taskinstance.py:2480} INFO - Exporting env vars: AIRFLOW_CTX_DAG_OWNER='simon' AIRFLOW_CTX_DAG_ID='etl_pipeline_modo_prueba' AIRFLOW_CTX_TASK_ID='transform_grammy' AIRFLOW_CTX_EXECUTION_DATE='2025-04-11T08:34:36.860494+00:00' AIRFLOW_CTX_TRY_NUMBER='1' AIRFLOW_CTX_DAG_RUN_ID='manual__2025-04-11T08:34:36.860494+00:00'
[2025-04-11T08:34:44.429+0000] {subprocess.py:63} INFO - Tmp dir root location: /tmp
[2025-04-11T08:34:44.430+0000] {subprocess.py:75} INFO - Running command: ['/usr/bin/bash', '-c', 'python3 /opt/***/scripts/transform_grammy.py']
[2025-04-11T08:34:44.443+0000] {subprocess.py:86} INFO - Output:
[2025-04-11T08:34:45.179+0000] {subprocess.py:93} INFO - ✅ Grammy transformado guardado en /opt/***/data/processed/grammy_transformed.parquet
[2025-04-11T08:34:45.180+0000] {subprocess.py:93} INFO -                                 artist_normalized  ... grammy_nominations
[2025-04-11T08:34:45.180+0000] {subprocess.py:93} INFO - 0                                       21 savage  ...                  1
[2025-04-11T08:34:45.180+0000] {subprocess.py:93} INFO - 1       a great big world with christina aguilera  ...                  1
[2025-04-11T08:34:45.181+0000] {subprocess.py:93} INFO - 2                                           adele  ...                  6
[2025-04-11T08:34:45.181+0000] {subprocess.py:93} INFO - 3    adele adkins  paul epworth songwriters adele  ...                  1
[2025-04-11T08:34:45.181+0000] {subprocess.py:93} INFO - 4                                     aida cuevas  ...                  1
[2025-04-11T08:34:45.182+0000] {subprocess.py:93} INFO - ..                                            ...  ...                ...
[2025-04-11T08:34:45.182+0000] {subprocess.py:93} INFO - 536                  zac brown band  alan jackson  ...                  1
[2025-04-11T08:34:45.182+0000] {subprocess.py:93} INFO - 537                                 zach williams  ...                  1
[2025-04-11T08:34:45.183+0000] {subprocess.py:93} INFO - 538                          zedd featuring foxes  ...                  1
[2025-04-11T08:34:45.183+0000] {subprocess.py:93} INFO - 539                                  ziggy marley  ...                  3
[2025-04-11T08:34:45.183+0000] {subprocess.py:93} INFO - 540                                           zoe  ...                  1
[2025-04-11T08:34:45.183+0000] {subprocess.py:93} INFO - 
[2025-04-11T08:34:45.183+0000] {subprocess.py:93} INFO - [541 rows x 6 columns]
[2025-04-11T08:34:45.319+0000] {subprocess.py:97} INFO - Command exited with return code 0
[2025-04-11T08:34:45.389+0000] {taskinstance.py:1138} INFO - Marking task as SUCCESS. dag_id=etl_pipeline_modo_prueba, task_id=transform_grammy, execution_date=20250411T083436, start_date=20250411T083444, end_date=20250411T083445
[2025-04-11T08:34:45.457+0000] {local_task_job_runner.py:234} INFO - Task exited with return code 0
[2025-04-11T08:34:45.554+0000] {taskinstance.py:3280} INFO - 0 downstream tasks scheduled from follow-on schedule check
