[2025-04-11T04:30:43.741+0000] {taskinstance.py:1956} INFO - Dependencies all met for dep_context=non-requeueable deps ti=<TaskInstance: etl_pipeline_modo_prueba.transform_grammy manual__2025-04-11T04:30:36.796988+00:00 [queued]>
[2025-04-11T04:30:43.750+0000] {taskinstance.py:1956} INFO - Dependencies all met for dep_context=requeueable deps ti=<TaskInstance: etl_pipeline_modo_prueba.transform_grammy manual__2025-04-11T04:30:36.796988+00:00 [queued]>
[2025-04-11T04:30:43.750+0000] {taskinstance.py:2170} INFO - Starting attempt 1 of 2
[2025-04-11T04:30:43.805+0000] {taskinstance.py:2191} INFO - Executing <Task(BashOperator): transform_grammy> on 2025-04-11 04:30:36.796988+00:00
[2025-04-11T04:30:43.811+0000] {standard_task_runner.py:60} INFO - Started process 107 to run task
[2025-04-11T04:30:43.814+0000] {standard_task_runner.py:87} INFO - Running: ['***', 'tasks', 'run', 'etl_pipeline_modo_prueba', 'transform_grammy', 'manual__2025-04-11T04:30:36.796988+00:00', '--job-id', '382', '--raw', '--subdir', 'DAGS_FOLDER/etl_workflow.py', '--cfg-path', '/tmp/tmpxgxo1aod']
[2025-04-11T04:30:43.815+0000] {standard_task_runner.py:88} INFO - Job 382: Subtask transform_grammy
[2025-04-11T04:30:43.907+0000] {task_command.py:423} INFO - Running <TaskInstance: etl_pipeline_modo_prueba.transform_grammy manual__2025-04-11T04:30:36.796988+00:00 [running]> on host a96ee05bd6a2
[2025-04-11T04:30:44.066+0000] {taskinstance.py:2480} INFO - Exporting env vars: AIRFLOW_CTX_DAG_OWNER='simon' AIRFLOW_CTX_DAG_ID='etl_pipeline_modo_prueba' AIRFLOW_CTX_TASK_ID='transform_grammy' AIRFLOW_CTX_EXECUTION_DATE='2025-04-11T04:30:36.796988+00:00' AIRFLOW_CTX_TRY_NUMBER='1' AIRFLOW_CTX_DAG_RUN_ID='manual__2025-04-11T04:30:36.796988+00:00'
[2025-04-11T04:30:44.067+0000] {subprocess.py:63} INFO - Tmp dir root location: /tmp
[2025-04-11T04:30:44.068+0000] {subprocess.py:75} INFO - Running command: ['/usr/bin/bash', '-c', 'python3 /opt/***/scripts/transform_grammy.py']
[2025-04-11T04:30:44.083+0000] {subprocess.py:86} INFO - Output:
[2025-04-11T04:30:44.746+0000] {subprocess.py:93} INFO - ✅ Grammy transformado guardado en /opt/***/data/processed/grammy_transformed.parquet
[2025-04-11T04:30:44.747+0000] {subprocess.py:93} INFO -                                 artist_normalized  ... grammy_nominations
[2025-04-11T04:30:44.747+0000] {subprocess.py:93} INFO - 0                                       21 savage  ...                  1
[2025-04-11T04:30:44.747+0000] {subprocess.py:93} INFO - 1       a great big world with christina aguilera  ...                  1
[2025-04-11T04:30:44.748+0000] {subprocess.py:93} INFO - 2                                           adele  ...                  6
[2025-04-11T04:30:44.748+0000] {subprocess.py:93} INFO - 3    adele adkins  paul epworth songwriters adele  ...                  1
[2025-04-11T04:30:44.748+0000] {subprocess.py:93} INFO - 4                                     aida cuevas  ...                  1
[2025-04-11T04:30:44.748+0000] {subprocess.py:93} INFO - ..                                            ...  ...                ...
[2025-04-11T04:30:44.748+0000] {subprocess.py:93} INFO - 536                  zac brown band  alan jackson  ...                  1
[2025-04-11T04:30:44.748+0000] {subprocess.py:93} INFO - 537                                 zach williams  ...                  1
[2025-04-11T04:30:44.748+0000] {subprocess.py:93} INFO - 538                          zedd featuring foxes  ...                  1
[2025-04-11T04:30:44.748+0000] {subprocess.py:93} INFO - 539                                  ziggy marley  ...                  3
[2025-04-11T04:30:44.749+0000] {subprocess.py:93} INFO - 540                                           zoe  ...                  1
[2025-04-11T04:30:44.749+0000] {subprocess.py:93} INFO - 
[2025-04-11T04:30:44.749+0000] {subprocess.py:93} INFO - [541 rows x 6 columns]
[2025-04-11T04:30:44.827+0000] {subprocess.py:97} INFO - Command exited with return code 0
[2025-04-11T04:30:44.953+0000] {taskinstance.py:1138} INFO - Marking task as SUCCESS. dag_id=etl_pipeline_modo_prueba, task_id=transform_grammy, execution_date=20250411T043036, start_date=20250411T043043, end_date=20250411T043044
[2025-04-11T04:30:45.110+0000] {local_task_job_runner.py:234} INFO - Task exited with return code 0
[2025-04-11T04:30:45.136+0000] {taskinstance.py:3280} INFO - 0 downstream tasks scheduled from follow-on schedule check
