[2025-04-11T08:40:48.293+0000] {taskinstance.py:1956} INFO - Dependencies all met for dep_context=non-requeueable deps ti=<TaskInstance: etl_pipeline_modo_prueba.merge_datasets manual__2025-04-11T08:34:36.860494+00:00 [queued]>
[2025-04-11T08:40:48.302+0000] {taskinstance.py:1956} INFO - Dependencies all met for dep_context=requeueable deps ti=<TaskInstance: etl_pipeline_modo_prueba.merge_datasets manual__2025-04-11T08:34:36.860494+00:00 [queued]>
[2025-04-11T08:40:48.303+0000] {taskinstance.py:2170} INFO - Starting attempt 1 of 2
[2025-04-11T08:40:48.352+0000] {taskinstance.py:2191} INFO - Executing <Task(BashOperator): merge_datasets> on 2025-04-11 08:34:36.860494+00:00
[2025-04-11T08:40:48.358+0000] {standard_task_runner.py:60} INFO - Started process 179 to run task
[2025-04-11T08:40:48.361+0000] {standard_task_runner.py:87} INFO - Running: ['***', 'tasks', 'run', 'etl_pipeline_modo_prueba', 'merge_datasets', 'manual__2025-04-11T08:34:36.860494+00:00', '--job-id', '494', '--raw', '--subdir', 'DAGS_FOLDER/etl_workflow.py', '--cfg-path', '/tmp/tmpn36k6vkx']
[2025-04-11T08:40:48.361+0000] {standard_task_runner.py:88} INFO - Job 494: Subtask merge_datasets
[2025-04-11T08:40:48.436+0000] {task_command.py:423} INFO - Running <TaskInstance: etl_pipeline_modo_prueba.merge_datasets manual__2025-04-11T08:34:36.860494+00:00 [running]> on host 4cca4d824edf
[2025-04-11T08:40:48.671+0000] {taskinstance.py:2480} INFO - Exporting env vars: AIRFLOW_CTX_DAG_OWNER='simon' AIRFLOW_CTX_DAG_ID='etl_pipeline_modo_prueba' AIRFLOW_CTX_TASK_ID='merge_datasets' AIRFLOW_CTX_EXECUTION_DATE='2025-04-11T08:34:36.860494+00:00' AIRFLOW_CTX_TRY_NUMBER='1' AIRFLOW_CTX_DAG_RUN_ID='manual__2025-04-11T08:34:36.860494+00:00'
[2025-04-11T08:40:48.672+0000] {subprocess.py:63} INFO - Tmp dir root location: /tmp
[2025-04-11T08:40:48.673+0000] {subprocess.py:75} INFO - Running command: ['/usr/bin/bash', '-c', 'python3 /opt/***/scripts/merge_datasets.py']
[2025-04-11T08:40:48.685+0000] {subprocess.py:86} INFO - Output:
[2025-04-11T08:40:49.599+0000] {subprocess.py:93} INFO - 📥 Cargando datasets...
[2025-04-11T08:40:49.600+0000] {subprocess.py:93} INFO - ✅ Carga completada.
[2025-04-11T08:40:49.600+0000] {subprocess.py:93} INFO - 📊 Agrupando Spotify...
[2025-04-11T08:40:49.600+0000] {subprocess.py:93} INFO - 🏆 Agrupando Grammy...
[2025-04-11T08:40:49.600+0000] {subprocess.py:93} INFO - 📊 Agrupando Last.fm...
[2025-04-11T08:40:49.600+0000] {subprocess.py:93} INFO - 🔀 Uniendo Spotify y Grammy...
[2025-04-11T08:40:49.600+0000] {subprocess.py:93} INFO - 📈 Uniendo con Last.fm...
[2025-04-11T08:40:49.601+0000] {subprocess.py:93} INFO - 💾 Guardando dataset final...
[2025-04-11T08:40:49.601+0000] {subprocess.py:93} INFO - ✅ Dataset final guardado exitosamente.
[2025-04-11T08:40:49.694+0000] {subprocess.py:97} INFO - Command exited with return code 0
[2025-04-11T08:40:49.782+0000] {taskinstance.py:1138} INFO - Marking task as SUCCESS. dag_id=etl_pipeline_modo_prueba, task_id=merge_datasets, execution_date=20250411T083436, start_date=20250411T084048, end_date=20250411T084049
[2025-04-11T08:40:49.896+0000] {local_task_job_runner.py:234} INFO - Task exited with return code 0
[2025-04-11T08:40:49.923+0000] {taskinstance.py:3280} INFO - 1 downstream tasks scheduled from follow-on schedule check
