[2025-04-09T21:50:38.775+0000] {taskinstance.py:1956} INFO - Dependencies all met for dep_context=non-requeueable deps ti=<TaskInstance: etl_pipeline_modo_prueba.transform_lastfm manual__2025-04-09T21:44:10.334729+00:00 [queued]>
[2025-04-09T21:50:38.789+0000] {taskinstance.py:1956} INFO - Dependencies all met for dep_context=requeueable deps ti=<TaskInstance: etl_pipeline_modo_prueba.transform_lastfm manual__2025-04-09T21:44:10.334729+00:00 [queued]>
[2025-04-09T21:50:38.789+0000] {taskinstance.py:2170} INFO - Starting attempt 1 of 2
[2025-04-09T21:50:38.846+0000] {taskinstance.py:2191} INFO - Executing <Task(BashOperator): transform_lastfm> on 2025-04-09 21:44:10.334729+00:00
[2025-04-09T21:50:38.853+0000] {standard_task_runner.py:60} INFO - Started process 159 to run task
[2025-04-09T21:50:38.857+0000] {standard_task_runner.py:87} INFO - Running: ['***', 'tasks', 'run', 'etl_pipeline_modo_prueba', 'transform_lastfm', 'manual__2025-04-09T21:44:10.334729+00:00', '--job-id', '223', '--raw', '--subdir', 'DAGS_FOLDER/etl_workflow.py', '--cfg-path', '/tmp/tmp6aydxa9t']
[2025-04-09T21:50:38.858+0000] {standard_task_runner.py:88} INFO - Job 223: Subtask transform_lastfm
[2025-04-09T21:50:38.946+0000] {task_command.py:423} INFO - Running <TaskInstance: etl_pipeline_modo_prueba.transform_lastfm manual__2025-04-09T21:44:10.334729+00:00 [running]> on host e484fd93a5ef
[2025-04-09T21:50:39.125+0000] {taskinstance.py:2480} INFO - Exporting env vars: AIRFLOW_CTX_DAG_OWNER='simon' AIRFLOW_CTX_DAG_ID='etl_pipeline_modo_prueba' AIRFLOW_CTX_TASK_ID='transform_lastfm' AIRFLOW_CTX_EXECUTION_DATE='2025-04-09T21:44:10.334729+00:00' AIRFLOW_CTX_TRY_NUMBER='1' AIRFLOW_CTX_DAG_RUN_ID='manual__2025-04-09T21:44:10.334729+00:00'
[2025-04-09T21:50:39.128+0000] {subprocess.py:63} INFO - Tmp dir root location: /tmp
[2025-04-09T21:50:39.129+0000] {subprocess.py:75} INFO - Running command: ['/usr/bin/bash', '-c', 'python3 /opt/***/scripts/transform_lastfm.py']
[2025-04-09T21:50:39.143+0000] {subprocess.py:86} INFO - Output:
[2025-04-09T21:50:39.721+0000] {subprocess.py:93} INFO - ✅ Last.fm transformado guardado en /opt/***/data/processed/lastfm_transformed.parquet
[2025-04-09T21:50:39.722+0000] {subprocess.py:93} INFO -                artist  ...                                               tags
[2025-04-09T21:50:39.722+0000] {subprocess.py:93} INFO - 0         Ranky Tanky  ...                  jazz, blues, gospel, gullah, folk
[2025-04-09T21:50:39.722+0000] {subprocess.py:93} INFO - 1            Saweetie  ...  better than selena gomez, urban, Hip-Hop, fema...
[2025-04-09T21:50:39.723+0000] {subprocess.py:93} INFO - 2        Paloma Faith  ...  soul, female vocalists, british, pop, alternative
[2025-04-09T21:50:39.723+0000] {subprocess.py:93} INFO - 3    Polima WestCoast  ...
[2025-04-09T21:50:39.723+0000] {subprocess.py:93} INFO - 4           Meek Mill  ...                Hip-Hop, rap, hip hop, trap, Philly
[2025-04-09T21:50:39.723+0000] {subprocess.py:93} INFO - ..                ...  ...                                                ...
[2025-04-09T21:50:39.723+0000] {subprocess.py:93} INFO - 894      Lana Del Rey  ...  female vocalists, indie, indie pop, pop, alter...
[2025-04-09T21:50:39.723+0000] {subprocess.py:93} INFO - 895           Quevedo  ...     mid, mediocre, one hit wonder, wannabe, basura
[2025-04-09T21:50:39.724+0000] {subprocess.py:93} INFO - 896            Regard  ...     electronic, House, coldwave, Kosovo, post-punk
[2025-04-09T21:50:39.724+0000] {subprocess.py:93} INFO - 897           La Roux  ...  electropop, electronic, synthpop, dance, indie...
[2025-04-09T21:50:39.724+0000] {subprocess.py:93} INFO - 898       Tenacious D  ...  rock, comedy, hard rock, alternative rock, alt...
[2025-04-09T21:50:39.724+0000] {subprocess.py:93} INFO - 
[2025-04-09T21:50:39.724+0000] {subprocess.py:93} INFO - [899 rows x 5 columns]
[2025-04-09T21:50:39.813+0000] {subprocess.py:97} INFO - Command exited with return code 0
[2025-04-09T21:50:39.894+0000] {taskinstance.py:1138} INFO - Marking task as SUCCESS. dag_id=etl_pipeline_modo_prueba, task_id=transform_lastfm, execution_date=20250409T214410, start_date=20250409T215038, end_date=20250409T215039
[2025-04-09T21:50:39.971+0000] {local_task_job_runner.py:234} INFO - Task exited with return code 0
[2025-04-09T21:50:40.003+0000] {taskinstance.py:3280} INFO - 1 downstream tasks scheduled from follow-on schedule check
