[2025-04-11T08:06:51.921+0000] {taskinstance.py:1956} INFO - Dependencies all met for dep_context=non-requeueable deps ti=<TaskInstance: etl_pipeline_modo_prueba.transform_lastfm manual__2025-04-11T08:00:42.335962+00:00 [queued]>
[2025-04-11T08:06:51.931+0000] {taskinstance.py:1956} INFO - Dependencies all met for dep_context=requeueable deps ti=<TaskInstance: etl_pipeline_modo_prueba.transform_lastfm manual__2025-04-11T08:00:42.335962+00:00 [queued]>
[2025-04-11T08:06:51.932+0000] {taskinstance.py:2170} INFO - Starting attempt 1 of 2
[2025-04-11T08:06:51.998+0000] {taskinstance.py:2191} INFO - Executing <Task(BashOperator): transform_lastfm> on 2025-04-11 08:00:42.335962+00:00
[2025-04-11T08:06:52.004+0000] {standard_task_runner.py:60} INFO - Started process 156 to run task
[2025-04-11T08:06:52.007+0000] {standard_task_runner.py:87} INFO - Running: ['***', 'tasks', 'run', 'etl_pipeline_modo_prueba', 'transform_lastfm', 'manual__2025-04-11T08:00:42.335962+00:00', '--job-id', '471', '--raw', '--subdir', 'DAGS_FOLDER/etl_workflow.py', '--cfg-path', '/tmp/tmpo632eetb']
[2025-04-11T08:06:52.008+0000] {standard_task_runner.py:88} INFO - Job 471: Subtask transform_lastfm
[2025-04-11T08:06:52.093+0000] {task_command.py:423} INFO - Running <TaskInstance: etl_pipeline_modo_prueba.transform_lastfm manual__2025-04-11T08:00:42.335962+00:00 [running]> on host bf93b1b59d43
[2025-04-11T08:06:52.283+0000] {taskinstance.py:2480} INFO - Exporting env vars: AIRFLOW_CTX_DAG_OWNER='simon' AIRFLOW_CTX_DAG_ID='etl_pipeline_modo_prueba' AIRFLOW_CTX_TASK_ID='transform_lastfm' AIRFLOW_CTX_EXECUTION_DATE='2025-04-11T08:00:42.335962+00:00' AIRFLOW_CTX_TRY_NUMBER='1' AIRFLOW_CTX_DAG_RUN_ID='manual__2025-04-11T08:00:42.335962+00:00'
[2025-04-11T08:06:52.285+0000] {subprocess.py:63} INFO - Tmp dir root location: /tmp
[2025-04-11T08:06:52.286+0000] {subprocess.py:75} INFO - Running command: ['/usr/bin/bash', '-c', 'python3 /opt/***/scripts/transform_lastfm.py']
[2025-04-11T08:06:52.297+0000] {subprocess.py:86} INFO - Output:
[2025-04-11T08:06:52.768+0000] {subprocess.py:93} INFO - ✅ Last.fm transformado guardado en /opt/***/data/processed/lastfm_transformed.parquet
[2025-04-11T08:06:52.769+0000] {subprocess.py:93} INFO -                                 artist  ...                                               tags
[2025-04-11T08:06:52.769+0000] {subprocess.py:93} INFO - 0                           AP Dhillon  ...            Bhangra, canada, Indian, india, Punjabi
[2025-04-11T08:06:52.769+0000] {subprocess.py:93} INFO - 1                               Juanes  ...                  latin, spanish, pop, rock, latino
[2025-04-11T08:06:52.769+0000] {subprocess.py:93} INFO - 2                                  Aha  ...             80s, swedish, rock, synth pop, svenskt
[2025-04-11T08:06:52.769+0000] {subprocess.py:93} INFO - 3                     Ricardo Montaner  ...  ricardo montaner, latin, latin pop, venezuela,...
[2025-04-11T08:06:52.770+0000] {subprocess.py:93} INFO - 4                       Mild High Club  ...  psychedelic pop, psychedelic, Neo-Psychedelia,...
[2025-04-11T08:06:52.770+0000] {subprocess.py:93} INFO - ..                                 ...  ...                                                ...
[2025-04-11T08:06:52.770+0000] {subprocess.py:93} INFO - 784                        John Waters  ...  All, misc, free range caucasians, spelling lob...
[2025-04-11T08:06:52.770+0000] {subprocess.py:93} INFO - 785  JAY Z Featuring Justin Timberlake  ...                                   mistagged artist
[2025-04-11T08:06:52.770+0000] {subprocess.py:93} INFO - 786                    Southern Avenue  ...                 blues, soul, rock, blues rock, pop
[2025-04-11T08:06:52.770+0000] {subprocess.py:93} INFO - 787                        Aida Cuevas  ...   mexico, mariachi, pura ranchera, ranchera, latin
[2025-04-11T08:06:52.770+0000] {subprocess.py:93} INFO - 788                              Magic  ...  Psychedelic Rock, japanese, Hip-Hop, hip hop, ...
[2025-04-11T08:06:52.770+0000] {subprocess.py:93} INFO - 
[2025-04-11T08:06:52.771+0000] {subprocess.py:93} INFO - [789 rows x 5 columns]
[2025-04-11T08:06:52.857+0000] {subprocess.py:97} INFO - Command exited with return code 0
[2025-04-11T08:06:52.928+0000] {taskinstance.py:1138} INFO - Marking task as SUCCESS. dag_id=etl_pipeline_modo_prueba, task_id=transform_lastfm, execution_date=20250411T080042, start_date=20250411T080651, end_date=20250411T080652
[2025-04-11T08:06:52.980+0000] {local_task_job_runner.py:234} INFO - Task exited with return code 0
[2025-04-11T08:06:53.015+0000] {taskinstance.py:3280} INFO - 1 downstream tasks scheduled from follow-on schedule check
