[2025-04-10T08:14:16.650+0000] {taskinstance.py:1956} INFO - Dependencies all met for dep_context=non-requeueable deps ti=<TaskInstance: etl_pipeline_modo_prueba.extract_spotify manual__2025-04-10T08:14:14.529440+00:00 [queued]>
[2025-04-10T08:14:16.667+0000] {taskinstance.py:1956} INFO - Dependencies all met for dep_context=requeueable deps ti=<TaskInstance: etl_pipeline_modo_prueba.extract_spotify manual__2025-04-10T08:14:14.529440+00:00 [queued]>
[2025-04-10T08:14:16.668+0000] {taskinstance.py:2170} INFO - Starting attempt 1 of 2
[2025-04-10T08:14:16.855+0000] {taskinstance.py:2191} INFO - Executing <Task(BashOperator): extract_spotify> on 2025-04-10 08:14:14.529440+00:00
[2025-04-10T08:14:16.862+0000] {standard_task_runner.py:60} INFO - Started process 55 to run task
[2025-04-10T08:14:16.865+0000] {standard_task_runner.py:87} INFO - Running: ['***', 'tasks', 'run', 'etl_pipeline_modo_prueba', 'extract_spotify', 'manual__2025-04-10T08:14:14.529440+00:00', '--job-id', '243', '--raw', '--subdir', 'DAGS_FOLDER/etl_workflow.py', '--cfg-path', '/tmp/tmp2n1_2vmq']
[2025-04-10T08:14:16.866+0000] {standard_task_runner.py:88} INFO - Job 243: Subtask extract_spotify
[2025-04-10T08:14:17.004+0000] {task_command.py:423} INFO - Running <TaskInstance: etl_pipeline_modo_prueba.extract_spotify manual__2025-04-10T08:14:14.529440+00:00 [running]> on host a751b6086b55
[2025-04-10T08:14:17.202+0000] {taskinstance.py:2480} INFO - Exporting env vars: AIRFLOW_CTX_DAG_OWNER='simon' AIRFLOW_CTX_DAG_ID='etl_pipeline_modo_prueba' AIRFLOW_CTX_TASK_ID='extract_spotify' AIRFLOW_CTX_EXECUTION_DATE='2025-04-10T08:14:14.529440+00:00' AIRFLOW_CTX_TRY_NUMBER='1' AIRFLOW_CTX_DAG_RUN_ID='manual__2025-04-10T08:14:14.529440+00:00'
[2025-04-10T08:14:17.203+0000] {subprocess.py:63} INFO - Tmp dir root location: /tmp
[2025-04-10T08:14:17.205+0000] {subprocess.py:75} INFO - Running command: ['/usr/bin/bash', '-c', 'python3 /opt/***/scripts/extract_spotify.py']
[2025-04-10T08:14:17.229+0000] {subprocess.py:86} INFO - Output:
[2025-04-10T08:14:20.036+0000] {subprocess.py:93} INFO - ✅ Spotify guardado en /opt/***/data/processed/spotify.parquet
[2025-04-10T08:14:20.037+0000] {subprocess.py:93} INFO -        Unnamed: 0  ...  artist_normalized
[2025-04-10T08:14:20.037+0000] {subprocess.py:93} INFO - 20001       20001  ...          sam smith
[2025-04-10T08:14:20.037+0000] {subprocess.py:93} INFO - 81051       81051  ...          sam smith
[2025-04-10T08:14:20.037+0000] {subprocess.py:93} INFO - 51664       51664  ...           bizarrap
[2025-04-10T08:14:20.037+0000] {subprocess.py:93} INFO - 81210       81210  ...       david guetta
[2025-04-10T08:14:20.037+0000] {subprocess.py:93} INFO - 89411       89411  ...      manuel turizo
[2025-04-10T08:14:20.038+0000] {subprocess.py:93} INFO - ...           ...  ...                ...
[2025-04-10T08:14:20.038+0000] {subprocess.py:93} INFO - 91766       91766  ...       guns n roses
[2025-04-10T08:14:20.038+0000] {subprocess.py:93} INFO - 8001         8001  ...  cage the elephant
[2025-04-10T08:14:20.038+0000] {subprocess.py:93} INFO - 91765       91765  ...       guns n roses
[2025-04-10T08:14:20.038+0000] {subprocess.py:93} INFO - 2259         2259  ...            nirvana
[2025-04-10T08:14:20.038+0000] {subprocess.py:93} INFO - 3001         3001  ...            amaarae
[2025-04-10T08:14:20.038+0000] {subprocess.py:93} INFO - 
[2025-04-10T08:14:20.038+0000] {subprocess.py:93} INFO - [1210 rows x 23 columns]
[2025-04-10T08:14:20.133+0000] {subprocess.py:97} INFO - Command exited with return code 0
[2025-04-10T08:14:20.387+0000] {taskinstance.py:1138} INFO - Marking task as SUCCESS. dag_id=etl_pipeline_modo_prueba, task_id=extract_spotify, execution_date=20250410T081414, start_date=20250410T081416, end_date=20250410T081420
[2025-04-10T08:14:20.478+0000] {local_task_job_runner.py:234} INFO - Task exited with return code 0
[2025-04-10T08:14:20.524+0000] {taskinstance.py:3280} INFO - 1 downstream tasks scheduled from follow-on schedule check
