[2025-04-10T08:00:07.995+0000] {taskinstance.py:1956} INFO - Dependencies all met for dep_context=non-requeueable deps ti=<TaskInstance: etl_pipeline_modo_prueba.transform_grammy manual__2025-04-10T07:59:52.934722+00:00 [queued]>
[2025-04-10T08:00:08.017+0000] {taskinstance.py:1956} INFO - Dependencies all met for dep_context=requeueable deps ti=<TaskInstance: etl_pipeline_modo_prueba.transform_grammy manual__2025-04-10T07:59:52.934722+00:00 [queued]>
[2025-04-10T08:00:08.018+0000] {taskinstance.py:2170} INFO - Starting attempt 1 of 2
[2025-04-10T08:00:08.086+0000] {taskinstance.py:2191} INFO - Executing <Task(BashOperator): transform_grammy> on 2025-04-10 07:59:52.934722+00:00
[2025-04-10T08:00:08.092+0000] {standard_task_runner.py:60} INFO - Started process 98 to run task
[2025-04-10T08:00:08.095+0000] {standard_task_runner.py:87} INFO - Running: ['***', 'tasks', 'run', 'etl_pipeline_modo_prueba', 'transform_grammy', 'manual__2025-04-10T07:59:52.934722+00:00', '--job-id', '235', '--raw', '--subdir', 'DAGS_FOLDER/etl_workflow.py', '--cfg-path', '/tmp/tmpepgsab4x']
[2025-04-10T08:00:08.096+0000] {standard_task_runner.py:88} INFO - Job 235: Subtask transform_grammy
[2025-04-10T08:00:08.228+0000] {task_command.py:423} INFO - Running <TaskInstance: etl_pipeline_modo_prueba.transform_grammy manual__2025-04-10T07:59:52.934722+00:00 [running]> on host 72f9073dcedb
[2025-04-10T08:00:08.547+0000] {taskinstance.py:2480} INFO - Exporting env vars: AIRFLOW_CTX_DAG_OWNER='simon' AIRFLOW_CTX_DAG_ID='etl_pipeline_modo_prueba' AIRFLOW_CTX_TASK_ID='transform_grammy' AIRFLOW_CTX_EXECUTION_DATE='2025-04-10T07:59:52.934722+00:00' AIRFLOW_CTX_TRY_NUMBER='1' AIRFLOW_CTX_DAG_RUN_ID='manual__2025-04-10T07:59:52.934722+00:00'
[2025-04-10T08:00:08.548+0000] {subprocess.py:63} INFO - Tmp dir root location: /tmp
[2025-04-10T08:00:08.549+0000] {subprocess.py:75} INFO - Running command: ['/usr/bin/bash', '-c', 'python3 /opt/***/scripts/transform_grammy.py']
[2025-04-10T08:00:08.566+0000] {subprocess.py:86} INFO - Output:
[2025-04-10T08:00:09.359+0000] {subprocess.py:93} INFO - ✅ Grammy transformado guardado en /opt/***/data/processed/grammy_transformed.parquet
[2025-04-10T08:00:09.360+0000] {subprocess.py:93} INFO -                                                  artist  ...                                  artist_normalized
[2025-04-10T08:00:09.360+0000] {subprocess.py:93} INFO - 0                                         Billie Eilish  ...                                      billie eilish
[2025-04-10T08:00:09.360+0000] {subprocess.py:93} INFO - 1                                              Bon Iver  ...                                           bon iver
[2025-04-10T08:00:09.360+0000] {subprocess.py:93} INFO - 2                                         Ariana Grande  ...                                      ariana grande
[2025-04-10T08:00:09.360+0000] {subprocess.py:93} INFO - 3                                                H.E.R.  ...                                                her
[2025-04-10T08:00:09.360+0000] {subprocess.py:93} INFO - 4                                                Khalid  ...                                             khalid
[2025-04-10T08:00:09.360+0000] {subprocess.py:93} INFO - ...                                                 ...  ...                                                ...
[2025-04-10T08:00:09.361+0000] {subprocess.py:93} INFO - 1180                                  (Various Artists)  ...                                    various artists
[2025-04-10T08:00:09.361+0000] {subprocess.py:93} INFO - 1182  Ryan Bingham & T Bone Burnett, songwriters (Ry...  ...  ryan bingham  t bone burnett songwriters ryan ...
[2025-04-10T08:00:09.361+0000] {subprocess.py:93} INFO - 1207  Lucas Richman, Various Artists & The Royal Phi...  ...  lucas richman various artists  the royal philh...
[2025-04-10T08:00:09.361+0000] {subprocess.py:93} INFO - 1208                                          Lady Gaga  ...                                          lady gaga
[2025-04-10T08:00:09.361+0000] {subprocess.py:93} INFO - 1209                                        (The Doors)  ...                                          the doors
[2025-04-10T08:00:09.363+0000] {subprocess.py:93} INFO - 
[2025-04-10T08:00:09.363+0000] {subprocess.py:93} INFO - [735 rows x 5 columns]
[2025-04-10T08:00:09.500+0000] {subprocess.py:97} INFO - Command exited with return code 0
[2025-04-10T08:00:09.584+0000] {taskinstance.py:1138} INFO - Marking task as SUCCESS. dag_id=etl_pipeline_modo_prueba, task_id=transform_grammy, execution_date=20250410T075952, start_date=20250410T080007, end_date=20250410T080009
[2025-04-10T08:00:09.754+0000] {local_task_job_runner.py:234} INFO - Task exited with return code 0
[2025-04-10T08:00:09.933+0000] {taskinstance.py:3280} INFO - 0 downstream tasks scheduled from follow-on schedule check
