[2025-04-10T17:45:03.462+0000] {taskinstance.py:1956} INFO - Dependencies all met for dep_context=non-requeueable deps ti=<TaskInstance: etl_pipeline_modo_prueba.transform_lastfm manual__2025-04-10T17:38:05.729930+00:00 [queued]>
[2025-04-10T17:45:03.472+0000] {taskinstance.py:1956} INFO - Dependencies all met for dep_context=requeueable deps ti=<TaskInstance: etl_pipeline_modo_prueba.transform_lastfm manual__2025-04-10T17:38:05.729930+00:00 [queued]>
[2025-04-10T17:45:03.472+0000] {taskinstance.py:2170} INFO - Starting attempt 1 of 2
[2025-04-10T17:45:03.509+0000] {taskinstance.py:2191} INFO - Executing <Task(BashOperator): transform_lastfm> on 2025-04-10 17:38:05.729930+00:00
[2025-04-10T17:45:03.515+0000] {standard_task_runner.py:60} INFO - Started process 158 to run task
[2025-04-10T17:45:03.518+0000] {standard_task_runner.py:87} INFO - Running: ['***', 'tasks', 'run', 'etl_pipeline_modo_prueba', 'transform_lastfm', 'manual__2025-04-10T17:38:05.729930+00:00', '--job-id', '293', '--raw', '--subdir', 'DAGS_FOLDER/etl_workflow.py', '--cfg-path', '/tmp/tmphx4t28ts']
[2025-04-10T17:45:03.519+0000] {standard_task_runner.py:88} INFO - Job 293: Subtask transform_lastfm
[2025-04-10T17:45:03.593+0000] {task_command.py:423} INFO - Running <TaskInstance: etl_pipeline_modo_prueba.transform_lastfm manual__2025-04-10T17:38:05.729930+00:00 [running]> on host e8d53dd1124d
[2025-04-10T17:45:03.751+0000] {taskinstance.py:2480} INFO - Exporting env vars: AIRFLOW_CTX_DAG_OWNER='simon' AIRFLOW_CTX_DAG_ID='etl_pipeline_modo_prueba' AIRFLOW_CTX_TASK_ID='transform_lastfm' AIRFLOW_CTX_EXECUTION_DATE='2025-04-10T17:38:05.729930+00:00' AIRFLOW_CTX_TRY_NUMBER='1' AIRFLOW_CTX_DAG_RUN_ID='manual__2025-04-10T17:38:05.729930+00:00'
[2025-04-10T17:45:03.752+0000] {subprocess.py:63} INFO - Tmp dir root location: /tmp
[2025-04-10T17:45:03.753+0000] {subprocess.py:75} INFO - Running command: ['/usr/bin/bash', '-c', 'python3 /opt/***/scripts/transform_lastfm.py']
[2025-04-10T17:45:03.765+0000] {subprocess.py:86} INFO - Output:
[2025-04-10T17:45:04.221+0000] {subprocess.py:93} INFO - ✅ Last.fm transformado guardado en /opt/***/data/processed/lastfm_transformed.parquet
[2025-04-10T17:45:04.222+0000] {subprocess.py:93} INFO -                     artist  ...                                               tags
[2025-04-10T17:45:04.222+0000] {subprocess.py:93} INFO - 0    Damian Jr Gong Marley  ...               reggae, Hip-Hop, dub, ragga, jamaica
[2025-04-10T17:45:04.222+0000] {subprocess.py:93} INFO - 1      MAROON 5WIZ KHALIFA  ...
[2025-04-10T17:45:04.222+0000] {subprocess.py:93} INFO - 2                 Bee Gees  ...              Disco, pop, 70s, classic rock, oldies
[2025-04-10T17:45:04.222+0000] {subprocess.py:93} INFO - 3           Paul Avgerinos  ...       new age, ambient, chillout, relaxing, guitar
[2025-04-10T17:45:04.222+0000] {subprocess.py:93} INFO - 4             William Bell  ...  soul, stax, rhythm and blues, funk, Southern Soul
[2025-04-10T17:45:04.223+0000] {subprocess.py:93} INFO - ..                     ...  ...                                                ...
[2025-04-10T17:45:04.223+0000] {subprocess.py:93} INFO - 790          Darius Rucker  ...  country, new country, pop, rock, Hootie and th...
[2025-04-10T17:45:04.223+0000] {subprocess.py:93} INFO - 791            Betty White  ...  television, covers, actress, The Golden Age of...
[2025-04-10T17:45:04.223+0000] {subprocess.py:93} INFO - 792           Brad Mehldau  ...  jazz, piano, jazz piano, contemporary jazz, in...
[2025-04-10T17:45:04.223+0000] {subprocess.py:93} INFO - 793           Guns N Roses  ...  rock, hard rock, classic rock, Guns N' Roses, ...
[2025-04-10T17:45:04.223+0000] {subprocess.py:93} INFO - 794          Gary Clark Jr  ...                                          sxsw 2009
[2025-04-10T17:45:04.223+0000] {subprocess.py:93} INFO - 
[2025-04-10T17:45:04.224+0000] {subprocess.py:93} INFO - [795 rows x 5 columns]
[2025-04-10T17:45:04.302+0000] {subprocess.py:97} INFO - Command exited with return code 0
[2025-04-10T17:45:04.390+0000] {taskinstance.py:1138} INFO - Marking task as SUCCESS. dag_id=etl_pipeline_modo_prueba, task_id=transform_lastfm, execution_date=20250410T173805, start_date=20250410T174503, end_date=20250410T174504
[2025-04-10T17:45:04.451+0000] {local_task_job_runner.py:234} INFO - Task exited with return code 0
[2025-04-10T17:45:04.479+0000] {taskinstance.py:3280} INFO - 1 downstream tasks scheduled from follow-on schedule check
