[2025-04-11T04:53:53.543+0000] {taskinstance.py:1956} INFO - Dependencies all met for dep_context=non-requeueable deps ti=<TaskInstance: etl_pipeline_modo_prueba.transform_lastfm manual__2025-04-11T04:47:49.614140+00:00 [queued]>
[2025-04-11T04:53:53.554+0000] {taskinstance.py:1956} INFO - Dependencies all met for dep_context=requeueable deps ti=<TaskInstance: etl_pipeline_modo_prueba.transform_lastfm manual__2025-04-11T04:47:49.614140+00:00 [queued]>
[2025-04-11T04:53:53.554+0000] {taskinstance.py:2170} INFO - Starting attempt 1 of 2
[2025-04-11T04:53:53.617+0000] {taskinstance.py:2191} INFO - Executing <Task(BashOperator): transform_lastfm> on 2025-04-11 04:47:49.614140+00:00
[2025-04-11T04:53:53.623+0000] {standard_task_runner.py:60} INFO - Started process 155 to run task
[2025-04-11T04:53:53.627+0000] {standard_task_runner.py:87} INFO - Running: ['***', 'tasks', 'run', 'etl_pipeline_modo_prueba', 'transform_lastfm', 'manual__2025-04-11T04:47:49.614140+00:00', '--job-id', '394', '--raw', '--subdir', 'DAGS_FOLDER/etl_workflow.py', '--cfg-path', '/tmp/tmpaumxks50']
[2025-04-11T04:53:53.629+0000] {standard_task_runner.py:88} INFO - Job 394: Subtask transform_lastfm
[2025-04-11T04:53:53.706+0000] {task_command.py:423} INFO - Running <TaskInstance: etl_pipeline_modo_prueba.transform_lastfm manual__2025-04-11T04:47:49.614140+00:00 [running]> on host c11ea96e8cd6
[2025-04-11T04:53:53.868+0000] {taskinstance.py:2480} INFO - Exporting env vars: AIRFLOW_CTX_DAG_OWNER='simon' AIRFLOW_CTX_DAG_ID='etl_pipeline_modo_prueba' AIRFLOW_CTX_TASK_ID='transform_lastfm' AIRFLOW_CTX_EXECUTION_DATE='2025-04-11T04:47:49.614140+00:00' AIRFLOW_CTX_TRY_NUMBER='1' AIRFLOW_CTX_DAG_RUN_ID='manual__2025-04-11T04:47:49.614140+00:00'
[2025-04-11T04:53:53.869+0000] {subprocess.py:63} INFO - Tmp dir root location: /tmp
[2025-04-11T04:53:53.870+0000] {subprocess.py:75} INFO - Running command: ['/usr/bin/bash', '-c', 'python3 /opt/***/scripts/transform_lastfm.py']
[2025-04-11T04:53:53.882+0000] {subprocess.py:86} INFO - Output:
[2025-04-11T04:53:57.299+0000] {subprocess.py:93} INFO - ✅ Last.fm transformado guardado en /opt/***/data/processed/lastfm_transformed.parquet
[2025-04-11T04:53:57.299+0000] {subprocess.py:93} INFO -                            artist  ...                                               tags
[2025-04-11T04:53:57.299+0000] {subprocess.py:93} INFO - 0                           Shubh  ...               Hip-Hop, rap, Indian, india, Punjabi
[2025-04-11T04:53:57.300+0000] {subprocess.py:93} INFO - 1                   Julian Marley  ...  reggae, roots reggae, jamaica, roots, marley f...
[2025-04-11T04:53:57.300+0000] {subprocess.py:93} INFO - 2                         Farruko  ...  Reggaeton, Puerto Rican, mierda, farruko, Brut...
[2025-04-11T04:53:57.300+0000] {subprocess.py:93} INFO - 3                 Tears for Fears  ...                new wave, 80s, pop, synth pop, rock
[2025-04-11T04:53:57.300+0000] {subprocess.py:93} INFO - 4    Tycho featuring Saint Sinner  ...
[2025-04-11T04:53:57.300+0000] {subprocess.py:93} INFO - ..                            ...  ...                                                ...
[2025-04-11T04:53:57.301+0000] {subprocess.py:93} INFO - 784         The Travelin McCourys  ...
[2025-04-11T04:53:57.301+0000] {subprocess.py:93} INFO - 785            Panic at the Disco  ...    rock, alternative, indie, alternative rock, emo
[2025-04-11T04:53:57.301+0000] {subprocess.py:93} INFO - 786        The Earls Of Leicester  ...                               bluegrass, folk, USA
[2025-04-11T04:53:57.302+0000] {subprocess.py:93} INFO - 787  Shawn Mendes  Camila Cabello  ...
[2025-04-11T04:53:57.302+0000] {subprocess.py:93} INFO - 788                   Aida Cuevas  ...   mexico, mariachi, pura ranchera, ranchera, latin
[2025-04-11T04:53:57.302+0000] {subprocess.py:93} INFO - 
[2025-04-11T04:53:57.303+0000] {subprocess.py:93} INFO - [789 rows x 5 columns]
[2025-04-11T04:53:57.390+0000] {subprocess.py:97} INFO - Command exited with return code 0
[2025-04-11T04:53:57.463+0000] {taskinstance.py:1138} INFO - Marking task as SUCCESS. dag_id=etl_pipeline_modo_prueba, task_id=transform_lastfm, execution_date=20250411T044749, start_date=20250411T045353, end_date=20250411T045357
[2025-04-11T04:53:57.566+0000] {local_task_job_runner.py:234} INFO - Task exited with return code 0
[2025-04-11T04:53:57.595+0000] {taskinstance.py:3280} INFO - 1 downstream tasks scheduled from follow-on schedule check
