[2025-04-11T07:49:07.516+0000] {taskinstance.py:1956} INFO - Dependencies all met for dep_context=non-requeueable deps ti=<TaskInstance: etl_pipeline_modo_prueba.extract_spotify manual__2025-04-11T07:49:05.654264+00:00 [queued]>
[2025-04-11T07:49:07.529+0000] {taskinstance.py:1956} INFO - Dependencies all met for dep_context=requeueable deps ti=<TaskInstance: etl_pipeline_modo_prueba.extract_spotify manual__2025-04-11T07:49:05.654264+00:00 [queued]>
[2025-04-11T07:49:07.529+0000] {taskinstance.py:2170} INFO - Starting attempt 1 of 2
[2025-04-11T07:49:07.579+0000] {taskinstance.py:2191} INFO - Executing <Task(BashOperator): extract_spotify> on 2025-04-11 07:49:05.654264+00:00
[2025-04-11T07:49:07.588+0000] {standard_task_runner.py:60} INFO - Started process 55 to run task
[2025-04-11T07:49:07.592+0000] {standard_task_runner.py:87} INFO - Running: ['***', 'tasks', 'run', 'etl_pipeline_modo_prueba', 'extract_spotify', 'manual__2025-04-11T07:49:05.654264+00:00', '--job-id', '457', '--raw', '--subdir', 'DAGS_FOLDER/etl_workflow.py', '--cfg-path', '/tmp/tmpvu4eml4o']
[2025-04-11T07:49:07.593+0000] {standard_task_runner.py:88} INFO - Job 457: Subtask extract_spotify
[2025-04-11T07:49:07.708+0000] {task_command.py:423} INFO - Running <TaskInstance: etl_pipeline_modo_prueba.extract_spotify manual__2025-04-11T07:49:05.654264+00:00 [running]> on host 6c0b66bf1576
[2025-04-11T07:49:07.997+0000] {taskinstance.py:2480} INFO - Exporting env vars: AIRFLOW_CTX_DAG_OWNER='simon' AIRFLOW_CTX_DAG_ID='etl_pipeline_modo_prueba' AIRFLOW_CTX_TASK_ID='extract_spotify' AIRFLOW_CTX_EXECUTION_DATE='2025-04-11T07:49:05.654264+00:00' AIRFLOW_CTX_TRY_NUMBER='1' AIRFLOW_CTX_DAG_RUN_ID='manual__2025-04-11T07:49:05.654264+00:00'
[2025-04-11T07:49:08.001+0000] {subprocess.py:63} INFO - Tmp dir root location: /tmp
[2025-04-11T07:49:08.003+0000] {subprocess.py:75} INFO - Running command: ['/usr/bin/bash', '-c', 'python3 /opt/***/scripts/extract_spotify.py']
[2025-04-11T07:49:08.048+0000] {subprocess.py:86} INFO - Output:
[2025-04-11T07:49:10.388+0000] {subprocess.py:93} INFO - ✅ Spotify guardado en /opt/***/data/processed/spotify.parquet
[2025-04-11T07:49:10.388+0000] {subprocess.py:93} INFO -              artists artist_normalized
[2025-04-11T07:49:10.388+0000] {subprocess.py:93} INFO - 89411  Manuel Turizo     manuel turizo
[2025-04-11T07:49:10.388+0000] {subprocess.py:93} INFO - 68303  Manuel Turizo     manuel turizo
[2025-04-11T07:49:10.389+0000] {subprocess.py:93} INFO - 88410  Manuel Turizo     manuel turizo
[2025-04-11T07:49:10.389+0000] {subprocess.py:93} INFO - 67356  Manuel Turizo     manuel turizo
[2025-04-11T07:49:10.389+0000] {subprocess.py:93} INFO - 68304      Bad Bunny         bad bunny
[2025-04-11T07:49:10.389+0000] {subprocess.py:93} INFO - ...              ...               ...
[2025-04-11T07:49:10.389+0000] {subprocess.py:93} INFO - 2304          Pixies            pixies
[2025-04-11T07:49:10.389+0000] {subprocess.py:93} INFO - 11055    The Beatles       the beatles
[2025-04-11T07:49:10.389+0000] {subprocess.py:93} INFO - 63021          Aimer             aimer
[2025-04-11T07:49:10.389+0000] {subprocess.py:93} INFO - 37908    Limp Bizkit       limp bizkit
[2025-04-11T07:49:10.390+0000] {subprocess.py:93} INFO - 39515      Rammstein         rammstein
[2025-04-11T07:49:10.390+0000] {subprocess.py:93} INFO - 
[2025-04-11T07:49:10.390+0000] {subprocess.py:93} INFO - [1210 rows x 2 columns]
[2025-04-11T07:49:10.479+0000] {subprocess.py:97} INFO - Command exited with return code 0
[2025-04-11T07:49:10.552+0000] {taskinstance.py:1138} INFO - Marking task as SUCCESS. dag_id=etl_pipeline_modo_prueba, task_id=extract_spotify, execution_date=20250411T074905, start_date=20250411T074907, end_date=20250411T074910
[2025-04-11T07:49:10.619+0000] {local_task_job_runner.py:234} INFO - Task exited with return code 0
[2025-04-11T07:49:10.648+0000] {taskinstance.py:3280} INFO - 1 downstream tasks scheduled from follow-on schedule check
