[2025-04-09T14:53:07.126+0000] {taskinstance.py:1956} INFO - Dependencies all met for dep_context=non-requeueable deps ti=<TaskInstance: etl_pipeline_modo_prueba.transform_grammy manual__2025-04-09T14:52:55.206925+00:00 [queued]>
[2025-04-09T14:53:07.141+0000] {taskinstance.py:1956} INFO - Dependencies all met for dep_context=requeueable deps ti=<TaskInstance: etl_pipeline_modo_prueba.transform_grammy manual__2025-04-09T14:52:55.206925+00:00 [queued]>
[2025-04-09T14:53:07.142+0000] {taskinstance.py:2170} INFO - Starting attempt 1 of 2
[2025-04-09T14:53:07.212+0000] {taskinstance.py:2191} INFO - Executing <Task(BashOperator): transform_grammy> on 2025-04-09 14:52:55.206925+00:00
[2025-04-09T14:53:07.220+0000] {standard_task_runner.py:60} INFO - Started process 107 to run task
[2025-04-09T14:53:07.223+0000] {standard_task_runner.py:87} INFO - Running: ['***', 'tasks', 'run', 'etl_pipeline_modo_prueba', 'transform_grammy', 'manual__2025-04-09T14:52:55.206925+00:00', '--job-id', '116', '--raw', '--subdir', 'DAGS_FOLDER/etl_workflow.py', '--cfg-path', '/tmp/tmpbzkg1amn']
[2025-04-09T14:53:07.225+0000] {standard_task_runner.py:88} INFO - Job 116: Subtask transform_grammy
[2025-04-09T14:53:07.338+0000] {task_command.py:423} INFO - Running <TaskInstance: etl_pipeline_modo_prueba.transform_grammy manual__2025-04-09T14:52:55.206925+00:00 [running]> on host f58542883711
[2025-04-09T14:53:07.611+0000] {taskinstance.py:2480} INFO - Exporting env vars: AIRFLOW_CTX_DAG_OWNER='simon' AIRFLOW_CTX_DAG_ID='etl_pipeline_modo_prueba' AIRFLOW_CTX_TASK_ID='transform_grammy' AIRFLOW_CTX_EXECUTION_DATE='2025-04-09T14:52:55.206925+00:00' AIRFLOW_CTX_TRY_NUMBER='1' AIRFLOW_CTX_DAG_RUN_ID='manual__2025-04-09T14:52:55.206925+00:00'
[2025-04-09T14:53:07.613+0000] {subprocess.py:63} INFO - Tmp dir root location: /tmp
[2025-04-09T14:53:07.614+0000] {subprocess.py:75} INFO - Running command: ['/usr/bin/bash', '-c', 'python3 /opt/***/scripts/transform_grammy.py']
[2025-04-09T14:53:07.626+0000] {subprocess.py:86} INFO - Output:
[2025-04-09T14:53:11.644+0000] {subprocess.py:93} INFO - ✅ Grammy transformado guardado en /opt/***/data/processed/grammy_transformed.parquet
[2025-04-09T14:53:11.645+0000] {subprocess.py:93} INFO -                                                  artist  ...                                  artist_normalized
[2025-04-09T14:53:11.645+0000] {subprocess.py:93} INFO - 0                                         Billie Eilish  ...                                      billie eilish
[2025-04-09T14:53:11.645+0000] {subprocess.py:93} INFO - 1                                              Bon Iver  ...                                           bon iver
[2025-04-09T14:53:11.645+0000] {subprocess.py:93} INFO - 2                                         Ariana Grande  ...                                      ariana grande
[2025-04-09T14:53:11.645+0000] {subprocess.py:93} INFO - 3                                                H.E.R.  ...                                                her
[2025-04-09T14:53:11.646+0000] {subprocess.py:93} INFO - 4                                                Khalid  ...                                             khalid
[2025-04-09T14:53:11.646+0000] {subprocess.py:93} INFO - ...                                                 ...  ...                                                ...
[2025-04-09T14:53:11.646+0000] {subprocess.py:93} INFO - 4793                                  The Kingston Trio  ...                                  the kingston trio
[2025-04-09T14:53:11.646+0000] {subprocess.py:93} INFO - 4794                                         The Champs  ...                                         the champs
[2025-04-09T14:53:11.646+0000] {subprocess.py:93} INFO - 4801                                       Andre Previn  ...                                       andre previn
[2025-04-09T14:53:11.646+0000] {subprocess.py:93} INFO - 4802                                       Stan Freberg  ...                                       stan freberg
[2025-04-09T14:53:11.646+0000] {subprocess.py:93} INFO - 4803  David Seville And The Chipmunks (Ross Bagdasar...  ...  david seville and the chipmunks ross bagdasari...
[2025-04-09T14:53:11.647+0000] {subprocess.py:93} INFO - 
[2025-04-09T14:53:11.647+0000] {subprocess.py:93} INFO - [2970 rows x 5 columns]
[2025-04-09T14:53:11.746+0000] {subprocess.py:97} INFO - Command exited with return code 0
[2025-04-09T14:53:12.017+0000] {taskinstance.py:1138} INFO - Marking task as SUCCESS. dag_id=etl_pipeline_modo_prueba, task_id=transform_grammy, execution_date=20250409T145255, start_date=20250409T145307, end_date=20250409T145312
[2025-04-09T14:53:12.556+0000] {local_task_job_runner.py:234} INFO - Task exited with return code 0
[2025-04-09T14:53:12.718+0000] {taskinstance.py:3280} INFO - 1 downstream tasks scheduled from follow-on schedule check
