[2025-04-11T05:56:53.594+0000] {taskinstance.py:1956} INFO - Dependencies all met for dep_context=non-requeueable deps ti=<TaskInstance: etl_pipeline_modo_prueba.transform_lastfm manual__2025-04-11T05:50:45.806125+00:00 [queued]>
[2025-04-11T05:56:53.604+0000] {taskinstance.py:1956} INFO - Dependencies all met for dep_context=requeueable deps ti=<TaskInstance: etl_pipeline_modo_prueba.transform_lastfm manual__2025-04-11T05:50:45.806125+00:00 [queued]>
[2025-04-11T05:56:53.604+0000] {taskinstance.py:2170} INFO - Starting attempt 1 of 2
[2025-04-11T05:56:53.641+0000] {taskinstance.py:2191} INFO - Executing <Task(BashOperator): transform_lastfm> on 2025-04-11 05:50:45.806125+00:00
[2025-04-11T05:56:53.648+0000] {standard_task_runner.py:60} INFO - Started process 156 to run task
[2025-04-11T05:56:53.651+0000] {standard_task_runner.py:87} INFO - Running: ['***', 'tasks', 'run', 'etl_pipeline_modo_prueba', 'transform_lastfm', 'manual__2025-04-11T05:50:45.806125+00:00', '--job-id', '437', '--raw', '--subdir', 'DAGS_FOLDER/etl_workflow.py', '--cfg-path', '/tmp/tmp51lv9p74']
[2025-04-11T05:56:53.651+0000] {standard_task_runner.py:88} INFO - Job 437: Subtask transform_lastfm
[2025-04-11T05:56:53.745+0000] {task_command.py:423} INFO - Running <TaskInstance: etl_pipeline_modo_prueba.transform_lastfm manual__2025-04-11T05:50:45.806125+00:00 [running]> on host bdba95992caa
[2025-04-11T05:56:53.894+0000] {taskinstance.py:2480} INFO - Exporting env vars: AIRFLOW_CTX_DAG_OWNER='simon' AIRFLOW_CTX_DAG_ID='etl_pipeline_modo_prueba' AIRFLOW_CTX_TASK_ID='transform_lastfm' AIRFLOW_CTX_EXECUTION_DATE='2025-04-11T05:50:45.806125+00:00' AIRFLOW_CTX_TRY_NUMBER='1' AIRFLOW_CTX_DAG_RUN_ID='manual__2025-04-11T05:50:45.806125+00:00'
[2025-04-11T05:56:53.895+0000] {subprocess.py:63} INFO - Tmp dir root location: /tmp
[2025-04-11T05:56:53.896+0000] {subprocess.py:75} INFO - Running command: ['/usr/bin/bash', '-c', 'python3 /opt/***/scripts/transform_lastfm.py']
[2025-04-11T05:56:53.908+0000] {subprocess.py:86} INFO - Output:
[2025-04-11T05:56:54.392+0000] {subprocess.py:93} INFO - ✅ Last.fm transformado guardado en /opt/***/data/processed/lastfm_transformed.parquet
[2025-04-11T05:56:54.392+0000] {subprocess.py:93} INFO -            artist  ...                                               tags
[2025-04-11T05:56:54.393+0000] {subprocess.py:93} INFO - 0       Tom Odell  ...  indie, seen live, folk, british, singer-songwr...
[2025-04-11T05:56:54.393+0000] {subprocess.py:93} INFO - 1          Boston  ...  classic rock, rock, hard rock, 80s, Progressiv...
[2025-04-11T05:56:54.393+0000] {subprocess.py:93} INFO - 2       Intocable  ...  tejano, regional mexican, Norteno, mexican, IN...
[2025-04-11T05:56:54.393+0000] {subprocess.py:93} INFO - 3     Keith Urban  ...  country, Keith Urban, singer-songwriter, rock,...
[2025-04-11T05:56:54.393+0000] {subprocess.py:93} INFO - 4     CeCe Winans  ...  gospel, christian, contemporary christian, Cec...
[2025-04-11T05:56:54.393+0000] {subprocess.py:93} INFO - ..            ...  ...                                                ...
[2025-04-11T05:56:54.394+0000] {subprocess.py:93} INFO - 784   The Strokes  ...  indie rock, rock, indie, alternative, alternat...
[2025-04-11T05:56:54.394+0000] {subprocess.py:93} INFO - 785  Missy Raines  ...     americana, bluegrass, jazz, instrumental, folk
[2025-04-11T05:56:54.394+0000] {subprocess.py:93} INFO - 786  Daddy Yankee  ...            Reggaeton, latin, Hip-Hop, spanish, rap
[2025-04-11T05:56:54.394+0000] {subprocess.py:93} INFO - 787   John Waters  ...  All, misc, free range caucasians, spelling lob...
[2025-04-11T05:56:54.394+0000] {subprocess.py:93} INFO - 788   Gipsy Kings  ...            Flamenco, latin, spanish, guitar, world
[2025-04-11T05:56:54.395+0000] {subprocess.py:93} INFO - 
[2025-04-11T05:56:54.395+0000] {subprocess.py:93} INFO - [789 rows x 5 columns]
[2025-04-11T05:56:54.472+0000] {subprocess.py:97} INFO - Command exited with return code 0
[2025-04-11T05:56:54.531+0000] {taskinstance.py:1138} INFO - Marking task as SUCCESS. dag_id=etl_pipeline_modo_prueba, task_id=transform_lastfm, execution_date=20250411T055045, start_date=20250411T055653, end_date=20250411T055654
[2025-04-11T05:56:54.625+0000] {local_task_job_runner.py:234} INFO - Task exited with return code 0
[2025-04-11T05:56:54.653+0000] {taskinstance.py:3280} INFO - 1 downstream tasks scheduled from follow-on schedule check
