[2025-04-09T21:37:11.882+0000] {taskinstance.py:1956} INFO - Dependencies all met for dep_context=non-requeueable deps ti=<TaskInstance: etl_pipeline_modo_prueba.transform_lastfm manual__2025-04-09T21:12:03.829920+00:00 [queued]>
[2025-04-09T21:37:11.894+0000] {taskinstance.py:1956} INFO - Dependencies all met for dep_context=requeueable deps ti=<TaskInstance: etl_pipeline_modo_prueba.transform_lastfm manual__2025-04-09T21:12:03.829920+00:00 [queued]>
[2025-04-09T21:37:11.894+0000] {taskinstance.py:2170} INFO - Starting attempt 1 of 2
[2025-04-09T21:37:11.939+0000] {taskinstance.py:2191} INFO - Executing <Task(BashOperator): transform_lastfm> on 2025-04-09 21:12:03.829920+00:00
[2025-04-09T21:37:11.946+0000] {standard_task_runner.py:60} INFO - Started process 257 to run task
[2025-04-09T21:37:11.951+0000] {standard_task_runner.py:87} INFO - Running: ['***', 'tasks', 'run', 'etl_pipeline_modo_prueba', 'transform_lastfm', 'manual__2025-04-09T21:12:03.829920+00:00', '--job-id', '207', '--raw', '--subdir', 'DAGS_FOLDER/etl_workflow.py', '--cfg-path', '/tmp/tmpw2tqvb12']
[2025-04-09T21:37:11.953+0000] {standard_task_runner.py:88} INFO - Job 207: Subtask transform_lastfm
[2025-04-09T21:37:12.041+0000] {task_command.py:423} INFO - Running <TaskInstance: etl_pipeline_modo_prueba.transform_lastfm manual__2025-04-09T21:12:03.829920+00:00 [running]> on host 705bf0793dae
[2025-04-09T21:37:12.231+0000] {taskinstance.py:2480} INFO - Exporting env vars: AIRFLOW_CTX_DAG_OWNER='simon' AIRFLOW_CTX_DAG_ID='etl_pipeline_modo_prueba' AIRFLOW_CTX_TASK_ID='transform_lastfm' AIRFLOW_CTX_EXECUTION_DATE='2025-04-09T21:12:03.829920+00:00' AIRFLOW_CTX_TRY_NUMBER='1' AIRFLOW_CTX_DAG_RUN_ID='manual__2025-04-09T21:12:03.829920+00:00'
[2025-04-09T21:37:12.234+0000] {subprocess.py:63} INFO - Tmp dir root location: /tmp
[2025-04-09T21:37:12.235+0000] {subprocess.py:75} INFO - Running command: ['/usr/bin/bash', '-c', 'python3 /opt/***/scripts/transform_lastfm.py']
[2025-04-09T21:37:12.255+0000] {subprocess.py:86} INFO - Output:
[2025-04-09T21:37:12.867+0000] {subprocess.py:93} INFO - ✅ Last.fm transformado guardado en /opt/***/data/processed/lastfm_transformed.parquet
[2025-04-09T21:37:12.867+0000] {subprocess.py:93} INFO -                                  artist  ...                                               tags
[2025-04-09T21:37:12.868+0000] {subprocess.py:93} INFO - 0                         Ariana Grande  ...  pop, rnb, female vocalists, Ariana Grande, ame...
[2025-04-09T21:37:12.868+0000] {subprocess.py:93} INFO - 1                                 GIDLE  ...                                           WRONGTAG
[2025-04-09T21:37:12.868+0000] {subprocess.py:93} INFO - 2    Clean Bandit Featuring Jess Glynne  ...
[2025-04-09T21:37:12.868+0000] {subprocess.py:93} INFO - 3                                 Drake  ...               Hip-Hop, rap, rnb, hip hop, Canadian
[2025-04-09T21:37:12.868+0000] {subprocess.py:93} INFO - 4                           Niall Horan  ...         pop, irish, folk, seen live, one direction
[2025-04-09T21:37:12.869+0000] {subprocess.py:93} INFO - ..                                  ...  ...                                                ...
[2025-04-09T21:37:12.869+0000] {subprocess.py:93} INFO - 892                       Mavis Staples  ...  soul, blues, gospel, female vocalists, rhythm ...
[2025-04-09T21:37:12.869+0000] {subprocess.py:93} INFO - 893                                Zedd  ...  electronic, electro house, House, electro, dub...
[2025-04-09T21:37:12.869+0000] {subprocess.py:93} INFO - 894          Marlow Rosado y La Riquena  ...
[2025-04-09T21:37:12.869+0000] {subprocess.py:93} INFO - 895                    Chord Overstreet  ...   glee, pop, Glee Cast, Soundtrack, male vocalists
[2025-04-09T21:37:12.869+0000] {subprocess.py:93} INFO - 896                        Marty Stuart  ...  country, bluegrass, folk, Alt-country, male co...
[2025-04-09T21:37:12.869+0000] {subprocess.py:93} INFO - 
[2025-04-09T21:37:12.870+0000] {subprocess.py:93} INFO - [897 rows x 5 columns]
[2025-04-09T21:37:12.956+0000] {subprocess.py:97} INFO - Command exited with return code 0
[2025-04-09T21:37:13.030+0000] {taskinstance.py:1138} INFO - Marking task as SUCCESS. dag_id=etl_pipeline_modo_prueba, task_id=transform_lastfm, execution_date=20250409T211203, start_date=20250409T213711, end_date=20250409T213713
[2025-04-09T21:37:13.128+0000] {local_task_job_runner.py:234} INFO - Task exited with return code 0
[2025-04-09T21:37:13.158+0000] {taskinstance.py:3280} INFO - 1 downstream tasks scheduled from follow-on schedule check
