[2025-04-11T09:14:36.793+0000] {taskinstance.py:1956} INFO - Dependencies all met for dep_context=non-requeueable deps ti=<TaskInstance: etl_pipeline_modo_prueba.merge_datasets manual__2025-04-11T09:08:25.942892+00:00 [queued]>
[2025-04-11T09:14:36.803+0000] {taskinstance.py:1956} INFO - Dependencies all met for dep_context=requeueable deps ti=<TaskInstance: etl_pipeline_modo_prueba.merge_datasets manual__2025-04-11T09:08:25.942892+00:00 [queued]>
[2025-04-11T09:14:36.803+0000] {taskinstance.py:2170} INFO - Starting attempt 1 of 2
[2025-04-11T09:14:36.851+0000] {taskinstance.py:2191} INFO - Executing <Task(BashOperator): merge_datasets> on 2025-04-11 09:08:25.942892+00:00
[2025-04-11T09:14:36.857+0000] {standard_task_runner.py:60} INFO - Started process 182 to run task
[2025-04-11T09:14:36.860+0000] {standard_task_runner.py:87} INFO - Running: ['***', 'tasks', 'run', 'etl_pipeline_modo_prueba', 'merge_datasets', 'manual__2025-04-11T09:08:25.942892+00:00', '--job-id', '505', '--raw', '--subdir', 'DAGS_FOLDER/etl_workflow.py', '--cfg-path', '/tmp/tmp_5xggwek']
[2025-04-11T09:14:36.861+0000] {standard_task_runner.py:88} INFO - Job 505: Subtask merge_datasets
[2025-04-11T09:14:36.954+0000] {task_command.py:423} INFO - Running <TaskInstance: etl_pipeline_modo_prueba.merge_datasets manual__2025-04-11T09:08:25.942892+00:00 [running]> on host 0c9614b992bf
[2025-04-11T09:14:37.161+0000] {taskinstance.py:2480} INFO - Exporting env vars: AIRFLOW_CTX_DAG_OWNER='simon' AIRFLOW_CTX_DAG_ID='etl_pipeline_modo_prueba' AIRFLOW_CTX_TASK_ID='merge_datasets' AIRFLOW_CTX_EXECUTION_DATE='2025-04-11T09:08:25.942892+00:00' AIRFLOW_CTX_TRY_NUMBER='1' AIRFLOW_CTX_DAG_RUN_ID='manual__2025-04-11T09:08:25.942892+00:00'
[2025-04-11T09:14:37.162+0000] {subprocess.py:63} INFO - Tmp dir root location: /tmp
[2025-04-11T09:14:37.163+0000] {subprocess.py:75} INFO - Running command: ['/usr/bin/bash', '-c', 'python3 /opt/***/scripts/merge_datasets.py']
[2025-04-11T09:14:37.175+0000] {subprocess.py:86} INFO - Output:
[2025-04-11T09:14:38.070+0000] {subprocess.py:93} INFO - 📥 Cargando datasets...
[2025-04-11T09:14:38.071+0000] {subprocess.py:93} INFO - ✅ Carga completada.
[2025-04-11T09:14:38.071+0000] {subprocess.py:93} INFO - 📊 Agrupando Spotify...
[2025-04-11T09:14:38.071+0000] {subprocess.py:93} INFO - 🏆 Agrupando Grammy...
[2025-04-11T09:14:38.071+0000] {subprocess.py:93} INFO - 📊 Agrupando Last.fm...
[2025-04-11T09:14:38.072+0000] {subprocess.py:93} INFO - 🔀 Uniendo Spotify y Grammy...
[2025-04-11T09:14:38.072+0000] {subprocess.py:93} INFO - 📈 Uniendo con Last.fm...
[2025-04-11T09:14:38.072+0000] {subprocess.py:93} INFO - 💾 Guardando dataset final...
[2025-04-11T09:14:38.072+0000] {subprocess.py:93} INFO - ✅ Dataset final guardado exitosamente.
[2025-04-11T09:14:38.150+0000] {subprocess.py:97} INFO - Command exited with return code 0
[2025-04-11T09:14:38.201+0000] {taskinstance.py:1138} INFO - Marking task as SUCCESS. dag_id=etl_pipeline_modo_prueba, task_id=merge_datasets, execution_date=20250411T090825, start_date=20250411T091436, end_date=20250411T091438
[2025-04-11T09:14:38.276+0000] {local_task_job_runner.py:234} INFO - Task exited with return code 0
[2025-04-11T09:14:38.302+0000] {taskinstance.py:3280} INFO - 1 downstream tasks scheduled from follow-on schedule check
