[2025-04-09T15:27:05.756+0000] {taskinstance.py:1956} INFO - Dependencies all met for dep_context=non-requeueable deps ti=<TaskInstance: etl_pipeline_modo_prueba.transform_grammy manual__2025-04-09T15:26:54.720180+00:00 [queued]>
[2025-04-09T15:27:05.772+0000] {taskinstance.py:1956} INFO - Dependencies all met for dep_context=requeueable deps ti=<TaskInstance: etl_pipeline_modo_prueba.transform_grammy manual__2025-04-09T15:26:54.720180+00:00 [queued]>
[2025-04-09T15:27:05.772+0000] {taskinstance.py:2170} INFO - Starting attempt 1 of 2
[2025-04-09T15:27:05.844+0000] {taskinstance.py:2191} INFO - Executing <Task(BashOperator): transform_grammy> on 2025-04-09 15:26:54.720180+00:00
[2025-04-09T15:27:05.851+0000] {standard_task_runner.py:60} INFO - Started process 116 to run task
[2025-04-09T15:27:05.856+0000] {standard_task_runner.py:87} INFO - Running: ['***', 'tasks', 'run', 'etl_pipeline_modo_prueba', 'transform_grammy', 'manual__2025-04-09T15:26:54.720180+00:00', '--job-id', '127', '--raw', '--subdir', 'DAGS_FOLDER/etl_workflow.py', '--cfg-path', '/tmp/tmpuu1qn5wb']
[2025-04-09T15:27:05.857+0000] {standard_task_runner.py:88} INFO - Job 127: Subtask transform_grammy
[2025-04-09T15:27:05.948+0000] {task_command.py:423} INFO - Running <TaskInstance: etl_pipeline_modo_prueba.transform_grammy manual__2025-04-09T15:26:54.720180+00:00 [running]> on host f6eb19ebacef
[2025-04-09T15:27:06.180+0000] {taskinstance.py:2480} INFO - Exporting env vars: AIRFLOW_CTX_DAG_OWNER='simon' AIRFLOW_CTX_DAG_ID='etl_pipeline_modo_prueba' AIRFLOW_CTX_TASK_ID='transform_grammy' AIRFLOW_CTX_EXECUTION_DATE='2025-04-09T15:26:54.720180+00:00' AIRFLOW_CTX_TRY_NUMBER='1' AIRFLOW_CTX_DAG_RUN_ID='manual__2025-04-09T15:26:54.720180+00:00'
[2025-04-09T15:27:06.182+0000] {subprocess.py:63} INFO - Tmp dir root location: /tmp
[2025-04-09T15:27:06.183+0000] {subprocess.py:75} INFO - Running command: ['/usr/bin/bash', '-c', 'python3 /opt/***/scripts/transform_grammy.py']
[2025-04-09T15:27:06.197+0000] {subprocess.py:86} INFO - Output:
[2025-04-09T15:27:07.237+0000] {subprocess.py:93} INFO - ✅ Grammy transformado guardado en /opt/***/data/processed/grammy_transformed.parquet
[2025-04-09T15:27:07.238+0000] {subprocess.py:93} INFO -                                                  artist  ...                                  artist_normalized
[2025-04-09T15:27:07.239+0000] {subprocess.py:93} INFO - 0                                         Billie Eilish  ...                                      billie eilish
[2025-04-09T15:27:07.239+0000] {subprocess.py:93} INFO - 1                                              Bon Iver  ...                                           bon iver
[2025-04-09T15:27:07.241+0000] {subprocess.py:93} INFO - 2                                         Ariana Grande  ...                                      ariana grande
[2025-04-09T15:27:07.242+0000] {subprocess.py:93} INFO - 3                                                H.E.R.  ...                                                her
[2025-04-09T15:27:07.242+0000] {subprocess.py:93} INFO - 4                                                Khalid  ...                                             khalid
[2025-04-09T15:27:07.243+0000] {subprocess.py:93} INFO - ...                                                 ...  ...                                                ...
[2025-04-09T15:27:07.243+0000] {subprocess.py:93} INFO - 4793                                  The Kingston Trio  ...                                  the kingston trio
[2025-04-09T15:27:07.243+0000] {subprocess.py:93} INFO - 4794                                         The Champs  ...                                         the champs
[2025-04-09T15:27:07.243+0000] {subprocess.py:93} INFO - 4801                                       Andre Previn  ...                                       andre previn
[2025-04-09T15:27:07.243+0000] {subprocess.py:93} INFO - 4802                                       Stan Freberg  ...                                       stan freberg
[2025-04-09T15:27:07.244+0000] {subprocess.py:93} INFO - 4803  David Seville And The Chipmunks (Ross Bagdasar...  ...  david seville and the chipmunks ross bagdasari...
[2025-04-09T15:27:07.244+0000] {subprocess.py:93} INFO - 
[2025-04-09T15:27:07.244+0000] {subprocess.py:93} INFO - [2970 rows x 5 columns]
[2025-04-09T15:27:07.393+0000] {subprocess.py:97} INFO - Command exited with return code 0
[2025-04-09T15:27:07.516+0000] {taskinstance.py:1138} INFO - Marking task as SUCCESS. dag_id=etl_pipeline_modo_prueba, task_id=transform_grammy, execution_date=20250409T152654, start_date=20250409T152705, end_date=20250409T152707
[2025-04-09T15:27:07.600+0000] {local_task_job_runner.py:234} INFO - Task exited with return code 0
[2025-04-09T15:27:07.640+0000] {taskinstance.py:3280} INFO - 0 downstream tasks scheduled from follow-on schedule check
